scripts/cpa.sh -heap 13000M -stack 50M -noout -benchmark -bmc -setprop cpa.predicate.useArraysForHeap=false -setprop cpa.predicate.memoryAllocationsAlwaysSucceed=true -setprop cpa.loopbound.maxLoopIterations=1 -setprop cpa.predicate.encodeFloatAs=INTEGER -setprop cpa.predicate.encodeBitvectorAs=INTEGER -setprop solver.solver=princess -timelimit 900s -stats -spec test/programs/benchmarks/properties/unreach-call.prp -32 test/programs/benchmarks/systemc/kundu.cil.c


--------------------------------------------------------------------------------


Running CPAchecker with Java heap of size 13000M.
Running CPAchecker with Java stack of size 50M.
Language C detected and set for analysis (CPAMain.detectFrontendLanguageIfNecessary, INFO)

Using the following resource limits: CPU-time limit of 900s (ResourceLimitChecker.fromConfiguration, INFO)

CPAchecker 2.3.1-svn-45350M / bmc (OpenJDK 64-Bit Server VM 17.0.8.1) started (CPAchecker.run, INFO)

Parsing CFA from file(s) "test/programs/benchmarks/systemc/kundu.cil.c" (CPAchecker.parse, INFO)

Using unsound approximation of ints with unbounded integers and floats with unbounded integers for encoding program semantics. (PredicateCPA:FormulaManagerView.<init>, WARNING)

Using predicate analysis with Princess 2023-04-07. (PredicateCPA:PredicateCPA.<init>, INFO)

Using unsound approximation of ints with unbounded integers and floats with unbounded integers for encoding program semantics. (AssumptionStorageCPA:FormulaManagerView.<init>, WARNING)

Starting analysis ... (CPAchecker.runAlgorithm, INFO)

Creating formula for program (AbstractBMCAlgorithm.run, INFO)

Starting satisfiability check... (AbstractBMCAlgorithm.boundedModelCheck, INFO)

Starting assertions check... (AbstractBMCAlgorithm.checkBoundingAssertions, INFO)

Terminating because none of the following CPAs' precision can be adjusted any further  LoopBoundCPA (AbstractBMCAlgorithm.adjustConditions, INFO)

Stopping analysis ... (CPAchecker.runAlgorithm, INFO)

Analysis incomplete: no errors found, but not everything could be checked. (CPAchecker.analyzeResult, WARNING)


PredicateCPA statistics
-----------------------
Number of abstractions:            3 (1% of all post computations)
  Times abstraction was reused:    0
  Because of function entry/exit:  0 (0%)
  Because of loop head:            0 (0%)
  Because of join nodes:           0 (0%)
  Because of threshold:            0 (0%)
  Because of target state:         3 (100%)
  Times precision was empty:       3 (100%)
  Times precision was {false}:     0 (0%)
  Times result was cached:         0 (0%)
  Times cartesian abs was used:    0 (0%)
  Times boolean abs was used:      0 (0%)
  Times result was 'false':        0 (0%)
Number of strengthen sat checks:   0
Number of coverage checks:         12
  BDD entailment checks:           0
Number of SMT sat checks:          0
  trivial:                         0
  cached:                          0

Max ABE block size:                       105
Avg ABE block size:                                98.67 (sum: 296, count: 3, min: 89, max: 105)
Number of predicates discovered:          0

Time for post operator:                                0.122s
  Time for path formula creation:                      0.118s
Time for strengthen operator:                          0.004s
Time for prec operator:                                0.007s
  Time for abstraction:                  0.000s (Max:     0.000s, Count: 3)
    Solving time:                        0.000s (Max:     0.000s)
    Model enumeration time:              0.000s
    Time for BDD construction:           0.000s (Max:     0.000s)
Time for merge operator:                               0.007s
Time for coverage checks:                              0.000s
Total time for SMT solver (w/o itp):     0.000s

Total number of created targets for pointer analysis: 0



KeyValue statistics
-------------------
Init. function predicates:                         0
Init. global predicates:                           0
Init. location predicates:                         0

Invariant Generation statistics
-------------------------------

Bounds CPA statistics
---------------------
Bound k:                                           1
Maximum loop iteration reached:                    2


ValueAnalysisCPA statistics
---------------------------
Number of variables per state:                     20.13 (sum: 5657, count: 281, min: 0, max: 27)
Number of global variables per state:              17.52 (sum: 4924, count: 281, min: 0, max: 21)
Number of assumptions:                                  110
Number of deterministic assumptions:                      0
Level of Determinism:                              0%

ValueAnalysisPrecisionAdjustment statistics
-------------------------------------------
Number of abstraction computations:                     289
Total time for liveness abstraction:                   0.000s
Total time for abstraction computation:                0.015s
Total time for path thresholds:                        0.000s

ConstraintsStrengthenOperator statistics
----------------------------------------
Total time for strengthening by ConstraintsCPA:     0.000s
Replaced symbolic expressions: 0

AutomatonAnalysis (SVCOMP) statistics
-------------------------------------
Number of states:                                  1
Total time for successor computation:                  0.003s
Automaton transfers with branching:                0
Automaton transfer successors:                     0.99 (sum: 289, count: 292, min: 0, max: 1) [0 x 3, 1 x 289]
Number of states with assumption transitions:      0

CPA algorithm statistics
------------------------
Number of iterations:            284
Max size of waitlist:            5
Average size of waitlist:        1
LoopstackSortedWaitlist:                           0.00 (sum: 0, count: 245, min: 0, max: 0)
ReversePostorderSortedWaitlist:                    0.00 (sum: 0, count: 245, min: 0, max: 0)
LoopIterationSortedWaitlist:                       0.00 (sum: 0, count: 245, min: 0, max: 0)
CallstackSortedWaitlist:                           39.00 (sum: 39, count: 1, min: 39, max: 39)
Number of computed successors:   289
Max successors for one state:    2
Number of times merged:          6
Number of times stopped:         6
Number of times breaked:         0

Total time for CPA algorithm:         0.283s (Max:     0.283s)
  Time for choose from waitlist:      0.010s
  Time for precision adjustment:      0.038s
  Time for transfer relation:         0.199s
  Time for merge operator:            0.009s
  Time for stop operator:             0.003s
  Time for adding to reached set:     0.016s

BMC algorithm statistics
------------------------
Time for BMC formula creation:                       0.287s
Time for final sat check:                            0.886s
Time for bounding assertions check:                  0.427s

CPAchecker general statistics
-----------------------------
Number of program locations:                       433
Number of CFA edges (per node):                         477 (count: 433, min: 0, max: 4, avg: 1.10)
Number of relevant variables:                      40
Number of functions:                               24
Number of loops (and loop nodes):                         2 (sum: 55, min: 22, max: 33, avg: 27.50)
Size of reached set:             281
  Number of reached locations:   268 (62%)
    Avg states per location:     1
    Max states per location:     3 (at node N5)
  Number of reached functions:   19 (79%)
  Number of partitions:          281
    Avg size of partitions:      1
    Max size of partitions:      1
  Number of target states:       0

Time for analysis setup:          2.117s
  Time for loading CPAs:          1.156s
  Time for loading parser:        0.191s
  Time for CFA construction:      0.704s
    Time for parsing file(s):     0.372s
    Time for AST to CFA:          0.152s
    Time for CFA sanity check:    0.001s
    Time for post-processing:     0.121s
    Time for loop structure:      0.007s
    Time for AST structure:       0.000s
      Time for function pointers resolving:            0.004s
        Function calls via function pointers:             0 (count: 1, min: 0, max: 0, avg: 0.00)
        Instrumented function pointer calls:              0 (count: 1, min: 0, max: 0, avg: 0.00)
        Function calls with function pointer arguments:        0 (count: 1, min: 0, max: 0, avg: 0.00)
        Instrumented function pointer arguments:          0 (count: 1, min: 0, max: 0, avg: 0.00)
      Time for classifying variables:                  0.064s
        Time for collecting variables:                 0.038s
        Time for solving dependencies:                 0.001s
        Time for building hierarchy:                   0.000s
        Time for building classification:              0.025s
        Time for exporting data:                       0.000s
Time for Analysis:                1.801s
CPU time for analysis:            3.520s
Time for analyzing result:        0.001s
Total time for CPAchecker:        3.919s
Total CPU time for CPAchecker:    7.590s
Time for statistics:              0.041s

Time for Garbage Collector:       0.097s (in 9 runs)
Garbage Collector(s) used:    G1 Old Generation, G1 Young Generation

Verification result: UNKNOWN, incomplete analysis.
More details about the verification run can be found in the directory "./output".
