scripts/cpa.sh -heap 13000M -stack 50M -noout -benchmark -bmc -setprop cpa.predicate.useArraysForHeap=false -setprop cpa.predicate.memoryAllocationsAlwaysSucceed=true -setprop cpa.loopbound.maxLoopIterations=1 -setprop cpa.predicate.encodeFloatAs=INTEGER -setprop cpa.predicate.encodeBitvectorAs=INTEGER -setprop solver.solver=princess_binary -setprop proveroptions.option=use_binary -timelimit 900s -stats -spec test/programs/benchmarks/properties/unreach-call.prp -32 test/programs/benchmarks/product-lines/minepump_spec3_product35.cil.c


--------------------------------------------------------------------------------


Running CPAchecker with Java heap of size 13000M.
Running CPAchecker with Java stack of size 50M.
Language C detected and set for analysis (CPAMain.detectFrontendLanguageIfNecessary, INFO)

Using the following resource limits: CPU-time limit of 900s (ResourceLimitChecker.fromConfiguration, INFO)

CPAchecker 2.3.1-svn-45350M / bmc (OpenJDK 64-Bit Server VM 17.0.8.1) started (CPAchecker.run, INFO)

Parsing CFA from file(s) "test/programs/benchmarks/product-lines/minepump_spec3_product35.cil.c" (CPAchecker.parse, INFO)

line 215: Dead code detected: return (retValue_acc); (CFACreationUtils.addEdgeToCFA, INFO)

line 224: Dead code detected: return (retValue_acc); (CFACreationUtils.addEdgeToCFA, INFO)

line 279: Dead code detected: return (retValue_acc); (CFACreationUtils.addEdgeToCFA, INFO)

line 429: Dead code detected: return (retValue_acc); (CFACreationUtils.addEdgeToCFA, INFO)

line 477: Dead code detected: return (retValue_acc); (CFACreationUtils.addEdgeToCFA, INFO)

line 509: Dead code detected: return (retValue_acc); (CFACreationUtils.addEdgeToCFA, INFO)

line 523: Dead code detected: return (retValue_acc); (CFACreationUtils.addEdgeToCFA, INFO)

line 535: Dead code detected: return (retValue_acc); (CFACreationUtils.addEdgeToCFA, INFO)

line 558: Dead code detected: return (retValue_acc); (CFACreationUtils.addEdgeToCFA, INFO)

line 887: Dead code detected: return (retValue_acc); (CFACreationUtils.addEdgeToCFA, INFO)

line 933: Dead code detected: return (retValue_acc); (CFACreationUtils.addEdgeToCFA, INFO)

line 724: Function pointer *__cil_tmp10 with type int (*)(int, int) is called, but no possible target functions were found. (CFunctionPointerResolver.getTargets, WARNING)

Using unsound approximation of ints with unbounded integers and floats with unbounded integers for encoding program semantics. (PredicateCPA:FormulaManagerView.<init>, WARNING)

Using predicate analysis with Princess 2023-04-07. (PredicateCPA:PredicateCPA.<init>, INFO)

Using unsound approximation of ints with unbounded integers and floats with unbounded integers for encoding program semantics. (AssumptionStorageCPA:FormulaManagerView.<init>, WARNING)

The following configuration options were specified but are not used:
 proveroptions.option 
 (CPAchecker.printConfigurationWarnings, WARNING)

Starting analysis ... (CPAchecker.runAlgorithm, INFO)

Creating formula for program (AbstractBMCAlgorithm.run, INFO)

Starting satisfiability check... (AbstractBMCAlgorithm.boundedModelCheck, INFO)

Error found, creating error path (AbstractBMCAlgorithm.analyzeCounterexample0, INFO)

{__utac_acc__Specification3_spec__1::tmp___1@3 -> 0, isPumpRunning::__retval__@2 -> 0, isPumpRunning::retValue_acc@3 -> 0, __utac_acc__Specification3_spec__1::tmp___0@3 -> 2, getWaterLevel::__retval__@2 -> 2, getWaterLevel::retValue_acc@3 -> 2, __utac_acc__Specification3_spec__1::tmp@3 -> 0, isMethaneLevelCritical::__retval__@2 -> 0, isMethaneLevelCritical::retValue_acc@3 -> 0, processEnvironment::tmp@1 -> 0, isHighWaterSensorDry::retValue_acc@1 -> 0, isHighWaterSensorDry::__retval__@1 -> 0, isHighWaterLevel::tmp___0@1 -> 0, isHighWaterLevel::tmp@1 -> 0, isHighWaterLevel::retValue_acc@1 -> 0, isHighWaterLevel::__retval__@1 -> 0, pumpRunning@3 -> 0, processEnvironment::tmp@3 -> 0, isHighWaterLevel::__retval__@2 -> 0, isHighWaterLevel::retValue_acc@3 -> 0, isHighWaterLevel::tmp___0@3 -> 0, isHighWaterLevel::tmp@3 -> 0, isHighWaterSensorDry::__retval__@2 -> 0, isHighWaterSensorDry::retValue_acc@3 -> 0, systemActive@3 -> 0, test::tmp___1@3 -> 1, __VERIFIER_nondet_int!5@ -> 1, test::tmp___2@3 -> 0, __VERIFIER_nondet_int!4@ -> 0, methaneLevelCritical@3 -> 0, test::tmp___0@3 -> 0, __VERIFIER_nondet_int!3@ -> 0, waterLevel@3 -> 2, test::tmp@3 -> 1, __VERIFIER_nondet_int!2@ -> 1, test::splverifierCounter@3 -> 0, main::tmp@3 -> 1, valid_product::__retval__@2 -> 1, valid_product::retValue_acc@3 -> 1, head@2 -> 0, methaneLevelCritical@2 -> 0, waterLevel@2 -> 1, cleanupTimeShifts@2 -> 4, systemActive@2 -> 1, pumpRunning@2 -> 0, abbrev_16_def -> true, abbrev_16 -> true, abbrev_14_def -> true, abbrev_14 -> true, abbrev_18_def -> false, abbrev_18 -> false}
{__utac_acc__Specification3_spec__1::tmp___1@6 -> 0, __utac_acc__Specification3_spec__1::tmp___0@5 -> 2, __utac_acc__Specification3_spec__1::tmp@4 -> 0, test::tmp___1@4 -> 1, test::tmp___2@4 -> 0, test::tmp___0@4 -> 0, main::tmp@6 -> 1, waterLevel@2 -> 1, __VERIFIER_nondet_int!4@ -> 0, getWaterLevel::__retval__@2 -> 2, head@2 -> 0, methaneLevelCritical@2 -> 0, __VERIFIER_nondet_int!5@ -> 1, waterLevel@3 -> 2, isPumpRunning::__retval__@2 -> 0, valid_product::__retval__@2 -> 1, test::splverifierCounter@3 -> 0, isMethaneLevelCritical::__retval__@2 -> 0, isPumpRunning::retValue_acc@3 -> 0, __VERIFIER_nondet_int!2@ -> 1, test::tmp@3 -> 1, pumpRunning@2 -> 0, getWaterLevel::retValue_acc@3 -> 2, __VERIFIER_nondet_int!3@ -> 0, isMethaneLevelCritical::retValue_acc@3 -> 0, systemActive@3 -> 0, valid_product::retValue_acc@3 -> 1, systemActive@2 -> 1, cleanupTimeShifts@2 -> 4}
[__utac_acc__Specification3_spec__1::tmp___1@6: 0, __utac_acc__Specification3_spec__1::tmp___0@5: 2, __utac_acc__Specification3_spec__1::tmp@4: 0, test::tmp___1@4: 1, test::tmp___2@4: 0, test::tmp___0@4: 0, main::tmp@6: 1, waterLevel@2: 1, __VERIFIER_nondet_int!4@: 0, getWaterLevel::__retval__@2: 2, head@2: 0, methaneLevelCritical@2: 0, __VERIFIER_nondet_int!5@: 1, waterLevel@3: 2, isPumpRunning::__retval__@2: 0, valid_product::__retval__@2: 1, test::splverifierCounter@3: 0, isMethaneLevelCritical::__retval__@2: 0, isPumpRunning::retValue_acc@3: 0, __VERIFIER_nondet_int!2@: 1, test::tmp@3: 1, pumpRunning@2: 0, getWaterLevel::retValue_acc@3: 2, __VERIFIER_nondet_int!3@: 0, isMethaneLevelCritical::retValue_acc@3: 0, systemActive@3: 0, valid_product::retValue_acc@3: 1, systemActive@2: 1, cleanupTimeShifts@2: 4]
Stopping analysis ... (CPAchecker.runAlgorithm, INFO)


PredicateCPA statistics
-----------------------
Number of abstractions:            1 (0% of all post computations)
  Times abstraction was reused:    0
  Because of function entry/exit:  0 (0%)
  Because of loop head:            0 (0%)
  Because of join nodes:           0 (0%)
  Because of threshold:            0 (0%)
  Because of target state:         1 (100%)
  Times precision was empty:       1 (100%)
  Times precision was {false}:     0 (0%)
  Times result was cached:         0 (0%)
  Times cartesian abs was used:    0 (0%)
  Times boolean abs was used:      0 (0%)
  Times result was 'false':        0 (0%)
Number of strengthen sat checks:   0
Number of coverage checks:         20
  BDD entailment checks:           0
Number of SMT sat checks:          0
  trivial:                         0
  cached:                          0

Max ABE block size:                       70
Avg ABE block size:                                70.00 (sum: 70, count: 1, min: 70, max: 70)
Number of predicates discovered:          0

Time for post operator:                                0.108s
  Time for path formula creation:                      0.104s
Time for strengthen operator:                          0.003s
Time for prec operator:                                0.002s
  Time for abstraction:                  0.001s (Max:     0.001s, Count: 1)
    Solving time:                        0.000s (Max:     0.000s)
    Model enumeration time:              0.000s
    Time for BDD construction:           0.000s (Max:     0.000s)
Time for merge operator:                               0.008s
Time for coverage checks:                              0.000s
Total time for SMT solver (w/o itp):     0.000s

Total number of created targets for pointer analysis: 0



KeyValue statistics
-------------------
Init. function predicates:                         0
Init. global predicates:                           0
Init. location predicates:                         0

Invariant Generation statistics
-------------------------------

Bounds CPA statistics
---------------------
Bound k:                                           1
Maximum loop iteration reached:                    2


ValueAnalysisCPA statistics
---------------------------
Number of variables per state:                     5.03 (sum: 1092, count: 217, min: 0, max: 9)
Number of global variables per state:              3.34 (sum: 724, count: 217, min: 0, max: 6)
Number of assumptions:                                   50
Number of deterministic assumptions:                      0
Level of Determinism:                              0%

ValueAnalysisPrecisionAdjustment statistics
-------------------------------------------
Number of abstraction computations:                     226
Total time for liveness abstraction:                   0.000s
Total time for abstraction computation:                0.005s
Total time for path thresholds:                        0.000s

ConstraintsStrengthenOperator statistics
----------------------------------------
Total time for strengthening by ConstraintsCPA:     0.000s
Replaced symbolic expressions: 0

AutomatonAnalysis (SVCOMP) statistics
-------------------------------------
Number of states:                                  1
Total time for successor computation:                  0.004s
Automaton transfers with branching:                0
Automaton transfer successors:                     1.00 (sum: 226, count: 227, min: 0, max: 1) [0, 1 x 226]
Number of states with assumption transitions:      0

CPA algorithm statistics
------------------------
Number of iterations:            217
Max size of waitlist:            3
Average size of waitlist:        1
LoopstackSortedWaitlist:                           0.00 (sum: 0, count: 181, min: 0, max: 0)
ReversePostorderSortedWaitlist:                    0.00 (sum: 0, count: 181, min: 0, max: 0)
LoopIterationSortedWaitlist:                       0.00 (sum: 0, count: 181, min: 0, max: 0)
CallstackSortedWaitlist:                           36.00 (sum: 36, count: 1, min: 36, max: 36)
Number of computed successors:   226
Max successors for one state:    2
Number of times merged:          10
Number of times stopped:         10
Number of times breaked:         0

Total time for CPA algorithm:         0.236s (Max:     0.236s)
  Time for choose from waitlist:      0.014s
  Time for precision adjustment:      0.030s
  Time for transfer relation:         0.163s
  Time for merge operator:            0.013s
  Time for stop operator:             0.001s
  Time for adding to reached set:     0.006s

BMC algorithm statistics
------------------------
Time for BMC formula creation:                       0.238s
Time for final sat check:                            0.676s
Time for error-path creation:                        0.070s
Time for error-path post-processing:                 0.217s

CPAchecker general statistics
-----------------------------
Number of program locations:                       613
Number of CFA edges (per node):                         655 (count: 613, min: 0, max: 8, avg: 1.07)
Number of relevant variables:                      120
Number of functions:                               36
Number of loops (and loop nodes):                         5 (sum: 82, min: 8, max: 24, avg: 16.40)
Size of reached set:             217
  Number of reached locations:   216 (35%)
    Avg states per location:     1
    Max states per location:     2 (at node N13)
  Number of reached functions:   22 (61%)
  Number of partitions:          217
    Avg size of partitions:      1
    Max size of partitions:      1
  Number of target states:       1

Time for analysis setup:          2.254s
  Time for loading CPAs:          1.198s
  Time for loading parser:        0.190s
  Time for CFA construction:      0.808s
    Time for parsing file(s):     0.395s
    Time for AST to CFA:          0.241s
    Time for CFA sanity check:    0.000s
    Time for post-processing:     0.117s
    Time for loop structure:      0.008s
    Time for AST structure:       0.000s
      Time for function pointers resolving:            0.005s
        Function calls via function pointers:             1 (count: 1, min: 1, max: 1, avg: 1.00)
        Instrumented function pointer calls:              0 (count: 1, min: 0, max: 0, avg: 0.00)
        Function calls with function pointer arguments:        0 (count: 1, min: 0, max: 0, avg: 0.00)
        Instrumented function pointer arguments:          0 (count: 1, min: 0, max: 0, avg: 0.00)
      Time for classifying variables:                  0.069s
        Time for collecting variables:                 0.041s
        Time for solving dependencies:                 0.001s
        Time for building hierarchy:                   0.000s
        Time for building classification:              0.027s
        Time for exporting data:                       0.000s
Time for Analysis:                1.316s
CPU time for analysis:            2.540s
Time for analyzing result:        0.001s
Total time for CPAchecker:        3.571s
Total CPU time for CPAchecker:    6.920s
Time for statistics:              0.037s

Time for Garbage Collector:       0.088s (in 8 runs)
Garbage Collector(s) used:    G1 Old Generation, G1 Young Generation

Verification result: FALSE. Property violation (unreach-call: reach_error(); called in line 566) found by chosen configuration.
More details about the verification run can be found in the directory "./output".
