scripts/cpa.sh -heap 13000M -stack 50M -noout -benchmark -bmc -setprop cpa.predicate.useArraysForHeap=false -setprop cpa.predicate.memoryAllocationsAlwaysSucceed=true -setprop cpa.loopbound.maxLoopIterations=1 -setprop cpa.predicate.encodeFloatAs=INTEGER -setprop cpa.predicate.encodeBitvectorAs=INTEGER -setprop solver.solver=princess_binary -setprop proveroptions.option=use_binary -timelimit 900s -stats -spec test/programs/benchmarks/properties/unreach-call.prp -64 test/programs/benchmarks/ldv-linux-3.14/linux-3.14_linux-drivers-clk1_drivers-net-wireless-ipw2x00-ipw2100.cil.i


--------------------------------------------------------------------------------


Running CPAchecker with Java heap of size 13000M.
Running CPAchecker with Java stack of size 50M.
Language C detected and set for analysis (CPAMain.detectFrontendLanguageIfNecessary, INFO)

Using the following resource limits: CPU-time limit of 900s (ResourceLimitChecker.fromConfiguration, INFO)

CPAchecker 2.3.1-svn-45350M / bmc (OpenJDK 64-Bit Server VM 17.0.8.1) started (CPAchecker.run, INFO)

Parsing CFA from file(s) "test/programs/benchmarks/ldv-linux-3.14/linux-3.14_linux-drivers-clk1_drivers-net-wireless-ipw2x00-ipw2100.cil.i" (CPAchecker.parse, INFO)

line 7232: Dead code detected: return (1); (CFACreationUtils.addEdgeToCFA, INFO)

line 7330: Dead code detected: goto case_1; (CFACreationUtils.addEdgeToCFA, INFO)

line 7334: Dead code detected: goto case_2; (CFACreationUtils.addEdgeToCFA, INFO)

line 7342: Dead code detected: goto case_8; (CFACreationUtils.addEdgeToCFA, INFO)

line 7345: Dead code detected: goto switch_default; (CFACreationUtils.addEdgeToCFA, INFO)

Dead code detected: Label case_8 is not reachable. (CFAFunctionBuilder.leave, INFO)

Dead code detected: Label switch_break is not reachable. (CFAFunctionBuilder.leave, INFO)

Dead code detected: Label switch_default is not reachable. (CFAFunctionBuilder.leave, INFO)

Dead code detected: Label case_1 is not reachable. (CFAFunctionBuilder.leave, INFO)

Dead code detected: Label case_2 is not reachable. (CFAFunctionBuilder.leave, INFO)

Dead code detected: Label switch_break is not reachable. (CFAFunctionBuilder.leave, INFO)

Dead code detected: Label switch_break is not reachable. (CFAFunctionBuilder.leave, INFO)

Dead code detected: Label switch_break is not reachable. (CFAFunctionBuilder.leave, INFO)

Dead code detected: Label switch_break is not reachable. (CFAFunctionBuilder.leave, INFO)

Dead code detected: Label switch_break is not reachable. (CFAFunctionBuilder.leave, INFO)

Dead code detected: Label switch_break is not reachable. (CFAFunctionBuilder.leave, INFO)

Dead code detected: Label switch_break is not reachable. (CFAFunctionBuilder.leave, INFO)

Dead code detected: Label switch_break is not reachable. (CFAFunctionBuilder.leave, INFO)

Dead code detected: Label switch_break is not reachable. (CFAFunctionBuilder.leave, INFO)

Dead code detected: Label switch_break is not reachable. (CFAFunctionBuilder.leave, INFO)

line 23323: Dead code detected: return (arg0); (CFACreationUtils.addEdgeToCFA, INFO)

line 23713: Dead code detected: return; (CFACreationUtils.addEdgeToCFA, INFO)

line 23735: Dead code detected: return; (CFACreationUtils.addEdgeToCFA, INFO)

line 23804: Dead code detected: return; (CFACreationUtils.addEdgeToCFA, INFO)

line 23832: Dead code detected: return; (CFACreationUtils.addEdgeToCFA, INFO)

line 23882: Dead code detected: goto ldv_call_1; (CFACreationUtils.addEdgeToCFA, INFO)

line 23889: Dead code detected: goto ldv_call_1; (CFACreationUtils.addEdgeToCFA, INFO)

line 23890: Dead code detected: goto ldv_call_1; (CFACreationUtils.addEdgeToCFA, INFO)

line 23897: Dead code detected: goto ldv_call_1; (CFACreationUtils.addEdgeToCFA, INFO)

line 23898: Dead code detected: goto ldv_call_1; (CFACreationUtils.addEdgeToCFA, INFO)

line 23899: Dead code detected: goto ldv_call_1; (CFACreationUtils.addEdgeToCFA, INFO)

line 23906: Dead code detected: goto ldv_call_1; (CFACreationUtils.addEdgeToCFA, INFO)

line 23907: Dead code detected: goto ldv_call_1; (CFACreationUtils.addEdgeToCFA, INFO)

line 23908: Dead code detected: goto ldv_call_1; (CFACreationUtils.addEdgeToCFA, INFO)

line 23909: Dead code detected: goto ldv_call_1; (CFACreationUtils.addEdgeToCFA, INFO)

line 23915: Dead code detected: goto ldv_call_1; (CFACreationUtils.addEdgeToCFA, INFO)

line 23916: Dead code detected: goto ldv_call_1; (CFACreationUtils.addEdgeToCFA, INFO)

line 23917: Dead code detected: goto ldv_call_1; (CFACreationUtils.addEdgeToCFA, INFO)

line 23918: Dead code detected: goto ldv_call_1; (CFACreationUtils.addEdgeToCFA, INFO)

line 23919: Dead code detected: goto ldv_call_1; (CFACreationUtils.addEdgeToCFA, INFO)

line 23926: Dead code detected: goto ldv_call_1; (CFACreationUtils.addEdgeToCFA, INFO)

line 23927: Dead code detected: goto ldv_call_1; (CFACreationUtils.addEdgeToCFA, INFO)

line 23928: Dead code detected: goto ldv_call_1; (CFACreationUtils.addEdgeToCFA, INFO)

line 23929: Dead code detected: goto ldv_call_1; (CFACreationUtils.addEdgeToCFA, INFO)

line 23930: Dead code detected: goto ldv_call_1; (CFACreationUtils.addEdgeToCFA, INFO)

line 23931: Dead code detected: goto ldv_call_1; (CFACreationUtils.addEdgeToCFA, INFO)

line 24042: Dead code detected: return; (CFACreationUtils.addEdgeToCFA, INFO)

line 24073: Dead code detected: return; (CFACreationUtils.addEdgeToCFA, INFO)

line 24145: Dead code detected: return; (CFACreationUtils.addEdgeToCFA, INFO)

line 24184: Dead code detected: return (arg0); (CFACreationUtils.addEdgeToCFA, INFO)

line 24185: Dead code detected: return (arg0); (CFACreationUtils.addEdgeToCFA, INFO)

line 24227: Dead code detected: return (arg0); (CFACreationUtils.addEdgeToCFA, INFO)

line 24244: Dead code detected: return; (CFACreationUtils.addEdgeToCFA, INFO)

line 24276: Dead code detected: return; (CFACreationUtils.addEdgeToCFA, INFO)

line 24287: Dead code detected: return; (CFACreationUtils.addEdgeToCFA, INFO)

line 24301: Dead code detected: return; (CFACreationUtils.addEdgeToCFA, INFO)

line 24312: Dead code detected: return; (CFACreationUtils.addEdgeToCFA, INFO)

line 24326: Dead code detected: return; (CFACreationUtils.addEdgeToCFA, INFO)

line 24337: Dead code detected: return; (CFACreationUtils.addEdgeToCFA, INFO)

line 24351: Dead code detected: return; (CFACreationUtils.addEdgeToCFA, INFO)

line 24362: Dead code detected: return; (CFACreationUtils.addEdgeToCFA, INFO)

line 24376: Dead code detected: return; (CFACreationUtils.addEdgeToCFA, INFO)

line 24387: Dead code detected: return; (CFACreationUtils.addEdgeToCFA, INFO)

line 24401: Dead code detected: return; (CFACreationUtils.addEdgeToCFA, INFO)

line 24411: Dead code detected: return; (CFACreationUtils.addEdgeToCFA, INFO)

line 24425: Dead code detected: return; (CFACreationUtils.addEdgeToCFA, INFO)

line 24437: Dead code detected: return; (CFACreationUtils.addEdgeToCFA, INFO)

line 24475: Dead code detected: return; (CFACreationUtils.addEdgeToCFA, INFO)

line 24489: Dead code detected: return; (CFACreationUtils.addEdgeToCFA, INFO)

line 24706: Dead code detected: return (ldv_func_res); (CFACreationUtils.addEdgeToCFA, INFO)

line 24721: Dead code detected: return (ldv_func_res); (CFACreationUtils.addEdgeToCFA, INFO)

line 24778: Dead code detected: return (ldv_func_res); (CFACreationUtils.addEdgeToCFA, INFO)

Inline assembler ignored, analysis is probably unsound! (CFABuilder.createCFA, WARNING)

line 7825: Function pointer *(ops->alloc) with type void *(*)(struct device *, size_t , dma_addr_t *, gfp_t , struct dma_attrs *) is called, but no possible target functions were found. (CFunctionPointerResolver.getTargets, WARNING)

line 7864: Function pointer *(ops->free) with type void (*)(struct device *, size_t , void *, dma_addr_t , struct dma_attrs *) is called, but no possible target functions were found. (CFunctionPointerResolver.getTargets, WARNING)

line 7637: Function pointer *(ops->map_page) with type dma_addr_t (*)(struct device *, struct page *, unsigned long, size_t , enum dma_data_direction , struct dma_attrs *) is called, but no possible target functions were found. (CFunctionPointerResolver.getTargets, WARNING)

line 7711: Function pointer *(ops->sync_single_for_cpu) with type void (*)(struct device *, dma_addr_t , size_t , enum dma_data_direction ) is called, but no possible target functions were found. (CFunctionPointerResolver.getTargets, WARNING)

line 7748: Function pointer *(ops->sync_single_for_device) with type void (*)(struct device *, dma_addr_t , size_t , enum dma_data_direction ) is called, but no possible target functions were found. (CFunctionPointerResolver.getTargets, WARNING)

line 7674: Function pointer *(ops->unmap_page) with type void (*)(struct device *, dma_addr_t , size_t , enum dma_data_direction , struct dma_attrs *) is called, but no possible target functions were found. (CFunctionPointerResolver.getTargets, WARNING)

line 22145: Function pointer *(crypt->ops->get_flags) with type unsigned long int (*)(void *) is called, but no possible target functions were found. (CFunctionPointerResolver.getTargets, WARNING)

line 21870: Function pointer *(crypt->ops->get_flags) with type unsigned long int (*)(void *) is called, but no possible target functions were found. (CFunctionPointerResolver.getTargets, WARNING)

line 21878: Function pointer *(crypt->ops->set_flags) with type unsigned long int (*)(unsigned long, void *) is called, but no possible target functions were found. (CFunctionPointerResolver.getTargets, WARNING)

line 24444: Function pointer *arg0 with type void (*)(unsigned long) is called, but no possible target functions were found. (CFunctionPointerResolver.getTargets, WARNING)

Using unsound approximation of ints with unbounded integers and floats with unbounded integers for encoding program semantics. (PredicateCPA:FormulaManagerView.<init>, WARNING)

Using predicate analysis with Princess 2023-04-07. (PredicateCPA:PredicateCPA.<init>, INFO)

Using unsound approximation of ints with unbounded integers and floats with unbounded integers for encoding program semantics. (AssumptionStorageCPA:FormulaManagerView.<init>, WARNING)

The following configuration options were specified but are not used:
 proveroptions.option 
 (CPAchecker.printConfigurationWarnings, WARNING)

Starting analysis ... (CPAchecker.runAlgorithm, INFO)

line 24444: Ignoring call via function pointer ldv_timer_instance_callback_10_2::arg0 for which no suitable target was found in line: (*arg0)(arg1); (TargetLocationProvider:FunctionPointerCPA:FunctionPointerTransferRelation.getAbstractSuccessorsForEdge, WARNING)

line 23976: Ignoring call via function pointer ldv_pci_instance_resume_early_2_6::arg0 for which no suitable target was found in line: (*arg0)(arg1); (TargetLocationProvider:FunctionPointerCPA:FunctionPointerTransferRelation.getAbstractSuccessorsForEdge, WARNING)

line 24007: Ignoring call via function pointer ldv_pci_instance_suspend_late_2_7::arg0 for which no suitable target was found in line: tmp = (*arg0)(arg1, arg2); (TargetLocationProvider:FunctionPointerCPA:FunctionPointerTransferRelation.getAbstractSuccessorsForEdge, WARNING)

line 23754: Ignoring call via function pointer ldv_interrupt_instance_thread_0_3::arg0 for which no suitable target was found in line: (*arg0)(arg1, arg2); (TargetLocationProvider:FunctionPointerCPA:FunctionPointerTransferRelation.getAbstractSuccessorsForEdge, WARNING)

Creating formula for program (AbstractBMCAlgorithm.run, INFO)

Exception in thread "main" org.sosy_lab.java_smt.basicimpl.GeneratorException: Modular Congruence is not available in SMTLIB2. 
	at org.sosy_lab.java_smt.basicimpl.AbstractNumeralFormulaManager.modularCongruence(AbstractNumeralFormulaManager.java:361)
	at org.sosy_lab.java_smt.solvers.princess.PrincessIntegerFormulaManager.modularCongruence(PrincessIntegerFormulaManager.java:22)
	at org.sosy_lab.cpachecker.util.predicates.smt.IntegerFormulaManagerView.modularCongruence(IntegerFormulaManagerView.java:35)
	at org.sosy_lab.cpachecker.util.predicates.smt.FormulaManagerView.makeModularCongruence(FormulaManagerView.java:688)
	at org.sosy_lab.cpachecker.util.predicates.smt.FormulaManagerView.makeModularCongruence(FormulaManagerView.java:670)
	at org.sosy_lab.cpachecker.util.predicates.pathformula.pointeraliasing.PointerTargetSetManager.makeBaseAddressConstraints(PointerTargetSetManager.java:653)
	at org.sosy_lab.cpachecker.util.predicates.pathformula.pointeraliasing.PointerTargetSetBuilder$RealPointerTargetSetBuilder.addNextBaseAddressConstraints(PointerTargetSetBuilder.java:286)
	at org.sosy_lab.cpachecker.util.predicates.pathformula.pointeraliasing.CToFormulaConverterWithPointerAliasing.declareSharedBase(CToFormulaConverterWithPointerAliasing.java:437)
	at org.sosy_lab.cpachecker.util.predicates.pathformula.pointeraliasing.CToFormulaConverterWithPointerAliasing.makeDeclaration(CToFormulaConverterWithPointerAliasing.java:1001)
	at org.sosy_lab.cpachecker.util.predicates.pathformula.ctoformula.CtoFormulaConverter.createFormulaForEdge(CtoFormulaConverter.java:1231)
	at org.sosy_lab.cpachecker.util.predicates.pathformula.ctoformula.CtoFormulaConverter.makeAnd(CtoFormulaConverter.java:1049)
	at org.sosy_lab.cpachecker.util.predicates.pathformula.PathFormulaManagerImpl.makeAnd(PathFormulaManagerImpl.java:246)
	at org.sosy_lab.cpachecker.util.predicates.pathformula.PathFormulaManagerImpl.makeAnd(PathFormulaManagerImpl.java:300)
	at org.sosy_lab.cpachecker.cpa.predicate.PredicateTransferRelation.convertEdgeToPathFormula(PredicateTransferRelation.java:203)
	at org.sosy_lab.cpachecker.cpa.predicate.PredicateTransferRelation.getAbstractSuccessorsForEdge(PredicateTransferRelation.java:113)
	at org.sosy_lab.cpachecker.cpa.composite.CompositeTransferRelation.callTransferRelation(CompositeTransferRelation.java:297)
	at org.sosy_lab.cpachecker.cpa.composite.CompositeTransferRelation.getAbstractSuccessorForSimpleEdge(CompositeTransferRelation.java:264)
	at org.sosy_lab.cpachecker.cpa.composite.CompositeTransferRelation.getAbstractSuccessorForEdge(CompositeTransferRelation.java:196)
	at org.sosy_lab.cpachecker.cpa.composite.CompositeTransferRelation.getAbstractSuccessors(CompositeTransferRelation.java:88)
	at org.sosy_lab.cpachecker.cpa.arg.ARGTransferRelation.getAbstractSuccessors(ARGTransferRelation.java:45)
	at org.sosy_lab.cpachecker.core.algorithm.CPAAlgorithm.handleState(CPAAlgorithm.java:334)
	at org.sosy_lab.cpachecker.core.algorithm.CPAAlgorithm.run0(CPAAlgorithm.java:289)
	at org.sosy_lab.cpachecker.core.algorithm.CPAAlgorithm.run(CPAAlgorithm.java:260)
	at org.sosy_lab.cpachecker.core.algorithm.bmc.BMCHelper.unroll(BMCHelper.java:192)
	at org.sosy_lab.cpachecker.core.algorithm.bmc.AbstractBMCAlgorithm.run(AbstractBMCAlgorithm.java:427)
	at org.sosy_lab.cpachecker.core.algorithm.bmc.BMCAlgorithm.run(BMCAlgorithm.java:130)
	at org.sosy_lab.cpachecker.core.CPAchecker.runAlgorithm(CPAchecker.java:507)
	at org.sosy_lab.cpachecker.core.CPAchecker.run(CPAchecker.java:369)
	at org.sosy_lab.cpachecker.cmdline.CPAMain.main(CPAMain.java:170)
