scripts/cpa.sh -heap 13000M -stack 50M -noout -benchmark -bmc -setprop cpa.predicate.useArraysForHeap=false -setprop cpa.predicate.memoryAllocationsAlwaysSucceed=true -setprop cpa.loopbound.maxLoopIterations=1 -setprop cpa.predicate.encodeFloatAs=INTEGER -setprop cpa.predicate.encodeBitvectorAs=INTEGER -setprop solver.solver=princess_binary -setprop proveroptions.option=use_binary -timelimit 900s -stats -spec test/programs/benchmarks/properties/unreach-call.prp -64 test/programs/benchmarks/ldv-linux-3.4-simple/43_1a_cilled_ok_nondet_linux-43_1a-drivers--media--common--tuners--qt1010.ko-ldv_main0_sequence_infinite_withcheck_stateful.cil.out.i


--------------------------------------------------------------------------------


Running CPAchecker with Java heap of size 13000M.
Running CPAchecker with Java stack of size 50M.
Language C detected and set for analysis (CPAMain.detectFrontendLanguageIfNecessary, INFO)

Using the following resource limits: CPU-time limit of 900s (ResourceLimitChecker.fromConfiguration, INFO)

CPAchecker 2.3.1-svn-45350M / bmc (OpenJDK 64-Bit Server VM 17.0.8.1) started (CPAchecker.run, INFO)

Parsing CFA from file(s) "test/programs/benchmarks/ldv-linux-3.4-simple/43_1a_cilled_ok_nondet_linux-43_1a-drivers--media--common--tuners--qt1010.ko-ldv_main0_sequence_infinite_withcheck_stateful.cil.out.i" (CPAchecker.parse, INFO)

Dead code detected: Label switch_break is not reachable. (CFAFunctionBuilder.leave, INFO)

line 6692: Function pointer *__cil_tmp42 with type int (*)(struct dvb_frontend *, int) is called, but no possible target functions were found. (CFunctionPointerResolver.getTargets, WARNING)

line 6648: Function pointer *__cil_tmp25 with type int (*)(struct dvb_frontend *, int) is called, but no possible target functions were found. (CFunctionPointerResolver.getTargets, WARNING)

line 6315: Function pointer *__cil_tmp298 with type int (*)(struct dvb_frontend *, int) is called, but no possible target functions were found. (CFunctionPointerResolver.getTargets, WARNING)

line 5062: Function pointer *__cil_tmp665 with type int (*)(struct dvb_frontend *, int) is called, but no possible target functions were found. (CFunctionPointerResolver.getTargets, WARNING)

line 4656: Function pointer *__cil_tmp420 with type int (*)(struct dvb_frontend *, int) is called, but no possible target functions were found. (CFunctionPointerResolver.getTargets, WARNING)

Using unsound approximation of ints with unbounded integers and floats with unbounded integers for encoding program semantics. (PredicateCPA:FormulaManagerView.<init>, WARNING)

Using predicate analysis with Princess 2023-04-07. (PredicateCPA:PredicateCPA.<init>, INFO)

Using unsound approximation of ints with unbounded integers and floats with unbounded integers for encoding program semantics. (AssumptionStorageCPA:FormulaManagerView.<init>, WARNING)

The following configuration options were specified but are not used:
 proveroptions.option 
 (CPAchecker.printConfigurationWarnings, WARNING)

Starting analysis ... (CPAchecker.runAlgorithm, INFO)

line 5062: Ignoring call via function pointer qt1010_set_params::__cil_tmp665 for which no suitable target was found in line: (*__cil_tmp665)(fe, 0); (TargetLocationProvider:FunctionPointerCPA:FunctionPointerTransferRelation.getAbstractSuccessorsForEdge, WARNING)

line 4656: Ignoring call via function pointer qt1010_set_params::__cil_tmp420 for which no suitable target was found in line: (*__cil_tmp420)(fe, 1); (TargetLocationProvider:FunctionPointerCPA:FunctionPointerTransferRelation.getAbstractSuccessorsForEdge, WARNING)

line 6315: Ignoring call via function pointer qt1010_init::__cil_tmp298 for which no suitable target was found in line: (*__cil_tmp298)(fe, 1); (TargetLocationProvider:FunctionPointerCPA:FunctionPointerTransferRelation.getAbstractSuccessorsForEdge, WARNING)

Stopping analysis ... (CPAchecker.runAlgorithm, INFO)


PredicateCPA statistics
-----------------------
Number of abstractions:            0 (NaN% of all post computations)
Number of strengthen sat checks:   0
Number of coverage checks:         0
  BDD entailment checks:           0
Number of SMT sat checks:          0
  trivial:                         0
  cached:                          0

Max ABE block size:                       0
Avg ABE block size:                                0.00 (sum: 0, count: 0, min: 0, max: 0)
Number of predicates discovered:          0

Time for post operator:                                0.000s
  Time for path formula creation:                      0.000s
Time for strengthen operator:                          0.000s
Time for prec operator:                                0.000s
Time for coverage checks:                              0.000s
Total time for SMT solver (w/o itp):     0.000s

Total number of created targets for pointer analysis: 0



KeyValue statistics
-------------------
Init. function predicates:                         0
Init. global predicates:                           0
Init. location predicates:                         0

Invariant Generation statistics
-------------------------------

Bounds CPA statistics
---------------------
Bound k:                                           1
Maximum loop iteration reached:                    0


ValueAnalysisCPA statistics
---------------------------
Number of variables per state:                     0.00 (sum: 0, count: 1, min: 0, max: 0)
Number of global variables per state:              0.00 (sum: 0, count: 1, min: 0, max: 0)
Number of assumptions:                                    0
Number of deterministic assumptions:                      0
Level of Determinism:                              100%

ValueAnalysisPrecisionAdjustment statistics
-------------------------------------------
Number of abstraction computations:                       0
Total time for liveness abstraction:                   0.000s
Total time for abstraction computation:                0.000s
Total time for path thresholds:                        0.000s

ConstraintsStrengthenOperator statistics
----------------------------------------
Total time for strengthening by ConstraintsCPA:     0.000s
Replaced symbolic expressions: 0

AutomatonAnalysis (SVCOMP) statistics
-------------------------------------
Number of states:                                  1
Total time for successor computation:                  0.000s
Automaton transfers with branching:                0
Automaton transfer successors:                     0.00 (sum: 0, count: 0, min: 0, max: 0) []
Number of states with assumption transitions:      0

CPA algorithm statistics
------------------------
Number of iterations:            0

BMC algorithm statistics
------------------------

CPAchecker general statistics
-----------------------------
Number of program locations:                       4082
Number of CFA edges (per node):                        4170 (count: 4082, min: 0, max: 10, avg: 1.02)
Number of relevant variables:                      1298
Number of functions:                               31
Number of loops (and loop nodes):                         8 (sum: 347, min: 14, max: 116, avg: 43.38)
Size of reached set:             1
  Number of reached locations:   1 (0%)
    Avg states per location:     1
    Max states per location:     1 (at node N3396)
  Number of reached functions:   1 (3%)
  Number of partitions:          1
    Avg size of partitions:      1
    Max size of partitions:      1
  Number of target states:       0

Time for analysis setup:          3.469s
  Time for loading CPAs:          1.318s
  Time for loading parser:        0.192s
  Time for CFA construction:      1.897s
    Time for parsing file(s):     0.586s
    Time for AST to CFA:          0.647s
    Time for CFA sanity check:    0.001s
    Time for post-processing:     0.563s
    Time for loop structure:      0.027s
    Time for AST structure:       0.000s
      Time for function pointers resolving:            0.012s
        Function calls via function pointers:             5 (count: 1, min: 5, max: 5, avg: 5.00)
        Instrumented function pointer calls:              0 (count: 1, min: 0, max: 0, avg: 0.00)
        Function calls with function pointer arguments:        0 (count: 1, min: 0, max: 0, avg: 0.00)
        Instrumented function pointer arguments:          0 (count: 1, min: 0, max: 0, avg: 0.00)
      Time for classifying variables:                  0.435s
        Time for collecting variables:                 0.352s
        Time for solving dependencies:                 0.006s
        Time for building hierarchy:                   0.001s
        Time for building classification:              0.076s
        Time for exporting data:                       0.000s
Time for Analysis:                0.289s
CPU time for analysis:            0.570s
Time for analyzing result:        0.001s
Total time for CPAchecker:        3.758s
Total CPU time for CPAchecker:    7.410s
Time for statistics:              0.044s

Time for Garbage Collector:       0.074s (in 9 runs)
Garbage Collector(s) used:    G1 Old Generation, G1 Young Generation

Verification result: TRUE. No property violation found by chosen configuration.
More details about the verification run can be found in the directory "./output".
