scripts/cpa.sh -heap 13000M -stack 50M -noout -benchmark -bmc -setprop cpa.predicate.useArraysForHeap=false -setprop cpa.predicate.memoryAllocationsAlwaysSucceed=true -setprop cpa.loopbound.maxLoopIterations=1 -setprop cpa.predicate.encodeFloatAs=INTEGER -setprop cpa.predicate.encodeBitvectorAs=INTEGER -setprop solver.solver=princess -timelimit 900s -stats -spec test/programs/benchmarks/properties/unreach-call.prp -32 test/programs/benchmarks/systemc/token_ring.11.cil-1.c


--------------------------------------------------------------------------------


Running CPAchecker with Java heap of size 13000M.
Running CPAchecker with Java stack of size 50M.
Language C detected and set for analysis (CPAMain.detectFrontendLanguageIfNecessary, INFO)

Using the following resource limits: CPU-time limit of 900s (ResourceLimitChecker.fromConfiguration, INFO)

CPAchecker 2.3.1-svn-45350M / bmc (OpenJDK 64-Bit Server VM 17.0.8.1) started (CPAchecker.run, INFO)

Parsing CFA from file(s) "test/programs/benchmarks/systemc/token_ring.11.cil-1.c" (CPAchecker.parse, INFO)

Using unsound approximation of ints with unbounded integers and floats with unbounded integers for encoding program semantics. (PredicateCPA:FormulaManagerView.<init>, WARNING)

Using predicate analysis with Princess 2023-04-07. (PredicateCPA:PredicateCPA.<init>, INFO)

Using unsound approximation of ints with unbounded integers and floats with unbounded integers for encoding program semantics. (AssumptionStorageCPA:FormulaManagerView.<init>, WARNING)

Starting analysis ... (CPAchecker.runAlgorithm, INFO)

Creating formula for program (AbstractBMCAlgorithm.run, INFO)

Starting satisfiability check... (AbstractBMCAlgorithm.boundedModelCheck, INFO)

Starting assertions check... (AbstractBMCAlgorithm.checkBoundingAssertions, INFO)

Terminating because none of the following CPAs' precision can be adjusted any further  LoopBoundCPA (AbstractBMCAlgorithm.adjustConditions, INFO)

Stopping analysis ... (CPAchecker.runAlgorithm, INFO)

Analysis incomplete: no errors found, but not everything could be checked. (CPAchecker.analyzeResult, WARNING)


PredicateCPA statistics
-----------------------
Number of abstractions:            0 (0% of all post computations)
Number of strengthen sat checks:   0
Number of coverage checks:         24
  BDD entailment checks:           0
Number of SMT sat checks:          0
  trivial:                         0
  cached:                          0

Max ABE block size:                       0
Avg ABE block size:                                0.00 (sum: 0, count: 0, min: 0, max: 0)
Number of predicates discovered:          0

Time for post operator:                                0.263s
  Time for path formula creation:                      0.257s
Time for strengthen operator:                          0.015s
Time for prec operator:                                0.000s
Time for merge operator:                               0.010s
Time for coverage checks:                              0.000s
Total time for SMT solver (w/o itp):     0.000s

Total number of created targets for pointer analysis: 0



KeyValue statistics
-------------------
Init. function predicates:                         0
Init. global predicates:                           0
Init. location predicates:                         0

Invariant Generation statistics
-------------------------------

Bounds CPA statistics
---------------------
Bound k:                                           1
Maximum loop iteration reached:                    2


ValueAnalysisCPA statistics
---------------------------
Number of variables per state:                     58.79 (sum: 49738, count: 846, min: 0, max: 75)
Number of global variables per state:              55.18 (sum: 46683, count: 846, min: 0, max: 62)
Number of assumptions:                                  560
Number of deterministic assumptions:                      0
Level of Determinism:                              0%

ValueAnalysisPrecisionAdjustment statistics
-------------------------------------------
Number of abstraction computations:                     857
Total time for liveness abstraction:                   0.000s
Total time for abstraction computation:                0.040s
Total time for path thresholds:                        0.000s

ConstraintsStrengthenOperator statistics
----------------------------------------
Total time for strengthening by ConstraintsCPA:     0.000s
Replaced symbolic expressions: 0

AutomatonAnalysis (SVCOMP) statistics
-------------------------------------
Number of states:                                  1
Total time for successor computation:                  0.005s
Automaton transfers with branching:                0
Automaton transfer successors:                     1.00 (sum: 857, count: 857, min: 1, max: 1) [1 x 857]
Number of states with assumption transitions:      0

CPA algorithm statistics
------------------------
Number of iterations:            846
Max size of waitlist:            2
Average size of waitlist:        1
LoopstackSortedWaitlist:                           0.00 (sum: 0, count: 798, min: 0, max: 0)
ReversePostorderSortedWaitlist:                    0.00 (sum: 0, count: 798, min: 0, max: 0)
LoopIterationSortedWaitlist:                       0.00 (sum: 0, count: 798, min: 0, max: 0)
CallstackSortedWaitlist:                           48.00 (sum: 48, count: 1, min: 48, max: 48)
Number of computed successors:   857
Max successors for one state:    2
Number of times merged:          12
Number of times stopped:         12
Number of times breaked:         0

Total time for CPA algorithm:         0.581s (Max:     0.581s)
  Time for choose from waitlist:      0.013s
  Time for precision adjustment:      0.081s
  Time for transfer relation:         0.434s
  Time for merge operator:            0.017s
  Time for stop operator:             0.012s
  Time for adding to reached set:     0.017s

BMC algorithm statistics
------------------------
Time for BMC formula creation:                       0.582s
Time for final sat check:                            0.189s
Time for bounding assertions check:                551.798s

CPAchecker general statistics
-----------------------------
Number of program locations:                       1234
Number of CFA edges (per node):                        1431 (count: 1234, min: 0, max: 12, avg: 1.16)
Number of relevant variables:                      119
Number of functions:                               40
Number of loops (and loop nodes):                         2 (sum: 148, min: 22, max: 126, avg: 74.00)
Size of reached set:             846
  Number of reached locations:   698 (57%)
    Avg states per location:     1
    Max states per location:     2 (at node N377)
  Number of reached functions:   35 (88%)
  Number of partitions:          846
    Avg size of partitions:      1
    Max size of partitions:      1
  Number of target states:       0

Time for analysis setup:          2.397s
  Time for loading CPAs:          1.221s
  Time for loading parser:        0.288s
  Time for CFA construction:      0.822s
    Time for parsing file(s):     0.335s
    Time for AST to CFA:          0.243s
    Time for CFA sanity check:    0.000s
    Time for post-processing:     0.172s
    Time for loop structure:      0.009s
    Time for AST structure:       0.000s
      Time for function pointers resolving:            0.004s
        Function calls via function pointers:             0 (count: 1, min: 0, max: 0, avg: 0.00)
        Instrumented function pointer calls:              0 (count: 1, min: 0, max: 0, avg: 0.00)
        Function calls with function pointer arguments:        0 (count: 1, min: 0, max: 0, avg: 0.00)
        Instrumented function pointer arguments:          0 (count: 1, min: 0, max: 0, avg: 0.00)
      Time for classifying variables:                  0.114s
        Time for collecting variables:                 0.067s
        Time for solving dependencies:                 0.002s
        Time for building hierarchy:                   0.000s
        Time for building classification:              0.045s
        Time for exporting data:                       0.000s
Time for Analysis:              552.958s
CPU time for analysis:          557.660s
Time for analyzing result:        0.001s
Total time for CPAchecker:      555.356s
Total CPU time for CPAchecker:  562.230s
Time for statistics:              0.073s

Time for Garbage Collector:       0.535s (in 95 runs)
Garbage Collector(s) used:    G1 Old Generation, G1 Young Generation

Verification result: UNKNOWN, incomplete analysis.
More details about the verification run can be found in the directory "./output".
