scripts/cpa.sh -heap 13000M -stack 50M -noout -benchmark -bmc -setprop cpa.predicate.useArraysForHeap=false -setprop cpa.predicate.memoryAllocationsAlwaysSucceed=true -setprop cpa.loopbound.maxLoopIterations=1 -setprop cpa.predicate.encodeFloatAs=INTEGER -setprop cpa.predicate.encodeBitvectorAs=INTEGER -setprop solver.solver=princess_binary -setprop proveroptions.option=use_binary -timelimit 900s -stats -spec test/programs/benchmarks/properties/unreach-call.prp -32 test/programs/benchmarks/product-lines/email_spec1_product20.cil.c


--------------------------------------------------------------------------------


Running CPAchecker with Java heap of size 13000M.
Running CPAchecker with Java stack of size 50M.
Language C detected and set for analysis (CPAMain.detectFrontendLanguageIfNecessary, INFO)

Using the following resource limits: CPU-time limit of 900s (ResourceLimitChecker.fromConfiguration, INFO)

CPAchecker 2.3.1-svn-45350M / bmc (OpenJDK 64-Bit Server VM 17.0.8.1) started (CPAchecker.run, INFO)

Parsing CFA from file(s) "test/programs/benchmarks/product-lines/email_spec1_product20.cil.c" (CPAchecker.parse, INFO)

line 83: Dead code detected: return (retValue_acc); (CFACreationUtils.addEdgeToCFA, INFO)

line 104: Dead code detected: return (retValue_acc); (CFACreationUtils.addEdgeToCFA, INFO)

line 141: Dead code detected: return (retValue_acc); (CFACreationUtils.addEdgeToCFA, INFO)

line 178: Dead code detected: return (retValue_acc); (CFACreationUtils.addEdgeToCFA, INFO)

line 217: Dead code detected: return (retValue_acc); (CFACreationUtils.addEdgeToCFA, INFO)

line 256: Dead code detected: return (retValue_acc); (CFACreationUtils.addEdgeToCFA, INFO)

line 293: Dead code detected: return (retValue_acc); (CFACreationUtils.addEdgeToCFA, INFO)

line 330: Dead code detected: return (retValue_acc); (CFACreationUtils.addEdgeToCFA, INFO)

line 367: Dead code detected: return (retValue_acc); (CFACreationUtils.addEdgeToCFA, INFO)

line 404: Dead code detected: return (retValue_acc); (CFACreationUtils.addEdgeToCFA, INFO)

line 441: Dead code detected: return (retValue_acc); (CFACreationUtils.addEdgeToCFA, INFO)

line 685: Dead code detected: return (retValue_acc); (CFACreationUtils.addEdgeToCFA, INFO)

line 717: Dead code detected: return (retValue_acc); (CFACreationUtils.addEdgeToCFA, INFO)

line 726: Dead code detected: return (retValue_acc); (CFACreationUtils.addEdgeToCFA, INFO)

line 735: Dead code detected: return (retValue_acc); (CFACreationUtils.addEdgeToCFA, INFO)

line 760: Dead code detected: return (retValue_acc); (CFACreationUtils.addEdgeToCFA, INFO)

line 852: Dead code detected: return (retValue_acc); (CFACreationUtils.addEdgeToCFA, INFO)

line 872: Dead code detected: return (retValue_acc); (CFACreationUtils.addEdgeToCFA, INFO)

line 881: Dead code detected: return (retValue_acc); (CFACreationUtils.addEdgeToCFA, INFO)

line 896: Dead code detected: return (retValue_acc); (CFACreationUtils.addEdgeToCFA, INFO)

line 1463: Dead code detected: return (retValue_acc); (CFACreationUtils.addEdgeToCFA, INFO)

line 1492: Dead code detected: return (retValue_acc); (CFACreationUtils.addEdgeToCFA, INFO)

line 1540: Dead code detected: return (retValue_acc); (CFACreationUtils.addEdgeToCFA, INFO)

line 1587: Dead code detected: return (retValue_acc); (CFACreationUtils.addEdgeToCFA, INFO)

line 1632: Dead code detected: return (retValue_acc); (CFACreationUtils.addEdgeToCFA, INFO)

line 1710: Dead code detected: return (retValue_acc); (CFACreationUtils.addEdgeToCFA, INFO)

line 1779: Dead code detected: return (retValue_acc); (CFACreationUtils.addEdgeToCFA, INFO)

line 1913: Dead code detected: return (retValue_acc); (CFACreationUtils.addEdgeToCFA, INFO)

line 1996: Dead code detected: return (retValue_acc); (CFACreationUtils.addEdgeToCFA, INFO)

line 2043: Dead code detected: return (retValue_acc); (CFACreationUtils.addEdgeToCFA, INFO)

line 2090: Dead code detected: return (retValue_acc); (CFACreationUtils.addEdgeToCFA, INFO)

line 2135: Dead code detected: return (retValue_acc); (CFACreationUtils.addEdgeToCFA, INFO)

line 2198: Dead code detected: return (retValue_acc); (CFACreationUtils.addEdgeToCFA, INFO)

line 2305: Dead code detected: return (retValue_acc); (CFACreationUtils.addEdgeToCFA, INFO)

line 2359: Dead code detected: return (retValue_acc); (CFACreationUtils.addEdgeToCFA, INFO)

line 2431: Dead code detected: return (retValue_acc); (CFACreationUtils.addEdgeToCFA, INFO)

line 2478: Dead code detected: return (retValue_acc); (CFACreationUtils.addEdgeToCFA, INFO)

line 2846: Dead code detected: return (retValue_acc); (CFACreationUtils.addEdgeToCFA, INFO)

line 2892: Dead code detected: return (retValue_acc); (CFACreationUtils.addEdgeToCFA, INFO)

line 2904: Dead code detected: return (retValue_acc); (CFACreationUtils.addEdgeToCFA, INFO)

line 2927: Dead code detected: return (retValue_acc); (CFACreationUtils.addEdgeToCFA, INFO)

line 2944: Dead code detected: return (retValue_acc); (CFACreationUtils.addEdgeToCFA, INFO)

line 2683: Function pointer *__cil_tmp10 with type int (*)(int, int) is called, but no possible target functions were found. (CFunctionPointerResolver.getTargets, WARNING)

Using unsound approximation of ints with unbounded integers and floats with unbounded integers for encoding program semantics. (PredicateCPA:FormulaManagerView.<init>, WARNING)

Using predicate analysis with Princess 2023-04-07. (PredicateCPA:PredicateCPA.<init>, INFO)

Using unsound approximation of ints with unbounded integers and floats with unbounded integers for encoding program semantics. (AssumptionStorageCPA:FormulaManagerView.<init>, WARNING)

The following configuration options were specified but are not used:
 proveroptions.option 
 (CPAchecker.printConfigurationWarnings, WARNING)

Starting analysis ... (CPAchecker.runAlgorithm, INFO)

Creating formula for program (AbstractBMCAlgorithm.run, INFO)

Starting satisfiability check... (AbstractBMCAlgorithm.boundedModelCheck, INFO)

Starting assertions check... (AbstractBMCAlgorithm.checkBoundingAssertions, INFO)

Terminating because none of the following CPAs' precision can be adjusted any further  LoopBoundCPA (AbstractBMCAlgorithm.adjustConditions, INFO)

Stopping analysis ... (CPAchecker.runAlgorithm, INFO)

Analysis incomplete: no errors found, but not everything could be checked. (CPAchecker.analyzeResult, WARNING)


PredicateCPA statistics
-----------------------
Number of abstractions:            0 (0% of all post computations)
Number of strengthen sat checks:   0
Number of coverage checks:         20
  BDD entailment checks:           0
Number of SMT sat checks:          0
  trivial:                         0
  cached:                          0

Max ABE block size:                       0
Avg ABE block size:                                0.00 (sum: 0, count: 0, min: 0, max: 0)
Number of predicates discovered:          0

Time for post operator:                                0.395s
  Time for path formula creation:                      0.388s
Time for strengthen operator:                          0.013s
Time for prec operator:                                0.008s
Time for merge operator:                               0.029s
Time for coverage checks:                              0.000s
Total time for SMT solver (w/o itp):     0.000s

Total number of created targets for pointer analysis: 0



KeyValue statistics
-------------------
Init. function predicates:                         0
Init. global predicates:                           0
Init. location predicates:                         0

Invariant Generation statistics
-------------------------------

Bounds CPA statistics
---------------------
Bound k:                                           1
Maximum loop iteration reached:                    2


ValueAnalysisCPA statistics
---------------------------
Number of variables per state:                     106.62 (sum: 111523, count: 1046, min: 0, max: 160)
Number of global variables per state:              89.41 (sum: 93526, count: 1046, min: 0, max: 103)
Number of assumptions:                                  542
Number of deterministic assumptions:                      0
Level of Determinism:                              0%

ValueAnalysisPrecisionAdjustment statistics
-------------------------------------------
Number of abstraction computations:                    1055
Total time for liveness abstraction:                   0.000s
Total time for abstraction computation:                0.066s
Total time for path thresholds:                        0.000s

ConstraintsStrengthenOperator statistics
----------------------------------------
Total time for strengthening by ConstraintsCPA:     0.000s
Replaced symbolic expressions: 0

AutomatonAnalysis (SVCOMP) statistics
-------------------------------------
Number of states:                                  1
Total time for successor computation:                  0.007s
Automaton transfers with branching:                0
Automaton transfer successors:                     1.00 (sum: 1055, count: 1055, min: 1, max: 1) [1 x 1055]
Number of states with assumption transitions:      0

CPA algorithm statistics
------------------------
Number of iterations:            1046
Max size of waitlist:            3
Average size of waitlist:        1
LoopstackSortedWaitlist:                           0.09 (sum: 89, count: 957, min: 0, max: 89)
ReversePostorderSortedWaitlist:                    0.00 (sum: 0, count: 962, min: 0, max: 0)
LoopIterationSortedWaitlist:                       0.09 (sum: 84, count: 957, min: 0, max: 84)
CallstackSortedWaitlist:                           89.00 (sum: 89, count: 1, min: 89, max: 89)
Number of computed successors:   1055
Max successors for one state:    2
Number of times merged:          10
Number of times stopped:         10
Number of times breaked:         0

Total time for CPA algorithm:         0.803s (Max:     0.803s)
  Time for choose from waitlist:      0.011s
  Time for precision adjustment:      0.133s
  Time for transfer relation:         0.577s
  Time for merge operator:            0.038s
  Time for stop operator:             0.013s
  Time for adding to reached set:     0.016s

BMC algorithm statistics
------------------------
Time for BMC formula creation:                       0.805s
Time for final sat check:                            0.219s
Time for bounding assertions check:                  2.134s

CPAchecker general statistics
-----------------------------
Number of program locations:                       1936
Number of CFA edges (per node):                        2190 (count: 1936, min: 0, max: 6, avg: 1.13)
Number of relevant variables:                      382
Number of functions:                               110
Number of loops (and loop nodes):                         4 (sum: 152, min: 15, max: 102, avg: 38.00)
Size of reached set:             1046
  Number of reached locations:   813 (42%)
    Avg states per location:     1
    Max states per location:     6 (at node N1446)
  Number of reached functions:   57 (52%)
  Number of partitions:          1046
    Avg size of partitions:      1
    Max size of partitions:      1
  Number of target states:       0

Time for analysis setup:          3.095s
  Time for loading CPAs:          1.592s
  Time for loading parser:        0.264s
  Time for CFA construction:      1.169s
    Time for parsing file(s):     0.445s
    Time for AST to CFA:          0.386s
    Time for CFA sanity check:    0.000s
    Time for post-processing:     0.256s
    Time for loop structure:      0.012s
    Time for AST structure:       0.000s
      Time for function pointers resolving:            0.011s
        Function calls via function pointers:             1 (count: 1, min: 1, max: 1, avg: 1.00)
        Instrumented function pointer calls:              0 (count: 1, min: 0, max: 0, avg: 0.00)
        Function calls with function pointer arguments:        0 (count: 1, min: 0, max: 0, avg: 0.00)
        Instrumented function pointer arguments:          0 (count: 1, min: 0, max: 0, avg: 0.00)
      Time for classifying variables:                  0.172s
        Time for collecting variables:                 0.111s
        Time for solving dependencies:                 0.003s
        Time for building hierarchy:                   0.000s
        Time for building classification:              0.058s
        Time for exporting data:                       0.000s
Time for Analysis:                3.461s
CPU time for analysis:            5.880s
Time for analyzing result:        0.001s
Total time for CPAchecker:        6.557s
Total CPU time for CPAchecker:   11.880s
Time for statistics:              0.074s

Time for Garbage Collector:       0.086s (in 9 runs)
Garbage Collector(s) used:    G1 Old Generation, G1 Young Generation

Verification result: UNKNOWN, incomplete analysis.
More details about the verification run can be found in the directory "./output".
