scripts/cpa.sh -heap 13000M -stack 50M -noout -benchmark -bmc -setprop cpa.predicate.useArraysForHeap=false -setprop cpa.predicate.memoryAllocationsAlwaysSucceed=true -setprop cpa.loopbound.maxLoopIterations=1 -setprop cpa.predicate.encodeFloatAs=INTEGER -setprop cpa.predicate.encodeBitvectorAs=INTEGER -setprop solver.solver=princess -timelimit 900s -stats -spec test/programs/benchmarks/properties/unreach-call.prp -32 test/programs/benchmarks/product-lines/elevator_spec1_product03.cil.c


--------------------------------------------------------------------------------


Running CPAchecker with Java heap of size 13000M.
Running CPAchecker with Java stack of size 50M.
Language C detected and set for analysis (CPAMain.detectFrontendLanguageIfNecessary, INFO)

Using the following resource limits: CPU-time limit of 900s (ResourceLimitChecker.fromConfiguration, INFO)

CPAchecker 2.3.1-svn-45350M / bmc (OpenJDK 64-Bit Server VM 17.0.8.1) started (CPAchecker.run, INFO)

Parsing CFA from file(s) "test/programs/benchmarks/product-lines/elevator_spec1_product03.cil.c" (CPAchecker.parse, INFO)

line 60: Dead code detected: return (retValue_acc); (CFACreationUtils.addEdgeToCFA, INFO)

line 83: Dead code detected: return (retValue_acc); (CFACreationUtils.addEdgeToCFA, INFO)

line 403: Dead code detected: return (retValue_acc); (CFACreationUtils.addEdgeToCFA, INFO)

line 449: Dead code detected: return (retValue_acc); (CFACreationUtils.addEdgeToCFA, INFO)

line 652: Dead code detected: return (retValue_acc); (CFACreationUtils.addEdgeToCFA, INFO)

line 781: Dead code detected: return (retValue_acc); (CFACreationUtils.addEdgeToCFA, INFO)

line 790: Dead code detected: return (retValue_acc); (CFACreationUtils.addEdgeToCFA, INFO)

line 824: Dead code detected: return (retValue_acc); (CFACreationUtils.addEdgeToCFA, INFO)

line 833: Dead code detected: return (retValue_acc); (CFACreationUtils.addEdgeToCFA, INFO)

line 873: Dead code detected: return (retValue_acc); (CFACreationUtils.addEdgeToCFA, INFO)

line 953: Dead code detected: return (retValue_acc); (CFACreationUtils.addEdgeToCFA, INFO)

line 966: Dead code detected: return (retValue_acc); (CFACreationUtils.addEdgeToCFA, INFO)

line 1318: Dead code detected: return (retValue_acc); (CFACreationUtils.addEdgeToCFA, INFO)

line 1347: Dead code detected: return (retValue_acc); (CFACreationUtils.addEdgeToCFA, INFO)

line 1381: Dead code detected: return (retValue_acc); (CFACreationUtils.addEdgeToCFA, INFO)

line 1437: Dead code detected: return (retValue_acc); (CFACreationUtils.addEdgeToCFA, INFO)

line 1468: Dead code detected: return (retValue_acc); (CFACreationUtils.addEdgeToCFA, INFO)

line 1482: Dead code detected: return (retValue_acc); (CFACreationUtils.addEdgeToCFA, INFO)

line 2055: Dead code detected: return (retValue_acc); (CFACreationUtils.addEdgeToCFA, INFO)

line 2066: Dead code detected: return (retValue_acc); (CFACreationUtils.addEdgeToCFA, INFO)

line 2075: Dead code detected: return (retValue_acc); (CFACreationUtils.addEdgeToCFA, INFO)

line 2380: Dead code detected: return (retValue_acc); (CFACreationUtils.addEdgeToCFA, INFO)

line 2620: Dead code detected: return (retValue_acc); (CFACreationUtils.addEdgeToCFA, INFO)

line 2931: Dead code detected: return (retValue_acc); (CFACreationUtils.addEdgeToCFA, INFO)

line 2972: Dead code detected: return (retValue_acc); (CFACreationUtils.addEdgeToCFA, INFO)

line 3011: Dead code detected: return (retValue_acc); (CFACreationUtils.addEdgeToCFA, INFO)

line 3050: Dead code detected: return (retValue_acc); (CFACreationUtils.addEdgeToCFA, INFO)

line 3400: Dead code detected: return (retValue_acc); (CFACreationUtils.addEdgeToCFA, INFO)

line 240: Function pointer *__cil_tmp10 with type int (*)(int, int) is called, but no possible target functions were found. (CFunctionPointerResolver.getTargets, WARNING)

Using unsound approximation of ints with unbounded integers and floats with unbounded integers for encoding program semantics. (PredicateCPA:FormulaManagerView.<init>, WARNING)

Using predicate analysis with Princess 2023-04-07. (PredicateCPA:PredicateCPA.<init>, INFO)

Using unsound approximation of ints with unbounded integers and floats with unbounded integers for encoding program semantics. (AssumptionStorageCPA:FormulaManagerView.<init>, WARNING)

Starting analysis ... (CPAchecker.runAlgorithm, INFO)

Creating formula for program (AbstractBMCAlgorithm.run, INFO)

Starting satisfiability check... (AbstractBMCAlgorithm.boundedModelCheck, INFO)

Starting assertions check... (AbstractBMCAlgorithm.checkBoundingAssertions, INFO)

Terminating because none of the following CPAs' precision can be adjusted any further  LoopBoundCPA (AbstractBMCAlgorithm.adjustConditions, INFO)

Stopping analysis ... (CPAchecker.runAlgorithm, INFO)

Analysis incomplete: no errors found, but not everything could be checked. (CPAchecker.analyzeResult, WARNING)


PredicateCPA statistics
-----------------------
Number of abstractions:            0 (0% of all post computations)
Number of strengthen sat checks:   0
Number of coverage checks:         0
  BDD entailment checks:           0
Number of SMT sat checks:          0
  trivial:                         0
  cached:                          0

Max ABE block size:                       0
Avg ABE block size:                                0.00 (sum: 0, count: 0, min: 0, max: 0)
Number of predicates discovered:          0

Time for post operator:                                0.315s
  Time for path formula creation:                      0.311s
Time for strengthen operator:                          0.009s
Time for prec operator:                                0.008s
Time for coverage checks:                              0.000s
Total time for SMT solver (w/o itp):     0.000s

Total number of created targets for pointer analysis: 0



KeyValue statistics
-------------------
Init. function predicates:                         0
Init. global predicates:                           0
Init. location predicates:                         0

Invariant Generation statistics
-------------------------------

Bounds CPA statistics
---------------------
Bound k:                                           1
Maximum loop iteration reached:                    2


ValueAnalysisCPA statistics
---------------------------
Number of variables per state:                     55.73 (sum: 44807, count: 804, min: 0, max: 73)
Number of global variables per state:              50.36 (sum: 40492, count: 804, min: 0, max: 57)
Number of assumptions:                                  680
Number of deterministic assumptions:                      0
Level of Determinism:                              0%

ValueAnalysisPrecisionAdjustment statistics
-------------------------------------------
Number of abstraction computations:                     803
Total time for liveness abstraction:                   0.000s
Total time for abstraction computation:                0.021s
Total time for path thresholds:                        0.000s

ConstraintsStrengthenOperator statistics
----------------------------------------
Total time for strengthening by ConstraintsCPA:     0.000s
Replaced symbolic expressions: 0

AutomatonAnalysis (SVCOMP) statistics
-------------------------------------
Number of states:                                  1
Total time for successor computation:                  0.008s
Automaton transfers with branching:                0
Automaton transfer successors:                     1.00 (sum: 803, count: 803, min: 1, max: 1) [1 x 803]
Number of states with assumption transitions:      0

CPA algorithm statistics
------------------------
Number of iterations:            804
Max size of waitlist:            1
Average size of waitlist:        1
LoopstackSortedWaitlist:                           0.00 (sum: 0, count: 804, min: 0, max: 0)
ReversePostorderSortedWaitlist:                    0.00 (sum: 0, count: 804, min: 0, max: 0)
LoopIterationSortedWaitlist:                       0.00 (sum: 0, count: 804, min: 0, max: 0)
CallstackSortedWaitlist:                           0.00 (sum: 0, count: 1, min: 0, max: 0)
Number of computed successors:   803
Max successors for one state:    1
Number of times merged:          0
Number of times stopped:         0
Number of times breaked:         0

Total time for CPA algorithm:         0.553s (Max:     0.553s)
  Time for choose from waitlist:      0.009s
  Time for precision adjustment:      0.066s
  Time for transfer relation:         0.449s
  Time for stop operator:             0.005s
  Time for adding to reached set:     0.014s

BMC algorithm statistics
------------------------
Time for BMC formula creation:                       0.555s
Time for final sat check:                            0.142s
Time for bounding assertions check:                  0.920s

CPAchecker general statistics
-----------------------------
Number of program locations:                       2250
Number of CFA edges (per node):                        2726 (count: 2250, min: 0, max: 22, avg: 1.21)
Number of relevant variables:                      325
Number of functions:                               74
Number of loops (and loop nodes):                         9 (sum: 175, min: 11, max: 37, avg: 19.44)
Size of reached set:             804
  Number of reached locations:   606 (27%)
    Avg states per location:     1
    Max states per location:     8 (at node N1787)
  Number of reached functions:   39 (53%)
  Number of partitions:          804
    Avg size of partitions:      1
    Max size of partitions:      1
  Number of target states:       0

Time for analysis setup:          2.789s
  Time for loading CPAs:          1.307s
  Time for loading parser:        0.213s
  Time for CFA construction:      1.204s
    Time for parsing file(s):     0.484s
    Time for AST to CFA:          0.385s
    Time for CFA sanity check:    0.000s
    Time for post-processing:     0.249s
    Time for loop structure:      0.014s
    Time for AST structure:       0.000s
      Time for function pointers resolving:            0.007s
        Function calls via function pointers:             1 (count: 1, min: 1, max: 1, avg: 1.00)
        Instrumented function pointer calls:              0 (count: 1, min: 0, max: 0, avg: 0.00)
        Function calls with function pointer arguments:        0 (count: 1, min: 0, max: 0, avg: 0.00)
        Instrumented function pointer arguments:          0 (count: 1, min: 0, max: 0, avg: 0.00)
      Time for classifying variables:                  0.177s
        Time for collecting variables:                 0.120s
        Time for solving dependencies:                 0.002s
        Time for building hierarchy:                   0.000s
        Time for building classification:              0.055s
        Time for exporting data:                       0.000s
Time for Analysis:                2.001s
CPU time for analysis:            3.550s
Time for analyzing result:        0.001s
Total time for CPAchecker:        4.791s
Total CPU time for CPAchecker:    9.030s
Time for statistics:              0.041s

Time for Garbage Collector:       0.090s (in 9 runs)
Garbage Collector(s) used:    G1 Old Generation, G1 Young Generation

Verification result: UNKNOWN, incomplete analysis.
More details about the verification run can be found in the directory "./output".
