scripts/cpa.sh -heap 13000M -stack 50M -noout -benchmark -bmc -setprop cpa.predicate.useArraysForHeap=false -setprop cpa.predicate.memoryAllocationsAlwaysSucceed=true -setprop cpa.loopbound.maxLoopIterations=1 -setprop cpa.predicate.encodeFloatAs=INTEGER -setprop cpa.predicate.encodeBitvectorAs=INTEGER -setprop solver.solver=princess_binary -setprop proveroptions.option=use_binary -timelimit 900s -stats -spec test/programs/benchmarks/properties/unreach-call.prp -32 test/programs/benchmarks/product-lines/email_spec3_product30.cil.c


--------------------------------------------------------------------------------


Running CPAchecker with Java heap of size 13000M.
Running CPAchecker with Java stack of size 50M.
Language C detected and set for analysis (CPAMain.detectFrontendLanguageIfNecessary, INFO)

Using the following resource limits: CPU-time limit of 900s (ResourceLimitChecker.fromConfiguration, INFO)

CPAchecker 2.3.1-svn-45350M / bmc (OpenJDK 64-Bit Server VM 17.0.8.1) started (CPAchecker.run, INFO)

Parsing CFA from file(s) "test/programs/benchmarks/product-lines/email_spec3_product30.cil.c" (CPAchecker.parse, INFO)

line 161: Dead code detected: return (retValue_acc); (CFACreationUtils.addEdgeToCFA, INFO)

line 181: Dead code detected: return (retValue_acc); (CFACreationUtils.addEdgeToCFA, INFO)

line 190: Dead code detected: return (retValue_acc); (CFACreationUtils.addEdgeToCFA, INFO)

line 205: Dead code detected: return (retValue_acc); (CFACreationUtils.addEdgeToCFA, INFO)

line 242: Dead code detected: return (retValue_acc); (CFACreationUtils.addEdgeToCFA, INFO)

line 263: Dead code detected: return (retValue_acc); (CFACreationUtils.addEdgeToCFA, INFO)

line 300: Dead code detected: return (retValue_acc); (CFACreationUtils.addEdgeToCFA, INFO)

line 337: Dead code detected: return (retValue_acc); (CFACreationUtils.addEdgeToCFA, INFO)

line 376: Dead code detected: return (retValue_acc); (CFACreationUtils.addEdgeToCFA, INFO)

line 415: Dead code detected: return (retValue_acc); (CFACreationUtils.addEdgeToCFA, INFO)

line 452: Dead code detected: return (retValue_acc); (CFACreationUtils.addEdgeToCFA, INFO)

line 489: Dead code detected: return (retValue_acc); (CFACreationUtils.addEdgeToCFA, INFO)

line 526: Dead code detected: return (retValue_acc); (CFACreationUtils.addEdgeToCFA, INFO)

line 563: Dead code detected: return (retValue_acc); (CFACreationUtils.addEdgeToCFA, INFO)

line 600: Dead code detected: return (retValue_acc); (CFACreationUtils.addEdgeToCFA, INFO)

line 936: Dead code detected: return (retValue_acc); (CFACreationUtils.addEdgeToCFA, INFO)

line 982: Dead code detected: return (retValue_acc); (CFACreationUtils.addEdgeToCFA, INFO)

line 1513: Dead code detected: return (retValue_acc); (CFACreationUtils.addEdgeToCFA, INFO)

line 1536: Dead code detected: return (retValue_acc); (CFACreationUtils.addEdgeToCFA, INFO)

line 1725: Dead code detected: return (retValue_acc); (CFACreationUtils.addEdgeToCFA, INFO)

line 1757: Dead code detected: return (retValue_acc); (CFACreationUtils.addEdgeToCFA, INFO)

line 1766: Dead code detected: return (retValue_acc); (CFACreationUtils.addEdgeToCFA, INFO)

line 1775: Dead code detected: return (retValue_acc); (CFACreationUtils.addEdgeToCFA, INFO)

line 1800: Dead code detected: return (retValue_acc); (CFACreationUtils.addEdgeToCFA, INFO)

line 1990: Dead code detected: return (retValue_acc); (CFACreationUtils.addEdgeToCFA, INFO)

line 2019: Dead code detected: return (retValue_acc); (CFACreationUtils.addEdgeToCFA, INFO)

line 2067: Dead code detected: return (retValue_acc); (CFACreationUtils.addEdgeToCFA, INFO)

line 2114: Dead code detected: return (retValue_acc); (CFACreationUtils.addEdgeToCFA, INFO)

line 2159: Dead code detected: return (retValue_acc); (CFACreationUtils.addEdgeToCFA, INFO)

line 2237: Dead code detected: return (retValue_acc); (CFACreationUtils.addEdgeToCFA, INFO)

line 2306: Dead code detected: return (retValue_acc); (CFACreationUtils.addEdgeToCFA, INFO)

line 2440: Dead code detected: return (retValue_acc); (CFACreationUtils.addEdgeToCFA, INFO)

line 2523: Dead code detected: return (retValue_acc); (CFACreationUtils.addEdgeToCFA, INFO)

line 2570: Dead code detected: return (retValue_acc); (CFACreationUtils.addEdgeToCFA, INFO)

line 2617: Dead code detected: return (retValue_acc); (CFACreationUtils.addEdgeToCFA, INFO)

line 2662: Dead code detected: return (retValue_acc); (CFACreationUtils.addEdgeToCFA, INFO)

line 2725: Dead code detected: return (retValue_acc); (CFACreationUtils.addEdgeToCFA, INFO)

line 2832: Dead code detected: return (retValue_acc); (CFACreationUtils.addEdgeToCFA, INFO)

line 2886: Dead code detected: return (retValue_acc); (CFACreationUtils.addEdgeToCFA, INFO)

line 2958: Dead code detected: return (retValue_acc); (CFACreationUtils.addEdgeToCFA, INFO)

line 3005: Dead code detected: return (retValue_acc); (CFACreationUtils.addEdgeToCFA, INFO)

line 3042: Dead code detected: return (retValue_acc); (CFACreationUtils.addEdgeToCFA, INFO)

line 773: Function pointer *__cil_tmp10 with type int (*)(int, int) is called, but no possible target functions were found. (CFunctionPointerResolver.getTargets, WARNING)

Using unsound approximation of ints with unbounded integers and floats with unbounded integers for encoding program semantics. (PredicateCPA:FormulaManagerView.<init>, WARNING)

Using predicate analysis with Princess 2023-04-07. (PredicateCPA:PredicateCPA.<init>, INFO)

Using unsound approximation of ints with unbounded integers and floats with unbounded integers for encoding program semantics. (AssumptionStorageCPA:FormulaManagerView.<init>, WARNING)

The following configuration options were specified but are not used:
 proveroptions.option 
 (CPAchecker.printConfigurationWarnings, WARNING)

Starting analysis ... (CPAchecker.runAlgorithm, INFO)

Creating formula for program (AbstractBMCAlgorithm.run, INFO)

Starting satisfiability check... (AbstractBMCAlgorithm.boundedModelCheck, INFO)

Error found, creating error path (AbstractBMCAlgorithm.analyzeCounterexample0, INFO)

{__utac_acc__SignVerify_spec__2::pubkey@3 -> 0, __utac_acc__SignVerify_spec__2::tmp___0@3 -> 0, findPublicKey::__retval__@3 -> 0, findPublicKey::retValue_acc@5 -> 0, findPublicKey::userid@3 -> 1, findPublicKey::handle@3 -> 2, __utac_acc__SignVerify_spec__2::tmp@3 -> 1, getEmailFrom::__retval__@2 -> 1, getEmailFrom::retValue_acc@3 -> 1, getEmailFrom::handle@2 -> 1, __utac_acc__SignVerify_spec__2::__cil_tmp8@3 -> 11, __utac_acc__SignVerify_spec__2::msg@2 -> 1, __utac_acc__SignVerify_spec__2::client@2 -> 2, verify::__utac__ad__arg2@3 -> 1, verify::__utac__ad__arg1@3 -> 2, verify::msg@2 -> 1, verify::client@2 -> 2, incoming__wrappee__Verify::msg@2 -> 1, incoming__wrappee__Verify::client@2 -> 2, incoming::tmp___0@3 -> 0, isEncrypted::__retval__@2 -> 0, isEncrypted::retValue_acc@3 -> 0, isEncrypted::handle@2 -> 1, incoming::privkey@3 -> 456, incoming::tmp@3 -> 456, getClientPrivateKey::__retval__@3 -> 456, getClientPrivateKey::retValue_acc@5 -> 456, getClientPrivateKey::handle@3 -> 2, incoming::msg@2 -> 1, incoming::client@2 -> 2, mail::tmp@3 -> 2, getEmailTo::__retval__@3 -> 2, getEmailTo::retValue_acc@5 -> 2, getEmailTo::handle@3 -> 1, __utac_acc__SignVerify_spec__1::__cil_tmp2@3 -> 11, sent_signed@3 -> 1, isSigned::__retval__@2 -> 1, isSigned::retValue_acc@3 -> 1, isSigned::handle@2 -> 1, __utac_acc__SignVerify_spec__1::msg@2 -> 1, mail::__utac__ad__arg1@3 -> 1, mail::msg@2 -> 1, __ste_email_from0@4 -> 1, setEmailFrom::value@3 -> 1, setEmailFrom::handle@3 -> 1, outgoing__wrappee__Keys::tmp@3 -> 1, getClientId::__retval__@2 -> 1, getClientId::retValue_acc@3 -> 1, getClientId::handle@2 -> 1, outgoing__wrappee__Keys::msg@2 -> 1, outgoing__wrappee__Keys::client@2 -> 1, outgoing__wrappee__AutoResponder::pubkey@3 -> 0, outgoing__wrappee__AutoResponder::tmp___0@3 -> 0, findPublicKey::__retval__@2 -> 0, findPublicKey::retValue_acc@3 -> 0, findPublicKey::userid@2 -> 2, findPublicKey::handle@2 -> 1, outgoing__wrappee__AutoResponder::receiver@3 -> 2, outgoing__wrappee__AutoResponder::tmp@3 -> 2, getEmailTo::__retval__@2 -> 2, getEmailTo::retValue_acc@3 -> 2, getEmailTo::handle@2 -> 1, outgoing__wrappee__AutoResponder::msg@2 -> 1, outgoing__wrappee__AutoResponder::client@2 -> 1, __ste_email_signKey0@3 -> 123, setEmailSignKey::value@2 -> 123, setEmailSignKey::handle@2 -> 1, __ste_email_isSigned0@3 -> 1, setEmailIsSigned::value@2 -> 1, setEmailIsSigned::handle@2 -> 1, sign::privkey@3 -> 123, sign::tmp@3 -> 123, getClientPrivateKey::__retval__@2 -> 123, getClientPrivateKey::retValue_acc@3 -> 123, getClientPrivateKey::handle@2 -> 1, sign::msg@2 -> 1, sign::client@2 -> 1, outgoing::msg@2 -> 1, outgoing::client@2 -> 1, sendEmail::email@3 -> 1, sendEmail::tmp@3 -> 1, createEmail::__retval__@2 -> 1, createEmail::retValue_acc@3 -> 1, __ste_email_to0@3 -> 2, setEmailTo::value@2 -> 2, setEmailTo::handle@2 -> 1, __ste_email_from0@3 -> 0, setEmailFrom::value@2 -> 0, setEmailFrom::handle@2 -> 1, createEmail::msg@3 -> 1, createEmail::to@2 -> 2, createEmail::from@2 -> 0, sendEmail::receiver@2 -> 2, sendEmail::sender@2 -> 1, test::tmp@3 -> 0, __VERIFIER_nondet_int!12@ -> 0, test::tmp___0@3 -> 0, __VERIFIER_nondet_int!11@ -> 0, test::tmp___1@3 -> 0, __VERIFIER_nondet_int!10@ -> 0, test::tmp___2@3 -> 0, __VERIFIER_nondet_int!9@ -> 0, test::tmp___3@3 -> 0, __VERIFIER_nondet_int!8@ -> 0, test::tmp___4@3 -> 0, __VERIFIER_nondet_int!7@ -> 0, test::tmp___5@3 -> 0, __VERIFIER_nondet_int!6@ -> 0, test::tmp___6@3 -> 0, __VERIFIER_nondet_int!5@ -> 0, test::tmp___7@3 -> 0, __VERIFIER_nondet_int!4@ -> 0, test::tmp___8@3 -> 0, __VERIFIER_nondet_int!3@ -> 0, test::tmp___9@3 -> 0, __VERIFIER_nondet_int!2@ -> 0, test::splverifierCounter@4 -> 1, test::splverifierCounter@3 -> 0, test::op11@3 -> 0, test::op10@3 -> 0, test::op9@3 -> 0, test::op8@3 -> 0, test::op7@3 -> 0, test::op6@3 -> 0, test::op5@3 -> 0, test::op4@3 -> 0, test::op3@3 -> 0, test::op2@3 -> 0, test::op1@3 -> 0, setup::__cil_tmp3@3 -> 10, __ste_client_privateKey2@3 -> 789, setClientPrivateKey::value@4 -> 789, setClientPrivateKey::handle@4 -> 3, __ste_client_idCounter2@3 -> 3, setClientId::value@4 -> 3, setClientId::handle@4 -> 3, setup_chuck__wrappee__Base::chuck___0@2 -> 3, setup_chuck::chuck___0@2 -> 3, chuck@3 -> 3, setup::__cil_tmp2@3 -> 9, __ste_client_privateKey1@3 -> 456, setClientPrivateKey::value@3 -> 456, setClientPrivateKey::handle@3 -> 2, __ste_client_idCounter1@3 -> 2, setClientId::value@3 -> 2, setClientId::handle@3 -> 2, setup_rjh__wrappee__Base::rjh___0@2 -> 2, setup_rjh::rjh___0@2 -> 2, rjh@3 -> 2, setup::__cil_tmp1@3 -> 8, __ste_client_privateKey0@3 -> 123, setClientPrivateKey::value@2 -> 123, setClientPrivateKey::handle@2 -> 1, __ste_client_idCounter0@3 -> 1, setClientId::value@2 -> 1, setClientId::handle@2 -> 1, setup_bob__wrappee__Base::bob___0@2 -> 1, setup_bob::bob___0@2 -> 1, bob@3 -> 1, main::tmp@3 -> 1, valid_product::__retval__@2 -> 1, valid_product::retValue_acc@3 -> 1, __ste_client_idCounter2@2 -> 0, __ste_client_idCounter1@2 -> 0, __ste_client_idCounter0@2 -> 0, __ste_Client_Keyring2_PublicKey1@2 -> 0, __ste_Client_Keyring2_PublicKey0@2 -> 0, __ste_Client_Keyring1_PublicKey1@2 -> 0, __ste_Client_Keyring1_PublicKey0@2 -> 0, __ste_Client_Keyring0_PublicKey1@2 -> 0, __ste_Client_Keyring0_PublicKey0@2 -> 0, __ste_Client_Keyring2_User1@2 -> 0, __ste_Client_Keyring2_User0@2 -> 0, __ste_Client_Keyring1_User1@2 -> 0, __ste_Client_Keyring1_User0@2 -> 0, __ste_Client_Keyring0_User1@2 -> 0, __ste_Client_Keyring0_User0@2 -> 0, __ste_ClientKeyring_size2@2 -> 0, __ste_ClientKeyring_size1@2 -> 0, __ste_ClientKeyring_size0@2 -> 0, __ste_client_privateKey2@2 -> 0, __ste_client_privateKey1@2 -> 0, __ste_client_privateKey0@2 -> 0, __ste_client_autoResponse2@2 -> 0, __ste_client_autoResponse1@2 -> 0, __ste_client_autoResponse0@2 -> 0, __ste_Client_AddressBook2_Alias2@2 -> 0, __ste_Client_AddressBook2_Alias1@2 -> 0, __ste_Client_AddressBook2_Alias0@2 -> 0, __ste_Client_AddressBook1_Alias2@2 -> 0, __ste_Client_AddressBook1_Alias1@2 -> 0, __ste_Client_AddressBook1_Alias0@2 -> 0, __ste_Client_AddressBook0_Alias2@2 -> 0, __ste_Client_AddressBook0_Alias1@2 -> 0, __ste_Client_AddressBook0_Alias0@2 -> 0, __ste_ClientAddressBook_size2@2 -> 0, __ste_ClientAddressBook_size1@2 -> 0, __ste_ClientAddressBook_size0@2 -> 0, __ste_Client_counter@2 -> 0, sent_signed@2 -> -1, queued_client@2 -> 0, queued_message@2 -> 0, queue_empty@2 -> 1, chuck@2 -> 0, rjh@2 -> 0, bob@2 -> 0, head@2 -> 0, __ste_email_isSignatureVerified1@2 -> 0, __ste_email_isSignatureVerified0@2 -> 0, __ste_email_signKey1@2 -> 0, __ste_email_signKey0@2 -> 0, __ste_email_isSigned1@2 -> 0, __ste_email_isSigned0@2 -> 0, __ste_email_encryptionKey1@2 -> 0, __ste_email_encryptionKey0@2 -> 0, __ste_email_isEncrypted1@2 -> 0, __ste_email_isEncrypted0@2 -> 0, __ste_email_to1@2 -> 0, __ste_email_to0@2 -> 0, __ste_email_from1@2 -> 0, __ste_email_from0@2 -> 0, __ste_email_id1@2 -> 0, __ste_email_id0@2 -> 0, __ste_Email_counter@2 -> 0, __string__(7) -> 11, __string__(2) -> 10, __string__(1) -> 9, __string__(0) -> 8}
{__utac_acc__SignVerify_spec__2::pubkey@5 -> 0, __utac_acc__SignVerify_spec__2::tmp___0@5 -> 0, findPublicKey::__retval__@11 -> 0, findPublicKey::retValue_acc@14 -> 0, findPublicKey::userid@12 -> 1, findPublicKey::handle@12 -> 2, __utac_acc__SignVerify_spec__2::tmp@4 -> 1, incoming::tmp___0@5 -> 0, incoming::privkey@4 -> 456, incoming::tmp@4 -> 456, getClientPrivateKey::__retval__@13 -> 456, getClientPrivateKey::retValue_acc@16 -> 456, getClientPrivateKey::handle@14 -> 2, mail::tmp@6 -> 2, getEmailTo::__retval__@8 -> 2, getEmailTo::retValue_acc@11 -> 2, getEmailTo::handle@9 -> 1, __utac_acc__SignVerify_spec__1::__cil_tmp2@4 -> 8, setEmailFrom::value@13 -> 1, setEmailFrom::handle@13 -> 1, outgoing__wrappee__Keys::tmp@4 -> 1, outgoing__wrappee__AutoResponder::pubkey@5 -> 0, outgoing__wrappee__AutoResponder::tmp___0@5 -> 0, outgoing__wrappee__AutoResponder::receiver@4 -> 2, outgoing__wrappee__AutoResponder::tmp@4 -> 2, sign::privkey@4 -> 123, sign::tmp@4 -> 123, sendEmail::email@6 -> 1, sendEmail::tmp@6 -> 1, createEmail::retValue_acc@5 -> 1, setup::__cil_tmp3@15 -> 11, setClientPrivateKey::value@12 -> 789, setClientPrivateKey::handle@12 -> 3, setClientId::value@12 -> 3, setClientId::handle@12 -> 3, setup::__cil_tmp2@11 -> 10, setClientPrivateKey::value@7 -> 456, setClientPrivateKey::handle@7 -> 2, setClientId::value@7 -> 2, setClientId::handle@7 -> 2, setup::__cil_tmp1@7 -> 9, main::tmp@6 -> 1, bob@2 -> 0, __ste_Client_Keyring0_PublicKey1@2 -> 0, __ste_email_isSignatureVerified1@2 -> 0, bob@3 -> 1, sign::msg@2 -> 1, setClientPrivateKey::value@2 -> 123, __ste_ClientAddressBook_size1@2 -> 0, mail::__utac__ad__arg1@3 -> 1, setup_rjh__wrappee__Base::rjh___0@2 -> 2, __ste_email_id1@2 -> 0, incoming::msg@2 -> 1, getClientId::handle@2 -> 1, test::tmp___0@3 -> 0, setEmailFrom::value@2 -> 0, __ste_Client_AddressBook1_Alias0@2 -> 0, test::tmp___8@3 -> 0, test::op6@3 -> 0, setup_chuck::chuck___0@2 -> 3, __ste_ClientKeyring_size0@2 -> 0, mail::msg@2 -> 1, setup_bob__wrappee__Base::bob___0@2 -> 1, __ste_Client_Keyring0_User1@2 -> 0, __ste_Client_Keyring0_PublicKey0@2 -> 0, __ste_Client_Keyring1_PublicKey0@2 -> 0, __ste_email_isSignatureVerified0@2 -> 0, sent_signed@3 -> 1, sent_signed@2 -> -1, __VERIFIER_nondet_int!2@ -> 0, setup_bob::bob___0@2 -> 1, __ste_ClientAddressBook_size2@2 -> 0, getEmailFrom::__retval__@2 -> 1, __ste_email_id0@2 -> 0, __VERIFIER_nondet_int!3@ -> 0, outgoing__wrappee__Keys::client@2 -> 1, setEmailTo::handle@2 -> 1, test::tmp___7@3 -> 0, test::op5@3 -> 0, createEmail::to@2 -> 2, isSigned::retValue_acc@3 -> 1, getEmailTo::handle@2 -> 1, __VERIFIER_nondet_int!4@ -> 0, outgoing::client@2 -> 1, __utac_acc__SignVerify_spec__1::msg@2 -> 1, __VERIFIER_nondet_int!10@ -> 0, rjh@3 -> 2, __ste_email_from1@2 -> 0, rjh@2 -> 0, __ste_email_isSigned0@3 -> 1, __VERIFIER_nondet_int!5@ -> 0, __ste_email_isSigned0@2 -> 0, test::tmp___6@3 -> 0, __ste_client_privateKey2@3 -> 789, __ste_client_privateKey2@2 -> 0, __ste_Client_AddressBook1_Alias2@2 -> 0, setClientPrivateKey::handle@2 -> 1, __ste_Client_Keyring1_User0@2 -> 0, __ste_Client_Keyring2_User1@2 -> 0, test::op4@3 -> 0, __VERIFIER_nondet_int!11@ -> 0, sendEmail::sender@2 -> 1, valid_product::__retval__@2 -> 1, __VERIFIER_nondet_int!6@ -> 0, findPublicKey::handle@2 -> 1, __ste_Client_counter@2 -> 0, isSigned::__retval__@2 -> 1, getEmailTo::__retval__@2 -> 2, __ste_email_from0@4 -> 1, __VERIFIER_nondet_int!12@ -> 0, __ste_email_from0@3 -> 0, __ste_email_from0@2 -> 0, test::tmp___5@3 -> 0, __VERIFIER_nondet_int!7@ -> 0, verify::client@2 -> 2, __ste_Client_AddressBook1_Alias1@2 -> 0, valid_product::retValue_acc@3 -> 1, test::op3@3 -> 0, outgoing::msg@2 -> 1, getClientPrivateKey::__retval__@2 -> 123, getEmailFrom::handle@2 -> 1, __ste_Client_Keyring2_PublicKey1@2 -> 0, __ste_Email_counter@2 -> 0, __ste_Client_AddressBook2_Alias2@2 -> 0, __VERIFIER_nondet_int!8@ -> 0, setEmailIsSigned::handle@2 -> 1, isEncrypted::handle@2 -> 1, head@2 -> 0, __ste_client_idCounter0@3 -> 1, __ste_client_idCounter0@2 -> 0, __ste_email_to1@2 -> 0, sign::client@2 -> 1, test::tmp___4@3 -> 0, test::op11@3 -> 0, __VERIFIER_nondet_int!9@ -> 0, __ste_client_privateKey0@3 -> 123, incoming::client@2 -> 2, setClientId::handle@2 -> 1, __ste_client_privateKey0@2 -> 0, getEmailFrom::retValue_acc@3 -> 1, queued_client@2 -> 0, __ste_client_autoResponse0@2 -> 0, sendEmail::receiver@2 -> 2, test::op2@3 -> 0, incoming__wrappee__Verify::msg@2 -> 1, findPublicKey::userid@2 -> 2, outgoing__wrappee__Keys::msg@2 -> 1, setEmailTo::value@2 -> 2, getClientPrivateKey::handle@2 -> 1, __ste_email_to0@3 -> 2, __ste_email_to0@2 -> 0, __ste_Client_AddressBook0_Alias0@2 -> 0, createEmail::msg@3 -> 1, getClientId::retValue_acc@3 -> 1, test::tmp___3@3 -> 0, __ste_email_isSigned1@2 -> 0, __ste_email_signKey1@2 -> 0, setEmailIsSigned::value@2 -> 1, setClientId::value@2 -> 1, __ste_client_privateKey1@2 -> 0, __ste_client_privateKey1@3 -> 456, __ste_Client_Keyring1_User1@2 -> 0, test::op9@3 -> 0, __ste_Client_Keyring2_User0@2 -> 0, queued_message@2 -> 0, __ste_client_autoResponse1@2 -> 0, test::op1@3 -> 0, __ste_Client_Keyring1_PublicKey1@2 -> 0, setup_chuck__wrappee__Base::chuck___0@2 -> 3, __ste_Client_AddressBook2_Alias0@2 -> 0, findPublicKey::retValue_acc@3 -> 0, incoming__wrappee__Verify::client@2 -> 2, isSigned::handle@2 -> 1, __ste_client_idCounter2@2 -> 0, verify::__utac__ad__arg2@3 -> 1, __ste_client_idCounter2@3 -> 3, isEncrypted::retValue_acc@3 -> 0, __ste_email_encryptionKey1@2 -> 0, getClientId::__retval__@2 -> 1, __ste_Client_AddressBook0_Alias1@2 -> 0, __ste_email_signKey0@3 -> 123, __ste_email_signKey0@2 -> 0, isEncrypted::__retval__@2 -> 0, test::tmp___2@3 -> 0, setup_rjh::rjh___0@2 -> 2, setEmailFrom::handle@2 -> 1, test::op8@3 -> 0, queue_empty@2 -> 1, findPublicKey::__retval__@2 -> 0, __ste_client_autoResponse2@2 -> 0, __ste_email_isEncrypted1@2 -> 0, __ste_ClientKeyring_size2@2 -> 0, outgoing__wrappee__AutoResponder::client@2 -> 1, outgoing__wrappee__AutoResponder::msg@2 -> 1, createEmail::from@2 -> 0, test::splverifierCounter@4 -> 1, test::splverifierCounter@3 -> 0, __ste_Client_AddressBook2_Alias1@2 -> 0, __utac_acc__SignVerify_spec__2::msg@2 -> 1, chuck@3 -> 3, chuck@2 -> 0, verify::msg@2 -> 1, __ste_client_idCounter1@3 -> 2, __ste_Client_Keyring2_PublicKey0@2 -> 0, __ste_ClientAddressBook_size0@2 -> 0, verify::__utac__ad__arg1@3 -> 2, test::tmp@3 -> 0, __ste_client_idCounter1@2 -> 0, __utac_acc__SignVerify_spec__2::client@2 -> 2, getEmailTo::retValue_acc@3 -> 2, __ste_email_encryptionKey0@2 -> 0, __utac_acc__SignVerify_spec__2::__cil_tmp8@3 -> 8, createEmail::__retval__@2 -> 1, __ste_Client_AddressBook0_Alias2@2 -> 0, getClientPrivateKey::retValue_acc@3 -> 123, test::op10@3 -> 0, test::tmp___1@3 -> 0, setEmailSignKey::value@2 -> 123, test::tmp___9@3 -> 0, setEmailSignKey::handle@2 -> 1, test::op7@3 -> 0, __ste_ClientKeyring_size1@2 -> 0, __ste_email_isEncrypted0@2 -> 0, __ste_Client_Keyring0_User0@2 -> 0, __string__(7) -> 8, __string__(2) -> 11, __string__(1) -> 10, __string__(0) -> 9}
[__utac_acc__SignVerify_spec__2::pubkey@5: 0, __utac_acc__SignVerify_spec__2::tmp___0@5: 0, findPublicKey::__retval__@11: 0, findPublicKey::retValue_acc@14: 0, findPublicKey::userid@12: 1, findPublicKey::handle@12: 2, __utac_acc__SignVerify_spec__2::tmp@4: 1, incoming::tmp___0@5: 0, incoming::privkey@4: 456, incoming::tmp@4: 456, getClientPrivateKey::__retval__@13: 456, getClientPrivateKey::retValue_acc@16: 456, getClientPrivateKey::handle@14: 2, mail::tmp@6: 2, getEmailTo::__retval__@8: 2, getEmailTo::retValue_acc@11: 2, getEmailTo::handle@9: 1, __utac_acc__SignVerify_spec__1::__cil_tmp2@4: 8, setEmailFrom::value@13: 1, setEmailFrom::handle@13: 1, outgoing__wrappee__Keys::tmp@4: 1, outgoing__wrappee__AutoResponder::pubkey@5: 0, outgoing__wrappee__AutoResponder::tmp___0@5: 0, outgoing__wrappee__AutoResponder::receiver@4: 2, outgoing__wrappee__AutoResponder::tmp@4: 2, sign::privkey@4: 123, sign::tmp@4: 123, sendEmail::email@6: 1, sendEmail::tmp@6: 1, createEmail::retValue_acc@5: 1, setup::__cil_tmp3@15: 11, setClientPrivateKey::value@12: 789, setClientPrivateKey::handle@12: 3, setClientId::value@12: 3, setClientId::handle@12: 3, setup::__cil_tmp2@11: 10, setClientPrivateKey::value@7: 456, setClientPrivateKey::handle@7: 2, setClientId::value@7: 2, setClientId::handle@7: 2, setup::__cil_tmp1@7: 9, main::tmp@6: 1, bob@2: 0, __ste_Client_Keyring0_PublicKey1@2: 0, __ste_email_isSignatureVerified1@2: 0, bob@3: 1, sign::msg@2: 1, setClientPrivateKey::value@2: 123, __ste_ClientAddressBook_size1@2: 0, mail::__utac__ad__arg1@3: 1, setup_rjh__wrappee__Base::rjh___0@2: 2, __ste_email_id1@2: 0, incoming::msg@2: 1, getClientId::handle@2: 1, test::tmp___0@3: 0, setEmailFrom::value@2: 0, __ste_Client_AddressBook1_Alias0@2: 0, test::tmp___8@3: 0, test::op6@3: 0, setup_chuck::chuck___0@2: 3, __ste_ClientKeyring_size0@2: 0, mail::msg@2: 1, setup_bob__wrappee__Base::bob___0@2: 1, __ste_Client_Keyring0_User1@2: 0, __ste_Client_Keyring0_PublicKey0@2: 0, __ste_Client_Keyring1_PublicKey0@2: 0, __ste_email_isSignatureVerified0@2: 0, sent_signed@3: 1, sent_signed@2: -1, __VERIFIER_nondet_int!2@: 0, setup_bob::bob___0@2: 1, __ste_ClientAddressBook_size2@2: 0, getEmailFrom::__retval__@2: 1, __ste_email_id0@2: 0, __VERIFIER_nondet_int!3@: 0, outgoing__wrappee__Keys::client@2: 1, setEmailTo::handle@2: 1, test::tmp___7@3: 0, test::op5@3: 0, createEmail::to@2: 2, isSigned::retValue_acc@3: 1, getEmailTo::handle@2: 1, __VERIFIER_nondet_int!4@: 0, outgoing::client@2: 1, __utac_acc__SignVerify_spec__1::msg@2: 1, __VERIFIER_nondet_int!10@: 0, rjh@3: 2, __ste_email_from1@2: 0, rjh@2: 0, __ste_email_isSigned0@3: 1, __VERIFIER_nondet_int!5@: 0, __ste_email_isSigned0@2: 0, test::tmp___6@3: 0, __ste_client_privateKey2@3: 789, __ste_client_privateKey2@2: 0, __ste_Client_AddressBook1_Alias2@2: 0, setClientPrivateKey::handle@2: 1, __ste_Client_Keyring1_User0@2: 0, __ste_Client_Keyring2_User1@2: 0, test::op4@3: 0, __VERIFIER_nondet_int!11@: 0, sendEmail::sender@2: 1, valid_product::__retval__@2: 1, __VERIFIER_nondet_int!6@: 0, findPublicKey::handle@2: 1, __ste_Client_counter@2: 0, isSigned::__retval__@2: 1, getEmailTo::__retval__@2: 2, __ste_email_from0@4: 1, __VERIFIER_nondet_int!12@: 0, __ste_email_from0@3: 0, __ste_email_from0@2: 0, test::tmp___5@3: 0, __VERIFIER_nondet_int!7@: 0, verify::client@2: 2, __ste_Client_AddressBook1_Alias1@2: 0, valid_product::retValue_acc@3: 1, test::op3@3: 0, outgoing::msg@2: 1, getClientPrivateKey::__retval__@2: 123, getEmailFrom::handle@2: 1, __ste_Client_Keyring2_PublicKey1@2: 0, __ste_Email_counter@2: 0, __ste_Client_AddressBook2_Alias2@2: 0, __VERIFIER_nondet_int!8@: 0, setEmailIsSigned::handle@2: 1, isEncrypted::handle@2: 1, head@2: 0, __ste_client_idCounter0@3: 1, __ste_client_idCounter0@2: 0, __ste_email_to1@2: 0, sign::client@2: 1, test::tmp___4@3: 0, test::op11@3: 0, __VERIFIER_nondet_int!9@: 0, __ste_client_privateKey0@3: 123, incoming::client@2: 2, setClientId::handle@2: 1, __ste_client_privateKey0@2: 0, getEmailFrom::retValue_acc@3: 1, queued_client@2: 0, __ste_client_autoResponse0@2: 0, sendEmail::receiver@2: 2, test::op2@3: 0, incoming__wrappee__Verify::msg@2: 1, findPublicKey::userid@2: 2, outgoing__wrappee__Keys::msg@2: 1, setEmailTo::value@2: 2, getClientPrivateKey::handle@2: 1, __ste_email_to0@3: 2, __ste_email_to0@2: 0, __ste_Client_AddressBook0_Alias0@2: 0, createEmail::msg@3: 1, getClientId::retValue_acc@3: 1, test::tmp___3@3: 0, __ste_email_isSigned1@2: 0, __ste_email_signKey1@2: 0, setEmailIsSigned::value@2: 1, setClientId::value@2: 1, __ste_client_privateKey1@2: 0, __ste_client_privateKey1@3: 456, __ste_Client_Keyring1_User1@2: 0, test::op9@3: 0, __ste_Client_Keyring2_User0@2: 0, queued_message@2: 0, __ste_client_autoResponse1@2: 0, test::op1@3: 0, __ste_Client_Keyring1_PublicKey1@2: 0, setup_chuck__wrappee__Base::chuck___0@2: 3, __ste_Client_AddressBook2_Alias0@2: 0, findPublicKey::retValue_acc@3: 0, incoming__wrappee__Verify::client@2: 2, isSigned::handle@2: 1, __ste_client_idCounter2@2: 0, verify::__utac__ad__arg2@3: 1, __ste_client_idCounter2@3: 3, isEncrypted::retValue_acc@3: 0, __ste_email_encryptionKey1@2: 0, getClientId::__retval__@2: 1, __ste_Client_AddressBook0_Alias1@2: 0, __ste_email_signKey0@3: 123, __ste_email_signKey0@2: 0, isEncrypted::__retval__@2: 0, test::tmp___2@3: 0, setup_rjh::rjh___0@2: 2, setEmailFrom::handle@2: 1, test::op8@3: 0, queue_empty@2: 1, findPublicKey::__retval__@2: 0, __ste_client_autoResponse2@2: 0, __ste_email_isEncrypted1@2: 0, __ste_ClientKeyring_size2@2: 0, outgoing__wrappee__AutoResponder::client@2: 1, outgoing__wrappee__AutoResponder::msg@2: 1, createEmail::from@2: 0, test::splverifierCounter@4: 1, test::splverifierCounter@3: 0, __ste_Client_AddressBook2_Alias1@2: 0, __utac_acc__SignVerify_spec__2::msg@2: 1, chuck@3: 3, chuck@2: 0, verify::msg@2: 1, __ste_client_idCounter1@3: 2, __ste_Client_Keyring2_PublicKey0@2: 0, __ste_ClientAddressBook_size0@2: 0, verify::__utac__ad__arg1@3: 2, test::tmp@3: 0, __ste_client_idCounter1@2: 0, __utac_acc__SignVerify_spec__2::client@2: 2, getEmailTo::retValue_acc@3: 2, __ste_email_encryptionKey0@2: 0, __utac_acc__SignVerify_spec__2::__cil_tmp8@3: 8, createEmail::__retval__@2: 1, __ste_Client_AddressBook0_Alias2@2: 0, getClientPrivateKey::retValue_acc@3: 123, test::op10@3: 0, test::tmp___1@3: 0, setEmailSignKey::value@2: 123, test::tmp___9@3: 0, setEmailSignKey::handle@2: 1, test::op7@3: 0, __ste_ClientKeyring_size1@2: 0, __ste_email_isEncrypted0@2: 0, __ste_Client_Keyring0_User0@2: 0, __string__(7): 8, __string__(2): 11, __string__(1): 10, __string__(0): 9]
Stopping analysis ... (CPAchecker.runAlgorithm, INFO)


PredicateCPA statistics
-----------------------
Number of abstractions:            1 (0% of all post computations)
  Times abstraction was reused:    0
  Because of function entry/exit:  0 (0%)
  Because of loop head:            0 (0%)
  Because of join nodes:           0 (0%)
  Because of threshold:            0 (0%)
  Because of target state:         1 (100%)
  Times precision was empty:       1 (100%)
  Times precision was {false}:     0 (0%)
  Times result was cached:         0 (0%)
  Times cartesian abs was used:    0 (0%)
  Times boolean abs was used:      0 (0%)
  Times result was 'false':        0 (0%)
Number of strengthen sat checks:   0
Number of coverage checks:         20
  BDD entailment checks:           0
Number of SMT sat checks:          0
  trivial:                         0
  cached:                          0

Max ABE block size:                       333
Avg ABE block size:                                333.00 (sum: 333, count: 1, min: 333, max: 333)
Number of predicates discovered:          0

Time for post operator:                                0.317s
  Time for path formula creation:                      0.314s
Time for strengthen operator:                          0.011s
Time for prec operator:                                0.007s
  Time for abstraction:                  0.000s (Max:     0.000s, Count: 1)
    Solving time:                        0.000s (Max:     0.000s)
    Model enumeration time:              0.000s
    Time for BDD construction:           0.000s (Max:     0.000s)
Time for merge operator:                               0.018s
Time for coverage checks:                              0.000s
Total time for SMT solver (w/o itp):     0.000s

Total number of created targets for pointer analysis: 0



KeyValue statistics
-------------------
Init. function predicates:                         0
Init. global predicates:                           0
Init. location predicates:                         0

Invariant Generation statistics
-------------------------------

Bounds CPA statistics
---------------------
Bound k:                                           1
Maximum loop iteration reached:                    2


ValueAnalysisCPA statistics
---------------------------
Number of variables per state:                     106.01 (sum: 108344, count: 1022, min: 0, max: 163)
Number of global variables per state:              88.32 (sum: 90266, count: 1022, min: 0, max: 103)
Number of assumptions:                                  526
Number of deterministic assumptions:                      0
Level of Determinism:                              0%

ValueAnalysisPrecisionAdjustment statistics
-------------------------------------------
Number of abstraction computations:                    1031
Total time for liveness abstraction:                   0.000s
Total time for abstraction computation:                0.037s
Total time for path thresholds:                        0.000s

ConstraintsStrengthenOperator statistics
----------------------------------------
Total time for strengthening by ConstraintsCPA:     0.000s
Replaced symbolic expressions: 0

AutomatonAnalysis (SVCOMP) statistics
-------------------------------------
Number of states:                                  1
Total time for successor computation:                  0.007s
Automaton transfers with branching:                0
Automaton transfer successors:                     1.00 (sum: 1031, count: 1032, min: 0, max: 1) [0, 1 x 1031]
Number of states with assumption transitions:      0

CPA algorithm statistics
------------------------
Number of iterations:            1022
Max size of waitlist:            3
Average size of waitlist:        1
LoopstackSortedWaitlist:                           0.09 (sum: 86, count: 936, min: 0, max: 86)
ReversePostorderSortedWaitlist:                    0.00 (sum: 0, count: 939, min: 0, max: 0)
LoopIterationSortedWaitlist:                       0.09 (sum: 83, count: 936, min: 0, max: 83)
CallstackSortedWaitlist:                           86.00 (sum: 86, count: 1, min: 86, max: 86)
Number of computed successors:   1031
Max successors for one state:    2
Number of times merged:          10
Number of times stopped:         10
Number of times breaked:         0

Total time for CPA algorithm:         0.660s (Max:     0.660s)
  Time for choose from waitlist:      0.018s
  Time for precision adjustment:      0.091s
  Time for transfer relation:         0.479s
  Time for merge operator:            0.025s
  Time for stop operator:             0.010s
  Time for adding to reached set:     0.025s

BMC algorithm statistics
------------------------
Time for BMC formula creation:                       0.661s
Time for final sat check:                            1.050s
Time for error-path creation:                        0.121s
Time for error-path post-processing:                 1.247s

CPAchecker general statistics
-----------------------------
Number of program locations:                       2001
Number of CFA edges (per node):                        2263 (count: 2001, min: 0, max: 6, avg: 1.13)
Number of relevant variables:                      413
Number of functions:                               114
Number of loops (and loop nodes):                         4 (sum: 151, min: 15, max: 101, avg: 37.75)
Size of reached set:             1022
  Number of reached locations:   793 (40%)
    Avg states per location:     1
    Max states per location:     6 (at node N1853)
  Number of reached functions:   57 (50%)
  Number of partitions:          1022
    Avg size of partitions:      1
    Max size of partitions:      1
  Number of target states:       1

Time for analysis setup:          2.885s
  Time for loading CPAs:          1.392s
  Time for loading parser:        0.243s
  Time for CFA construction:      1.189s
    Time for parsing file(s):     0.491s
    Time for AST to CFA:          0.378s
    Time for CFA sanity check:    0.001s
    Time for post-processing:     0.239s
    Time for loop structure:      0.014s
    Time for AST structure:       0.000s
      Time for function pointers resolving:            0.006s
        Function calls via function pointers:             1 (count: 1, min: 1, max: 1, avg: 1.00)
        Instrumented function pointer calls:              0 (count: 1, min: 0, max: 0, avg: 0.00)
        Function calls with function pointer arguments:        0 (count: 1, min: 0, max: 0, avg: 0.00)
        Instrumented function pointer arguments:          0 (count: 1, min: 0, max: 0, avg: 0.00)
      Time for classifying variables:                  0.168s
        Time for collecting variables:                 0.088s
        Time for solving dependencies:                 0.014s
        Time for building hierarchy:                   0.000s
        Time for building classification:              0.066s
        Time for exporting data:                       0.000s
Time for Analysis:                3.357s
CPU time for analysis:            5.580s
Time for analyzing result:        0.002s
Total time for CPAchecker:        6.243s
Total CPU time for CPAchecker:   11.220s
Time for statistics:              0.050s

Time for Garbage Collector:       0.086s (in 9 runs)
Garbage Collector(s) used:    G1 Old Generation, G1 Young Generation

Verification result: FALSE. Property violation (unreach-call: reach_error(); called in line 213) found by chosen configuration.
More details about the verification run can be found in the directory "./output".
