scripts/cpa.sh -heap 13000M -stack 50M -noout -benchmark -bmc -setprop cpa.predicate.useArraysForHeap=false -setprop cpa.predicate.memoryAllocationsAlwaysSucceed=true -setprop cpa.loopbound.maxLoopIterations=1 -setprop cpa.predicate.encodeFloatAs=INTEGER -setprop cpa.predicate.encodeBitvectorAs=INTEGER -setprop solver.solver=princess_binary -setprop proveroptions.option=use_binary -timelimit 900s -stats -spec test/programs/benchmarks/properties/unreach-call.prp -64 test/programs/benchmarks/ldv-linux-4.2-rc1/linux-4.2-rc1.tar.xz-43_2a-drivers--net--wireless--iwlegacy--iwl3945.ko-entry_point.cil.out.i


--------------------------------------------------------------------------------


Running CPAchecker with Java heap of size 13000M.
Running CPAchecker with Java stack of size 50M.
Language C detected and set for analysis (CPAMain.detectFrontendLanguageIfNecessary, INFO)

Using the following resource limits: CPU-time limit of 900s (ResourceLimitChecker.fromConfiguration, INFO)

CPAchecker 2.3.1-svn-45350M / bmc (OpenJDK 64-Bit Server VM 17.0.8.1) started (CPAchecker.run, INFO)

Parsing CFA from file(s) "test/programs/benchmarks/ldv-linux-4.2-rc1/linux-4.2-rc1.tar.xz-43_2a-drivers--net--wireless--iwlegacy--iwl3945.ko-entry_point.cil.out.i" (CPAchecker.parse, INFO)

lines 8660-8661: Dead code detected: __asm__ volatile (".pushsection .smp_locks,\"a\"\n.balign 4\n.long 671f - .\n.popsection\n671:\n\tlock; xaddb %b0, %1\n": "+q" (__ret),
                       "+m" (v->counter): : "memory", "cc"); (CFACreationUtils.addEdgeToCFA, INFO)

lines 8664-8665: Dead code detected: __asm__ volatile (".pushsection .smp_locks,\"a\"\n.balign 4\n.long 671f - .\n.popsection\n671:\n\tlock; xaddw %w0, %1\n": "+r" (__ret),
                       "+m" (v->counter): : "memory", "cc"); (CFACreationUtils.addEdgeToCFA, INFO)

lines 8672-8673: Dead code detected: __asm__ volatile (".pushsection .smp_locks,\"a\"\n.balign 4\n.long 671f - .\n.popsection\n671:\n\tlock; xaddq %q0, %1\n": "+r" (__ret),
                       "+m" (v->counter): : "memory", "cc"); (CFACreationUtils.addEdgeToCFA, INFO)

line 8675: Dead code detected: switch (4UL) {
  case 1UL:
  __asm__ volatile (".pushsection .smp_locks,\"a\"\n.balign 4\n.long 671f - .\n.popsection\n671:\n\tlock; xaddb %b0, %1\n": "+q" (__ret),
                       "+m" (v->counter): : "memory", "cc");
  goto ldv_5763;
  case 2UL:
  __asm__ volatile (".pushsection .smp_locks,\"a\"\n.balign 4\n.long 671f - .\n.popsection\n671:\n\tlock; xaddw %w0, %1\n": "+r" (__ret),
                       "+m" (v->counter): : "memory", "cc");
  goto ldv_5763;
  case 4UL:
  __asm__ volatile (".pushsection .smp_locks,\"a\"\n.balign 4\n.long 671f - .\n.popsection\n671:\n\tlock; xaddl %0, %1\n": "+r" (__ret),
                       "+m" (v->counter): : "memory", "cc");
  goto ldv_5763;
  case 8UL:
  __asm__ volatile (".pushsection .smp_locks,\"a\"\n.balign 4\n.long 671f - .\n.popsection\n671:\n\tlock; xaddq %q0, %1\n": "+r" (__ret),
                       "+m" (v->counter): : "memory", "cc");
  goto ldv_5763;
  default:
  __xadd_wrong_size();
  } (CFACreationUtils.addEdgeToCFA, INFO)

line 8689: Dead code detected: __asm__ ("movb %%gs:%1,%0": "=q" (pfo_ret__): "m" (__preempt_count)); (CFACreationUtils.addEdgeToCFA, INFO)

line 8692: Dead code detected: __asm__ ("movw %%gs:%1,%0": "=r" (pfo_ret__): "m" (__preempt_count)); (CFACreationUtils.addEdgeToCFA, INFO)

line 8698: Dead code detected: __asm__ ("movq %%gs:%1,%0": "=r" (pfo_ret__): "m" (__preempt_count)); (CFACreationUtils.addEdgeToCFA, INFO)

line 8700: Dead code detected: switch (4UL) {
  case 1UL:
  __asm__ ("movb %%gs:%1,%0": "=q" (pfo_ret__): "m" (__preempt_count));
  goto ldv_6106;
  case 2UL:
  __asm__ ("movw %%gs:%1,%0": "=r" (pfo_ret__): "m" (__preempt_count));
  goto ldv_6106;
  case 4UL:
  __asm__ ("movl %%gs:%1,%0": "=r" (pfo_ret__): "m" (__preempt_count));
  goto ldv_6106;
  case 8UL:
  __asm__ ("movq %%gs:%1,%0": "=r" (pfo_ret__): "m" (__preempt_count));
  goto ldv_6106;
  default:
  __bad_percpu_size();
  } (CFACreationUtils.addEdgeToCFA, INFO)

line 17631: Dead code detected: tmp___1 = il_get_debug_level(il); (CFACreationUtils.addEdgeToCFA, INFO)

line 17632: Dead code detected: [(int )tmp___1 & 1] (CFACreationUtils.addEdgeToCFA, INFO)

line 17635: Dead code detected: [!(((unsigned long )tmp___0 & 2096896UL) != 0UL)] (CFACreationUtils.addEdgeToCFA, INFO)

line 17635: Dead code detected: 73 (CFACreationUtils.addEdgeToCFA, INFO)

line 17635: Dead code detected: 85 (CFACreationUtils.addEdgeToCFA, INFO)

line 17639: Dead code detected: i = 0; (CFACreationUtils.addEdgeToCFA, INFO)

line 20976: Dead code detected: [pao_ID__ == 1] (CFACreationUtils.addEdgeToCFA, INFO)

line 20976: Dead code detected: [!(pao_ID__ == 1)] (CFACreationUtils.addEdgeToCFA, INFO)

line 20977: Dead code detected: __asm__ ("incb %%gs:%0": "+m" (__preempt_count)); (CFACreationUtils.addEdgeToCFA, INFO)

line 20979: Dead code detected: [pao_ID__ == -1] (CFACreationUtils.addEdgeToCFA, INFO)

line 20979: Dead code detected: [!(pao_ID__ == -1)] (CFACreationUtils.addEdgeToCFA, INFO)

line 20980: Dead code detected: __asm__ ("decb %%gs:%0": "+m" (__preempt_count)); (CFACreationUtils.addEdgeToCFA, INFO)

line 20982: Dead code detected: __asm__ ("addb %1, %%gs:%0": "+m" (__preempt_count): "qi" (val)); (CFACreationUtils.addEdgeToCFA, INFO)

line 20986: Dead code detected: [pao_ID__ == 1] (CFACreationUtils.addEdgeToCFA, INFO)

line 20986: Dead code detected: [!(pao_ID__ == 1)] (CFACreationUtils.addEdgeToCFA, INFO)

line 20987: Dead code detected: __asm__ ("incw %%gs:%0": "+m" (__preempt_count)); (CFACreationUtils.addEdgeToCFA, INFO)

line 20989: Dead code detected: [pao_ID__ == -1] (CFACreationUtils.addEdgeToCFA, INFO)

line 20989: Dead code detected: [!(pao_ID__ == -1)] (CFACreationUtils.addEdgeToCFA, INFO)

line 20990: Dead code detected: __asm__ ("decw %%gs:%0": "+m" (__preempt_count)); (CFACreationUtils.addEdgeToCFA, INFO)

line 20992: Dead code detected: __asm__ ("addw %1, %%gs:%0": "+m" (__preempt_count): "ri" (val)); (CFACreationUtils.addEdgeToCFA, INFO)

line 21006: Dead code detected: [pao_ID__ == 1] (CFACreationUtils.addEdgeToCFA, INFO)

line 21006: Dead code detected: [!(pao_ID__ == 1)] (CFACreationUtils.addEdgeToCFA, INFO)

line 21007: Dead code detected: __asm__ ("incq %%gs:%0": "+m" (__preempt_count)); (CFACreationUtils.addEdgeToCFA, INFO)

line 21009: Dead code detected: [pao_ID__ == -1] (CFACreationUtils.addEdgeToCFA, INFO)

line 21009: Dead code detected: [!(pao_ID__ == -1)] (CFACreationUtils.addEdgeToCFA, INFO)

line 21010: Dead code detected: __asm__ ("decq %%gs:%0": "+m" (__preempt_count)); (CFACreationUtils.addEdgeToCFA, INFO)

line 21012: Dead code detected: __asm__ ("addq %1, %%gs:%0": "+m" (__preempt_count): "re" (val)); (CFACreationUtils.addEdgeToCFA, INFO)

line 21015: Dead code detected: switch (4UL) {
  case 1UL: ;
  if (pao_ID__ == 1) {
    __asm__ ("incb %%gs:%0": "+m" (__preempt_count));
  } else
  if (pao_ID__ == -1) {
    __asm__ ("decb %%gs:%0": "+m" (__preempt_count));
  } else {
    __asm__ ("addb %1, %%gs:%0": "+m" (__preempt_count): "qi" (val));
  }
  goto ldv_6163;
  case 2UL: ;
  if (pao_ID__ == 1) {
    __asm__ ("incw %%gs:%0": "+m" (__preempt_count));
  } else
  if (pao_ID__ == -1) {
    __asm__ ("decw %%gs:%0": "+m" (__preempt_count));
  } else {
    __asm__ ("addw %1, %%gs:%0": "+m" (__preempt_count): "ri" (val));
  }
  goto ldv_6163;
  case 4UL: ;
  if (pao_ID__ == 1) {
    __asm__ ("incl %%gs:%0": "+m" (__preempt_count));
  } else
  if (pao_ID__ == -1) {
    __asm__ ("decl %%gs:%0": "+m" (__preempt_count));
  } else {
    __asm__ ("addl %1, %%gs:%0": "+m" (__preempt_count): "ri" (val));
  }
  goto ldv_6163;
  case 8UL: ;
  if (pao_ID__ == 1) {
    __asm__ ("incq %%gs:%0": "+m" (__preempt_count));
  } else
  if (pao_ID__ == -1) {
    __asm__ ("decq %%gs:%0": "+m" (__preempt_count));
  } else {
    __asm__ ("addq %1, %%gs:%0": "+m" (__preempt_count): "re" (val));
  }
  goto ldv_6163;
  default:
  __bad_percpu_size();
  } (CFACreationUtils.addEdgeToCFA, INFO)

line 21029: Dead code detected: [pao_ID__ == 1] (CFACreationUtils.addEdgeToCFA, INFO)

line 21029: Dead code detected: [!(pao_ID__ == 1)] (CFACreationUtils.addEdgeToCFA, INFO)

line 21030: Dead code detected: __asm__ ("incb %%gs:%0": "+m" (__preempt_count)); (CFACreationUtils.addEdgeToCFA, INFO)

line 21032: Dead code detected: [pao_ID__ == -1] (CFACreationUtils.addEdgeToCFA, INFO)

line 21032: Dead code detected: [!(pao_ID__ == -1)] (CFACreationUtils.addEdgeToCFA, INFO)

line 21033: Dead code detected: __asm__ ("decb %%gs:%0": "+m" (__preempt_count)); (CFACreationUtils.addEdgeToCFA, INFO)

line 21035: Dead code detected: __asm__ ("addb %1, %%gs:%0": "+m" (__preempt_count): "qi" (- val)); (CFACreationUtils.addEdgeToCFA, INFO)

line 21039: Dead code detected: [pao_ID__ == 1] (CFACreationUtils.addEdgeToCFA, INFO)

line 21039: Dead code detected: [!(pao_ID__ == 1)] (CFACreationUtils.addEdgeToCFA, INFO)

line 21040: Dead code detected: __asm__ ("incw %%gs:%0": "+m" (__preempt_count)); (CFACreationUtils.addEdgeToCFA, INFO)

line 21042: Dead code detected: [pao_ID__ == -1] (CFACreationUtils.addEdgeToCFA, INFO)

line 21042: Dead code detected: [!(pao_ID__ == -1)] (CFACreationUtils.addEdgeToCFA, INFO)

line 21043: Dead code detected: __asm__ ("decw %%gs:%0": "+m" (__preempt_count)); (CFACreationUtils.addEdgeToCFA, INFO)

line 21045: Dead code detected: __asm__ ("addw %1, %%gs:%0": "+m" (__preempt_count): "ri" (- val)); (CFACreationUtils.addEdgeToCFA, INFO)

line 21059: Dead code detected: [pao_ID__ == 1] (CFACreationUtils.addEdgeToCFA, INFO)

line 21059: Dead code detected: [!(pao_ID__ == 1)] (CFACreationUtils.addEdgeToCFA, INFO)

line 21060: Dead code detected: __asm__ ("incq %%gs:%0": "+m" (__preempt_count)); (CFACreationUtils.addEdgeToCFA, INFO)

line 21062: Dead code detected: [pao_ID__ == -1] (CFACreationUtils.addEdgeToCFA, INFO)

line 21062: Dead code detected: [!(pao_ID__ == -1)] (CFACreationUtils.addEdgeToCFA, INFO)

line 21063: Dead code detected: __asm__ ("decq %%gs:%0": "+m" (__preempt_count)); (CFACreationUtils.addEdgeToCFA, INFO)

line 21065: Dead code detected: __asm__ ("addq %1, %%gs:%0": "+m" (__preempt_count): "re" (- val)); (CFACreationUtils.addEdgeToCFA, INFO)

line 21068: Dead code detected: switch (4UL) {
  case 1UL: ;
  if (pao_ID__ == 1) {
    __asm__ ("incb %%gs:%0": "+m" (__preempt_count));
  } else
  if (pao_ID__ == -1) {
    __asm__ ("decb %%gs:%0": "+m" (__preempt_count));
  } else {
    __asm__ ("addb %1, %%gs:%0": "+m" (__preempt_count): "qi" (- val));
  }
  goto ldv_6175;
  case 2UL: ;
  if (pao_ID__ == 1) {
    __asm__ ("incw %%gs:%0": "+m" (__preempt_count));
  } else
  if (pao_ID__ == -1) {
    __asm__ ("decw %%gs:%0": "+m" (__preempt_count));
  } else {
    __asm__ ("addw %1, %%gs:%0": "+m" (__preempt_count): "ri" (- val));
  }
  goto ldv_6175;
  case 4UL: ;
  if (pao_ID__ == 1) {
    __asm__ ("incl %%gs:%0": "+m" (__preempt_count));
  } else
  if (pao_ID__ == -1) {
    __asm__ ("decl %%gs:%0": "+m" (__preempt_count));
  } else {
    __asm__ ("addl %1, %%gs:%0": "+m" (__preempt_count): "ri" (- val));
  }
  goto ldv_6175;
  case 8UL: ;
  if (pao_ID__ == 1) {
    __asm__ ("incq %%gs:%0": "+m" (__preempt_count));
  } else
  if (pao_ID__ == -1) {
    __asm__ ("decq %%gs:%0": "+m" (__preempt_count));
  } else {
    __asm__ ("addq %1, %%gs:%0": "+m" (__preempt_count): "re" (- val));
  }
  goto ldv_6175;
  default:
  __bad_percpu_size();
  } (CFACreationUtils.addEdgeToCFA, INFO)

Inline assembler ignored, analysis is probably unsound! (CFABuilder.createCFA, WARNING)

line 9167: Function pointer *(ops->map_page) with type dma_addr_t (*)(struct device *, struct page *, unsigned long, size_t , enum dma_data_direction , struct dma_attrs *) is called, but no possible target functions were found. (CFunctionPointerResolver.getTargets, WARNING)

line 9136: Function pointer *(ops->map_page) with type dma_addr_t (*)(struct device *, struct page *, unsigned long, size_t , enum dma_data_direction , struct dma_attrs *) is called, but no possible target functions were found. (CFunctionPointerResolver.getTargets, WARNING)

line 9213: Function pointer *(ops->mapping_error) with type int (*)(struct device *, dma_addr_t ) is called, but no possible target functions were found. (CFunctionPointerResolver.getTargets, WARNING)

line 9195: Function pointer *(ops->unmap_page) with type void (*)(struct device *, dma_addr_t , size_t , enum dma_data_direction , struct dma_attrs *) is called, but no possible target functions were found. (CFunctionPointerResolver.getTargets, WARNING)

line 17209: Function pointer *(ops->unmap_page) with type void (*)(struct device *, dma_addr_t , size_t , enum dma_data_direction , struct dma_attrs *) is called, but no possible target functions were found. (CFunctionPointerResolver.getTargets, WARNING)

Using unsound approximation of ints with unbounded integers and floats with unbounded integers for encoding program semantics. (PredicateCPA:FormulaManagerView.<init>, WARNING)

Using predicate analysis with Princess 2023-04-07. (PredicateCPA:PredicateCPA.<init>, INFO)

Using unsound approximation of ints with unbounded integers and floats with unbounded integers for encoding program semantics. (AssumptionStorageCPA:FormulaManagerView.<init>, WARNING)

The following configuration options were specified but are not used:
 proveroptions.option 
 (CPAchecker.printConfigurationWarnings, WARNING)

Starting analysis ... (CPAchecker.runAlgorithm, INFO)

Recursion detected, aborting. To ignore recursion, add -skipRecursion to the command line. (TargetLocationProvider:CallstackCPA:CallstackTransferRelation.getAbstractSuccessorsForEdge, INFO)

Recursion detected. Defaulting to selecting all locations as potential target locations. (TargetLocationProvider:TargetLocationProviderImpl.tryGetAutomatonTargetLocations, INFO)

Creating formula for program (AbstractBMCAlgorithm.run, INFO)

Exception in thread "main" org.sosy_lab.java_smt.basicimpl.GeneratorException: Modular Congruence is not available in SMTLIB2. 
	at org.sosy_lab.java_smt.basicimpl.AbstractNumeralFormulaManager.modularCongruence(AbstractNumeralFormulaManager.java:361)
	at org.sosy_lab.java_smt.solvers.princess.PrincessIntegerFormulaManager.modularCongruence(PrincessIntegerFormulaManager.java:22)
	at org.sosy_lab.cpachecker.util.predicates.smt.IntegerFormulaManagerView.modularCongruence(IntegerFormulaManagerView.java:35)
	at org.sosy_lab.cpachecker.util.predicates.smt.FormulaManagerView.makeModularCongruence(FormulaManagerView.java:688)
	at org.sosy_lab.cpachecker.util.predicates.smt.FormulaManagerView.makeModularCongruence(FormulaManagerView.java:670)
	at org.sosy_lab.cpachecker.util.predicates.pathformula.pointeraliasing.PointerTargetSetManager.makeBaseAddressConstraints(PointerTargetSetManager.java:653)
	at org.sosy_lab.cpachecker.util.predicates.pathformula.pointeraliasing.PointerTargetSetBuilder$RealPointerTargetSetBuilder.addNextBaseAddressConstraints(PointerTargetSetBuilder.java:286)
	at org.sosy_lab.cpachecker.util.predicates.pathformula.pointeraliasing.CToFormulaConverterWithPointerAliasing.declareSharedBase(CToFormulaConverterWithPointerAliasing.java:437)
	at org.sosy_lab.cpachecker.util.predicates.pathformula.pointeraliasing.CToFormulaConverterWithPointerAliasing.makeDeclaration(CToFormulaConverterWithPointerAliasing.java:1001)
	at org.sosy_lab.cpachecker.util.predicates.pathformula.ctoformula.CtoFormulaConverter.createFormulaForEdge(CtoFormulaConverter.java:1231)
	at org.sosy_lab.cpachecker.util.predicates.pathformula.ctoformula.CtoFormulaConverter.makeAnd(CtoFormulaConverter.java:1049)
	at org.sosy_lab.cpachecker.util.predicates.pathformula.PathFormulaManagerImpl.makeAnd(PathFormulaManagerImpl.java:246)
	at org.sosy_lab.cpachecker.util.predicates.pathformula.PathFormulaManagerImpl.makeAnd(PathFormulaManagerImpl.java:300)
	at org.sosy_lab.cpachecker.cpa.predicate.PredicateTransferRelation.convertEdgeToPathFormula(PredicateTransferRelation.java:203)
	at org.sosy_lab.cpachecker.cpa.predicate.PredicateTransferRelation.getAbstractSuccessorsForEdge(PredicateTransferRelation.java:113)
	at org.sosy_lab.cpachecker.cpa.composite.CompositeTransferRelation.callTransferRelation(CompositeTransferRelation.java:297)
	at org.sosy_lab.cpachecker.cpa.composite.CompositeTransferRelation.getAbstractSuccessorForSimpleEdge(CompositeTransferRelation.java:264)
	at org.sosy_lab.cpachecker.cpa.composite.CompositeTransferRelation.getAbstractSuccessorForEdge(CompositeTransferRelation.java:196)
	at org.sosy_lab.cpachecker.cpa.composite.CompositeTransferRelation.getAbstractSuccessors(CompositeTransferRelation.java:88)
	at org.sosy_lab.cpachecker.cpa.arg.ARGTransferRelation.getAbstractSuccessors(ARGTransferRelation.java:45)
	at org.sosy_lab.cpachecker.core.algorithm.CPAAlgorithm.handleState(CPAAlgorithm.java:334)
	at org.sosy_lab.cpachecker.core.algorithm.CPAAlgorithm.run0(CPAAlgorithm.java:289)
	at org.sosy_lab.cpachecker.core.algorithm.CPAAlgorithm.run(CPAAlgorithm.java:260)
	at org.sosy_lab.cpachecker.core.algorithm.bmc.BMCHelper.unroll(BMCHelper.java:192)
	at org.sosy_lab.cpachecker.core.algorithm.bmc.AbstractBMCAlgorithm.run(AbstractBMCAlgorithm.java:427)
	at org.sosy_lab.cpachecker.core.algorithm.bmc.BMCAlgorithm.run(BMCAlgorithm.java:130)
	at org.sosy_lab.cpachecker.core.CPAchecker.runAlgorithm(CPAchecker.java:507)
	at org.sosy_lab.cpachecker.core.CPAchecker.run(CPAchecker.java:369)
	at org.sosy_lab.cpachecker.cmdline.CPAMain.main(CPAMain.java:170)
