scripts/cpa.sh -heap 13000M -stack 50M -noout -benchmark -bmc -setprop cpa.predicate.useArraysForHeap=false -setprop cpa.predicate.memoryAllocationsAlwaysSucceed=true -setprop cpa.loopbound.maxLoopIterations=1 -setprop cpa.predicate.encodeFloatAs=INTEGER -setprop cpa.predicate.encodeBitvectorAs=INTEGER -setprop solver.solver=princess -timelimit 900s -stats -spec test/programs/benchmarks/properties/unreach-call.prp -64 test/programs/benchmarks/ldv-linux-3.14/linux-3.14_complex_emg_linux-drivers-clk1_drivers-net-ethernet-chelsio-cxgb3-cxgb3.cil.i


--------------------------------------------------------------------------------


Running CPAchecker with Java heap of size 13000M.
Running CPAchecker with Java stack of size 50M.
Language C detected and set for analysis (CPAMain.detectFrontendLanguageIfNecessary, INFO)

Using the following resource limits: CPU-time limit of 900s (ResourceLimitChecker.fromConfiguration, INFO)

CPAchecker 2.3.1-svn-45350M / bmc (OpenJDK 64-Bit Server VM 17.0.8.1) started (CPAchecker.run, INFO)

Parsing CFA from file(s) "test/programs/benchmarks/ldv-linux-3.14/linux-3.14_complex_emg_linux-drivers-clk1_drivers-net-ethernet-chelsio-cxgb3-cxgb3.cil.i" (CPAchecker.parse, INFO)

line 7065: Dead code detected: return (1); (CFACreationUtils.addEdgeToCFA, INFO)

line 7123: Dead code detected: goto case_1; (CFACreationUtils.addEdgeToCFA, INFO)

line 7127: Dead code detected: goto case_2; (CFACreationUtils.addEdgeToCFA, INFO)

line 7131: Dead code detected: goto case_4; (CFACreationUtils.addEdgeToCFA, INFO)

line 7138: Dead code detected: goto switch_default; (CFACreationUtils.addEdgeToCFA, INFO)

Dead code detected: Label switch_break is not reachable. (CFAFunctionBuilder.leave, INFO)

Dead code detected: Label switch_default is not reachable. (CFAFunctionBuilder.leave, INFO)

Dead code detected: Label case_4 is not reachable. (CFAFunctionBuilder.leave, INFO)

Dead code detected: Label case_1 is not reachable. (CFAFunctionBuilder.leave, INFO)

Dead code detected: Label case_2 is not reachable. (CFAFunctionBuilder.leave, INFO)

Dead code detected: Label switch_break is not reachable. (CFAFunctionBuilder.leave, INFO)

Dead code detected: Label switch_break is not reachable. (CFAFunctionBuilder.leave, INFO)

Dead code detected: Label switch_break is not reachable. (CFAFunctionBuilder.leave, INFO)

line 12610: Dereferencing of non-pointer type irq_handler_t  in expression *tmp___0 (ASTConverter.convert, WARNING)

line 12944: Dead code detected: goto case_1; (CFACreationUtils.addEdgeToCFA, INFO)

line 12948: Dead code detected: goto case_2; (CFACreationUtils.addEdgeToCFA, INFO)

line 12952: Dead code detected: goto case_4; (CFACreationUtils.addEdgeToCFA, INFO)

line 12959: Dead code detected: goto switch_default; (CFACreationUtils.addEdgeToCFA, INFO)

Dead code detected: Label switch_break is not reachable. (CFAFunctionBuilder.leave, INFO)

Dead code detected: Label switch_default is not reachable. (CFAFunctionBuilder.leave, INFO)

Dead code detected: Label case_4 is not reachable. (CFAFunctionBuilder.leave, INFO)

Dead code detected: Label case_1 is not reachable. (CFAFunctionBuilder.leave, INFO)

Dead code detected: Label case_2 is not reachable. (CFAFunctionBuilder.leave, INFO)

line 15141: Dead code detected: return (arg0); (CFACreationUtils.addEdgeToCFA, INFO)

line 15160: Dead code detected: return (arg0); (CFACreationUtils.addEdgeToCFA, INFO)

line 15163: Dead code detected: return (arg0); (CFACreationUtils.addEdgeToCFA, INFO)

line 15165: Dead code detected: return (arg0); (CFACreationUtils.addEdgeToCFA, INFO)

line 16665: Dead code detected: return; (CFACreationUtils.addEdgeToCFA, INFO)

line 16677: Dead code detected: return; (CFACreationUtils.addEdgeToCFA, INFO)

line 17548: Dead code detected: return; (CFACreationUtils.addEdgeToCFA, INFO)

line 17589: Dead code detected: return (arg0); (CFACreationUtils.addEdgeToCFA, INFO)

line 17590: Dead code detected: return (arg0); (CFACreationUtils.addEdgeToCFA, INFO)

line 17633: Dead code detected: return (arg0); (CFACreationUtils.addEdgeToCFA, INFO)

line 21160: Dead code detected: return; (CFACreationUtils.addEdgeToCFA, INFO)

line 21236: Dead code detected: return (ldv_func_res); (CFACreationUtils.addEdgeToCFA, INFO)

line 21294: Dead code detected: return (ldv_func_res); (CFACreationUtils.addEdgeToCFA, INFO)

line 21322: Dead code detected: return (ldv_func_res); (CFACreationUtils.addEdgeToCFA, INFO)

line 21338: Dead code detected: return (ldv_func_res); (CFACreationUtils.addEdgeToCFA, INFO)

line 21353: Dead code detected: return (ldv_func_res); (CFACreationUtils.addEdgeToCFA, INFO)

line 21400: Dead code detected: return (ldv_func_res); (CFACreationUtils.addEdgeToCFA, INFO)

Dead code detected: Label switch_break is not reachable. (CFAFunctionBuilder.leave, INFO)

line 31468: Dead code detected: goto case_1; (CFACreationUtils.addEdgeToCFA, INFO)

line 31472: Dead code detected: goto case_2; (CFACreationUtils.addEdgeToCFA, INFO)

line 31480: Dead code detected: goto case_8; (CFACreationUtils.addEdgeToCFA, INFO)

line 31483: Dead code detected: goto switch_default; (CFACreationUtils.addEdgeToCFA, INFO)

Dead code detected: Label case_8 is not reachable. (CFAFunctionBuilder.leave, INFO)

Dead code detected: Label switch_break is not reachable. (CFAFunctionBuilder.leave, INFO)

Dead code detected: Label switch_default is not reachable. (CFAFunctionBuilder.leave, INFO)

Dead code detected: Label case_1 is not reachable. (CFAFunctionBuilder.leave, INFO)

Dead code detected: Label case_2 is not reachable. (CFAFunctionBuilder.leave, INFO)

line 32619: Dead code detected: goto case_1; (CFACreationUtils.addEdgeToCFA, INFO)

line 32638: Dead code detected: goto case_1___0; (CFACreationUtils.addEdgeToCFA, INFO)

line 32642: Dead code detected: goto case_2; (CFACreationUtils.addEdgeToCFA, INFO)

line 32650: Dead code detected: goto case_8; (CFACreationUtils.addEdgeToCFA, INFO)

line 32653: Dead code detected: goto switch_default; (CFACreationUtils.addEdgeToCFA, INFO)

line 32623: Dead code detected: goto case_2___0; (CFACreationUtils.addEdgeToCFA, INFO)

line 32678: Dead code detected: goto case_1___1; (CFACreationUtils.addEdgeToCFA, INFO)

line 32682: Dead code detected: goto case_2___1; (CFACreationUtils.addEdgeToCFA, INFO)

line 32690: Dead code detected: goto case_8___0; (CFACreationUtils.addEdgeToCFA, INFO)

line 32693: Dead code detected: goto switch_default___0; (CFACreationUtils.addEdgeToCFA, INFO)

line 32718: Dead code detected: goto case_1___2; (CFACreationUtils.addEdgeToCFA, INFO)

line 32722: Dead code detected: goto case_2___2; (CFACreationUtils.addEdgeToCFA, INFO)

line 32730: Dead code detected: goto case_8___1; (CFACreationUtils.addEdgeToCFA, INFO)

line 32733: Dead code detected: goto switch_default___1; (CFACreationUtils.addEdgeToCFA, INFO)

line 32631: Dead code detected: goto case_8___2; (CFACreationUtils.addEdgeToCFA, INFO)

line 32758: Dead code detected: goto case_1___3; (CFACreationUtils.addEdgeToCFA, INFO)

line 32762: Dead code detected: goto case_2___3; (CFACreationUtils.addEdgeToCFA, INFO)

line 32770: Dead code detected: goto case_8___3; (CFACreationUtils.addEdgeToCFA, INFO)

line 32773: Dead code detected: goto switch_default___2; (CFACreationUtils.addEdgeToCFA, INFO)

line 32634: Dead code detected: goto switch_default___3; (CFACreationUtils.addEdgeToCFA, INFO)

Dead code detected: Label case_4___0 is not reachable. (CFAFunctionBuilder.leave, INFO)

Dead code detected: Label case_4___3 is not reachable. (CFAFunctionBuilder.leave, INFO)

Dead code detected: Label case_8___3 is not reachable. (CFAFunctionBuilder.leave, INFO)

Dead code detected: Label case_8___2 is not reachable. (CFAFunctionBuilder.leave, INFO)

Dead code detected: Label case_8___1 is not reachable. (CFAFunctionBuilder.leave, INFO)

Dead code detected: Label case_8 is not reachable. (CFAFunctionBuilder.leave, INFO)

Dead code detected: Label case_8___0 is not reachable. (CFAFunctionBuilder.leave, INFO)

Dead code detected: Label case_4 is not reachable. (CFAFunctionBuilder.leave, INFO)

Dead code detected: Label case_1 is not reachable. (CFAFunctionBuilder.leave, INFO)

Dead code detected: Label case_2 is not reachable. (CFAFunctionBuilder.leave, INFO)

Dead code detected: Label switch_break is not reachable. (CFAFunctionBuilder.leave, INFO)

Dead code detected: Label switch_default is not reachable. (CFAFunctionBuilder.leave, INFO)

Dead code detected: Label case_2___2 is not reachable. (CFAFunctionBuilder.leave, INFO)

Dead code detected: Label case_2___3 is not reachable. (CFAFunctionBuilder.leave, INFO)

Dead code detected: Label case_2___0 is not reachable. (CFAFunctionBuilder.leave, INFO)

Dead code detected: Label case_2___1 is not reachable. (CFAFunctionBuilder.leave, INFO)

Dead code detected: Label case_1___1 is not reachable. (CFAFunctionBuilder.leave, INFO)

Dead code detected: Label case_1___2 is not reachable. (CFAFunctionBuilder.leave, INFO)

Dead code detected: Label case_1___3 is not reachable. (CFAFunctionBuilder.leave, INFO)

Dead code detected: Label case_1___0 is not reachable. (CFAFunctionBuilder.leave, INFO)

line 36989: Dead code detected: return (ldv_func_res); (CFACreationUtils.addEdgeToCFA, INFO)

line 37004: Dead code detected: return (ldv_func_res); (CFACreationUtils.addEdgeToCFA, INFO)

line 37019: Dead code detected: return (ldv_func_res); (CFACreationUtils.addEdgeToCFA, INFO)

line 37034: Dead code detected: return (ldv_func_res); (CFACreationUtils.addEdgeToCFA, INFO)

line 37049: Dead code detected: return (ldv_func_res); (CFACreationUtils.addEdgeToCFA, INFO)

line 37064: Dead code detected: return (ldv_func_res); (CFACreationUtils.addEdgeToCFA, INFO)

line 37094: Dead code detected: return (1); (CFACreationUtils.addEdgeToCFA, INFO)

line 37104: Dead code detected: goto case_1; (CFACreationUtils.addEdgeToCFA, INFO)

line 37108: Dead code detected: goto case_2; (CFACreationUtils.addEdgeToCFA, INFO)

line 37116: Dead code detected: goto case_8; (CFACreationUtils.addEdgeToCFA, INFO)

line 37119: Dead code detected: goto switch_default; (CFACreationUtils.addEdgeToCFA, INFO)

Dead code detected: Label case_8 is not reachable. (CFAFunctionBuilder.leave, INFO)

Dead code detected: Label switch_break is not reachable. (CFAFunctionBuilder.leave, INFO)

Dead code detected: Label switch_default is not reachable. (CFAFunctionBuilder.leave, INFO)

Dead code detected: Label case_1 is not reachable. (CFAFunctionBuilder.leave, INFO)

Dead code detected: Label case_2 is not reachable. (CFAFunctionBuilder.leave, INFO)

line 37158: Dead code detected: goto case_1; (CFACreationUtils.addEdgeToCFA, INFO)

line 37162: Dead code detected: goto case_2; (CFACreationUtils.addEdgeToCFA, INFO)

line 37170: Dead code detected: goto case_8; (CFACreationUtils.addEdgeToCFA, INFO)

line 37173: Dead code detected: goto switch_default; (CFACreationUtils.addEdgeToCFA, INFO)

Dead code detected: Label case_8 is not reachable. (CFAFunctionBuilder.leave, INFO)

Dead code detected: Label switch_break is not reachable. (CFAFunctionBuilder.leave, INFO)

Dead code detected: Label switch_default is not reachable. (CFAFunctionBuilder.leave, INFO)

Dead code detected: Label case_1 is not reachable. (CFAFunctionBuilder.leave, INFO)

Dead code detected: Label case_2 is not reachable. (CFAFunctionBuilder.leave, INFO)

line 37231: Dead code detected: goto case_1; (CFACreationUtils.addEdgeToCFA, INFO)

line 37235: Dead code detected: goto case_2; (CFACreationUtils.addEdgeToCFA, INFO)

line 37243: Dead code detected: goto case_8; (CFACreationUtils.addEdgeToCFA, INFO)

line 37246: Dead code detected: goto switch_default; (CFACreationUtils.addEdgeToCFA, INFO)

Dead code detected: Label case_8 is not reachable. (CFAFunctionBuilder.leave, INFO)

Dead code detected: Label switch_break is not reachable. (CFAFunctionBuilder.leave, INFO)

Dead code detected: Label switch_default is not reachable. (CFAFunctionBuilder.leave, INFO)

Dead code detected: Label case_1 is not reachable. (CFAFunctionBuilder.leave, INFO)

Dead code detected: Label case_2 is not reachable. (CFAFunctionBuilder.leave, INFO)

Dead code detected: Label switch_break is not reachable. (CFAFunctionBuilder.leave, INFO)

line 39666: Dead code detected: goto case_1; (CFACreationUtils.addEdgeToCFA, INFO)

line 39670: Dead code detected: goto case_2; (CFACreationUtils.addEdgeToCFA, INFO)

line 39674: Dead code detected: goto case_4; (CFACreationUtils.addEdgeToCFA, INFO)

line 39681: Dead code detected: goto switch_default; (CFACreationUtils.addEdgeToCFA, INFO)

Dead code detected: Label switch_break is not reachable. (CFAFunctionBuilder.leave, INFO)

Dead code detected: Label switch_default is not reachable. (CFAFunctionBuilder.leave, INFO)

Dead code detected: Label case_4 is not reachable. (CFAFunctionBuilder.leave, INFO)

Dead code detected: Label case_1 is not reachable. (CFAFunctionBuilder.leave, INFO)

Dead code detected: Label case_2 is not reachable. (CFAFunctionBuilder.leave, INFO)

Dead code detected: Label switch_break is not reachable. (CFAFunctionBuilder.leave, INFO)

line 40395: Dereferencing of non-pointer type cpl_handler_func  in expression *(cpl_handlers[opcode]) (ASTConverter.convert, WARNING)

line 41239: Dead code detected: return (arg0); (CFACreationUtils.addEdgeToCFA, INFO)

line 41331: Dead code detected: return (arg0); (CFACreationUtils.addEdgeToCFA, INFO)

line 41346: Dead code detected: return (ldv_func_res); (CFACreationUtils.addEdgeToCFA, INFO)

line 41361: Dead code detected: return (ldv_func_res); (CFACreationUtils.addEdgeToCFA, INFO)

Inline assembler ignored, analysis is probably unsound! (CFABuilder.createCFA, WARNING)

line 38768: Function pointer *(client->add) with type void (*)(struct t3cdev *) is called, but no possible target functions were found. (CFunctionPointerResolver.getTargets, WARNING)

line 38833: Function pointer *(client->event_handler) with type void (*)(struct t3cdev *, u32 , u32 ) is called, but no possible target functions were found. (CFunctionPointerResolver.getTargets, WARNING)

line 35292: Function pointer *(pi->iscsic.recv) with type int (*)(struct port_info *, struct sk_buff *) is called, but no possible target functions were found. (CFunctionPointerResolver.getTargets, WARNING)

line 38676: Function pointer *(client->add) with type void (*)(struct t3cdev *) is called, but no possible target functions were found. (CFunctionPointerResolver.getTargets, WARNING)

line 38800: Function pointer *(client->remove) with type void (*)(struct t3cdev *) is called, but no possible target functions were found. (CFunctionPointerResolver.getTargets, WARNING)

line 38725: Function pointer *(client->remove) with type void (*)(struct t3cdev *) is called, but no possible target functions were found. (CFunctionPointerResolver.getTargets, WARNING)

line 40635: Function pointer *(te->client->redirect) with type int (*)(void *, struct dst_entry *, struct dst_entry *, struct l2t_entry *) is called, but no possible target functions were found. (CFunctionPointerResolver.getTargets, WARNING)

line 32030: Function pointer *(ops->alloc) with type void *(*)(struct device *, size_t , dma_addr_t *, gfp_t , struct dma_attrs *) is called, but no possible target functions were found. (CFunctionPointerResolver.getTargets, WARNING)

line 32069: Function pointer *(ops->free) with type void (*)(struct device *, size_t , void *, dma_addr_t , struct dma_attrs *) is called, but no possible target functions were found. (CFunctionPointerResolver.getTargets, WARNING)

line 31825: Function pointer *(ops->map_page) with type dma_addr_t (*)(struct device *, struct page *, unsigned long, size_t , enum dma_data_direction , struct dma_attrs *) is called, but no possible target functions were found. (CFunctionPointerResolver.getTargets, WARNING)

line 31751: Function pointer *(ops->map_page) with type dma_addr_t (*)(struct device *, struct page *, unsigned long, size_t , enum dma_data_direction , struct dma_attrs *) is called, but no possible target functions were found. (CFunctionPointerResolver.getTargets, WARNING)

line 31956: Function pointer *(ops->mapping_error) with type int (*)(struct device *, dma_addr_t ) is called, but no possible target functions were found. (CFunctionPointerResolver.getTargets, WARNING)

line 31895: Function pointer *(ops->sync_single_for_cpu) with type void (*)(struct device *, dma_addr_t , size_t , enum dma_data_direction ) is called, but no possible target functions were found. (CFunctionPointerResolver.getTargets, WARNING)

line 31932: Function pointer *(ops->sync_single_for_device) with type void (*)(struct device *, dma_addr_t , size_t , enum dma_data_direction ) is called, but no possible target functions were found. (CFunctionPointerResolver.getTargets, WARNING)

line 31858: Function pointer *(ops->unmap_page) with type void (*)(struct device *, dma_addr_t , size_t , enum dma_data_direction , struct dma_attrs *) is called, but no possible target functions were found. (CFunctionPointerResolver.getTargets, WARNING)

line 31788: Function pointer *(ops->unmap_page) with type void (*)(struct device *, dma_addr_t , size_t , enum dma_data_direction , struct dma_attrs *) is called, but no possible target functions were found. (CFunctionPointerResolver.getTargets, WARNING)

line 40134: Function pointer *(*((t3c_tid->client->handlers) + ((unsigned long)(p->opcode)))) with type signed int (*(*)(struct t3cdev {
  char name[16U];
  enum t3ctype type;
  struct list_head ofld_dev_list;
  struct net_device *lldev;
  struct proc_dir_entry *proc_dir;
  int (*send)(struct t3cdev *, struct sk_buff *);
  int (*recv)(struct t3cdev *, struct sk_buff **, int);
  int (*ctl)(struct t3cdev *, unsigned int, void *);
  void (*neigh_update)(struct t3cdev *, struct neighbour *);
  void *priv;
  void *l2opt;
  void *l3opt;
  void *l4opt;
  void *ulp;
  void *ulp_iscsi;
} *, struct sk_buff {
  struct sk_buff *next;
  struct sk_buff *prev;
  ktime_t tstamp;
  struct sock *sk;
  struct net_device *dev;
  char cb[48U];
  unsigned long _skb_refdst;
  struct sec_path *sp;
  unsigned int len;
  unsigned int data_len;
  __u16 mac_len;
  __u16 hdr_len;
  union __anonunion____missing_field_name_218 __annonCompField68;
  __u32 priority;
  __u8 local_df : 1;
  __u8 cloned : 1;
  __u8 ip_summed : 2;
  __u8 nohdr : 1;
  __u8 nfctinfo : 3;
  __u8 pkt_type : 3;
  __u8 fclone : 2;
  __u8 ipvs_property : 1;
  __u8 peeked : 1;
  __u8 nf_trace : 1;
  __be16 protocol;
  void (*destructor)(struct sk_buff *);
  struct nf_conntrack *nfct;
  struct nf_bridge_info *nf_bridge;
  int skb_iif;
  __u32 rxhash;
  __be16 vlan_proto;
  __u16 vlan_tci;
  __u16 tc_index;
  __u16 tc_verd;
  __u16 queue_mapping;
  __u8 ndisc_nodetype : 2;
  __u8 pfmemalloc : 1;
  __u8 ooo_okay : 1;
  __u8 l4_rxhash : 1;
  __u8 wifi_acked_valid : 1;
  __u8 wifi_acked : 1;
  __u8 no_fcs : 1;
  __u8 head_frag : 1;
  __u8 encapsulation : 1;
  union __anonunion____missing_field_name_220 __annonCompField69;
  __u32 secmark;
  union __anonunion____missing_field_name_221 __annonCompField70;
  __be16 inner_protocol;
  __u16 inner_transport_header;
  __u16 inner_network_header;
  __u16 inner_mac_header;
  __u16 transport_header;
  __u16 network_header;
  __u16 mac_header;
  sk_buff_data_t tail;
  sk_buff_data_t end;
  unsigned char *head;
  unsigned char *data;
  unsigned int truesize;
  atomic_t users;
} *, void *))(struct t3cdev {
  char name[16U];
  enum t3ctype type;
  struct list_head ofld_dev_list;
  struct net_device *lldev;
  struct proc_dir_entry *proc_dir;
  int (*send)(struct t3cdev *, struct sk_buff *);
  int (*recv)(struct t3cdev *, struct sk_buff **, int);
  int (*ctl)(struct t3cdev *, unsigned int, void *);
  void (*neigh_update)(struct t3cdev *, struct neighbour *);
  void *priv;
  void *l2opt;
  void *l3opt;
  void *l4opt;
  void *ulp;
  void *ulp_iscsi;
} *, struct sk_buff {
  struct sk_buff *next;
  struct sk_buff *prev;
  ktime_t tstamp;
  struct sock *sk;
  struct net_device *dev;
  char cb[48U];
  unsigned long _skb_refdst;
  struct sec_path *sp;
  unsigned int len;
  unsigned int data_len;
  __u16 mac_len;
  __u16 hdr_len;
  union __anonunion____missing_field_name_218 __annonCompField68;
  __u32 priority;
  __u8 local_df : 1;
  __u8 cloned : 1;
  __u8 ip_summed : 2;
  __u8 nohdr : 1;
  __u8 nfctinfo : 3;
  __u8 pkt_type : 3;
  __u8 fclone : 2;
  __u8 ipvs_property : 1;
  __u8 peeked : 1;
  __u8 nf_trace : 1;
  __be16 protocol;
  void (*destructor)(struct sk_buff *);
  struct nf_conntrack *nfct;
  struct nf_bridge_info *nf_bridge;
  int skb_iif;
  __u32 rxhash;
  __be16 vlan_proto;
  __u16 vlan_tci;
  __u16 tc_index;
  __u16 tc_verd;
  __u16 queue_mapping;
  __u8 ndisc_nodetype : 2;
  __u8 pfmemalloc : 1;
  __u8 ooo_okay : 1;
  __u8 l4_rxhash : 1;
  __u8 wifi_acked_valid : 1;
  __u8 wifi_acked : 1;
  __u8 no_fcs : 1;
  __u8 head_frag : 1;
  __u8 encapsulation : 1;
  union __anonunion____missing_field_name_220 __annonCompField69;
  __u32 secmark;
  union __anonunion____missing_field_name_221 __annonCompField70;
  __be16 inner_protocol;
  __u16 inner_transport_header;
  __u16 inner_network_header;
  __u16 inner_mac_header;
  __u16 transport_header;
  __u16 network_header;
  __u16 mac_header;
  sk_buff_data_t tail;
  sk_buff_data_t end;
  unsigned char *head;
  unsigned char *data;
  unsigned int truesize;
  atomic_t users;
} *, void *) is called, but no possible target functions were found. (CFunctionPointerResolver.getTargets, WARNING)

line 40221: Function pointer *(*((t3c_tid->client->handlers) + 80UL)) with type signed int (*(*)(struct t3cdev {
  char name[16U];
  enum t3ctype type;
  struct list_head ofld_dev_list;
  struct net_device *lldev;
  struct proc_dir_entry *proc_dir;
  int (*send)(struct t3cdev *, struct sk_buff *);
  int (*recv)(struct t3cdev *, struct sk_buff **, int);
  int (*ctl)(struct t3cdev *, unsigned int, void *);
  void (*neigh_update)(struct t3cdev *, struct neighbour *);
  void *priv;
  void *l2opt;
  void *l3opt;
  void *l4opt;
  void *ulp;
  void *ulp_iscsi;
} *, struct sk_buff {
  struct sk_buff *next;
  struct sk_buff *prev;
  ktime_t tstamp;
  struct sock *sk;
  struct net_device *dev;
  char cb[48U];
  unsigned long _skb_refdst;
  struct sec_path *sp;
  unsigned int len;
  unsigned int data_len;
  __u16 mac_len;
  __u16 hdr_len;
  union __anonunion____missing_field_name_218 __annonCompField68;
  __u32 priority;
  __u8 local_df : 1;
  __u8 cloned : 1;
  __u8 ip_summed : 2;
  __u8 nohdr : 1;
  __u8 nfctinfo : 3;
  __u8 pkt_type : 3;
  __u8 fclone : 2;
  __u8 ipvs_property : 1;
  __u8 peeked : 1;
  __u8 nf_trace : 1;
  __be16 protocol;
  void (*destructor)(struct sk_buff *);
  struct nf_conntrack *nfct;
  struct nf_bridge_info *nf_bridge;
  int skb_iif;
  __u32 rxhash;
  __be16 vlan_proto;
  __u16 vlan_tci;
  __u16 tc_index;
  __u16 tc_verd;
  __u16 queue_mapping;
  __u8 ndisc_nodetype : 2;
  __u8 pfmemalloc : 1;
  __u8 ooo_okay : 1;
  __u8 l4_rxhash : 1;
  __u8 wifi_acked_valid : 1;
  __u8 wifi_acked : 1;
  __u8 no_fcs : 1;
  __u8 head_frag : 1;
  __u8 encapsulation : 1;
  union __anonunion____missing_field_name_220 __annonCompField69;
  __u32 secmark;
  union __anonunion____missing_field_name_221 __annonCompField70;
  __be16 inner_protocol;
  __u16 inner_transport_header;
  __u16 inner_network_header;
  __u16 inner_mac_header;
  __u16 transport_header;
  __u16 network_header;
  __u16 mac_header;
  sk_buff_data_t tail;
  sk_buff_data_t end;
  unsigned char *head;
  unsigned char *data;
  unsigned int truesize;
  atomic_t users;
} *, void *))(struct t3cdev {
  char name[16U];
  enum t3ctype type;
  struct list_head ofld_dev_list;
  struct net_device *lldev;
  struct proc_dir_entry *proc_dir;
  int (*send)(struct t3cdev *, struct sk_buff *);
  int (*recv)(struct t3cdev *, struct sk_buff **, int);
  int (*ctl)(struct t3cdev *, unsigned int, void *);
  void (*neigh_update)(struct t3cdev *, struct neighbour *);
  void *priv;
  void *l2opt;
  void *l3opt;
  void *l4opt;
  void *ulp;
  void *ulp_iscsi;
} *, struct sk_buff {
  struct sk_buff *next;
  struct sk_buff *prev;
  ktime_t tstamp;
  struct sock *sk;
  struct net_device *dev;
  char cb[48U];
  unsigned long _skb_refdst;
  struct sec_path *sp;
  unsigned int len;
  unsigned int data_len;
  __u16 mac_len;
  __u16 hdr_len;
  union __anonunion____missing_field_name_218 __annonCompField68;
  __u32 priority;
  __u8 local_df : 1;
  __u8 cloned : 1;
  __u8 ip_summed : 2;
  __u8 nohdr : 1;
  __u8 nfctinfo : 3;
  __u8 pkt_type : 3;
  __u8 fclone : 2;
  __u8 ipvs_property : 1;
  __u8 peeked : 1;
  __u8 nf_trace : 1;
  __be16 protocol;
  void (*destructor)(struct sk_buff *);
  struct nf_conntrack *nfct;
  struct nf_bridge_info *nf_bridge;
  int skb_iif;
  __u32 rxhash;
  __be16 vlan_proto;
  __u16 vlan_tci;
  __u16 tc_index;
  __u16 tc_verd;
  __u16 queue_mapping;
  __u8 ndisc_nodetype : 2;
  __u8 pfmemalloc : 1;
  __u8 ooo_okay : 1;
  __u8 l4_rxhash : 1;
  __u8 wifi_acked_valid : 1;
  __u8 wifi_acked : 1;
  __u8 no_fcs : 1;
  __u8 head_frag : 1;
  __u8 encapsulation : 1;
  union __anonunion____missing_field_name_220 __annonCompField69;
  __u32 secmark;
  union __anonunion____missing_field_name_221 __annonCompField70;
  __be16 inner_protocol;
  __u16 inner_transport_header;
  __u16 inner_network_header;
  __u16 inner_mac_header;
  __u16 transport_header;
  __u16 network_header;
  __u16 mac_header;
  sk_buff_data_t tail;
  sk_buff_data_t end;
  unsigned char *head;
  unsigned char *data;
  unsigned int truesize;
  atomic_t users;
} *, void *) is called, but no possible target functions were found. (CFunctionPointerResolver.getTargets, WARNING)

line 39920: Function pointer *(*((t3c_tid->client->handlers) + 64UL)) with type signed int (*(*)(struct t3cdev {
  char name[16U];
  enum t3ctype type;
  struct list_head ofld_dev_list;
  struct net_device *lldev;
  struct proc_dir_entry *proc_dir;
  int (*send)(struct t3cdev *, struct sk_buff *);
  int (*recv)(struct t3cdev *, struct sk_buff **, int);
  int (*ctl)(struct t3cdev *, unsigned int, void *);
  void (*neigh_update)(struct t3cdev *, struct neighbour *);
  void *priv;
  void *l2opt;
  void *l3opt;
  void *l4opt;
  void *ulp;
  void *ulp_iscsi;
} *, struct sk_buff {
  struct sk_buff *next;
  struct sk_buff *prev;
  ktime_t tstamp;
  struct sock *sk;
  struct net_device *dev;
  char cb[48U];
  unsigned long _skb_refdst;
  struct sec_path *sp;
  unsigned int len;
  unsigned int data_len;
  __u16 mac_len;
  __u16 hdr_len;
  union __anonunion____missing_field_name_218 __annonCompField68;
  __u32 priority;
  __u8 local_df : 1;
  __u8 cloned : 1;
  __u8 ip_summed : 2;
  __u8 nohdr : 1;
  __u8 nfctinfo : 3;
  __u8 pkt_type : 3;
  __u8 fclone : 2;
  __u8 ipvs_property : 1;
  __u8 peeked : 1;
  __u8 nf_trace : 1;
  __be16 protocol;
  void (*destructor)(struct sk_buff *);
  struct nf_conntrack *nfct;
  struct nf_bridge_info *nf_bridge;
  int skb_iif;
  __u32 rxhash;
  __be16 vlan_proto;
  __u16 vlan_tci;
  __u16 tc_index;
  __u16 tc_verd;
  __u16 queue_mapping;
  __u8 ndisc_nodetype : 2;
  __u8 pfmemalloc : 1;
  __u8 ooo_okay : 1;
  __u8 l4_rxhash : 1;
  __u8 wifi_acked_valid : 1;
  __u8 wifi_acked : 1;
  __u8 no_fcs : 1;
  __u8 head_frag : 1;
  __u8 encapsulation : 1;
  union __anonunion____missing_field_name_220 __annonCompField69;
  __u32 secmark;
  union __anonunion____missing_field_name_221 __annonCompField70;
  __be16 inner_protocol;
  __u16 inner_transport_header;
  __u16 inner_network_header;
  __u16 inner_mac_header;
  __u16 transport_header;
  __u16 network_header;
  __u16 mac_header;
  sk_buff_data_t tail;
  sk_buff_data_t end;
  unsigned char *head;
  unsigned char *data;
  unsigned int truesize;
  atomic_t users;
} *, void *))(struct t3cdev {
  char name[16U];
  enum t3ctype type;
  struct list_head ofld_dev_list;
  struct net_device *lldev;
  struct proc_dir_entry *proc_dir;
  int (*send)(struct t3cdev *, struct sk_buff *);
  int (*recv)(struct t3cdev *, struct sk_buff **, int);
  int (*ctl)(struct t3cdev *, unsigned int, void *);
  void (*neigh_update)(struct t3cdev *, struct neighbour *);
  void *priv;
  void *l2opt;
  void *l3opt;
  void *l4opt;
  void *ulp;
  void *ulp_iscsi;
} *, struct sk_buff {
  struct sk_buff *next;
  struct sk_buff *prev;
  ktime_t tstamp;
  struct sock *sk;
  struct net_device *dev;
  char cb[48U];
  unsigned long _skb_refdst;
  struct sec_path *sp;
  unsigned int len;
  unsigned int data_len;
  __u16 mac_len;
  __u16 hdr_len;
  union __anonunion____missing_field_name_218 __annonCompField68;
  __u32 priority;
  __u8 local_df : 1;
  __u8 cloned : 1;
  __u8 ip_summed : 2;
  __u8 nohdr : 1;
  __u8 nfctinfo : 3;
  __u8 pkt_type : 3;
  __u8 fclone : 2;
  __u8 ipvs_property : 1;
  __u8 peeked : 1;
  __u8 nf_trace : 1;
  __be16 protocol;
  void (*destructor)(struct sk_buff *);
  struct nf_conntrack *nfct;
  struct nf_bridge_info *nf_bridge;
  int skb_iif;
  __u32 rxhash;
  __be16 vlan_proto;
  __u16 vlan_tci;
  __u16 tc_index;
  __u16 tc_verd;
  __u16 queue_mapping;
  __u8 ndisc_nodetype : 2;
  __u8 pfmemalloc : 1;
  __u8 ooo_okay : 1;
  __u8 l4_rxhash : 1;
  __u8 wifi_acked_valid : 1;
  __u8 wifi_acked : 1;
  __u8 no_fcs : 1;
  __u8 head_frag : 1;
  __u8 encapsulation : 1;
  union __anonunion____missing_field_name_220 __annonCompField69;
  __u32 secmark;
  union __anonunion____missing_field_name_221 __annonCompField70;
  __be16 inner_protocol;
  __u16 inner_transport_header;
  __u16 inner_network_header;
  __u16 inner_mac_header;
  __u16 transport_header;
  __u16 network_header;
  __u16 mac_header;
  sk_buff_data_t tail;
  sk_buff_data_t end;
  unsigned char *head;
  unsigned char *data;
  unsigned int truesize;
  atomic_t users;
} *, void *) is called, but no possible target functions were found. (CFunctionPointerResolver.getTargets, WARNING)

line 40048: Function pointer *(*((t3c_tid->client->handlers) + 112UL)) with type signed int (*(*)(struct t3cdev {
  char name[16U];
  enum t3ctype type;
  struct list_head ofld_dev_list;
  struct net_device *lldev;
  struct proc_dir_entry *proc_dir;
  int (*send)(struct t3cdev *, struct sk_buff *);
  int (*recv)(struct t3cdev *, struct sk_buff **, int);
  int (*ctl)(struct t3cdev *, unsigned int, void *);
  void (*neigh_update)(struct t3cdev *, struct neighbour *);
  void *priv;
  void *l2opt;
  void *l3opt;
  void *l4opt;
  void *ulp;
  void *ulp_iscsi;
} *, struct sk_buff {
  struct sk_buff *next;
  struct sk_buff *prev;
  ktime_t tstamp;
  struct sock *sk;
  struct net_device *dev;
  char cb[48U];
  unsigned long _skb_refdst;
  struct sec_path *sp;
  unsigned int len;
  unsigned int data_len;
  __u16 mac_len;
  __u16 hdr_len;
  union __anonunion____missing_field_name_218 __annonCompField68;
  __u32 priority;
  __u8 local_df : 1;
  __u8 cloned : 1;
  __u8 ip_summed : 2;
  __u8 nohdr : 1;
  __u8 nfctinfo : 3;
  __u8 pkt_type : 3;
  __u8 fclone : 2;
  __u8 ipvs_property : 1;
  __u8 peeked : 1;
  __u8 nf_trace : 1;
  __be16 protocol;
  void (*destructor)(struct sk_buff *);
  struct nf_conntrack *nfct;
  struct nf_bridge_info *nf_bridge;
  int skb_iif;
  __u32 rxhash;
  __be16 vlan_proto;
  __u16 vlan_tci;
  __u16 tc_index;
  __u16 tc_verd;
  __u16 queue_mapping;
  __u8 ndisc_nodetype : 2;
  __u8 pfmemalloc : 1;
  __u8 ooo_okay : 1;
  __u8 l4_rxhash : 1;
  __u8 wifi_acked_valid : 1;
  __u8 wifi_acked : 1;
  __u8 no_fcs : 1;
  __u8 head_frag : 1;
  __u8 encapsulation : 1;
  union __anonunion____missing_field_name_220 __annonCompField69;
  __u32 secmark;
  union __anonunion____missing_field_name_221 __annonCompField70;
  __be16 inner_protocol;
  __u16 inner_transport_header;
  __u16 inner_network_header;
  __u16 inner_mac_header;
  __u16 transport_header;
  __u16 network_header;
  __u16 mac_header;
  sk_buff_data_t tail;
  sk_buff_data_t end;
  unsigned char *head;
  unsigned char *data;
  unsigned int truesize;
  atomic_t users;
} *, void *))(struct t3cdev {
  char name[16U];
  enum t3ctype type;
  struct list_head ofld_dev_list;
  struct net_device *lldev;
  struct proc_dir_entry *proc_dir;
  int (*send)(struct t3cdev *, struct sk_buff *);
  int (*recv)(struct t3cdev *, struct sk_buff **, int);
  int (*ctl)(struct t3cdev *, unsigned int, void *);
  void (*neigh_update)(struct t3cdev *, struct neighbour *);
  void *priv;
  void *l2opt;
  void *l3opt;
  void *l4opt;
  void *ulp;
  void *ulp_iscsi;
} *, struct sk_buff {
  struct sk_buff *next;
  struct sk_buff *prev;
  ktime_t tstamp;
  struct sock *sk;
  struct net_device *dev;
  char cb[48U];
  unsigned long _skb_refdst;
  struct sec_path *sp;
  unsigned int len;
  unsigned int data_len;
  __u16 mac_len;
  __u16 hdr_len;
  union __anonunion____missing_field_name_218 __annonCompField68;
  __u32 priority;
  __u8 local_df : 1;
  __u8 cloned : 1;
  __u8 ip_summed : 2;
  __u8 nohdr : 1;
  __u8 nfctinfo : 3;
  __u8 pkt_type : 3;
  __u8 fclone : 2;
  __u8 ipvs_property : 1;
  __u8 peeked : 1;
  __u8 nf_trace : 1;
  __be16 protocol;
  void (*destructor)(struct sk_buff *);
  struct nf_conntrack *nfct;
  struct nf_bridge_info *nf_bridge;
  int skb_iif;
  __u32 rxhash;
  __be16 vlan_proto;
  __u16 vlan_tci;
  __u16 tc_index;
  __u16 tc_verd;
  __u16 queue_mapping;
  __u8 ndisc_nodetype : 2;
  __u8 pfmemalloc : 1;
  __u8 ooo_okay : 1;
  __u8 l4_rxhash : 1;
  __u8 wifi_acked_valid : 1;
  __u8 wifi_acked : 1;
  __u8 no_fcs : 1;
  __u8 head_frag : 1;
  __u8 encapsulation : 1;
  union __anonunion____missing_field_name_220 __annonCompField69;
  __u32 secmark;
  union __anonunion____missing_field_name_221 __annonCompField70;
  __be16 inner_protocol;
  __u16 inner_transport_header;
  __u16 inner_network_header;
  __u16 inner_mac_header;
  __u16 transport_header;
  __u16 network_header;
  __u16 mac_header;
  sk_buff_data_t tail;
  sk_buff_data_t end;
  unsigned char *head;
  unsigned char *data;
  unsigned int truesize;
  atomic_t users;
} *, void *) is called, but no possible target functions were found. (CFunctionPointerResolver.getTargets, WARNING)

line 39992: Function pointer *(*((t3c_tid->client->handlers) + ((unsigned long)(p->opcode)))) with type signed int (*(*)(struct t3cdev {
  char name[16U];
  enum t3ctype type;
  struct list_head ofld_dev_list;
  struct net_device *lldev;
  struct proc_dir_entry *proc_dir;
  int (*send)(struct t3cdev *, struct sk_buff *);
  int (*recv)(struct t3cdev *, struct sk_buff **, int);
  int (*ctl)(struct t3cdev *, unsigned int, void *);
  void (*neigh_update)(struct t3cdev *, struct neighbour *);
  void *priv;
  void *l2opt;
  void *l3opt;
  void *l4opt;
  void *ulp;
  void *ulp_iscsi;
} *, struct sk_buff {
  struct sk_buff *next;
  struct sk_buff *prev;
  ktime_t tstamp;
  struct sock *sk;
  struct net_device *dev;
  char cb[48U];
  unsigned long _skb_refdst;
  struct sec_path *sp;
  unsigned int len;
  unsigned int data_len;
  __u16 mac_len;
  __u16 hdr_len;
  union __anonunion____missing_field_name_218 __annonCompField68;
  __u32 priority;
  __u8 local_df : 1;
  __u8 cloned : 1;
  __u8 ip_summed : 2;
  __u8 nohdr : 1;
  __u8 nfctinfo : 3;
  __u8 pkt_type : 3;
  __u8 fclone : 2;
  __u8 ipvs_property : 1;
  __u8 peeked : 1;
  __u8 nf_trace : 1;
  __be16 protocol;
  void (*destructor)(struct sk_buff *);
  struct nf_conntrack *nfct;
  struct nf_bridge_info *nf_bridge;
  int skb_iif;
  __u32 rxhash;
  __be16 vlan_proto;
  __u16 vlan_tci;
  __u16 tc_index;
  __u16 tc_verd;
  __u16 queue_mapping;
  __u8 ndisc_nodetype : 2;
  __u8 pfmemalloc : 1;
  __u8 ooo_okay : 1;
  __u8 l4_rxhash : 1;
  __u8 wifi_acked_valid : 1;
  __u8 wifi_acked : 1;
  __u8 no_fcs : 1;
  __u8 head_frag : 1;
  __u8 encapsulation : 1;
  union __anonunion____missing_field_name_220 __annonCompField69;
  __u32 secmark;
  union __anonunion____missing_field_name_221 __annonCompField70;
  __be16 inner_protocol;
  __u16 inner_transport_header;
  __u16 inner_network_header;
  __u16 inner_mac_header;
  __u16 transport_header;
  __u16 network_header;
  __u16 mac_header;
  sk_buff_data_t tail;
  sk_buff_data_t end;
  unsigned char *head;
  unsigned char *data;
  unsigned int truesize;
  atomic_t users;
} *, void *))(struct t3cdev {
  char name[16U];
  enum t3ctype type;
  struct list_head ofld_dev_list;
  struct net_device *lldev;
  struct proc_dir_entry *proc_dir;
  int (*send)(struct t3cdev *, struct sk_buff *);
  int (*recv)(struct t3cdev *, struct sk_buff **, int);
  int (*ctl)(struct t3cdev *, unsigned int, void *);
  void (*neigh_update)(struct t3cdev *, struct neighbour *);
  void *priv;
  void *l2opt;
  void *l3opt;
  void *l4opt;
  void *ulp;
  void *ulp_iscsi;
} *, struct sk_buff {
  struct sk_buff *next;
  struct sk_buff *prev;
  ktime_t tstamp;
  struct sock *sk;
  struct net_device *dev;
  char cb[48U];
  unsigned long _skb_refdst;
  struct sec_path *sp;
  unsigned int len;
  unsigned int data_len;
  __u16 mac_len;
  __u16 hdr_len;
  union __anonunion____missing_field_name_218 __annonCompField68;
  __u32 priority;
  __u8 local_df : 1;
  __u8 cloned : 1;
  __u8 ip_summed : 2;
  __u8 nohdr : 1;
  __u8 nfctinfo : 3;
  __u8 pkt_type : 3;
  __u8 fclone : 2;
  __u8 ipvs_property : 1;
  __u8 peeked : 1;
  __u8 nf_trace : 1;
  __be16 protocol;
  void (*destructor)(struct sk_buff *);
  struct nf_conntrack *nfct;
  struct nf_bridge_info *nf_bridge;
  int skb_iif;
  __u32 rxhash;
  __be16 vlan_proto;
  __u16 vlan_tci;
  __u16 tc_index;
  __u16 tc_verd;
  __u16 queue_mapping;
  __u8 ndisc_nodetype : 2;
  __u8 pfmemalloc : 1;
  __u8 ooo_okay : 1;
  __u8 l4_rxhash : 1;
  __u8 wifi_acked_valid : 1;
  __u8 wifi_acked : 1;
  __u8 no_fcs : 1;
  __u8 head_frag : 1;
  __u8 encapsulation : 1;
  union __anonunion____missing_field_name_220 __annonCompField69;
  __u32 secmark;
  union __anonunion____missing_field_name_221 __annonCompField70;
  __be16 inner_protocol;
  __u16 inner_transport_header;
  __u16 inner_network_header;
  __u16 inner_mac_header;
  __u16 transport_header;
  __u16 network_header;
  __u16 mac_header;
  sk_buff_data_t tail;
  sk_buff_data_t end;
  unsigned char *head;
  unsigned char *data;
  unsigned int truesize;
  atomic_t users;
} *, void *) is called, but no possible target functions were found. (CFunctionPointerResolver.getTargets, WARNING)

line 39955: Function pointer *(*((t3c_tid->client->handlers) + ((unsigned long)(p->opcode)))) with type signed int (*(*)(struct t3cdev {
  char name[16U];
  enum t3ctype type;
  struct list_head ofld_dev_list;
  struct net_device *lldev;
  struct proc_dir_entry *proc_dir;
  int (*send)(struct t3cdev *, struct sk_buff *);
  int (*recv)(struct t3cdev *, struct sk_buff **, int);
  int (*ctl)(struct t3cdev *, unsigned int, void *);
  void (*neigh_update)(struct t3cdev *, struct neighbour *);
  void *priv;
  void *l2opt;
  void *l3opt;
  void *l4opt;
  void *ulp;
  void *ulp_iscsi;
} *, struct sk_buff {
  struct sk_buff *next;
  struct sk_buff *prev;
  ktime_t tstamp;
  struct sock *sk;
  struct net_device *dev;
  char cb[48U];
  unsigned long _skb_refdst;
  struct sec_path *sp;
  unsigned int len;
  unsigned int data_len;
  __u16 mac_len;
  __u16 hdr_len;
  union __anonunion____missing_field_name_218 __annonCompField68;
  __u32 priority;
  __u8 local_df : 1;
  __u8 cloned : 1;
  __u8 ip_summed : 2;
  __u8 nohdr : 1;
  __u8 nfctinfo : 3;
  __u8 pkt_type : 3;
  __u8 fclone : 2;
  __u8 ipvs_property : 1;
  __u8 peeked : 1;
  __u8 nf_trace : 1;
  __be16 protocol;
  void (*destructor)(struct sk_buff *);
  struct nf_conntrack *nfct;
  struct nf_bridge_info *nf_bridge;
  int skb_iif;
  __u32 rxhash;
  __be16 vlan_proto;
  __u16 vlan_tci;
  __u16 tc_index;
  __u16 tc_verd;
  __u16 queue_mapping;
  __u8 ndisc_nodetype : 2;
  __u8 pfmemalloc : 1;
  __u8 ooo_okay : 1;
  __u8 l4_rxhash : 1;
  __u8 wifi_acked_valid : 1;
  __u8 wifi_acked : 1;
  __u8 no_fcs : 1;
  __u8 head_frag : 1;
  __u8 encapsulation : 1;
  union __anonunion____missing_field_name_220 __annonCompField69;
  __u32 secmark;
  union __anonunion____missing_field_name_221 __annonCompField70;
  __be16 inner_protocol;
  __u16 inner_transport_header;
  __u16 inner_network_header;
  __u16 inner_mac_header;
  __u16 transport_header;
  __u16 network_header;
  __u16 mac_header;
  sk_buff_data_t tail;
  sk_buff_data_t end;
  unsigned char *head;
  unsigned char *data;
  unsigned int truesize;
  atomic_t users;
} *, void *))(struct t3cdev {
  char name[16U];
  enum t3ctype type;
  struct list_head ofld_dev_list;
  struct net_device *lldev;
  struct proc_dir_entry *proc_dir;
  int (*send)(struct t3cdev *, struct sk_buff *);
  int (*recv)(struct t3cdev *, struct sk_buff **, int);
  int (*ctl)(struct t3cdev *, unsigned int, void *);
  void (*neigh_update)(struct t3cdev *, struct neighbour *);
  void *priv;
  void *l2opt;
  void *l3opt;
  void *l4opt;
  void *ulp;
  void *ulp_iscsi;
} *, struct sk_buff {
  struct sk_buff *next;
  struct sk_buff *prev;
  ktime_t tstamp;
  struct sock *sk;
  struct net_device *dev;
  char cb[48U];
  unsigned long _skb_refdst;
  struct sec_path *sp;
  unsigned int len;
  unsigned int data_len;
  __u16 mac_len;
  __u16 hdr_len;
  union __anonunion____missing_field_name_218 __annonCompField68;
  __u32 priority;
  __u8 local_df : 1;
  __u8 cloned : 1;
  __u8 ip_summed : 2;
  __u8 nohdr : 1;
  __u8 nfctinfo : 3;
  __u8 pkt_type : 3;
  __u8 fclone : 2;
  __u8 ipvs_property : 1;
  __u8 peeked : 1;
  __u8 nf_trace : 1;
  __be16 protocol;
  void (*destructor)(struct sk_buff *);
  struct nf_conntrack *nfct;
  struct nf_bridge_info *nf_bridge;
  int skb_iif;
  __u32 rxhash;
  __be16 vlan_proto;
  __u16 vlan_tci;
  __u16 tc_index;
  __u16 tc_verd;
  __u16 queue_mapping;
  __u8 ndisc_nodetype : 2;
  __u8 pfmemalloc : 1;
  __u8 ooo_okay : 1;
  __u8 l4_rxhash : 1;
  __u8 wifi_acked_valid : 1;
  __u8 wifi_acked : 1;
  __u8 no_fcs : 1;
  __u8 head_frag : 1;
  __u8 encapsulation : 1;
  union __anonunion____missing_field_name_220 __annonCompField69;
  __u32 secmark;
  union __anonunion____missing_field_name_221 __annonCompField70;
  __be16 inner_protocol;
  __u16 inner_transport_header;
  __u16 inner_network_header;
  __u16 inner_mac_header;
  __u16 transport_header;
  __u16 network_header;
  __u16 mac_header;
  sk_buff_data_t tail;
  sk_buff_data_t end;
  unsigned char *head;
  unsigned char *data;
  unsigned int truesize;
  atomic_t users;
} *, void *) is called, but no possible target functions were found. (CFunctionPointerResolver.getTargets, WARNING)

line 40293: Function pointer *(*((t3c_tid->client->handlers) + ((unsigned long)opcode))) with type signed int (*(*)(struct t3cdev {
  char name[16U];
  enum t3ctype type;
  struct list_head ofld_dev_list;
  struct net_device *lldev;
  struct proc_dir_entry *proc_dir;
  int (*send)(struct t3cdev *, struct sk_buff *);
  int (*recv)(struct t3cdev *, struct sk_buff **, int);
  int (*ctl)(struct t3cdev *, unsigned int, void *);
  void (*neigh_update)(struct t3cdev *, struct neighbour *);
  void *priv;
  void *l2opt;
  void *l3opt;
  void *l4opt;
  void *ulp;
  void *ulp_iscsi;
} *, struct sk_buff {
  struct sk_buff *next;
  struct sk_buff *prev;
  ktime_t tstamp;
  struct sock *sk;
  struct net_device *dev;
  char cb[48U];
  unsigned long _skb_refdst;
  struct sec_path *sp;
  unsigned int len;
  unsigned int data_len;
  __u16 mac_len;
  __u16 hdr_len;
  union __anonunion____missing_field_name_218 __annonCompField68;
  __u32 priority;
  __u8 local_df : 1;
  __u8 cloned : 1;
  __u8 ip_summed : 2;
  __u8 nohdr : 1;
  __u8 nfctinfo : 3;
  __u8 pkt_type : 3;
  __u8 fclone : 2;
  __u8 ipvs_property : 1;
  __u8 peeked : 1;
  __u8 nf_trace : 1;
  __be16 protocol;
  void (*destructor)(struct sk_buff *);
  struct nf_conntrack *nfct;
  struct nf_bridge_info *nf_bridge;
  int skb_iif;
  __u32 rxhash;
  __be16 vlan_proto;
  __u16 vlan_tci;
  __u16 tc_index;
  __u16 tc_verd;
  __u16 queue_mapping;
  __u8 ndisc_nodetype : 2;
  __u8 pfmemalloc : 1;
  __u8 ooo_okay : 1;
  __u8 l4_rxhash : 1;
  __u8 wifi_acked_valid : 1;
  __u8 wifi_acked : 1;
  __u8 no_fcs : 1;
  __u8 head_frag : 1;
  __u8 encapsulation : 1;
  union __anonunion____missing_field_name_220 __annonCompField69;
  __u32 secmark;
  union __anonunion____missing_field_name_221 __annonCompField70;
  __be16 inner_protocol;
  __u16 inner_transport_header;
  __u16 inner_network_header;
  __u16 inner_mac_header;
  __u16 transport_header;
  __u16 network_header;
  __u16 mac_header;
  sk_buff_data_t tail;
  sk_buff_data_t end;
  unsigned char *head;
  unsigned char *data;
  unsigned int truesize;
  atomic_t users;
} *, void *))(struct t3cdev {
  char name[16U];
  enum t3ctype type;
  struct list_head ofld_dev_list;
  struct net_device *lldev;
  struct proc_dir_entry *proc_dir;
  int (*send)(struct t3cdev *, struct sk_buff *);
  int (*recv)(struct t3cdev *, struct sk_buff **, int);
  int (*ctl)(struct t3cdev *, unsigned int, void *);
  void (*neigh_update)(struct t3cdev *, struct neighbour *);
  void *priv;
  void *l2opt;
  void *l3opt;
  void *l4opt;
  void *ulp;
  void *ulp_iscsi;
} *, struct sk_buff {
  struct sk_buff *next;
  struct sk_buff *prev;
  ktime_t tstamp;
  struct sock *sk;
  struct net_device *dev;
  char cb[48U];
  unsigned long _skb_refdst;
  struct sec_path *sp;
  unsigned int len;
  unsigned int data_len;
  __u16 mac_len;
  __u16 hdr_len;
  union __anonunion____missing_field_name_218 __annonCompField68;
  __u32 priority;
  __u8 local_df : 1;
  __u8 cloned : 1;
  __u8 ip_summed : 2;
  __u8 nohdr : 1;
  __u8 nfctinfo : 3;
  __u8 pkt_type : 3;
  __u8 fclone : 2;
  __u8 ipvs_property : 1;
  __u8 peeked : 1;
  __u8 nf_trace : 1;
  __be16 protocol;
  void (*destructor)(struct sk_buff *);
  struct nf_conntrack *nfct;
  struct nf_bridge_info *nf_bridge;
  int skb_iif;
  __u32 rxhash;
  __be16 vlan_proto;
  __u16 vlan_tci;
  __u16 tc_index;
  __u16 tc_verd;
  __u16 queue_mapping;
  __u8 ndisc_nodetype : 2;
  __u8 pfmemalloc : 1;
  __u8 ooo_okay : 1;
  __u8 l4_rxhash : 1;
  __u8 wifi_acked_valid : 1;
  __u8 wifi_acked : 1;
  __u8 no_fcs : 1;
  __u8 head_frag : 1;
  __u8 encapsulation : 1;
  union __anonunion____missing_field_name_220 __annonCompField69;
  __u32 secmark;
  union __anonunion____missing_field_name_221 __annonCompField70;
  __be16 inner_protocol;
  __u16 inner_transport_header;
  __u16 inner_network_header;
  __u16 inner_mac_header;
  __u16 transport_header;
  __u16 network_header;
  __u16 mac_header;
  sk_buff_data_t tail;
  sk_buff_data_t end;
  unsigned char *head;
  unsigned char *data;
  unsigned int truesize;
  atomic_t users;
} *, void *) is called, but no possible target functions were found. (CFunctionPointerResolver.getTargets, WARNING)

line 37584: Function pointer *(dst->ops->neigh_lookup) with type struct neighbour *(*)(const struct dst_entry *, struct sk_buff *, const void *) is called, but no possible target functions were found. (CFunctionPointerResolver.getTargets, WARNING)

line 38164: Function pointer *(cb->arp_failure_handler) with type void (*)(struct t3cdev *, struct sk_buff *) is called, but no possible target functions were found. (CFunctionPointerResolver.getTargets, WARNING)

line 17274: Function pointer *arg0 with type int (*)(struct pci_dev *, struct pm_message ) is called, but no possible target functions were found. (CFunctionPointerResolver.getTargets, WARNING)

line 17285: Function pointer *arg0 with type int (*)(struct pci_dev *, struct pm_message ) is called, but no possible target functions were found. (CFunctionPointerResolver.getTargets, WARNING)

Using unsound approximation of ints with unbounded integers and floats with unbounded integers for encoding program semantics. (PredicateCPA:FormulaManagerView.<init>, WARNING)

Using predicate analysis with Princess 2023-04-07. (PredicateCPA:PredicateCPA.<init>, INFO)

Using unsound approximation of ints with unbounded integers and floats with unbounded integers for encoding program semantics. (AssumptionStorageCPA:FormulaManagerView.<init>, WARNING)

Starting analysis ... (CPAchecker.runAlgorithm, INFO)

line 21106: Ignoring call via function pointer ldv_timer_instance_callback_32_2::arg0 for which no suitable target was found in line: (*arg0)(arg1); (TargetLocationProvider:FunctionPointerCPA:FunctionPointerTransferRelation.getAbstractSuccessorsForEdge, WARNING)

Recursion detected, aborting. To ignore recursion, add -skipRecursion to the command line. (TargetLocationProvider:CallstackCPA:CallstackTransferRelation.getAbstractSuccessorsForEdge, INFO)

Recursion detected. Defaulting to selecting all locations as potential target locations. (TargetLocationProvider:TargetLocationProviderImpl.tryGetAutomatonTargetLocations, INFO)

Creating formula for program (AbstractBMCAlgorithm.run, INFO)

Exception in thread "main" org.sosy_lab.java_smt.basicimpl.GeneratorException: Modular Congruence is not available in SMTLIB2. 
	at org.sosy_lab.java_smt.basicimpl.AbstractNumeralFormulaManager.modularCongruence(AbstractNumeralFormulaManager.java:361)
	at org.sosy_lab.java_smt.solvers.princess.PrincessIntegerFormulaManager.modularCongruence(PrincessIntegerFormulaManager.java:22)
	at org.sosy_lab.cpachecker.util.predicates.smt.IntegerFormulaManagerView.modularCongruence(IntegerFormulaManagerView.java:35)
	at org.sosy_lab.cpachecker.util.predicates.smt.FormulaManagerView.makeModularCongruence(FormulaManagerView.java:688)
	at org.sosy_lab.cpachecker.util.predicates.smt.FormulaManagerView.makeModularCongruence(FormulaManagerView.java:670)
	at org.sosy_lab.cpachecker.util.predicates.pathformula.pointeraliasing.PointerTargetSetManager.makeBaseAddressConstraints(PointerTargetSetManager.java:653)
	at org.sosy_lab.cpachecker.util.predicates.pathformula.pointeraliasing.PointerTargetSetBuilder$RealPointerTargetSetBuilder.addNextBaseAddressConstraints(PointerTargetSetBuilder.java:286)
	at org.sosy_lab.cpachecker.util.predicates.pathformula.pointeraliasing.CToFormulaConverterWithPointerAliasing.declareSharedBase(CToFormulaConverterWithPointerAliasing.java:437)
	at org.sosy_lab.cpachecker.util.predicates.pathformula.pointeraliasing.CToFormulaConverterWithPointerAliasing.makeDeclaration(CToFormulaConverterWithPointerAliasing.java:1001)
	at org.sosy_lab.cpachecker.util.predicates.pathformula.ctoformula.CtoFormulaConverter.createFormulaForEdge(CtoFormulaConverter.java:1231)
	at org.sosy_lab.cpachecker.util.predicates.pathformula.ctoformula.CtoFormulaConverter.makeAnd(CtoFormulaConverter.java:1049)
	at org.sosy_lab.cpachecker.util.predicates.pathformula.PathFormulaManagerImpl.makeAnd(PathFormulaManagerImpl.java:246)
	at org.sosy_lab.cpachecker.util.predicates.pathformula.PathFormulaManagerImpl.makeAnd(PathFormulaManagerImpl.java:300)
	at org.sosy_lab.cpachecker.cpa.predicate.PredicateTransferRelation.convertEdgeToPathFormula(PredicateTransferRelation.java:203)
	at org.sosy_lab.cpachecker.cpa.predicate.PredicateTransferRelation.getAbstractSuccessorsForEdge(PredicateTransferRelation.java:113)
	at org.sosy_lab.cpachecker.cpa.composite.CompositeTransferRelation.callTransferRelation(CompositeTransferRelation.java:297)
	at org.sosy_lab.cpachecker.cpa.composite.CompositeTransferRelation.getAbstractSuccessorForSimpleEdge(CompositeTransferRelation.java:264)
	at org.sosy_lab.cpachecker.cpa.composite.CompositeTransferRelation.getAbstractSuccessorForEdge(CompositeTransferRelation.java:196)
	at org.sosy_lab.cpachecker.cpa.composite.CompositeTransferRelation.getAbstractSuccessors(CompositeTransferRelation.java:88)
	at org.sosy_lab.cpachecker.cpa.arg.ARGTransferRelation.getAbstractSuccessors(ARGTransferRelation.java:45)
	at org.sosy_lab.cpachecker.core.algorithm.CPAAlgorithm.handleState(CPAAlgorithm.java:334)
	at org.sosy_lab.cpachecker.core.algorithm.CPAAlgorithm.run0(CPAAlgorithm.java:289)
	at org.sosy_lab.cpachecker.core.algorithm.CPAAlgorithm.run(CPAAlgorithm.java:260)
	at org.sosy_lab.cpachecker.core.algorithm.bmc.BMCHelper.unroll(BMCHelper.java:192)
	at org.sosy_lab.cpachecker.core.algorithm.bmc.AbstractBMCAlgorithm.run(AbstractBMCAlgorithm.java:427)
	at org.sosy_lab.cpachecker.core.algorithm.bmc.BMCAlgorithm.run(BMCAlgorithm.java:130)
	at org.sosy_lab.cpachecker.core.CPAchecker.runAlgorithm(CPAchecker.java:507)
	at org.sosy_lab.cpachecker.core.CPAchecker.run(CPAchecker.java:369)
	at org.sosy_lab.cpachecker.cmdline.CPAMain.main(CPAMain.java:170)
