scripts/cpa.sh -heap 13000M -stack 50M -noout -benchmark -bmc -setprop cpa.predicate.useArraysForHeap=false -setprop cpa.predicate.memoryAllocationsAlwaysSucceed=true -setprop cpa.loopbound.maxLoopIterations=1 -setprop cpa.predicate.encodeFloatAs=INTEGER -setprop cpa.predicate.encodeBitvectorAs=INTEGER -setprop solver.solver=princess -timelimit 900s -stats -spec test/programs/benchmarks/properties/unreach-call.prp -32 test/programs/benchmarks/seq-mthreaded/pals_lcr.7.1.ufo.BOUNDED-14.pals.c


--------------------------------------------------------------------------------


Running CPAchecker with Java heap of size 13000M.
Running CPAchecker with Java stack of size 50M.
Language C detected and set for analysis (CPAMain.detectFrontendLanguageIfNecessary, INFO)

Using the following resource limits: CPU-time limit of 900s (ResourceLimitChecker.fromConfiguration, INFO)

CPAchecker 2.3.1-svn-45350M / bmc (OpenJDK 64-Bit Server VM 17.0.8.1) started (CPAchecker.run, INFO)

Parsing CFA from file(s) "test/programs/benchmarks/seq-mthreaded/pals_lcr.7.1.ufo.BOUNDED-14.pals.c" (CPAchecker.parse, INFO)

Using unsound approximation of ints with unbounded integers and floats with unbounded integers for encoding program semantics. (PredicateCPA:FormulaManagerView.<init>, WARNING)

Using predicate analysis with Princess 2023-04-07. (PredicateCPA:PredicateCPA.<init>, INFO)

Using unsound approximation of ints with unbounded integers and floats with unbounded integers for encoding program semantics. (AssumptionStorageCPA:FormulaManagerView.<init>, WARNING)

Starting analysis ... (CPAchecker.runAlgorithm, INFO)

Creating formula for program (AbstractBMCAlgorithm.run, INFO)

Starting satisfiability check... (AbstractBMCAlgorithm.boundedModelCheck, INFO)

Shutdown requested (The CPU-time limit of 900s has elapsed.), waiting for termination. (ForceTerminationOnShutdown$1.shutdownRequested, WARNING)

Shutdown was requested but CPAchecker is still running after 10s, forcing immediate termination now. (ForceTerminationOnShutdown.run, WARNING)

For your information: CPAchecker is currently hanging at
 app//org.sosy_lab.java_smt.basicimpl.Generator.lambda$evaluateRecursive$0(Generator.java:73)
app//or... <REMAINING ARGUMENT OMITTED BECAUSE 14238 CHARACTERS LONG> 
 (ForceTerminationOnShutdown.run, INFO)

