scripts/cpa.sh -heap 13000M -stack 50M -noout -benchmark -bmc -setprop cpa.predicate.useArraysForHeap=false -setprop cpa.predicate.memoryAllocationsAlwaysSucceed=true -setprop cpa.loopbound.maxLoopIterations=1 -setprop cpa.predicate.encodeFloatAs=INTEGER -setprop cpa.predicate.encodeBitvectorAs=INTEGER -setprop solver.solver=princess -timelimit 900s -stats -spec test/programs/benchmarks/properties/unreach-call.prp -32 test/programs/benchmarks/loop-invgen/id_build.i.p+nlh-reducer.c


--------------------------------------------------------------------------------


Running CPAchecker with Java heap of size 13000M.
Running CPAchecker with Java stack of size 50M.
Language C detected and set for analysis (CPAMain.detectFrontendLanguageIfNecessary, INFO)

Using the following resource limits: CPU-time limit of 900s (ResourceLimitChecker.fromConfiguration, INFO)

CPAchecker 2.3.1-svn-45350M / bmc (OpenJDK 64-Bit Server VM 17.0.8.1) started (CPAchecker.run, INFO)

Parsing CFA from file(s) "test/programs/benchmarks/loop-invgen/id_build.i.p+nlh-reducer.c" (CPAchecker.parse, INFO)

Using unsound approximation of ints with unbounded integers and floats with unbounded integers for encoding program semantics. (PredicateCPA:FormulaManagerView.<init>, WARNING)

Using predicate analysis with Princess 2023-04-07. (PredicateCPA:PredicateCPA.<init>, INFO)

Using unsound approximation of ints with unbounded integers and floats with unbounded integers for encoding program semantics. (AssumptionStorageCPA:FormulaManagerView.<init>, WARNING)

Starting analysis ... (CPAchecker.runAlgorithm, INFO)

Creating formula for program (AbstractBMCAlgorithm.run, INFO)

Starting satisfiability check... (AbstractBMCAlgorithm.boundedModelCheck, INFO)

Starting assertions check... (AbstractBMCAlgorithm.checkBoundingAssertions, INFO)

Terminating because none of the following CPAs' precision can be adjusted any further  LoopBoundCPA (AbstractBMCAlgorithm.adjustConditions, INFO)

Stopping analysis ... (CPAchecker.runAlgorithm, INFO)

Analysis incomplete: no errors found, but not everything could be checked. (CPAchecker.analyzeResult, WARNING)


PredicateCPA statistics
-----------------------
Number of abstractions:            0 (0% of all post computations)
Number of strengthen sat checks:   0
Number of coverage checks:         168
  BDD entailment checks:           0
Number of SMT sat checks:          0
  trivial:                         0
  cached:                          0

Max ABE block size:                       0
Avg ABE block size:                                0.00 (sum: 0, count: 0, min: 0, max: 0)
Number of predicates discovered:          0

Time for post operator:                                0.323s
  Time for path formula creation:                      0.319s
Time for strengthen operator:                          0.015s
Time for prec operator:                                0.009s
Time for merge operator:                               0.119s
Time for coverage checks:                              0.000s
Total time for SMT solver (w/o itp):     0.000s

Total number of created targets for pointer analysis: 0



KeyValue statistics
-------------------
Init. function predicates:                         0
Init. global predicates:                           0
Init. location predicates:                         0

Invariant Generation statistics
-------------------------------

Bounds CPA statistics
---------------------
Bound k:                                           1
Maximum loop iteration reached:                    2


ValueAnalysisCPA statistics
---------------------------
Number of variables per state:                     4.05 (sum: 2464, count: 609, min: 0, max: 5)
Number of global variables per state:              1.98 (sum: 1206, count: 609, min: 0, max: 2)
Number of assumptions:                                  346
Number of deterministic assumptions:                      0
Level of Determinism:                              0%

ValueAnalysisPrecisionAdjustment statistics
-------------------------------------------
Number of abstraction computations:                     692
Total time for liveness abstraction:                   0.000s
Total time for abstraction computation:                0.013s
Total time for path thresholds:                        0.000s

ConstraintsStrengthenOperator statistics
----------------------------------------
Total time for strengthening by ConstraintsCPA:     0.000s
Replaced symbolic expressions: 0

AutomatonAnalysis (SVCOMP) statistics
-------------------------------------
Number of states:                                  1
Total time for successor computation:                  0.004s
Automaton transfers with branching:                0
Automaton transfer successors:                     1.00 (sum: 692, count: 692, min: 1, max: 1) [1 x 692]
Number of states with assumption transitions:      0

CPA algorithm statistics
------------------------
Number of iterations:            609
Max size of waitlist:            82
Average size of waitlist:        40
LoopstackSortedWaitlist:                           26.68 (sum: 587, count: 22, min: 0, max: 587)
ReversePostorderSortedWaitlist:                    0.00 (sum: 0, count: 23, min: 0, max: 0)
LoopIterationSortedWaitlist:                       26.64 (sum: 586, count: 22, min: 0, max: 586)
CallstackSortedWaitlist:                           587.00 (sum: 587, count: 1, min: 587, max: 587)
Number of computed successors:   692
Max successors for one state:    2
Number of times merged:          84
Number of times stopped:         84
Number of times breaked:         0

Total time for CPA algorithm:         0.710s (Max:     0.710s)
  Time for choose from waitlist:      0.007s
  Time for precision adjustment:      0.057s
  Time for transfer relation:         0.465s
  Time for merge operator:            0.140s
  Time for stop operator:             0.014s
  Time for adding to reached set:     0.015s

BMC algorithm statistics
------------------------
Time for BMC formula creation:                       0.711s
Time for final sat check:                            0.195s
Time for bounding assertions check:                  0.753s

CPAchecker general statistics
-----------------------------
Number of program locations:                       1215
Number of CFA edges (per node):                        1443 (count: 1215, min: 0, max: 2, avg: 1.19)
Number of relevant variables:                      310
Number of functions:                               3
Number of loops (and loop nodes):                         4 (sum: 58, min: 13, max: 19, avg: 14.50)
Size of reached set:             609
  Number of reached locations:   609 (50%)
    Avg states per location:     1
    Max states per location:     1 (at node N10)
  Number of reached functions:   1 (33%)
  Number of partitions:          609
    Avg size of partitions:      1
    Max size of partitions:      1
  Number of target states:       0

Time for analysis setup:          3.029s
  Time for loading CPAs:          1.363s
  Time for loading parser:        0.249s
  Time for CFA construction:      1.352s
    Time for parsing file(s):     0.353s
    Time for AST to CFA:          0.565s
    Time for CFA sanity check:    0.000s
    Time for post-processing:     0.370s
    Time for loop structure:      0.087s
    Time for AST structure:       0.000s
      Time for function pointers resolving:            0.005s
        Function calls via function pointers:             0 (count: 1, min: 0, max: 0, avg: 0.00)
        Instrumented function pointer calls:              0 (count: 1, min: 0, max: 0, avg: 0.00)
        Function calls with function pointer arguments:        0 (count: 1, min: 0, max: 0, avg: 0.00)
        Instrumented function pointer arguments:          0 (count: 1, min: 0, max: 0, avg: 0.00)
      Time for classifying variables:                  0.218s
        Time for collecting variables:                 0.153s
        Time for solving dependencies:                 0.001s
        Time for building hierarchy:                   0.000s
        Time for building classification:              0.064s
        Time for exporting data:                       0.000s
Time for Analysis:                1.896s
CPU time for analysis:            3.500s
Time for analyzing result:        0.015s
Total time for CPAchecker:        4.926s
Total CPU time for CPAchecker:    9.470s
Time for statistics:              0.050s

Time for Garbage Collector:       0.113s (in 9 runs)
Garbage Collector(s) used:    G1 Old Generation, G1 Young Generation

Verification result: UNKNOWN, incomplete analysis.
More details about the verification run can be found in the directory "./output".
