scripts/cpa.sh -heap 13000M -stack 50M -noout -benchmark -bmc -setprop cpa.predicate.useArraysForHeap=false -setprop cpa.predicate.memoryAllocationsAlwaysSucceed=true -setprop cpa.loopbound.maxLoopIterations=1 -setprop cpa.predicate.encodeFloatAs=INTEGER -setprop cpa.predicate.encodeBitvectorAs=INTEGER -setprop solver.solver=princess -timelimit 900s -stats -spec test/programs/benchmarks/properties/unreach-call.prp -32 test/programs/benchmarks/product-lines/minepump_spec3_product02.cil.c


--------------------------------------------------------------------------------


Running CPAchecker with Java heap of size 13000M.
Running CPAchecker with Java stack of size 50M.
Language C detected and set for analysis (CPAMain.detectFrontendLanguageIfNecessary, INFO)

Using the following resource limits: CPU-time limit of 900s (ResourceLimitChecker.fromConfiguration, INFO)

CPAchecker 2.3.1-svn-45350M / bmc (OpenJDK 64-Bit Server VM 17.0.8.1) started (CPAchecker.run, INFO)

Parsing CFA from file(s) "test/programs/benchmarks/product-lines/minepump_spec3_product02.cil.c" (CPAchecker.parse, INFO)

line 61: Dead code detected: return (retValue_acc); (CFACreationUtils.addEdgeToCFA, INFO)

line 84: Dead code detected: return (retValue_acc); (CFACreationUtils.addEdgeToCFA, INFO)

line 413: Dead code detected: return (retValue_acc); (CFACreationUtils.addEdgeToCFA, INFO)

line 459: Dead code detected: return (retValue_acc); (CFACreationUtils.addEdgeToCFA, INFO)

line 531: Dead code detected: return (retValue_acc); (CFACreationUtils.addEdgeToCFA, INFO)

line 540: Dead code detected: return (retValue_acc); (CFACreationUtils.addEdgeToCFA, INFO)

line 785: Dead code detected: return (retValue_acc); (CFACreationUtils.addEdgeToCFA, INFO)

line 833: Dead code detected: return (retValue_acc); (CFACreationUtils.addEdgeToCFA, INFO)

line 865: Dead code detected: return (retValue_acc); (CFACreationUtils.addEdgeToCFA, INFO)

line 250: Function pointer *__cil_tmp10 with type int (*)(int, int) is called, but no possible target functions were found. (CFunctionPointerResolver.getTargets, WARNING)

Using unsound approximation of ints with unbounded integers and floats with unbounded integers for encoding program semantics. (PredicateCPA:FormulaManagerView.<init>, WARNING)

Using predicate analysis with Princess 2023-04-07. (PredicateCPA:PredicateCPA.<init>, INFO)

Using unsound approximation of ints with unbounded integers and floats with unbounded integers for encoding program semantics. (AssumptionStorageCPA:FormulaManagerView.<init>, WARNING)

Starting analysis ... (CPAchecker.runAlgorithm, INFO)

Creating formula for program (AbstractBMCAlgorithm.run, INFO)

Starting satisfiability check... (AbstractBMCAlgorithm.boundedModelCheck, INFO)

Error found, creating error path (AbstractBMCAlgorithm.analyzeCounterexample0, INFO)

{__utac_acc__Specification3_spec__1::tmp___1@3 -> 0, isPumpRunning::__retval__@2 -> 0, isPumpRunning::retValue_acc@3 -> 0, __utac_acc__Specification3_spec__1::tmp___0@3 -> 2, getWaterLevel::__retval__@2 -> 2, getWaterLevel::retValue_acc@3 -> 2, __utac_acc__Specification3_spec__1::tmp@3 -> 0, isMethaneLevelCritical::__retval__@2 -> 0, isMethaneLevelCritical::retValue_acc@3 -> 0, test::tmp___1@3 -> 0, __VERIFIER_nondet_int!5@ -> 0, systemActive@3 -> 1, test::tmp___2@3 -> 0, __VERIFIER_nondet_int!4@ -> 0, methaneLevelCritical@3 -> 0, test::tmp___0@3 -> 0, __VERIFIER_nondet_int!3@ -> 0, waterLevel@3 -> 2, test::tmp@3 -> 1, __VERIFIER_nondet_int!2@ -> 1, test::splverifierCounter@3 -> 0, main::tmp@3 -> 1, valid_product::__retval__@2 -> 1, valid_product::retValue_acc@3 -> 1, methaneLevelCritical@2 -> 0, waterLevel@2 -> 1, cleanupTimeShifts@2 -> 4, systemActive@2 -> 1, pumpRunning@2 -> 0, head@2 -> 0, abbrev_14_def -> true, abbrev_14 -> true}
{__utac_acc__Specification3_spec__1::tmp___1@6 -> 0, __utac_acc__Specification3_spec__1::tmp___0@5 -> 2, __utac_acc__Specification3_spec__1::tmp@4 -> 0, test::tmp___1@4 -> 0, test::tmp___2@4 -> 0, test::tmp___0@4 -> 0, main::tmp@6 -> 1, isPumpRunning::__retval__@2 -> 0, valid_product::__retval__@2 -> 1, test::splverifierCounter@3 -> 0, isMethaneLevelCritical::__retval__@2 -> 0, waterLevel@2 -> 1, __VERIFIER_nondet_int!4@ -> 0, getWaterLevel::__retval__@2 -> 2, isPumpRunning::retValue_acc@3 -> 0, __VERIFIER_nondet_int!2@ -> 1, methaneLevelCritical@2 -> 0, head@2 -> 0, test::tmp@3 -> 1, pumpRunning@2 -> 0, getWaterLevel::retValue_acc@3 -> 2, __VERIFIER_nondet_int!5@ -> 0, __VERIFIER_nondet_int!3@ -> 0, isMethaneLevelCritical::retValue_acc@3 -> 0, waterLevel@3 -> 2, valid_product::retValue_acc@3 -> 1, systemActive@2 -> 1, cleanupTimeShifts@2 -> 4}
[__utac_acc__Specification3_spec__1::tmp___1@6: 0, __utac_acc__Specification3_spec__1::tmp___0@5: 2, __utac_acc__Specification3_spec__1::tmp@4: 0, test::tmp___1@4: 0, test::tmp___2@4: 0, test::tmp___0@4: 0, main::tmp@6: 1, isPumpRunning::__retval__@2: 0, valid_product::__retval__@2: 1, test::splverifierCounter@3: 0, isMethaneLevelCritical::__retval__@2: 0, waterLevel@2: 1, __VERIFIER_nondet_int!4@: 0, getWaterLevel::__retval__@2: 2, isPumpRunning::retValue_acc@3: 0, __VERIFIER_nondet_int!2@: 1, methaneLevelCritical@2: 0, head@2: 0, test::tmp@3: 1, pumpRunning@2: 0, getWaterLevel::retValue_acc@3: 2, __VERIFIER_nondet_int!5@: 0, __VERIFIER_nondet_int!3@: 0, isMethaneLevelCritical::retValue_acc@3: 0, waterLevel@3: 2, valid_product::retValue_acc@3: 1, systemActive@2: 1, cleanupTimeShifts@2: 4]
Stopping analysis ... (CPAchecker.runAlgorithm, INFO)


PredicateCPA statistics
-----------------------
Number of abstractions:            1 (1% of all post computations)
  Times abstraction was reused:    0
  Because of function entry/exit:  0 (0%)
  Because of loop head:            0 (0%)
  Because of join nodes:           0 (0%)
  Because of threshold:            0 (0%)
  Because of target state:         1 (100%)
  Times precision was empty:       1 (100%)
  Times precision was {false}:     0 (0%)
  Times result was cached:         0 (0%)
  Times cartesian abs was used:    0 (0%)
  Times boolean abs was used:      0 (0%)
  Times result was 'false':        0 (0%)
Number of strengthen sat checks:   0
Number of coverage checks:         10
  BDD entailment checks:           0
Number of SMT sat checks:          0
  trivial:                         0
  cached:                          0

Max ABE block size:                       51
Avg ABE block size:                                51.00 (sum: 51, count: 1, min: 51, max: 51)
Number of predicates discovered:          0

Time for post operator:                                0.071s
  Time for path formula creation:                      0.070s
Time for strengthen operator:                          0.005s
Time for prec operator:                                0.000s
  Time for abstraction:                  0.000s (Max:     0.000s, Count: 1)
    Solving time:                        0.000s (Max:     0.000s)
    Model enumeration time:              0.000s
    Time for BDD construction:           0.000s (Max:     0.000s)
Time for merge operator:                               0.004s
Time for coverage checks:                              0.000s
Total time for SMT solver (w/o itp):     0.000s

Total number of created targets for pointer analysis: 0



KeyValue statistics
-------------------
Init. function predicates:                         0
Init. global predicates:                           0
Init. location predicates:                         0

Invariant Generation statistics
-------------------------------

Bounds CPA statistics
---------------------
Bound k:                                           1
Maximum loop iteration reached:                    2


ValueAnalysisCPA statistics
---------------------------
Number of variables per state:                     5.33 (sum: 916, count: 172, min: 0, max: 9)
Number of global variables per state:              3.80 (sum: 653, count: 172, min: 0, max: 6)
Number of assumptions:                                   40
Number of deterministic assumptions:                      0
Level of Determinism:                              0%

ValueAnalysisPrecisionAdjustment statistics
-------------------------------------------
Number of abstraction computations:                     176
Total time for liveness abstraction:                   0.000s
Total time for abstraction computation:                0.005s
Total time for path thresholds:                        0.000s

ConstraintsStrengthenOperator statistics
----------------------------------------
Total time for strengthening by ConstraintsCPA:     0.000s
Replaced symbolic expressions: 0

AutomatonAnalysis (SVCOMP) statistics
-------------------------------------
Number of states:                                  1
Total time for successor computation:                  0.002s
Automaton transfers with branching:                0
Automaton transfer successors:                     0.99 (sum: 176, count: 177, min: 0, max: 1) [0, 1 x 176]
Number of states with assumption transitions:      0

CPA algorithm statistics
------------------------
Number of iterations:            172
Max size of waitlist:            3
Average size of waitlist:        1
LoopstackSortedWaitlist:                           0.05 (sum: 7, count: 153, min: 0, max: 7)
ReversePostorderSortedWaitlist:                    0.00 (sum: 0, count: 153, min: 0, max: 0)
LoopIterationSortedWaitlist:                       0.05 (sum: 7, count: 153, min: 0, max: 7)
CallstackSortedWaitlist:                           19.00 (sum: 19, count: 1, min: 19, max: 19)
Number of computed successors:   176
Max successors for one state:    2
Number of times merged:          5
Number of times stopped:         5
Number of times breaked:         0

Total time for CPA algorithm:         0.156s (Max:     0.156s)
  Time for choose from waitlist:      0.007s
  Time for precision adjustment:      0.015s
  Time for transfer relation:         0.114s
  Time for merge operator:            0.006s
  Time for stop operator:             0.003s
  Time for adding to reached set:     0.007s

BMC algorithm statistics
------------------------
Time for BMC formula creation:                       0.158s
Time for final sat check:                            0.428s
Time for error-path creation:                        0.098s
Time for error-path post-processing:                 0.251s

CPAchecker general statistics
-----------------------------
Number of program locations:                       571
Number of CFA edges (per node):                         605 (count: 571, min: 0, max: 8, avg: 1.06)
Number of relevant variables:                      113
Number of functions:                               33
Number of loops (and loop nodes):                         5 (sum: 82, min: 8, max: 24, avg: 16.40)
Size of reached set:             172
  Number of reached locations:   171 (30%)
    Avg states per location:     1
    Max states per location:     2 (at node N429)
  Number of reached functions:   18 (55%)
  Number of partitions:          172
    Avg size of partitions:      1
    Max size of partitions:      1
  Number of target states:       1

Time for analysis setup:          2.414s
  Time for loading CPAs:          1.284s
  Time for loading parser:        0.207s
  Time for CFA construction:      0.856s
    Time for parsing file(s):     0.406s
    Time for AST to CFA:          0.257s
    Time for CFA sanity check:    0.000s
    Time for post-processing:     0.120s
    Time for loop structure:      0.007s
    Time for AST structure:       0.000s
      Time for function pointers resolving:            0.005s
        Function calls via function pointers:             1 (count: 1, min: 1, max: 1, avg: 1.00)
        Instrumented function pointer calls:              0 (count: 1, min: 0, max: 0, avg: 0.00)
        Function calls with function pointer arguments:        0 (count: 1, min: 0, max: 0, avg: 0.00)
        Instrumented function pointer arguments:          0 (count: 1, min: 0, max: 0, avg: 0.00)
      Time for classifying variables:                  0.070s
        Time for collecting variables:                 0.040s
        Time for solving dependencies:                 0.001s
        Time for building hierarchy:                   0.000s
        Time for building classification:              0.029s
        Time for exporting data:                       0.000s
Time for Analysis:                1.048s
CPU time for analysis:            2.050s
Time for analyzing result:        0.001s
Total time for CPAchecker:        3.463s
Total CPU time for CPAchecker:    6.720s
Time for statistics:              0.042s

Time for Garbage Collector:       0.076s (in 8 runs)
Garbage Collector(s) used:    G1 Old Generation, G1 Young Generation

Verification result: FALSE. Property violation (unreach-call: reach_error(); called in line 92) found by chosen configuration.
More details about the verification run can be found in the directory "./output".
