scripts/cpa.sh -heap 13000M -stack 50M -noout -benchmark -bmc -setprop cpa.predicate.useArraysForHeap=false -setprop cpa.predicate.memoryAllocationsAlwaysSucceed=true -setprop cpa.loopbound.maxLoopIterations=1 -setprop cpa.predicate.encodeFloatAs=INTEGER -setprop cpa.predicate.encodeBitvectorAs=INTEGER -setprop solver.solver=princess -timelimit 900s -stats -spec test/programs/benchmarks/properties/unreach-call.prp -64 test/programs/benchmarks/ldv-linux-3.4-simple/43_1a_cilled_ok_nondet_linux-43_1a-drivers--media--rc--keymaps--rc-nebula.ko-ldv_main0_sequence_infinite_withcheck_stateful.cil.out.i


--------------------------------------------------------------------------------


Running CPAchecker with Java heap of size 13000M.
Running CPAchecker with Java stack of size 50M.
Language C detected and set for analysis (CPAMain.detectFrontendLanguageIfNecessary, INFO)

Using the following resource limits: CPU-time limit of 900s (ResourceLimitChecker.fromConfiguration, INFO)

CPAchecker 2.3.1-svn-45350M / bmc (OpenJDK 64-Bit Server VM 17.0.8.1) started (CPAchecker.run, INFO)

Parsing CFA from file(s) "test/programs/benchmarks/ldv-linux-3.4-simple/43_1a_cilled_ok_nondet_linux-43_1a-drivers--media--rc--keymaps--rc-nebula.ko-ldv_main0_sequence_infinite_withcheck_stateful.cil.out.i" (CPAchecker.parse, INFO)

Dead code detected: Label switch_break is not reachable. (CFAFunctionBuilder.leave, INFO)

Using unsound approximation of ints with unbounded integers and floats with unbounded integers for encoding program semantics. (PredicateCPA:FormulaManagerView.<init>, WARNING)

Using predicate analysis with Princess 2023-04-07. (PredicateCPA:PredicateCPA.<init>, INFO)

Using unsound approximation of ints with unbounded integers and floats with unbounded integers for encoding program semantics. (AssumptionStorageCPA:FormulaManagerView.<init>, WARNING)

Starting analysis ... (CPAchecker.runAlgorithm, INFO)

Stopping analysis ... (CPAchecker.runAlgorithm, INFO)


PredicateCPA statistics
-----------------------
Number of abstractions:            0 (NaN% of all post computations)
Number of strengthen sat checks:   0
Number of coverage checks:         0
  BDD entailment checks:           0
Number of SMT sat checks:          0
  trivial:                         0
  cached:                          0

Max ABE block size:                       0
Avg ABE block size:                                0.00 (sum: 0, count: 0, min: 0, max: 0)
Number of predicates discovered:          0

Time for post operator:                                0.000s
  Time for path formula creation:                      0.000s
Time for strengthen operator:                          0.000s
Time for prec operator:                                0.000s
Time for coverage checks:                              0.000s
Total time for SMT solver (w/o itp):     0.000s

Total number of created targets for pointer analysis: 0



KeyValue statistics
-------------------
Init. function predicates:                         0
Init. global predicates:                           0
Init. location predicates:                         0

Invariant Generation statistics
-------------------------------

Bounds CPA statistics
---------------------
Bound k:                                           1
Maximum loop iteration reached:                    0


ValueAnalysisCPA statistics
---------------------------
Number of variables per state:                     0.00 (sum: 0, count: 1, min: 0, max: 0)
Number of global variables per state:              0.00 (sum: 0, count: 1, min: 0, max: 0)
Number of assumptions:                                    0
Number of deterministic assumptions:                      0
Level of Determinism:                              100%

ValueAnalysisPrecisionAdjustment statistics
-------------------------------------------
Number of abstraction computations:                       0
Total time for liveness abstraction:                   0.000s
Total time for abstraction computation:                0.000s
Total time for path thresholds:                        0.000s

ConstraintsStrengthenOperator statistics
----------------------------------------
Total time for strengthening by ConstraintsCPA:     0.000s
Replaced symbolic expressions: 0

AutomatonAnalysis (SVCOMP) statistics
-------------------------------------
Number of states:                                  1
Total time for successor computation:                  0.000s
Automaton transfers with branching:                0
Automaton transfer successors:                     0.00 (sum: 0, count: 0, min: 0, max: 0) []
Number of states with assumption transitions:      0

CPA algorithm statistics
------------------------
Number of iterations:            0

BMC algorithm statistics
------------------------

CPAchecker general statistics
-----------------------------
Number of program locations:                       234
Number of CFA edges (per node):                         225 (count: 234, min: 0, max: 2, avg: 0.96)
Number of relevant variables:                      14
Number of functions:                               20
Number of loops (and loop nodes):                         1 (sum: 9, min: 9, max: 9, avg: 9.00)
Size of reached set:             1
  Number of reached locations:   1 (0%)
    Avg states per location:     1
    Max states per location:     1 (at node N20)
  Number of reached functions:   1 (5%)
  Number of partitions:          1
    Avg size of partitions:      1
    Max size of partitions:      1
  Number of target states:       0

Time for analysis setup:          2.347s
  Time for loading CPAs:          1.250s
  Time for loading parser:        0.260s
  Time for CFA construction:      0.780s
    Time for parsing file(s):     0.393s
    Time for AST to CFA:          0.218s
    Time for CFA sanity check:    0.000s
    Time for post-processing:     0.113s
    Time for loop structure:      0.005s
    Time for AST structure:       0.000s
      Time for function pointers resolving:            0.002s
        Function calls via function pointers:             0 (count: 1, min: 0, max: 0, avg: 0.00)
        Instrumented function pointer calls:              0 (count: 1, min: 0, max: 0, avg: 0.00)
        Function calls with function pointer arguments:        0 (count: 1, min: 0, max: 0, avg: 0.00)
        Instrumented function pointer arguments:          0 (count: 1, min: 0, max: 0, avg: 0.00)
      Time for classifying variables:                  0.077s
        Time for collecting variables:                 0.058s
        Time for solving dependencies:                 0.000s
        Time for building hierarchy:                   0.000s
        Time for building classification:              0.019s
        Time for exporting data:                       0.000s
Time for Analysis:                0.084s
CPU time for analysis:            0.160s
Time for analyzing result:        0.000s
Total time for CPAchecker:        2.433s
Total CPU time for CPAchecker:    4.720s
Time for statistics:              0.040s

Time for Garbage Collector:       0.064s (in 7 runs)
Garbage Collector(s) used:    G1 Old Generation, G1 Young Generation

Verification result: TRUE. No property violation found by chosen configuration.
More details about the verification run can be found in the directory "./output".
