scripts/cpa.sh -heap 13000M -stack 50M -noout -benchmark -bmc -setprop cpa.predicate.useArraysForHeap=false -setprop cpa.predicate.memoryAllocationsAlwaysSucceed=true -setprop cpa.loopbound.maxLoopIterations=1 -setprop cpa.predicate.encodeFloatAs=INTEGER -setprop cpa.predicate.encodeBitvectorAs=INTEGER -setprop solver.solver=princess_binary -setprop proveroptions.option=use_binary -timelimit 900s -stats -spec test/programs/benchmarks/properties/unreach-call.prp -32 test/programs/benchmarks/seq-mthreaded/pals_lcr-var-start-time.3.2.ufo.BOUNDED-6.pals.c


--------------------------------------------------------------------------------


Running CPAchecker with Java heap of size 13000M.
Running CPAchecker with Java stack of size 50M.
Language C detected and set for analysis (CPAMain.detectFrontendLanguageIfNecessary, INFO)

Using the following resource limits: CPU-time limit of 900s (ResourceLimitChecker.fromConfiguration, INFO)

CPAchecker 2.3.1-svn-45350M / bmc (OpenJDK 64-Bit Server VM 17.0.8.1) started (CPAchecker.run, INFO)

Parsing CFA from file(s) "test/programs/benchmarks/seq-mthreaded/pals_lcr-var-start-time.3.2.ufo.BOUNDED-6.pals.c" (CPAchecker.parse, INFO)

Using unsound approximation of ints with unbounded integers and floats with unbounded integers for encoding program semantics. (PredicateCPA:FormulaManagerView.<init>, WARNING)

Using predicate analysis with Princess 2023-04-07. (PredicateCPA:PredicateCPA.<init>, INFO)

Using unsound approximation of ints with unbounded integers and floats with unbounded integers for encoding program semantics. (AssumptionStorageCPA:FormulaManagerView.<init>, WARNING)

The following configuration options were specified but are not used:
 proveroptions.option 
 (CPAchecker.printConfigurationWarnings, WARNING)

Starting analysis ... (CPAchecker.runAlgorithm, INFO)

Creating formula for program (AbstractBMCAlgorithm.run, INFO)

Starting satisfiability check... (AbstractBMCAlgorithm.boundedModelCheck, INFO)

Starting assertions check... (AbstractBMCAlgorithm.checkBoundingAssertions, INFO)

Terminating because none of the following CPAs' precision can be adjusted any further  LoopBoundCPA (AbstractBMCAlgorithm.adjustConditions, INFO)

Stopping analysis ... (CPAchecker.runAlgorithm, INFO)

Analysis incomplete: no errors found, but not everything could be checked. (CPAchecker.analyzeResult, WARNING)


PredicateCPA statistics
-----------------------
Number of abstractions:            1 (0% of all post computations)
  Times abstraction was reused:    0
  Because of function entry/exit:  0 (0%)
  Because of loop head:            0 (0%)
  Because of join nodes:           0 (0%)
  Because of threshold:            0 (0%)
  Because of target state:         1 (100%)
  Times precision was empty:       1 (100%)
  Times precision was {false}:     0 (0%)
  Times result was cached:         0 (0%)
  Times cartesian abs was used:    0 (0%)
  Times boolean abs was used:      0 (0%)
  Times result was 'false':        0 (0%)
Number of strengthen sat checks:   0
Number of coverage checks:         66
  BDD entailment checks:           0
Number of SMT sat checks:          0
  trivial:                         0
  cached:                          0

Max ABE block size:                       119
Avg ABE block size:                                119.00 (sum: 119, count: 1, min: 119, max: 119)
Number of predicates discovered:          0

Time for post operator:                                0.170s
  Time for path formula creation:                      0.166s
Time for strengthen operator:                          0.007s
Time for prec operator:                                0.004s
  Time for abstraction:                  0.000s (Max:     0.000s, Count: 1)
    Solving time:                        0.000s (Max:     0.000s)
    Model enumeration time:              0.000s
    Time for BDD construction:           0.000s (Max:     0.000s)
Time for merge operator:                               0.009s
Time for coverage checks:                              0.000s
Total time for SMT solver (w/o itp):     0.000s

Total number of created targets for pointer analysis: 0



KeyValue statistics
-------------------
Init. function predicates:                         0
Init. global predicates:                           0
Init. location predicates:                         0

Invariant Generation statistics
-------------------------------

Bounds CPA statistics
---------------------
Bound k:                                           1
Maximum loop iteration reached:                    2


ValueAnalysisCPA statistics
---------------------------
Number of variables per state:                     13.01 (sum: 3487, count: 268, min: 0, max: 27)
Number of global variables per state:              11.41 (sum: 3057, count: 268, min: 0, max: 26)
Number of assumptions:                                  106
Number of deterministic assumptions:                      0
Level of Determinism:                              0%

ValueAnalysisPrecisionAdjustment statistics
-------------------------------------------
Number of abstraction computations:                     301
Total time for liveness abstraction:                   0.000s
Total time for abstraction computation:                0.022s
Total time for path thresholds:                        0.000s

ConstraintsStrengthenOperator statistics
----------------------------------------
Total time for strengthening by ConstraintsCPA:     0.000s
Replaced symbolic expressions: 0

AutomatonAnalysis (SVCOMP) statistics
-------------------------------------
Number of states:                                  1
Total time for successor computation:                  0.015s
Automaton transfers with branching:                0
Automaton transfer successors:                     0.99 (sum: 301, count: 303, min: 0, max: 1) [0 x 2, 1 x 301]
Number of states with assumption transitions:      0

CPA algorithm statistics
------------------------
Number of iterations:            269
Max size of waitlist:            18
Average size of waitlist:        3
LoopstackSortedWaitlist:                           0.02 (sum: 3, count: 123, min: 0, max: 2)
ReversePostorderSortedWaitlist:                    0.00 (sum: 0, count: 123, min: 0, max: 0)
LoopIterationSortedWaitlist:                       0.02 (sum: 3, count: 123, min: 0, max: 2)
CallstackSortedWaitlist:                           146.00 (sum: 146, count: 1, min: 146, max: 146)
Number of computed successors:   301
Max successors for one state:    2
Number of times merged:          33
Number of times stopped:         33
Number of times breaked:         0

Total time for CPA algorithm:         0.396s (Max:     0.396s)
  Time for choose from waitlist:      0.007s
  Time for precision adjustment:      0.050s
  Time for transfer relation:         0.277s
  Time for merge operator:            0.029s
  Time for stop operator:             0.005s
  Time for adding to reached set:     0.014s

BMC algorithm statistics
------------------------
Time for BMC formula creation:                       0.398s
Time for final sat check:                           27.068s
Time for bounding assertions check:                 26.871s

CPAchecker general statistics
-----------------------------
Number of program locations:                       312
Number of CFA edges (per node):                         356 (count: 312, min: 0, max: 2, avg: 1.14)
Number of relevant variables:                      38
Number of functions:                               8
Number of loops (and loop nodes):                         1 (sum: 16, min: 16, max: 16, avg: 16.00)
Size of reached set:             268
  Number of reached locations:   267 (86%)
    Avg states per location:     1
    Max states per location:     2 (at node N250)
  Number of reached functions:   7 (88%)
  Number of partitions:          268
    Avg size of partitions:      1
    Max size of partitions:      1
  Number of target states:       0

Time for analysis setup:          2.207s
  Time for loading CPAs:          1.178s
  Time for loading parser:        0.249s
  Time for CFA construction:      0.718s
    Time for parsing file(s):     0.351s
    Time for AST to CFA:          0.210s
    Time for CFA sanity check:    0.000s
    Time for post-processing:     0.107s
    Time for loop structure:      0.005s
    Time for AST structure:       0.000s
      Time for function pointers resolving:            0.003s
        Function calls via function pointers:             0 (count: 1, min: 0, max: 0, avg: 0.00)
        Instrumented function pointer calls:              0 (count: 1, min: 0, max: 0, avg: 0.00)
        Function calls with function pointer arguments:        0 (count: 1, min: 0, max: 0, avg: 0.00)
        Instrumented function pointer arguments:          0 (count: 1, min: 0, max: 0, avg: 0.00)
      Time for classifying variables:                  0.068s
        Time for collecting variables:                 0.040s
        Time for solving dependencies:                 0.001s
        Time for building hierarchy:                   0.000s
        Time for building classification:              0.027s
        Time for exporting data:                       0.000s
Time for Analysis:               54.446s
CPU time for analysis:           57.770s
Time for analyzing result:        0.001s
Total time for CPAchecker:       56.654s
Total CPU time for CPAchecker:   62.080s
Time for statistics:              0.069s

Time for Garbage Collector:       0.378s (in 63 runs)
Garbage Collector(s) used:    G1 Old Generation, G1 Young Generation

Verification result: UNKNOWN, incomplete analysis.
More details about the verification run can be found in the directory "./output".
