scripts/cpa.sh -heap 13000M -stack 50M -noout -benchmark -bmc -setprop cpa.predicate.useArraysForHeap=false -setprop cpa.predicate.memoryAllocationsAlwaysSucceed=true -setprop cpa.loopbound.maxLoopIterations=1 -setprop cpa.predicate.encodeFloatAs=INTEGER -setprop cpa.predicate.encodeBitvectorAs=INTEGER -setprop solver.solver=princess_binary -setprop proveroptions.option=use_binary -timelimit 900s -stats -spec test/programs/benchmarks/properties/unreach-call.prp -32 test/programs/benchmarks/loop-invgen/large_const.i


--------------------------------------------------------------------------------


Running CPAchecker with Java heap of size 13000M.
Running CPAchecker with Java stack of size 50M.
Language C detected and set for analysis (CPAMain.detectFrontendLanguageIfNecessary, INFO)

Using the following resource limits: CPU-time limit of 900s (ResourceLimitChecker.fromConfiguration, INFO)

CPAchecker 2.3.1-svn-45350M / bmc (OpenJDK 64-Bit Server VM 17.0.8.1) started (CPAchecker.run, INFO)

Parsing CFA from file(s) "test/programs/benchmarks/loop-invgen/large_const.i" (CPAchecker.parse, INFO)

Using unsound approximation of ints with unbounded integers and floats with unbounded integers for encoding program semantics. (PredicateCPA:FormulaManagerView.<init>, WARNING)

Using predicate analysis with Princess 2023-04-07. (PredicateCPA:PredicateCPA.<init>, INFO)

Using unsound approximation of ints with unbounded integers and floats with unbounded integers for encoding program semantics. (AssumptionStorageCPA:FormulaManagerView.<init>, WARNING)

The following configuration options were specified but are not used:
 proveroptions.option 
 (CPAchecker.printConfigurationWarnings, WARNING)

Starting analysis ... (CPAchecker.runAlgorithm, INFO)

Creating formula for program (AbstractBMCAlgorithm.run, INFO)

Starting satisfiability check... (AbstractBMCAlgorithm.boundedModelCheck, INFO)

Starting assertions check... (AbstractBMCAlgorithm.checkBoundingAssertions, INFO)

Terminating because none of the following CPAs' precision can be adjusted any further  LoopBoundCPA (AbstractBMCAlgorithm.adjustConditions, INFO)

Stopping analysis ... (CPAchecker.runAlgorithm, INFO)

Analysis incomplete: no errors found, but not everything could be checked. (CPAchecker.analyzeResult, WARNING)


PredicateCPA statistics
-----------------------
Number of abstractions:            1 (2% of all post computations)
  Times abstraction was reused:    0
  Because of function entry/exit:  0 (0%)
  Because of loop head:            0 (0%)
  Because of join nodes:           0 (0%)
  Because of threshold:            0 (0%)
  Because of target state:         1 (100%)
  Times precision was empty:       1 (100%)
  Times precision was {false}:     0 (0%)
  Times result was cached:         0 (0%)
  Times cartesian abs was used:    0 (0%)
  Times boolean abs was used:      0 (0%)
  Times result was 'false':        0 (0%)
Number of strengthen sat checks:   0
Number of coverage checks:         8
  BDD entailment checks:           0
Number of SMT sat checks:          0
  trivial:                         0
  cached:                          0

Max ABE block size:                       19
Avg ABE block size:                                19.00 (sum: 19, count: 1, min: 19, max: 19)
Number of predicates discovered:          0

Time for post operator:                                0.048s
  Time for path formula creation:                      0.048s
Time for strengthen operator:                          0.003s
Time for prec operator:                                0.001s
  Time for abstraction:                  0.001s (Max:     0.001s, Count: 1)
    Solving time:                        0.000s (Max:     0.000s)
    Model enumeration time:              0.000s
    Time for BDD construction:           0.000s (Max:     0.000s)
Time for merge operator:                               0.003s
Time for coverage checks:                              0.000s
Total time for SMT solver (w/o itp):     0.000s

Total number of created targets for pointer analysis: 0



KeyValue statistics
-------------------
Init. function predicates:                         0
Init. global predicates:                           0
Init. location predicates:                         0

Invariant Generation statistics
-------------------------------

Bounds CPA statistics
---------------------
Bound k:                                           1
Maximum loop iteration reached:                    2


ValueAnalysisCPA statistics
---------------------------
Number of variables per state:                     3.75 (sum: 210, count: 56, min: 0, max: 7)
Number of global variables per state:              0.00 (sum: 0, count: 56, min: 0, max: 0)
Number of assumptions:                                   20
Number of deterministic assumptions:                      0
Level of Determinism:                              0%

ValueAnalysisPrecisionAdjustment statistics
-------------------------------------------
Number of abstraction computations:                      60
Total time for liveness abstraction:                   0.000s
Total time for abstraction computation:                0.003s
Total time for path thresholds:                        0.000s

ConstraintsStrengthenOperator statistics
----------------------------------------
Total time for strengthening by ConstraintsCPA:     0.000s
Replaced symbolic expressions: 0

AutomatonAnalysis (SVCOMP) statistics
-------------------------------------
Number of states:                                  1
Total time for successor computation:                  0.001s
Automaton transfers with branching:                0
Automaton transfer successors:                     0.98 (sum: 60, count: 61, min: 0, max: 1) [0, 1 x 60]
Number of states with assumption transitions:      0

CPA algorithm statistics
------------------------
Number of iterations:            57
Max size of waitlist:            3
Average size of waitlist:        1
LoopstackSortedWaitlist:                           0.67 (sum: 20, count: 30, min: 0, max: 14)
ReversePostorderSortedWaitlist:                    0.03 (sum: 1, count: 31, min: 0, max: 1)
LoopIterationSortedWaitlist:                       0.63 (sum: 19, count: 30, min: 0, max: 14)
CallstackSortedWaitlist:                           27.00 (sum: 27, count: 1, min: 27, max: 27)
Number of computed successors:   60
Max successors for one state:    2
Number of times merged:          4
Number of times stopped:         4
Number of times breaked:         0

Total time for CPA algorithm:         0.098s (Max:     0.098s)
  Time for choose from waitlist:      0.000s
  Time for precision adjustment:      0.013s
  Time for transfer relation:         0.076s
  Time for merge operator:            0.005s
  Time for stop operator:             0.000s
  Time for adding to reached set:     0.004s

BMC algorithm statistics
------------------------
Time for BMC formula creation:                       0.100s
Time for final sat check:                            0.260s
Time for bounding assertions check:                  0.140s

CPAchecker general statistics
-----------------------------
Number of program locations:                       80
Number of CFA edges (per node):                          79 (count: 80, min: 0, max: 2, avg: 0.99)
Number of relevant variables:                      10
Number of functions:                               4
Number of loops (and loop nodes):                         2 (sum: 25, min: 9, max: 16, avg: 12.50)
Size of reached set:             56
  Number of reached locations:   53 (66%)
    Avg states per location:     1
    Max states per location:     3 (at node N23)
  Number of reached functions:   2 (50%)
  Number of partitions:          56
    Avg size of partitions:      1
    Max size of partitions:      1
  Number of target states:       0

Time for analysis setup:          2.008s
  Time for loading CPAs:          1.136s
  Time for loading parser:        0.221s
  Time for CFA construction:      0.583s
    Time for parsing file(s):     0.336s
    Time for AST to CFA:          0.114s
    Time for CFA sanity check:    0.001s
    Time for post-processing:     0.087s
    Time for loop structure:      0.006s
    Time for AST structure:       0.000s
      Time for function pointers resolving:            0.002s
        Function calls via function pointers:             0 (count: 1, min: 0, max: 0, avg: 0.00)
        Instrumented function pointer calls:              0 (count: 1, min: 0, max: 0, avg: 0.00)
        Function calls with function pointer arguments:        0 (count: 1, min: 0, max: 0, avg: 0.00)
        Instrumented function pointer arguments:          0 (count: 1, min: 0, max: 0, avg: 0.00)
      Time for classifying variables:                  0.051s
        Time for collecting variables:                 0.029s
        Time for solving dependencies:                 0.001s
        Time for building hierarchy:                   0.000s
        Time for building classification:              0.021s
        Time for exporting data:                       0.000s
Time for Analysis:                0.589s
CPU time for analysis:            1.140s
Time for analyzing result:        0.001s
Total time for CPAchecker:        2.598s
Total CPU time for CPAchecker:    5.050s
Time for statistics:              0.060s

Time for Garbage Collector:       0.062s (in 7 runs)
Garbage Collector(s) used:    G1 Old Generation, G1 Young Generation

Verification result: UNKNOWN, incomplete analysis.
More details about the verification run can be found in the directory "./output".
