scripts/cpa.sh -heap 13000M -stack 50M -noout -benchmark -bmc -setprop cpa.predicate.useArraysForHeap=false -setprop cpa.predicate.memoryAllocationsAlwaysSucceed=true -setprop cpa.loopbound.maxLoopIterations=1 -setprop cpa.predicate.encodeFloatAs=INTEGER -setprop cpa.predicate.encodeBitvectorAs=INTEGER -setprop solver.solver=princess_binary -setprop proveroptions.option=use_binary -timelimit 900s -stats -spec test/programs/benchmarks/properties/unreach-call.prp -32 test/programs/benchmarks/nla-digbench-scaling/divbin2_unwindbound10.i


--------------------------------------------------------------------------------


Running CPAchecker with Java heap of size 13000M.
Running CPAchecker with Java stack of size 50M.
Language C detected and set for analysis (CPAMain.detectFrontendLanguageIfNecessary, INFO)

Using the following resource limits: CPU-time limit of 900s (ResourceLimitChecker.fromConfiguration, INFO)

CPAchecker 2.3.1-svn-45350M / bmc (OpenJDK 64-Bit Server VM 17.0.8.1) started (CPAchecker.run, INFO)

Parsing CFA from file(s) "test/programs/benchmarks/nla-digbench-scaling/divbin2_unwindbound10.i" (CPAchecker.parse, INFO)

Using unsound approximation of ints with unbounded integers and floats with unbounded integers for encoding program semantics. (PredicateCPA:FormulaManagerView.<init>, WARNING)

Using predicate analysis with Princess 2023-04-07. (PredicateCPA:PredicateCPA.<init>, INFO)

Using unsound approximation of ints with unbounded integers and floats with unbounded integers for encoding program semantics. (AssumptionStorageCPA:FormulaManagerView.<init>, WARNING)

The following configuration options were specified but are not used:
 proveroptions.option 
 (CPAchecker.printConfigurationWarnings, WARNING)

Starting analysis ... (CPAchecker.runAlgorithm, INFO)

Creating formula for program (AbstractBMCAlgorithm.run, INFO)

Starting satisfiability check... (AbstractBMCAlgorithm.boundedModelCheck, INFO)

Error found, creating error path (AbstractBMCAlgorithm.analyzeCounterexample0, INFO)

{__VERIFIER_assert::cond@2 -> 0, counter@4 -> 2, main::__CPAchecker_TMP_1@2 -> 1, counter@3 -> 1, main::__CPAchecker_TMP_0@2 -> 0, main::b@3 -> 1, main::r@3 -> 0, main::q@3 -> 0, main::B@3 -> 1, main::A@3 -> 0, __VERIFIER_nondet_uint!2@ -> 0, counter@2 -> 0, Integer_*_(0, 1) -> 2}
{main::__CPAchecker_TMP_1@2 -> 1, main::A@3 -> 0, main::__CPAchecker_TMP_0@2 -> 0, main::b@3 -> 1, main::B@3 -> 1, counter@2 -> 0, counter@3 -> 1, __VERIFIER_nondet_uint!2@ -> 0, main::q@3 -> 0, __VERIFIER_assert::cond@2 -> 0, main::r@3 -> 0, counter@4 -> 2, Integer_*_(0, 1) -> 2}
[main::__CPAchecker_TMP_1@2: 1, main::A@3: 0, main::__CPAchecker_TMP_0@2: 0, main::b@3: 1, main::B@3: 1, counter@2: 0, counter@3: 1, __VERIFIER_nondet_uint!2@: 0, main::q@3: 0, __VERIFIER_assert::cond@2: 0, main::r@3: 0, counter@4: 2, Integer_*_(0, 1): 2]
Stopping analysis ... (CPAchecker.runAlgorithm, INFO)


PredicateCPA statistics
-----------------------
Number of abstractions:            2 (3% of all post computations)
  Times abstraction was reused:    0
  Because of function entry/exit:  0 (0%)
  Because of loop head:            0 (0%)
  Because of join nodes:           0 (0%)
  Because of threshold:            0 (0%)
  Because of target state:         2 (100%)
  Times precision was empty:       2 (100%)
  Times precision was {false}:     0 (0%)
  Times result was cached:         0 (0%)
  Times cartesian abs was used:    0 (0%)
  Times boolean abs was used:      0 (0%)
  Times result was 'false':        0 (0%)
Number of strengthen sat checks:   0
Number of coverage checks:         0
  BDD entailment checks:           0
Number of SMT sat checks:          0
  trivial:                         0
  cached:                          0

Max ABE block size:                       23
Avg ABE block size:                                21.50 (sum: 43, count: 2, min: 20, max: 23)
Number of predicates discovered:          0

Time for post operator:                                0.043s
  Time for path formula creation:                      0.043s
Time for strengthen operator:                          0.002s
Time for prec operator:                                0.001s
  Time for abstraction:                  0.000s (Max:     0.000s, Count: 2)
    Solving time:                        0.000s (Max:     0.000s)
    Model enumeration time:              0.000s
    Time for BDD construction:           0.000s (Max:     0.000s)
Time for coverage checks:                              0.000s
Total time for SMT solver (w/o itp):     0.000s

Total number of created targets for pointer analysis: 0



KeyValue statistics
-------------------
Init. function predicates:                         0
Init. global predicates:                           0
Init. location predicates:                         0

Invariant Generation statistics
-------------------------------

Bounds CPA statistics
---------------------
Bound k:                                           1
Maximum loop iteration reached:                    2


ValueAnalysisCPA statistics
---------------------------
Number of variables per state:                     3.71 (sum: 204, count: 55, min: 0, max: 7)
Number of global variables per state:              0.82 (sum: 45, count: 55, min: 0, max: 1)
Number of assumptions:                                   18
Number of deterministic assumptions:                      0
Level of Determinism:                              0%

ValueAnalysisPrecisionAdjustment statistics
-------------------------------------------
Number of abstraction computations:                      54
Total time for liveness abstraction:                   0.000s
Total time for abstraction computation:                0.001s
Total time for path thresholds:                        0.000s

ConstraintsStrengthenOperator statistics
----------------------------------------
Total time for strengthening by ConstraintsCPA:     0.000s
Replaced symbolic expressions: 0

AutomatonAnalysis (SVCOMP) statistics
-------------------------------------
Number of states:                                  1
Total time for successor computation:                  0.003s
Automaton transfers with branching:                0
Automaton transfer successors:                     0.96 (sum: 54, count: 56, min: 0, max: 1) [0 x 2, 1 x 54]
Number of states with assumption transitions:      0

CPA algorithm statistics
------------------------
Number of iterations:            55
Max size of waitlist:            3
Average size of waitlist:        1
LoopstackSortedWaitlist:                           0.38 (sum: 15, count: 40, min: 0, max: 11)
ReversePostorderSortedWaitlist:                    0.00 (sum: 0, count: 40, min: 0, max: 0)
LoopIterationSortedWaitlist:                       0.38 (sum: 15, count: 40, min: 0, max: 11)
CallstackSortedWaitlist:                           15.00 (sum: 15, count: 1, min: 15, max: 15)
Number of computed successors:   54
Max successors for one state:    2
Number of times merged:          0
Number of times stopped:         0
Number of times breaked:         0

Total time for CPA algorithm:         0.089s (Max:     0.089s)
  Time for choose from waitlist:      0.003s
  Time for precision adjustment:      0.003s
  Time for transfer relation:         0.078s
  Time for stop operator:             0.001s
  Time for adding to reached set:     0.003s

BMC algorithm statistics
------------------------
Time for BMC formula creation:                       0.091s
Time for final sat check:                            0.326s
Time for error-path creation:                        0.073s
Time for error-path post-processing:                 0.121s

CPAchecker general statistics
-----------------------------
Number of program locations:                       69
Number of CFA edges (per node):                          68 (count: 69, min: 0, max: 2, avg: 0.99)
Number of relevant variables:                      10
Number of functions:                               4
Number of loops (and loop nodes):                         2 (sum: 18, min: 6, max: 12, avg: 9.00)
Size of reached set:             55
  Number of reached locations:   47 (68%)
    Avg states per location:     1
    Max states per location:     2 (at node N1)
  Number of reached functions:   3 (75%)
  Number of partitions:          55
    Avg size of partitions:      1
    Max size of partitions:      1
  Number of target states:       2

Time for analysis setup:          2.013s
  Time for loading CPAs:          1.101s
  Time for loading parser:        0.254s
  Time for CFA construction:      0.594s
    Time for parsing file(s):     0.321s
    Time for AST to CFA:          0.143s
    Time for CFA sanity check:    0.000s
    Time for post-processing:     0.083s
    Time for loop structure:      0.006s
    Time for AST structure:       0.000s
      Time for function pointers resolving:            0.003s
        Function calls via function pointers:             0 (count: 1, min: 0, max: 0, avg: 0.00)
        Instrumented function pointer calls:              0 (count: 1, min: 0, max: 0, avg: 0.00)
        Function calls with function pointer arguments:        0 (count: 1, min: 0, max: 0, avg: 0.00)
        Instrumented function pointer arguments:          0 (count: 1, min: 0, max: 0, avg: 0.00)
      Time for classifying variables:                  0.049s
        Time for collecting variables:                 0.029s
        Time for solving dependencies:                 0.001s
        Time for building hierarchy:                   0.000s
        Time for building classification:              0.019s
        Time for exporting data:                       0.000s
Time for Analysis:                0.689s
CPU time for analysis:            1.340s
Time for analyzing result:        0.000s
Total time for CPAchecker:        2.702s
Total CPU time for CPAchecker:    5.190s
Time for statistics:              0.033s

Time for Garbage Collector:       0.077s (in 8 runs)
Garbage Collector(s) used:    G1 Old Generation, G1 Young Generation

Verification result: FALSE. Property violation (unreach-call: reach_error(); called in line 21) found by chosen configuration.
More details about the verification run can be found in the directory "./output".
