scripts/cpa.sh -heap 13000M -stack 50M -noout -benchmark -bmc -setprop cpa.predicate.useArraysForHeap=false -setprop cpa.predicate.memoryAllocationsAlwaysSucceed=true -setprop cpa.loopbound.maxLoopIterations=1 -setprop cpa.predicate.encodeFloatAs=INTEGER -setprop cpa.predicate.encodeBitvectorAs=INTEGER -setprop solver.solver=princess_binary -setprop proveroptions.option=use_binary -timelimit 900s -stats -spec test/programs/benchmarks/properties/unreach-call.prp -32 test/programs/benchmarks/product-lines/email_spec11_product39.cil.c


--------------------------------------------------------------------------------


Running CPAchecker with Java heap of size 13000M.
Running CPAchecker with Java stack of size 50M.
Language C detected and set for analysis (CPAMain.detectFrontendLanguageIfNecessary, INFO)

Using the following resource limits: CPU-time limit of 900s (ResourceLimitChecker.fromConfiguration, INFO)

CPAchecker 2.3.1-svn-45350M / bmc (OpenJDK 64-Bit Server VM 17.0.8.1) started (CPAchecker.run, INFO)

Parsing CFA from file(s) "test/programs/benchmarks/product-lines/email_spec11_product39.cil.c" (CPAchecker.parse, INFO)

line 389: Dead code detected: return (retValue_acc); (CFACreationUtils.addEdgeToCFA, INFO)

line 412: Dead code detected: return (retValue_acc); (CFACreationUtils.addEdgeToCFA, INFO)

line 753: Dead code detected: return (retValue_acc); (CFACreationUtils.addEdgeToCFA, INFO)

line 799: Dead code detected: return (retValue_acc); (CFACreationUtils.addEdgeToCFA, INFO)

line 842: Dead code detected: return (retValue_acc); (CFACreationUtils.addEdgeToCFA, INFO)

line 871: Dead code detected: return (retValue_acc); (CFACreationUtils.addEdgeToCFA, INFO)

line 919: Dead code detected: return (retValue_acc); (CFACreationUtils.addEdgeToCFA, INFO)

line 966: Dead code detected: return (retValue_acc); (CFACreationUtils.addEdgeToCFA, INFO)

line 1011: Dead code detected: return (retValue_acc); (CFACreationUtils.addEdgeToCFA, INFO)

line 1089: Dead code detected: return (retValue_acc); (CFACreationUtils.addEdgeToCFA, INFO)

line 1158: Dead code detected: return (retValue_acc); (CFACreationUtils.addEdgeToCFA, INFO)

line 1292: Dead code detected: return (retValue_acc); (CFACreationUtils.addEdgeToCFA, INFO)

line 1375: Dead code detected: return (retValue_acc); (CFACreationUtils.addEdgeToCFA, INFO)

line 1422: Dead code detected: return (retValue_acc); (CFACreationUtils.addEdgeToCFA, INFO)

line 1469: Dead code detected: return (retValue_acc); (CFACreationUtils.addEdgeToCFA, INFO)

line 1514: Dead code detected: return (retValue_acc); (CFACreationUtils.addEdgeToCFA, INFO)

line 1577: Dead code detected: return (retValue_acc); (CFACreationUtils.addEdgeToCFA, INFO)

line 1684: Dead code detected: return (retValue_acc); (CFACreationUtils.addEdgeToCFA, INFO)

line 1738: Dead code detected: return (retValue_acc); (CFACreationUtils.addEdgeToCFA, INFO)

line 1810: Dead code detected: return (retValue_acc); (CFACreationUtils.addEdgeToCFA, INFO)

line 1857: Dead code detected: return (retValue_acc); (CFACreationUtils.addEdgeToCFA, INFO)

line 1894: Dead code detected: return (retValue_acc); (CFACreationUtils.addEdgeToCFA, INFO)

line 1932: Dead code detected: return (retValue_acc); (CFACreationUtils.addEdgeToCFA, INFO)

line 1953: Dead code detected: return (retValue_acc); (CFACreationUtils.addEdgeToCFA, INFO)

line 1990: Dead code detected: return (retValue_acc); (CFACreationUtils.addEdgeToCFA, INFO)

line 2027: Dead code detected: return (retValue_acc); (CFACreationUtils.addEdgeToCFA, INFO)

line 2066: Dead code detected: return (retValue_acc); (CFACreationUtils.addEdgeToCFA, INFO)

line 2105: Dead code detected: return (retValue_acc); (CFACreationUtils.addEdgeToCFA, INFO)

line 2142: Dead code detected: return (retValue_acc); (CFACreationUtils.addEdgeToCFA, INFO)

line 2179: Dead code detected: return (retValue_acc); (CFACreationUtils.addEdgeToCFA, INFO)

line 2216: Dead code detected: return (retValue_acc); (CFACreationUtils.addEdgeToCFA, INFO)

line 2253: Dead code detected: return (retValue_acc); (CFACreationUtils.addEdgeToCFA, INFO)

line 2290: Dead code detected: return (retValue_acc); (CFACreationUtils.addEdgeToCFA, INFO)

line 2433: Dead code detected: return (retValue_acc); (CFACreationUtils.addEdgeToCFA, INFO)

line 2465: Dead code detected: return (retValue_acc); (CFACreationUtils.addEdgeToCFA, INFO)

line 2474: Dead code detected: return (retValue_acc); (CFACreationUtils.addEdgeToCFA, INFO)

line 2483: Dead code detected: return (retValue_acc); (CFACreationUtils.addEdgeToCFA, INFO)

line 2508: Dead code detected: return (retValue_acc); (CFACreationUtils.addEdgeToCFA, INFO)

line 2804: Dead code detected: return (retValue_acc); (CFACreationUtils.addEdgeToCFA, INFO)

line 2813: Dead code detected: return (retValue_acc); (CFACreationUtils.addEdgeToCFA, INFO)

line 2828: Dead code detected: return (retValue_acc); (CFACreationUtils.addEdgeToCFA, INFO)

line 590: Function pointer *__cil_tmp10 with type int (*)(int, int) is called, but no possible target functions were found. (CFunctionPointerResolver.getTargets, WARNING)

Using unsound approximation of ints with unbounded integers and floats with unbounded integers for encoding program semantics. (PredicateCPA:FormulaManagerView.<init>, WARNING)

Using predicate analysis with Princess 2023-04-07. (PredicateCPA:PredicateCPA.<init>, INFO)

Using unsound approximation of ints with unbounded integers and floats with unbounded integers for encoding program semantics. (AssumptionStorageCPA:FormulaManagerView.<init>, WARNING)

The following configuration options were specified but are not used:
 proveroptions.option 
 (CPAchecker.printConfigurationWarnings, WARNING)

Starting analysis ... (CPAchecker.runAlgorithm, INFO)

Creating formula for program (AbstractBMCAlgorithm.run, INFO)

Starting satisfiability check... (AbstractBMCAlgorithm.boundedModelCheck, INFO)

Starting assertions check... (AbstractBMCAlgorithm.checkBoundingAssertions, INFO)

Terminating because none of the following CPAs' precision can be adjusted any further  LoopBoundCPA (AbstractBMCAlgorithm.adjustConditions, INFO)

Stopping analysis ... (CPAchecker.runAlgorithm, INFO)

Analysis incomplete: no errors found, but not everything could be checked. (CPAchecker.analyzeResult, WARNING)


PredicateCPA statistics
-----------------------
Number of abstractions:            0 (0% of all post computations)
Number of strengthen sat checks:   0
Number of coverage checks:         20
  BDD entailment checks:           0
Number of SMT sat checks:          0
  trivial:                         0
  cached:                          0

Max ABE block size:                       0
Avg ABE block size:                                0.00 (sum: 0, count: 0, min: 0, max: 0)
Number of predicates discovered:          0

Time for post operator:                                0.458s
  Time for path formula creation:                      0.447s
Time for strengthen operator:                          0.014s
Time for prec operator:                                0.008s
Time for merge operator:                               0.019s
Time for coverage checks:                              0.000s
Total time for SMT solver (w/o itp):     0.000s

Total number of created targets for pointer analysis: 0



KeyValue statistics
-------------------
Init. function predicates:                         0
Init. global predicates:                           0
Init. location predicates:                         0

Invariant Generation statistics
-------------------------------

Bounds CPA statistics
---------------------
Bound k:                                           1
Maximum loop iteration reached:                    2


ValueAnalysisCPA statistics
---------------------------
Number of variables per state:                     102.57 (sum: 99078, count: 966, min: 0, max: 146)
Number of global variables per state:              87.91 (sum: 84921, count: 966, min: 0, max: 102)
Number of assumptions:                                  494
Number of deterministic assumptions:                      0
Level of Determinism:                              0%

ValueAnalysisPrecisionAdjustment statistics
-------------------------------------------
Number of abstraction computations:                     975
Total time for liveness abstraction:                   0.000s
Total time for abstraction computation:                0.065s
Total time for path thresholds:                        0.000s

ConstraintsStrengthenOperator statistics
----------------------------------------
Total time for strengthening by ConstraintsCPA:     0.000s
Replaced symbolic expressions: 0

AutomatonAnalysis (SVCOMP) statistics
-------------------------------------
Number of states:                                  1
Total time for successor computation:                  0.006s
Automaton transfers with branching:                0
Automaton transfer successors:                     1.00 (sum: 975, count: 975, min: 1, max: 1) [1 x 975]
Number of states with assumption transitions:      0

CPA algorithm statistics
------------------------
Number of iterations:            966
Max size of waitlist:            3
Average size of waitlist:        1
LoopstackSortedWaitlist:                           0.10 (sum: 89, count: 877, min: 0, max: 89)
ReversePostorderSortedWaitlist:                    0.00 (sum: 0, count: 882, min: 0, max: 0)
LoopIterationSortedWaitlist:                       0.10 (sum: 84, count: 877, min: 0, max: 84)
CallstackSortedWaitlist:                           89.00 (sum: 89, count: 1, min: 89, max: 89)
Number of computed successors:   975
Max successors for one state:    2
Number of times merged:          10
Number of times stopped:         10
Number of times breaked:         0

Total time for CPA algorithm:         0.880s (Max:     0.880s)
  Time for choose from waitlist:      0.016s
  Time for precision adjustment:      0.132s
  Time for transfer relation:         0.645s
  Time for merge operator:            0.027s
  Time for stop operator:             0.013s
  Time for adding to reached set:     0.032s

BMC algorithm statistics
------------------------
Time for BMC formula creation:                       0.882s
Time for final sat check:                            0.204s
Time for bounding assertions check:                  3.137s

CPAchecker general statistics
-----------------------------
Number of program locations:                       1863
Number of CFA edges (per node):                        2097 (count: 1863, min: 0, max: 6, avg: 1.13)
Number of relevant variables:                      336
Number of functions:                               106
Number of loops (and loop nodes):                         4 (sum: 152, min: 15, max: 102, avg: 38.00)
Size of reached set:             966
  Number of reached locations:   745 (40%)
    Avg states per location:     1
    Max states per location:     6 (at node N1023)
  Number of reached functions:   51 (48%)
  Number of partitions:          966
    Avg size of partitions:      1
    Max size of partitions:      1
  Number of target states:       0

Time for analysis setup:          3.036s
  Time for loading CPAs:          1.529s
  Time for loading parser:        0.230s
  Time for CFA construction:      1.203s
    Time for parsing file(s):     0.465s
    Time for AST to CFA:          0.434s
    Time for CFA sanity check:    0.000s
    Time for post-processing:     0.227s
    Time for loop structure:      0.013s
    Time for AST structure:       0.000s
      Time for function pointers resolving:            0.006s
        Function calls via function pointers:             1 (count: 1, min: 1, max: 1, avg: 1.00)
        Instrumented function pointer calls:              0 (count: 1, min: 0, max: 0, avg: 0.00)
        Function calls with function pointer arguments:        0 (count: 1, min: 0, max: 0, avg: 0.00)
        Instrumented function pointer arguments:          0 (count: 1, min: 0, max: 0, avg: 0.00)
      Time for classifying variables:                  0.152s
        Time for collecting variables:                 0.101s
        Time for solving dependencies:                 0.003s
        Time for building hierarchy:                   0.000s
        Time for building classification:              0.048s
        Time for exporting data:                       0.000s
Time for Analysis:                4.576s
CPU time for analysis:            7.250s
Time for analyzing result:        0.001s
Total time for CPAchecker:        7.613s
Total CPU time for CPAchecker:   13.240s
Time for statistics:              0.082s

Time for Garbage Collector:       0.112s (in 9 runs)
Garbage Collector(s) used:    G1 Old Generation, G1 Young Generation

Verification result: UNKNOWN, incomplete analysis.
More details about the verification run can be found in the directory "./output".
