scripts/cpa.sh -heap 13000M -stack 50M -noout -benchmark -bmc -setprop cpa.predicate.useArraysForHeap=false -setprop cpa.predicate.memoryAllocationsAlwaysSucceed=true -setprop cpa.loopbound.maxLoopIterations=1 -setprop cpa.predicate.encodeFloatAs=INTEGER -setprop cpa.predicate.encodeBitvectorAs=INTEGER -setprop solver.solver=princess_binary -setprop proveroptions.option=use_binary -timelimit 900s -stats -spec test/programs/benchmarks/properties/unreach-call.prp -32 test/programs/benchmarks/seq-mthreaded/pals_lcr.3.ufo.BOUNDED-6.pals.c


--------------------------------------------------------------------------------


Running CPAchecker with Java heap of size 13000M.
Running CPAchecker with Java stack of size 50M.
Language C detected and set for analysis (CPAMain.detectFrontendLanguageIfNecessary, INFO)

Using the following resource limits: CPU-time limit of 900s (ResourceLimitChecker.fromConfiguration, INFO)

CPAchecker 2.3.1-svn-45350M / bmc (OpenJDK 64-Bit Server VM 17.0.8.1) started (CPAchecker.run, INFO)

Parsing CFA from file(s) "test/programs/benchmarks/seq-mthreaded/pals_lcr.3.ufo.BOUNDED-6.pals.c" (CPAchecker.parse, INFO)

Using unsound approximation of ints with unbounded integers and floats with unbounded integers for encoding program semantics. (PredicateCPA:FormulaManagerView.<init>, WARNING)

Using predicate analysis with Princess 2023-04-07. (PredicateCPA:PredicateCPA.<init>, INFO)

Using unsound approximation of ints with unbounded integers and floats with unbounded integers for encoding program semantics. (AssumptionStorageCPA:FormulaManagerView.<init>, WARNING)

The following configuration options were specified but are not used:
 proveroptions.option 
 (CPAchecker.printConfigurationWarnings, WARNING)

Starting analysis ... (CPAchecker.runAlgorithm, INFO)

Creating formula for program (AbstractBMCAlgorithm.run, INFO)

Starting satisfiability check... (AbstractBMCAlgorithm.boundedModelCheck, INFO)

Starting assertions check... (AbstractBMCAlgorithm.checkBoundingAssertions, INFO)

Terminating because none of the following CPAs' precision can be adjusted any further  LoopBoundCPA (AbstractBMCAlgorithm.adjustConditions, INFO)

Stopping analysis ... (CPAchecker.runAlgorithm, INFO)

Analysis incomplete: no errors found, but not everything could be checked. (CPAchecker.analyzeResult, WARNING)


PredicateCPA statistics
-----------------------
Number of abstractions:            1 (0% of all post computations)
  Times abstraction was reused:    0
  Because of function entry/exit:  0 (0%)
  Because of loop head:            0 (0%)
  Because of join nodes:           0 (0%)
  Because of threshold:            0 (0%)
  Because of target state:         1 (100%)
  Times precision was empty:       1 (100%)
  Times precision was {false}:     0 (0%)
  Times result was cached:         0 (0%)
  Times cartesian abs was used:    0 (0%)
  Times boolean abs was used:      0 (0%)
  Times result was 'false':        0 (0%)
Number of strengthen sat checks:   0
Number of coverage checks:         54
  BDD entailment checks:           0
Number of SMT sat checks:          0
  trivial:                         0
  cached:                          0

Max ABE block size:                       109
Avg ABE block size:                                109.00 (sum: 109, count: 1, min: 109, max: 109)
Number of predicates discovered:          0

Time for post operator:                                0.148s
  Time for path formula creation:                      0.141s
Time for strengthen operator:                          0.002s
Time for prec operator:                                0.003s
  Time for abstraction:                  0.000s (Max:     0.000s, Count: 1)
    Solving time:                        0.000s (Max:     0.000s)
    Model enumeration time:              0.000s
    Time for BDD construction:           0.000s (Max:     0.000s)
Time for merge operator:                               0.007s
Time for coverage checks:                              0.000s
Total time for SMT solver (w/o itp):     0.000s

Total number of created targets for pointer analysis: 0



KeyValue statistics
-------------------
Init. function predicates:                         0
Init. global predicates:                           0
Init. location predicates:                         0

Invariant Generation statistics
-------------------------------

Bounds CPA statistics
---------------------
Bound k:                                           1
Maximum loop iteration reached:                    2


ValueAnalysisCPA statistics
---------------------------
Number of variables per state:                     12.46 (sum: 3004, count: 241, min: 0, max: 24)
Number of global variables per state:              10.95 (sum: 2639, count: 241, min: 0, max: 23)
Number of assumptions:                                   86
Number of deterministic assumptions:                      0
Level of Determinism:                              0%

ValueAnalysisPrecisionAdjustment statistics
-------------------------------------------
Number of abstraction computations:                     268
Total time for liveness abstraction:                   0.000s
Total time for abstraction computation:                0.008s
Total time for path thresholds:                        0.000s

ConstraintsStrengthenOperator statistics
----------------------------------------
Total time for strengthening by ConstraintsCPA:     0.000s
Replaced symbolic expressions: 0

AutomatonAnalysis (SVCOMP) statistics
-------------------------------------
Number of states:                                  1
Total time for successor computation:                  0.003s
Automaton transfers with branching:                0
Automaton transfer successors:                     0.99 (sum: 268, count: 270, min: 0, max: 1) [0 x 2, 1 x 268]
Number of states with assumption transitions:      0

CPA algorithm statistics
------------------------
Number of iterations:            242
Max size of waitlist:            17
Average size of waitlist:        3
LoopstackSortedWaitlist:                           0.03 (sum: 3, count: 117, min: 0, max: 2)
ReversePostorderSortedWaitlist:                    0.00 (sum: 0, count: 117, min: 0, max: 0)
LoopIterationSortedWaitlist:                       0.03 (sum: 3, count: 117, min: 0, max: 2)
CallstackSortedWaitlist:                           125.00 (sum: 125, count: 1, min: 125, max: 125)
Number of computed successors:   268
Max successors for one state:    2
Number of times merged:          27
Number of times stopped:         27
Number of times breaked:         0

Total time for CPA algorithm:         0.300s (Max:     0.300s)
  Time for choose from waitlist:      0.007s
  Time for precision adjustment:      0.033s
  Time for transfer relation:         0.219s
  Time for merge operator:            0.020s
  Time for stop operator:             0.002s
  Time for adding to reached set:     0.011s

BMC algorithm statistics
------------------------
Time for BMC formula creation:                       0.302s
Time for final sat check:                            9.521s
Time for bounding assertions check:                  9.079s

CPAchecker general statistics
-----------------------------
Number of program locations:                       273
Number of CFA edges (per node):                         306 (count: 273, min: 0, max: 2, avg: 1.12)
Number of relevant variables:                      33
Number of functions:                               8
Number of loops (and loop nodes):                         1 (sum: 16, min: 16, max: 16, avg: 16.00)
Size of reached set:             241
  Number of reached locations:   240 (88%)
    Avg states per location:     1
    Max states per location:     2 (at node N216)
  Number of reached functions:   7 (88%)
  Number of partitions:          241
    Avg size of partitions:      1
    Max size of partitions:      1
  Number of target states:       0

Time for analysis setup:          2.120s
  Time for loading CPAs:          1.149s
  Time for loading parser:        0.235s
  Time for CFA construction:      0.676s
    Time for parsing file(s):     0.369s
    Time for AST to CFA:          0.150s
    Time for CFA sanity check:    0.000s
    Time for post-processing:     0.105s
    Time for loop structure:      0.005s
    Time for AST structure:       0.000s
      Time for function pointers resolving:            0.002s
        Function calls via function pointers:             0 (count: 1, min: 0, max: 0, avg: 0.00)
        Instrumented function pointer calls:              0 (count: 1, min: 0, max: 0, avg: 0.00)
        Function calls with function pointer arguments:        0 (count: 1, min: 0, max: 0, avg: 0.00)
        Instrumented function pointer arguments:          0 (count: 1, min: 0, max: 0, avg: 0.00)
      Time for classifying variables:                  0.067s
        Time for collecting variables:                 0.042s
        Time for solving dependencies:                 0.000s
        Time for building hierarchy:                   0.000s
        Time for building classification:              0.025s
        Time for exporting data:                       0.000s
Time for Analysis:               19.007s
CPU time for analysis:           20.810s
Time for analyzing result:        0.001s
Total time for CPAchecker:       21.127s
Total CPU time for CPAchecker:   24.900s
Time for statistics:              0.065s

Time for Garbage Collector:       0.158s (in 31 runs)
Garbage Collector(s) used:    G1 Old Generation, G1 Young Generation

Verification result: UNKNOWN, incomplete analysis.
More details about the verification run can be found in the directory "./output".
