scripts/cpa.sh -heap 13000M -stack 50M -noout -benchmark -bmc -setprop cpa.predicate.useArraysForHeap=false -setprop cpa.predicate.memoryAllocationsAlwaysSucceed=true -setprop cpa.loopbound.maxLoopIterations=1 -setprop cpa.predicate.encodeFloatAs=INTEGER -setprop cpa.predicate.encodeBitvectorAs=INTEGER -setprop solver.solver=princess_binary -setprop proveroptions.option=use_binary -timelimit 900s -stats -spec test/programs/benchmarks/properties/unreach-call.prp -64 test/programs/benchmarks/ldv-linux-3.4-simple/43_1a_cilled_ok_nondet_linux-43_1a-drivers--scsi--iscsi_boot_sysfs.ko-ldv_main0_sequence_infinite_withcheck_stateful.cil.out.i


--------------------------------------------------------------------------------


Running CPAchecker with Java heap of size 13000M.
Running CPAchecker with Java stack of size 50M.
Language C detected and set for analysis (CPAMain.detectFrontendLanguageIfNecessary, INFO)

Using the following resource limits: CPU-time limit of 900s (ResourceLimitChecker.fromConfiguration, INFO)

CPAchecker 2.3.1-svn-45350M / bmc (OpenJDK 64-Bit Server VM 17.0.8.1) started (CPAchecker.run, INFO)

Parsing CFA from file(s) "test/programs/benchmarks/ldv-linux-3.4-simple/43_1a_cilled_ok_nondet_linux-43_1a-drivers--scsi--iscsi_boot_sysfs.ko-ldv_main0_sequence_infinite_withcheck_stateful.cil.out.i" (CPAchecker.parse, INFO)

Dead code detected: Label switch_break is not reachable. (CFAFunctionBuilder.leave, INFO)

line 1292: Function pointer *__cil_tmp134 with type umode_t (*)(void *, int) is called, but no possible target functions were found. (CFunctionPointerResolver.getTargets, WARNING)

line 1275: Function pointer *__cil_tmp124 with type umode_t (*)(void *, int) is called, but no possible target functions were found. (CFunctionPointerResolver.getTargets, WARNING)

line 1258: Function pointer *__cil_tmp114 with type umode_t (*)(void *, int) is called, but no possible target functions were found. (CFunctionPointerResolver.getTargets, WARNING)

line 1241: Function pointer *__cil_tmp104 with type umode_t (*)(void *, int) is called, but no possible target functions were found. (CFunctionPointerResolver.getTargets, WARNING)

line 1224: Function pointer *__cil_tmp94 with type umode_t (*)(void *, int) is called, but no possible target functions were found. (CFunctionPointerResolver.getTargets, WARNING)

line 1207: Function pointer *__cil_tmp84 with type umode_t (*)(void *, int) is called, but no possible target functions were found. (CFunctionPointerResolver.getTargets, WARNING)

line 1190: Function pointer *__cil_tmp74 with type umode_t (*)(void *, int) is called, but no possible target functions were found. (CFunctionPointerResolver.getTargets, WARNING)

line 1173: Function pointer *__cil_tmp64 with type umode_t (*)(void *, int) is called, but no possible target functions were found. (CFunctionPointerResolver.getTargets, WARNING)

line 1156: Function pointer *__cil_tmp54 with type umode_t (*)(void *, int) is called, but no possible target functions were found. (CFunctionPointerResolver.getTargets, WARNING)

line 1139: Function pointer *__cil_tmp44 with type umode_t (*)(void *, int) is called, but no possible target functions were found. (CFunctionPointerResolver.getTargets, WARNING)

line 1122: Function pointer *__cil_tmp34 with type umode_t (*)(void *, int) is called, but no possible target functions were found. (CFunctionPointerResolver.getTargets, WARNING)

line 1105: Function pointer *__cil_tmp24 with type umode_t (*)(void *, int) is called, but no possible target functions were found. (CFunctionPointerResolver.getTargets, WARNING)

line 1581: Function pointer *__cil_tmp79 with type umode_t (*)(void *, int) is called, but no possible target functions were found. (CFunctionPointerResolver.getTargets, WARNING)

line 1562: Function pointer *__cil_tmp69 with type umode_t (*)(void *, int) is called, but no possible target functions were found. (CFunctionPointerResolver.getTargets, WARNING)

line 1543: Function pointer *__cil_tmp59 with type umode_t (*)(void *, int) is called, but no possible target functions were found. (CFunctionPointerResolver.getTargets, WARNING)

line 1524: Function pointer *__cil_tmp49 with type umode_t (*)(void *, int) is called, but no possible target functions were found. (CFunctionPointerResolver.getTargets, WARNING)

line 1505: Function pointer *__cil_tmp39 with type umode_t (*)(void *, int) is called, but no possible target functions were found. (CFunctionPointerResolver.getTargets, WARNING)

line 1486: Function pointer *__cil_tmp29 with type umode_t (*)(void *, int) is called, but no possible target functions were found. (CFunctionPointerResolver.getTargets, WARNING)

line 1467: Function pointer *__cil_tmp19 with type umode_t (*)(void *, int) is called, but no possible target functions were found. (CFunctionPointerResolver.getTargets, WARNING)

line 394: Function pointer *__cil_tmp20 with type ssize_t (*)(void *, int, char *) is called, but no possible target functions were found. (CFunctionPointerResolver.getTargets, WARNING)

line 859: Function pointer *__cil_tmp134 with type umode_t (*)(void *, int) is called, but no possible target functions were found. (CFunctionPointerResolver.getTargets, WARNING)

line 842: Function pointer *__cil_tmp124 with type umode_t (*)(void *, int) is called, but no possible target functions were found. (CFunctionPointerResolver.getTargets, WARNING)

line 825: Function pointer *__cil_tmp114 with type umode_t (*)(void *, int) is called, but no possible target functions were found. (CFunctionPointerResolver.getTargets, WARNING)

line 808: Function pointer *__cil_tmp104 with type umode_t (*)(void *, int) is called, but no possible target functions were found. (CFunctionPointerResolver.getTargets, WARNING)

line 791: Function pointer *__cil_tmp94 with type umode_t (*)(void *, int) is called, but no possible target functions were found. (CFunctionPointerResolver.getTargets, WARNING)

line 774: Function pointer *__cil_tmp84 with type umode_t (*)(void *, int) is called, but no possible target functions were found. (CFunctionPointerResolver.getTargets, WARNING)

line 757: Function pointer *__cil_tmp74 with type umode_t (*)(void *, int) is called, but no possible target functions were found. (CFunctionPointerResolver.getTargets, WARNING)

line 740: Function pointer *__cil_tmp64 with type umode_t (*)(void *, int) is called, but no possible target functions were found. (CFunctionPointerResolver.getTargets, WARNING)

line 723: Function pointer *__cil_tmp54 with type umode_t (*)(void *, int) is called, but no possible target functions were found. (CFunctionPointerResolver.getTargets, WARNING)

line 706: Function pointer *__cil_tmp44 with type umode_t (*)(void *, int) is called, but no possible target functions were found. (CFunctionPointerResolver.getTargets, WARNING)

line 689: Function pointer *__cil_tmp34 with type umode_t (*)(void *, int) is called, but no possible target functions were found. (CFunctionPointerResolver.getTargets, WARNING)

line 672: Function pointer *__cil_tmp24 with type umode_t (*)(void *, int) is called, but no possible target functions were found. (CFunctionPointerResolver.getTargets, WARNING)

Using unsound approximation of ints with unbounded integers and floats with unbounded integers for encoding program semantics. (PredicateCPA:FormulaManagerView.<init>, WARNING)

Using predicate analysis with Princess 2023-04-07. (PredicateCPA:PredicateCPA.<init>, INFO)

Using unsound approximation of ints with unbounded integers and floats with unbounded integers for encoding program semantics. (AssumptionStorageCPA:FormulaManagerView.<init>, WARNING)

The following configuration options were specified but are not used:
 proveroptions.option 
 (CPAchecker.printConfigurationWarnings, WARNING)

Starting analysis ... (CPAchecker.runAlgorithm, INFO)

line 1581: Ignoring call via function pointer iscsi_boot_ini_attr_is_visible::__cil_tmp79 for which no suitable target was found in line: tmp___5 = (*__cil_tmp79)(__cil_tmp82, 6); (TargetLocationProvider:FunctionPointerCPA:FunctionPointerTransferRelation.getAbstractSuccessorsForEdge, WARNING)

line 1562: Ignoring call via function pointer iscsi_boot_ini_attr_is_visible::__cil_tmp69 for which no suitable target was found in line: tmp___4 = (*__cil_tmp69)(__cil_tmp72, 5); (TargetLocationProvider:FunctionPointerCPA:FunctionPointerTransferRelation.getAbstractSuccessorsForEdge, WARNING)

line 1543: Ignoring call via function pointer iscsi_boot_ini_attr_is_visible::__cil_tmp59 for which no suitable target was found in line: tmp___3 = (*__cil_tmp59)(__cil_tmp62, 4); (TargetLocationProvider:FunctionPointerCPA:FunctionPointerTransferRelation.getAbstractSuccessorsForEdge, WARNING)

line 1524: Ignoring call via function pointer iscsi_boot_ini_attr_is_visible::__cil_tmp49 for which no suitable target was found in line: tmp___2 = (*__cil_tmp49)(__cil_tmp52, 3); (TargetLocationProvider:FunctionPointerCPA:FunctionPointerTransferRelation.getAbstractSuccessorsForEdge, WARNING)

line 1505: Ignoring call via function pointer iscsi_boot_ini_attr_is_visible::__cil_tmp39 for which no suitable target was found in line: tmp___1 = (*__cil_tmp39)(__cil_tmp42, 2); (TargetLocationProvider:FunctionPointerCPA:FunctionPointerTransferRelation.getAbstractSuccessorsForEdge, WARNING)

line 1486: Ignoring call via function pointer iscsi_boot_ini_attr_is_visible::__cil_tmp29 for which no suitable target was found in line: tmp___0 = (*__cil_tmp29)(__cil_tmp32, 1); (TargetLocationProvider:FunctionPointerCPA:FunctionPointerTransferRelation.getAbstractSuccessorsForEdge, WARNING)

line 1467: Ignoring call via function pointer iscsi_boot_ini_attr_is_visible::__cil_tmp19 for which no suitable target was found in line: tmp = (*__cil_tmp19)(__cil_tmp22, 0); (TargetLocationProvider:FunctionPointerCPA:FunctionPointerTransferRelation.getAbstractSuccessorsForEdge, WARNING)

line 1292: Ignoring call via function pointer iscsi_boot_eth_attr_is_visible::__cil_tmp134 for which no suitable target was found in line: tmp___10 = (*__cil_tmp134)(__cil_tmp137, 11); (TargetLocationProvider:FunctionPointerCPA:FunctionPointerTransferRelation.getAbstractSuccessorsForEdge, WARNING)

line 1275: Ignoring call via function pointer iscsi_boot_eth_attr_is_visible::__cil_tmp124 for which no suitable target was found in line: tmp___9 = (*__cil_tmp124)(__cil_tmp127, 10); (TargetLocationProvider:FunctionPointerCPA:FunctionPointerTransferRelation.getAbstractSuccessorsForEdge, WARNING)

line 1258: Ignoring call via function pointer iscsi_boot_eth_attr_is_visible::__cil_tmp114 for which no suitable target was found in line: tmp___8 = (*__cil_tmp114)(__cil_tmp117, 9); (TargetLocationProvider:FunctionPointerCPA:FunctionPointerTransferRelation.getAbstractSuccessorsForEdge, WARNING)

line 1241: Ignoring call via function pointer iscsi_boot_eth_attr_is_visible::__cil_tmp104 for which no suitable target was found in line: tmp___7 = (*__cil_tmp104)(__cil_tmp107, 8); (TargetLocationProvider:FunctionPointerCPA:FunctionPointerTransferRelation.getAbstractSuccessorsForEdge, WARNING)

line 1224: Ignoring call via function pointer iscsi_boot_eth_attr_is_visible::__cil_tmp94 for which no suitable target was found in line: tmp___6 = (*__cil_tmp94)(__cil_tmp97, 7); (TargetLocationProvider:FunctionPointerCPA:FunctionPointerTransferRelation.getAbstractSuccessorsForEdge, WARNING)

line 1207: Ignoring call via function pointer iscsi_boot_eth_attr_is_visible::__cil_tmp84 for which no suitable target was found in line: tmp___5 = (*__cil_tmp84)(__cil_tmp87, 6); (TargetLocationProvider:FunctionPointerCPA:FunctionPointerTransferRelation.getAbstractSuccessorsForEdge, WARNING)

line 1190: Ignoring call via function pointer iscsi_boot_eth_attr_is_visible::__cil_tmp74 for which no suitable target was found in line: tmp___4 = (*__cil_tmp74)(__cil_tmp77, 5); (TargetLocationProvider:FunctionPointerCPA:FunctionPointerTransferRelation.getAbstractSuccessorsForEdge, WARNING)

line 1173: Ignoring call via function pointer iscsi_boot_eth_attr_is_visible::__cil_tmp64 for which no suitable target was found in line: tmp___3 = (*__cil_tmp64)(__cil_tmp67, 4); (TargetLocationProvider:FunctionPointerCPA:FunctionPointerTransferRelation.getAbstractSuccessorsForEdge, WARNING)

line 1156: Ignoring call via function pointer iscsi_boot_eth_attr_is_visible::__cil_tmp54 for which no suitable target was found in line: tmp___2 = (*__cil_tmp54)(__cil_tmp57, 3); (TargetLocationProvider:FunctionPointerCPA:FunctionPointerTransferRelation.getAbstractSuccessorsForEdge, WARNING)

line 1139: Ignoring call via function pointer iscsi_boot_eth_attr_is_visible::__cil_tmp44 for which no suitable target was found in line: tmp___1 = (*__cil_tmp44)(__cil_tmp47, 2); (TargetLocationProvider:FunctionPointerCPA:FunctionPointerTransferRelation.getAbstractSuccessorsForEdge, WARNING)

line 1122: Ignoring call via function pointer iscsi_boot_eth_attr_is_visible::__cil_tmp34 for which no suitable target was found in line: tmp___0 = (*__cil_tmp34)(__cil_tmp37, 1); (TargetLocationProvider:FunctionPointerCPA:FunctionPointerTransferRelation.getAbstractSuccessorsForEdge, WARNING)

line 1105: Ignoring call via function pointer iscsi_boot_eth_attr_is_visible::__cil_tmp24 for which no suitable target was found in line: tmp = (*__cil_tmp24)(__cil_tmp27, 0); (TargetLocationProvider:FunctionPointerCPA:FunctionPointerTransferRelation.getAbstractSuccessorsForEdge, WARNING)

line 859: Ignoring call via function pointer iscsi_boot_tgt_attr_is_visible::__cil_tmp134 for which no suitable target was found in line: tmp___10 = (*__cil_tmp134)(__cil_tmp137, 11); (TargetLocationProvider:FunctionPointerCPA:FunctionPointerTransferRelation.getAbstractSuccessorsForEdge, WARNING)

line 842: Ignoring call via function pointer iscsi_boot_tgt_attr_is_visible::__cil_tmp124 for which no suitable target was found in line: tmp___9 = (*__cil_tmp124)(__cil_tmp127, 10); (TargetLocationProvider:FunctionPointerCPA:FunctionPointerTransferRelation.getAbstractSuccessorsForEdge, WARNING)

line 825: Ignoring call via function pointer iscsi_boot_tgt_attr_is_visible::__cil_tmp114 for which no suitable target was found in line: tmp___8 = (*__cil_tmp114)(__cil_tmp117, 9); (TargetLocationProvider:FunctionPointerCPA:FunctionPointerTransferRelation.getAbstractSuccessorsForEdge, WARNING)

line 808: Ignoring call via function pointer iscsi_boot_tgt_attr_is_visible::__cil_tmp104 for which no suitable target was found in line: tmp___7 = (*__cil_tmp104)(__cil_tmp107, 8); (TargetLocationProvider:FunctionPointerCPA:FunctionPointerTransferRelation.getAbstractSuccessorsForEdge, WARNING)

line 791: Ignoring call via function pointer iscsi_boot_tgt_attr_is_visible::__cil_tmp94 for which no suitable target was found in line: tmp___6 = (*__cil_tmp94)(__cil_tmp97, 7); (TargetLocationProvider:FunctionPointerCPA:FunctionPointerTransferRelation.getAbstractSuccessorsForEdge, WARNING)

line 774: Ignoring call via function pointer iscsi_boot_tgt_attr_is_visible::__cil_tmp84 for which no suitable target was found in line: tmp___5 = (*__cil_tmp84)(__cil_tmp87, 6); (TargetLocationProvider:FunctionPointerCPA:FunctionPointerTransferRelation.getAbstractSuccessorsForEdge, WARNING)

line 757: Ignoring call via function pointer iscsi_boot_tgt_attr_is_visible::__cil_tmp74 for which no suitable target was found in line: tmp___4 = (*__cil_tmp74)(__cil_tmp77, 5); (TargetLocationProvider:FunctionPointerCPA:FunctionPointerTransferRelation.getAbstractSuccessorsForEdge, WARNING)

line 740: Ignoring call via function pointer iscsi_boot_tgt_attr_is_visible::__cil_tmp64 for which no suitable target was found in line: tmp___3 = (*__cil_tmp64)(__cil_tmp67, 4); (TargetLocationProvider:FunctionPointerCPA:FunctionPointerTransferRelation.getAbstractSuccessorsForEdge, WARNING)

line 723: Ignoring call via function pointer iscsi_boot_tgt_attr_is_visible::__cil_tmp54 for which no suitable target was found in line: tmp___2 = (*__cil_tmp54)(__cil_tmp57, 3); (TargetLocationProvider:FunctionPointerCPA:FunctionPointerTransferRelation.getAbstractSuccessorsForEdge, WARNING)

line 706: Ignoring call via function pointer iscsi_boot_tgt_attr_is_visible::__cil_tmp44 for which no suitable target was found in line: tmp___1 = (*__cil_tmp44)(__cil_tmp47, 2); (TargetLocationProvider:FunctionPointerCPA:FunctionPointerTransferRelation.getAbstractSuccessorsForEdge, WARNING)

line 689: Ignoring call via function pointer iscsi_boot_tgt_attr_is_visible::__cil_tmp34 for which no suitable target was found in line: tmp___0 = (*__cil_tmp34)(__cil_tmp37, 1); (TargetLocationProvider:FunctionPointerCPA:FunctionPointerTransferRelation.getAbstractSuccessorsForEdge, WARNING)

line 672: Ignoring call via function pointer iscsi_boot_tgt_attr_is_visible::__cil_tmp24 for which no suitable target was found in line: tmp = (*__cil_tmp24)(__cil_tmp27, 0); (TargetLocationProvider:FunctionPointerCPA:FunctionPointerTransferRelation.getAbstractSuccessorsForEdge, WARNING)

line 439: Ignoring call via function pointer iscsi_boot_kobj_release::__cil_tmp12 for which no suitable target was found in line: (*__cil_tmp12)(__cil_tmp15); (TargetLocationProvider:FunctionPointerCPA:FunctionPointerTransferRelation.getAbstractSuccessorsForEdge, WARNING)

Recursion detected, aborting. To ignore recursion, add -skipRecursion to the command line. (TargetLocationProvider:CallstackCPA:CallstackTransferRelation.getAbstractSuccessorsForEdge, INFO)

Recursion detected. Defaulting to selecting all locations as potential target locations. (TargetLocationProvider:TargetLocationProviderImpl.tryGetAutomatonTargetLocations, INFO)

Creating formula for program (AbstractBMCAlgorithm.run, INFO)

Exception in thread "main" org.sosy_lab.java_smt.basicimpl.GeneratorException: Modular Congruence is not available in SMTLIB2. 
	at org.sosy_lab.java_smt.basicimpl.AbstractNumeralFormulaManager.modularCongruence(AbstractNumeralFormulaManager.java:361)
	at org.sosy_lab.java_smt.solvers.princess.PrincessIntegerFormulaManager.modularCongruence(PrincessIntegerFormulaManager.java:22)
	at org.sosy_lab.cpachecker.util.predicates.smt.IntegerFormulaManagerView.modularCongruence(IntegerFormulaManagerView.java:35)
	at org.sosy_lab.cpachecker.util.predicates.smt.FormulaManagerView.makeModularCongruence(FormulaManagerView.java:688)
	at org.sosy_lab.cpachecker.util.predicates.smt.FormulaManagerView.makeModularCongruence(FormulaManagerView.java:670)
	at org.sosy_lab.cpachecker.util.predicates.pathformula.pointeraliasing.PointerTargetSetManager.makeBaseAddressConstraints(PointerTargetSetManager.java:653)
	at org.sosy_lab.cpachecker.util.predicates.pathformula.pointeraliasing.PointerTargetSetBuilder$RealPointerTargetSetBuilder.addNextBaseAddressConstraints(PointerTargetSetBuilder.java:286)
	at org.sosy_lab.cpachecker.util.predicates.pathformula.pointeraliasing.CToFormulaConverterWithPointerAliasing.declareSharedBase(CToFormulaConverterWithPointerAliasing.java:442)
	at org.sosy_lab.cpachecker.util.predicates.pathformula.pointeraliasing.CToFormulaConverterWithPointerAliasing.makeDeclaration(CToFormulaConverterWithPointerAliasing.java:1001)
	at org.sosy_lab.cpachecker.util.predicates.pathformula.ctoformula.CtoFormulaConverter.createFormulaForEdge(CtoFormulaConverter.java:1231)
	at org.sosy_lab.cpachecker.util.predicates.pathformula.ctoformula.CtoFormulaConverter.makeAnd(CtoFormulaConverter.java:1049)
	at org.sosy_lab.cpachecker.util.predicates.pathformula.PathFormulaManagerImpl.makeAnd(PathFormulaManagerImpl.java:246)
	at org.sosy_lab.cpachecker.util.predicates.pathformula.PathFormulaManagerImpl.makeAnd(PathFormulaManagerImpl.java:300)
	at org.sosy_lab.cpachecker.cpa.predicate.PredicateTransferRelation.convertEdgeToPathFormula(PredicateTransferRelation.java:203)
	at org.sosy_lab.cpachecker.cpa.predicate.PredicateTransferRelation.getAbstractSuccessorsForEdge(PredicateTransferRelation.java:113)
	at org.sosy_lab.cpachecker.cpa.composite.CompositeTransferRelation.callTransferRelation(CompositeTransferRelation.java:297)
	at org.sosy_lab.cpachecker.cpa.composite.CompositeTransferRelation.getAbstractSuccessorForSimpleEdge(CompositeTransferRelation.java:264)
	at org.sosy_lab.cpachecker.cpa.composite.CompositeTransferRelation.getAbstractSuccessorForEdge(CompositeTransferRelation.java:196)
	at org.sosy_lab.cpachecker.cpa.composite.CompositeTransferRelation.getAbstractSuccessors(CompositeTransferRelation.java:88)
	at org.sosy_lab.cpachecker.cpa.arg.ARGTransferRelation.getAbstractSuccessors(ARGTransferRelation.java:45)
	at org.sosy_lab.cpachecker.core.algorithm.CPAAlgorithm.handleState(CPAAlgorithm.java:334)
	at org.sosy_lab.cpachecker.core.algorithm.CPAAlgorithm.run0(CPAAlgorithm.java:289)
	at org.sosy_lab.cpachecker.core.algorithm.CPAAlgorithm.run(CPAAlgorithm.java:260)
	at org.sosy_lab.cpachecker.core.algorithm.bmc.BMCHelper.unroll(BMCHelper.java:192)
	at org.sosy_lab.cpachecker.core.algorithm.bmc.AbstractBMCAlgorithm.run(AbstractBMCAlgorithm.java:427)
	at org.sosy_lab.cpachecker.core.algorithm.bmc.BMCAlgorithm.run(BMCAlgorithm.java:130)
	at org.sosy_lab.cpachecker.core.CPAchecker.runAlgorithm(CPAchecker.java:507)
	at org.sosy_lab.cpachecker.core.CPAchecker.run(CPAchecker.java:369)
	at org.sosy_lab.cpachecker.cmdline.CPAMain.main(CPAMain.java:170)
