scripts/cpa.sh -heap 13000M -stack 50M -noout -benchmark -bmc -setprop cpa.predicate.useArraysForHeap=false -setprop cpa.predicate.memoryAllocationsAlwaysSucceed=true -setprop cpa.loopbound.maxLoopIterations=1 -setprop cpa.predicate.encodeFloatAs=INTEGER -setprop cpa.predicate.encodeBitvectorAs=INTEGER -setprop solver.solver=princess_binary -setprop proveroptions.option=use_binary -timelimit 900s -stats -spec test/programs/benchmarks/properties/unreach-call.prp -64 test/programs/benchmarks/ldv-linux-4.2-rc1/linux-4.2-rc1.tar.xz-08_1a-drivers--watchdog--it87_wdt.ko-entry_point.cil.out.i


--------------------------------------------------------------------------------


Running CPAchecker with Java heap of size 13000M.
Running CPAchecker with Java stack of size 50M.
Language C detected and set for analysis (CPAMain.detectFrontendLanguageIfNecessary, INFO)

Using the following resource limits: CPU-time limit of 900s (ResourceLimitChecker.fromConfiguration, INFO)

CPAchecker 2.3.1-svn-45350M / bmc (OpenJDK 64-Bit Server VM 17.0.8.1) started (CPAchecker.run, INFO)

Parsing CFA from file(s) "test/programs/benchmarks/ldv-linux-4.2-rc1/linux-4.2-rc1.tar.xz-08_1a-drivers--watchdog--it87_wdt.ko-entry_point.cil.out.i" (CPAchecker.parse, INFO)

line 3734: Dead code detected: __asm__ volatile ("call __put_user_1": "=a" (__ret_pu): "0" (__pu_val), "c" (uarg.i): "ebx"); (CFACreationUtils.addEdgeToCFA, INFO)

line 3737: Dead code detected: __asm__ volatile ("call __put_user_2": "=a" (__ret_pu): "0" (__pu_val), "c" (uarg.i): "ebx"); (CFACreationUtils.addEdgeToCFA, INFO)

line 3743: Dead code detected: __asm__ volatile ("call __put_user_8": "=a" (__ret_pu): "0" (__pu_val), "c" (uarg.i): "ebx"); (CFACreationUtils.addEdgeToCFA, INFO)

line 3745: Dead code detected: switch (4UL) {
  case 1UL:
  __asm__ volatile ("call __put_user_1": "=a" (__ret_pu): "0" (__pu_val), "c" (uarg.i): "ebx");
  goto ldv_25548;
  case 2UL:
  __asm__ volatile ("call __put_user_2": "=a" (__ret_pu): "0" (__pu_val), "c" (uarg.i): "ebx");
  goto ldv_25548;
  case 4UL:
  __asm__ volatile ("call __put_user_4": "=a" (__ret_pu): "0" (__pu_val), "c" (uarg.i): "ebx");
  goto ldv_25548;
  case 8UL:
  __asm__ volatile ("call __put_user_8": "=a" (__ret_pu): "0" (__pu_val), "c" (uarg.i): "ebx");
  goto ldv_25548;
  default:
  __asm__ volatile ("call __put_user_X": "=a" (__ret_pu): "0" (__pu_val), "c" (uarg.i): "ebx");
  goto ldv_25548;
  } (CFACreationUtils.addEdgeToCFA, INFO)

lines 3757-3758: Dead code detected: __asm__ volatile ("call __put_user_1": "=a" (__ret_pu___0): "0" (__pu_val___0),
                       "c" (uarg.i): "ebx"); (CFACreationUtils.addEdgeToCFA, INFO)

lines 3761-3762: Dead code detected: __asm__ volatile ("call __put_user_2": "=a" (__ret_pu___0): "0" (__pu_val___0),
                       "c" (uarg.i): "ebx"); (CFACreationUtils.addEdgeToCFA, INFO)

lines 3769-3770: Dead code detected: __asm__ volatile ("call __put_user_8": "=a" (__ret_pu___0): "0" (__pu_val___0),
                       "c" (uarg.i): "ebx"); (CFACreationUtils.addEdgeToCFA, INFO)

line 3772: Dead code detected: switch (4UL) {
  case 1UL:
  __asm__ volatile ("call __put_user_1": "=a" (__ret_pu___0): "0" (__pu_val___0),
                       "c" (uarg.i): "ebx");
  goto ldv_25558;
  case 2UL:
  __asm__ volatile ("call __put_user_2": "=a" (__ret_pu___0): "0" (__pu_val___0),
                       "c" (uarg.i): "ebx");
  goto ldv_25558;
  case 4UL:
  __asm__ volatile ("call __put_user_4": "=a" (__ret_pu___0): "0" (__pu_val___0),
                       "c" (uarg.i): "ebx");
  goto ldv_25558;
  case 8UL:
  __asm__ volatile ("call __put_user_8": "=a" (__ret_pu___0): "0" (__pu_val___0),
                       "c" (uarg.i): "ebx");
  goto ldv_25558;
  default:
  __asm__ volatile ("call __put_user_X": "=a" (__ret_pu___0): "0" (__pu_val___0),
                       "c" (uarg.i): "ebx");
  goto ldv_25558;
  } (CFACreationUtils.addEdgeToCFA, INFO)

lines 3837-3838: Dead code detected: __asm__ volatile ("call __put_user_1": "=a" (__ret_pu___1): "0" (__pu_val___1),
                       "c" (uarg.i): "ebx"); (CFACreationUtils.addEdgeToCFA, INFO)

lines 3841-3842: Dead code detected: __asm__ volatile ("call __put_user_2": "=a" (__ret_pu___1): "0" (__pu_val___1),
                       "c" (uarg.i): "ebx"); (CFACreationUtils.addEdgeToCFA, INFO)

lines 3849-3850: Dead code detected: __asm__ volatile ("call __put_user_8": "=a" (__ret_pu___1): "0" (__pu_val___1),
                       "c" (uarg.i): "ebx"); (CFACreationUtils.addEdgeToCFA, INFO)

line 3852: Dead code detected: switch (4UL) {
  case 1UL:
  __asm__ volatile ("call __put_user_1": "=a" (__ret_pu___1): "0" (__pu_val___1),
                       "c" (uarg.i): "ebx");
  goto ldv_25580;
  case 2UL:
  __asm__ volatile ("call __put_user_2": "=a" (__ret_pu___1): "0" (__pu_val___1),
                       "c" (uarg.i): "ebx");
  goto ldv_25580;
  case 4UL:
  __asm__ volatile ("call __put_user_4": "=a" (__ret_pu___1): "0" (__pu_val___1),
                       "c" (uarg.i): "ebx");
  goto ldv_25580;
  case 8UL:
  __asm__ volatile ("call __put_user_8": "=a" (__ret_pu___1): "0" (__pu_val___1),
                       "c" (uarg.i): "ebx");
  goto ldv_25580;
  default:
  __asm__ volatile ("call __put_user_X": "=a" (__ret_pu___1): "0" (__pu_val___1),
                       "c" (uarg.i): "ebx");
  goto ldv_25580;
  } (CFACreationUtils.addEdgeToCFA, INFO)

Inline assembler ignored, analysis is probably unsound! (CFABuilder.createCFA, WARNING)

Using unsound approximation of ints with unbounded integers and floats with unbounded integers for encoding program semantics. (PredicateCPA:FormulaManagerView.<init>, WARNING)

Using predicate analysis with Princess 2023-04-07. (PredicateCPA:PredicateCPA.<init>, INFO)

Using unsound approximation of ints with unbounded integers and floats with unbounded integers for encoding program semantics. (AssumptionStorageCPA:FormulaManagerView.<init>, WARNING)

The following configuration options were specified but are not used:
 proveroptions.option 
 (CPAchecker.printConfigurationWarnings, WARNING)

Starting analysis ... (CPAchecker.runAlgorithm, INFO)

Creating formula for program (AbstractBMCAlgorithm.run, INFO)

Exception in thread "main" org.sosy_lab.java_smt.basicimpl.GeneratorException: Modular Congruence is not available in SMTLIB2. 
	at org.sosy_lab.java_smt.basicimpl.AbstractNumeralFormulaManager.modularCongruence(AbstractNumeralFormulaManager.java:361)
	at org.sosy_lab.java_smt.solvers.princess.PrincessIntegerFormulaManager.modularCongruence(PrincessIntegerFormulaManager.java:22)
	at org.sosy_lab.cpachecker.util.predicates.smt.IntegerFormulaManagerView.modularCongruence(IntegerFormulaManagerView.java:35)
	at org.sosy_lab.cpachecker.util.predicates.smt.FormulaManagerView.makeModularCongruence(FormulaManagerView.java:688)
	at org.sosy_lab.cpachecker.util.predicates.smt.FormulaManagerView.makeModularCongruence(FormulaManagerView.java:670)
	at org.sosy_lab.cpachecker.util.predicates.pathformula.pointeraliasing.PointerTargetSetManager.makeBaseAddressConstraints(PointerTargetSetManager.java:653)
	at org.sosy_lab.cpachecker.util.predicates.pathformula.pointeraliasing.PointerTargetSetBuilder$RealPointerTargetSetBuilder.addNextBaseAddressConstraints(PointerTargetSetBuilder.java:286)
	at org.sosy_lab.cpachecker.util.predicates.pathformula.pointeraliasing.CToFormulaConverterWithPointerAliasing.declareSharedBase(CToFormulaConverterWithPointerAliasing.java:437)
	at org.sosy_lab.cpachecker.util.predicates.pathformula.pointeraliasing.CToFormulaConverterWithPointerAliasing.makeDeclaration(CToFormulaConverterWithPointerAliasing.java:1001)
	at org.sosy_lab.cpachecker.util.predicates.pathformula.ctoformula.CtoFormulaConverter.createFormulaForEdge(CtoFormulaConverter.java:1231)
	at org.sosy_lab.cpachecker.util.predicates.pathformula.ctoformula.CtoFormulaConverter.makeAnd(CtoFormulaConverter.java:1049)
	at org.sosy_lab.cpachecker.util.predicates.pathformula.PathFormulaManagerImpl.makeAnd(PathFormulaManagerImpl.java:246)
	at org.sosy_lab.cpachecker.util.predicates.pathformula.PathFormulaManagerImpl.makeAnd(PathFormulaManagerImpl.java:300)
	at org.sosy_lab.cpachecker.cpa.predicate.PredicateTransferRelation.convertEdgeToPathFormula(PredicateTransferRelation.java:203)
	at org.sosy_lab.cpachecker.cpa.predicate.PredicateTransferRelation.getAbstractSuccessorsForEdge(PredicateTransferRelation.java:113)
	at org.sosy_lab.cpachecker.cpa.composite.CompositeTransferRelation.callTransferRelation(CompositeTransferRelation.java:297)
	at org.sosy_lab.cpachecker.cpa.composite.CompositeTransferRelation.getAbstractSuccessorForSimpleEdge(CompositeTransferRelation.java:264)
	at org.sosy_lab.cpachecker.cpa.composite.CompositeTransferRelation.getAbstractSuccessorForEdge(CompositeTransferRelation.java:196)
	at org.sosy_lab.cpachecker.cpa.composite.CompositeTransferRelation.getAbstractSuccessors(CompositeTransferRelation.java:88)
	at org.sosy_lab.cpachecker.cpa.arg.ARGTransferRelation.getAbstractSuccessors(ARGTransferRelation.java:45)
	at org.sosy_lab.cpachecker.core.algorithm.CPAAlgorithm.handleState(CPAAlgorithm.java:334)
	at org.sosy_lab.cpachecker.core.algorithm.CPAAlgorithm.run0(CPAAlgorithm.java:289)
	at org.sosy_lab.cpachecker.core.algorithm.CPAAlgorithm.run(CPAAlgorithm.java:260)
	at org.sosy_lab.cpachecker.core.algorithm.bmc.BMCHelper.unroll(BMCHelper.java:192)
	at org.sosy_lab.cpachecker.core.algorithm.bmc.AbstractBMCAlgorithm.run(AbstractBMCAlgorithm.java:427)
	at org.sosy_lab.cpachecker.core.algorithm.bmc.BMCAlgorithm.run(BMCAlgorithm.java:130)
	at org.sosy_lab.cpachecker.core.CPAchecker.runAlgorithm(CPAchecker.java:507)
	at org.sosy_lab.cpachecker.core.CPAchecker.run(CPAchecker.java:369)
	at org.sosy_lab.cpachecker.cmdline.CPAMain.main(CPAMain.java:170)
