scripts/cpa.sh -heap 13000M -stack 50M -noout -benchmark -bmc -setprop cpa.predicate.useArraysForHeap=false -setprop cpa.predicate.memoryAllocationsAlwaysSucceed=true -setprop cpa.loopbound.maxLoopIterations=1 -setprop cpa.predicate.encodeFloatAs=INTEGER -setprop cpa.predicate.encodeBitvectorAs=INTEGER -setprop solver.solver=princess -timelimit 900s -stats -spec test/programs/benchmarks/properties/unreach-call.prp -32 test/programs/benchmarks/recursive-simple/fibo_2calls_2-1.c


--------------------------------------------------------------------------------


Running CPAchecker with Java heap of size 13000M.
Running CPAchecker with Java stack of size 50M.
Language C detected and set for analysis (CPAMain.detectFrontendLanguageIfNecessary, INFO)

Using the following resource limits: CPU-time limit of 900s (ResourceLimitChecker.fromConfiguration, INFO)

CPAchecker 2.3.1-svn-45350M / bmc (OpenJDK 64-Bit Server VM 17.0.8.1) started (CPAchecker.run, INFO)

Parsing CFA from file(s) "test/programs/benchmarks/recursive-simple/fibo_2calls_2-1.c" (CPAchecker.parse, INFO)

Using unsound approximation of ints with unbounded integers and floats with unbounded integers for encoding program semantics. (PredicateCPA:FormulaManagerView.<init>, WARNING)

Using predicate analysis with Princess 2023-04-07. (PredicateCPA:PredicateCPA.<init>, INFO)

Using unsound approximation of ints with unbounded integers and floats with unbounded integers for encoding program semantics. (AssumptionStorageCPA:FormulaManagerView.<init>, WARNING)

Starting analysis ... (CPAchecker.runAlgorithm, INFO)

Recursion detected, aborting. To ignore recursion, add -skipRecursion to the command line. (TargetLocationProvider:CallstackCPA:CallstackTransferRelation.getAbstractSuccessorsForEdge, INFO)

Recursion detected. Defaulting to selecting all locations as potential target locations. (TargetLocationProvider:TargetLocationProviderImpl.tryGetAutomatonTargetLocations, INFO)

Creating formula for program (AbstractBMCAlgorithm.run, INFO)

Starting satisfiability check... (AbstractBMCAlgorithm.boundedModelCheck, INFO)

Error found, creating error path (AbstractBMCAlgorithm.analyzeCounterexample0, INFO)

{main::result@3 -> 1, fibo1::__retval__@2 -> 1, fibo1::__CPAchecker_TMP_1@3 -> 0, fibo2::__retval__@3 -> 0, fibo2::n@3 -> 0, fibo1::__CPAchecker_TMP_0@3 -> 1, fibo2::__retval__@2 -> 1, fibo2::n@2 -> 1, fibo1::n@2 -> 2, main::x@2 -> 2}
{main::result@6 -> 1, fibo1::__CPAchecker_TMP_1@4 -> 0, fibo2::n@4 -> 0, fibo1::__CPAchecker_TMP_0@4 -> 1, fibo1::n@2 -> 2, main::x@2 -> 2, fibo1::__retval__@2 -> 1, fibo2::__retval__@2 -> 1, fibo2::__retval__@3 -> 0, fibo2::n@2 -> 1}
[main::result@6: 1, fibo1::__CPAchecker_TMP_1@4: 0, fibo2::n@4: 0, fibo1::__CPAchecker_TMP_0@4: 1, fibo1::n@2: 2, main::x@2: 2, fibo1::__retval__@2: 1, fibo2::__retval__@2: 1, fibo2::__retval__@3: 0, fibo2::n@2: 1]
Stopping analysis ... (CPAchecker.runAlgorithm, INFO)


PredicateCPA statistics
-----------------------
Number of abstractions:            1 (3% of all post computations)
  Times abstraction was reused:    0
  Because of function entry/exit:  0 (0%)
  Because of loop head:            0 (0%)
  Because of join nodes:           0 (0%)
  Because of threshold:            0 (0%)
  Because of target state:         1 (100%)
  Times precision was empty:       1 (100%)
  Times precision was {false}:     0 (0%)
  Times result was cached:         0 (0%)
  Times cartesian abs was used:    0 (0%)
  Times boolean abs was used:      0 (0%)
  Times result was 'false':        0 (0%)
Number of strengthen sat checks:   0
Number of coverage checks:         0
  BDD entailment checks:           0
Number of SMT sat checks:          0
  trivial:                         0
  cached:                          0

Max ABE block size:                       19
Avg ABE block size:                                19.00 (sum: 19, count: 1, min: 19, max: 19)
Number of predicates discovered:          0

Time for post operator:                                0.052s
  Time for path formula creation:                      0.052s
Time for strengthen operator:                          0.002s
Time for prec operator:                                0.002s
  Time for abstraction:                  0.000s (Max:     0.000s, Count: 1)
    Solving time:                        0.000s (Max:     0.000s)
    Model enumeration time:              0.000s
    Time for BDD construction:           0.000s (Max:     0.000s)
Time for coverage checks:                              0.000s
Total time for SMT solver (w/o itp):     0.000s

Total number of created targets for pointer analysis: 0



KeyValue statistics
-------------------
Init. function predicates:                         0
Init. global predicates:                           0
Init. location predicates:                         0

Invariant Generation statistics
-------------------------------

Bounds CPA statistics
---------------------
Bound k:                                           1
Maximum loop iteration reached:                    0


ValueAnalysisCPA statistics
---------------------------
Number of variables per state:                     1.85 (sum: 63, count: 34, min: 0, max: 4)
Number of global variables per state:              0.00 (sum: 0, count: 34, min: 0, max: 0)
Number of assumptions:                                   24
Number of deterministic assumptions:                      0
Level of Determinism:                              0%

ValueAnalysisPrecisionAdjustment statistics
-------------------------------------------
Number of abstraction computations:                      33
Total time for liveness abstraction:                   0.000s
Total time for abstraction computation:                0.002s
Total time for path thresholds:                        0.000s

ConstraintsStrengthenOperator statistics
----------------------------------------
Total time for strengthening by ConstraintsCPA:     0.000s
Replaced symbolic expressions: 0

AutomatonAnalysis (SVCOMP) statistics
-------------------------------------
Number of states:                                  1
Total time for successor computation:                  0.004s
Automaton transfers with branching:                0
Automaton transfer successors:                     0.97 (sum: 33, count: 34, min: 0, max: 1) [0, 1 x 33]
Number of states with assumption transitions:      0

CPA algorithm statistics
------------------------
Number of iterations:            34
Max size of waitlist:            1
Average size of waitlist:        1
LoopstackSortedWaitlist:                           0.00 (sum: 0, count: 34, min: 0, max: 0)
ReversePostorderSortedWaitlist:                    0.00 (sum: 0, count: 34, min: 0, max: 0)
LoopIterationSortedWaitlist:                       0.00 (sum: 0, count: 34, min: 0, max: 0)
CallstackSortedWaitlist:                           0.00 (sum: 0, count: 1, min: 0, max: 0)
Number of computed successors:   33
Max successors for one state:    1
Number of times merged:          0
Number of times stopped:         0
Number of times breaked:         0

Total time for CPA algorithm:         0.114s (Max:     0.114s)
  Time for choose from waitlist:      0.002s
  Time for precision adjustment:      0.014s
  Time for transfer relation:         0.089s
  Time for stop operator:             0.001s
  Time for adding to reached set:     0.005s

BMC algorithm statistics
------------------------
Time for BMC formula creation:                       0.115s
Time for final sat check:                            0.249s
Time for error-path creation:                        0.083s
Time for error-path post-processing:                 0.086s

CPAchecker general statistics
-----------------------------
Number of program locations:                       47
Number of CFA edges (per node):                          48 (count: 47, min: 0, max: 3, avg: 1.02)
Number of relevant variables:                      10
Number of functions:                               4
Number of loops (and loop nodes):                         0 (sum: 0, min: 0, max: 0, avg: 0.00)
Size of reached set:             34
  Number of reached locations:   31 (66%)
    Avg states per location:     1
    Max states per location:     2 (at node N20)
  Number of reached functions:   4 (100%)
  Number of partitions:          34
    Avg size of partitions:      1
    Max size of partitions:      1
  Number of target states:       1

Time for analysis setup:          1.914s
  Time for loading CPAs:          1.076s
  Time for loading parser:        0.216s
  Time for CFA construction:      0.535s
    Time for parsing file(s):     0.301s
    Time for AST to CFA:          0.106s
    Time for CFA sanity check:    0.000s
    Time for post-processing:     0.081s
    Time for loop structure:      0.001s
    Time for AST structure:       0.000s
      Time for function pointers resolving:            0.002s
        Function calls via function pointers:             0 (count: 1, min: 0, max: 0, avg: 0.00)
        Instrumented function pointer calls:              0 (count: 1, min: 0, max: 0, avg: 0.00)
        Function calls with function pointer arguments:        0 (count: 1, min: 0, max: 0, avg: 0.00)
        Instrumented function pointer arguments:          0 (count: 1, min: 0, max: 0, avg: 0.00)
      Time for classifying variables:                  0.046s
        Time for collecting variables:                 0.026s
        Time for solving dependencies:                 0.001s
        Time for building hierarchy:                   0.000s
        Time for building classification:              0.019s
        Time for exporting data:                       0.000s
Time for Analysis:                0.623s
CPU time for analysis:            1.220s
Time for analyzing result:        0.001s
Total time for CPAchecker:        2.538s
Total CPU time for CPAchecker:    4.890s
Time for statistics:              0.033s

Time for Garbage Collector:       0.048s (in 7 runs)
Garbage Collector(s) used:    G1 Old Generation, G1 Young Generation

Verification result: FALSE. Property violation (unreach-call: reach_error(); called in line 41) found by chosen configuration.
More details about the verification run can be found in the directory "./output".
