scripts/cpa.sh -heap 13000M -stack 50M -noout -benchmark -bmc -setprop cpa.predicate.useArraysForHeap=false -setprop cpa.predicate.memoryAllocationsAlwaysSucceed=true -setprop cpa.loopbound.maxLoopIterations=1 -setprop cpa.predicate.encodeFloatAs=INTEGER -setprop cpa.predicate.encodeBitvectorAs=INTEGER -setprop solver.solver=princess_binary -setprop proveroptions.option=use_binary -timelimit 900s -stats -spec test/programs/benchmarks/properties/unreach-call.prp -32 test/programs/benchmarks/product-lines/minepump_spec2_product13.cil.c


--------------------------------------------------------------------------------


Running CPAchecker with Java heap of size 13000M.
Running CPAchecker with Java stack of size 50M.
Language C detected and set for analysis (CPAMain.detectFrontendLanguageIfNecessary, INFO)

Using the following resource limits: CPU-time limit of 900s (ResourceLimitChecker.fromConfiguration, INFO)

CPAchecker 2.3.1-svn-45350M / bmc (OpenJDK 64-Bit Server VM 17.0.8.1) started (CPAchecker.run, INFO)

Parsing CFA from file(s) "test/programs/benchmarks/product-lines/minepump_spec2_product13.cil.c" (CPAchecker.parse, INFO)

line 237: Dead code detected: return (retValue_acc); (CFACreationUtils.addEdgeToCFA, INFO)

line 246: Dead code detected: return (retValue_acc); (CFACreationUtils.addEdgeToCFA, INFO)

line 602: Dead code detected: return (retValue_acc); (CFACreationUtils.addEdgeToCFA, INFO)

line 648: Dead code detected: return (retValue_acc); (CFACreationUtils.addEdgeToCFA, INFO)

line 663: Dead code detected: return (retValue_acc); (CFACreationUtils.addEdgeToCFA, INFO)

line 686: Dead code detected: return (retValue_acc); (CFACreationUtils.addEdgeToCFA, INFO)

line 735: Dead code detected: return (retValue_acc); (CFACreationUtils.addEdgeToCFA, INFO)

line 767: Dead code detected: return (retValue_acc); (CFACreationUtils.addEdgeToCFA, INFO)

line 903: Dead code detected: return (retValue_acc); (CFACreationUtils.addEdgeToCFA, INFO)

line 439: Function pointer *__cil_tmp10 with type int (*)(int, int) is called, but no possible target functions were found. (CFunctionPointerResolver.getTargets, WARNING)

Using unsound approximation of ints with unbounded integers and floats with unbounded integers for encoding program semantics. (PredicateCPA:FormulaManagerView.<init>, WARNING)

Using predicate analysis with Princess 2023-04-07. (PredicateCPA:PredicateCPA.<init>, INFO)

Using unsound approximation of ints with unbounded integers and floats with unbounded integers for encoding program semantics. (AssumptionStorageCPA:FormulaManagerView.<init>, WARNING)

The following configuration options were specified but are not used:
 proveroptions.option 
 (CPAchecker.printConfigurationWarnings, WARNING)

Starting analysis ... (CPAchecker.runAlgorithm, INFO)

Creating formula for program (AbstractBMCAlgorithm.run, INFO)

Starting satisfiability check... (AbstractBMCAlgorithm.boundedModelCheck, INFO)

Starting assertions check... (AbstractBMCAlgorithm.checkBoundingAssertions, INFO)

Terminating because none of the following CPAs' precision can be adjusted any further  LoopBoundCPA (AbstractBMCAlgorithm.adjustConditions, INFO)

Stopping analysis ... (CPAchecker.runAlgorithm, INFO)

Analysis incomplete: no errors found, but not everything could be checked. (CPAchecker.analyzeResult, WARNING)


PredicateCPA statistics
-----------------------
Number of abstractions:            0 (0% of all post computations)
Number of strengthen sat checks:   0
Number of coverage checks:         10
  BDD entailment checks:           0
Number of SMT sat checks:          0
  trivial:                         0
  cached:                          0

Max ABE block size:                       0
Avg ABE block size:                                0.00 (sum: 0, count: 0, min: 0, max: 0)
Number of predicates discovered:          0

Time for post operator:                                0.078s
  Time for path formula creation:                      0.077s
Time for strengthen operator:                          0.003s
Time for prec operator:                                0.002s
Time for merge operator:                               0.004s
Time for coverage checks:                              0.000s
Total time for SMT solver (w/o itp):     0.000s

Total number of created targets for pointer analysis: 0



KeyValue statistics
-------------------
Init. function predicates:                         0
Init. global predicates:                           0
Init. location predicates:                         0

Invariant Generation statistics
-------------------------------

Bounds CPA statistics
---------------------
Bound k:                                           1
Maximum loop iteration reached:                    2


ValueAnalysisCPA statistics
---------------------------
Number of variables per state:                     5.91 (sum: 1017, count: 172, min: 0, max: 10)
Number of global variables per state:              4.66 (sum: 802, count: 172, min: 0, max: 7)
Number of assumptions:                                   42
Number of deterministic assumptions:                      0
Level of Determinism:                              0%

ValueAnalysisPrecisionAdjustment statistics
-------------------------------------------
Number of abstraction computations:                     176
Total time for liveness abstraction:                   0.000s
Total time for abstraction computation:                0.004s
Total time for path thresholds:                        0.000s

ConstraintsStrengthenOperator statistics
----------------------------------------
Total time for strengthening by ConstraintsCPA:     0.000s
Replaced symbolic expressions: 0

AutomatonAnalysis (SVCOMP) statistics
-------------------------------------
Number of states:                                  1
Total time for successor computation:                  0.003s
Automaton transfers with branching:                0
Automaton transfer successors:                     1.00 (sum: 176, count: 176, min: 1, max: 1) [1 x 176]
Number of states with assumption transitions:      0

CPA algorithm statistics
------------------------
Number of iterations:            172
Max size of waitlist:            3
Average size of waitlist:        1
LoopstackSortedWaitlist:                           0.00 (sum: 0, count: 154, min: 0, max: 0)
ReversePostorderSortedWaitlist:                    0.00 (sum: 0, count: 154, min: 0, max: 0)
LoopIterationSortedWaitlist:                       0.00 (sum: 0, count: 154, min: 0, max: 0)
CallstackSortedWaitlist:                           18.00 (sum: 18, count: 1, min: 18, max: 18)
Number of computed successors:   176
Max successors for one state:    2
Number of times merged:          5
Number of times stopped:         5
Number of times breaked:         0

Total time for CPA algorithm:         0.163s (Max:     0.163s)
  Time for choose from waitlist:      0.008s
  Time for precision adjustment:      0.016s
  Time for transfer relation:         0.125s
  Time for merge operator:            0.007s
  Time for stop operator:             0.000s
  Time for adding to reached set:     0.004s

BMC algorithm statistics
------------------------
Time for BMC formula creation:                       0.164s
Time for final sat check:                            0.157s
Time for bounding assertions check:                  0.256s

CPAchecker general statistics
-----------------------------
Number of program locations:                       599
Number of CFA edges (per node):                         639 (count: 599, min: 0, max: 8, avg: 1.07)
Number of relevant variables:                      115
Number of functions:                               35
Number of loops (and loop nodes):                         5 (sum: 81, min: 8, max: 23, avg: 16.20)
Size of reached set:             172
  Number of reached locations:   171 (29%)
    Avg states per location:     1
    Max states per location:     2 (at node N13)
  Number of reached functions:   16 (46%)
  Number of partitions:          172
    Avg size of partitions:      1
    Max size of partitions:      1
  Number of target states:       0

Time for analysis setup:          2.190s
  Time for loading CPAs:          1.174s
  Time for loading parser:        0.197s
  Time for CFA construction:      0.758s
    Time for parsing file(s):     0.350s
    Time for AST to CFA:          0.222s
    Time for CFA sanity check:    0.000s
    Time for post-processing:     0.130s
    Time for loop structure:      0.008s
    Time for AST structure:       0.000s
      Time for function pointers resolving:            0.005s
        Function calls via function pointers:             1 (count: 1, min: 1, max: 1, avg: 1.00)
        Instrumented function pointer calls:              0 (count: 1, min: 0, max: 0, avg: 0.00)
        Function calls with function pointer arguments:        0 (count: 1, min: 0, max: 0, avg: 0.00)
        Instrumented function pointer arguments:          0 (count: 1, min: 0, max: 0, avg: 0.00)
      Time for classifying variables:                  0.077s
        Time for collecting variables:                 0.047s
        Time for solving dependencies:                 0.001s
        Time for building hierarchy:                   0.000s
        Time for building classification:              0.029s
        Time for exporting data:                       0.000s
Time for Analysis:                0.701s
CPU time for analysis:            1.390s
Time for analyzing result:        0.001s
Total time for CPAchecker:        2.893s
Total CPU time for CPAchecker:    5.660s
Time for statistics:              0.048s

Time for Garbage Collector:       0.070s (in 7 runs)
Garbage Collector(s) used:    G1 Old Generation, G1 Young Generation

Verification result: UNKNOWN, incomplete analysis.
More details about the verification run can be found in the directory "./output".
