scripts/cpa.sh -heap 13000M -stack 50M -noout -benchmark -bmc -setprop cpa.predicate.useArraysForHeap=false -setprop cpa.predicate.memoryAllocationsAlwaysSucceed=true -setprop cpa.loopbound.maxLoopIterations=1 -setprop cpa.predicate.encodeFloatAs=INTEGER -setprop cpa.predicate.encodeBitvectorAs=INTEGER -setprop solver.solver=princess -timelimit 900s -stats -spec test/programs/benchmarks/properties/unreach-call.prp -32 test/programs/benchmarks/nla-digbench-scaling/ps6-ll_unwindbound100.c


--------------------------------------------------------------------------------


Running CPAchecker with Java heap of size 13000M.
Running CPAchecker with Java stack of size 50M.
Language C detected and set for analysis (CPAMain.detectFrontendLanguageIfNecessary, INFO)

Using the following resource limits: CPU-time limit of 900s (ResourceLimitChecker.fromConfiguration, INFO)

CPAchecker 2.3.1-svn-45350M / bmc (OpenJDK 64-Bit Server VM 17.0.8.1) started (CPAchecker.run, INFO)

Parsing CFA from file(s) "test/programs/benchmarks/nla-digbench-scaling/ps6-ll_unwindbound100.c" (CPAchecker.parse, INFO)

Using unsound approximation of ints with unbounded integers and floats with unbounded integers for encoding program semantics. (PredicateCPA:FormulaManagerView.<init>, WARNING)

Using predicate analysis with Princess 2023-04-07. (PredicateCPA:PredicateCPA.<init>, INFO)

Using unsound approximation of ints with unbounded integers and floats with unbounded integers for encoding program semantics. (AssumptionStorageCPA:FormulaManagerView.<init>, WARNING)

Starting analysis ... (CPAchecker.runAlgorithm, INFO)

Creating formula for program (AbstractBMCAlgorithm.run, INFO)

Starting satisfiability check... (AbstractBMCAlgorithm.boundedModelCheck, INFO)

Error found, creating error path (AbstractBMCAlgorithm.analyzeCounterexample0, INFO)

{__VERIFIER_assert::cond@4 -> 0, __VERIFIER_assert::cond@3 -> 1, __VERIFIER_assert::cond@2 -> 1, counter@3 -> 1, main::__CPAchecker_TMP_0@2 -> 0, main::c@3 -> 0, main::x@3 -> 0, main::y@3 -> 0, assume_abort_if_not::cond@2 -> 1, main::k@3 -> -1, __VERIFIER_nondet_short!2@ -> -1, counter@2 -> 0, Integer_*_(7, 0) -> 11, Integer_*_(6, 0) -> 7, Integer_*_(3, 0) -> 6, Integer_*_(2, 0) -> 3, Integer_*_(-1, 0) -> 12, Integer_*_(0, 0) -> 2}
{__VERIFIER_assert::cond@6 -> 0, __VERIFIER_nondet_short!2@ -> -1, main::__CPAchecker_TMP_0@2 -> 0, main::c@4 -> 0, assume_abort_if_not::cond@2 -> 1, counter@2 -> 0, counter@3 -> 1, main::x@4 -> 0, main::y@4 -> 0, __VERIFIER_assert::cond@4 -> 1, __VERIFIER_assert::cond@2 -> 1, main::k@3 -> -1, Integer_*_(7, 0) -> 11, Integer_*_(6, 0) -> 7, Integer_*_(3, 0) -> 6, Integer_*_(2, 0) -> 3, Integer_*_(-1, 0) -> 12, Integer_*_(0, 0) -> 2}
[__VERIFIER_assert::cond@6: 0, __VERIFIER_nondet_short!2@: -1, main::__CPAchecker_TMP_0@2: 0, main::c@4: 0, assume_abort_if_not::cond@2: 1, counter@2: 0, counter@3: 1, main::x@4: 0, main::y@4: 0, __VERIFIER_assert::cond@4: 1, __VERIFIER_assert::cond@2: 1, main::k@3: -1, Integer_*_(7, 0): 11, Integer_*_(6, 0): 7, Integer_*_(3, 0): 6, Integer_*_(2, 0): 3, Integer_*_(-1, 0): 12, Integer_*_(0, 0): 2]
Stopping analysis ... (CPAchecker.runAlgorithm, INFO)


PredicateCPA statistics
-----------------------
Number of abstractions:            1 (2% of all post computations)
  Times abstraction was reused:    0
  Because of function entry/exit:  0 (0%)
  Because of loop head:            0 (0%)
  Because of join nodes:           0 (0%)
  Because of threshold:            0 (0%)
  Because of target state:         1 (100%)
  Times precision was empty:       1 (100%)
  Times precision was {false}:     0 (0%)
  Times result was cached:         0 (0%)
  Times cartesian abs was used:    0 (0%)
  Times boolean abs was used:      0 (0%)
  Times result was 'false':        0 (0%)
Number of strengthen sat checks:   0
Number of coverage checks:         0
  BDD entailment checks:           0
Number of SMT sat checks:          0
  trivial:                         0
  cached:                          0

Max ABE block size:                       21
Avg ABE block size:                                21.00 (sum: 21, count: 1, min: 21, max: 21)
Number of predicates discovered:          0

Time for post operator:                                0.080s
  Time for path formula creation:                      0.080s
Time for strengthen operator:                          0.003s
Time for prec operator:                                0.002s
  Time for abstraction:                  0.001s (Max:     0.001s, Count: 1)
    Solving time:                        0.000s (Max:     0.000s)
    Model enumeration time:              0.000s
    Time for BDD construction:           0.000s (Max:     0.000s)
Time for coverage checks:                              0.000s
Total time for SMT solver (w/o itp):     0.000s

Total number of created targets for pointer analysis: 0



KeyValue statistics
-------------------
Init. function predicates:                         0
Init. global predicates:                           0
Init. location predicates:                         0

Invariant Generation statistics
-------------------------------

Bounds CPA statistics
---------------------
Bound k:                                           1
Maximum loop iteration reached:                    2


ValueAnalysisCPA statistics
---------------------------
Number of variables per state:                     3.25 (sum: 179, count: 55, min: 0, max: 6)
Number of global variables per state:              0.85 (sum: 47, count: 55, min: 0, max: 1)
Number of assumptions:                                   18
Number of deterministic assumptions:                      0
Level of Determinism:                              0%

ValueAnalysisPrecisionAdjustment statistics
-------------------------------------------
Number of abstraction computations:                      54
Total time for liveness abstraction:                   0.000s
Total time for abstraction computation:                0.005s
Total time for path thresholds:                        0.000s

ConstraintsStrengthenOperator statistics
----------------------------------------
Total time for strengthening by ConstraintsCPA:     0.000s
Replaced symbolic expressions: 0

AutomatonAnalysis (SVCOMP) statistics
-------------------------------------
Number of states:                                  1
Total time for successor computation:                  0.001s
Automaton transfers with branching:                0
Automaton transfer successors:                     0.96 (sum: 54, count: 56, min: 0, max: 1) [0 x 2, 1 x 54]
Number of states with assumption transitions:      0

CPA algorithm statistics
------------------------
Number of iterations:            55
Max size of waitlist:            3
Average size of waitlist:        1
LoopstackSortedWaitlist:                           0.17 (sum: 8, count: 47, min: 0, max: 5)
ReversePostorderSortedWaitlist:                    0.00 (sum: 0, count: 47, min: 0, max: 0)
LoopIterationSortedWaitlist:                       0.17 (sum: 8, count: 47, min: 0, max: 5)
CallstackSortedWaitlist:                           8.00 (sum: 8, count: 1, min: 8, max: 8)
Number of computed successors:   54
Max successors for one state:    2
Number of times merged:          0
Number of times stopped:         0
Number of times breaked:         0

Total time for CPA algorithm:         0.166s (Max:     0.166s)
  Time for choose from waitlist:      0.005s
  Time for precision adjustment:      0.017s
  Time for transfer relation:         0.133s
  Time for stop operator:             0.005s
  Time for adding to reached set:     0.005s

BMC algorithm statistics
------------------------
Time for BMC formula creation:                       0.168s
Time for final sat check:                            0.490s
Time for error-path creation:                        0.100s
Time for error-path post-processing:                 0.212s

CPAchecker general statistics
-----------------------------
Number of program locations:                       53
Number of CFA edges (per node):                          52 (count: 53, min: 0, max: 3, avg: 0.98)
Number of relevant variables:                      8
Number of functions:                               4
Number of loops (and loop nodes):                         1 (sum: 9, min: 9, max: 9, avg: 9.00)
Size of reached set:             55
  Number of reached locations:   46 (87%)
    Avg states per location:     1
    Max states per location:     3 (at node N10)
  Number of reached functions:   4 (100%)
  Number of partitions:          55
    Avg size of partitions:      1
    Max size of partitions:      1
  Number of target states:       1

Time for analysis setup:          2.094s
  Time for loading CPAs:          1.240s
  Time for loading parser:        0.257s
  Time for CFA construction:      0.521s
    Time for parsing file(s):     0.291s
    Time for AST to CFA:          0.106s
    Time for CFA sanity check:    0.000s
    Time for post-processing:     0.084s
    Time for loop structure:      0.005s
    Time for AST structure:       0.000s
      Time for function pointers resolving:            0.002s
        Function calls via function pointers:             0 (count: 1, min: 0, max: 0, avg: 0.00)
        Instrumented function pointer calls:              0 (count: 1, min: 0, max: 0, avg: 0.00)
        Function calls with function pointer arguments:        0 (count: 1, min: 0, max: 0, avg: 0.00)
        Instrumented function pointer arguments:          0 (count: 1, min: 0, max: 0, avg: 0.00)
      Time for classifying variables:                  0.050s
        Time for collecting variables:                 0.031s
        Time for solving dependencies:                 0.001s
        Time for building hierarchy:                   0.000s
        Time for building classification:              0.018s
        Time for exporting data:                       0.000s
Time for Analysis:                1.081s
CPU time for analysis:            2.140s
Time for analyzing result:        0.001s
Total time for CPAchecker:        3.176s
Total CPU time for CPAchecker:    6.130s
Time for statistics:              0.040s

Time for Garbage Collector:       0.058s (in 7 runs)
Garbage Collector(s) used:    G1 Old Generation, G1 Young Generation

Verification result: FALSE. Property violation (unreach-call: reach_error(); called in line 12) found by chosen configuration.
More details about the verification run can be found in the directory "./output".
