scripts/cpa.sh -heap 13000M -stack 50M -noout -benchmark -bmc -setprop cpa.predicate.useArraysForHeap=false -setprop cpa.predicate.memoryAllocationsAlwaysSucceed=true -setprop cpa.loopbound.maxLoopIterations=1 -setprop cpa.predicate.encodeFloatAs=INTEGER -setprop cpa.predicate.encodeBitvectorAs=INTEGER -setprop solver.solver=princess_binary -setprop proveroptions.option=use_binary -timelimit 900s -stats -spec test/programs/benchmarks/properties/unreach-call.prp -64 test/programs/benchmarks/ldv-challenges/linux-3.14_linux-kernel-locking-spinlock_drivers-net-ethernet-chelsio-cxgb4-cxgb4.cil.i


--------------------------------------------------------------------------------


Running CPAchecker with Java heap of size 13000M.
Running CPAchecker with Java stack of size 50M.
Language C detected and set for analysis (CPAMain.detectFrontendLanguageIfNecessary, INFO)

Using the following resource limits: CPU-time limit of 900s (ResourceLimitChecker.fromConfiguration, INFO)

CPAchecker 2.3.1-svn-45350M / bmc (OpenJDK 64-Bit Server VM 17.0.8.1) started (CPAchecker.run, INFO)

Parsing CFA from file(s) "test/programs/benchmarks/ldv-challenges/linux-3.14_linux-kernel-locking-spinlock_drivers-net-ethernet-chelsio-cxgb4-cxgb4.cil.i" (CPAchecker.parse, INFO)

line 7722: Dead code detected: return (1); (CFACreationUtils.addEdgeToCFA, INFO)

line 7829: Dead code detected: goto case_1; (CFACreationUtils.addEdgeToCFA, INFO)

line 7833: Dead code detected: goto case_2; (CFACreationUtils.addEdgeToCFA, INFO)

line 7837: Dead code detected: goto case_4; (CFACreationUtils.addEdgeToCFA, INFO)

line 7844: Dead code detected: goto switch_default; (CFACreationUtils.addEdgeToCFA, INFO)

Dead code detected: Label switch_break is not reachable. (CFAFunctionBuilder.leave, INFO)

Dead code detected: Label switch_default is not reachable. (CFAFunctionBuilder.leave, INFO)

Dead code detected: Label case_4 is not reachable. (CFAFunctionBuilder.leave, INFO)

Dead code detected: Label case_1 is not reachable. (CFAFunctionBuilder.leave, INFO)

Dead code detected: Label case_2 is not reachable. (CFAFunctionBuilder.leave, INFO)

line 7968: Dead code detected: goto case_1; (CFACreationUtils.addEdgeToCFA, INFO)

line 7972: Dead code detected: goto case_2; (CFACreationUtils.addEdgeToCFA, INFO)

line 7980: Dead code detected: goto case_8; (CFACreationUtils.addEdgeToCFA, INFO)

line 7983: Dead code detected: goto switch_default; (CFACreationUtils.addEdgeToCFA, INFO)

Dead code detected: Label case_8 is not reachable. (CFAFunctionBuilder.leave, INFO)

Dead code detected: Label switch_break is not reachable. (CFAFunctionBuilder.leave, INFO)

Dead code detected: Label switch_default is not reachable. (CFAFunctionBuilder.leave, INFO)

Dead code detected: Label case_1 is not reachable. (CFAFunctionBuilder.leave, INFO)

Dead code detected: Label case_2 is not reachable. (CFAFunctionBuilder.leave, INFO)

line 8041: Dead code detected: goto case_1; (CFACreationUtils.addEdgeToCFA, INFO)

line 8045: Dead code detected: goto case_2; (CFACreationUtils.addEdgeToCFA, INFO)

line 8053: Dead code detected: goto case_8; (CFACreationUtils.addEdgeToCFA, INFO)

line 8056: Dead code detected: goto switch_default; (CFACreationUtils.addEdgeToCFA, INFO)

Dead code detected: Label case_8 is not reachable. (CFAFunctionBuilder.leave, INFO)

Dead code detected: Label switch_break is not reachable. (CFAFunctionBuilder.leave, INFO)

Dead code detected: Label switch_default is not reachable. (CFAFunctionBuilder.leave, INFO)

Dead code detected: Label case_1 is not reachable. (CFAFunctionBuilder.leave, INFO)

Dead code detected: Label case_2 is not reachable. (CFAFunctionBuilder.leave, INFO)

Dead code detected: Label switch_break is not reachable. (CFAFunctionBuilder.leave, INFO)

Dead code detected: Label switch_break is not reachable. (CFAFunctionBuilder.leave, INFO)

Dead code detected: Label switch_break is not reachable. (CFAFunctionBuilder.leave, INFO)

line 14889: Dead code detected: goto case_1; (CFACreationUtils.addEdgeToCFA, INFO)

line 14893: Dead code detected: goto case_2; (CFACreationUtils.addEdgeToCFA, INFO)

line 14897: Dead code detected: goto case_4; (CFACreationUtils.addEdgeToCFA, INFO)

line 14904: Dead code detected: goto switch_default; (CFACreationUtils.addEdgeToCFA, INFO)

Dead code detected: Label switch_break is not reachable. (CFAFunctionBuilder.leave, INFO)

Dead code detected: Label switch_default is not reachable. (CFAFunctionBuilder.leave, INFO)

Dead code detected: Label case_4 is not reachable. (CFAFunctionBuilder.leave, INFO)

Dead code detected: Label case_1 is not reachable. (CFAFunctionBuilder.leave, INFO)

Dead code detected: Label case_2 is not reachable. (CFAFunctionBuilder.leave, INFO)

Dead code detected: Label switch_break is not reachable. (CFAFunctionBuilder.leave, INFO)

Dead code detected: Label switch_break is not reachable. (CFAFunctionBuilder.leave, INFO)

line 16431: Dereferencing of non-pointer type irq_handler_t  in expression *tmp___0 (ASTConverter.convert, WARNING)

Dead code detected: Label switch_break is not reachable. (CFAFunctionBuilder.leave, INFO)

line 19035: Dead code detected: return (arg0); (CFACreationUtils.addEdgeToCFA, INFO)

line 19054: Dead code detected: return (arg0); (CFACreationUtils.addEdgeToCFA, INFO)

line 19057: Dead code detected: return (arg0); (CFACreationUtils.addEdgeToCFA, INFO)

line 19059: Dead code detected: return (arg0); (CFACreationUtils.addEdgeToCFA, INFO)

line 19737: Dead code detected: return; (CFACreationUtils.addEdgeToCFA, INFO)

line 19787: Dead code detected: return; (CFACreationUtils.addEdgeToCFA, INFO)

line 19818: Dead code detected: return; (CFACreationUtils.addEdgeToCFA, INFO)

line 19903: Dead code detected: goto ldv_call_0; (CFACreationUtils.addEdgeToCFA, INFO)

line 19904: Dead code detected: return; (CFACreationUtils.addEdgeToCFA, INFO)

line 19984: Dead code detected: return; (CFACreationUtils.addEdgeToCFA, INFO)

line 19996: Dead code detected: return; (CFACreationUtils.addEdgeToCFA, INFO)

line 20086: Dead code detected: return; (CFACreationUtils.addEdgeToCFA, INFO)

line 20134: Dead code detected: return; (CFACreationUtils.addEdgeToCFA, INFO)

line 20229: Dead code detected: return; (CFACreationUtils.addEdgeToCFA, INFO)

line 20404: Dead code detected: goto ldv_call_4; (CFACreationUtils.addEdgeToCFA, INFO)

line 20414: Dead code detected: goto ldv_call_4; (CFACreationUtils.addEdgeToCFA, INFO)

line 20415: Dead code detected: goto ldv_call_4; (CFACreationUtils.addEdgeToCFA, INFO)

line 20422: Dead code detected: goto ldv_call_4; (CFACreationUtils.addEdgeToCFA, INFO)

line 20423: Dead code detected: goto ldv_call_4; (CFACreationUtils.addEdgeToCFA, INFO)

line 20424: Dead code detected: goto ldv_call_4; (CFACreationUtils.addEdgeToCFA, INFO)

line 20431: Dead code detected: goto ldv_call_4; (CFACreationUtils.addEdgeToCFA, INFO)

line 20432: Dead code detected: goto ldv_call_4; (CFACreationUtils.addEdgeToCFA, INFO)

line 20433: Dead code detected: goto ldv_call_4; (CFACreationUtils.addEdgeToCFA, INFO)

line 20434: Dead code detected: goto ldv_call_4; (CFACreationUtils.addEdgeToCFA, INFO)

line 20441: Dead code detected: goto ldv_call_4; (CFACreationUtils.addEdgeToCFA, INFO)

line 20442: Dead code detected: goto ldv_call_4; (CFACreationUtils.addEdgeToCFA, INFO)

line 20443: Dead code detected: goto ldv_call_4; (CFACreationUtils.addEdgeToCFA, INFO)

line 20444: Dead code detected: goto ldv_call_4; (CFACreationUtils.addEdgeToCFA, INFO)

line 20445: Dead code detected: goto ldv_call_4; (CFACreationUtils.addEdgeToCFA, INFO)

line 20452: Dead code detected: goto ldv_call_4; (CFACreationUtils.addEdgeToCFA, INFO)

line 20453: Dead code detected: goto ldv_call_4; (CFACreationUtils.addEdgeToCFA, INFO)

line 20454: Dead code detected: goto ldv_call_4; (CFACreationUtils.addEdgeToCFA, INFO)

line 20455: Dead code detected: goto ldv_call_4; (CFACreationUtils.addEdgeToCFA, INFO)

line 20456: Dead code detected: goto ldv_call_4; (CFACreationUtils.addEdgeToCFA, INFO)

line 20457: Dead code detected: goto ldv_call_4; (CFACreationUtils.addEdgeToCFA, INFO)

line 20468: Dead code detected: goto ldv_call_4; (CFACreationUtils.addEdgeToCFA, INFO)

line 20469: Dead code detected: goto ldv_call_4; (CFACreationUtils.addEdgeToCFA, INFO)

line 20470: Dead code detected: goto ldv_call_4; (CFACreationUtils.addEdgeToCFA, INFO)

line 20471: Dead code detected: goto ldv_call_4; (CFACreationUtils.addEdgeToCFA, INFO)

line 20472: Dead code detected: goto ldv_call_4; (CFACreationUtils.addEdgeToCFA, INFO)

line 20473: Dead code detected: goto ldv_call_4; (CFACreationUtils.addEdgeToCFA, INFO)

line 20474: Dead code detected: goto ldv_call_4; (CFACreationUtils.addEdgeToCFA, INFO)

line 20481: Dead code detected: goto ldv_call_4; (CFACreationUtils.addEdgeToCFA, INFO)

line 20482: Dead code detected: goto ldv_call_4; (CFACreationUtils.addEdgeToCFA, INFO)

line 20483: Dead code detected: goto ldv_call_4; (CFACreationUtils.addEdgeToCFA, INFO)

line 20484: Dead code detected: goto ldv_call_4; (CFACreationUtils.addEdgeToCFA, INFO)

line 20485: Dead code detected: goto ldv_call_4; (CFACreationUtils.addEdgeToCFA, INFO)

line 20486: Dead code detected: goto ldv_call_4; (CFACreationUtils.addEdgeToCFA, INFO)

line 20487: Dead code detected: goto ldv_call_4; (CFACreationUtils.addEdgeToCFA, INFO)

line 20488: Dead code detected: goto ldv_call_4; (CFACreationUtils.addEdgeToCFA, INFO)

line 20494: Dead code detected: goto ldv_call_4; (CFACreationUtils.addEdgeToCFA, INFO)

line 20495: Dead code detected: goto ldv_call_4; (CFACreationUtils.addEdgeToCFA, INFO)

line 20496: Dead code detected: goto ldv_call_4; (CFACreationUtils.addEdgeToCFA, INFO)

line 20497: Dead code detected: goto ldv_call_4; (CFACreationUtils.addEdgeToCFA, INFO)

line 20498: Dead code detected: goto ldv_call_4; (CFACreationUtils.addEdgeToCFA, INFO)

line 20499: Dead code detected: goto ldv_call_4; (CFACreationUtils.addEdgeToCFA, INFO)

line 20500: Dead code detected: goto ldv_call_4; (CFACreationUtils.addEdgeToCFA, INFO)

line 20501: Dead code detected: goto ldv_call_4; (CFACreationUtils.addEdgeToCFA, INFO)

line 20502: Dead code detected: goto ldv_call_4; (CFACreationUtils.addEdgeToCFA, INFO)

line 20509: Dead code detected: goto ldv_call_4; (CFACreationUtils.addEdgeToCFA, INFO)

line 20510: Dead code detected: goto ldv_call_4; (CFACreationUtils.addEdgeToCFA, INFO)

line 20511: Dead code detected: goto ldv_call_4; (CFACreationUtils.addEdgeToCFA, INFO)

line 20512: Dead code detected: goto ldv_call_4; (CFACreationUtils.addEdgeToCFA, INFO)

line 20513: Dead code detected: goto ldv_call_4; (CFACreationUtils.addEdgeToCFA, INFO)

line 20514: Dead code detected: goto ldv_call_4; (CFACreationUtils.addEdgeToCFA, INFO)

line 20515: Dead code detected: goto ldv_call_4; (CFACreationUtils.addEdgeToCFA, INFO)

line 20516: Dead code detected: goto ldv_call_4; (CFACreationUtils.addEdgeToCFA, INFO)

line 20517: Dead code detected: goto ldv_call_4; (CFACreationUtils.addEdgeToCFA, INFO)

line 20518: Dead code detected: goto ldv_call_4; (CFACreationUtils.addEdgeToCFA, INFO)

line 20525: Dead code detected: goto ldv_call_4; (CFACreationUtils.addEdgeToCFA, INFO)

line 20526: Dead code detected: goto ldv_call_4; (CFACreationUtils.addEdgeToCFA, INFO)

line 20527: Dead code detected: goto ldv_call_4; (CFACreationUtils.addEdgeToCFA, INFO)

line 20528: Dead code detected: goto ldv_call_4; (CFACreationUtils.addEdgeToCFA, INFO)

line 20529: Dead code detected: goto ldv_call_4; (CFACreationUtils.addEdgeToCFA, INFO)

line 20530: Dead code detected: goto ldv_call_4; (CFACreationUtils.addEdgeToCFA, INFO)

line 20531: Dead code detected: goto ldv_call_4; (CFACreationUtils.addEdgeToCFA, INFO)

line 20532: Dead code detected: goto ldv_call_4; (CFACreationUtils.addEdgeToCFA, INFO)

line 20533: Dead code detected: goto ldv_call_4; (CFACreationUtils.addEdgeToCFA, INFO)

line 20534: Dead code detected: goto ldv_call_4; (CFACreationUtils.addEdgeToCFA, INFO)

line 20535: Dead code detected: goto ldv_call_4; (CFACreationUtils.addEdgeToCFA, INFO)

line 20541: Dead code detected: goto ldv_call_4; (CFACreationUtils.addEdgeToCFA, INFO)

line 20542: Dead code detected: goto ldv_call_4; (CFACreationUtils.addEdgeToCFA, INFO)

line 20543: Dead code detected: goto ldv_call_4; (CFACreationUtils.addEdgeToCFA, INFO)

line 20544: Dead code detected: goto ldv_call_4; (CFACreationUtils.addEdgeToCFA, INFO)

line 20545: Dead code detected: goto ldv_call_4; (CFACreationUtils.addEdgeToCFA, INFO)

line 20546: Dead code detected: goto ldv_call_4; (CFACreationUtils.addEdgeToCFA, INFO)

line 20547: Dead code detected: goto ldv_call_4; (CFACreationUtils.addEdgeToCFA, INFO)

line 20548: Dead code detected: goto ldv_call_4; (CFACreationUtils.addEdgeToCFA, INFO)

line 20549: Dead code detected: goto ldv_call_4; (CFACreationUtils.addEdgeToCFA, INFO)

line 20550: Dead code detected: goto ldv_call_4; (CFACreationUtils.addEdgeToCFA, INFO)

line 20551: Dead code detected: goto ldv_call_4; (CFACreationUtils.addEdgeToCFA, INFO)

line 20552: Dead code detected: goto ldv_call_4; (CFACreationUtils.addEdgeToCFA, INFO)

line 20559: Dead code detected: goto ldv_call_4; (CFACreationUtils.addEdgeToCFA, INFO)

line 20560: Dead code detected: goto ldv_call_4; (CFACreationUtils.addEdgeToCFA, INFO)

line 20561: Dead code detected: goto ldv_call_4; (CFACreationUtils.addEdgeToCFA, INFO)

line 20562: Dead code detected: goto ldv_call_4; (CFACreationUtils.addEdgeToCFA, INFO)

line 20563: Dead code detected: goto ldv_call_4; (CFACreationUtils.addEdgeToCFA, INFO)

line 20564: Dead code detected: goto ldv_call_4; (CFACreationUtils.addEdgeToCFA, INFO)

line 20565: Dead code detected: goto ldv_call_4; (CFACreationUtils.addEdgeToCFA, INFO)

line 20566: Dead code detected: goto ldv_call_4; (CFACreationUtils.addEdgeToCFA, INFO)

line 20567: Dead code detected: goto ldv_call_4; (CFACreationUtils.addEdgeToCFA, INFO)

line 20568: Dead code detected: goto ldv_call_4; (CFACreationUtils.addEdgeToCFA, INFO)

line 20569: Dead code detected: goto ldv_call_4; (CFACreationUtils.addEdgeToCFA, INFO)

line 20570: Dead code detected: goto ldv_call_4; (CFACreationUtils.addEdgeToCFA, INFO)

line 20571: Dead code detected: goto ldv_call_4; (CFACreationUtils.addEdgeToCFA, INFO)

line 20578: Dead code detected: goto ldv_call_4; (CFACreationUtils.addEdgeToCFA, INFO)

line 20579: Dead code detected: goto ldv_call_4; (CFACreationUtils.addEdgeToCFA, INFO)

line 20580: Dead code detected: goto ldv_call_4; (CFACreationUtils.addEdgeToCFA, INFO)

line 20581: Dead code detected: goto ldv_call_4; (CFACreationUtils.addEdgeToCFA, INFO)

line 20582: Dead code detected: goto ldv_call_4; (CFACreationUtils.addEdgeToCFA, INFO)

line 20583: Dead code detected: goto ldv_call_4; (CFACreationUtils.addEdgeToCFA, INFO)

line 20584: Dead code detected: goto ldv_call_4; (CFACreationUtils.addEdgeToCFA, INFO)

line 20585: Dead code detected: goto ldv_call_4; (CFACreationUtils.addEdgeToCFA, INFO)

line 20586: Dead code detected: goto ldv_call_4; (CFACreationUtils.addEdgeToCFA, INFO)

line 20587: Dead code detected: goto ldv_call_4; (CFACreationUtils.addEdgeToCFA, INFO)

line 20588: Dead code detected: goto ldv_call_4; (CFACreationUtils.addEdgeToCFA, INFO)

line 20589: Dead code detected: goto ldv_call_4; (CFACreationUtils.addEdgeToCFA, INFO)

line 20590: Dead code detected: goto ldv_call_4; (CFACreationUtils.addEdgeToCFA, INFO)

line 20591: Dead code detected: goto ldv_call_4; (CFACreationUtils.addEdgeToCFA, INFO)

line 20598: Dead code detected: goto ldv_call_4; (CFACreationUtils.addEdgeToCFA, INFO)

line 20599: Dead code detected: goto ldv_call_4; (CFACreationUtils.addEdgeToCFA, INFO)

line 20600: Dead code detected: goto ldv_call_4; (CFACreationUtils.addEdgeToCFA, INFO)

line 20601: Dead code detected: goto ldv_call_4; (CFACreationUtils.addEdgeToCFA, INFO)

line 20602: Dead code detected: goto ldv_call_4; (CFACreationUtils.addEdgeToCFA, INFO)

line 20603: Dead code detected: goto ldv_call_4; (CFACreationUtils.addEdgeToCFA, INFO)

line 20604: Dead code detected: goto ldv_call_4; (CFACreationUtils.addEdgeToCFA, INFO)

line 20605: Dead code detected: goto ldv_call_4; (CFACreationUtils.addEdgeToCFA, INFO)

line 20606: Dead code detected: goto ldv_call_4; (CFACreationUtils.addEdgeToCFA, INFO)

line 20607: Dead code detected: goto ldv_call_4; (CFACreationUtils.addEdgeToCFA, INFO)

line 20608: Dead code detected: goto ldv_call_4; (CFACreationUtils.addEdgeToCFA, INFO)

line 20609: Dead code detected: goto ldv_call_4; (CFACreationUtils.addEdgeToCFA, INFO)

line 20610: Dead code detected: goto ldv_call_4; (CFACreationUtils.addEdgeToCFA, INFO)

line 20611: Dead code detected: goto ldv_call_4; (CFACreationUtils.addEdgeToCFA, INFO)

line 20612: Dead code detected: goto ldv_call_4; (CFACreationUtils.addEdgeToCFA, INFO)

line 20619: Dead code detected: goto ldv_call_4; (CFACreationUtils.addEdgeToCFA, INFO)

line 20620: Dead code detected: goto ldv_call_4; (CFACreationUtils.addEdgeToCFA, INFO)

line 20621: Dead code detected: goto ldv_call_4; (CFACreationUtils.addEdgeToCFA, INFO)

line 20622: Dead code detected: goto ldv_call_4; (CFACreationUtils.addEdgeToCFA, INFO)

line 20623: Dead code detected: goto ldv_call_4; (CFACreationUtils.addEdgeToCFA, INFO)

line 20624: Dead code detected: goto ldv_call_4; (CFACreationUtils.addEdgeToCFA, INFO)

line 20625: Dead code detected: goto ldv_call_4; (CFACreationUtils.addEdgeToCFA, INFO)

line 20626: Dead code detected: goto ldv_call_4; (CFACreationUtils.addEdgeToCFA, INFO)

line 20627: Dead code detected: goto ldv_call_4; (CFACreationUtils.addEdgeToCFA, INFO)

line 20628: Dead code detected: goto ldv_call_4; (CFACreationUtils.addEdgeToCFA, INFO)

line 20629: Dead code detected: goto ldv_call_4; (CFACreationUtils.addEdgeToCFA, INFO)

line 20630: Dead code detected: goto ldv_call_4; (CFACreationUtils.addEdgeToCFA, INFO)

line 20631: Dead code detected: goto ldv_call_4; (CFACreationUtils.addEdgeToCFA, INFO)

line 20632: Dead code detected: goto ldv_call_4; (CFACreationUtils.addEdgeToCFA, INFO)

line 20633: Dead code detected: goto ldv_call_4; (CFACreationUtils.addEdgeToCFA, INFO)

line 20634: Dead code detected: goto ldv_call_4; (CFACreationUtils.addEdgeToCFA, INFO)

line 20642: Dead code detected: goto ldv_call_4; (CFACreationUtils.addEdgeToCFA, INFO)

line 20643: Dead code detected: goto ldv_call_4; (CFACreationUtils.addEdgeToCFA, INFO)

line 20644: Dead code detected: goto ldv_call_4; (CFACreationUtils.addEdgeToCFA, INFO)

line 20645: Dead code detected: goto ldv_call_4; (CFACreationUtils.addEdgeToCFA, INFO)

line 20646: Dead code detected: goto ldv_call_4; (CFACreationUtils.addEdgeToCFA, INFO)

line 20647: Dead code detected: goto ldv_call_4; (CFACreationUtils.addEdgeToCFA, INFO)

line 20648: Dead code detected: goto ldv_call_4; (CFACreationUtils.addEdgeToCFA, INFO)

line 20649: Dead code detected: goto ldv_call_4; (CFACreationUtils.addEdgeToCFA, INFO)

line 20650: Dead code detected: goto ldv_call_4; (CFACreationUtils.addEdgeToCFA, INFO)

line 20651: Dead code detected: goto ldv_call_4; (CFACreationUtils.addEdgeToCFA, INFO)

line 20652: Dead code detected: goto ldv_call_4; (CFACreationUtils.addEdgeToCFA, INFO)

line 20653: Dead code detected: goto ldv_call_4; (CFACreationUtils.addEdgeToCFA, INFO)

line 20654: Dead code detected: goto ldv_call_4; (CFACreationUtils.addEdgeToCFA, INFO)

line 20655: Dead code detected: goto ldv_call_4; (CFACreationUtils.addEdgeToCFA, INFO)

line 20656: Dead code detected: goto ldv_call_4; (CFACreationUtils.addEdgeToCFA, INFO)

line 20657: Dead code detected: goto ldv_call_4; (CFACreationUtils.addEdgeToCFA, INFO)

line 20658: Dead code detected: goto ldv_call_4; (CFACreationUtils.addEdgeToCFA, INFO)

line 20665: Dead code detected: goto ldv_call_4; (CFACreationUtils.addEdgeToCFA, INFO)

line 20666: Dead code detected: goto ldv_call_4; (CFACreationUtils.addEdgeToCFA, INFO)

line 20667: Dead code detected: goto ldv_call_4; (CFACreationUtils.addEdgeToCFA, INFO)

line 20668: Dead code detected: goto ldv_call_4; (CFACreationUtils.addEdgeToCFA, INFO)

line 20669: Dead code detected: goto ldv_call_4; (CFACreationUtils.addEdgeToCFA, INFO)

line 20670: Dead code detected: goto ldv_call_4; (CFACreationUtils.addEdgeToCFA, INFO)

line 20671: Dead code detected: goto ldv_call_4; (CFACreationUtils.addEdgeToCFA, INFO)

line 20672: Dead code detected: goto ldv_call_4; (CFACreationUtils.addEdgeToCFA, INFO)

line 20673: Dead code detected: goto ldv_call_4; (CFACreationUtils.addEdgeToCFA, INFO)

line 20674: Dead code detected: goto ldv_call_4; (CFACreationUtils.addEdgeToCFA, INFO)

line 20675: Dead code detected: goto ldv_call_4; (CFACreationUtils.addEdgeToCFA, INFO)

line 20676: Dead code detected: goto ldv_call_4; (CFACreationUtils.addEdgeToCFA, INFO)

line 20677: Dead code detected: goto ldv_call_4; (CFACreationUtils.addEdgeToCFA, INFO)

line 20678: Dead code detected: goto ldv_call_4; (CFACreationUtils.addEdgeToCFA, INFO)

line 20679: Dead code detected: goto ldv_call_4; (CFACreationUtils.addEdgeToCFA, INFO)

line 20680: Dead code detected: goto ldv_call_4; (CFACreationUtils.addEdgeToCFA, INFO)

line 20681: Dead code detected: goto ldv_call_4; (CFACreationUtils.addEdgeToCFA, INFO)

line 20682: Dead code detected: goto ldv_call_4; (CFACreationUtils.addEdgeToCFA, INFO)

line 20689: Dead code detected: goto ldv_call_4; (CFACreationUtils.addEdgeToCFA, INFO)

line 20690: Dead code detected: goto ldv_call_4; (CFACreationUtils.addEdgeToCFA, INFO)

line 20691: Dead code detected: goto ldv_call_4; (CFACreationUtils.addEdgeToCFA, INFO)

line 20692: Dead code detected: goto ldv_call_4; (CFACreationUtils.addEdgeToCFA, INFO)

line 20693: Dead code detected: goto ldv_call_4; (CFACreationUtils.addEdgeToCFA, INFO)

line 20694: Dead code detected: goto ldv_call_4; (CFACreationUtils.addEdgeToCFA, INFO)

line 20695: Dead code detected: goto ldv_call_4; (CFACreationUtils.addEdgeToCFA, INFO)

line 20696: Dead code detected: goto ldv_call_4; (CFACreationUtils.addEdgeToCFA, INFO)

line 20697: Dead code detected: goto ldv_call_4; (CFACreationUtils.addEdgeToCFA, INFO)

line 20698: Dead code detected: goto ldv_call_4; (CFACreationUtils.addEdgeToCFA, INFO)

line 20699: Dead code detected: goto ldv_call_4; (CFACreationUtils.addEdgeToCFA, INFO)

line 20700: Dead code detected: goto ldv_call_4; (CFACreationUtils.addEdgeToCFA, INFO)

line 20701: Dead code detected: goto ldv_call_4; (CFACreationUtils.addEdgeToCFA, INFO)

line 20702: Dead code detected: goto ldv_call_4; (CFACreationUtils.addEdgeToCFA, INFO)

line 20703: Dead code detected: goto ldv_call_4; (CFACreationUtils.addEdgeToCFA, INFO)

line 20704: Dead code detected: goto ldv_call_4; (CFACreationUtils.addEdgeToCFA, INFO)

line 20705: Dead code detected: goto ldv_call_4; (CFACreationUtils.addEdgeToCFA, INFO)

line 20706: Dead code detected: goto ldv_call_4; (CFACreationUtils.addEdgeToCFA, INFO)

line 20707: Dead code detected: goto ldv_call_4; (CFACreationUtils.addEdgeToCFA, INFO)

line 20717: Dead code detected: goto ldv_call_4; (CFACreationUtils.addEdgeToCFA, INFO)

line 20718: Dead code detected: goto ldv_call_4; (CFACreationUtils.addEdgeToCFA, INFO)

line 20719: Dead code detected: goto ldv_call_4; (CFACreationUtils.addEdgeToCFA, INFO)

line 20720: Dead code detected: goto ldv_call_4; (CFACreationUtils.addEdgeToCFA, INFO)

line 20721: Dead code detected: goto ldv_call_4; (CFACreationUtils.addEdgeToCFA, INFO)

line 20722: Dead code detected: goto ldv_call_4; (CFACreationUtils.addEdgeToCFA, INFO)

line 20723: Dead code detected: goto ldv_call_4; (CFACreationUtils.addEdgeToCFA, INFO)

line 20724: Dead code detected: goto ldv_call_4; (CFACreationUtils.addEdgeToCFA, INFO)

line 20725: Dead code detected: goto ldv_call_4; (CFACreationUtils.addEdgeToCFA, INFO)

line 20726: Dead code detected: goto ldv_call_4; (CFACreationUtils.addEdgeToCFA, INFO)

line 20727: Dead code detected: goto ldv_call_4; (CFACreationUtils.addEdgeToCFA, INFO)

line 20728: Dead code detected: goto ldv_call_4; (CFACreationUtils.addEdgeToCFA, INFO)

line 20729: Dead code detected: goto ldv_call_4; (CFACreationUtils.addEdgeToCFA, INFO)

line 20730: Dead code detected: goto ldv_call_4; (CFACreationUtils.addEdgeToCFA, INFO)

line 20731: Dead code detected: goto ldv_call_4; (CFACreationUtils.addEdgeToCFA, INFO)

line 20732: Dead code detected: goto ldv_call_4; (CFACreationUtils.addEdgeToCFA, INFO)

line 20733: Dead code detected: goto ldv_call_4; (CFACreationUtils.addEdgeToCFA, INFO)

line 20734: Dead code detected: goto ldv_call_4; (CFACreationUtils.addEdgeToCFA, INFO)

line 20735: Dead code detected: goto ldv_call_4; (CFACreationUtils.addEdgeToCFA, INFO)

line 20736: Dead code detected: goto ldv_call_4; (CFACreationUtils.addEdgeToCFA, INFO)

line 20743: Dead code detected: goto ldv_call_4; (CFACreationUtils.addEdgeToCFA, INFO)

line 20744: Dead code detected: goto ldv_call_4; (CFACreationUtils.addEdgeToCFA, INFO)

line 20745: Dead code detected: goto ldv_call_4; (CFACreationUtils.addEdgeToCFA, INFO)

line 20746: Dead code detected: goto ldv_call_4; (CFACreationUtils.addEdgeToCFA, INFO)

line 20747: Dead code detected: goto ldv_call_4; (CFACreationUtils.addEdgeToCFA, INFO)

line 20748: Dead code detected: goto ldv_call_4; (CFACreationUtils.addEdgeToCFA, INFO)

line 20749: Dead code detected: goto ldv_call_4; (CFACreationUtils.addEdgeToCFA, INFO)

line 20750: Dead code detected: goto ldv_call_4; (CFACreationUtils.addEdgeToCFA, INFO)

line 20751: Dead code detected: goto ldv_call_4; (CFACreationUtils.addEdgeToCFA, INFO)

line 20752: Dead code detected: goto ldv_call_4; (CFACreationUtils.addEdgeToCFA, INFO)

line 20753: Dead code detected: goto ldv_call_4; (CFACreationUtils.addEdgeToCFA, INFO)

line 20754: Dead code detected: goto ldv_call_4; (CFACreationUtils.addEdgeToCFA, INFO)

line 20755: Dead code detected: goto ldv_call_4; (CFACreationUtils.addEdgeToCFA, INFO)

line 20756: Dead code detected: goto ldv_call_4; (CFACreationUtils.addEdgeToCFA, INFO)

line 20757: Dead code detected: goto ldv_call_4; (CFACreationUtils.addEdgeToCFA, INFO)

line 20758: Dead code detected: goto ldv_call_4; (CFACreationUtils.addEdgeToCFA, INFO)

line 20759: Dead code detected: goto ldv_call_4; (CFACreationUtils.addEdgeToCFA, INFO)

line 20760: Dead code detected: goto ldv_call_4; (CFACreationUtils.addEdgeToCFA, INFO)

line 20761: Dead code detected: goto ldv_call_4; (CFACreationUtils.addEdgeToCFA, INFO)

line 20762: Dead code detected: goto ldv_call_4; (CFACreationUtils.addEdgeToCFA, INFO)

line 20763: Dead code detected: goto ldv_call_4; (CFACreationUtils.addEdgeToCFA, INFO)

line 20770: Dead code detected: goto ldv_call_4; (CFACreationUtils.addEdgeToCFA, INFO)

line 20771: Dead code detected: goto ldv_call_4; (CFACreationUtils.addEdgeToCFA, INFO)

line 20772: Dead code detected: goto ldv_call_4; (CFACreationUtils.addEdgeToCFA, INFO)

line 20773: Dead code detected: goto ldv_call_4; (CFACreationUtils.addEdgeToCFA, INFO)

line 20774: Dead code detected: goto ldv_call_4; (CFACreationUtils.addEdgeToCFA, INFO)

line 20775: Dead code detected: goto ldv_call_4; (CFACreationUtils.addEdgeToCFA, INFO)

line 20776: Dead code detected: goto ldv_call_4; (CFACreationUtils.addEdgeToCFA, INFO)

line 20777: Dead code detected: goto ldv_call_4; (CFACreationUtils.addEdgeToCFA, INFO)

line 20778: Dead code detected: goto ldv_call_4; (CFACreationUtils.addEdgeToCFA, INFO)

line 20779: Dead code detected: goto ldv_call_4; (CFACreationUtils.addEdgeToCFA, INFO)

line 20780: Dead code detected: goto ldv_call_4; (CFACreationUtils.addEdgeToCFA, INFO)

line 20781: Dead code detected: goto ldv_call_4; (CFACreationUtils.addEdgeToCFA, INFO)

line 20782: Dead code detected: goto ldv_call_4; (CFACreationUtils.addEdgeToCFA, INFO)

line 20783: Dead code detected: goto ldv_call_4; (CFACreationUtils.addEdgeToCFA, INFO)

line 20784: Dead code detected: goto ldv_call_4; (CFACreationUtils.addEdgeToCFA, INFO)

line 20785: Dead code detected: goto ldv_call_4; (CFACreationUtils.addEdgeToCFA, INFO)

line 20786: Dead code detected: goto ldv_call_4; (CFACreationUtils.addEdgeToCFA, INFO)

line 20787: Dead code detected: goto ldv_call_4; (CFACreationUtils.addEdgeToCFA, INFO)

line 20788: Dead code detected: goto ldv_call_4; (CFACreationUtils.addEdgeToCFA, INFO)

line 20789: Dead code detected: goto ldv_call_4; (CFACreationUtils.addEdgeToCFA, INFO)

line 20790: Dead code detected: goto ldv_call_4; (CFACreationUtils.addEdgeToCFA, INFO)

line 20791: Dead code detected: goto ldv_call_4; (CFACreationUtils.addEdgeToCFA, INFO)

line 20802: Dead code detected: goto ldv_call_4; (CFACreationUtils.addEdgeToCFA, INFO)

line 20803: Dead code detected: goto ldv_call_4; (CFACreationUtils.addEdgeToCFA, INFO)

line 20804: Dead code detected: goto ldv_call_4; (CFACreationUtils.addEdgeToCFA, INFO)

line 20805: Dead code detected: goto ldv_call_4; (CFACreationUtils.addEdgeToCFA, INFO)

line 20806: Dead code detected: goto ldv_call_4; (CFACreationUtils.addEdgeToCFA, INFO)

line 20807: Dead code detected: goto ldv_call_4; (CFACreationUtils.addEdgeToCFA, INFO)

line 20808: Dead code detected: goto ldv_call_4; (CFACreationUtils.addEdgeToCFA, INFO)

line 20809: Dead code detected: goto ldv_call_4; (CFACreationUtils.addEdgeToCFA, INFO)

line 20810: Dead code detected: goto ldv_call_4; (CFACreationUtils.addEdgeToCFA, INFO)

line 20811: Dead code detected: goto ldv_call_4; (CFACreationUtils.addEdgeToCFA, INFO)

line 20812: Dead code detected: goto ldv_call_4; (CFACreationUtils.addEdgeToCFA, INFO)

line 20813: Dead code detected: goto ldv_call_4; (CFACreationUtils.addEdgeToCFA, INFO)

line 20814: Dead code detected: goto ldv_call_4; (CFACreationUtils.addEdgeToCFA, INFO)

line 20815: Dead code detected: goto ldv_call_4; (CFACreationUtils.addEdgeToCFA, INFO)

line 20816: Dead code detected: goto ldv_call_4; (CFACreationUtils.addEdgeToCFA, INFO)

line 20817: Dead code detected: goto ldv_call_4; (CFACreationUtils.addEdgeToCFA, INFO)

line 20818: Dead code detected: goto ldv_call_4; (CFACreationUtils.addEdgeToCFA, INFO)

line 20819: Dead code detected: goto ldv_call_4; (CFACreationUtils.addEdgeToCFA, INFO)

line 20820: Dead code detected: goto ldv_call_4; (CFACreationUtils.addEdgeToCFA, INFO)

line 20821: Dead code detected: goto ldv_call_4; (CFACreationUtils.addEdgeToCFA, INFO)

line 20822: Dead code detected: goto ldv_call_4; (CFACreationUtils.addEdgeToCFA, INFO)

line 20823: Dead code detected: goto ldv_call_4; (CFACreationUtils.addEdgeToCFA, INFO)

line 20824: Dead code detected: goto ldv_call_4; (CFACreationUtils.addEdgeToCFA, INFO)

line 20831: Dead code detected: goto ldv_call_4; (CFACreationUtils.addEdgeToCFA, INFO)

line 20832: Dead code detected: goto ldv_call_4; (CFACreationUtils.addEdgeToCFA, INFO)

line 20833: Dead code detected: goto ldv_call_4; (CFACreationUtils.addEdgeToCFA, INFO)

line 20834: Dead code detected: goto ldv_call_4; (CFACreationUtils.addEdgeToCFA, INFO)

line 20835: Dead code detected: goto ldv_call_4; (CFACreationUtils.addEdgeToCFA, INFO)

line 20836: Dead code detected: goto ldv_call_4; (CFACreationUtils.addEdgeToCFA, INFO)

line 20837: Dead code detected: goto ldv_call_4; (CFACreationUtils.addEdgeToCFA, INFO)

line 20838: Dead code detected: goto ldv_call_4; (CFACreationUtils.addEdgeToCFA, INFO)

line 20839: Dead code detected: goto ldv_call_4; (CFACreationUtils.addEdgeToCFA, INFO)

line 20840: Dead code detected: goto ldv_call_4; (CFACreationUtils.addEdgeToCFA, INFO)

line 20841: Dead code detected: goto ldv_call_4; (CFACreationUtils.addEdgeToCFA, INFO)

line 20842: Dead code detected: goto ldv_call_4; (CFACreationUtils.addEdgeToCFA, INFO)

line 20843: Dead code detected: goto ldv_call_4; (CFACreationUtils.addEdgeToCFA, INFO)

line 20844: Dead code detected: goto ldv_call_4; (CFACreationUtils.addEdgeToCFA, INFO)

line 20845: Dead code detected: goto ldv_call_4; (CFACreationUtils.addEdgeToCFA, INFO)

line 20846: Dead code detected: goto ldv_call_4; (CFACreationUtils.addEdgeToCFA, INFO)

line 20847: Dead code detected: goto ldv_call_4; (CFACreationUtils.addEdgeToCFA, INFO)

line 20848: Dead code detected: goto ldv_call_4; (CFACreationUtils.addEdgeToCFA, INFO)

line 20849: Dead code detected: goto ldv_call_4; (CFACreationUtils.addEdgeToCFA, INFO)

line 20850: Dead code detected: goto ldv_call_4; (CFACreationUtils.addEdgeToCFA, INFO)

line 20851: Dead code detected: goto ldv_call_4; (CFACreationUtils.addEdgeToCFA, INFO)

line 20852: Dead code detected: goto ldv_call_4; (CFACreationUtils.addEdgeToCFA, INFO)

line 20853: Dead code detected: goto ldv_call_4; (CFACreationUtils.addEdgeToCFA, INFO)

line 20854: Dead code detected: goto ldv_call_4; (CFACreationUtils.addEdgeToCFA, INFO)

line 20864: Dead code detected: goto ldv_call_4; (CFACreationUtils.addEdgeToCFA, INFO)

line 20865: Dead code detected: goto ldv_call_4; (CFACreationUtils.addEdgeToCFA, INFO)

line 20866: Dead code detected: goto ldv_call_4; (CFACreationUtils.addEdgeToCFA, INFO)

line 20867: Dead code detected: goto ldv_call_4; (CFACreationUtils.addEdgeToCFA, INFO)

line 20868: Dead code detected: goto ldv_call_4; (CFACreationUtils.addEdgeToCFA, INFO)

line 20869: Dead code detected: goto ldv_call_4; (CFACreationUtils.addEdgeToCFA, INFO)

line 20870: Dead code detected: goto ldv_call_4; (CFACreationUtils.addEdgeToCFA, INFO)

line 20871: Dead code detected: goto ldv_call_4; (CFACreationUtils.addEdgeToCFA, INFO)

line 20872: Dead code detected: goto ldv_call_4; (CFACreationUtils.addEdgeToCFA, INFO)

line 20873: Dead code detected: goto ldv_call_4; (CFACreationUtils.addEdgeToCFA, INFO)

line 20874: Dead code detected: goto ldv_call_4; (CFACreationUtils.addEdgeToCFA, INFO)

line 20875: Dead code detected: goto ldv_call_4; (CFACreationUtils.addEdgeToCFA, INFO)

line 20876: Dead code detected: goto ldv_call_4; (CFACreationUtils.addEdgeToCFA, INFO)

line 20877: Dead code detected: goto ldv_call_4; (CFACreationUtils.addEdgeToCFA, INFO)

line 20878: Dead code detected: goto ldv_call_4; (CFACreationUtils.addEdgeToCFA, INFO)

line 20879: Dead code detected: goto ldv_call_4; (CFACreationUtils.addEdgeToCFA, INFO)

line 20880: Dead code detected: goto ldv_call_4; (CFACreationUtils.addEdgeToCFA, INFO)

line 20881: Dead code detected: goto ldv_call_4; (CFACreationUtils.addEdgeToCFA, INFO)

line 20882: Dead code detected: goto ldv_call_4; (CFACreationUtils.addEdgeToCFA, INFO)

line 20883: Dead code detected: goto ldv_call_4; (CFACreationUtils.addEdgeToCFA, INFO)

line 20884: Dead code detected: goto ldv_call_4; (CFACreationUtils.addEdgeToCFA, INFO)

line 20885: Dead code detected: goto ldv_call_4; (CFACreationUtils.addEdgeToCFA, INFO)

line 20886: Dead code detected: goto ldv_call_4; (CFACreationUtils.addEdgeToCFA, INFO)

line 20887: Dead code detected: goto ldv_call_4; (CFACreationUtils.addEdgeToCFA, INFO)

line 20888: Dead code detected: goto ldv_call_4; (CFACreationUtils.addEdgeToCFA, INFO)

line 20895: Dead code detected: goto ldv_call_4; (CFACreationUtils.addEdgeToCFA, INFO)

line 20896: Dead code detected: goto ldv_call_4; (CFACreationUtils.addEdgeToCFA, INFO)

line 20897: Dead code detected: goto ldv_call_4; (CFACreationUtils.addEdgeToCFA, INFO)

line 20898: Dead code detected: goto ldv_call_4; (CFACreationUtils.addEdgeToCFA, INFO)

line 20899: Dead code detected: goto ldv_call_4; (CFACreationUtils.addEdgeToCFA, INFO)

line 20900: Dead code detected: goto ldv_call_4; (CFACreationUtils.addEdgeToCFA, INFO)

line 20901: Dead code detected: goto ldv_call_4; (CFACreationUtils.addEdgeToCFA, INFO)

line 20902: Dead code detected: goto ldv_call_4; (CFACreationUtils.addEdgeToCFA, INFO)

line 20903: Dead code detected: goto ldv_call_4; (CFACreationUtils.addEdgeToCFA, INFO)

line 20904: Dead code detected: goto ldv_call_4; (CFACreationUtils.addEdgeToCFA, INFO)

line 20905: Dead code detected: goto ldv_call_4; (CFACreationUtils.addEdgeToCFA, INFO)

line 20906: Dead code detected: goto ldv_call_4; (CFACreationUtils.addEdgeToCFA, INFO)

line 20907: Dead code detected: goto ldv_call_4; (CFACreationUtils.addEdgeToCFA, INFO)

line 20908: Dead code detected: goto ldv_call_4; (CFACreationUtils.addEdgeToCFA, INFO)

line 20909: Dead code detected: goto ldv_call_4; (CFACreationUtils.addEdgeToCFA, INFO)

line 20910: Dead code detected: goto ldv_call_4; (CFACreationUtils.addEdgeToCFA, INFO)

line 20911: Dead code detected: goto ldv_call_4; (CFACreationUtils.addEdgeToCFA, INFO)

line 20912: Dead code detected: goto ldv_call_4; (CFACreationUtils.addEdgeToCFA, INFO)

line 20913: Dead code detected: goto ldv_call_4; (CFACreationUtils.addEdgeToCFA, INFO)

line 20914: Dead code detected: goto ldv_call_4; (CFACreationUtils.addEdgeToCFA, INFO)

line 20915: Dead code detected: goto ldv_call_4; (CFACreationUtils.addEdgeToCFA, INFO)

line 20916: Dead code detected: goto ldv_call_4; (CFACreationUtils.addEdgeToCFA, INFO)

line 20917: Dead code detected: goto ldv_call_4; (CFACreationUtils.addEdgeToCFA, INFO)

line 20918: Dead code detected: goto ldv_call_4; (CFACreationUtils.addEdgeToCFA, INFO)

line 20919: Dead code detected: goto ldv_call_4; (CFACreationUtils.addEdgeToCFA, INFO)

line 20920: Dead code detected: goto ldv_call_4; (CFACreationUtils.addEdgeToCFA, INFO)

line 20926: Dead code detected: goto ldv_call_4; (CFACreationUtils.addEdgeToCFA, INFO)

line 20927: Dead code detected: goto ldv_call_4; (CFACreationUtils.addEdgeToCFA, INFO)

line 20928: Dead code detected: goto ldv_call_4; (CFACreationUtils.addEdgeToCFA, INFO)

line 20929: Dead code detected: goto ldv_call_4; (CFACreationUtils.addEdgeToCFA, INFO)

line 20930: Dead code detected: goto ldv_call_4; (CFACreationUtils.addEdgeToCFA, INFO)

line 20931: Dead code detected: goto ldv_call_4; (CFACreationUtils.addEdgeToCFA, INFO)

line 20932: Dead code detected: goto ldv_call_4; (CFACreationUtils.addEdgeToCFA, INFO)

line 20933: Dead code detected: goto ldv_call_4; (CFACreationUtils.addEdgeToCFA, INFO)

line 20934: Dead code detected: goto ldv_call_4; (CFACreationUtils.addEdgeToCFA, INFO)

line 20935: Dead code detected: goto ldv_call_4; (CFACreationUtils.addEdgeToCFA, INFO)

line 20936: Dead code detected: goto ldv_call_4; (CFACreationUtils.addEdgeToCFA, INFO)

line 20937: Dead code detected: goto ldv_call_4; (CFACreationUtils.addEdgeToCFA, INFO)

line 20938: Dead code detected: goto ldv_call_4; (CFACreationUtils.addEdgeToCFA, INFO)

line 20939: Dead code detected: goto ldv_call_4; (CFACreationUtils.addEdgeToCFA, INFO)

line 20940: Dead code detected: goto ldv_call_4; (CFACreationUtils.addEdgeToCFA, INFO)

line 20941: Dead code detected: goto ldv_call_4; (CFACreationUtils.addEdgeToCFA, INFO)

line 20942: Dead code detected: goto ldv_call_4; (CFACreationUtils.addEdgeToCFA, INFO)

line 20943: Dead code detected: goto ldv_call_4; (CFACreationUtils.addEdgeToCFA, INFO)

line 20944: Dead code detected: goto ldv_call_4; (CFACreationUtils.addEdgeToCFA, INFO)

line 20945: Dead code detected: goto ldv_call_4; (CFACreationUtils.addEdgeToCFA, INFO)

line 20946: Dead code detected: goto ldv_call_4; (CFACreationUtils.addEdgeToCFA, INFO)

line 20947: Dead code detected: goto ldv_call_4; (CFACreationUtils.addEdgeToCFA, INFO)

line 20948: Dead code detected: goto ldv_call_4; (CFACreationUtils.addEdgeToCFA, INFO)

line 20949: Dead code detected: goto ldv_call_4; (CFACreationUtils.addEdgeToCFA, INFO)

line 20950: Dead code detected: goto ldv_call_4; (CFACreationUtils.addEdgeToCFA, INFO)

line 20951: Dead code detected: goto ldv_call_4; (CFACreationUtils.addEdgeToCFA, INFO)

line 20952: Dead code detected: goto ldv_call_4; (CFACreationUtils.addEdgeToCFA, INFO)

line 20960: Dead code detected: goto ldv_call_4; (CFACreationUtils.addEdgeToCFA, INFO)

line 20961: Dead code detected: goto ldv_call_4; (CFACreationUtils.addEdgeToCFA, INFO)

line 20962: Dead code detected: goto ldv_call_4; (CFACreationUtils.addEdgeToCFA, INFO)

line 20963: Dead code detected: goto ldv_call_4; (CFACreationUtils.addEdgeToCFA, INFO)

line 20964: Dead code detected: goto ldv_call_4; (CFACreationUtils.addEdgeToCFA, INFO)

line 20965: Dead code detected: goto ldv_call_4; (CFACreationUtils.addEdgeToCFA, INFO)

line 20966: Dead code detected: goto ldv_call_4; (CFACreationUtils.addEdgeToCFA, INFO)

line 20967: Dead code detected: goto ldv_call_4; (CFACreationUtils.addEdgeToCFA, INFO)

line 20968: Dead code detected: goto ldv_call_4; (CFACreationUtils.addEdgeToCFA, INFO)

line 20969: Dead code detected: goto ldv_call_4; (CFACreationUtils.addEdgeToCFA, INFO)

line 20970: Dead code detected: goto ldv_call_4; (CFACreationUtils.addEdgeToCFA, INFO)

line 20971: Dead code detected: goto ldv_call_4; (CFACreationUtils.addEdgeToCFA, INFO)

line 20972: Dead code detected: goto ldv_call_4; (CFACreationUtils.addEdgeToCFA, INFO)

line 20973: Dead code detected: goto ldv_call_4; (CFACreationUtils.addEdgeToCFA, INFO)

line 20974: Dead code detected: goto ldv_call_4; (CFACreationUtils.addEdgeToCFA, INFO)

line 20975: Dead code detected: goto ldv_call_4; (CFACreationUtils.addEdgeToCFA, INFO)

line 20976: Dead code detected: goto ldv_call_4; (CFACreationUtils.addEdgeToCFA, INFO)

line 20977: Dead code detected: goto ldv_call_4; (CFACreationUtils.addEdgeToCFA, INFO)

line 20978: Dead code detected: goto ldv_call_4; (CFACreationUtils.addEdgeToCFA, INFO)

line 20979: Dead code detected: goto ldv_call_4; (CFACreationUtils.addEdgeToCFA, INFO)

line 20980: Dead code detected: goto ldv_call_4; (CFACreationUtils.addEdgeToCFA, INFO)

line 20981: Dead code detected: goto ldv_call_4; (CFACreationUtils.addEdgeToCFA, INFO)

line 20982: Dead code detected: goto ldv_call_4; (CFACreationUtils.addEdgeToCFA, INFO)

line 20983: Dead code detected: goto ldv_call_4; (CFACreationUtils.addEdgeToCFA, INFO)

line 20984: Dead code detected: goto ldv_call_4; (CFACreationUtils.addEdgeToCFA, INFO)

line 20985: Dead code detected: goto ldv_call_4; (CFACreationUtils.addEdgeToCFA, INFO)

line 20986: Dead code detected: goto ldv_call_4; (CFACreationUtils.addEdgeToCFA, INFO)

line 20987: Dead code detected: goto ldv_call_4; (CFACreationUtils.addEdgeToCFA, INFO)

line 20994: Dead code detected: goto ldv_call_4; (CFACreationUtils.addEdgeToCFA, INFO)

line 20995: Dead code detected: goto ldv_call_4; (CFACreationUtils.addEdgeToCFA, INFO)

line 20996: Dead code detected: goto ldv_call_4; (CFACreationUtils.addEdgeToCFA, INFO)

line 20997: Dead code detected: goto ldv_call_4; (CFACreationUtils.addEdgeToCFA, INFO)

line 20998: Dead code detected: goto ldv_call_4; (CFACreationUtils.addEdgeToCFA, INFO)

line 20999: Dead code detected: goto ldv_call_4; (CFACreationUtils.addEdgeToCFA, INFO)

line 21000: Dead code detected: goto ldv_call_4; (CFACreationUtils.addEdgeToCFA, INFO)

line 21001: Dead code detected: goto ldv_call_4; (CFACreationUtils.addEdgeToCFA, INFO)

line 21002: Dead code detected: goto ldv_call_4; (CFACreationUtils.addEdgeToCFA, INFO)

line 21003: Dead code detected: goto ldv_call_4; (CFACreationUtils.addEdgeToCFA, INFO)

line 21004: Dead code detected: goto ldv_call_4; (CFACreationUtils.addEdgeToCFA, INFO)

line 21005: Dead code detected: goto ldv_call_4; (CFACreationUtils.addEdgeToCFA, INFO)

line 21006: Dead code detected: goto ldv_call_4; (CFACreationUtils.addEdgeToCFA, INFO)

line 21007: Dead code detected: goto ldv_call_4; (CFACreationUtils.addEdgeToCFA, INFO)

line 21008: Dead code detected: goto ldv_call_4; (CFACreationUtils.addEdgeToCFA, INFO)

line 21009: Dead code detected: goto ldv_call_4; (CFACreationUtils.addEdgeToCFA, INFO)

line 21010: Dead code detected: goto ldv_call_4; (CFACreationUtils.addEdgeToCFA, INFO)

line 21011: Dead code detected: goto ldv_call_4; (CFACreationUtils.addEdgeToCFA, INFO)

line 21012: Dead code detected: goto ldv_call_4; (CFACreationUtils.addEdgeToCFA, INFO)

line 21013: Dead code detected: goto ldv_call_4; (CFACreationUtils.addEdgeToCFA, INFO)

line 21014: Dead code detected: goto ldv_call_4; (CFACreationUtils.addEdgeToCFA, INFO)

line 21015: Dead code detected: goto ldv_call_4; (CFACreationUtils.addEdgeToCFA, INFO)

line 21016: Dead code detected: goto ldv_call_4; (CFACreationUtils.addEdgeToCFA, INFO)

line 21017: Dead code detected: goto ldv_call_4; (CFACreationUtils.addEdgeToCFA, INFO)

line 21018: Dead code detected: goto ldv_call_4; (CFACreationUtils.addEdgeToCFA, INFO)

line 21019: Dead code detected: goto ldv_call_4; (CFACreationUtils.addEdgeToCFA, INFO)

line 21020: Dead code detected: goto ldv_call_4; (CFACreationUtils.addEdgeToCFA, INFO)

line 21021: Dead code detected: goto ldv_call_4; (CFACreationUtils.addEdgeToCFA, INFO)

line 21022: Dead code detected: goto ldv_call_4; (CFACreationUtils.addEdgeToCFA, INFO)

line 21028: Dead code detected: goto ldv_call_4; (CFACreationUtils.addEdgeToCFA, INFO)

line 21029: Dead code detected: goto ldv_call_4; (CFACreationUtils.addEdgeToCFA, INFO)

line 21030: Dead code detected: goto ldv_call_4; (CFACreationUtils.addEdgeToCFA, INFO)

line 21031: Dead code detected: goto ldv_call_4; (CFACreationUtils.addEdgeToCFA, INFO)

line 21032: Dead code detected: goto ldv_call_4; (CFACreationUtils.addEdgeToCFA, INFO)

line 21033: Dead code detected: goto ldv_call_4; (CFACreationUtils.addEdgeToCFA, INFO)

line 21034: Dead code detected: goto ldv_call_4; (CFACreationUtils.addEdgeToCFA, INFO)

line 21035: Dead code detected: goto ldv_call_4; (CFACreationUtils.addEdgeToCFA, INFO)

line 21036: Dead code detected: goto ldv_call_4; (CFACreationUtils.addEdgeToCFA, INFO)

line 21037: Dead code detected: goto ldv_call_4; (CFACreationUtils.addEdgeToCFA, INFO)

line 21038: Dead code detected: goto ldv_call_4; (CFACreationUtils.addEdgeToCFA, INFO)

line 21039: Dead code detected: goto ldv_call_4; (CFACreationUtils.addEdgeToCFA, INFO)

line 21040: Dead code detected: goto ldv_call_4; (CFACreationUtils.addEdgeToCFA, INFO)

line 21041: Dead code detected: goto ldv_call_4; (CFACreationUtils.addEdgeToCFA, INFO)

line 21042: Dead code detected: goto ldv_call_4; (CFACreationUtils.addEdgeToCFA, INFO)

line 21043: Dead code detected: goto ldv_call_4; (CFACreationUtils.addEdgeToCFA, INFO)

line 21044: Dead code detected: goto ldv_call_4; (CFACreationUtils.addEdgeToCFA, INFO)

line 21045: Dead code detected: goto ldv_call_4; (CFACreationUtils.addEdgeToCFA, INFO)

line 21046: Dead code detected: goto ldv_call_4; (CFACreationUtils.addEdgeToCFA, INFO)

line 21047: Dead code detected: goto ldv_call_4; (CFACreationUtils.addEdgeToCFA, INFO)

line 21048: Dead code detected: goto ldv_call_4; (CFACreationUtils.addEdgeToCFA, INFO)

line 21049: Dead code detected: goto ldv_call_4; (CFACreationUtils.addEdgeToCFA, INFO)

line 21050: Dead code detected: goto ldv_call_4; (CFACreationUtils.addEdgeToCFA, INFO)

line 21051: Dead code detected: goto ldv_call_4; (CFACreationUtils.addEdgeToCFA, INFO)

line 21052: Dead code detected: goto ldv_call_4; (CFACreationUtils.addEdgeToCFA, INFO)

line 21053: Dead code detected: goto ldv_call_4; (CFACreationUtils.addEdgeToCFA, INFO)

line 21054: Dead code detected: goto ldv_call_4; (CFACreationUtils.addEdgeToCFA, INFO)

line 21055: Dead code detected: goto ldv_call_4; (CFACreationUtils.addEdgeToCFA, INFO)

line 21056: Dead code detected: goto ldv_call_4; (CFACreationUtils.addEdgeToCFA, INFO)

line 21057: Dead code detected: goto ldv_call_4; (CFACreationUtils.addEdgeToCFA, INFO)

line 21063: Dead code detected: goto ldv_call_4; (CFACreationUtils.addEdgeToCFA, INFO)

line 21064: Dead code detected: goto ldv_call_4; (CFACreationUtils.addEdgeToCFA, INFO)

line 21065: Dead code detected: goto ldv_call_4; (CFACreationUtils.addEdgeToCFA, INFO)

line 21066: Dead code detected: goto ldv_call_4; (CFACreationUtils.addEdgeToCFA, INFO)

line 21067: Dead code detected: goto ldv_call_4; (CFACreationUtils.addEdgeToCFA, INFO)

line 21068: Dead code detected: goto ldv_call_4; (CFACreationUtils.addEdgeToCFA, INFO)

line 21069: Dead code detected: goto ldv_call_4; (CFACreationUtils.addEdgeToCFA, INFO)

line 21070: Dead code detected: goto ldv_call_4; (CFACreationUtils.addEdgeToCFA, INFO)

line 21071: Dead code detected: goto ldv_call_4; (CFACreationUtils.addEdgeToCFA, INFO)

line 21072: Dead code detected: goto ldv_call_4; (CFACreationUtils.addEdgeToCFA, INFO)

line 21073: Dead code detected: goto ldv_call_4; (CFACreationUtils.addEdgeToCFA, INFO)

line 21074: Dead code detected: goto ldv_call_4; (CFACreationUtils.addEdgeToCFA, INFO)

line 21075: Dead code detected: goto ldv_call_4; (CFACreationUtils.addEdgeToCFA, INFO)

line 21076: Dead code detected: goto ldv_call_4; (CFACreationUtils.addEdgeToCFA, INFO)

line 21077: Dead code detected: goto ldv_call_4; (CFACreationUtils.addEdgeToCFA, INFO)

line 21078: Dead code detected: goto ldv_call_4; (CFACreationUtils.addEdgeToCFA, INFO)

line 21079: Dead code detected: goto ldv_call_4; (CFACreationUtils.addEdgeToCFA, INFO)

line 21080: Dead code detected: goto ldv_call_4; (CFACreationUtils.addEdgeToCFA, INFO)

line 21081: Dead code detected: goto ldv_call_4; (CFACreationUtils.addEdgeToCFA, INFO)

line 21082: Dead code detected: goto ldv_call_4; (CFACreationUtils.addEdgeToCFA, INFO)

line 21083: Dead code detected: goto ldv_call_4; (CFACreationUtils.addEdgeToCFA, INFO)

line 21084: Dead code detected: goto ldv_call_4; (CFACreationUtils.addEdgeToCFA, INFO)

line 21085: Dead code detected: goto ldv_call_4; (CFACreationUtils.addEdgeToCFA, INFO)

line 21086: Dead code detected: goto ldv_call_4; (CFACreationUtils.addEdgeToCFA, INFO)

line 21087: Dead code detected: goto ldv_call_4; (CFACreationUtils.addEdgeToCFA, INFO)

line 21088: Dead code detected: goto ldv_call_4; (CFACreationUtils.addEdgeToCFA, INFO)

line 21089: Dead code detected: goto ldv_call_4; (CFACreationUtils.addEdgeToCFA, INFO)

line 21090: Dead code detected: goto ldv_call_4; (CFACreationUtils.addEdgeToCFA, INFO)

line 21091: Dead code detected: goto ldv_call_4; (CFACreationUtils.addEdgeToCFA, INFO)

line 21092: Dead code detected: goto ldv_call_4; (CFACreationUtils.addEdgeToCFA, INFO)

line 21093: Dead code detected: goto ldv_call_4; (CFACreationUtils.addEdgeToCFA, INFO)

line 21104: Dead code detected: goto ldv_call_4; (CFACreationUtils.addEdgeToCFA, INFO)

line 21105: Dead code detected: goto ldv_call_4; (CFACreationUtils.addEdgeToCFA, INFO)

line 21106: Dead code detected: goto ldv_call_4; (CFACreationUtils.addEdgeToCFA, INFO)

line 21107: Dead code detected: goto ldv_call_4; (CFACreationUtils.addEdgeToCFA, INFO)

line 21108: Dead code detected: goto ldv_call_4; (CFACreationUtils.addEdgeToCFA, INFO)

line 21109: Dead code detected: goto ldv_call_4; (CFACreationUtils.addEdgeToCFA, INFO)

line 21110: Dead code detected: goto ldv_call_4; (CFACreationUtils.addEdgeToCFA, INFO)

line 21111: Dead code detected: goto ldv_call_4; (CFACreationUtils.addEdgeToCFA, INFO)

line 21112: Dead code detected: goto ldv_call_4; (CFACreationUtils.addEdgeToCFA, INFO)

line 21113: Dead code detected: goto ldv_call_4; (CFACreationUtils.addEdgeToCFA, INFO)

line 21114: Dead code detected: goto ldv_call_4; (CFACreationUtils.addEdgeToCFA, INFO)

line 21115: Dead code detected: goto ldv_call_4; (CFACreationUtils.addEdgeToCFA, INFO)

line 21116: Dead code detected: goto ldv_call_4; (CFACreationUtils.addEdgeToCFA, INFO)

line 21117: Dead code detected: goto ldv_call_4; (CFACreationUtils.addEdgeToCFA, INFO)

line 21118: Dead code detected: goto ldv_call_4; (CFACreationUtils.addEdgeToCFA, INFO)

line 21119: Dead code detected: goto ldv_call_4; (CFACreationUtils.addEdgeToCFA, INFO)

line 21120: Dead code detected: goto ldv_call_4; (CFACreationUtils.addEdgeToCFA, INFO)

line 21121: Dead code detected: goto ldv_call_4; (CFACreationUtils.addEdgeToCFA, INFO)

line 21122: Dead code detected: goto ldv_call_4; (CFACreationUtils.addEdgeToCFA, INFO)

line 21123: Dead code detected: goto ldv_call_4; (CFACreationUtils.addEdgeToCFA, INFO)

line 21124: Dead code detected: goto ldv_call_4; (CFACreationUtils.addEdgeToCFA, INFO)

line 21125: Dead code detected: goto ldv_call_4; (CFACreationUtils.addEdgeToCFA, INFO)

line 21126: Dead code detected: goto ldv_call_4; (CFACreationUtils.addEdgeToCFA, INFO)

line 21127: Dead code detected: goto ldv_call_4; (CFACreationUtils.addEdgeToCFA, INFO)

line 21128: Dead code detected: goto ldv_call_4; (CFACreationUtils.addEdgeToCFA, INFO)

line 21129: Dead code detected: goto ldv_call_4; (CFACreationUtils.addEdgeToCFA, INFO)

line 21130: Dead code detected: goto ldv_call_4; (CFACreationUtils.addEdgeToCFA, INFO)

line 21131: Dead code detected: goto ldv_call_4; (CFACreationUtils.addEdgeToCFA, INFO)

line 21132: Dead code detected: goto ldv_call_4; (CFACreationUtils.addEdgeToCFA, INFO)

line 21133: Dead code detected: goto ldv_call_4; (CFACreationUtils.addEdgeToCFA, INFO)

line 21134: Dead code detected: goto ldv_call_4; (CFACreationUtils.addEdgeToCFA, INFO)

line 21135: Dead code detected: goto ldv_call_4; (CFACreationUtils.addEdgeToCFA, INFO)

line 21141: Dead code detected: goto ldv_call_4; (CFACreationUtils.addEdgeToCFA, INFO)

line 21142: Dead code detected: goto ldv_call_4; (CFACreationUtils.addEdgeToCFA, INFO)

line 21143: Dead code detected: goto ldv_call_4; (CFACreationUtils.addEdgeToCFA, INFO)

line 21144: Dead code detected: goto ldv_call_4; (CFACreationUtils.addEdgeToCFA, INFO)

line 21145: Dead code detected: goto ldv_call_4; (CFACreationUtils.addEdgeToCFA, INFO)

line 21146: Dead code detected: goto ldv_call_4; (CFACreationUtils.addEdgeToCFA, INFO)

line 21147: Dead code detected: goto ldv_call_4; (CFACreationUtils.addEdgeToCFA, INFO)

line 21148: Dead code detected: goto ldv_call_4; (CFACreationUtils.addEdgeToCFA, INFO)

line 21149: Dead code detected: goto ldv_call_4; (CFACreationUtils.addEdgeToCFA, INFO)

line 21150: Dead code detected: goto ldv_call_4; (CFACreationUtils.addEdgeToCFA, INFO)

line 21151: Dead code detected: goto ldv_call_4; (CFACreationUtils.addEdgeToCFA, INFO)

line 21152: Dead code detected: goto ldv_call_4; (CFACreationUtils.addEdgeToCFA, INFO)

line 21153: Dead code detected: goto ldv_call_4; (CFACreationUtils.addEdgeToCFA, INFO)

line 21154: Dead code detected: goto ldv_call_4; (CFACreationUtils.addEdgeToCFA, INFO)

line 21155: Dead code detected: goto ldv_call_4; (CFACreationUtils.addEdgeToCFA, INFO)

line 21156: Dead code detected: goto ldv_call_4; (CFACreationUtils.addEdgeToCFA, INFO)

line 21157: Dead code detected: goto ldv_call_4; (CFACreationUtils.addEdgeToCFA, INFO)

line 21158: Dead code detected: goto ldv_call_4; (CFACreationUtils.addEdgeToCFA, INFO)

line 21159: Dead code detected: goto ldv_call_4; (CFACreationUtils.addEdgeToCFA, INFO)

line 21160: Dead code detected: goto ldv_call_4; (CFACreationUtils.addEdgeToCFA, INFO)

line 21161: Dead code detected: goto ldv_call_4; (CFACreationUtils.addEdgeToCFA, INFO)

line 21162: Dead code detected: goto ldv_call_4; (CFACreationUtils.addEdgeToCFA, INFO)

line 21163: Dead code detected: goto ldv_call_4; (CFACreationUtils.addEdgeToCFA, INFO)

line 21164: Dead code detected: goto ldv_call_4; (CFACreationUtils.addEdgeToCFA, INFO)

line 21165: Dead code detected: goto ldv_call_4; (CFACreationUtils.addEdgeToCFA, INFO)

line 21166: Dead code detected: goto ldv_call_4; (CFACreationUtils.addEdgeToCFA, INFO)

line 21167: Dead code detected: goto ldv_call_4; (CFACreationUtils.addEdgeToCFA, INFO)

line 21168: Dead code detected: goto ldv_call_4; (CFACreationUtils.addEdgeToCFA, INFO)

line 21169: Dead code detected: goto ldv_call_4; (CFACreationUtils.addEdgeToCFA, INFO)

line 21170: Dead code detected: goto ldv_call_4; (CFACreationUtils.addEdgeToCFA, INFO)

line 21171: Dead code detected: goto ldv_call_4; (CFACreationUtils.addEdgeToCFA, INFO)

line 21172: Dead code detected: goto ldv_call_4; (CFACreationUtils.addEdgeToCFA, INFO)

line 21173: Dead code detected: goto ldv_call_4; (CFACreationUtils.addEdgeToCFA, INFO)

line 21184: Dead code detected: goto ldv_call_4; (CFACreationUtils.addEdgeToCFA, INFO)

line 21185: Dead code detected: goto ldv_call_4; (CFACreationUtils.addEdgeToCFA, INFO)

line 21186: Dead code detected: goto ldv_call_4; (CFACreationUtils.addEdgeToCFA, INFO)

line 21187: Dead code detected: goto ldv_call_4; (CFACreationUtils.addEdgeToCFA, INFO)

line 21188: Dead code detected: goto ldv_call_4; (CFACreationUtils.addEdgeToCFA, INFO)

line 21189: Dead code detected: goto ldv_call_4; (CFACreationUtils.addEdgeToCFA, INFO)

line 21190: Dead code detected: goto ldv_call_4; (CFACreationUtils.addEdgeToCFA, INFO)

line 21191: Dead code detected: goto ldv_call_4; (CFACreationUtils.addEdgeToCFA, INFO)

line 21192: Dead code detected: goto ldv_call_4; (CFACreationUtils.addEdgeToCFA, INFO)

line 21193: Dead code detected: goto ldv_call_4; (CFACreationUtils.addEdgeToCFA, INFO)

line 21194: Dead code detected: goto ldv_call_4; (CFACreationUtils.addEdgeToCFA, INFO)

line 21195: Dead code detected: goto ldv_call_4; (CFACreationUtils.addEdgeToCFA, INFO)

line 21196: Dead code detected: goto ldv_call_4; (CFACreationUtils.addEdgeToCFA, INFO)

line 21197: Dead code detected: goto ldv_call_4; (CFACreationUtils.addEdgeToCFA, INFO)

line 21198: Dead code detected: goto ldv_call_4; (CFACreationUtils.addEdgeToCFA, INFO)

line 21199: Dead code detected: goto ldv_call_4; (CFACreationUtils.addEdgeToCFA, INFO)

line 21200: Dead code detected: goto ldv_call_4; (CFACreationUtils.addEdgeToCFA, INFO)

line 21201: Dead code detected: goto ldv_call_4; (CFACreationUtils.addEdgeToCFA, INFO)

line 21202: Dead code detected: goto ldv_call_4; (CFACreationUtils.addEdgeToCFA, INFO)

line 21203: Dead code detected: goto ldv_call_4; (CFACreationUtils.addEdgeToCFA, INFO)

line 21204: Dead code detected: goto ldv_call_4; (CFACreationUtils.addEdgeToCFA, INFO)

line 21205: Dead code detected: goto ldv_call_4; (CFACreationUtils.addEdgeToCFA, INFO)

line 21206: Dead code detected: goto ldv_call_4; (CFACreationUtils.addEdgeToCFA, INFO)

line 21207: Dead code detected: goto ldv_call_4; (CFACreationUtils.addEdgeToCFA, INFO)

line 21208: Dead code detected: goto ldv_call_4; (CFACreationUtils.addEdgeToCFA, INFO)

line 21209: Dead code detected: goto ldv_call_4; (CFACreationUtils.addEdgeToCFA, INFO)

line 21210: Dead code detected: goto ldv_call_4; (CFACreationUtils.addEdgeToCFA, INFO)

line 21211: Dead code detected: goto ldv_call_4; (CFACreationUtils.addEdgeToCFA, INFO)

line 21212: Dead code detected: goto ldv_call_4; (CFACreationUtils.addEdgeToCFA, INFO)

line 21213: Dead code detected: goto ldv_call_4; (CFACreationUtils.addEdgeToCFA, INFO)

line 21214: Dead code detected: goto ldv_call_4; (CFACreationUtils.addEdgeToCFA, INFO)

line 21215: Dead code detected: goto ldv_call_4; (CFACreationUtils.addEdgeToCFA, INFO)

line 21216: Dead code detected: goto ldv_call_4; (CFACreationUtils.addEdgeToCFA, INFO)

line 21217: Dead code detected: goto ldv_call_4; (CFACreationUtils.addEdgeToCFA, INFO)

line 21224: Dead code detected: goto ldv_call_4; (CFACreationUtils.addEdgeToCFA, INFO)

line 21225: Dead code detected: goto ldv_call_4; (CFACreationUtils.addEdgeToCFA, INFO)

line 21226: Dead code detected: goto ldv_call_4; (CFACreationUtils.addEdgeToCFA, INFO)

line 21227: Dead code detected: goto ldv_call_4; (CFACreationUtils.addEdgeToCFA, INFO)

line 21228: Dead code detected: goto ldv_call_4; (CFACreationUtils.addEdgeToCFA, INFO)

line 21229: Dead code detected: goto ldv_call_4; (CFACreationUtils.addEdgeToCFA, INFO)

line 21230: Dead code detected: goto ldv_call_4; (CFACreationUtils.addEdgeToCFA, INFO)

line 21231: Dead code detected: goto ldv_call_4; (CFACreationUtils.addEdgeToCFA, INFO)

line 21232: Dead code detected: goto ldv_call_4; (CFACreationUtils.addEdgeToCFA, INFO)

line 21233: Dead code detected: goto ldv_call_4; (CFACreationUtils.addEdgeToCFA, INFO)

line 21234: Dead code detected: goto ldv_call_4; (CFACreationUtils.addEdgeToCFA, INFO)

line 21235: Dead code detected: goto ldv_call_4; (CFACreationUtils.addEdgeToCFA, INFO)

line 21236: Dead code detected: goto ldv_call_4; (CFACreationUtils.addEdgeToCFA, INFO)

line 21237: Dead code detected: goto ldv_call_4; (CFACreationUtils.addEdgeToCFA, INFO)

line 21238: Dead code detected: goto ldv_call_4; (CFACreationUtils.addEdgeToCFA, INFO)

line 21239: Dead code detected: goto ldv_call_4; (CFACreationUtils.addEdgeToCFA, INFO)

line 21240: Dead code detected: goto ldv_call_4; (CFACreationUtils.addEdgeToCFA, INFO)

line 21241: Dead code detected: goto ldv_call_4; (CFACreationUtils.addEdgeToCFA, INFO)

line 21242: Dead code detected: goto ldv_call_4; (CFACreationUtils.addEdgeToCFA, INFO)

line 21243: Dead code detected: goto ldv_call_4; (CFACreationUtils.addEdgeToCFA, INFO)

line 21244: Dead code detected: goto ldv_call_4; (CFACreationUtils.addEdgeToCFA, INFO)

line 21245: Dead code detected: goto ldv_call_4; (CFACreationUtils.addEdgeToCFA, INFO)

line 21246: Dead code detected: goto ldv_call_4; (CFACreationUtils.addEdgeToCFA, INFO)

line 21247: Dead code detected: goto ldv_call_4; (CFACreationUtils.addEdgeToCFA, INFO)

line 21248: Dead code detected: goto ldv_call_4; (CFACreationUtils.addEdgeToCFA, INFO)

line 21249: Dead code detected: goto ldv_call_4; (CFACreationUtils.addEdgeToCFA, INFO)

line 21250: Dead code detected: goto ldv_call_4; (CFACreationUtils.addEdgeToCFA, INFO)

line 21251: Dead code detected: goto ldv_call_4; (CFACreationUtils.addEdgeToCFA, INFO)

line 21252: Dead code detected: goto ldv_call_4; (CFACreationUtils.addEdgeToCFA, INFO)

line 21253: Dead code detected: goto ldv_call_4; (CFACreationUtils.addEdgeToCFA, INFO)

line 21254: Dead code detected: goto ldv_call_4; (CFACreationUtils.addEdgeToCFA, INFO)

line 21255: Dead code detected: goto ldv_call_4; (CFACreationUtils.addEdgeToCFA, INFO)

line 21256: Dead code detected: goto ldv_call_4; (CFACreationUtils.addEdgeToCFA, INFO)

line 21257: Dead code detected: goto ldv_call_4; (CFACreationUtils.addEdgeToCFA, INFO)

line 21258: Dead code detected: goto ldv_call_4; (CFACreationUtils.addEdgeToCFA, INFO)

line 21265: Dead code detected: goto ldv_call_4; (CFACreationUtils.addEdgeToCFA, INFO)

line 21266: Dead code detected: goto ldv_call_4; (CFACreationUtils.addEdgeToCFA, INFO)

line 21267: Dead code detected: goto ldv_call_4; (CFACreationUtils.addEdgeToCFA, INFO)

line 21268: Dead code detected: goto ldv_call_4; (CFACreationUtils.addEdgeToCFA, INFO)

line 21269: Dead code detected: goto ldv_call_4; (CFACreationUtils.addEdgeToCFA, INFO)

line 21270: Dead code detected: goto ldv_call_4; (CFACreationUtils.addEdgeToCFA, INFO)

line 21271: Dead code detected: goto ldv_call_4; (CFACreationUtils.addEdgeToCFA, INFO)

line 21272: Dead code detected: goto ldv_call_4; (CFACreationUtils.addEdgeToCFA, INFO)

line 21273: Dead code detected: goto ldv_call_4; (CFACreationUtils.addEdgeToCFA, INFO)

line 21274: Dead code detected: goto ldv_call_4; (CFACreationUtils.addEdgeToCFA, INFO)

line 21275: Dead code detected: goto ldv_call_4; (CFACreationUtils.addEdgeToCFA, INFO)

line 21276: Dead code detected: goto ldv_call_4; (CFACreationUtils.addEdgeToCFA, INFO)

line 21277: Dead code detected: goto ldv_call_4; (CFACreationUtils.addEdgeToCFA, INFO)

line 21278: Dead code detected: goto ldv_call_4; (CFACreationUtils.addEdgeToCFA, INFO)

line 21279: Dead code detected: goto ldv_call_4; (CFACreationUtils.addEdgeToCFA, INFO)

line 21280: Dead code detected: goto ldv_call_4; (CFACreationUtils.addEdgeToCFA, INFO)

line 21281: Dead code detected: goto ldv_call_4; (CFACreationUtils.addEdgeToCFA, INFO)

line 21282: Dead code detected: goto ldv_call_4; (CFACreationUtils.addEdgeToCFA, INFO)

line 21283: Dead code detected: goto ldv_call_4; (CFACreationUtils.addEdgeToCFA, INFO)

line 21284: Dead code detected: goto ldv_call_4; (CFACreationUtils.addEdgeToCFA, INFO)

line 21285: Dead code detected: goto ldv_call_4; (CFACreationUtils.addEdgeToCFA, INFO)

line 21286: Dead code detected: goto ldv_call_4; (CFACreationUtils.addEdgeToCFA, INFO)

line 21287: Dead code detected: goto ldv_call_4; (CFACreationUtils.addEdgeToCFA, INFO)

line 21288: Dead code detected: goto ldv_call_4; (CFACreationUtils.addEdgeToCFA, INFO)

line 21289: Dead code detected: goto ldv_call_4; (CFACreationUtils.addEdgeToCFA, INFO)

line 21290: Dead code detected: goto ldv_call_4; (CFACreationUtils.addEdgeToCFA, INFO)

line 21291: Dead code detected: goto ldv_call_4; (CFACreationUtils.addEdgeToCFA, INFO)

line 21292: Dead code detected: goto ldv_call_4; (CFACreationUtils.addEdgeToCFA, INFO)

line 21293: Dead code detected: goto ldv_call_4; (CFACreationUtils.addEdgeToCFA, INFO)

line 21294: Dead code detected: goto ldv_call_4; (CFACreationUtils.addEdgeToCFA, INFO)

line 21295: Dead code detected: goto ldv_call_4; (CFACreationUtils.addEdgeToCFA, INFO)

line 21296: Dead code detected: goto ldv_call_4; (CFACreationUtils.addEdgeToCFA, INFO)

line 21297: Dead code detected: goto ldv_call_4; (CFACreationUtils.addEdgeToCFA, INFO)

line 21298: Dead code detected: goto ldv_call_4; (CFACreationUtils.addEdgeToCFA, INFO)

line 21299: Dead code detected: goto ldv_call_4; (CFACreationUtils.addEdgeToCFA, INFO)

line 21300: Dead code detected: goto ldv_call_4; (CFACreationUtils.addEdgeToCFA, INFO)

line 21307: Dead code detected: goto ldv_call_4; (CFACreationUtils.addEdgeToCFA, INFO)

line 21308: Dead code detected: goto ldv_call_4; (CFACreationUtils.addEdgeToCFA, INFO)

line 21309: Dead code detected: goto ldv_call_4; (CFACreationUtils.addEdgeToCFA, INFO)

line 21310: Dead code detected: goto ldv_call_4; (CFACreationUtils.addEdgeToCFA, INFO)

line 21311: Dead code detected: goto ldv_call_4; (CFACreationUtils.addEdgeToCFA, INFO)

line 21312: Dead code detected: goto ldv_call_4; (CFACreationUtils.addEdgeToCFA, INFO)

line 21313: Dead code detected: goto ldv_call_4; (CFACreationUtils.addEdgeToCFA, INFO)

line 21314: Dead code detected: goto ldv_call_4; (CFACreationUtils.addEdgeToCFA, INFO)

line 21315: Dead code detected: goto ldv_call_4; (CFACreationUtils.addEdgeToCFA, INFO)

line 21316: Dead code detected: goto ldv_call_4; (CFACreationUtils.addEdgeToCFA, INFO)

line 21317: Dead code detected: goto ldv_call_4; (CFACreationUtils.addEdgeToCFA, INFO)

line 21318: Dead code detected: goto ldv_call_4; (CFACreationUtils.addEdgeToCFA, INFO)

line 21319: Dead code detected: goto ldv_call_4; (CFACreationUtils.addEdgeToCFA, INFO)

line 21320: Dead code detected: goto ldv_call_4; (CFACreationUtils.addEdgeToCFA, INFO)

line 21321: Dead code detected: goto ldv_call_4; (CFACreationUtils.addEdgeToCFA, INFO)

line 21322: Dead code detected: goto ldv_call_4; (CFACreationUtils.addEdgeToCFA, INFO)

line 21323: Dead code detected: goto ldv_call_4; (CFACreationUtils.addEdgeToCFA, INFO)

line 21324: Dead code detected: goto ldv_call_4; (CFACreationUtils.addEdgeToCFA, INFO)

line 21325: Dead code detected: goto ldv_call_4; (CFACreationUtils.addEdgeToCFA, INFO)

line 21326: Dead code detected: goto ldv_call_4; (CFACreationUtils.addEdgeToCFA, INFO)

line 21327: Dead code detected: goto ldv_call_4; (CFACreationUtils.addEdgeToCFA, INFO)

line 21328: Dead code detected: goto ldv_call_4; (CFACreationUtils.addEdgeToCFA, INFO)

line 21329: Dead code detected: goto ldv_call_4; (CFACreationUtils.addEdgeToCFA, INFO)

line 21330: Dead code detected: goto ldv_call_4; (CFACreationUtils.addEdgeToCFA, INFO)

line 21331: Dead code detected: goto ldv_call_4; (CFACreationUtils.addEdgeToCFA, INFO)

line 21332: Dead code detected: goto ldv_call_4; (CFACreationUtils.addEdgeToCFA, INFO)

line 21333: Dead code detected: goto ldv_call_4; (CFACreationUtils.addEdgeToCFA, INFO)

line 21334: Dead code detected: goto ldv_call_4; (CFACreationUtils.addEdgeToCFA, INFO)

line 21335: Dead code detected: goto ldv_call_4; (CFACreationUtils.addEdgeToCFA, INFO)

line 21336: Dead code detected: goto ldv_call_4; (CFACreationUtils.addEdgeToCFA, INFO)

line 21337: Dead code detected: goto ldv_call_4; (CFACreationUtils.addEdgeToCFA, INFO)

line 21338: Dead code detected: goto ldv_call_4; (CFACreationUtils.addEdgeToCFA, INFO)

line 21339: Dead code detected: goto ldv_call_4; (CFACreationUtils.addEdgeToCFA, INFO)

line 21340: Dead code detected: goto ldv_call_4; (CFACreationUtils.addEdgeToCFA, INFO)

line 21341: Dead code detected: goto ldv_call_4; (CFACreationUtils.addEdgeToCFA, INFO)

line 21342: Dead code detected: goto ldv_call_4; (CFACreationUtils.addEdgeToCFA, INFO)

line 21343: Dead code detected: goto ldv_call_4; (CFACreationUtils.addEdgeToCFA, INFO)

line 21486: Dead code detected: return; (CFACreationUtils.addEdgeToCFA, INFO)

line 21517: Dead code detected: return; (CFACreationUtils.addEdgeToCFA, INFO)

line 21554: Dead code detected: goto ldv_call_5; (CFACreationUtils.addEdgeToCFA, INFO)

line 21561: Dead code detected: goto ldv_call_5; (CFACreationUtils.addEdgeToCFA, INFO)

line 21562: Dead code detected: goto ldv_call_5; (CFACreationUtils.addEdgeToCFA, INFO)

line 21623: Dead code detected: return; (CFACreationUtils.addEdgeToCFA, INFO)

line 21647: Dead code detected: return (arg0); (CFACreationUtils.addEdgeToCFA, INFO)

line 21686: Dead code detected: return (arg0); (CFACreationUtils.addEdgeToCFA, INFO)

line 21687: Dead code detected: return (arg0); (CFACreationUtils.addEdgeToCFA, INFO)

line 21720: Dead code detected: return (arg0); (CFACreationUtils.addEdgeToCFA, INFO)

line 21752: Dead code detected: return (arg0); (CFACreationUtils.addEdgeToCFA, INFO)

line 21773: Dead code detected: return; (CFACreationUtils.addEdgeToCFA, INFO)

line 21789: Dead code detected: return; (CFACreationUtils.addEdgeToCFA, INFO)

line 21810: Dead code detected: return; (CFACreationUtils.addEdgeToCFA, INFO)

line 21826: Dead code detected: return; (CFACreationUtils.addEdgeToCFA, INFO)

line 21864: Dead code detected: return; (CFACreationUtils.addEdgeToCFA, INFO)

line 21876: Dead code detected: return (arg0); (CFACreationUtils.addEdgeToCFA, INFO)

line 21890: Dead code detected: return; (CFACreationUtils.addEdgeToCFA, INFO)

line 21908: Dead code detected: return (arg0); (CFACreationUtils.addEdgeToCFA, INFO)

line 21987: Dead code detected: return (ldv_func_res); (CFACreationUtils.addEdgeToCFA, INFO)

line 22005: Dead code detected: return (ldv_func_res); (CFACreationUtils.addEdgeToCFA, INFO)

line 22023: Dead code detected: return (ldv_func_res); (CFACreationUtils.addEdgeToCFA, INFO)

line 22041: Dead code detected: return (ldv_func_res); (CFACreationUtils.addEdgeToCFA, INFO)

line 22266: Dead code detected: return (ldv_func_res); (CFACreationUtils.addEdgeToCFA, INFO)

line 22301: Dead code detected: return (ldv_func_res); (CFACreationUtils.addEdgeToCFA, INFO)

line 22319: Dead code detected: return (ldv_func_res); (CFACreationUtils.addEdgeToCFA, INFO)

line 22347: Dead code detected: return (ldv_func_res); (CFACreationUtils.addEdgeToCFA, INFO)

line 22393: Dead code detected: return (ldv_func_res); (CFACreationUtils.addEdgeToCFA, INFO)

line 22408: Dead code detected: return (ldv_func_res); (CFACreationUtils.addEdgeToCFA, INFO)

line 22435: Dead code detected: return (ldv_func_res); (CFACreationUtils.addEdgeToCFA, INFO)

line 22450: Dead code detected: return (ldv_func_res); (CFACreationUtils.addEdgeToCFA, INFO)

line 22465: Dead code detected: return (ldv_func_res); (CFACreationUtils.addEdgeToCFA, INFO)

line 22504: Dead code detected: return (1); (CFACreationUtils.addEdgeToCFA, INFO)

line 22514: Dead code detected: goto case_1; (CFACreationUtils.addEdgeToCFA, INFO)

line 22518: Dead code detected: goto case_2; (CFACreationUtils.addEdgeToCFA, INFO)

line 22526: Dead code detected: goto case_8; (CFACreationUtils.addEdgeToCFA, INFO)

line 22529: Dead code detected: goto switch_default; (CFACreationUtils.addEdgeToCFA, INFO)

Dead code detected: Label case_8 is not reachable. (CFAFunctionBuilder.leave, INFO)

Dead code detected: Label switch_break is not reachable. (CFAFunctionBuilder.leave, INFO)

Dead code detected: Label switch_default is not reachable. (CFAFunctionBuilder.leave, INFO)

Dead code detected: Label case_1 is not reachable. (CFAFunctionBuilder.leave, INFO)

Dead code detected: Label case_2 is not reachable. (CFAFunctionBuilder.leave, INFO)

Dead code detected: Label switch_break is not reachable. (CFAFunctionBuilder.leave, INFO)

line 23756: Dead code detected: return; (CFACreationUtils.addEdgeToCFA, INFO)

line 23787: Dead code detected: return; (CFACreationUtils.addEdgeToCFA, INFO)

line 23868: Dead code detected: goto ldv_call_1; (CFACreationUtils.addEdgeToCFA, INFO)

line 23869: Dead code detected: return; (CFACreationUtils.addEdgeToCFA, INFO)

line 23969: Dead code detected: return (arg0); (CFACreationUtils.addEdgeToCFA, INFO)

line 24000: Dead code detected: return; (CFACreationUtils.addEdgeToCFA, INFO)

line 24041: Dead code detected: goto ldv_do_6; (CFACreationUtils.addEdgeToCFA, INFO)

line 24053: Dead code detected: goto ldv_do_6; (CFACreationUtils.addEdgeToCFA, INFO)

line 24054: Dead code detected: goto ldv_do_6; (CFACreationUtils.addEdgeToCFA, INFO)

line 24135: Dead code detected: return (ldv_func_res); (CFACreationUtils.addEdgeToCFA, INFO)

Dead code detected: Label switch_break is not reachable. (CFAFunctionBuilder.leave, INFO)

line 29845: Dead code detected: goto case_1; (CFACreationUtils.addEdgeToCFA, INFO)

line 29849: Dead code detected: goto case_2; (CFACreationUtils.addEdgeToCFA, INFO)

line 29857: Dead code detected: goto case_8; (CFACreationUtils.addEdgeToCFA, INFO)

line 29860: Dead code detected: goto switch_default; (CFACreationUtils.addEdgeToCFA, INFO)

Dead code detected: Label case_8 is not reachable. (CFAFunctionBuilder.leave, INFO)

Dead code detected: Label switch_break is not reachable. (CFAFunctionBuilder.leave, INFO)

Dead code detected: Label switch_default is not reachable. (CFAFunctionBuilder.leave, INFO)

Dead code detected: Label case_1 is not reachable. (CFAFunctionBuilder.leave, INFO)

Dead code detected: Label case_2 is not reachable. (CFAFunctionBuilder.leave, INFO)

line 29962: Dead code detected: goto case_1; (CFACreationUtils.addEdgeToCFA, INFO)

line 29981: Dead code detected: goto case_1___0; (CFACreationUtils.addEdgeToCFA, INFO)

line 29985: Dead code detected: goto case_2; (CFACreationUtils.addEdgeToCFA, INFO)

line 29993: Dead code detected: goto case_8; (CFACreationUtils.addEdgeToCFA, INFO)

line 29996: Dead code detected: goto switch_default; (CFACreationUtils.addEdgeToCFA, INFO)

line 29966: Dead code detected: goto case_2___0; (CFACreationUtils.addEdgeToCFA, INFO)

line 30021: Dead code detected: goto case_1___1; (CFACreationUtils.addEdgeToCFA, INFO)

line 30025: Dead code detected: goto case_2___1; (CFACreationUtils.addEdgeToCFA, INFO)

line 30033: Dead code detected: goto case_8___0; (CFACreationUtils.addEdgeToCFA, INFO)

line 30036: Dead code detected: goto switch_default___0; (CFACreationUtils.addEdgeToCFA, INFO)

line 30061: Dead code detected: goto case_1___2; (CFACreationUtils.addEdgeToCFA, INFO)

line 30065: Dead code detected: goto case_2___2; (CFACreationUtils.addEdgeToCFA, INFO)

line 30073: Dead code detected: goto case_8___1; (CFACreationUtils.addEdgeToCFA, INFO)

line 30076: Dead code detected: goto switch_default___1; (CFACreationUtils.addEdgeToCFA, INFO)

line 29974: Dead code detected: goto case_8___2; (CFACreationUtils.addEdgeToCFA, INFO)

line 30101: Dead code detected: goto case_1___3; (CFACreationUtils.addEdgeToCFA, INFO)

line 30105: Dead code detected: goto case_2___3; (CFACreationUtils.addEdgeToCFA, INFO)

line 30113: Dead code detected: goto case_8___3; (CFACreationUtils.addEdgeToCFA, INFO)

line 30116: Dead code detected: goto switch_default___2; (CFACreationUtils.addEdgeToCFA, INFO)

line 29977: Dead code detected: goto switch_default___3; (CFACreationUtils.addEdgeToCFA, INFO)

Dead code detected: Label case_4___0 is not reachable. (CFAFunctionBuilder.leave, INFO)

Dead code detected: Label case_4___3 is not reachable. (CFAFunctionBuilder.leave, INFO)

Dead code detected: Label case_8___3 is not reachable. (CFAFunctionBuilder.leave, INFO)

Dead code detected: Label case_8___2 is not reachable. (CFAFunctionBuilder.leave, INFO)

Dead code detected: Label case_8___1 is not reachable. (CFAFunctionBuilder.leave, INFO)

Dead code detected: Label case_8 is not reachable. (CFAFunctionBuilder.leave, INFO)

Dead code detected: Label case_8___0 is not reachable. (CFAFunctionBuilder.leave, INFO)

Dead code detected: Label case_4 is not reachable. (CFAFunctionBuilder.leave, INFO)

Dead code detected: Label case_1 is not reachable. (CFAFunctionBuilder.leave, INFO)

Dead code detected: Label case_2 is not reachable. (CFAFunctionBuilder.leave, INFO)

Dead code detected: Label switch_break is not reachable. (CFAFunctionBuilder.leave, INFO)

Dead code detected: Label switch_default is not reachable. (CFAFunctionBuilder.leave, INFO)

Dead code detected: Label case_2___2 is not reachable. (CFAFunctionBuilder.leave, INFO)

Dead code detected: Label case_2___3 is not reachable. (CFAFunctionBuilder.leave, INFO)

Dead code detected: Label case_2___0 is not reachable. (CFAFunctionBuilder.leave, INFO)

Dead code detected: Label case_2___1 is not reachable. (CFAFunctionBuilder.leave, INFO)

Dead code detected: Label case_1___1 is not reachable. (CFAFunctionBuilder.leave, INFO)

Dead code detected: Label case_1___2 is not reachable. (CFAFunctionBuilder.leave, INFO)

Dead code detected: Label case_1___3 is not reachable. (CFAFunctionBuilder.leave, INFO)

Dead code detected: Label case_1___0 is not reachable. (CFAFunctionBuilder.leave, INFO)

line 31183: Dead code detected: goto case_1; (CFACreationUtils.addEdgeToCFA, INFO)

line 31202: Dead code detected: goto case_1___0; (CFACreationUtils.addEdgeToCFA, INFO)

line 31206: Dead code detected: goto case_2; (CFACreationUtils.addEdgeToCFA, INFO)

line 31214: Dead code detected: goto case_8; (CFACreationUtils.addEdgeToCFA, INFO)

line 31217: Dead code detected: goto switch_default; (CFACreationUtils.addEdgeToCFA, INFO)

line 31187: Dead code detected: goto case_2___0; (CFACreationUtils.addEdgeToCFA, INFO)

line 31242: Dead code detected: goto case_1___1; (CFACreationUtils.addEdgeToCFA, INFO)

line 31246: Dead code detected: goto case_2___1; (CFACreationUtils.addEdgeToCFA, INFO)

line 31254: Dead code detected: goto case_8___0; (CFACreationUtils.addEdgeToCFA, INFO)

line 31257: Dead code detected: goto switch_default___0; (CFACreationUtils.addEdgeToCFA, INFO)

line 31282: Dead code detected: goto case_1___2; (CFACreationUtils.addEdgeToCFA, INFO)

line 31286: Dead code detected: goto case_2___2; (CFACreationUtils.addEdgeToCFA, INFO)

line 31294: Dead code detected: goto case_8___1; (CFACreationUtils.addEdgeToCFA, INFO)

line 31297: Dead code detected: goto switch_default___1; (CFACreationUtils.addEdgeToCFA, INFO)

line 31195: Dead code detected: goto case_8___2; (CFACreationUtils.addEdgeToCFA, INFO)

line 31322: Dead code detected: goto case_1___3; (CFACreationUtils.addEdgeToCFA, INFO)

line 31326: Dead code detected: goto case_2___3; (CFACreationUtils.addEdgeToCFA, INFO)

line 31334: Dead code detected: goto case_8___3; (CFACreationUtils.addEdgeToCFA, INFO)

line 31337: Dead code detected: goto switch_default___2; (CFACreationUtils.addEdgeToCFA, INFO)

line 31198: Dead code detected: goto switch_default___3; (CFACreationUtils.addEdgeToCFA, INFO)

Dead code detected: Label case_4___0 is not reachable. (CFAFunctionBuilder.leave, INFO)

Dead code detected: Label case_4___3 is not reachable. (CFAFunctionBuilder.leave, INFO)

Dead code detected: Label case_8___3 is not reachable. (CFAFunctionBuilder.leave, INFO)

Dead code detected: Label case_8___2 is not reachable. (CFAFunctionBuilder.leave, INFO)

Dead code detected: Label case_8___1 is not reachable. (CFAFunctionBuilder.leave, INFO)

Dead code detected: Label case_8 is not reachable. (CFAFunctionBuilder.leave, INFO)

Dead code detected: Label case_8___0 is not reachable. (CFAFunctionBuilder.leave, INFO)

Dead code detected: Label case_4 is not reachable. (CFAFunctionBuilder.leave, INFO)

Dead code detected: Label case_1 is not reachable. (CFAFunctionBuilder.leave, INFO)

Dead code detected: Label case_2 is not reachable. (CFAFunctionBuilder.leave, INFO)

Dead code detected: Label switch_break is not reachable. (CFAFunctionBuilder.leave, INFO)

Dead code detected: Label switch_default is not reachable. (CFAFunctionBuilder.leave, INFO)

Dead code detected: Label case_2___2 is not reachable. (CFAFunctionBuilder.leave, INFO)

Dead code detected: Label case_2___3 is not reachable. (CFAFunctionBuilder.leave, INFO)

Dead code detected: Label case_2___0 is not reachable. (CFAFunctionBuilder.leave, INFO)

Dead code detected: Label case_2___1 is not reachable. (CFAFunctionBuilder.leave, INFO)

Dead code detected: Label case_1___1 is not reachable. (CFAFunctionBuilder.leave, INFO)

Dead code detected: Label case_1___2 is not reachable. (CFAFunctionBuilder.leave, INFO)

Dead code detected: Label case_1___3 is not reachable. (CFAFunctionBuilder.leave, INFO)

Dead code detected: Label case_1___0 is not reachable. (CFAFunctionBuilder.leave, INFO)

line 34985: Dead code detected: return (ldv_func_res); (CFACreationUtils.addEdgeToCFA, INFO)

line 35070: Dead code detected: return (ldv_func_res); (CFACreationUtils.addEdgeToCFA, INFO)

line 35085: Dead code detected: return (ldv_func_res); (CFACreationUtils.addEdgeToCFA, INFO)

line 35100: Dead code detected: return (ldv_func_res); (CFACreationUtils.addEdgeToCFA, INFO)

line 35115: Dead code detected: return (ldv_func_res); (CFACreationUtils.addEdgeToCFA, INFO)

line 35130: Dead code detected: return (ldv_func_res); (CFACreationUtils.addEdgeToCFA, INFO)

line 35145: Dead code detected: return (ldv_func_res); (CFACreationUtils.addEdgeToCFA, INFO)

Inline assembler ignored, analysis is probably unsound! (CFABuilder.createCFA, WARNING)

line 15399: Function pointer *((ulds[i]).state_change) with type int (*)(void *, enum cxgb4_state ) is called, but no possible target functions were found. (CFunctionPointerResolver.getTargets, WARNING)

line 30645: Function pointer *(ops->alloc) with type void *(*)(struct device *, size_t , dma_addr_t *, gfp_t , struct dma_attrs *) is called, but no possible target functions were found. (CFunctionPointerResolver.getTargets, WARNING)

line 30684: Function pointer *(ops->free) with type void (*)(struct device *, size_t , void *, dma_addr_t , struct dma_attrs *) is called, but no possible target functions were found. (CFunctionPointerResolver.getTargets, WARNING)

line 30477: Function pointer *(ops->map_page) with type dma_addr_t (*)(struct device *, struct page *, unsigned long, size_t , enum dma_data_direction , struct dma_attrs *) is called, but no possible target functions were found. (CFunctionPointerResolver.getTargets, WARNING)

line 30403: Function pointer *(ops->map_page) with type dma_addr_t (*)(struct device *, struct page *, unsigned long, size_t , enum dma_data_direction , struct dma_attrs *) is called, but no possible target functions were found. (CFunctionPointerResolver.getTargets, WARNING)

line 30571: Function pointer *(ops->mapping_error) with type int (*)(struct device *, dma_addr_t ) is called, but no possible target functions were found. (CFunctionPointerResolver.getTargets, WARNING)

line 30547: Function pointer *(ops->sync_single_for_cpu) with type void (*)(struct device *, dma_addr_t , size_t , enum dma_data_direction ) is called, but no possible target functions were found. (CFunctionPointerResolver.getTargets, WARNING)

line 30510: Function pointer *(ops->unmap_page) with type void (*)(struct device *, dma_addr_t , size_t , enum dma_data_direction , struct dma_attrs *) is called, but no possible target functions were found. (CFunctionPointerResolver.getTargets, WARNING)

line 30440: Function pointer *(ops->unmap_page) with type void (*)(struct device *, dma_addr_t , size_t , enum dma_data_direction , struct dma_attrs *) is called, but no possible target functions were found. (CFunctionPointerResolver.getTargets, WARNING)

line 21436: Function pointer *arg0 with type int (*)(struct pci_dev *, struct pm_message ) is called, but no possible target functions were found. (CFunctionPointerResolver.getTargets, WARNING)

line 21447: Function pointer *arg0 with type int (*)(struct pci_dev *, struct pm_message ) is called, but no possible target functions were found. (CFunctionPointerResolver.getTargets, WARNING)

line 15149: Function pointer *((ulds[0]).control) with type int (*)(void *, enum cxgb4_control , ...) is called, but no possible target functions were found. (CFunctionPointerResolver.getTargets, WARNING)

line 15444: Function pointer *((ulds[i]).state_change) with type int (*)(void *, enum cxgb4_state ) is called, but no possible target functions were found. (CFunctionPointerResolver.getTargets, WARNING)

line 15324: Function pointer *((ulds[uld]).add) with type void *(*)(const struct cxgb4_lld_info *) is called, but no possible target functions were found. (CFunctionPointerResolver.getTargets, WARNING)

line 15346: Function pointer *((ulds[uld]).state_change) with type int (*)(void *, enum cxgb4_state ) is called, but no possible target functions were found. (CFunctionPointerResolver.getTargets, WARNING)

Using unsound approximation of ints with unbounded integers and floats with unbounded integers for encoding program semantics. (PredicateCPA:FormulaManagerView.<init>, WARNING)

Using predicate analysis with Princess 2023-04-07. (PredicateCPA:PredicateCPA.<init>, INFO)

Using unsound approximation of ints with unbounded integers and floats with unbounded integers for encoding program semantics. (AssumptionStorageCPA:FormulaManagerView.<init>, WARNING)

The following configuration options were specified but are not used:
 proveroptions.option 
 (CPAchecker.printConfigurationWarnings, WARNING)

Starting analysis ... (CPAchecker.runAlgorithm, INFO)

line 19970: Ignoring call via function pointer ldv_file_operations_instance_write_1_4::arg0 for which no suitable target was found in line: (*arg0)(arg1, arg2, arg3, arg4); (TargetLocationProvider:FunctionPointerCPA:FunctionPointerTransferRelation.getAbstractSuccessorsForEdge, WARNING)

line 19946: Ignoring call via function pointer ldv_file_operations_instance_release_0_2::arg0 for which no suitable target was found in line: (*arg0)(arg1, arg2); (TargetLocationProvider:FunctionPointerCPA:FunctionPointerTransferRelation.getAbstractSuccessorsForEdge, WARNING)

line 19958: Ignoring call via function pointer ldv_file_operations_instance_write_0_4::arg0 for which no suitable target was found in line: (*arg0)(arg1, arg2, arg3, arg4); (TargetLocationProvider:FunctionPointerCPA:FunctionPointerTransferRelation.getAbstractSuccessorsForEdge, WARNING)

line 21407: Ignoring call via function pointer ldv_pci_instance_resume_5_5::arg0 for which no suitable target was found in line: (*arg0)(arg1); (TargetLocationProvider:FunctionPointerCPA:FunctionPointerTransferRelation.getAbstractSuccessorsForEdge, WARNING)

line 20036: Ignoring call via function pointer ldv_interrupt_instance_thread_3_3::arg0 for which no suitable target was found in line: (*arg0)(arg1, arg2); (TargetLocationProvider:FunctionPointerCPA:FunctionPointerTransferRelation.getAbstractSuccessorsForEdge, WARNING)

line 20026: Ignoring call via function pointer ldv_interrupt_instance_thread_2_3::arg0 for which no suitable target was found in line: (*arg0)(arg1, arg2); (TargetLocationProvider:FunctionPointerCPA:FunctionPointerTransferRelation.getAbstractSuccessorsForEdge, WARNING)

line 21416: Ignoring call via function pointer ldv_pci_instance_resume_early_5_6::arg0 for which no suitable target was found in line: (*arg0)(arg1); (TargetLocationProvider:FunctionPointerCPA:FunctionPointerTransferRelation.getAbstractSuccessorsForEdge, WARNING)

line 21447: Ignoring call via function pointer ldv_pci_instance_suspend_late_5_7::arg0 for which no suitable target was found in line: tmp = (*arg0)(arg1, arg2); (TargetLocationProvider:FunctionPointerCPA:FunctionPointerTransferRelation.getAbstractSuccessorsForEdge, WARNING)

line 21436: Ignoring call via function pointer ldv_pci_instance_suspend_5_8::arg0 for which no suitable target was found in line: tmp = (*arg0)(arg1, arg2); (TargetLocationProvider:FunctionPointerCPA:FunctionPointerTransferRelation.getAbstractSuccessorsForEdge, WARNING)

Creating formula for program (AbstractBMCAlgorithm.run, INFO)

Exception in thread "main" org.sosy_lab.java_smt.basicimpl.GeneratorException: Modular Congruence is not available in SMTLIB2. 
	at org.sosy_lab.java_smt.basicimpl.AbstractNumeralFormulaManager.modularCongruence(AbstractNumeralFormulaManager.java:361)
	at org.sosy_lab.java_smt.solvers.princess.PrincessIntegerFormulaManager.modularCongruence(PrincessIntegerFormulaManager.java:22)
	at org.sosy_lab.cpachecker.util.predicates.smt.IntegerFormulaManagerView.modularCongruence(IntegerFormulaManagerView.java:35)
	at org.sosy_lab.cpachecker.util.predicates.smt.FormulaManagerView.makeModularCongruence(FormulaManagerView.java:688)
	at org.sosy_lab.cpachecker.util.predicates.smt.FormulaManagerView.makeModularCongruence(FormulaManagerView.java:670)
	at org.sosy_lab.cpachecker.util.predicates.pathformula.pointeraliasing.PointerTargetSetManager.makeBaseAddressConstraints(PointerTargetSetManager.java:653)
	at org.sosy_lab.cpachecker.util.predicates.pathformula.pointeraliasing.PointerTargetSetBuilder$RealPointerTargetSetBuilder.addNextBaseAddressConstraints(PointerTargetSetBuilder.java:286)
	at org.sosy_lab.cpachecker.util.predicates.pathformula.pointeraliasing.CToFormulaConverterWithPointerAliasing.declareSharedBase(CToFormulaConverterWithPointerAliasing.java:437)
	at org.sosy_lab.cpachecker.util.predicates.pathformula.pointeraliasing.CToFormulaConverterWithPointerAliasing.makeDeclaration(CToFormulaConverterWithPointerAliasing.java:1001)
	at org.sosy_lab.cpachecker.util.predicates.pathformula.ctoformula.CtoFormulaConverter.createFormulaForEdge(CtoFormulaConverter.java:1231)
	at org.sosy_lab.cpachecker.util.predicates.pathformula.ctoformula.CtoFormulaConverter.makeAnd(CtoFormulaConverter.java:1049)
	at org.sosy_lab.cpachecker.util.predicates.pathformula.PathFormulaManagerImpl.makeAnd(PathFormulaManagerImpl.java:246)
	at org.sosy_lab.cpachecker.util.predicates.pathformula.PathFormulaManagerImpl.makeAnd(PathFormulaManagerImpl.java:300)
	at org.sosy_lab.cpachecker.cpa.predicate.PredicateTransferRelation.convertEdgeToPathFormula(PredicateTransferRelation.java:203)
	at org.sosy_lab.cpachecker.cpa.predicate.PredicateTransferRelation.getAbstractSuccessorsForEdge(PredicateTransferRelation.java:113)
	at org.sosy_lab.cpachecker.cpa.composite.CompositeTransferRelation.callTransferRelation(CompositeTransferRelation.java:297)
	at org.sosy_lab.cpachecker.cpa.composite.CompositeTransferRelation.getAbstractSuccessorForSimpleEdge(CompositeTransferRelation.java:264)
	at org.sosy_lab.cpachecker.cpa.composite.CompositeTransferRelation.getAbstractSuccessorForEdge(CompositeTransferRelation.java:196)
	at org.sosy_lab.cpachecker.cpa.composite.CompositeTransferRelation.getAbstractSuccessors(CompositeTransferRelation.java:88)
	at org.sosy_lab.cpachecker.cpa.arg.ARGTransferRelation.getAbstractSuccessors(ARGTransferRelation.java:45)
	at org.sosy_lab.cpachecker.core.algorithm.CPAAlgorithm.handleState(CPAAlgorithm.java:334)
	at org.sosy_lab.cpachecker.core.algorithm.CPAAlgorithm.run0(CPAAlgorithm.java:289)
	at org.sosy_lab.cpachecker.core.algorithm.CPAAlgorithm.run(CPAAlgorithm.java:260)
	at org.sosy_lab.cpachecker.core.algorithm.bmc.BMCHelper.unroll(BMCHelper.java:192)
	at org.sosy_lab.cpachecker.core.algorithm.bmc.AbstractBMCAlgorithm.run(AbstractBMCAlgorithm.java:427)
	at org.sosy_lab.cpachecker.core.algorithm.bmc.BMCAlgorithm.run(BMCAlgorithm.java:130)
	at org.sosy_lab.cpachecker.core.CPAchecker.runAlgorithm(CPAchecker.java:507)
	at org.sosy_lab.cpachecker.core.CPAchecker.run(CPAchecker.java:369)
	at org.sosy_lab.cpachecker.cmdline.CPAMain.main(CPAMain.java:170)
