scripts/cpa.sh -heap 13000M -stack 50M -noout -benchmark -bmc -setprop cpa.predicate.useArraysForHeap=false -setprop cpa.predicate.memoryAllocationsAlwaysSucceed=true -setprop cpa.loopbound.maxLoopIterations=1 -setprop cpa.predicate.encodeFloatAs=INTEGER -setprop cpa.predicate.encodeBitvectorAs=INTEGER -setprop solver.solver=princess -timelimit 900s -stats -spec test/programs/benchmarks/properties/unreach-call.prp -64 test/programs/benchmarks/ldv-challenges/linux-3.14_complex_emg_linux-kernel-locking-mutex_drivers-media-usb-tm6000-tm6000.cil.i


--------------------------------------------------------------------------------


Running CPAchecker with Java heap of size 13000M.
Running CPAchecker with Java stack of size 50M.
Language C detected and set for analysis (CPAMain.detectFrontendLanguageIfNecessary, INFO)

Using the following resource limits: CPU-time limit of 900s (ResourceLimitChecker.fromConfiguration, INFO)

CPAchecker 2.3.1-svn-45350M / bmc (OpenJDK 64-Bit Server VM 17.0.8.1) started (CPAchecker.run, INFO)

Parsing CFA from file(s) "test/programs/benchmarks/ldv-challenges/linux-3.14_complex_emg_linux-kernel-locking-mutex_drivers-media-usb-tm6000-tm6000.cil.i" (CPAchecker.parse, INFO)

Dead code detected: Label switch_break is not reachable. (CFAFunctionBuilder.leave, INFO)

Dead code detected: Label switch_break is not reachable. (CFAFunctionBuilder.leave, INFO)

line 9499: Dead code detected: return; (CFACreationUtils.addEdgeToCFA, INFO)

line 9613: Dead code detected: return (arg0); (CFACreationUtils.addEdgeToCFA, INFO)

line 9844: Dead code detected: return (ldv_func_res); (CFACreationUtils.addEdgeToCFA, INFO)

Dead code detected: Label switch_break is not reachable. (CFAFunctionBuilder.leave, INFO)

Dead code detected: Label switch_break is not reachable. (CFAFunctionBuilder.leave, INFO)

Dead code detected: Label switch_break is not reachable. (CFAFunctionBuilder.leave, INFO)

Dead code detected: Label switch_break is not reachable. (CFAFunctionBuilder.leave, INFO)

line 11800: Dead code detected: goto case_1; (CFACreationUtils.addEdgeToCFA, INFO)

line 11804: Dead code detected: goto case_2; (CFACreationUtils.addEdgeToCFA, INFO)

line 11812: Dead code detected: goto case_8; (CFACreationUtils.addEdgeToCFA, INFO)

line 11815: Dead code detected: goto switch_default; (CFACreationUtils.addEdgeToCFA, INFO)

Dead code detected: Label case_8 is not reachable. (CFAFunctionBuilder.leave, INFO)

Dead code detected: Label switch_break is not reachable. (CFAFunctionBuilder.leave, INFO)

Dead code detected: Label switch_default is not reachable. (CFAFunctionBuilder.leave, INFO)

Dead code detected: Label case_1 is not reachable. (CFAFunctionBuilder.leave, INFO)

Dead code detected: Label case_2 is not reachable. (CFAFunctionBuilder.leave, INFO)

Dead code detected: Label switch_break is not reachable. (CFAFunctionBuilder.leave, INFO)

Dead code detected: Label switch_break is not reachable. (CFAFunctionBuilder.leave, INFO)

Dead code detected: Label switch_break is not reachable. (CFAFunctionBuilder.leave, INFO)

Inline assembler ignored, analysis is probably unsound! (CFABuilder.createCFA, WARNING)

line 14177: Function pointer *(__sd->ops->tuner->s_radio) with type int (*)(struct v4l2_subdev *) is called, but no possible target functions were found. (CFunctionPointerResolver.getTargets, WARNING)

line 9447: Function pointer *arg0 with type void (*)(unsigned long) is called, but no possible target functions were found. (CFunctionPointerResolver.getTargets, WARNING)

line 9546: Function pointer *arg0 with type int (*)(struct usb_interface *) is called, but no possible target functions were found. (CFunctionPointerResolver.getTargets, WARNING)

line 9555: Function pointer *arg0 with type int (*)(struct usb_interface *) is called, but no possible target functions were found. (CFunctionPointerResolver.getTargets, WARNING)

line 9584: Function pointer *arg0 with type int (*)(struct usb_interface *) is called, but no possible target functions were found. (CFunctionPointerResolver.getTargets, WARNING)

line 12014: Function pointer *(p->_qproc) with type void (*)(struct file *, wait_queue_head_t *, struct poll_table_struct *) is called, but no possible target functions were found. (CFunctionPointerResolver.getTargets, WARNING)

line 13981: Function pointer *(__sd->ops->tuner->g_tuner) with type int (*)(struct v4l2_subdev *, struct v4l2_tuner *) is called, but no possible target functions were found. (CFunctionPointerResolver.getTargets, WARNING)

line 14016: Function pointer *(__sd->ops->tuner->s_tuner) with type int (*)(struct v4l2_subdev *, const struct v4l2_tuner *) is called, but no possible target functions were found. (CFunctionPointerResolver.getTargets, WARNING)

line 11026: Function pointer *(ops->fillbuf) with type int (*)(struct tm6000_core *, char *, int) is called, but no possible target functions were found. (CFunctionPointerResolver.getTargets, WARNING)

line 7264: Function pointer *(__sd___1->ops->tuner->s_config) with type int (*)(struct v4l2_subdev *, const struct v4l2_priv_tun_config *) is called, but no possible target functions were found. (CFunctionPointerResolver.getTargets, WARNING)

line 7237: Function pointer *(__sd___0->ops->tuner->s_config) with type int (*)(struct v4l2_subdev *, const struct v4l2_priv_tun_config *) is called, but no possible target functions were found. (CFunctionPointerResolver.getTargets, WARNING)

line 7169: Function pointer *(__sd->ops->tuner->s_type_addr) with type int (*)(struct v4l2_subdev *, struct tuner_setup *) is called, but no possible target functions were found. (CFunctionPointerResolver.getTargets, WARNING)

line 10323: Function pointer *(__sd->ops->tuner->s_frequency) with type int (*)(struct v4l2_subdev *, const struct v4l2_frequency *) is called, but no possible target functions were found. (CFunctionPointerResolver.getTargets, WARNING)

line 7519: Function pointer *(__sd___0->ops->tuner->s_frequency) with type int (*)(struct v4l2_subdev *, const struct v4l2_frequency *) is called, but no possible target functions were found. (CFunctionPointerResolver.getTargets, WARNING)

line 7497: Function pointer *(__sd->ops->core->s_std) with type int (*)(struct v4l2_subdev *, v4l2_std_id ) is called, but no possible target functions were found. (CFunctionPointerResolver.getTargets, WARNING)

line 13898: Function pointer *(__sd->ops->tuner->g_frequency) with type int (*)(struct v4l2_subdev *, struct v4l2_frequency *) is called, but no possible target functions were found. (CFunctionPointerResolver.getTargets, WARNING)

line 13806: Function pointer *(__sd->ops->tuner->g_tuner) with type int (*)(struct v4l2_subdev *, struct v4l2_tuner *) is called, but no possible target functions were found. (CFunctionPointerResolver.getTargets, WARNING)

line 13938: Function pointer *(__sd->ops->tuner->s_frequency) with type int (*)(struct v4l2_subdev *, const struct v4l2_frequency *) is called, but no possible target functions were found. (CFunctionPointerResolver.getTargets, WARNING)

line 13592: Function pointer *(__sd->ops->core->s_std) with type int (*)(struct v4l2_subdev *, v4l2_std_id ) is called, but no possible target functions were found. (CFunctionPointerResolver.getTargets, WARNING)

line 13858: Function pointer *(__sd->ops->tuner->s_tuner) with type int (*)(struct v4l2_subdev *, const struct v4l2_tuner *) is called, but no possible target functions were found. (CFunctionPointerResolver.getTargets, WARNING)

Using unsound approximation of ints with unbounded integers and floats with unbounded integers for encoding program semantics. (PredicateCPA:FormulaManagerView.<init>, WARNING)

Using predicate analysis with Princess 2023-04-07. (PredicateCPA:PredicateCPA.<init>, INFO)

Using unsound approximation of ints with unbounded integers and floats with unbounded integers for encoding program semantics. (AssumptionStorageCPA:FormulaManagerView.<init>, WARNING)

Starting analysis ... (CPAchecker.runAlgorithm, INFO)

line 8686: Ignoring call via function pointer ldv_io_instance_callback_8_19::arg0 for which no suitable target was found in line: (*arg0)(arg1, arg2, arg3, arg4); (TargetLocationProvider:FunctionPointerCPA:FunctionPointerTransferRelation.getAbstractSuccessorsForEdge, WARNING)

line 8675: Ignoring call via function pointer ldv_io_instance_callback_8_17::arg0 for which no suitable target was found in line: (*arg0)(arg1, arg2); (TargetLocationProvider:FunctionPointerCPA:FunctionPointerTransferRelation.getAbstractSuccessorsForEdge, WARNING)

line 9555: Ignoring call via function pointer ldv_usb_instance_pre_6_10::arg0 for which no suitable target was found in line: (*arg0)(arg1); (TargetLocationProvider:FunctionPointerCPA:FunctionPointerTransferRelation.getAbstractSuccessorsForEdge, WARNING)

line 9546: Ignoring call via function pointer ldv_usb_instance_post_6_9::arg0 for which no suitable target was found in line: (*arg0)(arg1); (TargetLocationProvider:FunctionPointerCPA:FunctionPointerTransferRelation.getAbstractSuccessorsForEdge, WARNING)

line 9584: Ignoring call via function pointer ldv_usb_instance_resume_6_7::arg0 for which no suitable target was found in line: (*arg0)(arg1); (TargetLocationProvider:FunctionPointerCPA:FunctionPointerTransferRelation.getAbstractSuccessorsForEdge, WARNING)

line 9447: Ignoring call via function pointer ldv_timer_instance_callback_4_2::arg0 for which no suitable target was found in line: (*arg0)(arg1); (TargetLocationProvider:FunctionPointerCPA:FunctionPointerTransferRelation.getAbstractSuccessorsForEdge, WARNING)

Creating formula for program (AbstractBMCAlgorithm.run, INFO)

Exception in thread "main" org.sosy_lab.java_smt.basicimpl.GeneratorException: Modular Congruence is not available in SMTLIB2. 
	at org.sosy_lab.java_smt.basicimpl.AbstractNumeralFormulaManager.modularCongruence(AbstractNumeralFormulaManager.java:361)
	at org.sosy_lab.java_smt.solvers.princess.PrincessIntegerFormulaManager.modularCongruence(PrincessIntegerFormulaManager.java:22)
	at org.sosy_lab.cpachecker.util.predicates.smt.IntegerFormulaManagerView.modularCongruence(IntegerFormulaManagerView.java:35)
	at org.sosy_lab.cpachecker.util.predicates.smt.FormulaManagerView.makeModularCongruence(FormulaManagerView.java:688)
	at org.sosy_lab.cpachecker.util.predicates.smt.FormulaManagerView.makeModularCongruence(FormulaManagerView.java:670)
	at org.sosy_lab.cpachecker.util.predicates.pathformula.pointeraliasing.PointerTargetSetManager.makeBaseAddressConstraints(PointerTargetSetManager.java:653)
	at org.sosy_lab.cpachecker.util.predicates.pathformula.pointeraliasing.PointerTargetSetBuilder$RealPointerTargetSetBuilder.addNextBaseAddressConstraints(PointerTargetSetBuilder.java:286)
	at org.sosy_lab.cpachecker.util.predicates.pathformula.pointeraliasing.CToFormulaConverterWithPointerAliasing.declareSharedBase(CToFormulaConverterWithPointerAliasing.java:437)
	at org.sosy_lab.cpachecker.util.predicates.pathformula.pointeraliasing.CToFormulaConverterWithPointerAliasing.makeDeclaration(CToFormulaConverterWithPointerAliasing.java:1001)
	at org.sosy_lab.cpachecker.util.predicates.pathformula.ctoformula.CtoFormulaConverter.createFormulaForEdge(CtoFormulaConverter.java:1231)
	at org.sosy_lab.cpachecker.util.predicates.pathformula.ctoformula.CtoFormulaConverter.makeAnd(CtoFormulaConverter.java:1049)
	at org.sosy_lab.cpachecker.util.predicates.pathformula.PathFormulaManagerImpl.makeAnd(PathFormulaManagerImpl.java:246)
	at org.sosy_lab.cpachecker.util.predicates.pathformula.PathFormulaManagerImpl.makeAnd(PathFormulaManagerImpl.java:300)
	at org.sosy_lab.cpachecker.cpa.predicate.PredicateTransferRelation.convertEdgeToPathFormula(PredicateTransferRelation.java:203)
	at org.sosy_lab.cpachecker.cpa.predicate.PredicateTransferRelation.getAbstractSuccessorsForEdge(PredicateTransferRelation.java:113)
	at org.sosy_lab.cpachecker.cpa.composite.CompositeTransferRelation.callTransferRelation(CompositeTransferRelation.java:297)
	at org.sosy_lab.cpachecker.cpa.composite.CompositeTransferRelation.getAbstractSuccessorForSimpleEdge(CompositeTransferRelation.java:264)
	at org.sosy_lab.cpachecker.cpa.composite.CompositeTransferRelation.getAbstractSuccessorForEdge(CompositeTransferRelation.java:196)
	at org.sosy_lab.cpachecker.cpa.composite.CompositeTransferRelation.getAbstractSuccessors(CompositeTransferRelation.java:88)
	at org.sosy_lab.cpachecker.cpa.arg.ARGTransferRelation.getAbstractSuccessors(ARGTransferRelation.java:45)
	at org.sosy_lab.cpachecker.core.algorithm.CPAAlgorithm.handleState(CPAAlgorithm.java:334)
	at org.sosy_lab.cpachecker.core.algorithm.CPAAlgorithm.run0(CPAAlgorithm.java:289)
	at org.sosy_lab.cpachecker.core.algorithm.CPAAlgorithm.run(CPAAlgorithm.java:260)
	at org.sosy_lab.cpachecker.core.algorithm.bmc.BMCHelper.unroll(BMCHelper.java:192)
	at org.sosy_lab.cpachecker.core.algorithm.bmc.AbstractBMCAlgorithm.run(AbstractBMCAlgorithm.java:427)
	at org.sosy_lab.cpachecker.core.algorithm.bmc.BMCAlgorithm.run(BMCAlgorithm.java:130)
	at org.sosy_lab.cpachecker.core.CPAchecker.runAlgorithm(CPAchecker.java:507)
	at org.sosy_lab.cpachecker.core.CPAchecker.run(CPAchecker.java:369)
	at org.sosy_lab.cpachecker.cmdline.CPAMain.main(CPAMain.java:170)
