scripts/cpa.sh -heap 13000M -stack 50M -noout -benchmark -bmc -setprop cpa.predicate.useArraysForHeap=false -setprop cpa.predicate.memoryAllocationsAlwaysSucceed=true -setprop cpa.loopbound.maxLoopIterations=1 -setprop cpa.predicate.encodeFloatAs=INTEGER -setprop cpa.predicate.encodeBitvectorAs=INTEGER -setprop solver.solver=princess_binary -setprop proveroptions.option=use_binary -timelimit 900s -stats -spec test/programs/benchmarks/properties/unreach-call.prp -64 test/programs/benchmarks/ldv-linux-4.0-rc1-mav/linux-4.0-rc1---drivers--net--wireless--rtlwifi--rtl8192de--rtl8192de.ko.cil.i


--------------------------------------------------------------------------------


Running CPAchecker with Java heap of size 13000M.
Running CPAchecker with Java stack of size 50M.
Language C detected and set for analysis (CPAMain.detectFrontendLanguageIfNecessary, INFO)

Using the following resource limits: CPU-time limit of 900s (ResourceLimitChecker.fromConfiguration, INFO)

CPAchecker 2.3.1-svn-45350M / bmc (OpenJDK 64-Bit Server VM 17.0.8.1) started (CPAchecker.run, INFO)

Parsing CFA from file(s) "test/programs/benchmarks/ldv-linux-4.0-rc1-mav/linux-4.0-rc1---drivers--net--wireless--rtlwifi--rtl8192de--rtl8192de.ko.cil.i" (CPAchecker.parse, INFO)

line 9129: Dead code detected: goto case_1; (CFACreationUtils.addEdgeToCFA, INFO)

line 9133: Dead code detected: goto case_2; (CFACreationUtils.addEdgeToCFA, INFO)

line 9141: Dead code detected: goto case_8; (CFACreationUtils.addEdgeToCFA, INFO)

line 9144: Dead code detected: goto switch_default; (CFACreationUtils.addEdgeToCFA, INFO)

Dead code detected: Label case_8 is not reachable. (CFAFunctionBuilder.leave, INFO)

Dead code detected: Label switch_break is not reachable. (CFAFunctionBuilder.leave, INFO)

Dead code detected: Label switch_default is not reachable. (CFAFunctionBuilder.leave, INFO)

Dead code detected: Label case_1 is not reachable. (CFAFunctionBuilder.leave, INFO)

Dead code detected: Label case_2 is not reachable. (CFAFunctionBuilder.leave, INFO)

line 12104: Dead code detected: goto case_1; (CFACreationUtils.addEdgeToCFA, INFO)

line 12108: Dead code detected: goto case_2; (CFACreationUtils.addEdgeToCFA, INFO)

line 12112: Dead code detected: goto case_4; (CFACreationUtils.addEdgeToCFA, INFO)

line 12119: Dead code detected: goto switch_default; (CFACreationUtils.addEdgeToCFA, INFO)

Dead code detected: Label switch_break is not reachable. (CFAFunctionBuilder.leave, INFO)

Dead code detected: Label switch_default is not reachable. (CFAFunctionBuilder.leave, INFO)

Dead code detected: Label case_4 is not reachable. (CFAFunctionBuilder.leave, INFO)

Dead code detected: Label case_1 is not reachable. (CFAFunctionBuilder.leave, INFO)

Dead code detected: Label case_2 is not reachable. (CFAFunctionBuilder.leave, INFO)

line 12164: Dead code detected: goto case_1; (CFACreationUtils.addEdgeToCFA, INFO)

line 12168: Dead code detected: goto case_2; (CFACreationUtils.addEdgeToCFA, INFO)

line 12176: Dead code detected: goto case_8; (CFACreationUtils.addEdgeToCFA, INFO)

line 12179: Dead code detected: goto switch_default; (CFACreationUtils.addEdgeToCFA, INFO)

Dead code detected: Label case_8 is not reachable. (CFAFunctionBuilder.leave, INFO)

Dead code detected: Label switch_break is not reachable. (CFAFunctionBuilder.leave, INFO)

Dead code detected: Label switch_default is not reachable. (CFAFunctionBuilder.leave, INFO)

Dead code detected: Label case_1 is not reachable. (CFAFunctionBuilder.leave, INFO)

Dead code detected: Label case_2 is not reachable. (CFAFunctionBuilder.leave, INFO)

Dead code detected: Label switch_break is not reachable. (CFAFunctionBuilder.leave, INFO)

line 14462: Dead code detected: goto case_1; (CFACreationUtils.addEdgeToCFA, INFO)

line 14466: Dead code detected: goto case_2; (CFACreationUtils.addEdgeToCFA, INFO)

line 14474: Dead code detected: goto case_8; (CFACreationUtils.addEdgeToCFA, INFO)

line 14477: Dead code detected: goto switch_default; (CFACreationUtils.addEdgeToCFA, INFO)

Dead code detected: Label case_8 is not reachable. (CFAFunctionBuilder.leave, INFO)

Dead code detected: Label switch_break is not reachable. (CFAFunctionBuilder.leave, INFO)

Dead code detected: Label switch_default is not reachable. (CFAFunctionBuilder.leave, INFO)

Dead code detected: Label case_1 is not reachable. (CFAFunctionBuilder.leave, INFO)

Dead code detected: Label case_2 is not reachable. (CFAFunctionBuilder.leave, INFO)

Dead code detected: Label switch_break is not reachable. (CFAFunctionBuilder.leave, INFO)

Dead code detected: Label switch_break is not reachable. (CFAFunctionBuilder.leave, INFO)

Dead code detected: Label switch_break is not reachable. (CFAFunctionBuilder.leave, INFO)

Dead code detected: Label switch_break is not reachable. (CFAFunctionBuilder.leave, INFO)

Dead code detected: Label switch_break is not reachable. (CFAFunctionBuilder.leave, INFO)

Dead code detected: Label switch_break is not reachable. (CFAFunctionBuilder.leave, INFO)

Dead code detected: Label switch_break is not reachable. (CFAFunctionBuilder.leave, INFO)

Dead code detected: Label switch_break is not reachable. (CFAFunctionBuilder.leave, INFO)

Dead code detected: Label switch_break is not reachable. (CFAFunctionBuilder.leave, INFO)

line 19220: Dead code detected: goto case_1; (CFACreationUtils.addEdgeToCFA, INFO)

line 19224: Dead code detected: goto case_2; (CFACreationUtils.addEdgeToCFA, INFO)

line 19232: Dead code detected: goto case_8; (CFACreationUtils.addEdgeToCFA, INFO)

line 19235: Dead code detected: goto switch_default; (CFACreationUtils.addEdgeToCFA, INFO)

Dead code detected: Label case_8 is not reachable. (CFAFunctionBuilder.leave, INFO)

Dead code detected: Label switch_break is not reachable. (CFAFunctionBuilder.leave, INFO)

Dead code detected: Label switch_default is not reachable. (CFAFunctionBuilder.leave, INFO)

Dead code detected: Label case_1 is not reachable. (CFAFunctionBuilder.leave, INFO)

Dead code detected: Label case_2 is not reachable. (CFAFunctionBuilder.leave, INFO)

Dead code detected: Label switch_break is not reachable. (CFAFunctionBuilder.leave, INFO)

Dead code detected: Label switch_break is not reachable. (CFAFunctionBuilder.leave, INFO)

Dead code detected: Label switch_break is not reachable. (CFAFunctionBuilder.leave, INFO)

line 19580: Dead code detected: goto case_1; (CFACreationUtils.addEdgeToCFA, INFO)

line 19584: Dead code detected: goto case_2; (CFACreationUtils.addEdgeToCFA, INFO)

line 19592: Dead code detected: goto case_8; (CFACreationUtils.addEdgeToCFA, INFO)

line 19595: Dead code detected: goto switch_default; (CFACreationUtils.addEdgeToCFA, INFO)

Dead code detected: Label case_8 is not reachable. (CFAFunctionBuilder.leave, INFO)

Dead code detected: Label switch_break is not reachable. (CFAFunctionBuilder.leave, INFO)

Dead code detected: Label switch_default is not reachable. (CFAFunctionBuilder.leave, INFO)

Dead code detected: Label case_1 is not reachable. (CFAFunctionBuilder.leave, INFO)

Dead code detected: Label case_2 is not reachable. (CFAFunctionBuilder.leave, INFO)

Dead code detected: Label switch_break is not reachable. (CFAFunctionBuilder.leave, INFO)

line 21981: Dead code detected: __ms = 1UL; (CFACreationUtils.addEdgeToCFA, INFO)

line 23063: Dead code detected: __ms = 1UL; (CFACreationUtils.addEdgeToCFA, INFO)

line 23420: Dead code detected: __ms = 1UL; (CFACreationUtils.addEdgeToCFA, INFO)

Dead code detected: Label switch_break is not reachable. (CFAFunctionBuilder.leave, INFO)

Dead code detected: Label switch_break is not reachable. (CFAFunctionBuilder.leave, INFO)

Dead code detected: Label switch_break is not reachable. (CFAFunctionBuilder.leave, INFO)

Dead code detected: Label switch_break is not reachable. (CFAFunctionBuilder.leave, INFO)

Dead code detected: Label switch_break is not reachable. (CFAFunctionBuilder.leave, INFO)

Dead code detected: Label switch_break is not reachable. (CFAFunctionBuilder.leave, INFO)

Dead code detected: Label switch_break is not reachable. (CFAFunctionBuilder.leave, INFO)

Dead code detected: Label switch_break is not reachable. (CFAFunctionBuilder.leave, INFO)

line 29437: Dead code detected: goto case_1; (CFACreationUtils.addEdgeToCFA, INFO)

line 29441: Dead code detected: goto case_2; (CFACreationUtils.addEdgeToCFA, INFO)

line 29449: Dead code detected: goto case_8; (CFACreationUtils.addEdgeToCFA, INFO)

line 29452: Dead code detected: goto switch_default; (CFACreationUtils.addEdgeToCFA, INFO)

Dead code detected: Label case_8 is not reachable. (CFAFunctionBuilder.leave, INFO)

Dead code detected: Label switch_break is not reachable. (CFAFunctionBuilder.leave, INFO)

Dead code detected: Label switch_default is not reachable. (CFAFunctionBuilder.leave, INFO)

Dead code detected: Label case_1 is not reachable. (CFAFunctionBuilder.leave, INFO)

Dead code detected: Label case_2 is not reachable. (CFAFunctionBuilder.leave, INFO)

line 30012: Dead code detected: return (arg0); (CFACreationUtils.addEdgeToCFA, INFO)

line 30133: Dead code detected: return; (CFACreationUtils.addEdgeToCFA, INFO)

line 30282: Dead code detected: return; (CFACreationUtils.addEdgeToCFA, INFO)

line 30317: Dead code detected: return; (CFACreationUtils.addEdgeToCFA, INFO)

line 30512: Dead code detected: goto ldv_started_0; (CFACreationUtils.addEdgeToCFA, INFO)

line 30519: Dead code detected: goto ldv_started_0; (CFACreationUtils.addEdgeToCFA, INFO)

line 30520: Dead code detected: goto ldv_started_0; (CFACreationUtils.addEdgeToCFA, INFO)

line 30526: Dead code detected: goto ldv_started_0; (CFACreationUtils.addEdgeToCFA, INFO)

line 30527: Dead code detected: goto ldv_started_0; (CFACreationUtils.addEdgeToCFA, INFO)

line 30528: Dead code detected: goto ldv_started_0; (CFACreationUtils.addEdgeToCFA, INFO)

line 30536: Dead code detected: goto ldv_started_0; (CFACreationUtils.addEdgeToCFA, INFO)

line 30537: Dead code detected: goto ldv_started_0; (CFACreationUtils.addEdgeToCFA, INFO)

line 30538: Dead code detected: goto ldv_started_0; (CFACreationUtils.addEdgeToCFA, INFO)

line 30539: Dead code detected: goto ldv_started_0; (CFACreationUtils.addEdgeToCFA, INFO)

line 30546: Dead code detected: goto ldv_started_0; (CFACreationUtils.addEdgeToCFA, INFO)

line 30547: Dead code detected: goto ldv_started_0; (CFACreationUtils.addEdgeToCFA, INFO)

line 30548: Dead code detected: goto ldv_started_0; (CFACreationUtils.addEdgeToCFA, INFO)

line 30549: Dead code detected: goto ldv_started_0; (CFACreationUtils.addEdgeToCFA, INFO)

line 30550: Dead code detected: goto ldv_started_0; (CFACreationUtils.addEdgeToCFA, INFO)

line 30557: Dead code detected: goto ldv_started_0; (CFACreationUtils.addEdgeToCFA, INFO)

line 30558: Dead code detected: goto ldv_started_0; (CFACreationUtils.addEdgeToCFA, INFO)

line 30559: Dead code detected: goto ldv_started_0; (CFACreationUtils.addEdgeToCFA, INFO)

line 30560: Dead code detected: goto ldv_started_0; (CFACreationUtils.addEdgeToCFA, INFO)

line 30561: Dead code detected: goto ldv_started_0; (CFACreationUtils.addEdgeToCFA, INFO)

line 30562: Dead code detected: goto ldv_started_0; (CFACreationUtils.addEdgeToCFA, INFO)

line 30569: Dead code detected: goto ldv_started_0; (CFACreationUtils.addEdgeToCFA, INFO)

line 30570: Dead code detected: goto ldv_started_0; (CFACreationUtils.addEdgeToCFA, INFO)

line 30571: Dead code detected: goto ldv_started_0; (CFACreationUtils.addEdgeToCFA, INFO)

line 30572: Dead code detected: goto ldv_started_0; (CFACreationUtils.addEdgeToCFA, INFO)

line 30573: Dead code detected: goto ldv_started_0; (CFACreationUtils.addEdgeToCFA, INFO)

line 30574: Dead code detected: goto ldv_started_0; (CFACreationUtils.addEdgeToCFA, INFO)

line 30575: Dead code detected: goto ldv_started_0; (CFACreationUtils.addEdgeToCFA, INFO)

line 30587: Dead code detected: goto ldv_started_0; (CFACreationUtils.addEdgeToCFA, INFO)

line 30588: Dead code detected: goto ldv_started_0; (CFACreationUtils.addEdgeToCFA, INFO)

line 30589: Dead code detected: goto ldv_started_0; (CFACreationUtils.addEdgeToCFA, INFO)

line 30590: Dead code detected: goto ldv_started_0; (CFACreationUtils.addEdgeToCFA, INFO)

line 30591: Dead code detected: goto ldv_started_0; (CFACreationUtils.addEdgeToCFA, INFO)

line 30592: Dead code detected: goto ldv_started_0; (CFACreationUtils.addEdgeToCFA, INFO)

line 30593: Dead code detected: goto ldv_started_0; (CFACreationUtils.addEdgeToCFA, INFO)

line 30594: Dead code detected: goto ldv_started_0; (CFACreationUtils.addEdgeToCFA, INFO)

line 30604: Dead code detected: goto ldv_started_0; (CFACreationUtils.addEdgeToCFA, INFO)

line 30605: Dead code detected: goto ldv_started_0; (CFACreationUtils.addEdgeToCFA, INFO)

line 30606: Dead code detected: goto ldv_started_0; (CFACreationUtils.addEdgeToCFA, INFO)

line 30607: Dead code detected: goto ldv_started_0; (CFACreationUtils.addEdgeToCFA, INFO)

line 30608: Dead code detected: goto ldv_started_0; (CFACreationUtils.addEdgeToCFA, INFO)

line 30609: Dead code detected: goto ldv_started_0; (CFACreationUtils.addEdgeToCFA, INFO)

line 30610: Dead code detected: goto ldv_started_0; (CFACreationUtils.addEdgeToCFA, INFO)

line 30611: Dead code detected: goto ldv_started_0; (CFACreationUtils.addEdgeToCFA, INFO)

line 30612: Dead code detected: goto ldv_started_0; (CFACreationUtils.addEdgeToCFA, INFO)

line 30626: Dead code detected: goto ldv_started_0; (CFACreationUtils.addEdgeToCFA, INFO)

line 30627: Dead code detected: goto ldv_started_0; (CFACreationUtils.addEdgeToCFA, INFO)

line 30628: Dead code detected: goto ldv_started_0; (CFACreationUtils.addEdgeToCFA, INFO)

line 30629: Dead code detected: goto ldv_started_0; (CFACreationUtils.addEdgeToCFA, INFO)

line 30630: Dead code detected: goto ldv_started_0; (CFACreationUtils.addEdgeToCFA, INFO)

line 30631: Dead code detected: goto ldv_started_0; (CFACreationUtils.addEdgeToCFA, INFO)

line 30632: Dead code detected: goto ldv_started_0; (CFACreationUtils.addEdgeToCFA, INFO)

line 30633: Dead code detected: goto ldv_started_0; (CFACreationUtils.addEdgeToCFA, INFO)

line 30634: Dead code detected: goto ldv_started_0; (CFACreationUtils.addEdgeToCFA, INFO)

line 30635: Dead code detected: goto ldv_started_0; (CFACreationUtils.addEdgeToCFA, INFO)

line 30642: Dead code detected: goto ldv_started_0; (CFACreationUtils.addEdgeToCFA, INFO)

line 30643: Dead code detected: goto ldv_started_0; (CFACreationUtils.addEdgeToCFA, INFO)

line 30644: Dead code detected: goto ldv_started_0; (CFACreationUtils.addEdgeToCFA, INFO)

line 30645: Dead code detected: goto ldv_started_0; (CFACreationUtils.addEdgeToCFA, INFO)

line 30646: Dead code detected: goto ldv_started_0; (CFACreationUtils.addEdgeToCFA, INFO)

line 30647: Dead code detected: goto ldv_started_0; (CFACreationUtils.addEdgeToCFA, INFO)

line 30648: Dead code detected: goto ldv_started_0; (CFACreationUtils.addEdgeToCFA, INFO)

line 30649: Dead code detected: goto ldv_started_0; (CFACreationUtils.addEdgeToCFA, INFO)

line 30650: Dead code detected: goto ldv_started_0; (CFACreationUtils.addEdgeToCFA, INFO)

line 30651: Dead code detected: goto ldv_started_0; (CFACreationUtils.addEdgeToCFA, INFO)

line 30652: Dead code detected: goto ldv_started_0; (CFACreationUtils.addEdgeToCFA, INFO)

line 30658: Dead code detected: goto ldv_started_0; (CFACreationUtils.addEdgeToCFA, INFO)

line 30659: Dead code detected: goto ldv_started_0; (CFACreationUtils.addEdgeToCFA, INFO)

line 30660: Dead code detected: goto ldv_started_0; (CFACreationUtils.addEdgeToCFA, INFO)

line 30661: Dead code detected: goto ldv_started_0; (CFACreationUtils.addEdgeToCFA, INFO)

line 30662: Dead code detected: goto ldv_started_0; (CFACreationUtils.addEdgeToCFA, INFO)

line 30663: Dead code detected: goto ldv_started_0; (CFACreationUtils.addEdgeToCFA, INFO)

line 30664: Dead code detected: goto ldv_started_0; (CFACreationUtils.addEdgeToCFA, INFO)

line 30665: Dead code detected: goto ldv_started_0; (CFACreationUtils.addEdgeToCFA, INFO)

line 30666: Dead code detected: goto ldv_started_0; (CFACreationUtils.addEdgeToCFA, INFO)

line 30667: Dead code detected: goto ldv_started_0; (CFACreationUtils.addEdgeToCFA, INFO)

line 30668: Dead code detected: goto ldv_started_0; (CFACreationUtils.addEdgeToCFA, INFO)

line 30669: Dead code detected: goto ldv_started_0; (CFACreationUtils.addEdgeToCFA, INFO)

line 30676: Dead code detected: goto ldv_started_0; (CFACreationUtils.addEdgeToCFA, INFO)

line 30677: Dead code detected: goto ldv_started_0; (CFACreationUtils.addEdgeToCFA, INFO)

line 30678: Dead code detected: goto ldv_started_0; (CFACreationUtils.addEdgeToCFA, INFO)

line 30679: Dead code detected: goto ldv_started_0; (CFACreationUtils.addEdgeToCFA, INFO)

line 30680: Dead code detected: goto ldv_started_0; (CFACreationUtils.addEdgeToCFA, INFO)

line 30681: Dead code detected: goto ldv_started_0; (CFACreationUtils.addEdgeToCFA, INFO)

line 30682: Dead code detected: goto ldv_started_0; (CFACreationUtils.addEdgeToCFA, INFO)

line 30683: Dead code detected: goto ldv_started_0; (CFACreationUtils.addEdgeToCFA, INFO)

line 30684: Dead code detected: goto ldv_started_0; (CFACreationUtils.addEdgeToCFA, INFO)

line 30685: Dead code detected: goto ldv_started_0; (CFACreationUtils.addEdgeToCFA, INFO)

line 30686: Dead code detected: goto ldv_started_0; (CFACreationUtils.addEdgeToCFA, INFO)

line 30687: Dead code detected: goto ldv_started_0; (CFACreationUtils.addEdgeToCFA, INFO)

line 30688: Dead code detected: goto ldv_started_0; (CFACreationUtils.addEdgeToCFA, INFO)

line 30694: Dead code detected: goto ldv_started_0; (CFACreationUtils.addEdgeToCFA, INFO)

line 30695: Dead code detected: goto ldv_started_0; (CFACreationUtils.addEdgeToCFA, INFO)

line 30696: Dead code detected: goto ldv_started_0; (CFACreationUtils.addEdgeToCFA, INFO)

line 30697: Dead code detected: goto ldv_started_0; (CFACreationUtils.addEdgeToCFA, INFO)

line 30698: Dead code detected: goto ldv_started_0; (CFACreationUtils.addEdgeToCFA, INFO)

line 30699: Dead code detected: goto ldv_started_0; (CFACreationUtils.addEdgeToCFA, INFO)

line 30700: Dead code detected: goto ldv_started_0; (CFACreationUtils.addEdgeToCFA, INFO)

line 30701: Dead code detected: goto ldv_started_0; (CFACreationUtils.addEdgeToCFA, INFO)

line 30702: Dead code detected: goto ldv_started_0; (CFACreationUtils.addEdgeToCFA, INFO)

line 30703: Dead code detected: goto ldv_started_0; (CFACreationUtils.addEdgeToCFA, INFO)

line 30704: Dead code detected: goto ldv_started_0; (CFACreationUtils.addEdgeToCFA, INFO)

line 30705: Dead code detected: goto ldv_started_0; (CFACreationUtils.addEdgeToCFA, INFO)

line 30706: Dead code detected: goto ldv_started_0; (CFACreationUtils.addEdgeToCFA, INFO)

line 30707: Dead code detected: goto ldv_started_0; (CFACreationUtils.addEdgeToCFA, INFO)

line 30713: Dead code detected: goto ldv_started_0; (CFACreationUtils.addEdgeToCFA, INFO)

line 30714: Dead code detected: goto ldv_started_0; (CFACreationUtils.addEdgeToCFA, INFO)

line 30715: Dead code detected: goto ldv_started_0; (CFACreationUtils.addEdgeToCFA, INFO)

line 30716: Dead code detected: goto ldv_started_0; (CFACreationUtils.addEdgeToCFA, INFO)

line 30717: Dead code detected: goto ldv_started_0; (CFACreationUtils.addEdgeToCFA, INFO)

line 30718: Dead code detected: goto ldv_started_0; (CFACreationUtils.addEdgeToCFA, INFO)

line 30719: Dead code detected: goto ldv_started_0; (CFACreationUtils.addEdgeToCFA, INFO)

line 30720: Dead code detected: goto ldv_started_0; (CFACreationUtils.addEdgeToCFA, INFO)

line 30721: Dead code detected: goto ldv_started_0; (CFACreationUtils.addEdgeToCFA, INFO)

line 30722: Dead code detected: goto ldv_started_0; (CFACreationUtils.addEdgeToCFA, INFO)

line 30723: Dead code detected: goto ldv_started_0; (CFACreationUtils.addEdgeToCFA, INFO)

line 30724: Dead code detected: goto ldv_started_0; (CFACreationUtils.addEdgeToCFA, INFO)

line 30725: Dead code detected: goto ldv_started_0; (CFACreationUtils.addEdgeToCFA, INFO)

line 30726: Dead code detected: goto ldv_started_0; (CFACreationUtils.addEdgeToCFA, INFO)

line 30727: Dead code detected: goto ldv_started_0; (CFACreationUtils.addEdgeToCFA, INFO)

line 30735: Dead code detected: goto ldv_started_0; (CFACreationUtils.addEdgeToCFA, INFO)

line 30736: Dead code detected: goto ldv_started_0; (CFACreationUtils.addEdgeToCFA, INFO)

line 30737: Dead code detected: goto ldv_started_0; (CFACreationUtils.addEdgeToCFA, INFO)

line 30738: Dead code detected: goto ldv_started_0; (CFACreationUtils.addEdgeToCFA, INFO)

line 30739: Dead code detected: goto ldv_started_0; (CFACreationUtils.addEdgeToCFA, INFO)

line 30740: Dead code detected: goto ldv_started_0; (CFACreationUtils.addEdgeToCFA, INFO)

line 30741: Dead code detected: goto ldv_started_0; (CFACreationUtils.addEdgeToCFA, INFO)

line 30742: Dead code detected: goto ldv_started_0; (CFACreationUtils.addEdgeToCFA, INFO)

line 30743: Dead code detected: goto ldv_started_0; (CFACreationUtils.addEdgeToCFA, INFO)

line 30744: Dead code detected: goto ldv_started_0; (CFACreationUtils.addEdgeToCFA, INFO)

line 30745: Dead code detected: goto ldv_started_0; (CFACreationUtils.addEdgeToCFA, INFO)

line 30746: Dead code detected: goto ldv_started_0; (CFACreationUtils.addEdgeToCFA, INFO)

line 30747: Dead code detected: goto ldv_started_0; (CFACreationUtils.addEdgeToCFA, INFO)

line 30748: Dead code detected: goto ldv_started_0; (CFACreationUtils.addEdgeToCFA, INFO)

line 30749: Dead code detected: goto ldv_started_0; (CFACreationUtils.addEdgeToCFA, INFO)

line 30750: Dead code detected: goto ldv_started_0; (CFACreationUtils.addEdgeToCFA, INFO)

line 30757: Dead code detected: goto ldv_started_0; (CFACreationUtils.addEdgeToCFA, INFO)

line 30758: Dead code detected: goto ldv_started_0; (CFACreationUtils.addEdgeToCFA, INFO)

line 30759: Dead code detected: goto ldv_started_0; (CFACreationUtils.addEdgeToCFA, INFO)

line 30760: Dead code detected: goto ldv_started_0; (CFACreationUtils.addEdgeToCFA, INFO)

line 30761: Dead code detected: goto ldv_started_0; (CFACreationUtils.addEdgeToCFA, INFO)

line 30762: Dead code detected: goto ldv_started_0; (CFACreationUtils.addEdgeToCFA, INFO)

line 30763: Dead code detected: goto ldv_started_0; (CFACreationUtils.addEdgeToCFA, INFO)

line 30764: Dead code detected: goto ldv_started_0; (CFACreationUtils.addEdgeToCFA, INFO)

line 30765: Dead code detected: goto ldv_started_0; (CFACreationUtils.addEdgeToCFA, INFO)

line 30766: Dead code detected: goto ldv_started_0; (CFACreationUtils.addEdgeToCFA, INFO)

line 30767: Dead code detected: goto ldv_started_0; (CFACreationUtils.addEdgeToCFA, INFO)

line 30768: Dead code detected: goto ldv_started_0; (CFACreationUtils.addEdgeToCFA, INFO)

line 30769: Dead code detected: goto ldv_started_0; (CFACreationUtils.addEdgeToCFA, INFO)

line 30770: Dead code detected: goto ldv_started_0; (CFACreationUtils.addEdgeToCFA, INFO)

line 30771: Dead code detected: goto ldv_started_0; (CFACreationUtils.addEdgeToCFA, INFO)

line 30772: Dead code detected: goto ldv_started_0; (CFACreationUtils.addEdgeToCFA, INFO)

line 30773: Dead code detected: goto ldv_started_0; (CFACreationUtils.addEdgeToCFA, INFO)

line 30779: Dead code detected: goto ldv_started_0; (CFACreationUtils.addEdgeToCFA, INFO)

line 30780: Dead code detected: goto ldv_started_0; (CFACreationUtils.addEdgeToCFA, INFO)

line 30781: Dead code detected: goto ldv_started_0; (CFACreationUtils.addEdgeToCFA, INFO)

line 30782: Dead code detected: goto ldv_started_0; (CFACreationUtils.addEdgeToCFA, INFO)

line 30783: Dead code detected: goto ldv_started_0; (CFACreationUtils.addEdgeToCFA, INFO)

line 30784: Dead code detected: goto ldv_started_0; (CFACreationUtils.addEdgeToCFA, INFO)

line 30785: Dead code detected: goto ldv_started_0; (CFACreationUtils.addEdgeToCFA, INFO)

line 30786: Dead code detected: goto ldv_started_0; (CFACreationUtils.addEdgeToCFA, INFO)

line 30787: Dead code detected: goto ldv_started_0; (CFACreationUtils.addEdgeToCFA, INFO)

line 30788: Dead code detected: goto ldv_started_0; (CFACreationUtils.addEdgeToCFA, INFO)

line 30789: Dead code detected: goto ldv_started_0; (CFACreationUtils.addEdgeToCFA, INFO)

line 30790: Dead code detected: goto ldv_started_0; (CFACreationUtils.addEdgeToCFA, INFO)

line 30791: Dead code detected: goto ldv_started_0; (CFACreationUtils.addEdgeToCFA, INFO)

line 30792: Dead code detected: goto ldv_started_0; (CFACreationUtils.addEdgeToCFA, INFO)

line 30793: Dead code detected: goto ldv_started_0; (CFACreationUtils.addEdgeToCFA, INFO)

line 30794: Dead code detected: goto ldv_started_0; (CFACreationUtils.addEdgeToCFA, INFO)

line 30795: Dead code detected: goto ldv_started_0; (CFACreationUtils.addEdgeToCFA, INFO)

line 30796: Dead code detected: goto ldv_started_0; (CFACreationUtils.addEdgeToCFA, INFO)

line 30806: Dead code detected: goto ldv_started_0; (CFACreationUtils.addEdgeToCFA, INFO)

line 30807: Dead code detected: goto ldv_started_0; (CFACreationUtils.addEdgeToCFA, INFO)

line 30808: Dead code detected: goto ldv_started_0; (CFACreationUtils.addEdgeToCFA, INFO)

line 30809: Dead code detected: goto ldv_started_0; (CFACreationUtils.addEdgeToCFA, INFO)

line 30810: Dead code detected: goto ldv_started_0; (CFACreationUtils.addEdgeToCFA, INFO)

line 30811: Dead code detected: goto ldv_started_0; (CFACreationUtils.addEdgeToCFA, INFO)

line 30812: Dead code detected: goto ldv_started_0; (CFACreationUtils.addEdgeToCFA, INFO)

line 30813: Dead code detected: goto ldv_started_0; (CFACreationUtils.addEdgeToCFA, INFO)

line 30814: Dead code detected: goto ldv_started_0; (CFACreationUtils.addEdgeToCFA, INFO)

line 30815: Dead code detected: goto ldv_started_0; (CFACreationUtils.addEdgeToCFA, INFO)

line 30816: Dead code detected: goto ldv_started_0; (CFACreationUtils.addEdgeToCFA, INFO)

line 30817: Dead code detected: goto ldv_started_0; (CFACreationUtils.addEdgeToCFA, INFO)

line 30818: Dead code detected: goto ldv_started_0; (CFACreationUtils.addEdgeToCFA, INFO)

line 30819: Dead code detected: goto ldv_started_0; (CFACreationUtils.addEdgeToCFA, INFO)

line 30820: Dead code detected: goto ldv_started_0; (CFACreationUtils.addEdgeToCFA, INFO)

line 30821: Dead code detected: goto ldv_started_0; (CFACreationUtils.addEdgeToCFA, INFO)

line 30822: Dead code detected: goto ldv_started_0; (CFACreationUtils.addEdgeToCFA, INFO)

line 30823: Dead code detected: goto ldv_started_0; (CFACreationUtils.addEdgeToCFA, INFO)

line 30824: Dead code detected: goto ldv_started_0; (CFACreationUtils.addEdgeToCFA, INFO)

line 30835: Dead code detected: goto ldv_started_0; (CFACreationUtils.addEdgeToCFA, INFO)

line 30836: Dead code detected: goto ldv_started_0; (CFACreationUtils.addEdgeToCFA, INFO)

line 30837: Dead code detected: goto ldv_started_0; (CFACreationUtils.addEdgeToCFA, INFO)

line 30838: Dead code detected: goto ldv_started_0; (CFACreationUtils.addEdgeToCFA, INFO)

line 30839: Dead code detected: goto ldv_started_0; (CFACreationUtils.addEdgeToCFA, INFO)

line 30840: Dead code detected: goto ldv_started_0; (CFACreationUtils.addEdgeToCFA, INFO)

line 30841: Dead code detected: goto ldv_started_0; (CFACreationUtils.addEdgeToCFA, INFO)

line 30842: Dead code detected: goto ldv_started_0; (CFACreationUtils.addEdgeToCFA, INFO)

line 30843: Dead code detected: goto ldv_started_0; (CFACreationUtils.addEdgeToCFA, INFO)

line 30844: Dead code detected: goto ldv_started_0; (CFACreationUtils.addEdgeToCFA, INFO)

line 30845: Dead code detected: goto ldv_started_0; (CFACreationUtils.addEdgeToCFA, INFO)

line 30846: Dead code detected: goto ldv_started_0; (CFACreationUtils.addEdgeToCFA, INFO)

line 30847: Dead code detected: goto ldv_started_0; (CFACreationUtils.addEdgeToCFA, INFO)

line 30848: Dead code detected: goto ldv_started_0; (CFACreationUtils.addEdgeToCFA, INFO)

line 30849: Dead code detected: goto ldv_started_0; (CFACreationUtils.addEdgeToCFA, INFO)

line 30850: Dead code detected: goto ldv_started_0; (CFACreationUtils.addEdgeToCFA, INFO)

line 30851: Dead code detected: goto ldv_started_0; (CFACreationUtils.addEdgeToCFA, INFO)

line 30852: Dead code detected: goto ldv_started_0; (CFACreationUtils.addEdgeToCFA, INFO)

line 30853: Dead code detected: goto ldv_started_0; (CFACreationUtils.addEdgeToCFA, INFO)

line 30854: Dead code detected: goto ldv_started_0; (CFACreationUtils.addEdgeToCFA, INFO)

line 30860: Dead code detected: goto ldv_started_0; (CFACreationUtils.addEdgeToCFA, INFO)

line 30861: Dead code detected: goto ldv_started_0; (CFACreationUtils.addEdgeToCFA, INFO)

line 30862: Dead code detected: goto ldv_started_0; (CFACreationUtils.addEdgeToCFA, INFO)

line 30863: Dead code detected: goto ldv_started_0; (CFACreationUtils.addEdgeToCFA, INFO)

line 30864: Dead code detected: goto ldv_started_0; (CFACreationUtils.addEdgeToCFA, INFO)

line 30865: Dead code detected: goto ldv_started_0; (CFACreationUtils.addEdgeToCFA, INFO)

line 30866: Dead code detected: goto ldv_started_0; (CFACreationUtils.addEdgeToCFA, INFO)

line 30867: Dead code detected: goto ldv_started_0; (CFACreationUtils.addEdgeToCFA, INFO)

line 30868: Dead code detected: goto ldv_started_0; (CFACreationUtils.addEdgeToCFA, INFO)

line 30869: Dead code detected: goto ldv_started_0; (CFACreationUtils.addEdgeToCFA, INFO)

line 30870: Dead code detected: goto ldv_started_0; (CFACreationUtils.addEdgeToCFA, INFO)

line 30871: Dead code detected: goto ldv_started_0; (CFACreationUtils.addEdgeToCFA, INFO)

line 30872: Dead code detected: goto ldv_started_0; (CFACreationUtils.addEdgeToCFA, INFO)

line 30873: Dead code detected: goto ldv_started_0; (CFACreationUtils.addEdgeToCFA, INFO)

line 30874: Dead code detected: goto ldv_started_0; (CFACreationUtils.addEdgeToCFA, INFO)

line 30875: Dead code detected: goto ldv_started_0; (CFACreationUtils.addEdgeToCFA, INFO)

line 30876: Dead code detected: goto ldv_started_0; (CFACreationUtils.addEdgeToCFA, INFO)

line 30877: Dead code detected: goto ldv_started_0; (CFACreationUtils.addEdgeToCFA, INFO)

line 30878: Dead code detected: goto ldv_started_0; (CFACreationUtils.addEdgeToCFA, INFO)

line 30879: Dead code detected: goto ldv_started_0; (CFACreationUtils.addEdgeToCFA, INFO)

line 30880: Dead code detected: goto ldv_started_0; (CFACreationUtils.addEdgeToCFA, INFO)

line 30887: Dead code detected: goto ldv_started_0; (CFACreationUtils.addEdgeToCFA, INFO)

line 30888: Dead code detected: goto ldv_started_0; (CFACreationUtils.addEdgeToCFA, INFO)

line 30889: Dead code detected: goto ldv_started_0; (CFACreationUtils.addEdgeToCFA, INFO)

line 30890: Dead code detected: goto ldv_started_0; (CFACreationUtils.addEdgeToCFA, INFO)

line 30891: Dead code detected: goto ldv_started_0; (CFACreationUtils.addEdgeToCFA, INFO)

line 30892: Dead code detected: goto ldv_started_0; (CFACreationUtils.addEdgeToCFA, INFO)

line 30893: Dead code detected: goto ldv_started_0; (CFACreationUtils.addEdgeToCFA, INFO)

line 30894: Dead code detected: goto ldv_started_0; (CFACreationUtils.addEdgeToCFA, INFO)

line 30895: Dead code detected: goto ldv_started_0; (CFACreationUtils.addEdgeToCFA, INFO)

line 30896: Dead code detected: goto ldv_started_0; (CFACreationUtils.addEdgeToCFA, INFO)

line 30897: Dead code detected: goto ldv_started_0; (CFACreationUtils.addEdgeToCFA, INFO)

line 30898: Dead code detected: goto ldv_started_0; (CFACreationUtils.addEdgeToCFA, INFO)

line 30899: Dead code detected: goto ldv_started_0; (CFACreationUtils.addEdgeToCFA, INFO)

line 30900: Dead code detected: goto ldv_started_0; (CFACreationUtils.addEdgeToCFA, INFO)

line 30901: Dead code detected: goto ldv_started_0; (CFACreationUtils.addEdgeToCFA, INFO)

line 30902: Dead code detected: goto ldv_started_0; (CFACreationUtils.addEdgeToCFA, INFO)

line 30903: Dead code detected: goto ldv_started_0; (CFACreationUtils.addEdgeToCFA, INFO)

line 30904: Dead code detected: goto ldv_started_0; (CFACreationUtils.addEdgeToCFA, INFO)

line 30905: Dead code detected: goto ldv_started_0; (CFACreationUtils.addEdgeToCFA, INFO)

line 30906: Dead code detected: goto ldv_started_0; (CFACreationUtils.addEdgeToCFA, INFO)

line 30907: Dead code detected: goto ldv_started_0; (CFACreationUtils.addEdgeToCFA, INFO)

line 30908: Dead code detected: goto ldv_started_0; (CFACreationUtils.addEdgeToCFA, INFO)

line 30921: Dead code detected: goto ldv_started_0; (CFACreationUtils.addEdgeToCFA, INFO)

line 30922: Dead code detected: goto ldv_started_0; (CFACreationUtils.addEdgeToCFA, INFO)

line 30923: Dead code detected: goto ldv_started_0; (CFACreationUtils.addEdgeToCFA, INFO)

line 30924: Dead code detected: goto ldv_started_0; (CFACreationUtils.addEdgeToCFA, INFO)

line 30925: Dead code detected: goto ldv_started_0; (CFACreationUtils.addEdgeToCFA, INFO)

line 30926: Dead code detected: goto ldv_started_0; (CFACreationUtils.addEdgeToCFA, INFO)

line 30927: Dead code detected: goto ldv_started_0; (CFACreationUtils.addEdgeToCFA, INFO)

line 30928: Dead code detected: goto ldv_started_0; (CFACreationUtils.addEdgeToCFA, INFO)

line 30929: Dead code detected: goto ldv_started_0; (CFACreationUtils.addEdgeToCFA, INFO)

line 30930: Dead code detected: goto ldv_started_0; (CFACreationUtils.addEdgeToCFA, INFO)

line 30931: Dead code detected: goto ldv_started_0; (CFACreationUtils.addEdgeToCFA, INFO)

line 30932: Dead code detected: goto ldv_started_0; (CFACreationUtils.addEdgeToCFA, INFO)

line 30933: Dead code detected: goto ldv_started_0; (CFACreationUtils.addEdgeToCFA, INFO)

line 30934: Dead code detected: goto ldv_started_0; (CFACreationUtils.addEdgeToCFA, INFO)

line 30935: Dead code detected: goto ldv_started_0; (CFACreationUtils.addEdgeToCFA, INFO)

line 30936: Dead code detected: goto ldv_started_0; (CFACreationUtils.addEdgeToCFA, INFO)

line 30937: Dead code detected: goto ldv_started_0; (CFACreationUtils.addEdgeToCFA, INFO)

line 30938: Dead code detected: goto ldv_started_0; (CFACreationUtils.addEdgeToCFA, INFO)

line 30939: Dead code detected: goto ldv_started_0; (CFACreationUtils.addEdgeToCFA, INFO)

line 30940: Dead code detected: goto ldv_started_0; (CFACreationUtils.addEdgeToCFA, INFO)

line 30941: Dead code detected: goto ldv_started_0; (CFACreationUtils.addEdgeToCFA, INFO)

line 30942: Dead code detected: goto ldv_started_0; (CFACreationUtils.addEdgeToCFA, INFO)

line 30943: Dead code detected: goto ldv_started_0; (CFACreationUtils.addEdgeToCFA, INFO)

line 30949: Dead code detected: goto ldv_started_0; (CFACreationUtils.addEdgeToCFA, INFO)

line 30950: Dead code detected: goto ldv_started_0; (CFACreationUtils.addEdgeToCFA, INFO)

line 30951: Dead code detected: goto ldv_started_0; (CFACreationUtils.addEdgeToCFA, INFO)

line 30952: Dead code detected: goto ldv_started_0; (CFACreationUtils.addEdgeToCFA, INFO)

line 30953: Dead code detected: goto ldv_started_0; (CFACreationUtils.addEdgeToCFA, INFO)

line 30954: Dead code detected: goto ldv_started_0; (CFACreationUtils.addEdgeToCFA, INFO)

line 30955: Dead code detected: goto ldv_started_0; (CFACreationUtils.addEdgeToCFA, INFO)

line 30956: Dead code detected: goto ldv_started_0; (CFACreationUtils.addEdgeToCFA, INFO)

line 30957: Dead code detected: goto ldv_started_0; (CFACreationUtils.addEdgeToCFA, INFO)

line 30958: Dead code detected: goto ldv_started_0; (CFACreationUtils.addEdgeToCFA, INFO)

line 30959: Dead code detected: goto ldv_started_0; (CFACreationUtils.addEdgeToCFA, INFO)

line 30960: Dead code detected: goto ldv_started_0; (CFACreationUtils.addEdgeToCFA, INFO)

line 30961: Dead code detected: goto ldv_started_0; (CFACreationUtils.addEdgeToCFA, INFO)

line 30962: Dead code detected: goto ldv_started_0; (CFACreationUtils.addEdgeToCFA, INFO)

line 30963: Dead code detected: goto ldv_started_0; (CFACreationUtils.addEdgeToCFA, INFO)

line 30964: Dead code detected: goto ldv_started_0; (CFACreationUtils.addEdgeToCFA, INFO)

line 30965: Dead code detected: goto ldv_started_0; (CFACreationUtils.addEdgeToCFA, INFO)

line 30966: Dead code detected: goto ldv_started_0; (CFACreationUtils.addEdgeToCFA, INFO)

line 30967: Dead code detected: goto ldv_started_0; (CFACreationUtils.addEdgeToCFA, INFO)

line 30968: Dead code detected: goto ldv_started_0; (CFACreationUtils.addEdgeToCFA, INFO)

line 30969: Dead code detected: goto ldv_started_0; (CFACreationUtils.addEdgeToCFA, INFO)

line 30970: Dead code detected: goto ldv_started_0; (CFACreationUtils.addEdgeToCFA, INFO)

line 30971: Dead code detected: goto ldv_started_0; (CFACreationUtils.addEdgeToCFA, INFO)

line 30972: Dead code detected: goto ldv_started_0; (CFACreationUtils.addEdgeToCFA, INFO)

line 30978: Dead code detected: goto ldv_started_0; (CFACreationUtils.addEdgeToCFA, INFO)

line 30979: Dead code detected: goto ldv_started_0; (CFACreationUtils.addEdgeToCFA, INFO)

line 30980: Dead code detected: goto ldv_started_0; (CFACreationUtils.addEdgeToCFA, INFO)

line 30981: Dead code detected: goto ldv_started_0; (CFACreationUtils.addEdgeToCFA, INFO)

line 30982: Dead code detected: goto ldv_started_0; (CFACreationUtils.addEdgeToCFA, INFO)

line 30983: Dead code detected: goto ldv_started_0; (CFACreationUtils.addEdgeToCFA, INFO)

line 30984: Dead code detected: goto ldv_started_0; (CFACreationUtils.addEdgeToCFA, INFO)

line 30985: Dead code detected: goto ldv_started_0; (CFACreationUtils.addEdgeToCFA, INFO)

line 30986: Dead code detected: goto ldv_started_0; (CFACreationUtils.addEdgeToCFA, INFO)

line 30987: Dead code detected: goto ldv_started_0; (CFACreationUtils.addEdgeToCFA, INFO)

line 30988: Dead code detected: goto ldv_started_0; (CFACreationUtils.addEdgeToCFA, INFO)

line 30989: Dead code detected: goto ldv_started_0; (CFACreationUtils.addEdgeToCFA, INFO)

line 30990: Dead code detected: goto ldv_started_0; (CFACreationUtils.addEdgeToCFA, INFO)

line 30991: Dead code detected: goto ldv_started_0; (CFACreationUtils.addEdgeToCFA, INFO)

line 30992: Dead code detected: goto ldv_started_0; (CFACreationUtils.addEdgeToCFA, INFO)

line 30993: Dead code detected: goto ldv_started_0; (CFACreationUtils.addEdgeToCFA, INFO)

line 30994: Dead code detected: goto ldv_started_0; (CFACreationUtils.addEdgeToCFA, INFO)

line 30995: Dead code detected: goto ldv_started_0; (CFACreationUtils.addEdgeToCFA, INFO)

line 30996: Dead code detected: goto ldv_started_0; (CFACreationUtils.addEdgeToCFA, INFO)

line 30997: Dead code detected: goto ldv_started_0; (CFACreationUtils.addEdgeToCFA, INFO)

line 30998: Dead code detected: goto ldv_started_0; (CFACreationUtils.addEdgeToCFA, INFO)

line 30999: Dead code detected: goto ldv_started_0; (CFACreationUtils.addEdgeToCFA, INFO)

line 31000: Dead code detected: goto ldv_started_0; (CFACreationUtils.addEdgeToCFA, INFO)

line 31001: Dead code detected: goto ldv_started_0; (CFACreationUtils.addEdgeToCFA, INFO)

line 31002: Dead code detected: goto ldv_started_0; (CFACreationUtils.addEdgeToCFA, INFO)

line 31008: Dead code detected: goto ldv_started_0; (CFACreationUtils.addEdgeToCFA, INFO)

line 31009: Dead code detected: goto ldv_started_0; (CFACreationUtils.addEdgeToCFA, INFO)

line 31010: Dead code detected: goto ldv_started_0; (CFACreationUtils.addEdgeToCFA, INFO)

line 31011: Dead code detected: goto ldv_started_0; (CFACreationUtils.addEdgeToCFA, INFO)

line 31012: Dead code detected: goto ldv_started_0; (CFACreationUtils.addEdgeToCFA, INFO)

line 31013: Dead code detected: goto ldv_started_0; (CFACreationUtils.addEdgeToCFA, INFO)

line 31014: Dead code detected: goto ldv_started_0; (CFACreationUtils.addEdgeToCFA, INFO)

line 31015: Dead code detected: goto ldv_started_0; (CFACreationUtils.addEdgeToCFA, INFO)

line 31016: Dead code detected: goto ldv_started_0; (CFACreationUtils.addEdgeToCFA, INFO)

line 31017: Dead code detected: goto ldv_started_0; (CFACreationUtils.addEdgeToCFA, INFO)

line 31018: Dead code detected: goto ldv_started_0; (CFACreationUtils.addEdgeToCFA, INFO)

line 31019: Dead code detected: goto ldv_started_0; (CFACreationUtils.addEdgeToCFA, INFO)

line 31020: Dead code detected: goto ldv_started_0; (CFACreationUtils.addEdgeToCFA, INFO)

line 31021: Dead code detected: goto ldv_started_0; (CFACreationUtils.addEdgeToCFA, INFO)

line 31022: Dead code detected: goto ldv_started_0; (CFACreationUtils.addEdgeToCFA, INFO)

line 31023: Dead code detected: goto ldv_started_0; (CFACreationUtils.addEdgeToCFA, INFO)

line 31024: Dead code detected: goto ldv_started_0; (CFACreationUtils.addEdgeToCFA, INFO)

line 31025: Dead code detected: goto ldv_started_0; (CFACreationUtils.addEdgeToCFA, INFO)

line 31026: Dead code detected: goto ldv_started_0; (CFACreationUtils.addEdgeToCFA, INFO)

line 31027: Dead code detected: goto ldv_started_0; (CFACreationUtils.addEdgeToCFA, INFO)

line 31028: Dead code detected: goto ldv_started_0; (CFACreationUtils.addEdgeToCFA, INFO)

line 31029: Dead code detected: goto ldv_started_0; (CFACreationUtils.addEdgeToCFA, INFO)

line 31030: Dead code detected: goto ldv_started_0; (CFACreationUtils.addEdgeToCFA, INFO)

line 31031: Dead code detected: goto ldv_started_0; (CFACreationUtils.addEdgeToCFA, INFO)

line 31032: Dead code detected: goto ldv_started_0; (CFACreationUtils.addEdgeToCFA, INFO)

line 31033: Dead code detected: goto ldv_started_0; (CFACreationUtils.addEdgeToCFA, INFO)

line 31039: Dead code detected: goto ldv_started_0; (CFACreationUtils.addEdgeToCFA, INFO)

line 31040: Dead code detected: goto ldv_started_0; (CFACreationUtils.addEdgeToCFA, INFO)

line 31041: Dead code detected: goto ldv_started_0; (CFACreationUtils.addEdgeToCFA, INFO)

line 31042: Dead code detected: goto ldv_started_0; (CFACreationUtils.addEdgeToCFA, INFO)

line 31043: Dead code detected: goto ldv_started_0; (CFACreationUtils.addEdgeToCFA, INFO)

line 31044: Dead code detected: goto ldv_started_0; (CFACreationUtils.addEdgeToCFA, INFO)

line 31045: Dead code detected: goto ldv_started_0; (CFACreationUtils.addEdgeToCFA, INFO)

line 31046: Dead code detected: goto ldv_started_0; (CFACreationUtils.addEdgeToCFA, INFO)

line 31047: Dead code detected: goto ldv_started_0; (CFACreationUtils.addEdgeToCFA, INFO)

line 31048: Dead code detected: goto ldv_started_0; (CFACreationUtils.addEdgeToCFA, INFO)

line 31049: Dead code detected: goto ldv_started_0; (CFACreationUtils.addEdgeToCFA, INFO)

line 31050: Dead code detected: goto ldv_started_0; (CFACreationUtils.addEdgeToCFA, INFO)

line 31051: Dead code detected: goto ldv_started_0; (CFACreationUtils.addEdgeToCFA, INFO)

line 31052: Dead code detected: goto ldv_started_0; (CFACreationUtils.addEdgeToCFA, INFO)

line 31053: Dead code detected: goto ldv_started_0; (CFACreationUtils.addEdgeToCFA, INFO)

line 31054: Dead code detected: goto ldv_started_0; (CFACreationUtils.addEdgeToCFA, INFO)

line 31055: Dead code detected: goto ldv_started_0; (CFACreationUtils.addEdgeToCFA, INFO)

line 31056: Dead code detected: goto ldv_started_0; (CFACreationUtils.addEdgeToCFA, INFO)

line 31057: Dead code detected: goto ldv_started_0; (CFACreationUtils.addEdgeToCFA, INFO)

line 31058: Dead code detected: goto ldv_started_0; (CFACreationUtils.addEdgeToCFA, INFO)

line 31059: Dead code detected: goto ldv_started_0; (CFACreationUtils.addEdgeToCFA, INFO)

line 31060: Dead code detected: goto ldv_started_0; (CFACreationUtils.addEdgeToCFA, INFO)

line 31061: Dead code detected: goto ldv_started_0; (CFACreationUtils.addEdgeToCFA, INFO)

line 31062: Dead code detected: goto ldv_started_0; (CFACreationUtils.addEdgeToCFA, INFO)

line 31063: Dead code detected: goto ldv_started_0; (CFACreationUtils.addEdgeToCFA, INFO)

line 31064: Dead code detected: goto ldv_started_0; (CFACreationUtils.addEdgeToCFA, INFO)

line 31065: Dead code detected: goto ldv_started_0; (CFACreationUtils.addEdgeToCFA, INFO)

line 31071: Dead code detected: goto ldv_started_0; (CFACreationUtils.addEdgeToCFA, INFO)

line 31072: Dead code detected: goto ldv_started_0; (CFACreationUtils.addEdgeToCFA, INFO)

line 31073: Dead code detected: goto ldv_started_0; (CFACreationUtils.addEdgeToCFA, INFO)

line 31074: Dead code detected: goto ldv_started_0; (CFACreationUtils.addEdgeToCFA, INFO)

line 31075: Dead code detected: goto ldv_started_0; (CFACreationUtils.addEdgeToCFA, INFO)

line 31076: Dead code detected: goto ldv_started_0; (CFACreationUtils.addEdgeToCFA, INFO)

line 31077: Dead code detected: goto ldv_started_0; (CFACreationUtils.addEdgeToCFA, INFO)

line 31078: Dead code detected: goto ldv_started_0; (CFACreationUtils.addEdgeToCFA, INFO)

line 31079: Dead code detected: goto ldv_started_0; (CFACreationUtils.addEdgeToCFA, INFO)

line 31080: Dead code detected: goto ldv_started_0; (CFACreationUtils.addEdgeToCFA, INFO)

line 31081: Dead code detected: goto ldv_started_0; (CFACreationUtils.addEdgeToCFA, INFO)

line 31082: Dead code detected: goto ldv_started_0; (CFACreationUtils.addEdgeToCFA, INFO)

line 31083: Dead code detected: goto ldv_started_0; (CFACreationUtils.addEdgeToCFA, INFO)

line 31084: Dead code detected: goto ldv_started_0; (CFACreationUtils.addEdgeToCFA, INFO)

line 31085: Dead code detected: goto ldv_started_0; (CFACreationUtils.addEdgeToCFA, INFO)

line 31086: Dead code detected: goto ldv_started_0; (CFACreationUtils.addEdgeToCFA, INFO)

line 31087: Dead code detected: goto ldv_started_0; (CFACreationUtils.addEdgeToCFA, INFO)

line 31088: Dead code detected: goto ldv_started_0; (CFACreationUtils.addEdgeToCFA, INFO)

line 31089: Dead code detected: goto ldv_started_0; (CFACreationUtils.addEdgeToCFA, INFO)

line 31090: Dead code detected: goto ldv_started_0; (CFACreationUtils.addEdgeToCFA, INFO)

line 31091: Dead code detected: goto ldv_started_0; (CFACreationUtils.addEdgeToCFA, INFO)

line 31092: Dead code detected: goto ldv_started_0; (CFACreationUtils.addEdgeToCFA, INFO)

line 31093: Dead code detected: goto ldv_started_0; (CFACreationUtils.addEdgeToCFA, INFO)

line 31094: Dead code detected: goto ldv_started_0; (CFACreationUtils.addEdgeToCFA, INFO)

line 31095: Dead code detected: goto ldv_started_0; (CFACreationUtils.addEdgeToCFA, INFO)

line 31096: Dead code detected: goto ldv_started_0; (CFACreationUtils.addEdgeToCFA, INFO)

line 31097: Dead code detected: goto ldv_started_0; (CFACreationUtils.addEdgeToCFA, INFO)

line 31098: Dead code detected: goto ldv_started_0; (CFACreationUtils.addEdgeToCFA, INFO)

line 31104: Dead code detected: goto ldv_started_0; (CFACreationUtils.addEdgeToCFA, INFO)

line 31105: Dead code detected: goto ldv_started_0; (CFACreationUtils.addEdgeToCFA, INFO)

line 31106: Dead code detected: goto ldv_started_0; (CFACreationUtils.addEdgeToCFA, INFO)

line 31107: Dead code detected: goto ldv_started_0; (CFACreationUtils.addEdgeToCFA, INFO)

line 31108: Dead code detected: goto ldv_started_0; (CFACreationUtils.addEdgeToCFA, INFO)

line 31109: Dead code detected: goto ldv_started_0; (CFACreationUtils.addEdgeToCFA, INFO)

line 31110: Dead code detected: goto ldv_started_0; (CFACreationUtils.addEdgeToCFA, INFO)

line 31111: Dead code detected: goto ldv_started_0; (CFACreationUtils.addEdgeToCFA, INFO)

line 31112: Dead code detected: goto ldv_started_0; (CFACreationUtils.addEdgeToCFA, INFO)

line 31113: Dead code detected: goto ldv_started_0; (CFACreationUtils.addEdgeToCFA, INFO)

line 31114: Dead code detected: goto ldv_started_0; (CFACreationUtils.addEdgeToCFA, INFO)

line 31115: Dead code detected: goto ldv_started_0; (CFACreationUtils.addEdgeToCFA, INFO)

line 31116: Dead code detected: goto ldv_started_0; (CFACreationUtils.addEdgeToCFA, INFO)

line 31117: Dead code detected: goto ldv_started_0; (CFACreationUtils.addEdgeToCFA, INFO)

line 31118: Dead code detected: goto ldv_started_0; (CFACreationUtils.addEdgeToCFA, INFO)

line 31119: Dead code detected: goto ldv_started_0; (CFACreationUtils.addEdgeToCFA, INFO)

line 31120: Dead code detected: goto ldv_started_0; (CFACreationUtils.addEdgeToCFA, INFO)

line 31121: Dead code detected: goto ldv_started_0; (CFACreationUtils.addEdgeToCFA, INFO)

line 31122: Dead code detected: goto ldv_started_0; (CFACreationUtils.addEdgeToCFA, INFO)

line 31123: Dead code detected: goto ldv_started_0; (CFACreationUtils.addEdgeToCFA, INFO)

line 31124: Dead code detected: goto ldv_started_0; (CFACreationUtils.addEdgeToCFA, INFO)

line 31125: Dead code detected: goto ldv_started_0; (CFACreationUtils.addEdgeToCFA, INFO)

line 31126: Dead code detected: goto ldv_started_0; (CFACreationUtils.addEdgeToCFA, INFO)

line 31127: Dead code detected: goto ldv_started_0; (CFACreationUtils.addEdgeToCFA, INFO)

line 31128: Dead code detected: goto ldv_started_0; (CFACreationUtils.addEdgeToCFA, INFO)

line 31129: Dead code detected: goto ldv_started_0; (CFACreationUtils.addEdgeToCFA, INFO)

line 31130: Dead code detected: goto ldv_started_0; (CFACreationUtils.addEdgeToCFA, INFO)

line 31131: Dead code detected: goto ldv_started_0; (CFACreationUtils.addEdgeToCFA, INFO)

line 31132: Dead code detected: goto ldv_started_0; (CFACreationUtils.addEdgeToCFA, INFO)

line 31140: Dead code detected: goto ldv_started_0; (CFACreationUtils.addEdgeToCFA, INFO)

line 31141: Dead code detected: goto ldv_started_0; (CFACreationUtils.addEdgeToCFA, INFO)

line 31142: Dead code detected: goto ldv_started_0; (CFACreationUtils.addEdgeToCFA, INFO)

line 31143: Dead code detected: goto ldv_started_0; (CFACreationUtils.addEdgeToCFA, INFO)

line 31144: Dead code detected: goto ldv_started_0; (CFACreationUtils.addEdgeToCFA, INFO)

line 31145: Dead code detected: goto ldv_started_0; (CFACreationUtils.addEdgeToCFA, INFO)

line 31146: Dead code detected: goto ldv_started_0; (CFACreationUtils.addEdgeToCFA, INFO)

line 31147: Dead code detected: goto ldv_started_0; (CFACreationUtils.addEdgeToCFA, INFO)

line 31148: Dead code detected: goto ldv_started_0; (CFACreationUtils.addEdgeToCFA, INFO)

line 31149: Dead code detected: goto ldv_started_0; (CFACreationUtils.addEdgeToCFA, INFO)

line 31150: Dead code detected: goto ldv_started_0; (CFACreationUtils.addEdgeToCFA, INFO)

line 31151: Dead code detected: goto ldv_started_0; (CFACreationUtils.addEdgeToCFA, INFO)

line 31152: Dead code detected: goto ldv_started_0; (CFACreationUtils.addEdgeToCFA, INFO)

line 31153: Dead code detected: goto ldv_started_0; (CFACreationUtils.addEdgeToCFA, INFO)

line 31154: Dead code detected: goto ldv_started_0; (CFACreationUtils.addEdgeToCFA, INFO)

line 31155: Dead code detected: goto ldv_started_0; (CFACreationUtils.addEdgeToCFA, INFO)

line 31156: Dead code detected: goto ldv_started_0; (CFACreationUtils.addEdgeToCFA, INFO)

line 31157: Dead code detected: goto ldv_started_0; (CFACreationUtils.addEdgeToCFA, INFO)

line 31158: Dead code detected: goto ldv_started_0; (CFACreationUtils.addEdgeToCFA, INFO)

line 31159: Dead code detected: goto ldv_started_0; (CFACreationUtils.addEdgeToCFA, INFO)

line 31160: Dead code detected: goto ldv_started_0; (CFACreationUtils.addEdgeToCFA, INFO)

line 31161: Dead code detected: goto ldv_started_0; (CFACreationUtils.addEdgeToCFA, INFO)

line 31162: Dead code detected: goto ldv_started_0; (CFACreationUtils.addEdgeToCFA, INFO)

line 31163: Dead code detected: goto ldv_started_0; (CFACreationUtils.addEdgeToCFA, INFO)

line 31164: Dead code detected: goto ldv_started_0; (CFACreationUtils.addEdgeToCFA, INFO)

line 31165: Dead code detected: goto ldv_started_0; (CFACreationUtils.addEdgeToCFA, INFO)

line 31166: Dead code detected: goto ldv_started_0; (CFACreationUtils.addEdgeToCFA, INFO)

line 31167: Dead code detected: goto ldv_started_0; (CFACreationUtils.addEdgeToCFA, INFO)

line 31168: Dead code detected: goto ldv_started_0; (CFACreationUtils.addEdgeToCFA, INFO)

line 31169: Dead code detected: goto ldv_started_0; (CFACreationUtils.addEdgeToCFA, INFO)

line 31179: Dead code detected: goto ldv_started_0; (CFACreationUtils.addEdgeToCFA, INFO)

line 31180: Dead code detected: goto ldv_started_0; (CFACreationUtils.addEdgeToCFA, INFO)

line 31181: Dead code detected: goto ldv_started_0; (CFACreationUtils.addEdgeToCFA, INFO)

line 31182: Dead code detected: goto ldv_started_0; (CFACreationUtils.addEdgeToCFA, INFO)

line 31183: Dead code detected: goto ldv_started_0; (CFACreationUtils.addEdgeToCFA, INFO)

line 31184: Dead code detected: goto ldv_started_0; (CFACreationUtils.addEdgeToCFA, INFO)

line 31185: Dead code detected: goto ldv_started_0; (CFACreationUtils.addEdgeToCFA, INFO)

line 31186: Dead code detected: goto ldv_started_0; (CFACreationUtils.addEdgeToCFA, INFO)

line 31187: Dead code detected: goto ldv_started_0; (CFACreationUtils.addEdgeToCFA, INFO)

line 31188: Dead code detected: goto ldv_started_0; (CFACreationUtils.addEdgeToCFA, INFO)

line 31189: Dead code detected: goto ldv_started_0; (CFACreationUtils.addEdgeToCFA, INFO)

line 31190: Dead code detected: goto ldv_started_0; (CFACreationUtils.addEdgeToCFA, INFO)

line 31191: Dead code detected: goto ldv_started_0; (CFACreationUtils.addEdgeToCFA, INFO)

line 31192: Dead code detected: goto ldv_started_0; (CFACreationUtils.addEdgeToCFA, INFO)

line 31193: Dead code detected: goto ldv_started_0; (CFACreationUtils.addEdgeToCFA, INFO)

line 31194: Dead code detected: goto ldv_started_0; (CFACreationUtils.addEdgeToCFA, INFO)

line 31195: Dead code detected: goto ldv_started_0; (CFACreationUtils.addEdgeToCFA, INFO)

line 31196: Dead code detected: goto ldv_started_0; (CFACreationUtils.addEdgeToCFA, INFO)

line 31197: Dead code detected: goto ldv_started_0; (CFACreationUtils.addEdgeToCFA, INFO)

line 31198: Dead code detected: goto ldv_started_0; (CFACreationUtils.addEdgeToCFA, INFO)

line 31199: Dead code detected: goto ldv_started_0; (CFACreationUtils.addEdgeToCFA, INFO)

line 31200: Dead code detected: goto ldv_started_0; (CFACreationUtils.addEdgeToCFA, INFO)

line 31201: Dead code detected: goto ldv_started_0; (CFACreationUtils.addEdgeToCFA, INFO)

line 31202: Dead code detected: goto ldv_started_0; (CFACreationUtils.addEdgeToCFA, INFO)

line 31203: Dead code detected: goto ldv_started_0; (CFACreationUtils.addEdgeToCFA, INFO)

line 31204: Dead code detected: goto ldv_started_0; (CFACreationUtils.addEdgeToCFA, INFO)

line 31205: Dead code detected: goto ldv_started_0; (CFACreationUtils.addEdgeToCFA, INFO)

line 31206: Dead code detected: goto ldv_started_0; (CFACreationUtils.addEdgeToCFA, INFO)

line 31207: Dead code detected: goto ldv_started_0; (CFACreationUtils.addEdgeToCFA, INFO)

line 31208: Dead code detected: goto ldv_started_0; (CFACreationUtils.addEdgeToCFA, INFO)

line 31209: Dead code detected: goto ldv_started_0; (CFACreationUtils.addEdgeToCFA, INFO)

line 31219: Dead code detected: goto ldv_started_0; (CFACreationUtils.addEdgeToCFA, INFO)

line 31220: Dead code detected: goto ldv_started_0; (CFACreationUtils.addEdgeToCFA, INFO)

line 31221: Dead code detected: goto ldv_started_0; (CFACreationUtils.addEdgeToCFA, INFO)

line 31222: Dead code detected: goto ldv_started_0; (CFACreationUtils.addEdgeToCFA, INFO)

line 31223: Dead code detected: goto ldv_started_0; (CFACreationUtils.addEdgeToCFA, INFO)

line 31224: Dead code detected: goto ldv_started_0; (CFACreationUtils.addEdgeToCFA, INFO)

line 31225: Dead code detected: goto ldv_started_0; (CFACreationUtils.addEdgeToCFA, INFO)

line 31226: Dead code detected: goto ldv_started_0; (CFACreationUtils.addEdgeToCFA, INFO)

line 31227: Dead code detected: goto ldv_started_0; (CFACreationUtils.addEdgeToCFA, INFO)

line 31228: Dead code detected: goto ldv_started_0; (CFACreationUtils.addEdgeToCFA, INFO)

line 31229: Dead code detected: goto ldv_started_0; (CFACreationUtils.addEdgeToCFA, INFO)

line 31230: Dead code detected: goto ldv_started_0; (CFACreationUtils.addEdgeToCFA, INFO)

line 31231: Dead code detected: goto ldv_started_0; (CFACreationUtils.addEdgeToCFA, INFO)

line 31232: Dead code detected: goto ldv_started_0; (CFACreationUtils.addEdgeToCFA, INFO)

line 31233: Dead code detected: goto ldv_started_0; (CFACreationUtils.addEdgeToCFA, INFO)

line 31234: Dead code detected: goto ldv_started_0; (CFACreationUtils.addEdgeToCFA, INFO)

line 31235: Dead code detected: goto ldv_started_0; (CFACreationUtils.addEdgeToCFA, INFO)

line 31236: Dead code detected: goto ldv_started_0; (CFACreationUtils.addEdgeToCFA, INFO)

line 31237: Dead code detected: goto ldv_started_0; (CFACreationUtils.addEdgeToCFA, INFO)

line 31238: Dead code detected: goto ldv_started_0; (CFACreationUtils.addEdgeToCFA, INFO)

line 31239: Dead code detected: goto ldv_started_0; (CFACreationUtils.addEdgeToCFA, INFO)

line 31240: Dead code detected: goto ldv_started_0; (CFACreationUtils.addEdgeToCFA, INFO)

line 31241: Dead code detected: goto ldv_started_0; (CFACreationUtils.addEdgeToCFA, INFO)

line 31242: Dead code detected: goto ldv_started_0; (CFACreationUtils.addEdgeToCFA, INFO)

line 31243: Dead code detected: goto ldv_started_0; (CFACreationUtils.addEdgeToCFA, INFO)

line 31244: Dead code detected: goto ldv_started_0; (CFACreationUtils.addEdgeToCFA, INFO)

line 31245: Dead code detected: goto ldv_started_0; (CFACreationUtils.addEdgeToCFA, INFO)

line 31246: Dead code detected: goto ldv_started_0; (CFACreationUtils.addEdgeToCFA, INFO)

line 31247: Dead code detected: goto ldv_started_0; (CFACreationUtils.addEdgeToCFA, INFO)

line 31248: Dead code detected: goto ldv_started_0; (CFACreationUtils.addEdgeToCFA, INFO)

line 31249: Dead code detected: goto ldv_started_0; (CFACreationUtils.addEdgeToCFA, INFO)

line 31250: Dead code detected: goto ldv_started_0; (CFACreationUtils.addEdgeToCFA, INFO)

line 31256: Dead code detected: goto ldv_started_0; (CFACreationUtils.addEdgeToCFA, INFO)

line 31257: Dead code detected: goto ldv_started_0; (CFACreationUtils.addEdgeToCFA, INFO)

line 31258: Dead code detected: goto ldv_started_0; (CFACreationUtils.addEdgeToCFA, INFO)

line 31259: Dead code detected: goto ldv_started_0; (CFACreationUtils.addEdgeToCFA, INFO)

line 31260: Dead code detected: goto ldv_started_0; (CFACreationUtils.addEdgeToCFA, INFO)

line 31261: Dead code detected: goto ldv_started_0; (CFACreationUtils.addEdgeToCFA, INFO)

line 31262: Dead code detected: goto ldv_started_0; (CFACreationUtils.addEdgeToCFA, INFO)

line 31263: Dead code detected: goto ldv_started_0; (CFACreationUtils.addEdgeToCFA, INFO)

line 31264: Dead code detected: goto ldv_started_0; (CFACreationUtils.addEdgeToCFA, INFO)

line 31265: Dead code detected: goto ldv_started_0; (CFACreationUtils.addEdgeToCFA, INFO)

line 31266: Dead code detected: goto ldv_started_0; (CFACreationUtils.addEdgeToCFA, INFO)

line 31267: Dead code detected: goto ldv_started_0; (CFACreationUtils.addEdgeToCFA, INFO)

line 31268: Dead code detected: goto ldv_started_0; (CFACreationUtils.addEdgeToCFA, INFO)

line 31269: Dead code detected: goto ldv_started_0; (CFACreationUtils.addEdgeToCFA, INFO)

line 31270: Dead code detected: goto ldv_started_0; (CFACreationUtils.addEdgeToCFA, INFO)

line 31271: Dead code detected: goto ldv_started_0; (CFACreationUtils.addEdgeToCFA, INFO)

line 31272: Dead code detected: goto ldv_started_0; (CFACreationUtils.addEdgeToCFA, INFO)

line 31273: Dead code detected: goto ldv_started_0; (CFACreationUtils.addEdgeToCFA, INFO)

line 31274: Dead code detected: goto ldv_started_0; (CFACreationUtils.addEdgeToCFA, INFO)

line 31275: Dead code detected: goto ldv_started_0; (CFACreationUtils.addEdgeToCFA, INFO)

line 31276: Dead code detected: goto ldv_started_0; (CFACreationUtils.addEdgeToCFA, INFO)

line 31277: Dead code detected: goto ldv_started_0; (CFACreationUtils.addEdgeToCFA, INFO)

line 31278: Dead code detected: goto ldv_started_0; (CFACreationUtils.addEdgeToCFA, INFO)

line 31279: Dead code detected: goto ldv_started_0; (CFACreationUtils.addEdgeToCFA, INFO)

line 31280: Dead code detected: goto ldv_started_0; (CFACreationUtils.addEdgeToCFA, INFO)

line 31281: Dead code detected: goto ldv_started_0; (CFACreationUtils.addEdgeToCFA, INFO)

line 31282: Dead code detected: goto ldv_started_0; (CFACreationUtils.addEdgeToCFA, INFO)

line 31283: Dead code detected: goto ldv_started_0; (CFACreationUtils.addEdgeToCFA, INFO)

line 31284: Dead code detected: goto ldv_started_0; (CFACreationUtils.addEdgeToCFA, INFO)

line 31285: Dead code detected: goto ldv_started_0; (CFACreationUtils.addEdgeToCFA, INFO)

line 31286: Dead code detected: goto ldv_started_0; (CFACreationUtils.addEdgeToCFA, INFO)

line 31287: Dead code detected: goto ldv_started_0; (CFACreationUtils.addEdgeToCFA, INFO)

line 31288: Dead code detected: goto ldv_started_0; (CFACreationUtils.addEdgeToCFA, INFO)

line 31295: Dead code detected: goto ldv_started_0; (CFACreationUtils.addEdgeToCFA, INFO)

line 31296: Dead code detected: goto ldv_started_0; (CFACreationUtils.addEdgeToCFA, INFO)

line 31297: Dead code detected: goto ldv_started_0; (CFACreationUtils.addEdgeToCFA, INFO)

line 31298: Dead code detected: goto ldv_started_0; (CFACreationUtils.addEdgeToCFA, INFO)

line 31299: Dead code detected: goto ldv_started_0; (CFACreationUtils.addEdgeToCFA, INFO)

line 31300: Dead code detected: goto ldv_started_0; (CFACreationUtils.addEdgeToCFA, INFO)

line 31301: Dead code detected: goto ldv_started_0; (CFACreationUtils.addEdgeToCFA, INFO)

line 31302: Dead code detected: goto ldv_started_0; (CFACreationUtils.addEdgeToCFA, INFO)

line 31303: Dead code detected: goto ldv_started_0; (CFACreationUtils.addEdgeToCFA, INFO)

line 31304: Dead code detected: goto ldv_started_0; (CFACreationUtils.addEdgeToCFA, INFO)

line 31305: Dead code detected: goto ldv_started_0; (CFACreationUtils.addEdgeToCFA, INFO)

line 31306: Dead code detected: goto ldv_started_0; (CFACreationUtils.addEdgeToCFA, INFO)

line 31307: Dead code detected: goto ldv_started_0; (CFACreationUtils.addEdgeToCFA, INFO)

line 31308: Dead code detected: goto ldv_started_0; (CFACreationUtils.addEdgeToCFA, INFO)

line 31309: Dead code detected: goto ldv_started_0; (CFACreationUtils.addEdgeToCFA, INFO)

line 31310: Dead code detected: goto ldv_started_0; (CFACreationUtils.addEdgeToCFA, INFO)

line 31311: Dead code detected: goto ldv_started_0; (CFACreationUtils.addEdgeToCFA, INFO)

line 31312: Dead code detected: goto ldv_started_0; (CFACreationUtils.addEdgeToCFA, INFO)

line 31313: Dead code detected: goto ldv_started_0; (CFACreationUtils.addEdgeToCFA, INFO)

line 31314: Dead code detected: goto ldv_started_0; (CFACreationUtils.addEdgeToCFA, INFO)

line 31315: Dead code detected: goto ldv_started_0; (CFACreationUtils.addEdgeToCFA, INFO)

line 31316: Dead code detected: goto ldv_started_0; (CFACreationUtils.addEdgeToCFA, INFO)

line 31317: Dead code detected: goto ldv_started_0; (CFACreationUtils.addEdgeToCFA, INFO)

line 31318: Dead code detected: goto ldv_started_0; (CFACreationUtils.addEdgeToCFA, INFO)

line 31319: Dead code detected: goto ldv_started_0; (CFACreationUtils.addEdgeToCFA, INFO)

line 31320: Dead code detected: goto ldv_started_0; (CFACreationUtils.addEdgeToCFA, INFO)

line 31321: Dead code detected: goto ldv_started_0; (CFACreationUtils.addEdgeToCFA, INFO)

line 31322: Dead code detected: goto ldv_started_0; (CFACreationUtils.addEdgeToCFA, INFO)

line 31323: Dead code detected: goto ldv_started_0; (CFACreationUtils.addEdgeToCFA, INFO)

line 31324: Dead code detected: goto ldv_started_0; (CFACreationUtils.addEdgeToCFA, INFO)

line 31325: Dead code detected: goto ldv_started_0; (CFACreationUtils.addEdgeToCFA, INFO)

line 31326: Dead code detected: goto ldv_started_0; (CFACreationUtils.addEdgeToCFA, INFO)

line 31327: Dead code detected: goto ldv_started_0; (CFACreationUtils.addEdgeToCFA, INFO)

line 31328: Dead code detected: goto ldv_started_0; (CFACreationUtils.addEdgeToCFA, INFO)

line 31344: Dead code detected: goto ldv_started_0; (CFACreationUtils.addEdgeToCFA, INFO)

line 31345: Dead code detected: goto ldv_started_0; (CFACreationUtils.addEdgeToCFA, INFO)

line 31346: Dead code detected: goto ldv_started_0; (CFACreationUtils.addEdgeToCFA, INFO)

line 31347: Dead code detected: goto ldv_started_0; (CFACreationUtils.addEdgeToCFA, INFO)

line 31348: Dead code detected: goto ldv_started_0; (CFACreationUtils.addEdgeToCFA, INFO)

line 31349: Dead code detected: goto ldv_started_0; (CFACreationUtils.addEdgeToCFA, INFO)

line 31350: Dead code detected: goto ldv_started_0; (CFACreationUtils.addEdgeToCFA, INFO)

line 31351: Dead code detected: goto ldv_started_0; (CFACreationUtils.addEdgeToCFA, INFO)

line 31352: Dead code detected: goto ldv_started_0; (CFACreationUtils.addEdgeToCFA, INFO)

line 31353: Dead code detected: goto ldv_started_0; (CFACreationUtils.addEdgeToCFA, INFO)

line 31354: Dead code detected: goto ldv_started_0; (CFACreationUtils.addEdgeToCFA, INFO)

line 31355: Dead code detected: goto ldv_started_0; (CFACreationUtils.addEdgeToCFA, INFO)

line 31356: Dead code detected: goto ldv_started_0; (CFACreationUtils.addEdgeToCFA, INFO)

line 31357: Dead code detected: goto ldv_started_0; (CFACreationUtils.addEdgeToCFA, INFO)

line 31358: Dead code detected: goto ldv_started_0; (CFACreationUtils.addEdgeToCFA, INFO)

line 31359: Dead code detected: goto ldv_started_0; (CFACreationUtils.addEdgeToCFA, INFO)

line 31360: Dead code detected: goto ldv_started_0; (CFACreationUtils.addEdgeToCFA, INFO)

line 31361: Dead code detected: goto ldv_started_0; (CFACreationUtils.addEdgeToCFA, INFO)

line 31362: Dead code detected: goto ldv_started_0; (CFACreationUtils.addEdgeToCFA, INFO)

line 31363: Dead code detected: goto ldv_started_0; (CFACreationUtils.addEdgeToCFA, INFO)

line 31364: Dead code detected: goto ldv_started_0; (CFACreationUtils.addEdgeToCFA, INFO)

line 31365: Dead code detected: goto ldv_started_0; (CFACreationUtils.addEdgeToCFA, INFO)

line 31366: Dead code detected: goto ldv_started_0; (CFACreationUtils.addEdgeToCFA, INFO)

line 31367: Dead code detected: goto ldv_started_0; (CFACreationUtils.addEdgeToCFA, INFO)

line 31368: Dead code detected: goto ldv_started_0; (CFACreationUtils.addEdgeToCFA, INFO)

line 31369: Dead code detected: goto ldv_started_0; (CFACreationUtils.addEdgeToCFA, INFO)

line 31370: Dead code detected: goto ldv_started_0; (CFACreationUtils.addEdgeToCFA, INFO)

line 31371: Dead code detected: goto ldv_started_0; (CFACreationUtils.addEdgeToCFA, INFO)

line 31372: Dead code detected: goto ldv_started_0; (CFACreationUtils.addEdgeToCFA, INFO)

line 31373: Dead code detected: goto ldv_started_0; (CFACreationUtils.addEdgeToCFA, INFO)

line 31374: Dead code detected: goto ldv_started_0; (CFACreationUtils.addEdgeToCFA, INFO)

line 31375: Dead code detected: goto ldv_started_0; (CFACreationUtils.addEdgeToCFA, INFO)

line 31376: Dead code detected: goto ldv_started_0; (CFACreationUtils.addEdgeToCFA, INFO)

line 31377: Dead code detected: goto ldv_started_0; (CFACreationUtils.addEdgeToCFA, INFO)

line 31378: Dead code detected: goto ldv_started_0; (CFACreationUtils.addEdgeToCFA, INFO)

line 31389: Dead code detected: goto ldv_started_0; (CFACreationUtils.addEdgeToCFA, INFO)

line 31390: Dead code detected: goto ldv_started_0; (CFACreationUtils.addEdgeToCFA, INFO)

line 31391: Dead code detected: goto ldv_started_0; (CFACreationUtils.addEdgeToCFA, INFO)

line 31392: Dead code detected: goto ldv_started_0; (CFACreationUtils.addEdgeToCFA, INFO)

line 31393: Dead code detected: goto ldv_started_0; (CFACreationUtils.addEdgeToCFA, INFO)

line 31394: Dead code detected: goto ldv_started_0; (CFACreationUtils.addEdgeToCFA, INFO)

line 31395: Dead code detected: goto ldv_started_0; (CFACreationUtils.addEdgeToCFA, INFO)

line 31396: Dead code detected: goto ldv_started_0; (CFACreationUtils.addEdgeToCFA, INFO)

line 31397: Dead code detected: goto ldv_started_0; (CFACreationUtils.addEdgeToCFA, INFO)

line 31398: Dead code detected: goto ldv_started_0; (CFACreationUtils.addEdgeToCFA, INFO)

line 31399: Dead code detected: goto ldv_started_0; (CFACreationUtils.addEdgeToCFA, INFO)

line 31400: Dead code detected: goto ldv_started_0; (CFACreationUtils.addEdgeToCFA, INFO)

line 31401: Dead code detected: goto ldv_started_0; (CFACreationUtils.addEdgeToCFA, INFO)

line 31402: Dead code detected: goto ldv_started_0; (CFACreationUtils.addEdgeToCFA, INFO)

line 31403: Dead code detected: goto ldv_started_0; (CFACreationUtils.addEdgeToCFA, INFO)

line 31404: Dead code detected: goto ldv_started_0; (CFACreationUtils.addEdgeToCFA, INFO)

line 31405: Dead code detected: goto ldv_started_0; (CFACreationUtils.addEdgeToCFA, INFO)

line 31406: Dead code detected: goto ldv_started_0; (CFACreationUtils.addEdgeToCFA, INFO)

line 31407: Dead code detected: goto ldv_started_0; (CFACreationUtils.addEdgeToCFA, INFO)

line 31408: Dead code detected: goto ldv_started_0; (CFACreationUtils.addEdgeToCFA, INFO)

line 31409: Dead code detected: goto ldv_started_0; (CFACreationUtils.addEdgeToCFA, INFO)

line 31410: Dead code detected: goto ldv_started_0; (CFACreationUtils.addEdgeToCFA, INFO)

line 31411: Dead code detected: goto ldv_started_0; (CFACreationUtils.addEdgeToCFA, INFO)

line 31412: Dead code detected: goto ldv_started_0; (CFACreationUtils.addEdgeToCFA, INFO)

line 31413: Dead code detected: goto ldv_started_0; (CFACreationUtils.addEdgeToCFA, INFO)

line 31414: Dead code detected: goto ldv_started_0; (CFACreationUtils.addEdgeToCFA, INFO)

line 31415: Dead code detected: goto ldv_started_0; (CFACreationUtils.addEdgeToCFA, INFO)

line 31416: Dead code detected: goto ldv_started_0; (CFACreationUtils.addEdgeToCFA, INFO)

line 31417: Dead code detected: goto ldv_started_0; (CFACreationUtils.addEdgeToCFA, INFO)

line 31418: Dead code detected: goto ldv_started_0; (CFACreationUtils.addEdgeToCFA, INFO)

line 31419: Dead code detected: goto ldv_started_0; (CFACreationUtils.addEdgeToCFA, INFO)

line 31420: Dead code detected: goto ldv_started_0; (CFACreationUtils.addEdgeToCFA, INFO)

line 31421: Dead code detected: goto ldv_started_0; (CFACreationUtils.addEdgeToCFA, INFO)

line 31422: Dead code detected: goto ldv_started_0; (CFACreationUtils.addEdgeToCFA, INFO)

line 31423: Dead code detected: goto ldv_started_0; (CFACreationUtils.addEdgeToCFA, INFO)

line 31424: Dead code detected: goto ldv_started_0; (CFACreationUtils.addEdgeToCFA, INFO)

line 31430: Dead code detected: goto ldv_started_0; (CFACreationUtils.addEdgeToCFA, INFO)

line 31431: Dead code detected: goto ldv_started_0; (CFACreationUtils.addEdgeToCFA, INFO)

line 31432: Dead code detected: goto ldv_started_0; (CFACreationUtils.addEdgeToCFA, INFO)

line 31433: Dead code detected: goto ldv_started_0; (CFACreationUtils.addEdgeToCFA, INFO)

line 31434: Dead code detected: goto ldv_started_0; (CFACreationUtils.addEdgeToCFA, INFO)

line 31435: Dead code detected: goto ldv_started_0; (CFACreationUtils.addEdgeToCFA, INFO)

line 31436: Dead code detected: goto ldv_started_0; (CFACreationUtils.addEdgeToCFA, INFO)

line 31437: Dead code detected: goto ldv_started_0; (CFACreationUtils.addEdgeToCFA, INFO)

line 31438: Dead code detected: goto ldv_started_0; (CFACreationUtils.addEdgeToCFA, INFO)

line 31439: Dead code detected: goto ldv_started_0; (CFACreationUtils.addEdgeToCFA, INFO)

line 31440: Dead code detected: goto ldv_started_0; (CFACreationUtils.addEdgeToCFA, INFO)

line 31441: Dead code detected: goto ldv_started_0; (CFACreationUtils.addEdgeToCFA, INFO)

line 31442: Dead code detected: goto ldv_started_0; (CFACreationUtils.addEdgeToCFA, INFO)

line 31443: Dead code detected: goto ldv_started_0; (CFACreationUtils.addEdgeToCFA, INFO)

line 31444: Dead code detected: goto ldv_started_0; (CFACreationUtils.addEdgeToCFA, INFO)

line 31445: Dead code detected: goto ldv_started_0; (CFACreationUtils.addEdgeToCFA, INFO)

line 31446: Dead code detected: goto ldv_started_0; (CFACreationUtils.addEdgeToCFA, INFO)

line 31447: Dead code detected: goto ldv_started_0; (CFACreationUtils.addEdgeToCFA, INFO)

line 31448: Dead code detected: goto ldv_started_0; (CFACreationUtils.addEdgeToCFA, INFO)

line 31449: Dead code detected: goto ldv_started_0; (CFACreationUtils.addEdgeToCFA, INFO)

line 31450: Dead code detected: goto ldv_started_0; (CFACreationUtils.addEdgeToCFA, INFO)

line 31451: Dead code detected: goto ldv_started_0; (CFACreationUtils.addEdgeToCFA, INFO)

line 31452: Dead code detected: goto ldv_started_0; (CFACreationUtils.addEdgeToCFA, INFO)

line 31453: Dead code detected: goto ldv_started_0; (CFACreationUtils.addEdgeToCFA, INFO)

line 31454: Dead code detected: goto ldv_started_0; (CFACreationUtils.addEdgeToCFA, INFO)

line 31455: Dead code detected: goto ldv_started_0; (CFACreationUtils.addEdgeToCFA, INFO)

line 31456: Dead code detected: goto ldv_started_0; (CFACreationUtils.addEdgeToCFA, INFO)

line 31457: Dead code detected: goto ldv_started_0; (CFACreationUtils.addEdgeToCFA, INFO)

line 31458: Dead code detected: goto ldv_started_0; (CFACreationUtils.addEdgeToCFA, INFO)

line 31459: Dead code detected: goto ldv_started_0; (CFACreationUtils.addEdgeToCFA, INFO)

line 31460: Dead code detected: goto ldv_started_0; (CFACreationUtils.addEdgeToCFA, INFO)

line 31461: Dead code detected: goto ldv_started_0; (CFACreationUtils.addEdgeToCFA, INFO)

line 31462: Dead code detected: goto ldv_started_0; (CFACreationUtils.addEdgeToCFA, INFO)

line 31463: Dead code detected: goto ldv_started_0; (CFACreationUtils.addEdgeToCFA, INFO)

line 31464: Dead code detected: goto ldv_started_0; (CFACreationUtils.addEdgeToCFA, INFO)

line 31465: Dead code detected: goto ldv_started_0; (CFACreationUtils.addEdgeToCFA, INFO)

line 31466: Dead code detected: goto ldv_started_0; (CFACreationUtils.addEdgeToCFA, INFO)

line 31472: Dead code detected: goto ldv_started_0; (CFACreationUtils.addEdgeToCFA, INFO)

line 31473: Dead code detected: goto ldv_started_0; (CFACreationUtils.addEdgeToCFA, INFO)

line 31474: Dead code detected: goto ldv_started_0; (CFACreationUtils.addEdgeToCFA, INFO)

line 31475: Dead code detected: goto ldv_started_0; (CFACreationUtils.addEdgeToCFA, INFO)

line 31476: Dead code detected: goto ldv_started_0; (CFACreationUtils.addEdgeToCFA, INFO)

line 31477: Dead code detected: goto ldv_started_0; (CFACreationUtils.addEdgeToCFA, INFO)

line 31478: Dead code detected: goto ldv_started_0; (CFACreationUtils.addEdgeToCFA, INFO)

line 31479: Dead code detected: goto ldv_started_0; (CFACreationUtils.addEdgeToCFA, INFO)

line 31480: Dead code detected: goto ldv_started_0; (CFACreationUtils.addEdgeToCFA, INFO)

line 31481: Dead code detected: goto ldv_started_0; (CFACreationUtils.addEdgeToCFA, INFO)

line 31482: Dead code detected: goto ldv_started_0; (CFACreationUtils.addEdgeToCFA, INFO)

line 31483: Dead code detected: goto ldv_started_0; (CFACreationUtils.addEdgeToCFA, INFO)

line 31484: Dead code detected: goto ldv_started_0; (CFACreationUtils.addEdgeToCFA, INFO)

line 31485: Dead code detected: goto ldv_started_0; (CFACreationUtils.addEdgeToCFA, INFO)

line 31486: Dead code detected: goto ldv_started_0; (CFACreationUtils.addEdgeToCFA, INFO)

line 31487: Dead code detected: goto ldv_started_0; (CFACreationUtils.addEdgeToCFA, INFO)

line 31488: Dead code detected: goto ldv_started_0; (CFACreationUtils.addEdgeToCFA, INFO)

line 31489: Dead code detected: goto ldv_started_0; (CFACreationUtils.addEdgeToCFA, INFO)

line 31490: Dead code detected: goto ldv_started_0; (CFACreationUtils.addEdgeToCFA, INFO)

line 31491: Dead code detected: goto ldv_started_0; (CFACreationUtils.addEdgeToCFA, INFO)

line 31492: Dead code detected: goto ldv_started_0; (CFACreationUtils.addEdgeToCFA, INFO)

line 31493: Dead code detected: goto ldv_started_0; (CFACreationUtils.addEdgeToCFA, INFO)

line 31494: Dead code detected: goto ldv_started_0; (CFACreationUtils.addEdgeToCFA, INFO)

line 31495: Dead code detected: goto ldv_started_0; (CFACreationUtils.addEdgeToCFA, INFO)

line 31496: Dead code detected: goto ldv_started_0; (CFACreationUtils.addEdgeToCFA, INFO)

line 31497: Dead code detected: goto ldv_started_0; (CFACreationUtils.addEdgeToCFA, INFO)

line 31498: Dead code detected: goto ldv_started_0; (CFACreationUtils.addEdgeToCFA, INFO)

line 31499: Dead code detected: goto ldv_started_0; (CFACreationUtils.addEdgeToCFA, INFO)

line 31500: Dead code detected: goto ldv_started_0; (CFACreationUtils.addEdgeToCFA, INFO)

line 31501: Dead code detected: goto ldv_started_0; (CFACreationUtils.addEdgeToCFA, INFO)

line 31502: Dead code detected: goto ldv_started_0; (CFACreationUtils.addEdgeToCFA, INFO)

line 31503: Dead code detected: goto ldv_started_0; (CFACreationUtils.addEdgeToCFA, INFO)

line 31504: Dead code detected: goto ldv_started_0; (CFACreationUtils.addEdgeToCFA, INFO)

line 31505: Dead code detected: goto ldv_started_0; (CFACreationUtils.addEdgeToCFA, INFO)

line 31506: Dead code detected: goto ldv_started_0; (CFACreationUtils.addEdgeToCFA, INFO)

line 31507: Dead code detected: goto ldv_started_0; (CFACreationUtils.addEdgeToCFA, INFO)

line 31508: Dead code detected: goto ldv_started_0; (CFACreationUtils.addEdgeToCFA, INFO)

line 31509: Dead code detected: goto ldv_started_0; (CFACreationUtils.addEdgeToCFA, INFO)

line 31515: Dead code detected: goto ldv_started_0; (CFACreationUtils.addEdgeToCFA, INFO)

line 31516: Dead code detected: goto ldv_started_0; (CFACreationUtils.addEdgeToCFA, INFO)

line 31517: Dead code detected: goto ldv_started_0; (CFACreationUtils.addEdgeToCFA, INFO)

line 31518: Dead code detected: goto ldv_started_0; (CFACreationUtils.addEdgeToCFA, INFO)

line 31519: Dead code detected: goto ldv_started_0; (CFACreationUtils.addEdgeToCFA, INFO)

line 31520: Dead code detected: goto ldv_started_0; (CFACreationUtils.addEdgeToCFA, INFO)

line 31521: Dead code detected: goto ldv_started_0; (CFACreationUtils.addEdgeToCFA, INFO)

line 31522: Dead code detected: goto ldv_started_0; (CFACreationUtils.addEdgeToCFA, INFO)

line 31523: Dead code detected: goto ldv_started_0; (CFACreationUtils.addEdgeToCFA, INFO)

line 31524: Dead code detected: goto ldv_started_0; (CFACreationUtils.addEdgeToCFA, INFO)

line 31525: Dead code detected: goto ldv_started_0; (CFACreationUtils.addEdgeToCFA, INFO)

line 31526: Dead code detected: goto ldv_started_0; (CFACreationUtils.addEdgeToCFA, INFO)

line 31527: Dead code detected: goto ldv_started_0; (CFACreationUtils.addEdgeToCFA, INFO)

line 31528: Dead code detected: goto ldv_started_0; (CFACreationUtils.addEdgeToCFA, INFO)

line 31529: Dead code detected: goto ldv_started_0; (CFACreationUtils.addEdgeToCFA, INFO)

line 31530: Dead code detected: goto ldv_started_0; (CFACreationUtils.addEdgeToCFA, INFO)

line 31531: Dead code detected: goto ldv_started_0; (CFACreationUtils.addEdgeToCFA, INFO)

line 31532: Dead code detected: goto ldv_started_0; (CFACreationUtils.addEdgeToCFA, INFO)

line 31533: Dead code detected: goto ldv_started_0; (CFACreationUtils.addEdgeToCFA, INFO)

line 31534: Dead code detected: goto ldv_started_0; (CFACreationUtils.addEdgeToCFA, INFO)

line 31535: Dead code detected: goto ldv_started_0; (CFACreationUtils.addEdgeToCFA, INFO)

line 31536: Dead code detected: goto ldv_started_0; (CFACreationUtils.addEdgeToCFA, INFO)

line 31537: Dead code detected: goto ldv_started_0; (CFACreationUtils.addEdgeToCFA, INFO)

line 31538: Dead code detected: goto ldv_started_0; (CFACreationUtils.addEdgeToCFA, INFO)

line 31539: Dead code detected: goto ldv_started_0; (CFACreationUtils.addEdgeToCFA, INFO)

line 31540: Dead code detected: goto ldv_started_0; (CFACreationUtils.addEdgeToCFA, INFO)

line 31541: Dead code detected: goto ldv_started_0; (CFACreationUtils.addEdgeToCFA, INFO)

line 31542: Dead code detected: goto ldv_started_0; (CFACreationUtils.addEdgeToCFA, INFO)

line 31543: Dead code detected: goto ldv_started_0; (CFACreationUtils.addEdgeToCFA, INFO)

line 31544: Dead code detected: goto ldv_started_0; (CFACreationUtils.addEdgeToCFA, INFO)

line 31545: Dead code detected: goto ldv_started_0; (CFACreationUtils.addEdgeToCFA, INFO)

line 31546: Dead code detected: goto ldv_started_0; (CFACreationUtils.addEdgeToCFA, INFO)

line 31547: Dead code detected: goto ldv_started_0; (CFACreationUtils.addEdgeToCFA, INFO)

line 31548: Dead code detected: goto ldv_started_0; (CFACreationUtils.addEdgeToCFA, INFO)

line 31549: Dead code detected: goto ldv_started_0; (CFACreationUtils.addEdgeToCFA, INFO)

line 31550: Dead code detected: goto ldv_started_0; (CFACreationUtils.addEdgeToCFA, INFO)

line 31551: Dead code detected: goto ldv_started_0; (CFACreationUtils.addEdgeToCFA, INFO)

line 31552: Dead code detected: goto ldv_started_0; (CFACreationUtils.addEdgeToCFA, INFO)

line 31553: Dead code detected: goto ldv_started_0; (CFACreationUtils.addEdgeToCFA, INFO)

line 31559: Dead code detected: goto ldv_started_0; (CFACreationUtils.addEdgeToCFA, INFO)

line 31560: Dead code detected: goto ldv_started_0; (CFACreationUtils.addEdgeToCFA, INFO)

line 31561: Dead code detected: goto ldv_started_0; (CFACreationUtils.addEdgeToCFA, INFO)

line 31562: Dead code detected: goto ldv_started_0; (CFACreationUtils.addEdgeToCFA, INFO)

line 31563: Dead code detected: goto ldv_started_0; (CFACreationUtils.addEdgeToCFA, INFO)

line 31564: Dead code detected: goto ldv_started_0; (CFACreationUtils.addEdgeToCFA, INFO)

line 31565: Dead code detected: goto ldv_started_0; (CFACreationUtils.addEdgeToCFA, INFO)

line 31566: Dead code detected: goto ldv_started_0; (CFACreationUtils.addEdgeToCFA, INFO)

line 31567: Dead code detected: goto ldv_started_0; (CFACreationUtils.addEdgeToCFA, INFO)

line 31568: Dead code detected: goto ldv_started_0; (CFACreationUtils.addEdgeToCFA, INFO)

line 31569: Dead code detected: goto ldv_started_0; (CFACreationUtils.addEdgeToCFA, INFO)

line 31570: Dead code detected: goto ldv_started_0; (CFACreationUtils.addEdgeToCFA, INFO)

line 31571: Dead code detected: goto ldv_started_0; (CFACreationUtils.addEdgeToCFA, INFO)

line 31572: Dead code detected: goto ldv_started_0; (CFACreationUtils.addEdgeToCFA, INFO)

line 31573: Dead code detected: goto ldv_started_0; (CFACreationUtils.addEdgeToCFA, INFO)

line 31574: Dead code detected: goto ldv_started_0; (CFACreationUtils.addEdgeToCFA, INFO)

line 31575: Dead code detected: goto ldv_started_0; (CFACreationUtils.addEdgeToCFA, INFO)

line 31576: Dead code detected: goto ldv_started_0; (CFACreationUtils.addEdgeToCFA, INFO)

line 31577: Dead code detected: goto ldv_started_0; (CFACreationUtils.addEdgeToCFA, INFO)

line 31578: Dead code detected: goto ldv_started_0; (CFACreationUtils.addEdgeToCFA, INFO)

line 31579: Dead code detected: goto ldv_started_0; (CFACreationUtils.addEdgeToCFA, INFO)

line 31580: Dead code detected: goto ldv_started_0; (CFACreationUtils.addEdgeToCFA, INFO)

line 31581: Dead code detected: goto ldv_started_0; (CFACreationUtils.addEdgeToCFA, INFO)

line 31582: Dead code detected: goto ldv_started_0; (CFACreationUtils.addEdgeToCFA, INFO)

line 31583: Dead code detected: goto ldv_started_0; (CFACreationUtils.addEdgeToCFA, INFO)

line 31584: Dead code detected: goto ldv_started_0; (CFACreationUtils.addEdgeToCFA, INFO)

line 31585: Dead code detected: goto ldv_started_0; (CFACreationUtils.addEdgeToCFA, INFO)

line 31586: Dead code detected: goto ldv_started_0; (CFACreationUtils.addEdgeToCFA, INFO)

line 31587: Dead code detected: goto ldv_started_0; (CFACreationUtils.addEdgeToCFA, INFO)

line 31588: Dead code detected: goto ldv_started_0; (CFACreationUtils.addEdgeToCFA, INFO)

line 31589: Dead code detected: goto ldv_started_0; (CFACreationUtils.addEdgeToCFA, INFO)

line 31590: Dead code detected: goto ldv_started_0; (CFACreationUtils.addEdgeToCFA, INFO)

line 31591: Dead code detected: goto ldv_started_0; (CFACreationUtils.addEdgeToCFA, INFO)

line 31592: Dead code detected: goto ldv_started_0; (CFACreationUtils.addEdgeToCFA, INFO)

line 31593: Dead code detected: goto ldv_started_0; (CFACreationUtils.addEdgeToCFA, INFO)

line 31594: Dead code detected: goto ldv_started_0; (CFACreationUtils.addEdgeToCFA, INFO)

line 31595: Dead code detected: goto ldv_started_0; (CFACreationUtils.addEdgeToCFA, INFO)

line 31596: Dead code detected: goto ldv_started_0; (CFACreationUtils.addEdgeToCFA, INFO)

line 31597: Dead code detected: goto ldv_started_0; (CFACreationUtils.addEdgeToCFA, INFO)

line 31598: Dead code detected: goto ldv_started_0; (CFACreationUtils.addEdgeToCFA, INFO)

line 31612: Dead code detected: goto ldv_started_0; (CFACreationUtils.addEdgeToCFA, INFO)

line 31613: Dead code detected: goto ldv_started_0; (CFACreationUtils.addEdgeToCFA, INFO)

line 31614: Dead code detected: goto ldv_started_0; (CFACreationUtils.addEdgeToCFA, INFO)

line 31615: Dead code detected: goto ldv_started_0; (CFACreationUtils.addEdgeToCFA, INFO)

line 31616: Dead code detected: goto ldv_started_0; (CFACreationUtils.addEdgeToCFA, INFO)

line 31617: Dead code detected: goto ldv_started_0; (CFACreationUtils.addEdgeToCFA, INFO)

line 31618: Dead code detected: goto ldv_started_0; (CFACreationUtils.addEdgeToCFA, INFO)

line 31619: Dead code detected: goto ldv_started_0; (CFACreationUtils.addEdgeToCFA, INFO)

line 31620: Dead code detected: goto ldv_started_0; (CFACreationUtils.addEdgeToCFA, INFO)

line 31621: Dead code detected: goto ldv_started_0; (CFACreationUtils.addEdgeToCFA, INFO)

line 31622: Dead code detected: goto ldv_started_0; (CFACreationUtils.addEdgeToCFA, INFO)

line 31623: Dead code detected: goto ldv_started_0; (CFACreationUtils.addEdgeToCFA, INFO)

line 31624: Dead code detected: goto ldv_started_0; (CFACreationUtils.addEdgeToCFA, INFO)

line 31625: Dead code detected: goto ldv_started_0; (CFACreationUtils.addEdgeToCFA, INFO)

line 31626: Dead code detected: goto ldv_started_0; (CFACreationUtils.addEdgeToCFA, INFO)

line 31627: Dead code detected: goto ldv_started_0; (CFACreationUtils.addEdgeToCFA, INFO)

line 31628: Dead code detected: goto ldv_started_0; (CFACreationUtils.addEdgeToCFA, INFO)

line 31629: Dead code detected: goto ldv_started_0; (CFACreationUtils.addEdgeToCFA, INFO)

line 31630: Dead code detected: goto ldv_started_0; (CFACreationUtils.addEdgeToCFA, INFO)

line 31631: Dead code detected: goto ldv_started_0; (CFACreationUtils.addEdgeToCFA, INFO)

line 31632: Dead code detected: goto ldv_started_0; (CFACreationUtils.addEdgeToCFA, INFO)

line 31633: Dead code detected: goto ldv_started_0; (CFACreationUtils.addEdgeToCFA, INFO)

line 31634: Dead code detected: goto ldv_started_0; (CFACreationUtils.addEdgeToCFA, INFO)

line 31635: Dead code detected: goto ldv_started_0; (CFACreationUtils.addEdgeToCFA, INFO)

line 31636: Dead code detected: goto ldv_started_0; (CFACreationUtils.addEdgeToCFA, INFO)

line 31637: Dead code detected: goto ldv_started_0; (CFACreationUtils.addEdgeToCFA, INFO)

line 31638: Dead code detected: goto ldv_started_0; (CFACreationUtils.addEdgeToCFA, INFO)

line 31639: Dead code detected: goto ldv_started_0; (CFACreationUtils.addEdgeToCFA, INFO)

line 31640: Dead code detected: goto ldv_started_0; (CFACreationUtils.addEdgeToCFA, INFO)

line 31641: Dead code detected: goto ldv_started_0; (CFACreationUtils.addEdgeToCFA, INFO)

line 31642: Dead code detected: goto ldv_started_0; (CFACreationUtils.addEdgeToCFA, INFO)

line 31643: Dead code detected: goto ldv_started_0; (CFACreationUtils.addEdgeToCFA, INFO)

line 31644: Dead code detected: goto ldv_started_0; (CFACreationUtils.addEdgeToCFA, INFO)

line 31645: Dead code detected: goto ldv_started_0; (CFACreationUtils.addEdgeToCFA, INFO)

line 31646: Dead code detected: goto ldv_started_0; (CFACreationUtils.addEdgeToCFA, INFO)

line 31647: Dead code detected: goto ldv_started_0; (CFACreationUtils.addEdgeToCFA, INFO)

line 31648: Dead code detected: goto ldv_started_0; (CFACreationUtils.addEdgeToCFA, INFO)

line 31649: Dead code detected: goto ldv_started_0; (CFACreationUtils.addEdgeToCFA, INFO)

line 31650: Dead code detected: goto ldv_started_0; (CFACreationUtils.addEdgeToCFA, INFO)

line 31651: Dead code detected: goto ldv_started_0; (CFACreationUtils.addEdgeToCFA, INFO)

line 31652: Dead code detected: goto ldv_started_0; (CFACreationUtils.addEdgeToCFA, INFO)

line 32242: Dead code detected: return; (CFACreationUtils.addEdgeToCFA, INFO)

line 32273: Dead code detected: return; (CFACreationUtils.addEdgeToCFA, INFO)

line 32359: Dead code detected: return; (CFACreationUtils.addEdgeToCFA, INFO)

line 32602: Dead code detected: return; (CFACreationUtils.addEdgeToCFA, INFO)

line 32639: Dead code detected: return; (CFACreationUtils.addEdgeToCFA, INFO)

line 32682: Dead code detected: goto ldv_call_3; (CFACreationUtils.addEdgeToCFA, INFO)

line 32703: Dead code detected: return; (CFACreationUtils.addEdgeToCFA, INFO)

line 32942: Dead code detected: return (ldv_func_res); (CFACreationUtils.addEdgeToCFA, INFO)

Dead code detected: Label switch_break is not reachable. (CFAFunctionBuilder.leave, INFO)

Dead code detected: Label switch_break is not reachable. (CFAFunctionBuilder.leave, INFO)

Dead code detected: Label switch_break is not reachable. (CFAFunctionBuilder.leave, INFO)

Inline assembler ignored, analysis is probably unsound! (CFABuilder.createCFA, WARNING)

line 17516: Function pointer *(rtlpriv->intf_ops->read_efuse_byte) with type void (*)(struct ieee80211_hw *, u16 , u8 *) is called, but no possible target functions were found. (CFunctionPointerResolver.getTargets, WARNING)

line 17517: Function pointer *(rtlpriv->intf_ops->read_efuse_byte) with type void (*)(struct ieee80211_hw *, u16 , u8 *) is called, but no possible target functions were found. (CFunctionPointerResolver.getTargets, WARNING)

line 34056: Function pointer *(ops->map_page) with type dma_addr_t (*)(struct device *, struct page *, unsigned long, size_t , enum dma_data_direction , struct dma_attrs *) is called, but no possible target functions were found. (CFunctionPointerResolver.getTargets, WARNING)

line 34079: Function pointer *(ops->mapping_error) with type int (*)(struct device *, dma_addr_t ) is called, but no possible target functions were found. (CFunctionPointerResolver.getTargets, WARNING)

line 32167: Function pointer *arg0 with type int (*)(struct pci_dev *) is called, but no possible target functions were found. (CFunctionPointerResolver.getTargets, WARNING)

line 32176: Function pointer *arg0 with type int (*)(struct pci_dev *) is called, but no possible target functions were found. (CFunctionPointerResolver.getTargets, WARNING)

line 32196: Function pointer *arg0 with type int (*)(struct pci_dev *, struct pm_message ) is called, but no possible target functions were found. (CFunctionPointerResolver.getTargets, WARNING)

line 32207: Function pointer *arg0 with type int (*)(struct pci_dev *, struct pm_message ) is called, but no possible target functions were found. (CFunctionPointerResolver.getTargets, WARNING)

line 32367: Function pointer *arg0 with type int (*)(struct platform_device *) is called, but no possible target functions were found. (CFunctionPointerResolver.getTargets, WARNING)

line 32376: Function pointer *arg0 with type int (*)(struct platform_device *) is called, but no possible target functions were found. (CFunctionPointerResolver.getTargets, WARNING)

line 32385: Function pointer *arg0 with type void (*)(struct device *) is called, but no possible target functions were found. (CFunctionPointerResolver.getTargets, WARNING)

line 9183: Function pointer *(rtlpriv->io.read8_sync) with type u8 (*)(struct rtl_priv *, u32 ) is called, but no possible target functions were found. (CFunctionPointerResolver.getTargets, WARNING)

line 12331: Function pointer *(rtlpriv->io.read32_sync) with type u32 (*)(struct rtl_priv *, u32 ) is called, but no possible target functions were found. (CFunctionPointerResolver.getTargets, WARNING)

line 14514: Function pointer *(rtlpriv->io.read16_sync) with type u16 (*)(struct rtl_priv *, u32 ) is called, but no possible target functions were found. (CFunctionPointerResolver.getTargets, WARNING)

line 9192: Function pointer *(rtlpriv->io.write8_async) with type void (*)(struct rtl_priv *, u32 , u8 ) is called, but no possible target functions were found. (CFunctionPointerResolver.getTargets, WARNING)

line 9196: Function pointer *(rtlpriv->io.read8_sync) with type u8 (*)(struct rtl_priv *, u32 ) is called, but no possible target functions were found. (CFunctionPointerResolver.getTargets, WARNING)

line 9207: Function pointer *(rtlpriv->io.write32_async) with type void (*)(struct rtl_priv *, u32 , u32 ) is called, but no possible target functions were found. (CFunctionPointerResolver.getTargets, WARNING)

line 9211: Function pointer *(rtlpriv->io.read32_sync) with type u32 (*)(struct rtl_priv *, u32 ) is called, but no possible target functions were found. (CFunctionPointerResolver.getTargets, WARNING)

line 14523: Function pointer *(rtlpriv->io.write16_async) with type void (*)(struct rtl_priv *, u32 , u16 ) is called, but no possible target functions were found. (CFunctionPointerResolver.getTargets, WARNING)

line 14527: Function pointer *(rtlpriv->io.read16_sync) with type u16 (*)(struct rtl_priv *, u32 ) is called, but no possible target functions were found. (CFunctionPointerResolver.getTargets, WARNING)

Using unsound approximation of ints with unbounded integers and floats with unbounded integers for encoding program semantics. (PredicateCPA:FormulaManagerView.<init>, WARNING)

Using predicate analysis with Princess 2023-04-07. (PredicateCPA:PredicateCPA.<init>, INFO)

Using unsound approximation of ints with unbounded integers and floats with unbounded integers for encoding program semantics. (AssumptionStorageCPA:FormulaManagerView.<init>, WARNING)

The following configuration options were specified but are not used:
 proveroptions.option 
 (CPAchecker.printConfigurationWarnings, WARNING)

Starting analysis ... (CPAchecker.runAlgorithm, INFO)

line 32138: Ignoring call via function pointer ldv_ieee80211_instance_stop_0_8::arg0 for which no suitable target was found in line: (*arg0)(arg1); (TargetLocationProvider:FunctionPointerCPA:FunctionPointerTransferRelation.getAbstractSuccessorsForEdge, WARNING)

Recursion detected, aborting. To ignore recursion, add -skipRecursion to the command line. (TargetLocationProvider:CallstackCPA:CallstackTransferRelation.getAbstractSuccessorsForEdge, INFO)

Recursion detected. Defaulting to selecting all locations as potential target locations. (TargetLocationProvider:TargetLocationProviderImpl.tryGetAutomatonTargetLocations, INFO)

Creating formula for program (AbstractBMCAlgorithm.run, INFO)

Exception in thread "main" org.sosy_lab.java_smt.basicimpl.GeneratorException: Modular Congruence is not available in SMTLIB2. 
	at org.sosy_lab.java_smt.basicimpl.AbstractNumeralFormulaManager.modularCongruence(AbstractNumeralFormulaManager.java:361)
	at org.sosy_lab.java_smt.solvers.princess.PrincessIntegerFormulaManager.modularCongruence(PrincessIntegerFormulaManager.java:22)
	at org.sosy_lab.cpachecker.util.predicates.smt.IntegerFormulaManagerView.modularCongruence(IntegerFormulaManagerView.java:35)
	at org.sosy_lab.cpachecker.util.predicates.smt.FormulaManagerView.makeModularCongruence(FormulaManagerView.java:688)
	at org.sosy_lab.cpachecker.util.predicates.smt.FormulaManagerView.makeModularCongruence(FormulaManagerView.java:670)
	at org.sosy_lab.cpachecker.util.predicates.pathformula.pointeraliasing.PointerTargetSetManager.makeBaseAddressConstraints(PointerTargetSetManager.java:653)
	at org.sosy_lab.cpachecker.util.predicates.pathformula.pointeraliasing.PointerTargetSetBuilder$RealPointerTargetSetBuilder.addNextBaseAddressConstraints(PointerTargetSetBuilder.java:286)
	at org.sosy_lab.cpachecker.util.predicates.pathformula.pointeraliasing.CToFormulaConverterWithPointerAliasing.declareSharedBase(CToFormulaConverterWithPointerAliasing.java:437)
	at org.sosy_lab.cpachecker.util.predicates.pathformula.pointeraliasing.CToFormulaConverterWithPointerAliasing.makeDeclaration(CToFormulaConverterWithPointerAliasing.java:1001)
	at org.sosy_lab.cpachecker.util.predicates.pathformula.ctoformula.CtoFormulaConverter.createFormulaForEdge(CtoFormulaConverter.java:1231)
	at org.sosy_lab.cpachecker.util.predicates.pathformula.ctoformula.CtoFormulaConverter.makeAnd(CtoFormulaConverter.java:1049)
	at org.sosy_lab.cpachecker.util.predicates.pathformula.PathFormulaManagerImpl.makeAnd(PathFormulaManagerImpl.java:246)
	at org.sosy_lab.cpachecker.util.predicates.pathformula.PathFormulaManagerImpl.makeAnd(PathFormulaManagerImpl.java:300)
	at org.sosy_lab.cpachecker.cpa.predicate.PredicateTransferRelation.convertEdgeToPathFormula(PredicateTransferRelation.java:203)
	at org.sosy_lab.cpachecker.cpa.predicate.PredicateTransferRelation.getAbstractSuccessorsForEdge(PredicateTransferRelation.java:113)
	at org.sosy_lab.cpachecker.cpa.composite.CompositeTransferRelation.callTransferRelation(CompositeTransferRelation.java:297)
	at org.sosy_lab.cpachecker.cpa.composite.CompositeTransferRelation.getAbstractSuccessorForSimpleEdge(CompositeTransferRelation.java:264)
	at org.sosy_lab.cpachecker.cpa.composite.CompositeTransferRelation.getAbstractSuccessorForEdge(CompositeTransferRelation.java:196)
	at org.sosy_lab.cpachecker.cpa.composite.CompositeTransferRelation.getAbstractSuccessors(CompositeTransferRelation.java:88)
	at org.sosy_lab.cpachecker.cpa.arg.ARGTransferRelation.getAbstractSuccessors(ARGTransferRelation.java:45)
	at org.sosy_lab.cpachecker.core.algorithm.CPAAlgorithm.handleState(CPAAlgorithm.java:334)
	at org.sosy_lab.cpachecker.core.algorithm.CPAAlgorithm.run0(CPAAlgorithm.java:289)
	at org.sosy_lab.cpachecker.core.algorithm.CPAAlgorithm.run(CPAAlgorithm.java:260)
	at org.sosy_lab.cpachecker.core.algorithm.bmc.BMCHelper.unroll(BMCHelper.java:192)
	at org.sosy_lab.cpachecker.core.algorithm.bmc.AbstractBMCAlgorithm.run(AbstractBMCAlgorithm.java:427)
	at org.sosy_lab.cpachecker.core.algorithm.bmc.BMCAlgorithm.run(BMCAlgorithm.java:130)
	at org.sosy_lab.cpachecker.core.CPAchecker.runAlgorithm(CPAchecker.java:507)
	at org.sosy_lab.cpachecker.core.CPAchecker.run(CPAchecker.java:369)
	at org.sosy_lab.cpachecker.cmdline.CPAMain.main(CPAMain.java:170)
