scripts/cpa.sh -heap 13000M -stack 50M -noout -benchmark -bmc -setprop cpa.predicate.useArraysForHeap=false -setprop cpa.predicate.memoryAllocationsAlwaysSucceed=true -setprop cpa.loopbound.maxLoopIterations=1 -setprop cpa.predicate.encodeFloatAs=INTEGER -setprop cpa.predicate.encodeBitvectorAs=INTEGER -setprop solver.solver=princess_binary -setprop proveroptions.option=use_binary -timelimit 900s -stats -spec test/programs/benchmarks/properties/unreach-call.prp -32 test/programs/benchmarks/nla-digbench-scaling/hard-u_unwindbound20.c


--------------------------------------------------------------------------------


Running CPAchecker with Java heap of size 13000M.
Running CPAchecker with Java stack of size 50M.
Language C detected and set for analysis (CPAMain.detectFrontendLanguageIfNecessary, INFO)

Using the following resource limits: CPU-time limit of 900s (ResourceLimitChecker.fromConfiguration, INFO)

CPAchecker 2.3.1-svn-45350M / bmc (OpenJDK 64-Bit Server VM 17.0.8.1) started (CPAchecker.run, INFO)

Parsing CFA from file(s) "test/programs/benchmarks/nla-digbench-scaling/hard-u_unwindbound20.c" (CPAchecker.parse, INFO)

Using unsound approximation of ints with unbounded integers and floats with unbounded integers for encoding program semantics. (PredicateCPA:FormulaManagerView.<init>, WARNING)

Using predicate analysis with Princess 2023-04-07. (PredicateCPA:PredicateCPA.<init>, INFO)

Using unsound approximation of ints with unbounded integers and floats with unbounded integers for encoding program semantics. (AssumptionStorageCPA:FormulaManagerView.<init>, WARNING)

The following configuration options were specified but are not used:
 proveroptions.option 
 (CPAchecker.printConfigurationWarnings, WARNING)

Starting analysis ... (CPAchecker.runAlgorithm, INFO)

Creating formula for program (AbstractBMCAlgorithm.run, INFO)

Starting satisfiability check... (AbstractBMCAlgorithm.boundedModelCheck, INFO)

Error found, creating error path (AbstractBMCAlgorithm.analyzeCounterexample0, INFO)

{__VERIFIER_assert::cond@4 -> 0, __VERIFIER_assert::cond@3 -> 1, __VERIFIER_assert::cond@2 -> 1, counter@3 -> 1, main::__CPAchecker_TMP_0@2 -> 0, main::q@3 -> 0, main::p@3 -> 1, main::d@3 -> 1, main::r@3 -> 0, assume_abort_if_not::cond@2 -> 1, main::B@3 -> 1, __VERIFIER_nondet_uint!3@ -> 1, main::A@3 -> 0, __VERIFIER_nondet_uint!2@ -> 0, counter@2 -> 0, Integer_*_(1, 1) -> 0, abbrev_14_def -> false, abbrev_14 -> false}
{main::q@4 -> 0, main::r@4 -> 0, main::A@3 -> 0, main::__CPAchecker_TMP_0@2 -> 0, main::B@3 -> 1, counter@2 -> 0, counter@3 -> 1, __VERIFIER_nondet_uint!3@ -> 1, main::p@4 -> 1, main::d@4 -> 1, assume_abort_if_not::cond@2 -> 1, __VERIFIER_nondet_uint!2@ -> 0, __VERIFIER_assert::cond@6 -> 0, __VERIFIER_assert::cond@4 -> 1, __VERIFIER_assert::cond@2 -> 1, Integer_*_(1, 1) -> 2}
[main::q@4: 0, main::r@4: 0, main::A@3: 0, main::__CPAchecker_TMP_0@2: 0, main::B@3: 1, counter@2: 0, counter@3: 1, __VERIFIER_nondet_uint!3@: 1, main::p@4: 1, main::d@4: 1, assume_abort_if_not::cond@2: 1, __VERIFIER_nondet_uint!2@: 0, __VERIFIER_assert::cond@6: 0, __VERIFIER_assert::cond@4: 1, __VERIFIER_assert::cond@2: 1, Integer_*_(1, 1): 2]
Stopping analysis ... (CPAchecker.runAlgorithm, INFO)


PredicateCPA statistics
-----------------------
Number of abstractions:            6 (5% of all post computations)
  Times abstraction was reused:    0
  Because of function entry/exit:  0 (0%)
  Because of loop head:            0 (0%)
  Because of join nodes:           0 (0%)
  Because of threshold:            0 (0%)
  Because of target state:         6 (100%)
  Times precision was empty:       6 (100%)
  Times precision was {false}:     0 (0%)
  Times result was cached:         0 (0%)
  Times cartesian abs was used:    0 (0%)
  Times boolean abs was used:      0 (0%)
  Times result was 'false':        0 (0%)
Number of strengthen sat checks:   0
Number of coverage checks:         0
  BDD entailment checks:           0
Number of SMT sat checks:          0
  trivial:                         0
  cached:                          0

Max ABE block size:                       37
Avg ABE block size:                                30.00 (sum: 180, count: 6, min: 22, max: 37)
Number of predicates discovered:          0

Time for post operator:                                0.100s
  Time for path formula creation:                      0.099s
Time for strengthen operator:                          0.005s
Time for prec operator:                                0.002s
  Time for abstraction:                  0.000s (Max:     0.000s, Count: 6)
    Solving time:                        0.000s (Max:     0.000s)
    Model enumeration time:              0.000s
    Time for BDD construction:           0.000s (Max:     0.000s)
Time for coverage checks:                              0.000s
Total time for SMT solver (w/o itp):     0.000s

Total number of created targets for pointer analysis: 0



KeyValue statistics
-------------------
Init. function predicates:                         0
Init. global predicates:                           0
Init. location predicates:                         0

Invariant Generation statistics
-------------------------------

Bounds CPA statistics
---------------------
Bound k:                                           1
Maximum loop iteration reached:                    2


ValueAnalysisCPA statistics
---------------------------
Number of variables per state:                     3.64 (sum: 360, count: 99, min: 0, max: 6)
Number of global variables per state:              0.92 (sum: 91, count: 99, min: 0, max: 1)
Number of assumptions:                                   32
Number of deterministic assumptions:                      0
Level of Determinism:                              0%

ValueAnalysisPrecisionAdjustment statistics
-------------------------------------------
Number of abstraction computations:                      98
Total time for liveness abstraction:                   0.000s
Total time for abstraction computation:                0.008s
Total time for path thresholds:                        0.000s

ConstraintsStrengthenOperator statistics
----------------------------------------
Total time for strengthening by ConstraintsCPA:     0.000s
Replaced symbolic expressions: 0

AutomatonAnalysis (SVCOMP) statistics
-------------------------------------
Number of states:                                  1
Total time for successor computation:                  0.015s
Automaton transfers with branching:                0
Automaton transfer successors:                     0.93 (sum: 98, count: 105, min: 0, max: 1) [0 x 7, 1 x 98]
Number of states with assumption transitions:      0

CPA algorithm statistics
------------------------
Number of iterations:            99
Max size of waitlist:            3
Average size of waitlist:        1
LoopstackSortedWaitlist:                           0.36 (sum: 26, count: 73, min: 0, max: 13)
ReversePostorderSortedWaitlist:                    0.00 (sum: 0, count: 73, min: 0, max: 0)
LoopIterationSortedWaitlist:                       0.36 (sum: 26, count: 73, min: 0, max: 13)
CallstackSortedWaitlist:                           26.00 (sum: 26, count: 1, min: 26, max: 26)
Number of computed successors:   98
Max successors for one state:    2
Number of times merged:          0
Number of times stopped:         0
Number of times breaked:         0

Total time for CPA algorithm:         0.219s (Max:     0.219s)
  Time for choose from waitlist:      0.008s
  Time for precision adjustment:      0.026s
  Time for transfer relation:         0.176s
  Time for stop operator:             0.001s
  Time for adding to reached set:     0.005s

BMC algorithm statistics
------------------------
Time for BMC formula creation:                       0.221s
Time for final sat check:                            0.641s
Time for error-path creation:                        0.092s
Time for error-path post-processing:                 0.195s

CPAchecker general statistics
-----------------------------
Number of program locations:                       73
Number of CFA edges (per node):                          79 (count: 73, min: 0, max: 7, avg: 1.08)
Number of relevant variables:                      11
Number of functions:                               4
Number of loops (and loop nodes):                         2 (sum: 23, min: 10, max: 13, avg: 11.50)
Size of reached set:             99
  Number of reached locations:   59 (81%)
    Avg states per location:     1
    Max states per location:     7 (at node N10)
  Number of reached functions:   4 (100%)
  Number of partitions:          99
    Avg size of partitions:      1
    Max size of partitions:      1
  Number of target states:       6

Time for analysis setup:          2.165s
  Time for loading CPAs:          1.189s
  Time for loading parser:        0.195s
  Time for CFA construction:      0.690s
    Time for parsing file(s):     0.382s
    Time for AST to CFA:          0.148s
    Time for CFA sanity check:    0.000s
    Time for post-processing:     0.121s
    Time for loop structure:      0.006s
    Time for AST structure:       0.000s
      Time for function pointers resolving:            0.006s
        Function calls via function pointers:             0 (count: 1, min: 0, max: 0, avg: 0.00)
        Instrumented function pointer calls:              0 (count: 1, min: 0, max: 0, avg: 0.00)
        Function calls with function pointer arguments:        0 (count: 1, min: 0, max: 0, avg: 0.00)
        Instrumented function pointer arguments:          0 (count: 1, min: 0, max: 0, avg: 0.00)
      Time for classifying variables:                  0.060s
        Time for collecting variables:                 0.038s
        Time for solving dependencies:                 0.000s
        Time for building hierarchy:                   0.000s
        Time for building classification:              0.022s
        Time for exporting data:                       0.000s
Time for Analysis:                1.284s
CPU time for analysis:            2.520s
Time for analyzing result:        0.001s
Total time for CPAchecker:        3.450s
Total CPU time for CPAchecker:    6.740s
Time for statistics:              0.038s

Time for Garbage Collector:       0.055s (in 7 runs)
Garbage Collector(s) used:    G1 Old Generation, G1 Young Generation

Verification result: FALSE. Property violation (unreach-call: reach_error(); called in line 17) found by chosen configuration.
More details about the verification run can be found in the directory "./output".
