scripts/cpa.sh -heap 13000M -stack 50M -noout -benchmark -bmc -setprop cpa.predicate.useArraysForHeap=false -setprop cpa.predicate.memoryAllocationsAlwaysSucceed=true -setprop cpa.loopbound.maxLoopIterations=1 -setprop cpa.predicate.encodeFloatAs=INTEGER -setprop cpa.predicate.encodeBitvectorAs=INTEGER -setprop solver.solver=princess_binary -setprop proveroptions.option=use_binary -timelimit 900s -stats -spec test/programs/benchmarks/properties/unreach-call.prp -64 test/programs/benchmarks/ldv-linux-4.2-rc1/linux-4.2-rc1.tar.xz-43_2a-drivers--net--ethernet--chelsio--cxgb3--cxgb3.ko-entry_point.cil.out.i


--------------------------------------------------------------------------------


Running CPAchecker with Java heap of size 13000M.
Running CPAchecker with Java stack of size 50M.
Language C detected and set for analysis (CPAMain.detectFrontendLanguageIfNecessary, INFO)

Using the following resource limits: CPU-time limit of 900s (ResourceLimitChecker.fromConfiguration, INFO)

CPAchecker 2.3.1-svn-45350M / bmc (OpenJDK 64-Bit Server VM 17.0.8.1) started (CPAchecker.run, INFO)

Parsing CFA from file(s) "test/programs/benchmarks/ldv-linux-4.2-rc1/linux-4.2-rc1.tar.xz-43_2a-drivers--net--ethernet--chelsio--cxgb3--cxgb3.ko-entry_point.cil.out.i" (CPAchecker.parse, INFO)

line 7597: Dead code detected: __asm__ ("movb %%gs:%P1,%0": "=q" (pfo_ret__): "p" (& current_task)); (CFACreationUtils.addEdgeToCFA, INFO)

line 7600: Dead code detected: __asm__ ("movw %%gs:%P1,%0": "=r" (pfo_ret__): "p" (& current_task)); (CFACreationUtils.addEdgeToCFA, INFO)

line 7603: Dead code detected: __asm__ ("movl %%gs:%P1,%0": "=r" (pfo_ret__): "p" (& current_task)); (CFACreationUtils.addEdgeToCFA, INFO)

line 7608: Dead code detected: switch (8UL) {
  case 1UL:
  __asm__ ("movb %%gs:%P1,%0": "=q" (pfo_ret__): "p" (& current_task));
  goto ldv_3233;
  case 2UL:
  __asm__ ("movw %%gs:%P1,%0": "=r" (pfo_ret__): "p" (& current_task));
  goto ldv_3233;
  case 4UL:
  __asm__ ("movl %%gs:%P1,%0": "=r" (pfo_ret__): "p" (& current_task));
  goto ldv_3233;
  case 8UL:
  __asm__ ("movq %%gs:%P1,%0": "=r" (pfo_ret__): "p" (& current_task));
  goto ldv_3233;
  default:
  __bad_percpu_size();
  } (CFACreationUtils.addEdgeToCFA, INFO)

line 12422: Dereferencing of non-pointer type irq_handler_t  in expression *tmp___0 (ASTConverter.convert, WARNING)

line 12706: Dead code detected: tmp___0 = get_current(); (CFACreationUtils.addEdgeToCFA, INFO)

line 12711: Dead code detected: tmp___1 = get_current(); (CFACreationUtils.addEdgeToCFA, INFO)

line 12716: Dead code detected: tmp___2 = get_current(); (CFACreationUtils.addEdgeToCFA, INFO)

line 12725: Dead code detected: switch (8UL) {
  case 1UL:
  tmp___0 = get_current();
  __asm__ volatile ("xchgb %b0, %1\n": "+q" (__ret), "+m" (tmp___0->state): : "memory",
                       "cc");
  goto ldv_50947;
  case 2UL:
  tmp___1 = get_current();
  __asm__ volatile ("xchgw %w0, %1\n": "+r" (__ret), "+m" (tmp___1->state): : "memory",
                       "cc");
  goto ldv_50947;
  case 4UL:
  tmp___2 = get_current();
  __asm__ volatile ("xchgl %0, %1\n": "+r" (__ret), "+m" (tmp___2->state): : "memory",
                       "cc");
  goto ldv_50947;
  case 8UL:
  tmp___3 = get_current();
  __asm__ volatile ("xchgq %q0, %1\n": "+r" (__ret), "+m" (tmp___3->state): : "memory",
                       "cc");
  goto ldv_50947;
  default:
  __xchg_wrong_size();
  } (CFACreationUtils.addEdgeToCFA, INFO)

line 25599: Dead code detected: __asm__ ("movb %%gs:%1,%0": "=q" (pfo_ret__): "m" (__preempt_count)); (CFACreationUtils.addEdgeToCFA, INFO)

line 25602: Dead code detected: __asm__ ("movw %%gs:%1,%0": "=r" (pfo_ret__): "m" (__preempt_count)); (CFACreationUtils.addEdgeToCFA, INFO)

line 25608: Dead code detected: __asm__ ("movq %%gs:%1,%0": "=r" (pfo_ret__): "m" (__preempt_count)); (CFACreationUtils.addEdgeToCFA, INFO)

line 25610: Dead code detected: switch (4UL) {
  case 1UL:
  __asm__ ("movb %%gs:%1,%0": "=q" (pfo_ret__): "m" (__preempt_count));
  goto ldv_6106;
  case 2UL:
  __asm__ ("movw %%gs:%1,%0": "=r" (pfo_ret__): "m" (__preempt_count));
  goto ldv_6106;
  case 4UL:
  __asm__ ("movl %%gs:%1,%0": "=r" (pfo_ret__): "m" (__preempt_count));
  goto ldv_6106;
  case 8UL:
  __asm__ ("movq %%gs:%1,%0": "=r" (pfo_ret__): "m" (__preempt_count));
  goto ldv_6106;
  default:
  __bad_percpu_size();
  } (CFACreationUtils.addEdgeToCFA, INFO)

line 26556: Dead code detected: switch (4UL) (CFACreationUtils.addEdgeToCFA, INFO)

line 26558: Dead code detected: __asm__ ("movb %%gs:%1,%0": "=q" (pfo_ret__): "m" (cpu_number)); (CFACreationUtils.addEdgeToCFA, INFO)

line 26561: Dead code detected: __asm__ ("movw %%gs:%1,%0": "=r" (pfo_ret__): "m" (cpu_number)); (CFACreationUtils.addEdgeToCFA, INFO)

line 26563: Dead code detected:  (CFACreationUtils.addEdgeToCFA, INFO)

line 26567: Dead code detected: __asm__ ("movq %%gs:%1,%0": "=r" (pfo_ret__): "m" (cpu_number)); (CFACreationUtils.addEdgeToCFA, INFO)

line 26569: Dead code detected: switch (4UL) {
    case 1UL:
    __asm__ ("movb %%gs:%1,%0": "=q" (pfo_ret__): "m" (cpu_number));
    goto ldv_43500;
    case 2UL:
    __asm__ ("movw %%gs:%1,%0": "=r" (pfo_ret__): "m" (cpu_number));
    goto ldv_43500;
    case 4UL:
    __asm__ ("movl %%gs:%1,%0": "=r" (pfo_ret__): "m" (cpu_number));
    goto ldv_43500;
    case 8UL:
    __asm__ ("movq %%gs:%1,%0": "=r" (pfo_ret__): "m" (cpu_number));
    goto ldv_43500;
    default:
    __bad_percpu_size();
    } (CFACreationUtils.addEdgeToCFA, INFO)

line 26576: Dead code detected: switch (4UL) (CFACreationUtils.addEdgeToCFA, INFO)

line 26578: Dead code detected: __asm__ ("movb %%gs:%1,%0": "=q" (pfo_ret_____0): "m" (cpu_number)); (CFACreationUtils.addEdgeToCFA, INFO)

line 26581: Dead code detected: __asm__ ("movw %%gs:%1,%0": "=r" (pfo_ret_____0): "m" (cpu_number)); (CFACreationUtils.addEdgeToCFA, INFO)

line 26583: Dead code detected:  (CFACreationUtils.addEdgeToCFA, INFO)

line 26587: Dead code detected: __asm__ ("movq %%gs:%1,%0": "=r" (pfo_ret_____0): "m" (cpu_number)); (CFACreationUtils.addEdgeToCFA, INFO)

line 26589: Dead code detected: switch (4UL) {
    case 1UL:
    __asm__ ("movb %%gs:%1,%0": "=q" (pfo_ret_____0): "m" (cpu_number));
    goto ldv_43510;
    case 2UL:
    __asm__ ("movw %%gs:%1,%0": "=r" (pfo_ret_____0): "m" (cpu_number));
    goto ldv_43510;
    case 4UL:
    __asm__ ("movl %%gs:%1,%0": "=r" (pfo_ret_____0): "m" (cpu_number));
    goto ldv_43510;
    case 8UL:
    __asm__ ("movq %%gs:%1,%0": "=r" (pfo_ret_____0): "m" (cpu_number));
    goto ldv_43510;
    default:
    __bad_percpu_size();
    } (CFACreationUtils.addEdgeToCFA, INFO)

line 26598: Dead code detected: __asm__ ("movb %%gs:%1,%0": "=q" (pfo_ret_____1): "m" (cpu_number)); (CFACreationUtils.addEdgeToCFA, INFO)

line 26601: Dead code detected: __asm__ ("movw %%gs:%1,%0": "=r" (pfo_ret_____1): "m" (cpu_number)); (CFACreationUtils.addEdgeToCFA, INFO)

line 26607: Dead code detected: __asm__ ("movq %%gs:%1,%0": "=r" (pfo_ret_____1): "m" (cpu_number)); (CFACreationUtils.addEdgeToCFA, INFO)

line 26609: Dead code detected: switch (4UL) {
    case 1UL:
    __asm__ ("movb %%gs:%1,%0": "=q" (pfo_ret_____1): "m" (cpu_number));
    goto ldv_43519;
    case 2UL:
    __asm__ ("movw %%gs:%1,%0": "=r" (pfo_ret_____1): "m" (cpu_number));
    goto ldv_43519;
    case 4UL:
    __asm__ ("movl %%gs:%1,%0": "=r" (pfo_ret_____1): "m" (cpu_number));
    goto ldv_43519;
    case 8UL:
    __asm__ ("movq %%gs:%1,%0": "=r" (pfo_ret_____1): "m" (cpu_number));
    goto ldv_43519;
    default:
    __bad_percpu_size();
    } (CFACreationUtils.addEdgeToCFA, INFO)

line 26616: Dead code detected: switch (4UL) (CFACreationUtils.addEdgeToCFA, INFO)

line 26618: Dead code detected: __asm__ ("movb %%gs:%1,%0": "=q" (pfo_ret_____2): "m" (cpu_number)); (CFACreationUtils.addEdgeToCFA, INFO)

line 26621: Dead code detected: __asm__ ("movw %%gs:%1,%0": "=r" (pfo_ret_____2): "m" (cpu_number)); (CFACreationUtils.addEdgeToCFA, INFO)

line 26623: Dead code detected:  (CFACreationUtils.addEdgeToCFA, INFO)

line 26627: Dead code detected: __asm__ ("movq %%gs:%1,%0": "=r" (pfo_ret_____2): "m" (cpu_number)); (CFACreationUtils.addEdgeToCFA, INFO)

line 26629: Dead code detected: switch (4UL) {
    case 1UL:
    __asm__ ("movb %%gs:%1,%0": "=q" (pfo_ret_____2): "m" (cpu_number));
    goto ldv_43528;
    case 2UL:
    __asm__ ("movw %%gs:%1,%0": "=r" (pfo_ret_____2): "m" (cpu_number));
    goto ldv_43528;
    case 4UL:
    __asm__ ("movl %%gs:%1,%0": "=r" (pfo_ret_____2): "m" (cpu_number));
    goto ldv_43528;
    case 8UL:
    __asm__ ("movq %%gs:%1,%0": "=r" (pfo_ret_____2): "m" (cpu_number));
    goto ldv_43528;
    default:
    __bad_percpu_size();
    } (CFACreationUtils.addEdgeToCFA, INFO)

line 26635: Dead code detected: switch (4UL) {
    case 1UL: ;
    switch (4UL) {
    case 1UL:
    __asm__ ("movb %%gs:%1,%0": "=q" (pfo_ret__): "m" (cpu_number));
    goto ldv_43500;
    case 2UL:
    __asm__ ("movw %%gs:%1,%0": "=r" (pfo_ret__): "m" (cpu_number));
    goto ldv_43500;
    case 4UL:
    __asm__ ("movl %%gs:%1,%0": "=r" (pfo_ret__): "m" (cpu_number));
    goto ldv_43500;
    case 8UL:
    __asm__ ("movq %%gs:%1,%0": "=r" (pfo_ret__): "m" (cpu_number));
    goto ldv_43500;
    default:
    __bad_percpu_size();
    }
    ldv_43500:
    pscr_ret__ = pfo_ret__;
    goto ldv_43506;
    case 2UL: ;
    switch (4UL) {
    case 1UL:
    __asm__ ("movb %%gs:%1,%0": "=q" (pfo_ret_____0): "m" (cpu_number));
    goto ldv_43510;
    case 2UL:
    __asm__ ("movw %%gs:%1,%0": "=r" (pfo_ret_____0): "m" (cpu_number));
    goto ldv_43510;
    case 4UL:
    __asm__ ("movl %%gs:%1,%0": "=r" (pfo_ret_____0): "m" (cpu_number));
    goto ldv_43510;
    case 8UL:
    __asm__ ("movq %%gs:%1,%0": "=r" (pfo_ret_____0): "m" (cpu_number));
    goto ldv_43510;
    default:
    __bad_percpu_size();
    }
    ldv_43510:
    pscr_ret__ = pfo_ret_____0;
    goto ldv_43506;
    case 4UL: ;
    switch (4UL) {
    case 1UL:
    __asm__ ("movb %%gs:%1,%0": "=q" (pfo_ret_____1): "m" (cpu_number));
    goto ldv_43519;
    case 2UL:
    __asm__ ("movw %%gs:%1,%0": "=r" (pfo_ret_____1): "m" (cpu_number));
    goto ldv_43519;
    case 4UL:
    __asm__ ("movl %%gs:%1,%0": "=r" (pfo_ret_____1): "m" (cpu_number));
    goto ldv_43519;
    case 8UL:
    __asm__ ("movq %%gs:%1,%0": "=r" (pfo_ret_____1): "m" (cpu_number));
    goto ldv_43519;
    default:
    __bad_percpu_size();
    }
    ldv_43519:
    pscr_ret__ = pfo_ret_____1;
    goto ldv_43506;
    case 8UL: ;
    switch (4UL) {
    case 1UL:
    __asm__ ("movb %%gs:%1,%0": "=q" (pfo_ret_____2): "m" (cpu_number));
    goto ldv_43528;
    case 2UL:
    __asm__ ("movw %%gs:%1,%0": "=r" (pfo_ret_____2): "m" (cpu_number));
    goto ldv_43528;
    case 4UL:
    __asm__ ("movl %%gs:%1,%0": "=r" (pfo_ret_____2): "m" (cpu_number));
    goto ldv_43528;
    case 8UL:
    __asm__ ("movq %%gs:%1,%0": "=r" (pfo_ret_____2): "m" (cpu_number));
    goto ldv_43528;
    default:
    __bad_percpu_size();
    }
    ldv_43528:
    pscr_ret__ = pfo_ret_____2;
    goto ldv_43506;
    default:
    __bad_size_call_parameter();
    goto ldv_43506;
    } (CFACreationUtils.addEdgeToCFA, INFO)

line 30408: Dead code detected: return (ldv_func_res); (CFACreationUtils.addEdgeToCFA, INFO)

line 30421: Dead code detected: return (ldv_func_res); (CFACreationUtils.addEdgeToCFA, INFO)

lines 30710-30711: Dead code detected: __asm__ volatile (".pushsection .smp_locks,\"a\"\n.balign 4\n.long 671f - .\n.popsection\n671:\n\tlock; xaddb %b0, %1\n": "+q" (__ret),
                       "+m" (v->counter): : "memory", "cc"); (CFACreationUtils.addEdgeToCFA, INFO)

lines 30714-30715: Dead code detected: __asm__ volatile (".pushsection .smp_locks,\"a\"\n.balign 4\n.long 671f - .\n.popsection\n671:\n\tlock; xaddw %w0, %1\n": "+r" (__ret),
                       "+m" (v->counter): : "memory", "cc"); (CFACreationUtils.addEdgeToCFA, INFO)

lines 30722-30723: Dead code detected: __asm__ volatile (".pushsection .smp_locks,\"a\"\n.balign 4\n.long 671f - .\n.popsection\n671:\n\tlock; xaddq %q0, %1\n": "+r" (__ret),
                       "+m" (v->counter): : "memory", "cc"); (CFACreationUtils.addEdgeToCFA, INFO)

line 30725: Dead code detected: switch (4UL) {
  case 1UL:
  __asm__ volatile (".pushsection .smp_locks,\"a\"\n.balign 4\n.long 671f - .\n.popsection\n671:\n\tlock; xaddb %b0, %1\n": "+q" (__ret),
                       "+m" (v->counter): : "memory", "cc");
  goto ldv_5763;
  case 2UL:
  __asm__ volatile (".pushsection .smp_locks,\"a\"\n.balign 4\n.long 671f - .\n.popsection\n671:\n\tlock; xaddw %w0, %1\n": "+r" (__ret),
                       "+m" (v->counter): : "memory", "cc");
  goto ldv_5763;
  case 4UL:
  __asm__ volatile (".pushsection .smp_locks,\"a\"\n.balign 4\n.long 671f - .\n.popsection\n671:\n\tlock; xaddl %0, %1\n": "+r" (__ret),
                       "+m" (v->counter): : "memory", "cc");
  goto ldv_5763;
  case 8UL:
  __asm__ volatile (".pushsection .smp_locks,\"a\"\n.balign 4\n.long 671f - .\n.popsection\n671:\n\tlock; xaddq %q0, %1\n": "+r" (__ret),
                       "+m" (v->counter): : "memory", "cc");
  goto ldv_5763;
  default:
  __xadd_wrong_size();
  } (CFACreationUtils.addEdgeToCFA, INFO)

line 30739: Dead code detected: [pao_ID__ == 1] (CFACreationUtils.addEdgeToCFA, INFO)

line 30739: Dead code detected: [!(pao_ID__ == 1)] (CFACreationUtils.addEdgeToCFA, INFO)

line 30740: Dead code detected: __asm__ ("incb %%gs:%0": "+m" (__preempt_count)); (CFACreationUtils.addEdgeToCFA, INFO)

line 30742: Dead code detected: [pao_ID__ == -1] (CFACreationUtils.addEdgeToCFA, INFO)

line 30742: Dead code detected: [!(pao_ID__ == -1)] (CFACreationUtils.addEdgeToCFA, INFO)

line 30743: Dead code detected: __asm__ ("decb %%gs:%0": "+m" (__preempt_count)); (CFACreationUtils.addEdgeToCFA, INFO)

line 30745: Dead code detected: __asm__ ("addb %1, %%gs:%0": "+m" (__preempt_count): "qi" (val)); (CFACreationUtils.addEdgeToCFA, INFO)

line 30749: Dead code detected: [pao_ID__ == 1] (CFACreationUtils.addEdgeToCFA, INFO)

line 30749: Dead code detected: [!(pao_ID__ == 1)] (CFACreationUtils.addEdgeToCFA, INFO)

line 30750: Dead code detected: __asm__ ("incw %%gs:%0": "+m" (__preempt_count)); (CFACreationUtils.addEdgeToCFA, INFO)

line 30752: Dead code detected: [pao_ID__ == -1] (CFACreationUtils.addEdgeToCFA, INFO)

line 30752: Dead code detected: [!(pao_ID__ == -1)] (CFACreationUtils.addEdgeToCFA, INFO)

line 30753: Dead code detected: __asm__ ("decw %%gs:%0": "+m" (__preempt_count)); (CFACreationUtils.addEdgeToCFA, INFO)

line 30755: Dead code detected: __asm__ ("addw %1, %%gs:%0": "+m" (__preempt_count): "ri" (val)); (CFACreationUtils.addEdgeToCFA, INFO)

line 30769: Dead code detected: [pao_ID__ == 1] (CFACreationUtils.addEdgeToCFA, INFO)

line 30769: Dead code detected: [!(pao_ID__ == 1)] (CFACreationUtils.addEdgeToCFA, INFO)

line 30770: Dead code detected: __asm__ ("incq %%gs:%0": "+m" (__preempt_count)); (CFACreationUtils.addEdgeToCFA, INFO)

line 30772: Dead code detected: [pao_ID__ == -1] (CFACreationUtils.addEdgeToCFA, INFO)

line 30772: Dead code detected: [!(pao_ID__ == -1)] (CFACreationUtils.addEdgeToCFA, INFO)

line 30773: Dead code detected: __asm__ ("decq %%gs:%0": "+m" (__preempt_count)); (CFACreationUtils.addEdgeToCFA, INFO)

line 30775: Dead code detected: __asm__ ("addq %1, %%gs:%0": "+m" (__preempt_count): "re" (val)); (CFACreationUtils.addEdgeToCFA, INFO)

line 30778: Dead code detected: switch (4UL) {
  case 1UL: ;
  if (pao_ID__ == 1) {
    __asm__ ("incb %%gs:%0": "+m" (__preempt_count));
  } else
  if (pao_ID__ == -1) {
    __asm__ ("decb %%gs:%0": "+m" (__preempt_count));
  } else {
    __asm__ ("addb %1, %%gs:%0": "+m" (__preempt_count): "qi" (val));
  }
  goto ldv_6163;
  case 2UL: ;
  if (pao_ID__ == 1) {
    __asm__ ("incw %%gs:%0": "+m" (__preempt_count));
  } else
  if (pao_ID__ == -1) {
    __asm__ ("decw %%gs:%0": "+m" (__preempt_count));
  } else {
    __asm__ ("addw %1, %%gs:%0": "+m" (__preempt_count): "ri" (val));
  }
  goto ldv_6163;
  case 4UL: ;
  if (pao_ID__ == 1) {
    __asm__ ("incl %%gs:%0": "+m" (__preempt_count));
  } else
  if (pao_ID__ == -1) {
    __asm__ ("decl %%gs:%0": "+m" (__preempt_count));
  } else {
    __asm__ ("addl %1, %%gs:%0": "+m" (__preempt_count): "ri" (val));
  }
  goto ldv_6163;
  case 8UL: ;
  if (pao_ID__ == 1) {
    __asm__ ("incq %%gs:%0": "+m" (__preempt_count));
  } else
  if (pao_ID__ == -1) {
    __asm__ ("decq %%gs:%0": "+m" (__preempt_count));
  } else {
    __asm__ ("addq %1, %%gs:%0": "+m" (__preempt_count): "re" (val));
  }
  goto ldv_6163;
  default:
  __bad_percpu_size();
  } (CFACreationUtils.addEdgeToCFA, INFO)

line 30792: Dead code detected: [pao_ID__ == 1] (CFACreationUtils.addEdgeToCFA, INFO)

line 30792: Dead code detected: [!(pao_ID__ == 1)] (CFACreationUtils.addEdgeToCFA, INFO)

line 30793: Dead code detected: __asm__ ("incb %%gs:%0": "+m" (__preempt_count)); (CFACreationUtils.addEdgeToCFA, INFO)

line 30795: Dead code detected: [pao_ID__ == -1] (CFACreationUtils.addEdgeToCFA, INFO)

line 30795: Dead code detected: [!(pao_ID__ == -1)] (CFACreationUtils.addEdgeToCFA, INFO)

line 30796: Dead code detected: __asm__ ("decb %%gs:%0": "+m" (__preempt_count)); (CFACreationUtils.addEdgeToCFA, INFO)

line 30798: Dead code detected: __asm__ ("addb %1, %%gs:%0": "+m" (__preempt_count): "qi" (- val)); (CFACreationUtils.addEdgeToCFA, INFO)

line 30802: Dead code detected: [pao_ID__ == 1] (CFACreationUtils.addEdgeToCFA, INFO)

line 30802: Dead code detected: [!(pao_ID__ == 1)] (CFACreationUtils.addEdgeToCFA, INFO)

line 30803: Dead code detected: __asm__ ("incw %%gs:%0": "+m" (__preempt_count)); (CFACreationUtils.addEdgeToCFA, INFO)

line 30805: Dead code detected: [pao_ID__ == -1] (CFACreationUtils.addEdgeToCFA, INFO)

line 30805: Dead code detected: [!(pao_ID__ == -1)] (CFACreationUtils.addEdgeToCFA, INFO)

line 30806: Dead code detected: __asm__ ("decw %%gs:%0": "+m" (__preempt_count)); (CFACreationUtils.addEdgeToCFA, INFO)

line 30808: Dead code detected: __asm__ ("addw %1, %%gs:%0": "+m" (__preempt_count): "ri" (- val)); (CFACreationUtils.addEdgeToCFA, INFO)

line 30822: Dead code detected: [pao_ID__ == 1] (CFACreationUtils.addEdgeToCFA, INFO)

line 30822: Dead code detected: [!(pao_ID__ == 1)] (CFACreationUtils.addEdgeToCFA, INFO)

line 30823: Dead code detected: __asm__ ("incq %%gs:%0": "+m" (__preempt_count)); (CFACreationUtils.addEdgeToCFA, INFO)

line 30825: Dead code detected: [pao_ID__ == -1] (CFACreationUtils.addEdgeToCFA, INFO)

line 30825: Dead code detected: [!(pao_ID__ == -1)] (CFACreationUtils.addEdgeToCFA, INFO)

line 30826: Dead code detected: __asm__ ("decq %%gs:%0": "+m" (__preempt_count)); (CFACreationUtils.addEdgeToCFA, INFO)

line 30828: Dead code detected: __asm__ ("addq %1, %%gs:%0": "+m" (__preempt_count): "re" (- val)); (CFACreationUtils.addEdgeToCFA, INFO)

line 30831: Dead code detected: switch (4UL) {
  case 1UL: ;
  if (pao_ID__ == 1) {
    __asm__ ("incb %%gs:%0": "+m" (__preempt_count));
  } else
  if (pao_ID__ == -1) {
    __asm__ ("decb %%gs:%0": "+m" (__preempt_count));
  } else {
    __asm__ ("addb %1, %%gs:%0": "+m" (__preempt_count): "qi" (- val));
  }
  goto ldv_6175;
  case 2UL: ;
  if (pao_ID__ == 1) {
    __asm__ ("incw %%gs:%0": "+m" (__preempt_count));
  } else
  if (pao_ID__ == -1) {
    __asm__ ("decw %%gs:%0": "+m" (__preempt_count));
  } else {
    __asm__ ("addw %1, %%gs:%0": "+m" (__preempt_count): "ri" (- val));
  }
  goto ldv_6175;
  case 4UL: ;
  if (pao_ID__ == 1) {
    __asm__ ("incl %%gs:%0": "+m" (__preempt_count));
  } else
  if (pao_ID__ == -1) {
    __asm__ ("decl %%gs:%0": "+m" (__preempt_count));
  } else {
    __asm__ ("addl %1, %%gs:%0": "+m" (__preempt_count): "ri" (- val));
  }
  goto ldv_6175;
  case 8UL: ;
  if (pao_ID__ == 1) {
    __asm__ ("incq %%gs:%0": "+m" (__preempt_count));
  } else
  if (pao_ID__ == -1) {
    __asm__ ("decq %%gs:%0": "+m" (__preempt_count));
  } else {
    __asm__ ("addq %1, %%gs:%0": "+m" (__preempt_count): "re" (- val));
  }
  goto ldv_6175;
  default:
  __bad_percpu_size();
  } (CFACreationUtils.addEdgeToCFA, INFO)

line 32903: Dead code detected: __ptr = (u8 volatile *)(& (t->tid_tab + (unsigned long )tid)->ctx); (CFACreationUtils.addEdgeToCFA, INFO)

line 32908: Dead code detected: __ptr___0 = (u16 volatile *)(& (t->tid_tab + (unsigned long )tid)->ctx); (CFACreationUtils.addEdgeToCFA, INFO)

line 32913: Dead code detected: __ptr___1 = (u32 volatile *)(& (t->tid_tab + (unsigned long )tid)->ctx); (CFACreationUtils.addEdgeToCFA, INFO)

line 32922: Dead code detected: switch (8UL) {
    case 1UL:
    __ptr = (u8 volatile *)(& (t->tid_tab + (unsigned long )tid)->ctx);
    __asm__ volatile (".pushsection .smp_locks,\"a\"\n.balign 4\n.long 671f - .\n.popsection\n671:\n\tlock; cmpxchgb %2,%1": "=a" (__ret),
                         "+m" (*__ptr): "q" (__new), "0" (__old): "memory");
    goto ldv_57935;
    case 2UL:
    __ptr___0 = (u16 volatile *)(& (t->tid_tab + (unsigned long )tid)->ctx);
    __asm__ volatile (".pushsection .smp_locks,\"a\"\n.balign 4\n.long 671f - .\n.popsection\n671:\n\tlock; cmpxchgw %2,%1": "=a" (__ret),
                         "+m" (*__ptr___0): "r" (__new), "0" (__old): "memory");
    goto ldv_57935;
    case 4UL:
    __ptr___1 = (u32 volatile *)(& (t->tid_tab + (unsigned long )tid)->ctx);
    __asm__ volatile (".pushsection .smp_locks,\"a\"\n.balign 4\n.long 671f - .\n.popsection\n671:\n\tlock; cmpxchgl %2,%1": "=a" (__ret),
                         "+m" (*__ptr___1): "r" (__new), "0" (__old): "memory");
    goto ldv_57935;
    case 8UL:
    __ptr___2 = (u64 volatile *)(& (t->tid_tab + (unsigned long )tid)->ctx);
    __asm__ volatile (".pushsection .smp_locks,\"a\"\n.balign 4\n.long 671f - .\n.popsection\n671:\n\tlock; cmpxchgq %2,%1": "=a" (__ret),
                         "+m" (*__ptr___2): "r" (__new), "0" (__old): "memory");
    goto ldv_57935;
    default:
    __cmpxchg_wrong_size();
    } (CFACreationUtils.addEdgeToCFA, INFO)

line 33488: Dereferencing of non-pointer type cpl_handler_func  in expression *(cpl_handlers[opcode]) (ASTConverter.convert, WARNING)

Inline assembler ignored, analysis is probably unsound! (CFABuilder.createCFA, WARNING)

line 32247: Function pointer *(client->add) with type void (*)(struct t3cdev *) is called, but no possible target functions were found. (CFunctionPointerResolver.getTargets, WARNING)

line 32300: Function pointer *(client->event_handler) with type void (*)(struct t3cdev *, u32 , u32 ) is called, but no possible target functions were found. (CFunctionPointerResolver.getTargets, WARNING)

line 28690: Function pointer *(pi->iscsic.recv) with type int (*)(struct port_info *, struct sk_buff *) is called, but no possible target functions were found. (CFunctionPointerResolver.getTargets, WARNING)

line 32169: Function pointer *(client->add) with type void (*)(struct t3cdev *) is called, but no possible target functions were found. (CFunctionPointerResolver.getTargets, WARNING)

line 32273: Function pointer *(client->remove) with type void (*)(struct t3cdev *) is called, but no possible target functions were found. (CFunctionPointerResolver.getTargets, WARNING)

line 32210: Function pointer *(client->remove) with type void (*)(struct t3cdev *) is called, but no possible target functions were found. (CFunctionPointerResolver.getTargets, WARNING)

line 33691: Function pointer *(te->client->redirect) with type int (*)(void *, struct dst_entry *, struct dst_entry *, struct l2t_entry *) is called, but no possible target functions were found. (CFunctionPointerResolver.getTargets, WARNING)

line 25897: Function pointer *(ops->map_page) with type dma_addr_t (*)(struct device *, struct page *, unsigned long, size_t , enum dma_data_direction , struct dma_attrs *) is called, but no possible target functions were found. (CFunctionPointerResolver.getTargets, WARNING)

line 25835: Function pointer *(ops->map_page) with type dma_addr_t (*)(struct device *, struct page *, unsigned long, size_t , enum dma_data_direction , struct dma_attrs *) is called, but no possible target functions were found. (CFunctionPointerResolver.getTargets, WARNING)

line 26003: Function pointer *(ops->mapping_error) with type int (*)(struct device *, dma_addr_t ) is called, but no possible target functions were found. (CFunctionPointerResolver.getTargets, WARNING)

line 25955: Function pointer *(ops->sync_single_for_cpu) with type void (*)(struct device *, dma_addr_t , size_t , enum dma_data_direction ) is called, but no possible target functions were found. (CFunctionPointerResolver.getTargets, WARNING)

line 25985: Function pointer *(ops->sync_single_for_device) with type void (*)(struct device *, dma_addr_t , size_t , enum dma_data_direction ) is called, but no possible target functions were found. (CFunctionPointerResolver.getTargets, WARNING)

line 25925: Function pointer *(ops->unmap_page) with type void (*)(struct device *, dma_addr_t , size_t , enum dma_data_direction , struct dma_attrs *) is called, but no possible target functions were found. (CFunctionPointerResolver.getTargets, WARNING)

line 25867: Function pointer *(ops->unmap_page) with type void (*)(struct device *, dma_addr_t , size_t , enum dma_data_direction , struct dma_attrs *) is called, but no possible target functions were found. (CFunctionPointerResolver.getTargets, WARNING)

line 33277: Function pointer *(*((t3c_tid->client->handlers) + ((unsigned long)(p->opcode)))) with type signed int (*(*)(struct t3cdev {
  char name[16U];
  enum t3ctype type;
  struct list_head ofld_dev_list;
  struct net_device *lldev;
  struct proc_dir_entry *proc_dir;
  int (*send)(struct t3cdev *, struct sk_buff *);
  int (*recv)(struct t3cdev *, struct sk_buff **, int);
  int (*ctl)(struct t3cdev *, unsigned int, void *);
  void (*neigh_update)(struct t3cdev *, struct neighbour *);
  void *priv;
  void *l2opt;
  void *l3opt;
  void *l4opt;
  void *ulp;
  void *ulp_iscsi;
} *, struct sk_buff {
  union __anonunion____missing_field_name_282 __annonCompField80;
  struct sock *sk;
  struct net_device *dev;
  char cb[48U];
  unsigned long _skb_refdst;
  void (*destructor)(struct sk_buff *);
  struct sec_path *sp;
  struct nf_conntrack *nfct;
  struct nf_bridge_info *nf_bridge;
  unsigned int len;
  unsigned int data_len;
  __u16 mac_len;
  __u16 hdr_len;
  __u16 queue_mapping;
  unsigned char cloned : 1;
  unsigned char nohdr : 1;
  unsigned char fclone : 2;
  unsigned char peeked : 1;
  unsigned char head_frag : 1;
  unsigned char xmit_more : 1;
  __u32 headers_start[0U];
  __u8 __pkt_type_offset[0U];
  unsigned char pkt_type : 3;
  unsigned char pfmemalloc : 1;
  unsigned char ignore_df : 1;
  unsigned char nfctinfo : 3;
  unsigned char nf_trace : 1;
  unsigned char ip_summed : 2;
  unsigned char ooo_okay : 1;
  unsigned char l4_hash : 1;
  unsigned char sw_hash : 1;
  unsigned char wifi_acked_valid : 1;
  unsigned char wifi_acked : 1;
  unsigned char no_fcs : 1;
  unsigned char encapsulation : 1;
  unsigned char encap_hdr_csum : 1;
  unsigned char csum_valid : 1;
  unsigned char csum_complete_sw : 1;
  unsigned char csum_level : 2;
  unsigned char csum_bad : 1;
  unsigned char ndisc_nodetype : 2;
  unsigned char ipvs_property : 1;
  unsigned char inner_protocol_type : 1;
  unsigned char remcsum_offload : 1;
  __u16 tc_index;
  __u16 tc_verd;
  union __anonunion____missing_field_name_285 __annonCompField82;
  __u32 priority;
  int skb_iif;
  __u32 hash;
  __be16 vlan_proto;
  __u16 vlan_tci;
  union __anonunion____missing_field_name_287 __annonCompField83;
  __u32 secmark;
  union __anonunion____missing_field_name_288 __annonCompField84;
  union __anonunion____missing_field_name_289 __annonCompField85;
  __u16 inner_transport_header;
  __u16 inner_network_header;
  __u16 inner_mac_header;
  __be16 protocol;
  __u16 transport_header;
  __u16 network_header;
  __u16 mac_header;
  __u32 headers_end[0U];
  sk_buff_data_t tail;
  sk_buff_data_t end;
  unsigned char *head;
  unsigned char *data;
  unsigned int truesize;
  atomic_t users;
} *, void *))(struct t3cdev {
  char name[16U];
  enum t3ctype type;
  struct list_head ofld_dev_list;
  struct net_device *lldev;
  struct proc_dir_entry *proc_dir;
  int (*send)(struct t3cdev *, struct sk_buff *);
  int (*recv)(struct t3cdev *, struct sk_buff **, int);
  int (*ctl)(struct t3cdev *, unsigned int, void *);
  void (*neigh_update)(struct t3cdev *, struct neighbour *);
  void *priv;
  void *l2opt;
  void *l3opt;
  void *l4opt;
  void *ulp;
  void *ulp_iscsi;
} *, struct sk_buff {
  union __anonunion____missing_field_name_282 __annonCompField80;
  struct sock *sk;
  struct net_device *dev;
  char cb[48U];
  unsigned long _skb_refdst;
  void (*destructor)(struct sk_buff *);
  struct sec_path *sp;
  struct nf_conntrack *nfct;
  struct nf_bridge_info *nf_bridge;
  unsigned int len;
  unsigned int data_len;
  __u16 mac_len;
  __u16 hdr_len;
  __u16 queue_mapping;
  unsigned char cloned : 1;
  unsigned char nohdr : 1;
  unsigned char fclone : 2;
  unsigned char peeked : 1;
  unsigned char head_frag : 1;
  unsigned char xmit_more : 1;
  __u32 headers_start[0U];
  __u8 __pkt_type_offset[0U];
  unsigned char pkt_type : 3;
  unsigned char pfmemalloc : 1;
  unsigned char ignore_df : 1;
  unsigned char nfctinfo : 3;
  unsigned char nf_trace : 1;
  unsigned char ip_summed : 2;
  unsigned char ooo_okay : 1;
  unsigned char l4_hash : 1;
  unsigned char sw_hash : 1;
  unsigned char wifi_acked_valid : 1;
  unsigned char wifi_acked : 1;
  unsigned char no_fcs : 1;
  unsigned char encapsulation : 1;
  unsigned char encap_hdr_csum : 1;
  unsigned char csum_valid : 1;
  unsigned char csum_complete_sw : 1;
  unsigned char csum_level : 2;
  unsigned char csum_bad : 1;
  unsigned char ndisc_nodetype : 2;
  unsigned char ipvs_property : 1;
  unsigned char inner_protocol_type : 1;
  unsigned char remcsum_offload : 1;
  __u16 tc_index;
  __u16 tc_verd;
  union __anonunion____missing_field_name_285 __annonCompField82;
  __u32 priority;
  int skb_iif;
  __u32 hash;
  __be16 vlan_proto;
  __u16 vlan_tci;
  union __anonunion____missing_field_name_287 __annonCompField83;
  __u32 secmark;
  union __anonunion____missing_field_name_288 __annonCompField84;
  union __anonunion____missing_field_name_289 __annonCompField85;
  __u16 inner_transport_header;
  __u16 inner_network_header;
  __u16 inner_mac_header;
  __be16 protocol;
  __u16 transport_header;
  __u16 network_header;
  __u16 mac_header;
  __u32 headers_end[0U];
  sk_buff_data_t tail;
  sk_buff_data_t end;
  unsigned char *head;
  unsigned char *data;
  unsigned int truesize;
  atomic_t users;
} *, void *) is called, but no possible target functions were found. (CFunctionPointerResolver.getTargets, WARNING)

line 33348: Function pointer *(*((t3c_tid->client->handlers) + 80UL)) with type signed int (*(*)(struct t3cdev {
  char name[16U];
  enum t3ctype type;
  struct list_head ofld_dev_list;
  struct net_device *lldev;
  struct proc_dir_entry *proc_dir;
  int (*send)(struct t3cdev *, struct sk_buff *);
  int (*recv)(struct t3cdev *, struct sk_buff **, int);
  int (*ctl)(struct t3cdev *, unsigned int, void *);
  void (*neigh_update)(struct t3cdev *, struct neighbour *);
  void *priv;
  void *l2opt;
  void *l3opt;
  void *l4opt;
  void *ulp;
  void *ulp_iscsi;
} *, struct sk_buff {
  union __anonunion____missing_field_name_282 __annonCompField80;
  struct sock *sk;
  struct net_device *dev;
  char cb[48U];
  unsigned long _skb_refdst;
  void (*destructor)(struct sk_buff *);
  struct sec_path *sp;
  struct nf_conntrack *nfct;
  struct nf_bridge_info *nf_bridge;
  unsigned int len;
  unsigned int data_len;
  __u16 mac_len;
  __u16 hdr_len;
  __u16 queue_mapping;
  unsigned char cloned : 1;
  unsigned char nohdr : 1;
  unsigned char fclone : 2;
  unsigned char peeked : 1;
  unsigned char head_frag : 1;
  unsigned char xmit_more : 1;
  __u32 headers_start[0U];
  __u8 __pkt_type_offset[0U];
  unsigned char pkt_type : 3;
  unsigned char pfmemalloc : 1;
  unsigned char ignore_df : 1;
  unsigned char nfctinfo : 3;
  unsigned char nf_trace : 1;
  unsigned char ip_summed : 2;
  unsigned char ooo_okay : 1;
  unsigned char l4_hash : 1;
  unsigned char sw_hash : 1;
  unsigned char wifi_acked_valid : 1;
  unsigned char wifi_acked : 1;
  unsigned char no_fcs : 1;
  unsigned char encapsulation : 1;
  unsigned char encap_hdr_csum : 1;
  unsigned char csum_valid : 1;
  unsigned char csum_complete_sw : 1;
  unsigned char csum_level : 2;
  unsigned char csum_bad : 1;
  unsigned char ndisc_nodetype : 2;
  unsigned char ipvs_property : 1;
  unsigned char inner_protocol_type : 1;
  unsigned char remcsum_offload : 1;
  __u16 tc_index;
  __u16 tc_verd;
  union __anonunion____missing_field_name_285 __annonCompField82;
  __u32 priority;
  int skb_iif;
  __u32 hash;
  __be16 vlan_proto;
  __u16 vlan_tci;
  union __anonunion____missing_field_name_287 __annonCompField83;
  __u32 secmark;
  union __anonunion____missing_field_name_288 __annonCompField84;
  union __anonunion____missing_field_name_289 __annonCompField85;
  __u16 inner_transport_header;
  __u16 inner_network_header;
  __u16 inner_mac_header;
  __be16 protocol;
  __u16 transport_header;
  __u16 network_header;
  __u16 mac_header;
  __u32 headers_end[0U];
  sk_buff_data_t tail;
  sk_buff_data_t end;
  unsigned char *head;
  unsigned char *data;
  unsigned int truesize;
  atomic_t users;
} *, void *))(struct t3cdev {
  char name[16U];
  enum t3ctype type;
  struct list_head ofld_dev_list;
  struct net_device *lldev;
  struct proc_dir_entry *proc_dir;
  int (*send)(struct t3cdev *, struct sk_buff *);
  int (*recv)(struct t3cdev *, struct sk_buff **, int);
  int (*ctl)(struct t3cdev *, unsigned int, void *);
  void (*neigh_update)(struct t3cdev *, struct neighbour *);
  void *priv;
  void *l2opt;
  void *l3opt;
  void *l4opt;
  void *ulp;
  void *ulp_iscsi;
} *, struct sk_buff {
  union __anonunion____missing_field_name_282 __annonCompField80;
  struct sock *sk;
  struct net_device *dev;
  char cb[48U];
  unsigned long _skb_refdst;
  void (*destructor)(struct sk_buff *);
  struct sec_path *sp;
  struct nf_conntrack *nfct;
  struct nf_bridge_info *nf_bridge;
  unsigned int len;
  unsigned int data_len;
  __u16 mac_len;
  __u16 hdr_len;
  __u16 queue_mapping;
  unsigned char cloned : 1;
  unsigned char nohdr : 1;
  unsigned char fclone : 2;
  unsigned char peeked : 1;
  unsigned char head_frag : 1;
  unsigned char xmit_more : 1;
  __u32 headers_start[0U];
  __u8 __pkt_type_offset[0U];
  unsigned char pkt_type : 3;
  unsigned char pfmemalloc : 1;
  unsigned char ignore_df : 1;
  unsigned char nfctinfo : 3;
  unsigned char nf_trace : 1;
  unsigned char ip_summed : 2;
  unsigned char ooo_okay : 1;
  unsigned char l4_hash : 1;
  unsigned char sw_hash : 1;
  unsigned char wifi_acked_valid : 1;
  unsigned char wifi_acked : 1;
  unsigned char no_fcs : 1;
  unsigned char encapsulation : 1;
  unsigned char encap_hdr_csum : 1;
  unsigned char csum_valid : 1;
  unsigned char csum_complete_sw : 1;
  unsigned char csum_level : 2;
  unsigned char csum_bad : 1;
  unsigned char ndisc_nodetype : 2;
  unsigned char ipvs_property : 1;
  unsigned char inner_protocol_type : 1;
  unsigned char remcsum_offload : 1;
  __u16 tc_index;
  __u16 tc_verd;
  union __anonunion____missing_field_name_285 __annonCompField82;
  __u32 priority;
  int skb_iif;
  __u32 hash;
  __be16 vlan_proto;
  __u16 vlan_tci;
  union __anonunion____missing_field_name_287 __annonCompField83;
  __u32 secmark;
  union __anonunion____missing_field_name_288 __annonCompField84;
  union __anonunion____missing_field_name_289 __annonCompField85;
  __u16 inner_transport_header;
  __u16 inner_network_header;
  __u16 inner_mac_header;
  __be16 protocol;
  __u16 transport_header;
  __u16 network_header;
  __u16 mac_header;
  __u32 headers_end[0U];
  sk_buff_data_t tail;
  sk_buff_data_t end;
  unsigned char *head;
  unsigned char *data;
  unsigned int truesize;
  atomic_t users;
} *, void *) is called, but no possible target functions were found. (CFunctionPointerResolver.getTargets, WARNING)

line 33102: Function pointer *(*((t3c_tid->client->handlers) + 64UL)) with type signed int (*(*)(struct t3cdev {
  char name[16U];
  enum t3ctype type;
  struct list_head ofld_dev_list;
  struct net_device *lldev;
  struct proc_dir_entry *proc_dir;
  int (*send)(struct t3cdev *, struct sk_buff *);
  int (*recv)(struct t3cdev *, struct sk_buff **, int);
  int (*ctl)(struct t3cdev *, unsigned int, void *);
  void (*neigh_update)(struct t3cdev *, struct neighbour *);
  void *priv;
  void *l2opt;
  void *l3opt;
  void *l4opt;
  void *ulp;
  void *ulp_iscsi;
} *, struct sk_buff {
  union __anonunion____missing_field_name_282 __annonCompField80;
  struct sock *sk;
  struct net_device *dev;
  char cb[48U];
  unsigned long _skb_refdst;
  void (*destructor)(struct sk_buff *);
  struct sec_path *sp;
  struct nf_conntrack *nfct;
  struct nf_bridge_info *nf_bridge;
  unsigned int len;
  unsigned int data_len;
  __u16 mac_len;
  __u16 hdr_len;
  __u16 queue_mapping;
  unsigned char cloned : 1;
  unsigned char nohdr : 1;
  unsigned char fclone : 2;
  unsigned char peeked : 1;
  unsigned char head_frag : 1;
  unsigned char xmit_more : 1;
  __u32 headers_start[0U];
  __u8 __pkt_type_offset[0U];
  unsigned char pkt_type : 3;
  unsigned char pfmemalloc : 1;
  unsigned char ignore_df : 1;
  unsigned char nfctinfo : 3;
  unsigned char nf_trace : 1;
  unsigned char ip_summed : 2;
  unsigned char ooo_okay : 1;
  unsigned char l4_hash : 1;
  unsigned char sw_hash : 1;
  unsigned char wifi_acked_valid : 1;
  unsigned char wifi_acked : 1;
  unsigned char no_fcs : 1;
  unsigned char encapsulation : 1;
  unsigned char encap_hdr_csum : 1;
  unsigned char csum_valid : 1;
  unsigned char csum_complete_sw : 1;
  unsigned char csum_level : 2;
  unsigned char csum_bad : 1;
  unsigned char ndisc_nodetype : 2;
  unsigned char ipvs_property : 1;
  unsigned char inner_protocol_type : 1;
  unsigned char remcsum_offload : 1;
  __u16 tc_index;
  __u16 tc_verd;
  union __anonunion____missing_field_name_285 __annonCompField82;
  __u32 priority;
  int skb_iif;
  __u32 hash;
  __be16 vlan_proto;
  __u16 vlan_tci;
  union __anonunion____missing_field_name_287 __annonCompField83;
  __u32 secmark;
  union __anonunion____missing_field_name_288 __annonCompField84;
  union __anonunion____missing_field_name_289 __annonCompField85;
  __u16 inner_transport_header;
  __u16 inner_network_header;
  __u16 inner_mac_header;
  __be16 protocol;
  __u16 transport_header;
  __u16 network_header;
  __u16 mac_header;
  __u32 headers_end[0U];
  sk_buff_data_t tail;
  sk_buff_data_t end;
  unsigned char *head;
  unsigned char *data;
  unsigned int truesize;
  atomic_t users;
} *, void *))(struct t3cdev {
  char name[16U];
  enum t3ctype type;
  struct list_head ofld_dev_list;
  struct net_device *lldev;
  struct proc_dir_entry *proc_dir;
  int (*send)(struct t3cdev *, struct sk_buff *);
  int (*recv)(struct t3cdev *, struct sk_buff **, int);
  int (*ctl)(struct t3cdev *, unsigned int, void *);
  void (*neigh_update)(struct t3cdev *, struct neighbour *);
  void *priv;
  void *l2opt;
  void *l3opt;
  void *l4opt;
  void *ulp;
  void *ulp_iscsi;
} *, struct sk_buff {
  union __anonunion____missing_field_name_282 __annonCompField80;
  struct sock *sk;
  struct net_device *dev;
  char cb[48U];
  unsigned long _skb_refdst;
  void (*destructor)(struct sk_buff *);
  struct sec_path *sp;
  struct nf_conntrack *nfct;
  struct nf_bridge_info *nf_bridge;
  unsigned int len;
  unsigned int data_len;
  __u16 mac_len;
  __u16 hdr_len;
  __u16 queue_mapping;
  unsigned char cloned : 1;
  unsigned char nohdr : 1;
  unsigned char fclone : 2;
  unsigned char peeked : 1;
  unsigned char head_frag : 1;
  unsigned char xmit_more : 1;
  __u32 headers_start[0U];
  __u8 __pkt_type_offset[0U];
  unsigned char pkt_type : 3;
  unsigned char pfmemalloc : 1;
  unsigned char ignore_df : 1;
  unsigned char nfctinfo : 3;
  unsigned char nf_trace : 1;
  unsigned char ip_summed : 2;
  unsigned char ooo_okay : 1;
  unsigned char l4_hash : 1;
  unsigned char sw_hash : 1;
  unsigned char wifi_acked_valid : 1;
  unsigned char wifi_acked : 1;
  unsigned char no_fcs : 1;
  unsigned char encapsulation : 1;
  unsigned char encap_hdr_csum : 1;
  unsigned char csum_valid : 1;
  unsigned char csum_complete_sw : 1;
  unsigned char csum_level : 2;
  unsigned char csum_bad : 1;
  unsigned char ndisc_nodetype : 2;
  unsigned char ipvs_property : 1;
  unsigned char inner_protocol_type : 1;
  unsigned char remcsum_offload : 1;
  __u16 tc_index;
  __u16 tc_verd;
  union __anonunion____missing_field_name_285 __annonCompField82;
  __u32 priority;
  int skb_iif;
  __u32 hash;
  __be16 vlan_proto;
  __u16 vlan_tci;
  union __anonunion____missing_field_name_287 __annonCompField83;
  __u32 secmark;
  union __anonunion____missing_field_name_288 __annonCompField84;
  union __anonunion____missing_field_name_289 __annonCompField85;
  __u16 inner_transport_header;
  __u16 inner_network_header;
  __u16 inner_mac_header;
  __be16 protocol;
  __u16 transport_header;
  __u16 network_header;
  __u16 mac_header;
  __u32 headers_end[0U];
  sk_buff_data_t tail;
  sk_buff_data_t end;
  unsigned char *head;
  unsigned char *data;
  unsigned int truesize;
  atomic_t users;
} *, void *) is called, but no possible target functions were found. (CFunctionPointerResolver.getTargets, WARNING)

line 33208: Function pointer *(*((t3c_tid->client->handlers) + 112UL)) with type signed int (*(*)(struct t3cdev {
  char name[16U];
  enum t3ctype type;
  struct list_head ofld_dev_list;
  struct net_device *lldev;
  struct proc_dir_entry *proc_dir;
  int (*send)(struct t3cdev *, struct sk_buff *);
  int (*recv)(struct t3cdev *, struct sk_buff **, int);
  int (*ctl)(struct t3cdev *, unsigned int, void *);
  void (*neigh_update)(struct t3cdev *, struct neighbour *);
  void *priv;
  void *l2opt;
  void *l3opt;
  void *l4opt;
  void *ulp;
  void *ulp_iscsi;
} *, struct sk_buff {
  union __anonunion____missing_field_name_282 __annonCompField80;
  struct sock *sk;
  struct net_device *dev;
  char cb[48U];
  unsigned long _skb_refdst;
  void (*destructor)(struct sk_buff *);
  struct sec_path *sp;
  struct nf_conntrack *nfct;
  struct nf_bridge_info *nf_bridge;
  unsigned int len;
  unsigned int data_len;
  __u16 mac_len;
  __u16 hdr_len;
  __u16 queue_mapping;
  unsigned char cloned : 1;
  unsigned char nohdr : 1;
  unsigned char fclone : 2;
  unsigned char peeked : 1;
  unsigned char head_frag : 1;
  unsigned char xmit_more : 1;
  __u32 headers_start[0U];
  __u8 __pkt_type_offset[0U];
  unsigned char pkt_type : 3;
  unsigned char pfmemalloc : 1;
  unsigned char ignore_df : 1;
  unsigned char nfctinfo : 3;
  unsigned char nf_trace : 1;
  unsigned char ip_summed : 2;
  unsigned char ooo_okay : 1;
  unsigned char l4_hash : 1;
  unsigned char sw_hash : 1;
  unsigned char wifi_acked_valid : 1;
  unsigned char wifi_acked : 1;
  unsigned char no_fcs : 1;
  unsigned char encapsulation : 1;
  unsigned char encap_hdr_csum : 1;
  unsigned char csum_valid : 1;
  unsigned char csum_complete_sw : 1;
  unsigned char csum_level : 2;
  unsigned char csum_bad : 1;
  unsigned char ndisc_nodetype : 2;
  unsigned char ipvs_property : 1;
  unsigned char inner_protocol_type : 1;
  unsigned char remcsum_offload : 1;
  __u16 tc_index;
  __u16 tc_verd;
  union __anonunion____missing_field_name_285 __annonCompField82;
  __u32 priority;
  int skb_iif;
  __u32 hash;
  __be16 vlan_proto;
  __u16 vlan_tci;
  union __anonunion____missing_field_name_287 __annonCompField83;
  __u32 secmark;
  union __anonunion____missing_field_name_288 __annonCompField84;
  union __anonunion____missing_field_name_289 __annonCompField85;
  __u16 inner_transport_header;
  __u16 inner_network_header;
  __u16 inner_mac_header;
  __be16 protocol;
  __u16 transport_header;
  __u16 network_header;
  __u16 mac_header;
  __u32 headers_end[0U];
  sk_buff_data_t tail;
  sk_buff_data_t end;
  unsigned char *head;
  unsigned char *data;
  unsigned int truesize;
  atomic_t users;
} *, void *))(struct t3cdev {
  char name[16U];
  enum t3ctype type;
  struct list_head ofld_dev_list;
  struct net_device *lldev;
  struct proc_dir_entry *proc_dir;
  int (*send)(struct t3cdev *, struct sk_buff *);
  int (*recv)(struct t3cdev *, struct sk_buff **, int);
  int (*ctl)(struct t3cdev *, unsigned int, void *);
  void (*neigh_update)(struct t3cdev *, struct neighbour *);
  void *priv;
  void *l2opt;
  void *l3opt;
  void *l4opt;
  void *ulp;
  void *ulp_iscsi;
} *, struct sk_buff {
  union __anonunion____missing_field_name_282 __annonCompField80;
  struct sock *sk;
  struct net_device *dev;
  char cb[48U];
  unsigned long _skb_refdst;
  void (*destructor)(struct sk_buff *);
  struct sec_path *sp;
  struct nf_conntrack *nfct;
  struct nf_bridge_info *nf_bridge;
  unsigned int len;
  unsigned int data_len;
  __u16 mac_len;
  __u16 hdr_len;
  __u16 queue_mapping;
  unsigned char cloned : 1;
  unsigned char nohdr : 1;
  unsigned char fclone : 2;
  unsigned char peeked : 1;
  unsigned char head_frag : 1;
  unsigned char xmit_more : 1;
  __u32 headers_start[0U];
  __u8 __pkt_type_offset[0U];
  unsigned char pkt_type : 3;
  unsigned char pfmemalloc : 1;
  unsigned char ignore_df : 1;
  unsigned char nfctinfo : 3;
  unsigned char nf_trace : 1;
  unsigned char ip_summed : 2;
  unsigned char ooo_okay : 1;
  unsigned char l4_hash : 1;
  unsigned char sw_hash : 1;
  unsigned char wifi_acked_valid : 1;
  unsigned char wifi_acked : 1;
  unsigned char no_fcs : 1;
  unsigned char encapsulation : 1;
  unsigned char encap_hdr_csum : 1;
  unsigned char csum_valid : 1;
  unsigned char csum_complete_sw : 1;
  unsigned char csum_level : 2;
  unsigned char csum_bad : 1;
  unsigned char ndisc_nodetype : 2;
  unsigned char ipvs_property : 1;
  unsigned char inner_protocol_type : 1;
  unsigned char remcsum_offload : 1;
  __u16 tc_index;
  __u16 tc_verd;
  union __anonunion____missing_field_name_285 __annonCompField82;
  __u32 priority;
  int skb_iif;
  __u32 hash;
  __be16 vlan_proto;
  __u16 vlan_tci;
  union __anonunion____missing_field_name_287 __annonCompField83;
  __u32 secmark;
  union __anonunion____missing_field_name_288 __annonCompField84;
  union __anonunion____missing_field_name_289 __annonCompField85;
  __u16 inner_transport_header;
  __u16 inner_network_header;
  __u16 inner_mac_header;
  __be16 protocol;
  __u16 transport_header;
  __u16 network_header;
  __u16 mac_header;
  __u32 headers_end[0U];
  sk_buff_data_t tail;
  sk_buff_data_t end;
  unsigned char *head;
  unsigned char *data;
  unsigned int truesize;
  atomic_t users;
} *, void *) is called, but no possible target functions were found. (CFunctionPointerResolver.getTargets, WARNING)

line 33162: Function pointer *(*((t3c_tid->client->handlers) + ((unsigned long)(p->opcode)))) with type signed int (*(*)(struct t3cdev {
  char name[16U];
  enum t3ctype type;
  struct list_head ofld_dev_list;
  struct net_device *lldev;
  struct proc_dir_entry *proc_dir;
  int (*send)(struct t3cdev *, struct sk_buff *);
  int (*recv)(struct t3cdev *, struct sk_buff **, int);
  int (*ctl)(struct t3cdev *, unsigned int, void *);
  void (*neigh_update)(struct t3cdev *, struct neighbour *);
  void *priv;
  void *l2opt;
  void *l3opt;
  void *l4opt;
  void *ulp;
  void *ulp_iscsi;
} *, struct sk_buff {
  union __anonunion____missing_field_name_282 __annonCompField80;
  struct sock *sk;
  struct net_device *dev;
  char cb[48U];
  unsigned long _skb_refdst;
  void (*destructor)(struct sk_buff *);
  struct sec_path *sp;
  struct nf_conntrack *nfct;
  struct nf_bridge_info *nf_bridge;
  unsigned int len;
  unsigned int data_len;
  __u16 mac_len;
  __u16 hdr_len;
  __u16 queue_mapping;
  unsigned char cloned : 1;
  unsigned char nohdr : 1;
  unsigned char fclone : 2;
  unsigned char peeked : 1;
  unsigned char head_frag : 1;
  unsigned char xmit_more : 1;
  __u32 headers_start[0U];
  __u8 __pkt_type_offset[0U];
  unsigned char pkt_type : 3;
  unsigned char pfmemalloc : 1;
  unsigned char ignore_df : 1;
  unsigned char nfctinfo : 3;
  unsigned char nf_trace : 1;
  unsigned char ip_summed : 2;
  unsigned char ooo_okay : 1;
  unsigned char l4_hash : 1;
  unsigned char sw_hash : 1;
  unsigned char wifi_acked_valid : 1;
  unsigned char wifi_acked : 1;
  unsigned char no_fcs : 1;
  unsigned char encapsulation : 1;
  unsigned char encap_hdr_csum : 1;
  unsigned char csum_valid : 1;
  unsigned char csum_complete_sw : 1;
  unsigned char csum_level : 2;
  unsigned char csum_bad : 1;
  unsigned char ndisc_nodetype : 2;
  unsigned char ipvs_property : 1;
  unsigned char inner_protocol_type : 1;
  unsigned char remcsum_offload : 1;
  __u16 tc_index;
  __u16 tc_verd;
  union __anonunion____missing_field_name_285 __annonCompField82;
  __u32 priority;
  int skb_iif;
  __u32 hash;
  __be16 vlan_proto;
  __u16 vlan_tci;
  union __anonunion____missing_field_name_287 __annonCompField83;
  __u32 secmark;
  union __anonunion____missing_field_name_288 __annonCompField84;
  union __anonunion____missing_field_name_289 __annonCompField85;
  __u16 inner_transport_header;
  __u16 inner_network_header;
  __u16 inner_mac_header;
  __be16 protocol;
  __u16 transport_header;
  __u16 network_header;
  __u16 mac_header;
  __u32 headers_end[0U];
  sk_buff_data_t tail;
  sk_buff_data_t end;
  unsigned char *head;
  unsigned char *data;
  unsigned int truesize;
  atomic_t users;
} *, void *))(struct t3cdev {
  char name[16U];
  enum t3ctype type;
  struct list_head ofld_dev_list;
  struct net_device *lldev;
  struct proc_dir_entry *proc_dir;
  int (*send)(struct t3cdev *, struct sk_buff *);
  int (*recv)(struct t3cdev *, struct sk_buff **, int);
  int (*ctl)(struct t3cdev *, unsigned int, void *);
  void (*neigh_update)(struct t3cdev *, struct neighbour *);
  void *priv;
  void *l2opt;
  void *l3opt;
  void *l4opt;
  void *ulp;
  void *ulp_iscsi;
} *, struct sk_buff {
  union __anonunion____missing_field_name_282 __annonCompField80;
  struct sock *sk;
  struct net_device *dev;
  char cb[48U];
  unsigned long _skb_refdst;
  void (*destructor)(struct sk_buff *);
  struct sec_path *sp;
  struct nf_conntrack *nfct;
  struct nf_bridge_info *nf_bridge;
  unsigned int len;
  unsigned int data_len;
  __u16 mac_len;
  __u16 hdr_len;
  __u16 queue_mapping;
  unsigned char cloned : 1;
  unsigned char nohdr : 1;
  unsigned char fclone : 2;
  unsigned char peeked : 1;
  unsigned char head_frag : 1;
  unsigned char xmit_more : 1;
  __u32 headers_start[0U];
  __u8 __pkt_type_offset[0U];
  unsigned char pkt_type : 3;
  unsigned char pfmemalloc : 1;
  unsigned char ignore_df : 1;
  unsigned char nfctinfo : 3;
  unsigned char nf_trace : 1;
  unsigned char ip_summed : 2;
  unsigned char ooo_okay : 1;
  unsigned char l4_hash : 1;
  unsigned char sw_hash : 1;
  unsigned char wifi_acked_valid : 1;
  unsigned char wifi_acked : 1;
  unsigned char no_fcs : 1;
  unsigned char encapsulation : 1;
  unsigned char encap_hdr_csum : 1;
  unsigned char csum_valid : 1;
  unsigned char csum_complete_sw : 1;
  unsigned char csum_level : 2;
  unsigned char csum_bad : 1;
  unsigned char ndisc_nodetype : 2;
  unsigned char ipvs_property : 1;
  unsigned char inner_protocol_type : 1;
  unsigned char remcsum_offload : 1;
  __u16 tc_index;
  __u16 tc_verd;
  union __anonunion____missing_field_name_285 __annonCompField82;
  __u32 priority;
  int skb_iif;
  __u32 hash;
  __be16 vlan_proto;
  __u16 vlan_tci;
  union __anonunion____missing_field_name_287 __annonCompField83;
  __u32 secmark;
  union __anonunion____missing_field_name_288 __annonCompField84;
  union __anonunion____missing_field_name_289 __annonCompField85;
  __u16 inner_transport_header;
  __u16 inner_network_header;
  __u16 inner_mac_header;
  __be16 protocol;
  __u16 transport_header;
  __u16 network_header;
  __u16 mac_header;
  __u32 headers_end[0U];
  sk_buff_data_t tail;
  sk_buff_data_t end;
  unsigned char *head;
  unsigned char *data;
  unsigned int truesize;
  atomic_t users;
} *, void *) is called, but no possible target functions were found. (CFunctionPointerResolver.getTargets, WARNING)

line 33131: Function pointer *(*((t3c_tid->client->handlers) + ((unsigned long)(p->opcode)))) with type signed int (*(*)(struct t3cdev {
  char name[16U];
  enum t3ctype type;
  struct list_head ofld_dev_list;
  struct net_device *lldev;
  struct proc_dir_entry *proc_dir;
  int (*send)(struct t3cdev *, struct sk_buff *);
  int (*recv)(struct t3cdev *, struct sk_buff **, int);
  int (*ctl)(struct t3cdev *, unsigned int, void *);
  void (*neigh_update)(struct t3cdev *, struct neighbour *);
  void *priv;
  void *l2opt;
  void *l3opt;
  void *l4opt;
  void *ulp;
  void *ulp_iscsi;
} *, struct sk_buff {
  union __anonunion____missing_field_name_282 __annonCompField80;
  struct sock *sk;
  struct net_device *dev;
  char cb[48U];
  unsigned long _skb_refdst;
  void (*destructor)(struct sk_buff *);
  struct sec_path *sp;
  struct nf_conntrack *nfct;
  struct nf_bridge_info *nf_bridge;
  unsigned int len;
  unsigned int data_len;
  __u16 mac_len;
  __u16 hdr_len;
  __u16 queue_mapping;
  unsigned char cloned : 1;
  unsigned char nohdr : 1;
  unsigned char fclone : 2;
  unsigned char peeked : 1;
  unsigned char head_frag : 1;
  unsigned char xmit_more : 1;
  __u32 headers_start[0U];
  __u8 __pkt_type_offset[0U];
  unsigned char pkt_type : 3;
  unsigned char pfmemalloc : 1;
  unsigned char ignore_df : 1;
  unsigned char nfctinfo : 3;
  unsigned char nf_trace : 1;
  unsigned char ip_summed : 2;
  unsigned char ooo_okay : 1;
  unsigned char l4_hash : 1;
  unsigned char sw_hash : 1;
  unsigned char wifi_acked_valid : 1;
  unsigned char wifi_acked : 1;
  unsigned char no_fcs : 1;
  unsigned char encapsulation : 1;
  unsigned char encap_hdr_csum : 1;
  unsigned char csum_valid : 1;
  unsigned char csum_complete_sw : 1;
  unsigned char csum_level : 2;
  unsigned char csum_bad : 1;
  unsigned char ndisc_nodetype : 2;
  unsigned char ipvs_property : 1;
  unsigned char inner_protocol_type : 1;
  unsigned char remcsum_offload : 1;
  __u16 tc_index;
  __u16 tc_verd;
  union __anonunion____missing_field_name_285 __annonCompField82;
  __u32 priority;
  int skb_iif;
  __u32 hash;
  __be16 vlan_proto;
  __u16 vlan_tci;
  union __anonunion____missing_field_name_287 __annonCompField83;
  __u32 secmark;
  union __anonunion____missing_field_name_288 __annonCompField84;
  union __anonunion____missing_field_name_289 __annonCompField85;
  __u16 inner_transport_header;
  __u16 inner_network_header;
  __u16 inner_mac_header;
  __be16 protocol;
  __u16 transport_header;
  __u16 network_header;
  __u16 mac_header;
  __u32 headers_end[0U];
  sk_buff_data_t tail;
  sk_buff_data_t end;
  unsigned char *head;
  unsigned char *data;
  unsigned int truesize;
  atomic_t users;
} *, void *))(struct t3cdev {
  char name[16U];
  enum t3ctype type;
  struct list_head ofld_dev_list;
  struct net_device *lldev;
  struct proc_dir_entry *proc_dir;
  int (*send)(struct t3cdev *, struct sk_buff *);
  int (*recv)(struct t3cdev *, struct sk_buff **, int);
  int (*ctl)(struct t3cdev *, unsigned int, void *);
  void (*neigh_update)(struct t3cdev *, struct neighbour *);
  void *priv;
  void *l2opt;
  void *l3opt;
  void *l4opt;
  void *ulp;
  void *ulp_iscsi;
} *, struct sk_buff {
  union __anonunion____missing_field_name_282 __annonCompField80;
  struct sock *sk;
  struct net_device *dev;
  char cb[48U];
  unsigned long _skb_refdst;
  void (*destructor)(struct sk_buff *);
  struct sec_path *sp;
  struct nf_conntrack *nfct;
  struct nf_bridge_info *nf_bridge;
  unsigned int len;
  unsigned int data_len;
  __u16 mac_len;
  __u16 hdr_len;
  __u16 queue_mapping;
  unsigned char cloned : 1;
  unsigned char nohdr : 1;
  unsigned char fclone : 2;
  unsigned char peeked : 1;
  unsigned char head_frag : 1;
  unsigned char xmit_more : 1;
  __u32 headers_start[0U];
  __u8 __pkt_type_offset[0U];
  unsigned char pkt_type : 3;
  unsigned char pfmemalloc : 1;
  unsigned char ignore_df : 1;
  unsigned char nfctinfo : 3;
  unsigned char nf_trace : 1;
  unsigned char ip_summed : 2;
  unsigned char ooo_okay : 1;
  unsigned char l4_hash : 1;
  unsigned char sw_hash : 1;
  unsigned char wifi_acked_valid : 1;
  unsigned char wifi_acked : 1;
  unsigned char no_fcs : 1;
  unsigned char encapsulation : 1;
  unsigned char encap_hdr_csum : 1;
  unsigned char csum_valid : 1;
  unsigned char csum_complete_sw : 1;
  unsigned char csum_level : 2;
  unsigned char csum_bad : 1;
  unsigned char ndisc_nodetype : 2;
  unsigned char ipvs_property : 1;
  unsigned char inner_protocol_type : 1;
  unsigned char remcsum_offload : 1;
  __u16 tc_index;
  __u16 tc_verd;
  union __anonunion____missing_field_name_285 __annonCompField82;
  __u32 priority;
  int skb_iif;
  __u32 hash;
  __be16 vlan_proto;
  __u16 vlan_tci;
  union __anonunion____missing_field_name_287 __annonCompField83;
  __u32 secmark;
  union __anonunion____missing_field_name_288 __annonCompField84;
  union __anonunion____missing_field_name_289 __annonCompField85;
  __u16 inner_transport_header;
  __u16 inner_network_header;
  __u16 inner_mac_header;
  __be16 protocol;
  __u16 transport_header;
  __u16 network_header;
  __u16 mac_header;
  __u32 headers_end[0U];
  sk_buff_data_t tail;
  sk_buff_data_t end;
  unsigned char *head;
  unsigned char *data;
  unsigned int truesize;
  atomic_t users;
} *, void *) is called, but no possible target functions were found. (CFunctionPointerResolver.getTargets, WARNING)

line 33408: Function pointer *(*((t3c_tid->client->handlers) + ((unsigned long)opcode))) with type signed int (*(*)(struct t3cdev {
  char name[16U];
  enum t3ctype type;
  struct list_head ofld_dev_list;
  struct net_device *lldev;
  struct proc_dir_entry *proc_dir;
  int (*send)(struct t3cdev *, struct sk_buff *);
  int (*recv)(struct t3cdev *, struct sk_buff **, int);
  int (*ctl)(struct t3cdev *, unsigned int, void *);
  void (*neigh_update)(struct t3cdev *, struct neighbour *);
  void *priv;
  void *l2opt;
  void *l3opt;
  void *l4opt;
  void *ulp;
  void *ulp_iscsi;
} *, struct sk_buff {
  union __anonunion____missing_field_name_282 __annonCompField80;
  struct sock *sk;
  struct net_device *dev;
  char cb[48U];
  unsigned long _skb_refdst;
  void (*destructor)(struct sk_buff *);
  struct sec_path *sp;
  struct nf_conntrack *nfct;
  struct nf_bridge_info *nf_bridge;
  unsigned int len;
  unsigned int data_len;
  __u16 mac_len;
  __u16 hdr_len;
  __u16 queue_mapping;
  unsigned char cloned : 1;
  unsigned char nohdr : 1;
  unsigned char fclone : 2;
  unsigned char peeked : 1;
  unsigned char head_frag : 1;
  unsigned char xmit_more : 1;
  __u32 headers_start[0U];
  __u8 __pkt_type_offset[0U];
  unsigned char pkt_type : 3;
  unsigned char pfmemalloc : 1;
  unsigned char ignore_df : 1;
  unsigned char nfctinfo : 3;
  unsigned char nf_trace : 1;
  unsigned char ip_summed : 2;
  unsigned char ooo_okay : 1;
  unsigned char l4_hash : 1;
  unsigned char sw_hash : 1;
  unsigned char wifi_acked_valid : 1;
  unsigned char wifi_acked : 1;
  unsigned char no_fcs : 1;
  unsigned char encapsulation : 1;
  unsigned char encap_hdr_csum : 1;
  unsigned char csum_valid : 1;
  unsigned char csum_complete_sw : 1;
  unsigned char csum_level : 2;
  unsigned char csum_bad : 1;
  unsigned char ndisc_nodetype : 2;
  unsigned char ipvs_property : 1;
  unsigned char inner_protocol_type : 1;
  unsigned char remcsum_offload : 1;
  __u16 tc_index;
  __u16 tc_verd;
  union __anonunion____missing_field_name_285 __annonCompField82;
  __u32 priority;
  int skb_iif;
  __u32 hash;
  __be16 vlan_proto;
  __u16 vlan_tci;
  union __anonunion____missing_field_name_287 __annonCompField83;
  __u32 secmark;
  union __anonunion____missing_field_name_288 __annonCompField84;
  union __anonunion____missing_field_name_289 __annonCompField85;
  __u16 inner_transport_header;
  __u16 inner_network_header;
  __u16 inner_mac_header;
  __be16 protocol;
  __u16 transport_header;
  __u16 network_header;
  __u16 mac_header;
  __u32 headers_end[0U];
  sk_buff_data_t tail;
  sk_buff_data_t end;
  unsigned char *head;
  unsigned char *data;
  unsigned int truesize;
  atomic_t users;
} *, void *))(struct t3cdev {
  char name[16U];
  enum t3ctype type;
  struct list_head ofld_dev_list;
  struct net_device *lldev;
  struct proc_dir_entry *proc_dir;
  int (*send)(struct t3cdev *, struct sk_buff *);
  int (*recv)(struct t3cdev *, struct sk_buff **, int);
  int (*ctl)(struct t3cdev *, unsigned int, void *);
  void (*neigh_update)(struct t3cdev *, struct neighbour *);
  void *priv;
  void *l2opt;
  void *l3opt;
  void *l4opt;
  void *ulp;
  void *ulp_iscsi;
} *, struct sk_buff {
  union __anonunion____missing_field_name_282 __annonCompField80;
  struct sock *sk;
  struct net_device *dev;
  char cb[48U];
  unsigned long _skb_refdst;
  void (*destructor)(struct sk_buff *);
  struct sec_path *sp;
  struct nf_conntrack *nfct;
  struct nf_bridge_info *nf_bridge;
  unsigned int len;
  unsigned int data_len;
  __u16 mac_len;
  __u16 hdr_len;
  __u16 queue_mapping;
  unsigned char cloned : 1;
  unsigned char nohdr : 1;
  unsigned char fclone : 2;
  unsigned char peeked : 1;
  unsigned char head_frag : 1;
  unsigned char xmit_more : 1;
  __u32 headers_start[0U];
  __u8 __pkt_type_offset[0U];
  unsigned char pkt_type : 3;
  unsigned char pfmemalloc : 1;
  unsigned char ignore_df : 1;
  unsigned char nfctinfo : 3;
  unsigned char nf_trace : 1;
  unsigned char ip_summed : 2;
  unsigned char ooo_okay : 1;
  unsigned char l4_hash : 1;
  unsigned char sw_hash : 1;
  unsigned char wifi_acked_valid : 1;
  unsigned char wifi_acked : 1;
  unsigned char no_fcs : 1;
  unsigned char encapsulation : 1;
  unsigned char encap_hdr_csum : 1;
  unsigned char csum_valid : 1;
  unsigned char csum_complete_sw : 1;
  unsigned char csum_level : 2;
  unsigned char csum_bad : 1;
  unsigned char ndisc_nodetype : 2;
  unsigned char ipvs_property : 1;
  unsigned char inner_protocol_type : 1;
  unsigned char remcsum_offload : 1;
  __u16 tc_index;
  __u16 tc_verd;
  union __anonunion____missing_field_name_285 __annonCompField82;
  __u32 priority;
  int skb_iif;
  __u32 hash;
  __be16 vlan_proto;
  __u16 vlan_tci;
  union __anonunion____missing_field_name_287 __annonCompField83;
  __u32 secmark;
  union __anonunion____missing_field_name_288 __annonCompField84;
  union __anonunion____missing_field_name_289 __annonCompField85;
  __u16 inner_transport_header;
  __u16 inner_network_header;
  __u16 inner_mac_header;
  __be16 protocol;
  __u16 transport_header;
  __u16 network_header;
  __u16 mac_header;
  __u32 headers_end[0U];
  sk_buff_data_t tail;
  sk_buff_data_t end;
  unsigned char *head;
  unsigned char *data;
  unsigned int truesize;
  atomic_t users;
} *, void *) is called, but no possible target functions were found. (CFunctionPointerResolver.getTargets, WARNING)

line 31098: Function pointer *(dst->ops->neigh_lookup) with type struct neighbour *(*)(const struct dst_entry *, struct sk_buff *, const void *) is called, but no possible target functions were found. (CFunctionPointerResolver.getTargets, WARNING)

line 31550: Function pointer *(cb->arp_failure_handler) with type void (*)(struct t3cdev *, struct sk_buff *) is called, but no possible target functions were found. (CFunctionPointerResolver.getTargets, WARNING)

Using unsound approximation of ints with unbounded integers and floats with unbounded integers for encoding program semantics. (PredicateCPA:FormulaManagerView.<init>, WARNING)

Using predicate analysis with Princess 2023-04-07. (PredicateCPA:PredicateCPA.<init>, INFO)

Using unsound approximation of ints with unbounded integers and floats with unbounded integers for encoding program semantics. (AssumptionStorageCPA:FormulaManagerView.<init>, WARNING)

The following configuration options were specified but are not used:
 proveroptions.option 
 (CPAchecker.printConfigurationWarnings, WARNING)

Starting analysis ... (CPAchecker.runAlgorithm, INFO)

Recursion detected, aborting. To ignore recursion, add -skipRecursion to the command line. (TargetLocationProvider:CallstackCPA:CallstackTransferRelation.getAbstractSuccessorsForEdge, INFO)

Recursion detected. Defaulting to selecting all locations as potential target locations. (TargetLocationProvider:TargetLocationProviderImpl.tryGetAutomatonTargetLocations, INFO)

Creating formula for program (AbstractBMCAlgorithm.run, INFO)

Exception in thread "main" org.sosy_lab.java_smt.basicimpl.GeneratorException: Modular Congruence is not available in SMTLIB2. 
	at org.sosy_lab.java_smt.basicimpl.AbstractNumeralFormulaManager.modularCongruence(AbstractNumeralFormulaManager.java:361)
	at org.sosy_lab.java_smt.solvers.princess.PrincessIntegerFormulaManager.modularCongruence(PrincessIntegerFormulaManager.java:22)
	at org.sosy_lab.cpachecker.util.predicates.smt.IntegerFormulaManagerView.modularCongruence(IntegerFormulaManagerView.java:35)
	at org.sosy_lab.cpachecker.util.predicates.smt.FormulaManagerView.makeModularCongruence(FormulaManagerView.java:688)
	at org.sosy_lab.cpachecker.util.predicates.smt.FormulaManagerView.makeModularCongruence(FormulaManagerView.java:670)
	at org.sosy_lab.cpachecker.util.predicates.pathformula.pointeraliasing.PointerTargetSetManager.makeBaseAddressConstraints(PointerTargetSetManager.java:653)
	at org.sosy_lab.cpachecker.util.predicates.pathformula.pointeraliasing.PointerTargetSetBuilder$RealPointerTargetSetBuilder.addNextBaseAddressConstraints(PointerTargetSetBuilder.java:286)
	at org.sosy_lab.cpachecker.util.predicates.pathformula.pointeraliasing.CToFormulaConverterWithPointerAliasing.declareSharedBase(CToFormulaConverterWithPointerAliasing.java:437)
	at org.sosy_lab.cpachecker.util.predicates.pathformula.pointeraliasing.CToFormulaConverterWithPointerAliasing.makeDeclaration(CToFormulaConverterWithPointerAliasing.java:1001)
	at org.sosy_lab.cpachecker.util.predicates.pathformula.ctoformula.CtoFormulaConverter.createFormulaForEdge(CtoFormulaConverter.java:1231)
	at org.sosy_lab.cpachecker.util.predicates.pathformula.ctoformula.CtoFormulaConverter.makeAnd(CtoFormulaConverter.java:1049)
	at org.sosy_lab.cpachecker.util.predicates.pathformula.PathFormulaManagerImpl.makeAnd(PathFormulaManagerImpl.java:246)
	at org.sosy_lab.cpachecker.util.predicates.pathformula.PathFormulaManagerImpl.makeAnd(PathFormulaManagerImpl.java:300)
	at org.sosy_lab.cpachecker.cpa.predicate.PredicateTransferRelation.convertEdgeToPathFormula(PredicateTransferRelation.java:203)
	at org.sosy_lab.cpachecker.cpa.predicate.PredicateTransferRelation.getAbstractSuccessorsForEdge(PredicateTransferRelation.java:113)
	at org.sosy_lab.cpachecker.cpa.composite.CompositeTransferRelation.callTransferRelation(CompositeTransferRelation.java:297)
	at org.sosy_lab.cpachecker.cpa.composite.CompositeTransferRelation.getAbstractSuccessorForSimpleEdge(CompositeTransferRelation.java:264)
	at org.sosy_lab.cpachecker.cpa.composite.CompositeTransferRelation.getAbstractSuccessorForEdge(CompositeTransferRelation.java:196)
	at org.sosy_lab.cpachecker.cpa.composite.CompositeTransferRelation.getAbstractSuccessors(CompositeTransferRelation.java:88)
	at org.sosy_lab.cpachecker.cpa.arg.ARGTransferRelation.getAbstractSuccessors(ARGTransferRelation.java:45)
	at org.sosy_lab.cpachecker.core.algorithm.CPAAlgorithm.handleState(CPAAlgorithm.java:334)
	at org.sosy_lab.cpachecker.core.algorithm.CPAAlgorithm.run0(CPAAlgorithm.java:289)
	at org.sosy_lab.cpachecker.core.algorithm.CPAAlgorithm.run(CPAAlgorithm.java:260)
	at org.sosy_lab.cpachecker.core.algorithm.bmc.BMCHelper.unroll(BMCHelper.java:192)
	at org.sosy_lab.cpachecker.core.algorithm.bmc.AbstractBMCAlgorithm.run(AbstractBMCAlgorithm.java:427)
	at org.sosy_lab.cpachecker.core.algorithm.bmc.BMCAlgorithm.run(BMCAlgorithm.java:130)
	at org.sosy_lab.cpachecker.core.CPAchecker.runAlgorithm(CPAchecker.java:507)
	at org.sosy_lab.cpachecker.core.CPAchecker.run(CPAchecker.java:369)
	at org.sosy_lab.cpachecker.cmdline.CPAMain.main(CPAMain.java:170)
