scripts/cpa.sh -heap 13000M -stack 50M -noout -benchmark -bmc -setprop cpa.predicate.useArraysForHeap=false -setprop cpa.predicate.memoryAllocationsAlwaysSucceed=true -setprop cpa.loopbound.maxLoopIterations=1 -setprop cpa.predicate.encodeFloatAs=INTEGER -setprop cpa.predicate.encodeBitvectorAs=INTEGER -setprop solver.solver=princess_binary -setprop proveroptions.option=use_binary -timelimit 900s -stats -spec test/programs/benchmarks/properties/unreach-call.prp -64 test/programs/benchmarks/ldv-linux-4.2-rc1/linux-4.2-rc1.tar.xz-32_7a-drivers--md--raid456.ko-entry_point.cil.out.i


--------------------------------------------------------------------------------


Running CPAchecker with Java heap of size 13000M.
Running CPAchecker with Java stack of size 50M.
Language C detected and set for analysis (CPAMain.detectFrontendLanguageIfNecessary, INFO)

Using the following resource limits: CPU-time limit of 900s (ResourceLimitChecker.fromConfiguration, INFO)

CPAchecker 2.3.1-svn-45350M / bmc (OpenJDK 64-Bit Server VM 17.0.8.1) started (CPAchecker.run, INFO)

Parsing CFA from file(s) "test/programs/benchmarks/ldv-linux-4.2-rc1/linux-4.2-rc1.tar.xz-32_7a-drivers--md--raid456.ko-entry_point.cil.out.i" (CPAchecker.parse, INFO)

line 4821: Dead code detected: __asm__ ("movb %%gs:%P1,%0": "=q" (pfo_ret__): "p" (& current_task)); (CFACreationUtils.addEdgeToCFA, INFO)

line 4824: Dead code detected: __asm__ ("movw %%gs:%P1,%0": "=r" (pfo_ret__): "p" (& current_task)); (CFACreationUtils.addEdgeToCFA, INFO)

line 4827: Dead code detected: __asm__ ("movl %%gs:%P1,%0": "=r" (pfo_ret__): "p" (& current_task)); (CFACreationUtils.addEdgeToCFA, INFO)

line 4832: Dead code detected: switch (8UL) {
  case 1UL:
  __asm__ ("movb %%gs:%P1,%0": "=q" (pfo_ret__): "p" (& current_task));
  goto ldv_2696;
  case 2UL:
  __asm__ ("movw %%gs:%P1,%0": "=r" (pfo_ret__): "p" (& current_task));
  goto ldv_2696;
  case 4UL:
  __asm__ ("movl %%gs:%P1,%0": "=r" (pfo_ret__): "p" (& current_task));
  goto ldv_2696;
  case 8UL:
  __asm__ ("movq %%gs:%P1,%0": "=r" (pfo_ret__): "p" (& current_task));
  goto ldv_2696;
  default:
  __bad_percpu_size();
  } (CFACreationUtils.addEdgeToCFA, INFO)

lines 5254-5255: Dead code detected: __asm__ volatile (".pushsection .smp_locks,\"a\"\n.balign 4\n.long 671f - .\n.popsection\n671:\n\tlock; xaddb %b0, %1\n": "+q" (__ret),
                       "+m" (v->counter): : "memory", "cc"); (CFACreationUtils.addEdgeToCFA, INFO)

lines 5258-5259: Dead code detected: __asm__ volatile (".pushsection .smp_locks,\"a\"\n.balign 4\n.long 671f - .\n.popsection\n671:\n\tlock; xaddw %w0, %1\n": "+r" (__ret),
                       "+m" (v->counter): : "memory", "cc"); (CFACreationUtils.addEdgeToCFA, INFO)

lines 5266-5267: Dead code detected: __asm__ volatile (".pushsection .smp_locks,\"a\"\n.balign 4\n.long 671f - .\n.popsection\n671:\n\tlock; xaddq %q0, %1\n": "+r" (__ret),
                       "+m" (v->counter): : "memory", "cc"); (CFACreationUtils.addEdgeToCFA, INFO)

line 5269: Dead code detected: switch (4UL) {
  case 1UL:
  __asm__ volatile (".pushsection .smp_locks,\"a\"\n.balign 4\n.long 671f - .\n.popsection\n671:\n\tlock; xaddb %b0, %1\n": "+q" (__ret),
                       "+m" (v->counter): : "memory", "cc");
  goto ldv_5596;
  case 2UL:
  __asm__ volatile (".pushsection .smp_locks,\"a\"\n.balign 4\n.long 671f - .\n.popsection\n671:\n\tlock; xaddw %w0, %1\n": "+r" (__ret),
                       "+m" (v->counter): : "memory", "cc");
  goto ldv_5596;
  case 4UL:
  __asm__ volatile (".pushsection .smp_locks,\"a\"\n.balign 4\n.long 671f - .\n.popsection\n671:\n\tlock; xaddl %0, %1\n": "+r" (__ret),
                       "+m" (v->counter): : "memory", "cc");
  goto ldv_5596;
  case 8UL:
  __asm__ volatile (".pushsection .smp_locks,\"a\"\n.balign 4\n.long 671f - .\n.popsection\n671:\n\tlock; xaddq %q0, %1\n": "+r" (__ret),
                       "+m" (v->counter): : "memory", "cc");
  goto ldv_5596;
  default:
  __xadd_wrong_size();
  } (CFACreationUtils.addEdgeToCFA, INFO)

line 5298: Dead code detected: __ptr = (u8 volatile *)(& v->counter); (CFACreationUtils.addEdgeToCFA, INFO)

line 5303: Dead code detected: __ptr___0 = (u16 volatile *)(& v->counter); (CFACreationUtils.addEdgeToCFA, INFO)

line 5313: Dead code detected: __ptr___2 = (u64 volatile *)(& v->counter); (CFACreationUtils.addEdgeToCFA, INFO)

line 5317: Dead code detected: switch (4UL) {
  case 1UL:
  __ptr = (u8 volatile *)(& v->counter);
  __asm__ volatile (".pushsection .smp_locks,\"a\"\n.balign 4\n.long 671f - .\n.popsection\n671:\n\tlock; cmpxchgb %2,%1": "=a" (__ret),
                       "+m" (*__ptr): "q" (__new), "0" (__old): "memory");
  goto ldv_5616;
  case 2UL:
  __ptr___0 = (u16 volatile *)(& v->counter);
  __asm__ volatile (".pushsection .smp_locks,\"a\"\n.balign 4\n.long 671f - .\n.popsection\n671:\n\tlock; cmpxchgw %2,%1": "=a" (__ret),
                       "+m" (*__ptr___0): "r" (__new), "0" (__old): "memory");
  goto ldv_5616;
  case 4UL:
  __ptr___1 = (u32 volatile *)(& v->counter);
  __asm__ volatile (".pushsection .smp_locks,\"a\"\n.balign 4\n.long 671f - .\n.popsection\n671:\n\tlock; cmpxchgl %2,%1": "=a" (__ret),
                       "+m" (*__ptr___1): "r" (__new), "0" (__old): "memory");
  goto ldv_5616;
  case 8UL:
  __ptr___2 = (u64 volatile *)(& v->counter);
  __asm__ volatile (".pushsection .smp_locks,\"a\"\n.balign 4\n.long 671f - .\n.popsection\n671:\n\tlock; cmpxchgq %2,%1": "=a" (__ret),
                       "+m" (*__ptr___2): "r" (__new), "0" (__old): "memory");
  goto ldv_5616;
  default:
  __cmpxchg_wrong_size();
  } (CFACreationUtils.addEdgeToCFA, INFO)

line 5498: Dead code detected: __asm__ ("movb %%gs:%1,%0": "=q" (pfo_ret__): "m" (__preempt_count)); (CFACreationUtils.addEdgeToCFA, INFO)

line 5501: Dead code detected: __asm__ ("movw %%gs:%1,%0": "=r" (pfo_ret__): "m" (__preempt_count)); (CFACreationUtils.addEdgeToCFA, INFO)

line 5507: Dead code detected: __asm__ ("movq %%gs:%1,%0": "=r" (pfo_ret__): "m" (__preempt_count)); (CFACreationUtils.addEdgeToCFA, INFO)

line 5509: Dead code detected: switch (4UL) {
  case 1UL:
  __asm__ ("movb %%gs:%1,%0": "=q" (pfo_ret__): "m" (__preempt_count));
  goto ldv_6517;
  case 2UL:
  __asm__ ("movw %%gs:%1,%0": "=r" (pfo_ret__): "m" (__preempt_count));
  goto ldv_6517;
  case 4UL:
  __asm__ ("movl %%gs:%1,%0": "=r" (pfo_ret__): "m" (__preempt_count));
  goto ldv_6517;
  case 8UL:
  __asm__ ("movq %%gs:%1,%0": "=r" (pfo_ret__): "m" (__preempt_count));
  goto ldv_6517;
  default:
  __bad_percpu_size();
  } (CFACreationUtils.addEdgeToCFA, INFO)

line 5523: Dead code detected: [pao_ID__ == 1] (CFACreationUtils.addEdgeToCFA, INFO)

line 5523: Dead code detected: [!(pao_ID__ == 1)] (CFACreationUtils.addEdgeToCFA, INFO)

line 5524: Dead code detected: __asm__ ("incb %%gs:%0": "+m" (__preempt_count)); (CFACreationUtils.addEdgeToCFA, INFO)

line 5526: Dead code detected: [pao_ID__ == -1] (CFACreationUtils.addEdgeToCFA, INFO)

line 5526: Dead code detected: [!(pao_ID__ == -1)] (CFACreationUtils.addEdgeToCFA, INFO)

line 5527: Dead code detected: __asm__ ("decb %%gs:%0": "+m" (__preempt_count)); (CFACreationUtils.addEdgeToCFA, INFO)

line 5529: Dead code detected: __asm__ ("addb %1, %%gs:%0": "+m" (__preempt_count): "qi" (val)); (CFACreationUtils.addEdgeToCFA, INFO)

line 5533: Dead code detected: [pao_ID__ == 1] (CFACreationUtils.addEdgeToCFA, INFO)

line 5533: Dead code detected: [!(pao_ID__ == 1)] (CFACreationUtils.addEdgeToCFA, INFO)

line 5534: Dead code detected: __asm__ ("incw %%gs:%0": "+m" (__preempt_count)); (CFACreationUtils.addEdgeToCFA, INFO)

line 5536: Dead code detected: [pao_ID__ == -1] (CFACreationUtils.addEdgeToCFA, INFO)

line 5536: Dead code detected: [!(pao_ID__ == -1)] (CFACreationUtils.addEdgeToCFA, INFO)

line 5537: Dead code detected: __asm__ ("decw %%gs:%0": "+m" (__preempt_count)); (CFACreationUtils.addEdgeToCFA, INFO)

line 5539: Dead code detected: __asm__ ("addw %1, %%gs:%0": "+m" (__preempt_count): "ri" (val)); (CFACreationUtils.addEdgeToCFA, INFO)

line 5553: Dead code detected: [pao_ID__ == 1] (CFACreationUtils.addEdgeToCFA, INFO)

line 5553: Dead code detected: [!(pao_ID__ == 1)] (CFACreationUtils.addEdgeToCFA, INFO)

line 5554: Dead code detected: __asm__ ("incq %%gs:%0": "+m" (__preempt_count)); (CFACreationUtils.addEdgeToCFA, INFO)

line 5556: Dead code detected: [pao_ID__ == -1] (CFACreationUtils.addEdgeToCFA, INFO)

line 5556: Dead code detected: [!(pao_ID__ == -1)] (CFACreationUtils.addEdgeToCFA, INFO)

line 5557: Dead code detected: __asm__ ("decq %%gs:%0": "+m" (__preempt_count)); (CFACreationUtils.addEdgeToCFA, INFO)

line 5559: Dead code detected: __asm__ ("addq %1, %%gs:%0": "+m" (__preempt_count): "re" (val)); (CFACreationUtils.addEdgeToCFA, INFO)

line 5562: Dead code detected: switch (4UL) {
  case 1UL: ;
  if (pao_ID__ == 1) {
    __asm__ ("incb %%gs:%0": "+m" (__preempt_count));
  } else
  if (pao_ID__ == -1) {
    __asm__ ("decb %%gs:%0": "+m" (__preempt_count));
  } else {
    __asm__ ("addb %1, %%gs:%0": "+m" (__preempt_count): "qi" (val));
  }
  goto ldv_6574;
  case 2UL: ;
  if (pao_ID__ == 1) {
    __asm__ ("incw %%gs:%0": "+m" (__preempt_count));
  } else
  if (pao_ID__ == -1) {
    __asm__ ("decw %%gs:%0": "+m" (__preempt_count));
  } else {
    __asm__ ("addw %1, %%gs:%0": "+m" (__preempt_count): "ri" (val));
  }
  goto ldv_6574;
  case 4UL: ;
  if (pao_ID__ == 1) {
    __asm__ ("incl %%gs:%0": "+m" (__preempt_count));
  } else
  if (pao_ID__ == -1) {
    __asm__ ("decl %%gs:%0": "+m" (__preempt_count));
  } else {
    __asm__ ("addl %1, %%gs:%0": "+m" (__preempt_count): "ri" (val));
  }
  goto ldv_6574;
  case 8UL: ;
  if (pao_ID__ == 1) {
    __asm__ ("incq %%gs:%0": "+m" (__preempt_count));
  } else
  if (pao_ID__ == -1) {
    __asm__ ("decq %%gs:%0": "+m" (__preempt_count));
  } else {
    __asm__ ("addq %1, %%gs:%0": "+m" (__preempt_count): "re" (val));
  }
  goto ldv_6574;
  default:
  __bad_percpu_size();
  } (CFACreationUtils.addEdgeToCFA, INFO)

line 5576: Dead code detected: [pao_ID__ == 1] (CFACreationUtils.addEdgeToCFA, INFO)

line 5576: Dead code detected: [!(pao_ID__ == 1)] (CFACreationUtils.addEdgeToCFA, INFO)

line 5577: Dead code detected: __asm__ ("incb %%gs:%0": "+m" (__preempt_count)); (CFACreationUtils.addEdgeToCFA, INFO)

line 5579: Dead code detected: [pao_ID__ == -1] (CFACreationUtils.addEdgeToCFA, INFO)

line 5579: Dead code detected: [!(pao_ID__ == -1)] (CFACreationUtils.addEdgeToCFA, INFO)

line 5580: Dead code detected: __asm__ ("decb %%gs:%0": "+m" (__preempt_count)); (CFACreationUtils.addEdgeToCFA, INFO)

line 5582: Dead code detected: __asm__ ("addb %1, %%gs:%0": "+m" (__preempt_count): "qi" (- val)); (CFACreationUtils.addEdgeToCFA, INFO)

line 5586: Dead code detected: [pao_ID__ == 1] (CFACreationUtils.addEdgeToCFA, INFO)

line 5586: Dead code detected: [!(pao_ID__ == 1)] (CFACreationUtils.addEdgeToCFA, INFO)

line 5587: Dead code detected: __asm__ ("incw %%gs:%0": "+m" (__preempt_count)); (CFACreationUtils.addEdgeToCFA, INFO)

line 5589: Dead code detected: [pao_ID__ == -1] (CFACreationUtils.addEdgeToCFA, INFO)

line 5589: Dead code detected: [!(pao_ID__ == -1)] (CFACreationUtils.addEdgeToCFA, INFO)

line 5590: Dead code detected: __asm__ ("decw %%gs:%0": "+m" (__preempt_count)); (CFACreationUtils.addEdgeToCFA, INFO)

line 5592: Dead code detected: __asm__ ("addw %1, %%gs:%0": "+m" (__preempt_count): "ri" (- val)); (CFACreationUtils.addEdgeToCFA, INFO)

line 5606: Dead code detected: [pao_ID__ == 1] (CFACreationUtils.addEdgeToCFA, INFO)

line 5606: Dead code detected: [!(pao_ID__ == 1)] (CFACreationUtils.addEdgeToCFA, INFO)

line 5607: Dead code detected: __asm__ ("incq %%gs:%0": "+m" (__preempt_count)); (CFACreationUtils.addEdgeToCFA, INFO)

line 5609: Dead code detected: [pao_ID__ == -1] (CFACreationUtils.addEdgeToCFA, INFO)

line 5609: Dead code detected: [!(pao_ID__ == -1)] (CFACreationUtils.addEdgeToCFA, INFO)

line 5610: Dead code detected: __asm__ ("decq %%gs:%0": "+m" (__preempt_count)); (CFACreationUtils.addEdgeToCFA, INFO)

line 5612: Dead code detected: __asm__ ("addq %1, %%gs:%0": "+m" (__preempt_count): "re" (- val)); (CFACreationUtils.addEdgeToCFA, INFO)

line 5615: Dead code detected: switch (4UL) {
  case 1UL: ;
  if (pao_ID__ == 1) {
    __asm__ ("incb %%gs:%0": "+m" (__preempt_count));
  } else
  if (pao_ID__ == -1) {
    __asm__ ("decb %%gs:%0": "+m" (__preempt_count));
  } else {
    __asm__ ("addb %1, %%gs:%0": "+m" (__preempt_count): "qi" (- val));
  }
  goto ldv_6586;
  case 2UL: ;
  if (pao_ID__ == 1) {
    __asm__ ("incw %%gs:%0": "+m" (__preempt_count));
  } else
  if (pao_ID__ == -1) {
    __asm__ ("decw %%gs:%0": "+m" (__preempt_count));
  } else {
    __asm__ ("addw %1, %%gs:%0": "+m" (__preempt_count): "ri" (- val));
  }
  goto ldv_6586;
  case 4UL: ;
  if (pao_ID__ == 1) {
    __asm__ ("incl %%gs:%0": "+m" (__preempt_count));
  } else
  if (pao_ID__ == -1) {
    __asm__ ("decl %%gs:%0": "+m" (__preempt_count));
  } else {
    __asm__ ("addl %1, %%gs:%0": "+m" (__preempt_count): "ri" (- val));
  }
  goto ldv_6586;
  case 8UL: ;
  if (pao_ID__ == 1) {
    __asm__ ("incq %%gs:%0": "+m" (__preempt_count));
  } else
  if (pao_ID__ == -1) {
    __asm__ ("decq %%gs:%0": "+m" (__preempt_count));
  } else {
    __asm__ ("addq %1, %%gs:%0": "+m" (__preempt_count): "re" (- val));
  }
  goto ldv_6586;
  default:
  __bad_percpu_size();
  } (CFACreationUtils.addEdgeToCFA, INFO)

lines 6079-6080: Dead code detected: __asm__ volatile ("xchgb %b0, %1\n": "+q" (__ret), "+m" (head->first): : "memory",
                       "cc"); (CFACreationUtils.addEdgeToCFA, INFO)

lines 6083-6084: Dead code detected: __asm__ volatile ("xchgw %w0, %1\n": "+r" (__ret), "+m" (head->first): : "memory",
                       "cc"); (CFACreationUtils.addEdgeToCFA, INFO)

lines 6087-6088: Dead code detected: __asm__ volatile ("xchgl %0, %1\n": "+r" (__ret), "+m" (head->first): : "memory",
                       "cc"); (CFACreationUtils.addEdgeToCFA, INFO)

line 6094: Dead code detected: switch (8UL) {
  case 1UL:
  __asm__ volatile ("xchgb %b0, %1\n": "+q" (__ret), "+m" (head->first): : "memory",
                       "cc");
  goto ldv_13465;
  case 2UL:
  __asm__ volatile ("xchgw %w0, %1\n": "+r" (__ret), "+m" (head->first): : "memory",
                       "cc");
  goto ldv_13465;
  case 4UL:
  __asm__ volatile ("xchgl %0, %1\n": "+r" (__ret), "+m" (head->first): : "memory",
                       "cc");
  goto ldv_13465;
  case 8UL:
  __asm__ volatile ("xchgq %q0, %1\n": "+r" (__ret), "+m" (head->first): : "memory",
                       "cc");
  goto ldv_13465;
  default:
  __xchg_wrong_size();
  } (CFACreationUtils.addEdgeToCFA, INFO)

line 7625: Dead code detected: switch (4UL) (CFACreationUtils.addEdgeToCFA, INFO)

line 7627: Dead code detected: __asm__ ("movb %%gs:%1,%0": "=q" (pfo_ret__): "m" (cpu_number)); (CFACreationUtils.addEdgeToCFA, INFO)

line 7630: Dead code detected: __asm__ ("movw %%gs:%1,%0": "=r" (pfo_ret__): "m" (cpu_number)); (CFACreationUtils.addEdgeToCFA, INFO)

line 7632: Dead code detected:  (CFACreationUtils.addEdgeToCFA, INFO)

line 7636: Dead code detected: __asm__ ("movq %%gs:%1,%0": "=r" (pfo_ret__): "m" (cpu_number)); (CFACreationUtils.addEdgeToCFA, INFO)

line 7638: Dead code detected: switch (4UL) {
  case 1UL:
  __asm__ ("movb %%gs:%1,%0": "=q" (pfo_ret__): "m" (cpu_number));
  goto ldv_39733;
  case 2UL:
  __asm__ ("movw %%gs:%1,%0": "=r" (pfo_ret__): "m" (cpu_number));
  goto ldv_39733;
  case 4UL:
  __asm__ ("movl %%gs:%1,%0": "=r" (pfo_ret__): "m" (cpu_number));
  goto ldv_39733;
  case 8UL:
  __asm__ ("movq %%gs:%1,%0": "=r" (pfo_ret__): "m" (cpu_number));
  goto ldv_39733;
  default:
  __bad_percpu_size();
  } (CFACreationUtils.addEdgeToCFA, INFO)

line 7645: Dead code detected: switch (4UL) (CFACreationUtils.addEdgeToCFA, INFO)

line 7647: Dead code detected: __asm__ ("movb %%gs:%1,%0": "=q" (pfo_ret_____0): "m" (cpu_number)); (CFACreationUtils.addEdgeToCFA, INFO)

line 7650: Dead code detected: __asm__ ("movw %%gs:%1,%0": "=r" (pfo_ret_____0): "m" (cpu_number)); (CFACreationUtils.addEdgeToCFA, INFO)

line 7652: Dead code detected:  (CFACreationUtils.addEdgeToCFA, INFO)

line 7656: Dead code detected: __asm__ ("movq %%gs:%1,%0": "=r" (pfo_ret_____0): "m" (cpu_number)); (CFACreationUtils.addEdgeToCFA, INFO)

line 7658: Dead code detected: switch (4UL) {
  case 1UL:
  __asm__ ("movb %%gs:%1,%0": "=q" (pfo_ret_____0): "m" (cpu_number));
  goto ldv_39743;
  case 2UL:
  __asm__ ("movw %%gs:%1,%0": "=r" (pfo_ret_____0): "m" (cpu_number));
  goto ldv_39743;
  case 4UL:
  __asm__ ("movl %%gs:%1,%0": "=r" (pfo_ret_____0): "m" (cpu_number));
  goto ldv_39743;
  case 8UL:
  __asm__ ("movq %%gs:%1,%0": "=r" (pfo_ret_____0): "m" (cpu_number));
  goto ldv_39743;
  default:
  __bad_percpu_size();
  } (CFACreationUtils.addEdgeToCFA, INFO)

line 7667: Dead code detected: __asm__ ("movb %%gs:%1,%0": "=q" (pfo_ret_____1): "m" (cpu_number)); (CFACreationUtils.addEdgeToCFA, INFO)

line 7670: Dead code detected: __asm__ ("movw %%gs:%1,%0": "=r" (pfo_ret_____1): "m" (cpu_number)); (CFACreationUtils.addEdgeToCFA, INFO)

line 7676: Dead code detected: __asm__ ("movq %%gs:%1,%0": "=r" (pfo_ret_____1): "m" (cpu_number)); (CFACreationUtils.addEdgeToCFA, INFO)

line 7678: Dead code detected: switch (4UL) {
  case 1UL:
  __asm__ ("movb %%gs:%1,%0": "=q" (pfo_ret_____1): "m" (cpu_number));
  goto ldv_39752;
  case 2UL:
  __asm__ ("movw %%gs:%1,%0": "=r" (pfo_ret_____1): "m" (cpu_number));
  goto ldv_39752;
  case 4UL:
  __asm__ ("movl %%gs:%1,%0": "=r" (pfo_ret_____1): "m" (cpu_number));
  goto ldv_39752;
  case 8UL:
  __asm__ ("movq %%gs:%1,%0": "=r" (pfo_ret_____1): "m" (cpu_number));
  goto ldv_39752;
  default:
  __bad_percpu_size();
  } (CFACreationUtils.addEdgeToCFA, INFO)

line 7685: Dead code detected: switch (4UL) (CFACreationUtils.addEdgeToCFA, INFO)

line 7687: Dead code detected: __asm__ ("movb %%gs:%1,%0": "=q" (pfo_ret_____2): "m" (cpu_number)); (CFACreationUtils.addEdgeToCFA, INFO)

line 7690: Dead code detected: __asm__ ("movw %%gs:%1,%0": "=r" (pfo_ret_____2): "m" (cpu_number)); (CFACreationUtils.addEdgeToCFA, INFO)

line 7692: Dead code detected:  (CFACreationUtils.addEdgeToCFA, INFO)

line 7696: Dead code detected: __asm__ ("movq %%gs:%1,%0": "=r" (pfo_ret_____2): "m" (cpu_number)); (CFACreationUtils.addEdgeToCFA, INFO)

line 7698: Dead code detected: switch (4UL) {
  case 1UL:
  __asm__ ("movb %%gs:%1,%0": "=q" (pfo_ret_____2): "m" (cpu_number));
  goto ldv_39761;
  case 2UL:
  __asm__ ("movw %%gs:%1,%0": "=r" (pfo_ret_____2): "m" (cpu_number));
  goto ldv_39761;
  case 4UL:
  __asm__ ("movl %%gs:%1,%0": "=r" (pfo_ret_____2): "m" (cpu_number));
  goto ldv_39761;
  case 8UL:
  __asm__ ("movq %%gs:%1,%0": "=r" (pfo_ret_____2): "m" (cpu_number));
  goto ldv_39761;
  default:
  __bad_percpu_size();
  } (CFACreationUtils.addEdgeToCFA, INFO)

line 7704: Dead code detected: switch (4UL) {
  case 1UL: ;
  switch (4UL) {
  case 1UL:
  __asm__ ("movb %%gs:%1,%0": "=q" (pfo_ret__): "m" (cpu_number));
  goto ldv_39733;
  case 2UL:
  __asm__ ("movw %%gs:%1,%0": "=r" (pfo_ret__): "m" (cpu_number));
  goto ldv_39733;
  case 4UL:
  __asm__ ("movl %%gs:%1,%0": "=r" (pfo_ret__): "m" (cpu_number));
  goto ldv_39733;
  case 8UL:
  __asm__ ("movq %%gs:%1,%0": "=r" (pfo_ret__): "m" (cpu_number));
  goto ldv_39733;
  default:
  __bad_percpu_size();
  }
  ldv_39733:
  pscr_ret__ = pfo_ret__;
  goto ldv_39739;
  case 2UL: ;
  switch (4UL) {
  case 1UL:
  __asm__ ("movb %%gs:%1,%0": "=q" (pfo_ret_____0): "m" (cpu_number));
  goto ldv_39743;
  case 2UL:
  __asm__ ("movw %%gs:%1,%0": "=r" (pfo_ret_____0): "m" (cpu_number));
  goto ldv_39743;
  case 4UL:
  __asm__ ("movl %%gs:%1,%0": "=r" (pfo_ret_____0): "m" (cpu_number));
  goto ldv_39743;
  case 8UL:
  __asm__ ("movq %%gs:%1,%0": "=r" (pfo_ret_____0): "m" (cpu_number));
  goto ldv_39743;
  default:
  __bad_percpu_size();
  }
  ldv_39743:
  pscr_ret__ = pfo_ret_____0;
  goto ldv_39739;
  case 4UL: ;
  switch (4UL) {
  case 1UL:
  __asm__ ("movb %%gs:%1,%0": "=q" (pfo_ret_____1): "m" (cpu_number));
  goto ldv_39752;
  case 2UL:
  __asm__ ("movw %%gs:%1,%0": "=r" (pfo_ret_____1): "m" (cpu_number));
  goto ldv_39752;
  case 4UL:
  __asm__ ("movl %%gs:%1,%0": "=r" (pfo_ret_____1): "m" (cpu_number));
  goto ldv_39752;
  case 8UL:
  __asm__ ("movq %%gs:%1,%0": "=r" (pfo_ret_____1): "m" (cpu_number));
  goto ldv_39752;
  default:
  __bad_percpu_size();
  }
  ldv_39752:
  pscr_ret__ = pfo_ret_____1;
  goto ldv_39739;
  case 8UL: ;
  switch (4UL) {
  case 1UL:
  __asm__ ("movb %%gs:%1,%0": "=q" (pfo_ret_____2): "m" (cpu_number));
  goto ldv_39761;
  case 2UL:
  __asm__ ("movw %%gs:%1,%0": "=r" (pfo_ret_____2): "m" (cpu_number));
  goto ldv_39761;
  case 4UL:
  __asm__ ("movl %%gs:%1,%0": "=r" (pfo_ret_____2): "m" (cpu_number));
  goto ldv_39761;
  case 8UL:
  __asm__ ("movq %%gs:%1,%0": "=r" (pfo_ret_____2): "m" (cpu_number));
  goto ldv_39761;
  default:
  __bad_percpu_size();
  }
  ldv_39761:
  pscr_ret__ = pfo_ret_____2;
  goto ldv_39739;
  default:
  __bad_size_call_parameter();
  goto ldv_39739;
  } (CFACreationUtils.addEdgeToCFA, INFO)

line 10478: Dead code detected: switch (4UL) (CFACreationUtils.addEdgeToCFA, INFO)

line 10480: Dead code detected: __asm__ ("movb %%gs:%1,%0": "=q" (pfo_ret__): "m" (cpu_number)); (CFACreationUtils.addEdgeToCFA, INFO)

line 10483: Dead code detected: __asm__ ("movw %%gs:%1,%0": "=r" (pfo_ret__): "m" (cpu_number)); (CFACreationUtils.addEdgeToCFA, INFO)

line 10485: Dead code detected:  (CFACreationUtils.addEdgeToCFA, INFO)

line 10489: Dead code detected: __asm__ ("movq %%gs:%1,%0": "=r" (pfo_ret__): "m" (cpu_number)); (CFACreationUtils.addEdgeToCFA, INFO)

line 10491: Dead code detected: switch (4UL) {
  case 1UL:
  __asm__ ("movb %%gs:%1,%0": "=q" (pfo_ret__): "m" (cpu_number));
  goto ldv_40352;
  case 2UL:
  __asm__ ("movw %%gs:%1,%0": "=r" (pfo_ret__): "m" (cpu_number));
  goto ldv_40352;
  case 4UL:
  __asm__ ("movl %%gs:%1,%0": "=r" (pfo_ret__): "m" (cpu_number));
  goto ldv_40352;
  case 8UL:
  __asm__ ("movq %%gs:%1,%0": "=r" (pfo_ret__): "m" (cpu_number));
  goto ldv_40352;
  default:
  __bad_percpu_size();
  } (CFACreationUtils.addEdgeToCFA, INFO)

line 10498: Dead code detected: switch (4UL) (CFACreationUtils.addEdgeToCFA, INFO)

line 10500: Dead code detected: __asm__ ("movb %%gs:%1,%0": "=q" (pfo_ret_____0): "m" (cpu_number)); (CFACreationUtils.addEdgeToCFA, INFO)

line 10503: Dead code detected: __asm__ ("movw %%gs:%1,%0": "=r" (pfo_ret_____0): "m" (cpu_number)); (CFACreationUtils.addEdgeToCFA, INFO)

line 10505: Dead code detected:  (CFACreationUtils.addEdgeToCFA, INFO)

line 10509: Dead code detected: __asm__ ("movq %%gs:%1,%0": "=r" (pfo_ret_____0): "m" (cpu_number)); (CFACreationUtils.addEdgeToCFA, INFO)

line 10511: Dead code detected: switch (4UL) {
  case 1UL:
  __asm__ ("movb %%gs:%1,%0": "=q" (pfo_ret_____0): "m" (cpu_number));
  goto ldv_40362;
  case 2UL:
  __asm__ ("movw %%gs:%1,%0": "=r" (pfo_ret_____0): "m" (cpu_number));
  goto ldv_40362;
  case 4UL:
  __asm__ ("movl %%gs:%1,%0": "=r" (pfo_ret_____0): "m" (cpu_number));
  goto ldv_40362;
  case 8UL:
  __asm__ ("movq %%gs:%1,%0": "=r" (pfo_ret_____0): "m" (cpu_number));
  goto ldv_40362;
  default:
  __bad_percpu_size();
  } (CFACreationUtils.addEdgeToCFA, INFO)

line 10520: Dead code detected: __asm__ ("movb %%gs:%1,%0": "=q" (pfo_ret_____1): "m" (cpu_number)); (CFACreationUtils.addEdgeToCFA, INFO)

line 10523: Dead code detected: __asm__ ("movw %%gs:%1,%0": "=r" (pfo_ret_____1): "m" (cpu_number)); (CFACreationUtils.addEdgeToCFA, INFO)

line 10529: Dead code detected: __asm__ ("movq %%gs:%1,%0": "=r" (pfo_ret_____1): "m" (cpu_number)); (CFACreationUtils.addEdgeToCFA, INFO)

line 10531: Dead code detected: switch (4UL) {
  case 1UL:
  __asm__ ("movb %%gs:%1,%0": "=q" (pfo_ret_____1): "m" (cpu_number));
  goto ldv_40371;
  case 2UL:
  __asm__ ("movw %%gs:%1,%0": "=r" (pfo_ret_____1): "m" (cpu_number));
  goto ldv_40371;
  case 4UL:
  __asm__ ("movl %%gs:%1,%0": "=r" (pfo_ret_____1): "m" (cpu_number));
  goto ldv_40371;
  case 8UL:
  __asm__ ("movq %%gs:%1,%0": "=r" (pfo_ret_____1): "m" (cpu_number));
  goto ldv_40371;
  default:
  __bad_percpu_size();
  } (CFACreationUtils.addEdgeToCFA, INFO)

line 10538: Dead code detected: switch (4UL) (CFACreationUtils.addEdgeToCFA, INFO)

line 10540: Dead code detected: __asm__ ("movb %%gs:%1,%0": "=q" (pfo_ret_____2): "m" (cpu_number)); (CFACreationUtils.addEdgeToCFA, INFO)

line 10543: Dead code detected: __asm__ ("movw %%gs:%1,%0": "=r" (pfo_ret_____2): "m" (cpu_number)); (CFACreationUtils.addEdgeToCFA, INFO)

line 10545: Dead code detected:  (CFACreationUtils.addEdgeToCFA, INFO)

line 10549: Dead code detected: __asm__ ("movq %%gs:%1,%0": "=r" (pfo_ret_____2): "m" (cpu_number)); (CFACreationUtils.addEdgeToCFA, INFO)

line 10551: Dead code detected: switch (4UL) {
  case 1UL:
  __asm__ ("movb %%gs:%1,%0": "=q" (pfo_ret_____2): "m" (cpu_number));
  goto ldv_40380;
  case 2UL:
  __asm__ ("movw %%gs:%1,%0": "=r" (pfo_ret_____2): "m" (cpu_number));
  goto ldv_40380;
  case 4UL:
  __asm__ ("movl %%gs:%1,%0": "=r" (pfo_ret_____2): "m" (cpu_number));
  goto ldv_40380;
  case 8UL:
  __asm__ ("movq %%gs:%1,%0": "=r" (pfo_ret_____2): "m" (cpu_number));
  goto ldv_40380;
  default:
  __bad_percpu_size();
  } (CFACreationUtils.addEdgeToCFA, INFO)

line 10557: Dead code detected: switch (4UL) {
  case 1UL: ;
  switch (4UL) {
  case 1UL:
  __asm__ ("movb %%gs:%1,%0": "=q" (pfo_ret__): "m" (cpu_number));
  goto ldv_40352;
  case 2UL:
  __asm__ ("movw %%gs:%1,%0": "=r" (pfo_ret__): "m" (cpu_number));
  goto ldv_40352;
  case 4UL:
  __asm__ ("movl %%gs:%1,%0": "=r" (pfo_ret__): "m" (cpu_number));
  goto ldv_40352;
  case 8UL:
  __asm__ ("movq %%gs:%1,%0": "=r" (pfo_ret__): "m" (cpu_number));
  goto ldv_40352;
  default:
  __bad_percpu_size();
  }
  ldv_40352:
  pscr_ret__ = pfo_ret__;
  goto ldv_40358;
  case 2UL: ;
  switch (4UL) {
  case 1UL:
  __asm__ ("movb %%gs:%1,%0": "=q" (pfo_ret_____0): "m" (cpu_number));
  goto ldv_40362;
  case 2UL:
  __asm__ ("movw %%gs:%1,%0": "=r" (pfo_ret_____0): "m" (cpu_number));
  goto ldv_40362;
  case 4UL:
  __asm__ ("movl %%gs:%1,%0": "=r" (pfo_ret_____0): "m" (cpu_number));
  goto ldv_40362;
  case 8UL:
  __asm__ ("movq %%gs:%1,%0": "=r" (pfo_ret_____0): "m" (cpu_number));
  goto ldv_40362;
  default:
  __bad_percpu_size();
  }
  ldv_40362:
  pscr_ret__ = pfo_ret_____0;
  goto ldv_40358;
  case 4UL: ;
  switch (4UL) {
  case 1UL:
  __asm__ ("movb %%gs:%1,%0": "=q" (pfo_ret_____1): "m" (cpu_number));
  goto ldv_40371;
  case 2UL:
  __asm__ ("movw %%gs:%1,%0": "=r" (pfo_ret_____1): "m" (cpu_number));
  goto ldv_40371;
  case 4UL:
  __asm__ ("movl %%gs:%1,%0": "=r" (pfo_ret_____1): "m" (cpu_number));
  goto ldv_40371;
  case 8UL:
  __asm__ ("movq %%gs:%1,%0": "=r" (pfo_ret_____1): "m" (cpu_number));
  goto ldv_40371;
  default:
  __bad_percpu_size();
  }
  ldv_40371:
  pscr_ret__ = pfo_ret_____1;
  goto ldv_40358;
  case 8UL: ;
  switch (4UL) {
  case 1UL:
  __asm__ ("movb %%gs:%1,%0": "=q" (pfo_ret_____2): "m" (cpu_number));
  goto ldv_40380;
  case 2UL:
  __asm__ ("movw %%gs:%1,%0": "=r" (pfo_ret_____2): "m" (cpu_number));
  goto ldv_40380;
  case 4UL:
  __asm__ ("movl %%gs:%1,%0": "=r" (pfo_ret_____2): "m" (cpu_number));
  goto ldv_40380;
  case 8UL:
  __asm__ ("movq %%gs:%1,%0": "=r" (pfo_ret_____2): "m" (cpu_number));
  goto ldv_40380;
  default:
  __bad_percpu_size();
  }
  ldv_40380:
  pscr_ret__ = pfo_ret_____2;
  goto ldv_40358;
  default:
  __bad_size_call_parameter();
  goto ldv_40358;
  } (CFACreationUtils.addEdgeToCFA, INFO)

line 11154: Dead code detected: return; (CFACreationUtils.addEdgeToCFA, INFO)

line 11424: Dead code detected: return; (CFACreationUtils.addEdgeToCFA, INFO)

line 14360: Dead code detected: __ptr = (u8 volatile *)(& sh->state); (CFACreationUtils.addEdgeToCFA, INFO)

line 14365: Dead code detected: __ptr___0 = (u16 volatile *)(& sh->state); (CFACreationUtils.addEdgeToCFA, INFO)

line 14370: Dead code detected: __ptr___1 = (u32 volatile *)(& sh->state); (CFACreationUtils.addEdgeToCFA, INFO)

line 14379: Dead code detected: switch (8UL) {
  case 1UL:
  __ptr = (u8 volatile *)(& sh->state);
  __asm__ volatile (".pushsection .smp_locks,\"a\"\n.balign 4\n.long 671f - .\n.popsection\n671:\n\tlock; cmpxchgb %2,%1": "=a" (__ret),
                       "+m" (*__ptr): "q" (__new), "0" (__old): "memory");
  goto ldv_41121;
  case 2UL:
  __ptr___0 = (u16 volatile *)(& sh->state);
  __asm__ volatile (".pushsection .smp_locks,\"a\"\n.balign 4\n.long 671f - .\n.popsection\n671:\n\tlock; cmpxchgw %2,%1": "=a" (__ret),
                       "+m" (*__ptr___0): "r" (__new), "0" (__old): "memory");
  goto ldv_41121;
  case 4UL:
  __ptr___1 = (u32 volatile *)(& sh->state);
  __asm__ volatile (".pushsection .smp_locks,\"a\"\n.balign 4\n.long 671f - .\n.popsection\n671:\n\tlock; cmpxchgl %2,%1": "=a" (__ret),
                       "+m" (*__ptr___1): "r" (__new), "0" (__old): "memory");
  goto ldv_41121;
  case 8UL:
  __ptr___2 = (u64 volatile *)(& sh->state);
  __asm__ volatile (".pushsection .smp_locks,\"a\"\n.balign 4\n.long 671f - .\n.popsection\n671:\n\tlock; cmpxchgq %2,%1": "=a" (__ret),
                       "+m" (*__ptr___2): "r" (__new), "0" (__old): "memory");
  goto ldv_41121;
  default:
  __cmpxchg_wrong_size();
  } (CFACreationUtils.addEdgeToCFA, INFO)

line 21280: Dead code detected: return (ldv_func_res); (CFACreationUtils.addEdgeToCFA, INFO)

line 21317: Dead code detected: return (ldv_func_res); (CFACreationUtils.addEdgeToCFA, INFO)

line 21338: Dead code detected: return (ldv_func_res); (CFACreationUtils.addEdgeToCFA, INFO)

Inline assembler ignored, analysis is probably unsound! (CFABuilder.createCFA, WARNING)

line 6448: Function pointer *((void (*)(void *, struct request_queue *, struct bio *, int))it_func) with type void (*)(void *, struct request_queue *, struct bio *, int) is called, but no possible target functions were found. (CFunctionPointerResolver.getTargets, WARNING)

line 6600: Function pointer *((void (*)(void *, struct request_queue *, struct bio *, dev_t , sector_t ))it_func) with type void (*)(void *, struct request_queue *, struct bio *, dev_t , sector_t ) is called, but no possible target functions were found. (CFunctionPointerResolver.getTargets, WARNING)

line 6524: Function pointer *((void (*)(void *, struct request_queue *, unsigned int, bool ))it_func) with type void (*)(void *, struct request_queue *, unsigned int, bool ) is called, but no possible target functions were found. (CFunctionPointerResolver.getTargets, WARNING)

Using unsound approximation of ints with unbounded integers and floats with unbounded integers for encoding program semantics. (PredicateCPA:FormulaManagerView.<init>, WARNING)

Using predicate analysis with Princess 2023-04-07. (PredicateCPA:PredicateCPA.<init>, INFO)

Using unsound approximation of ints with unbounded integers and floats with unbounded integers for encoding program semantics. (AssumptionStorageCPA:FormulaManagerView.<init>, WARNING)

The following configuration options were specified but are not used:
 proveroptions.option 
 (CPAchecker.printConfigurationWarnings, WARNING)

Starting analysis ... (CPAchecker.runAlgorithm, INFO)

lines 6448-6451: Ignoring call via function pointer trace_block_bio_complete::it_func for which no suitable target was found in line: (*((void (*)(void *, struct request_queue *, struct bio *, int))it_func))(__data, q, bio, error___0); (TargetLocationProvider:FunctionPointerCPA:FunctionPointerTransferRelation.getAbstractSuccessorsForEdge, WARNING)

lines 6600-6604: Ignoring call via function pointer trace_block_bio_remap::it_func for which no suitable target was found in line: (*((void (*)(void *, struct request_queue *, struct bio *, dev_t , sector_t ))it_func))(__data, q, bio, dev, from); (TargetLocationProvider:FunctionPointerCPA:FunctionPointerTransferRelation.getAbstractSuccessorsForEdge, WARNING)

Creating formula for program (AbstractBMCAlgorithm.run, INFO)

Exception in thread "main" org.sosy_lab.java_smt.basicimpl.GeneratorException: Modular Congruence is not available in SMTLIB2. 
	at org.sosy_lab.java_smt.basicimpl.AbstractNumeralFormulaManager.modularCongruence(AbstractNumeralFormulaManager.java:361)
	at org.sosy_lab.java_smt.solvers.princess.PrincessIntegerFormulaManager.modularCongruence(PrincessIntegerFormulaManager.java:22)
	at org.sosy_lab.cpachecker.util.predicates.smt.IntegerFormulaManagerView.modularCongruence(IntegerFormulaManagerView.java:35)
	at org.sosy_lab.cpachecker.util.predicates.smt.FormulaManagerView.makeModularCongruence(FormulaManagerView.java:688)
	at org.sosy_lab.cpachecker.util.predicates.smt.FormulaManagerView.makeModularCongruence(FormulaManagerView.java:670)
	at org.sosy_lab.cpachecker.util.predicates.pathformula.pointeraliasing.PointerTargetSetManager.makeBaseAddressConstraints(PointerTargetSetManager.java:653)
	at org.sosy_lab.cpachecker.util.predicates.pathformula.pointeraliasing.PointerTargetSetBuilder$RealPointerTargetSetBuilder.addNextBaseAddressConstraints(PointerTargetSetBuilder.java:286)
	at org.sosy_lab.cpachecker.util.predicates.pathformula.pointeraliasing.CToFormulaConverterWithPointerAliasing.declareSharedBase(CToFormulaConverterWithPointerAliasing.java:437)
	at org.sosy_lab.cpachecker.util.predicates.pathformula.pointeraliasing.CToFormulaConverterWithPointerAliasing.makeDeclaration(CToFormulaConverterWithPointerAliasing.java:1001)
	at org.sosy_lab.cpachecker.util.predicates.pathformula.ctoformula.CtoFormulaConverter.createFormulaForEdge(CtoFormulaConverter.java:1231)
	at org.sosy_lab.cpachecker.util.predicates.pathformula.ctoformula.CtoFormulaConverter.makeAnd(CtoFormulaConverter.java:1049)
	at org.sosy_lab.cpachecker.util.predicates.pathformula.PathFormulaManagerImpl.makeAnd(PathFormulaManagerImpl.java:246)
	at org.sosy_lab.cpachecker.util.predicates.pathformula.PathFormulaManagerImpl.makeAnd(PathFormulaManagerImpl.java:300)
	at org.sosy_lab.cpachecker.cpa.predicate.PredicateTransferRelation.convertEdgeToPathFormula(PredicateTransferRelation.java:203)
	at org.sosy_lab.cpachecker.cpa.predicate.PredicateTransferRelation.getAbstractSuccessorsForEdge(PredicateTransferRelation.java:113)
	at org.sosy_lab.cpachecker.cpa.composite.CompositeTransferRelation.callTransferRelation(CompositeTransferRelation.java:297)
	at org.sosy_lab.cpachecker.cpa.composite.CompositeTransferRelation.getAbstractSuccessorForSimpleEdge(CompositeTransferRelation.java:264)
	at org.sosy_lab.cpachecker.cpa.composite.CompositeTransferRelation.getAbstractSuccessorForEdge(CompositeTransferRelation.java:196)
	at org.sosy_lab.cpachecker.cpa.composite.CompositeTransferRelation.getAbstractSuccessors(CompositeTransferRelation.java:88)
	at org.sosy_lab.cpachecker.cpa.arg.ARGTransferRelation.getAbstractSuccessors(ARGTransferRelation.java:45)
	at org.sosy_lab.cpachecker.core.algorithm.CPAAlgorithm.handleState(CPAAlgorithm.java:334)
	at org.sosy_lab.cpachecker.core.algorithm.CPAAlgorithm.run0(CPAAlgorithm.java:289)
	at org.sosy_lab.cpachecker.core.algorithm.CPAAlgorithm.run(CPAAlgorithm.java:260)
	at org.sosy_lab.cpachecker.core.algorithm.bmc.BMCHelper.unroll(BMCHelper.java:192)
	at org.sosy_lab.cpachecker.core.algorithm.bmc.AbstractBMCAlgorithm.run(AbstractBMCAlgorithm.java:427)
	at org.sosy_lab.cpachecker.core.algorithm.bmc.BMCAlgorithm.run(BMCAlgorithm.java:130)
	at org.sosy_lab.cpachecker.core.CPAchecker.runAlgorithm(CPAchecker.java:507)
	at org.sosy_lab.cpachecker.core.CPAchecker.run(CPAchecker.java:369)
	at org.sosy_lab.cpachecker.cmdline.CPAMain.main(CPAMain.java:170)
