scripts/cpa.sh -heap 13000M -stack 50M -noout -benchmark -bmc -setprop cpa.predicate.useArraysForHeap=false -setprop cpa.predicate.memoryAllocationsAlwaysSucceed=true -setprop cpa.loopbound.maxLoopIterations=1 -setprop cpa.predicate.encodeFloatAs=INTEGER -setprop cpa.predicate.encodeBitvectorAs=INTEGER -setprop solver.solver=princess -timelimit 900s -stats -spec test/programs/benchmarks/properties/unreach-call.prp -64 test/programs/benchmarks/ldv-challenges/linux-3.14_linux-drivers-clk1_drivers-net-ethernet-cadence-macb.cil.i


--------------------------------------------------------------------------------


Running CPAchecker with Java heap of size 13000M.
Running CPAchecker with Java stack of size 50M.
Language C detected and set for analysis (CPAMain.detectFrontendLanguageIfNecessary, INFO)

Using the following resource limits: CPU-time limit of 900s (ResourceLimitChecker.fromConfiguration, INFO)

CPAchecker 2.3.1-svn-45350M / bmc (OpenJDK 64-Bit Server VM 17.0.8.1) started (CPAchecker.run, INFO)

Parsing CFA from file(s) "test/programs/benchmarks/ldv-challenges/linux-3.14_linux-drivers-clk1_drivers-net-ethernet-cadence-macb.cil.i" (CPAchecker.parse, INFO)

line 5557: Dead code detected: return (1); (CFACreationUtils.addEdgeToCFA, INFO)

Dead code detected: Label switch_break is not reachable. (CFAFunctionBuilder.leave, INFO)

Dead code detected: Label switch_break is not reachable. (CFAFunctionBuilder.leave, INFO)

line 10072: Dead code detected: return (arg0); (CFACreationUtils.addEdgeToCFA, INFO)

line 10075: Dead code detected: return (arg0); (CFACreationUtils.addEdgeToCFA, INFO)

line 10077: Dead code detected: return (arg0); (CFACreationUtils.addEdgeToCFA, INFO)

line 10327: Dead code detected: return; (CFACreationUtils.addEdgeToCFA, INFO)

line 10349: Dead code detected: return; (CFACreationUtils.addEdgeToCFA, INFO)

line 10381: Dead code detected: return; (CFACreationUtils.addEdgeToCFA, INFO)

line 10454: Dead code detected: return; (CFACreationUtils.addEdgeToCFA, INFO)

line 10494: Dead code detected: return; (CFACreationUtils.addEdgeToCFA, INFO)

line 10576: Dead code detected: goto ldv_call_2; (CFACreationUtils.addEdgeToCFA, INFO)

line 10583: Dead code detected: goto ldv_call_2; (CFACreationUtils.addEdgeToCFA, INFO)

line 10584: Dead code detected: goto ldv_call_2; (CFACreationUtils.addEdgeToCFA, INFO)

line 10591: Dead code detected: goto ldv_call_2; (CFACreationUtils.addEdgeToCFA, INFO)

line 10592: Dead code detected: goto ldv_call_2; (CFACreationUtils.addEdgeToCFA, INFO)

line 10593: Dead code detected: goto ldv_call_2; (CFACreationUtils.addEdgeToCFA, INFO)

line 10599: Dead code detected: goto ldv_call_2; (CFACreationUtils.addEdgeToCFA, INFO)

line 10600: Dead code detected: goto ldv_call_2; (CFACreationUtils.addEdgeToCFA, INFO)

line 10601: Dead code detected: goto ldv_call_2; (CFACreationUtils.addEdgeToCFA, INFO)

line 10602: Dead code detected: goto ldv_call_2; (CFACreationUtils.addEdgeToCFA, INFO)

line 10609: Dead code detected: goto ldv_call_2; (CFACreationUtils.addEdgeToCFA, INFO)

line 10610: Dead code detected: goto ldv_call_2; (CFACreationUtils.addEdgeToCFA, INFO)

line 10611: Dead code detected: goto ldv_call_2; (CFACreationUtils.addEdgeToCFA, INFO)

line 10612: Dead code detected: goto ldv_call_2; (CFACreationUtils.addEdgeToCFA, INFO)

line 10613: Dead code detected: goto ldv_call_2; (CFACreationUtils.addEdgeToCFA, INFO)

line 10620: Dead code detected: goto ldv_call_2; (CFACreationUtils.addEdgeToCFA, INFO)

line 10621: Dead code detected: goto ldv_call_2; (CFACreationUtils.addEdgeToCFA, INFO)

line 10622: Dead code detected: goto ldv_call_2; (CFACreationUtils.addEdgeToCFA, INFO)

line 10623: Dead code detected: goto ldv_call_2; (CFACreationUtils.addEdgeToCFA, INFO)

line 10624: Dead code detected: goto ldv_call_2; (CFACreationUtils.addEdgeToCFA, INFO)

line 10625: Dead code detected: goto ldv_call_2; (CFACreationUtils.addEdgeToCFA, INFO)

line 10631: Dead code detected: goto ldv_call_2; (CFACreationUtils.addEdgeToCFA, INFO)

line 10632: Dead code detected: goto ldv_call_2; (CFACreationUtils.addEdgeToCFA, INFO)

line 10633: Dead code detected: goto ldv_call_2; (CFACreationUtils.addEdgeToCFA, INFO)

line 10634: Dead code detected: goto ldv_call_2; (CFACreationUtils.addEdgeToCFA, INFO)

line 10635: Dead code detected: goto ldv_call_2; (CFACreationUtils.addEdgeToCFA, INFO)

line 10636: Dead code detected: goto ldv_call_2; (CFACreationUtils.addEdgeToCFA, INFO)

line 10637: Dead code detected: goto ldv_call_2; (CFACreationUtils.addEdgeToCFA, INFO)

line 10645: Dead code detected: goto ldv_call_2; (CFACreationUtils.addEdgeToCFA, INFO)

line 10646: Dead code detected: goto ldv_call_2; (CFACreationUtils.addEdgeToCFA, INFO)

line 10647: Dead code detected: goto ldv_call_2; (CFACreationUtils.addEdgeToCFA, INFO)

line 10648: Dead code detected: goto ldv_call_2; (CFACreationUtils.addEdgeToCFA, INFO)

line 10649: Dead code detected: goto ldv_call_2; (CFACreationUtils.addEdgeToCFA, INFO)

line 10650: Dead code detected: goto ldv_call_2; (CFACreationUtils.addEdgeToCFA, INFO)

line 10651: Dead code detected: goto ldv_call_2; (CFACreationUtils.addEdgeToCFA, INFO)

line 10652: Dead code detected: goto ldv_call_2; (CFACreationUtils.addEdgeToCFA, INFO)

line 10659: Dead code detected: goto ldv_call_2; (CFACreationUtils.addEdgeToCFA, INFO)

line 10660: Dead code detected: goto ldv_call_2; (CFACreationUtils.addEdgeToCFA, INFO)

line 10661: Dead code detected: goto ldv_call_2; (CFACreationUtils.addEdgeToCFA, INFO)

line 10662: Dead code detected: goto ldv_call_2; (CFACreationUtils.addEdgeToCFA, INFO)

line 10663: Dead code detected: goto ldv_call_2; (CFACreationUtils.addEdgeToCFA, INFO)

line 10664: Dead code detected: goto ldv_call_2; (CFACreationUtils.addEdgeToCFA, INFO)

line 10665: Dead code detected: goto ldv_call_2; (CFACreationUtils.addEdgeToCFA, INFO)

line 10666: Dead code detected: goto ldv_call_2; (CFACreationUtils.addEdgeToCFA, INFO)

line 10667: Dead code detected: goto ldv_call_2; (CFACreationUtils.addEdgeToCFA, INFO)

line 10674: Dead code detected: goto ldv_call_2; (CFACreationUtils.addEdgeToCFA, INFO)

line 10675: Dead code detected: goto ldv_call_2; (CFACreationUtils.addEdgeToCFA, INFO)

line 10676: Dead code detected: goto ldv_call_2; (CFACreationUtils.addEdgeToCFA, INFO)

line 10677: Dead code detected: goto ldv_call_2; (CFACreationUtils.addEdgeToCFA, INFO)

line 10678: Dead code detected: goto ldv_call_2; (CFACreationUtils.addEdgeToCFA, INFO)

line 10679: Dead code detected: goto ldv_call_2; (CFACreationUtils.addEdgeToCFA, INFO)

line 10680: Dead code detected: goto ldv_call_2; (CFACreationUtils.addEdgeToCFA, INFO)

line 10681: Dead code detected: goto ldv_call_2; (CFACreationUtils.addEdgeToCFA, INFO)

line 10682: Dead code detected: goto ldv_call_2; (CFACreationUtils.addEdgeToCFA, INFO)

line 10683: Dead code detected: goto ldv_call_2; (CFACreationUtils.addEdgeToCFA, INFO)

line 10690: Dead code detected: goto ldv_call_2; (CFACreationUtils.addEdgeToCFA, INFO)

line 10691: Dead code detected: goto ldv_call_2; (CFACreationUtils.addEdgeToCFA, INFO)

line 10692: Dead code detected: goto ldv_call_2; (CFACreationUtils.addEdgeToCFA, INFO)

line 10693: Dead code detected: goto ldv_call_2; (CFACreationUtils.addEdgeToCFA, INFO)

line 10694: Dead code detected: goto ldv_call_2; (CFACreationUtils.addEdgeToCFA, INFO)

line 10695: Dead code detected: goto ldv_call_2; (CFACreationUtils.addEdgeToCFA, INFO)

line 10696: Dead code detected: goto ldv_call_2; (CFACreationUtils.addEdgeToCFA, INFO)

line 10697: Dead code detected: goto ldv_call_2; (CFACreationUtils.addEdgeToCFA, INFO)

line 10698: Dead code detected: goto ldv_call_2; (CFACreationUtils.addEdgeToCFA, INFO)

line 10699: Dead code detected: goto ldv_call_2; (CFACreationUtils.addEdgeToCFA, INFO)

line 10700: Dead code detected: goto ldv_call_2; (CFACreationUtils.addEdgeToCFA, INFO)

line 10706: Dead code detected: goto ldv_call_2; (CFACreationUtils.addEdgeToCFA, INFO)

line 10707: Dead code detected: goto ldv_call_2; (CFACreationUtils.addEdgeToCFA, INFO)

line 10708: Dead code detected: goto ldv_call_2; (CFACreationUtils.addEdgeToCFA, INFO)

line 10709: Dead code detected: goto ldv_call_2; (CFACreationUtils.addEdgeToCFA, INFO)

line 10710: Dead code detected: goto ldv_call_2; (CFACreationUtils.addEdgeToCFA, INFO)

line 10711: Dead code detected: goto ldv_call_2; (CFACreationUtils.addEdgeToCFA, INFO)

line 10712: Dead code detected: goto ldv_call_2; (CFACreationUtils.addEdgeToCFA, INFO)

line 10713: Dead code detected: goto ldv_call_2; (CFACreationUtils.addEdgeToCFA, INFO)

line 10714: Dead code detected: goto ldv_call_2; (CFACreationUtils.addEdgeToCFA, INFO)

line 10715: Dead code detected: goto ldv_call_2; (CFACreationUtils.addEdgeToCFA, INFO)

line 10716: Dead code detected: goto ldv_call_2; (CFACreationUtils.addEdgeToCFA, INFO)

line 10717: Dead code detected: goto ldv_call_2; (CFACreationUtils.addEdgeToCFA, INFO)

line 10725: Dead code detected: goto ldv_call_2; (CFACreationUtils.addEdgeToCFA, INFO)

line 10726: Dead code detected: goto ldv_call_2; (CFACreationUtils.addEdgeToCFA, INFO)

line 10727: Dead code detected: goto ldv_call_2; (CFACreationUtils.addEdgeToCFA, INFO)

line 10728: Dead code detected: goto ldv_call_2; (CFACreationUtils.addEdgeToCFA, INFO)

line 10729: Dead code detected: goto ldv_call_2; (CFACreationUtils.addEdgeToCFA, INFO)

line 10730: Dead code detected: goto ldv_call_2; (CFACreationUtils.addEdgeToCFA, INFO)

line 10731: Dead code detected: goto ldv_call_2; (CFACreationUtils.addEdgeToCFA, INFO)

line 10732: Dead code detected: goto ldv_call_2; (CFACreationUtils.addEdgeToCFA, INFO)

line 10733: Dead code detected: goto ldv_call_2; (CFACreationUtils.addEdgeToCFA, INFO)

line 10734: Dead code detected: goto ldv_call_2; (CFACreationUtils.addEdgeToCFA, INFO)

line 10735: Dead code detected: goto ldv_call_2; (CFACreationUtils.addEdgeToCFA, INFO)

line 10736: Dead code detected: goto ldv_call_2; (CFACreationUtils.addEdgeToCFA, INFO)

line 10737: Dead code detected: goto ldv_call_2; (CFACreationUtils.addEdgeToCFA, INFO)

line 10743: Dead code detected: goto ldv_call_2; (CFACreationUtils.addEdgeToCFA, INFO)

line 10744: Dead code detected: goto ldv_call_2; (CFACreationUtils.addEdgeToCFA, INFO)

line 10745: Dead code detected: goto ldv_call_2; (CFACreationUtils.addEdgeToCFA, INFO)

line 10746: Dead code detected: goto ldv_call_2; (CFACreationUtils.addEdgeToCFA, INFO)

line 10747: Dead code detected: goto ldv_call_2; (CFACreationUtils.addEdgeToCFA, INFO)

line 10748: Dead code detected: goto ldv_call_2; (CFACreationUtils.addEdgeToCFA, INFO)

line 10749: Dead code detected: goto ldv_call_2; (CFACreationUtils.addEdgeToCFA, INFO)

line 10750: Dead code detected: goto ldv_call_2; (CFACreationUtils.addEdgeToCFA, INFO)

line 10751: Dead code detected: goto ldv_call_2; (CFACreationUtils.addEdgeToCFA, INFO)

line 10752: Dead code detected: goto ldv_call_2; (CFACreationUtils.addEdgeToCFA, INFO)

line 10753: Dead code detected: goto ldv_call_2; (CFACreationUtils.addEdgeToCFA, INFO)

line 10754: Dead code detected: goto ldv_call_2; (CFACreationUtils.addEdgeToCFA, INFO)

line 10755: Dead code detected: goto ldv_call_2; (CFACreationUtils.addEdgeToCFA, INFO)

line 10756: Dead code detected: goto ldv_call_2; (CFACreationUtils.addEdgeToCFA, INFO)

line 10792: Dead code detected: return (arg0); (CFACreationUtils.addEdgeToCFA, INFO)

line 10804: Dead code detected: return; (CFACreationUtils.addEdgeToCFA, INFO)

line 10851: Dead code detected: return; (CFACreationUtils.addEdgeToCFA, INFO)

line 10881: Dead code detected: return; (CFACreationUtils.addEdgeToCFA, INFO)

line 10908: Dead code detected: goto ldv_call_3; (CFACreationUtils.addEdgeToCFA, INFO)

line 10935: Dead code detected: return; (CFACreationUtils.addEdgeToCFA, INFO)

line 11391: Dead code detected: return (arg0); (CFACreationUtils.addEdgeToCFA, INFO)

line 11392: Dead code detected: return (arg0); (CFACreationUtils.addEdgeToCFA, INFO)

line 11416: Dead code detected: return; (CFACreationUtils.addEdgeToCFA, INFO)

line 11512: Dead code detected: return (ldv_func_res); (CFACreationUtils.addEdgeToCFA, INFO)

line 11557: Dead code detected: return (ldv_func_res); (CFACreationUtils.addEdgeToCFA, INFO)

line 11639: Dead code detected: return (ldv_func_res); (CFACreationUtils.addEdgeToCFA, INFO)

Inline assembler ignored, analysis is probably unsound! (CFABuilder.createCFA, WARNING)

line 6111: Function pointer *(ops->alloc) with type void *(*)(struct device *, size_t , dma_addr_t *, gfp_t , struct dma_attrs *) is called, but no possible target functions were found. (CFunctionPointerResolver.getTargets, WARNING)

line 6150: Function pointer *(ops->free) with type void (*)(struct device *, size_t , void *, dma_addr_t , struct dma_attrs *) is called, but no possible target functions were found. (CFunctionPointerResolver.getTargets, WARNING)

line 5976: Function pointer *(ops->map_page) with type dma_addr_t (*)(struct device *, struct page *, unsigned long, size_t , enum dma_data_direction , struct dma_attrs *) is called, but no possible target functions were found. (CFunctionPointerResolver.getTargets, WARNING)

line 6037: Function pointer *(ops->mapping_error) with type int (*)(struct device *, dma_addr_t ) is called, but no possible target functions were found. (CFunctionPointerResolver.getTargets, WARNING)

line 6013: Function pointer *(ops->unmap_page) with type void (*)(struct device *, dma_addr_t , size_t , enum dma_data_direction , struct dma_attrs *) is called, but no possible target functions were found. (CFunctionPointerResolver.getTargets, WARNING)

line 11152: Function pointer *arg0 with type void (*)(struct device *) is called, but no possible target functions were found. (CFunctionPointerResolver.getTargets, WARNING)

Using unsound approximation of ints with unbounded integers and floats with unbounded integers for encoding program semantics. (PredicateCPA:FormulaManagerView.<init>, WARNING)

Using predicate analysis with Princess 2023-04-07. (PredicateCPA:PredicateCPA.<init>, INFO)

Using unsound approximation of ints with unbounded integers and floats with unbounded integers for encoding program semantics. (AssumptionStorageCPA:FormulaManagerView.<init>, WARNING)

Starting analysis ... (CPAchecker.runAlgorithm, INFO)

line 11152: Ignoring call via function pointer ldv_pm_ops_instance_complete_4_3::arg0 for which no suitable target was found in line: (*arg0)(arg1); (TargetLocationProvider:FunctionPointerCPA:FunctionPointerTransferRelation.getAbstractSuccessorsForEdge, WARNING)

line 11242: Ignoring call via function pointer ldv_pm_ops_instance_restore_noirq_4_5::arg0 for which no suitable target was found in line: (*arg0)(arg1); (TargetLocationProvider:FunctionPointerCPA:FunctionPointerTransferRelation.getAbstractSuccessorsForEdge, WARNING)

line 11206: Ignoring call via function pointer ldv_pm_ops_instance_poweroff_noirq_4_6::arg0 for which no suitable target was found in line: (*arg0)(arg1); (TargetLocationProvider:FunctionPointerCPA:FunctionPointerTransferRelation.getAbstractSuccessorsForEdge, WARNING)

line 11233: Ignoring call via function pointer ldv_pm_ops_instance_restore_early_4_7::arg0 for which no suitable target was found in line: (*arg0)(arg1); (TargetLocationProvider:FunctionPointerCPA:FunctionPointerTransferRelation.getAbstractSuccessorsForEdge, WARNING)

line 11197: Ignoring call via function pointer ldv_pm_ops_instance_poweroff_late_4_8::arg0 for which no suitable target was found in line: (*arg0)(arg1); (TargetLocationProvider:FunctionPointerCPA:FunctionPointerTransferRelation.getAbstractSuccessorsForEdge, WARNING)

line 11350: Ignoring call via function pointer ldv_pm_ops_instance_thaw_noirq_4_11::arg0 for which no suitable target was found in line: (*arg0)(arg1); (TargetLocationProvider:FunctionPointerCPA:FunctionPointerTransferRelation.getAbstractSuccessorsForEdge, WARNING)

line 11179: Ignoring call via function pointer ldv_pm_ops_instance_freeze_noirq_4_12::arg0 for which no suitable target was found in line: (*arg0)(arg1); (TargetLocationProvider:FunctionPointerCPA:FunctionPointerTransferRelation.getAbstractSuccessorsForEdge, WARNING)

line 11341: Ignoring call via function pointer ldv_pm_ops_instance_thaw_early_4_13::arg0 for which no suitable target was found in line: (*arg0)(arg1); (TargetLocationProvider:FunctionPointerCPA:FunctionPointerTransferRelation.getAbstractSuccessorsForEdge, WARNING)

line 11170: Ignoring call via function pointer ldv_pm_ops_instance_freeze_late_4_14::arg0 for which no suitable target was found in line: (*arg0)(arg1); (TargetLocationProvider:FunctionPointerCPA:FunctionPointerTransferRelation.getAbstractSuccessorsForEdge, WARNING)

line 11260: Ignoring call via function pointer ldv_pm_ops_instance_resume_early_4_17::arg0 for which no suitable target was found in line: (*arg0)(arg1); (TargetLocationProvider:FunctionPointerCPA:FunctionPointerTransferRelation.getAbstractSuccessorsForEdge, WARNING)

line 11314: Ignoring call via function pointer ldv_pm_ops_instance_suspend_late_4_18::arg0 for which no suitable target was found in line: (*arg0)(arg1); (TargetLocationProvider:FunctionPointerCPA:FunctionPointerTransferRelation.getAbstractSuccessorsForEdge, WARNING)

line 11269: Ignoring call via function pointer ldv_pm_ops_instance_resume_noirq_4_19::arg0 for which no suitable target was found in line: (*arg0)(arg1); (TargetLocationProvider:FunctionPointerCPA:FunctionPointerTransferRelation.getAbstractSuccessorsForEdge, WARNING)

line 11323: Ignoring call via function pointer ldv_pm_ops_instance_suspend_noirq_4_20::arg0 for which no suitable target was found in line: (*arg0)(arg1); (TargetLocationProvider:FunctionPointerCPA:FunctionPointerTransferRelation.getAbstractSuccessorsForEdge, WARNING)

line 11215: Ignoring call via function pointer ldv_pm_ops_instance_prepare_4_22::arg0 for which no suitable target was found in line: (*arg0)(arg1); (TargetLocationProvider:FunctionPointerCPA:FunctionPointerTransferRelation.getAbstractSuccessorsForEdge, WARNING)

line 11287: Ignoring call via function pointer ldv_pm_ops_instance_runtime_resume_4_24::arg0 for which no suitable target was found in line: (*arg0)(arg1); (TargetLocationProvider:FunctionPointerCPA:FunctionPointerTransferRelation.getAbstractSuccessorsForEdge, WARNING)

line 11296: Ignoring call via function pointer ldv_pm_ops_instance_runtime_suspend_4_25::arg0 for which no suitable target was found in line: (*arg0)(arg1); (TargetLocationProvider:FunctionPointerCPA:FunctionPointerTransferRelation.getAbstractSuccessorsForEdge, WARNING)

line 11278: Ignoring call via function pointer ldv_pm_ops_instance_runtime_idle_4_27::arg0 for which no suitable target was found in line: (*arg0)(arg1); (TargetLocationProvider:FunctionPointerCPA:FunctionPointerTransferRelation.getAbstractSuccessorsForEdge, WARNING)

Creating formula for program (AbstractBMCAlgorithm.run, INFO)

Exception in thread "main" org.sosy_lab.java_smt.basicimpl.GeneratorException: Modular Congruence is not available in SMTLIB2. 
	at org.sosy_lab.java_smt.basicimpl.AbstractNumeralFormulaManager.modularCongruence(AbstractNumeralFormulaManager.java:361)
	at org.sosy_lab.java_smt.solvers.princess.PrincessIntegerFormulaManager.modularCongruence(PrincessIntegerFormulaManager.java:22)
	at org.sosy_lab.cpachecker.util.predicates.smt.IntegerFormulaManagerView.modularCongruence(IntegerFormulaManagerView.java:35)
	at org.sosy_lab.cpachecker.util.predicates.smt.FormulaManagerView.makeModularCongruence(FormulaManagerView.java:688)
	at org.sosy_lab.cpachecker.util.predicates.smt.FormulaManagerView.makeModularCongruence(FormulaManagerView.java:670)
	at org.sosy_lab.cpachecker.util.predicates.pathformula.pointeraliasing.PointerTargetSetManager.makeBaseAddressConstraints(PointerTargetSetManager.java:653)
	at org.sosy_lab.cpachecker.util.predicates.pathformula.pointeraliasing.PointerTargetSetBuilder$RealPointerTargetSetBuilder.addNextBaseAddressConstraints(PointerTargetSetBuilder.java:286)
	at org.sosy_lab.cpachecker.util.predicates.pathformula.pointeraliasing.CToFormulaConverterWithPointerAliasing.declareSharedBase(CToFormulaConverterWithPointerAliasing.java:437)
	at org.sosy_lab.cpachecker.util.predicates.pathformula.pointeraliasing.CToFormulaConverterWithPointerAliasing.makeDeclaration(CToFormulaConverterWithPointerAliasing.java:1001)
	at org.sosy_lab.cpachecker.util.predicates.pathformula.ctoformula.CtoFormulaConverter.createFormulaForEdge(CtoFormulaConverter.java:1231)
	at org.sosy_lab.cpachecker.util.predicates.pathformula.ctoformula.CtoFormulaConverter.makeAnd(CtoFormulaConverter.java:1049)
	at org.sosy_lab.cpachecker.util.predicates.pathformula.PathFormulaManagerImpl.makeAnd(PathFormulaManagerImpl.java:246)
	at org.sosy_lab.cpachecker.util.predicates.pathformula.PathFormulaManagerImpl.makeAnd(PathFormulaManagerImpl.java:300)
	at org.sosy_lab.cpachecker.cpa.predicate.PredicateTransferRelation.convertEdgeToPathFormula(PredicateTransferRelation.java:203)
	at org.sosy_lab.cpachecker.cpa.predicate.PredicateTransferRelation.getAbstractSuccessorsForEdge(PredicateTransferRelation.java:113)
	at org.sosy_lab.cpachecker.cpa.composite.CompositeTransferRelation.callTransferRelation(CompositeTransferRelation.java:297)
	at org.sosy_lab.cpachecker.cpa.composite.CompositeTransferRelation.getAbstractSuccessorForSimpleEdge(CompositeTransferRelation.java:264)
	at org.sosy_lab.cpachecker.cpa.composite.CompositeTransferRelation.getAbstractSuccessorForEdge(CompositeTransferRelation.java:196)
	at org.sosy_lab.cpachecker.cpa.composite.CompositeTransferRelation.getAbstractSuccessors(CompositeTransferRelation.java:88)
	at org.sosy_lab.cpachecker.cpa.arg.ARGTransferRelation.getAbstractSuccessors(ARGTransferRelation.java:45)
	at org.sosy_lab.cpachecker.core.algorithm.CPAAlgorithm.handleState(CPAAlgorithm.java:334)
	at org.sosy_lab.cpachecker.core.algorithm.CPAAlgorithm.run0(CPAAlgorithm.java:289)
	at org.sosy_lab.cpachecker.core.algorithm.CPAAlgorithm.run(CPAAlgorithm.java:260)
	at org.sosy_lab.cpachecker.core.algorithm.bmc.BMCHelper.unroll(BMCHelper.java:192)
	at org.sosy_lab.cpachecker.core.algorithm.bmc.AbstractBMCAlgorithm.run(AbstractBMCAlgorithm.java:427)
	at org.sosy_lab.cpachecker.core.algorithm.bmc.BMCAlgorithm.run(BMCAlgorithm.java:130)
	at org.sosy_lab.cpachecker.core.CPAchecker.runAlgorithm(CPAchecker.java:507)
	at org.sosy_lab.cpachecker.core.CPAchecker.run(CPAchecker.java:369)
	at org.sosy_lab.cpachecker.cmdline.CPAMain.main(CPAMain.java:170)
