scripts/cpa.sh -heap 13000M -stack 50M -noout -benchmark -bmc -setprop cpa.predicate.useArraysForHeap=false -setprop cpa.predicate.memoryAllocationsAlwaysSucceed=true -setprop cpa.loopbound.maxLoopIterations=1 -setprop cpa.predicate.encodeFloatAs=INTEGER -setprop cpa.predicate.encodeBitvectorAs=INTEGER -setprop solver.solver=princess -timelimit 900s -stats -spec test/programs/benchmarks/properties/unreach-call.prp -32 test/programs/benchmarks/nla-digbench-scaling/mannadiv_unwindbound50.c


--------------------------------------------------------------------------------


Running CPAchecker with Java heap of size 13000M.
Running CPAchecker with Java stack of size 50M.
Language C detected and set for analysis (CPAMain.detectFrontendLanguageIfNecessary, INFO)

Using the following resource limits: CPU-time limit of 900s (ResourceLimitChecker.fromConfiguration, INFO)

CPAchecker 2.3.1-svn-45350M / bmc (OpenJDK 64-Bit Server VM 17.0.8.1) started (CPAchecker.run, INFO)

Parsing CFA from file(s) "test/programs/benchmarks/nla-digbench-scaling/mannadiv_unwindbound50.c" (CPAchecker.parse, INFO)

Using unsound approximation of ints with unbounded integers and floats with unbounded integers for encoding program semantics. (PredicateCPA:FormulaManagerView.<init>, WARNING)

Using predicate analysis with Princess 2023-04-07. (PredicateCPA:PredicateCPA.<init>, INFO)

Using unsound approximation of ints with unbounded integers and floats with unbounded integers for encoding program semantics. (AssumptionStorageCPA:FormulaManagerView.<init>, WARNING)

Starting analysis ... (CPAchecker.runAlgorithm, INFO)

Creating formula for program (AbstractBMCAlgorithm.run, INFO)

Starting satisfiability check... (AbstractBMCAlgorithm.boundedModelCheck, INFO)

Error found, creating error path (AbstractBMCAlgorithm.analyzeCounterexample0, INFO)

{__VERIFIER_assert::cond@2 -> 0, counter@3 -> 1, main::__CPAchecker_TMP_0@2 -> 0, main::y3@3 -> 0, main::y2@3 -> 0, main::y1@3 -> 0, assume_abort_if_not::cond@3 -> 1, assume_abort_if_not::cond@2 -> 1, main::x2@3 -> 1, __VERIFIER_nondet_int!3@ -> 1, main::x1@3 -> 0, __VERIFIER_nondet_int!2@ -> 0, counter@2 -> 0, Integer_*_(0, 1) -> 2}
{main::y3@5 -> 0, main::y2@5 -> 0, main::y1@5 -> 0, assume_abort_if_not::cond@4 -> 1, main::__CPAchecker_TMP_0@2 -> 0, main::x2@3 -> 1, assume_abort_if_not::cond@2 -> 1, main::x1@3 -> 0, counter@2 -> 0, counter@3 -> 1, __VERIFIER_nondet_int!3@ -> 1, __VERIFIER_assert::cond@2 -> 0, __VERIFIER_nondet_int!2@ -> 0, Integer_*_(0, 1) -> 2}
[main::y3@5: 0, main::y2@5: 0, main::y1@5: 0, assume_abort_if_not::cond@4: 1, main::__CPAchecker_TMP_0@2: 0, main::x2@3: 1, assume_abort_if_not::cond@2: 1, main::x1@3: 0, counter@2: 0, counter@3: 1, __VERIFIER_nondet_int!3@: 1, __VERIFIER_assert::cond@2: 0, __VERIFIER_nondet_int!2@: 0, Integer_*_(0, 1): 2]
Stopping analysis ... (CPAchecker.runAlgorithm, INFO)


PredicateCPA statistics
-----------------------
Number of abstractions:            2 (3% of all post computations)
  Times abstraction was reused:    0
  Because of function entry/exit:  0 (0%)
  Because of loop head:            0 (0%)
  Because of join nodes:           0 (0%)
  Because of threshold:            0 (0%)
  Because of target state:         2 (100%)
  Times precision was empty:       2 (100%)
  Times precision was {false}:     0 (0%)
  Times result was cached:         0 (0%)
  Times cartesian abs was used:    0 (0%)
  Times boolean abs was used:      0 (0%)
  Times result was 'false':        0 (0%)
Number of strengthen sat checks:   0
Number of coverage checks:         2
  BDD entailment checks:           0
Number of SMT sat checks:          0
  trivial:                         0
  cached:                          0

Max ABE block size:                       23
Avg ABE block size:                                21.50 (sum: 43, count: 2, min: 20, max: 23)
Number of predicates discovered:          0

Time for post operator:                                0.071s
  Time for path formula creation:                      0.071s
Time for strengthen operator:                          0.003s
Time for prec operator:                                0.001s
  Time for abstraction:                  0.001s (Max:     0.001s, Count: 2)
    Solving time:                        0.000s (Max:     0.000s)
    Model enumeration time:              0.000s
    Time for BDD construction:           0.000s (Max:     0.000s)
Time for merge operator:                               0.002s
Time for coverage checks:                              0.000s
Total time for SMT solver (w/o itp):     0.000s

Total number of created targets for pointer analysis: 0



KeyValue statistics
-------------------
Init. function predicates:                         0
Init. global predicates:                           0
Init. location predicates:                         0

Invariant Generation statistics
-------------------------------

Bounds CPA statistics
---------------------
Bound k:                                           1
Maximum loop iteration reached:                    2


ValueAnalysisCPA statistics
---------------------------
Number of variables per state:                     2.68 (sum: 177, count: 66, min: 0, max: 6)
Number of global variables per state:              0.88 (sum: 58, count: 66, min: 0, max: 1)
Number of assumptions:                                   16
Number of deterministic assumptions:                      0
Level of Determinism:                              0%

ValueAnalysisPrecisionAdjustment statistics
-------------------------------------------
Number of abstraction computations:                      66
Total time for liveness abstraction:                   0.000s
Total time for abstraction computation:                0.003s
Total time for path thresholds:                        0.000s

ConstraintsStrengthenOperator statistics
----------------------------------------
Total time for strengthening by ConstraintsCPA:     0.000s
Replaced symbolic expressions: 0

AutomatonAnalysis (SVCOMP) statistics
-------------------------------------
Number of states:                                  1
Total time for successor computation:                  0.002s
Automaton transfers with branching:                0
Automaton transfer successors:                     0.94 (sum: 66, count: 70, min: 0, max: 1) [0 x 4, 1 x 66]
Number of states with assumption transitions:      0

CPA algorithm statistics
------------------------
Number of iterations:            66
Max size of waitlist:            3
Average size of waitlist:        1
LoopstackSortedWaitlist:                           0.20 (sum: 10, count: 49, min: 0, max: 4)
ReversePostorderSortedWaitlist:                    0.00 (sum: 0, count: 49, min: 0, max: 0)
LoopIterationSortedWaitlist:                       0.20 (sum: 10, count: 49, min: 0, max: 4)
CallstackSortedWaitlist:                           17.00 (sum: 17, count: 1, min: 17, max: 17)
Number of computed successors:   66
Max successors for one state:    2
Number of times merged:          1
Number of times stopped:         1
Number of times breaked:         0

Total time for CPA algorithm:         0.145s (Max:     0.145s)
  Time for choose from waitlist:      0.004s
  Time for precision adjustment:      0.016s
  Time for transfer relation:         0.113s
  Time for merge operator:            0.004s
  Time for stop operator:             0.001s
  Time for adding to reached set:     0.007s

BMC algorithm statistics
------------------------
Time for BMC formula creation:                       0.147s
Time for final sat check:                            0.465s
Time for error-path creation:                        0.066s
Time for error-path post-processing:                 0.132s

CPAchecker general statistics
-----------------------------
Number of program locations:                       60
Number of CFA edges (per node):                          60 (count: 60, min: 0, max: 2, avg: 1.00)
Number of relevant variables:                      9
Number of functions:                               4
Number of loops (and loop nodes):                         1 (sum: 14, min: 14, max: 14, avg: 14.00)
Size of reached set:             66
  Number of reached locations:   53 (88%)
    Avg states per location:     1
    Max states per location:     2 (at node N1)
  Number of reached functions:   4 (100%)
  Number of partitions:          66
    Avg size of partitions:      1
    Max size of partitions:      1
  Number of target states:       2

Time for analysis setup:          2.071s
  Time for loading CPAs:          1.158s
  Time for loading parser:        0.258s
  Time for CFA construction:      0.587s
    Time for parsing file(s):     0.325s
    Time for AST to CFA:          0.134s
    Time for CFA sanity check:    0.000s
    Time for post-processing:     0.086s
    Time for loop structure:      0.005s
    Time for AST structure:       0.000s
      Time for function pointers resolving:            0.002s
        Function calls via function pointers:             0 (count: 1, min: 0, max: 0, avg: 0.00)
        Instrumented function pointer calls:              0 (count: 1, min: 0, max: 0, avg: 0.00)
        Function calls with function pointer arguments:        0 (count: 1, min: 0, max: 0, avg: 0.00)
        Instrumented function pointer arguments:          0 (count: 1, min: 0, max: 0, avg: 0.00)
      Time for classifying variables:                  0.053s
        Time for collecting variables:                 0.029s
        Time for solving dependencies:                 0.000s
        Time for building hierarchy:                   0.000s
        Time for building classification:              0.024s
        Time for exporting data:                       0.000s
Time for Analysis:                0.923s
CPU time for analysis:            1.810s
Time for analyzing result:        0.001s
Total time for CPAchecker:        2.995s
Total CPU time for CPAchecker:    5.810s
Time for statistics:              0.032s

Time for Garbage Collector:       0.068s (in 8 runs)
Garbage Collector(s) used:    G1 Old Generation, G1 Young Generation

Verification result: FALSE. Property violation (unreach-call: reach_error(); called in line 18) found by chosen configuration.
More details about the verification run can be found in the directory "./output".
