scripts/cpa.sh -heap 13000M -stack 50M -noout -benchmark -bmc -setprop cpa.predicate.useArraysForHeap=false -setprop cpa.predicate.memoryAllocationsAlwaysSucceed=true -setprop cpa.loopbound.maxLoopIterations=1 -setprop cpa.predicate.encodeFloatAs=INTEGER -setprop cpa.predicate.encodeBitvectorAs=INTEGER -setprop solver.solver=princess -timelimit 900s -stats -spec test/programs/benchmarks/properties/unreach-call.prp -64 test/programs/benchmarks/ldv-linux-3.4-simple/32_7_cilled_const_ok_linux-32_1-drivers--staging--keucr--keucr.ko-ldv_main1_sequence_infinite_withcheck_stateful.cil.out.i


--------------------------------------------------------------------------------


Running CPAchecker with Java heap of size 13000M.
Running CPAchecker with Java stack of size 50M.
Language C detected and set for analysis (CPAMain.detectFrontendLanguageIfNecessary, INFO)

Using the following resource limits: CPU-time limit of 900s (ResourceLimitChecker.fromConfiguration, INFO)

CPAchecker 2.3.1-svn-45350M / bmc (OpenJDK 64-Bit Server VM 17.0.8.1) started (CPAchecker.run, INFO)

Parsing CFA from file(s) "test/programs/benchmarks/ldv-linux-3.4-simple/32_7_cilled_const_ok_linux-32_1-drivers--staging--keucr--keucr.ko-ldv_main1_sequence_infinite_withcheck_stateful.cil.out.i" (CPAchecker.parse, INFO)

line 4214: Dead code detected: goto case_1; (CFACreationUtils.addEdgeToCFA, INFO)

line 4217: Dead code detected: goto case_2; (CFACreationUtils.addEdgeToCFA, INFO)

line 4220: Dead code detected: goto case_4; (CFACreationUtils.addEdgeToCFA, INFO)

line 4226: Dead code detected: goto switch_default; (CFACreationUtils.addEdgeToCFA, INFO)

Dead code detected: Label switch_default is not reachable. (CFAFunctionBuilder.leave, INFO)

Dead code detected: Label case_4 is not reachable. (CFAFunctionBuilder.leave, INFO)

Dead code detected: Label case_1 is not reachable. (CFAFunctionBuilder.leave, INFO)

Dead code detected: Label case_2 is not reachable. (CFAFunctionBuilder.leave, INFO)

line 4952: Dereferencing of non-pointer type PSM_STATUS  in expression *__cil_tmp17 (ASTConverter.convert, WARNING)

line 4981: Dereferencing of non-pointer type PSM_STATUS  in expression *__cil_tmp10 (ASTConverter.convert, WARNING)

line 5720: Dead code detected: goto case_1; (CFACreationUtils.addEdgeToCFA, INFO)

line 5723: Dead code detected: goto case_2; (CFACreationUtils.addEdgeToCFA, INFO)

line 5726: Dead code detected: goto case_4; (CFACreationUtils.addEdgeToCFA, INFO)

line 5732: Dead code detected: goto switch_default; (CFACreationUtils.addEdgeToCFA, INFO)

Dead code detected: Label switch_default is not reachable. (CFAFunctionBuilder.leave, INFO)

Dead code detected: Label case_4 is not reachable. (CFAFunctionBuilder.leave, INFO)

Dead code detected: Label case_1 is not reachable. (CFAFunctionBuilder.leave, INFO)

Dead code detected: Label case_2 is not reachable. (CFAFunctionBuilder.leave, INFO)

Dead code detected: Label switch_break is not reachable. (CFAFunctionBuilder.leave, INFO)

line 13901: Dereferencing of non-pointer type PSM_STATUS  in expression *__cil_tmp29 (ASTConverter.convert, WARNING)

line 14742: Dereferencing of non-pointer type PBYTE  in expression *__cil_tmp8 (ASTConverter.convert, WARNING)

line 14745: Dereferencing of non-pointer type PBYTE  in expression *__cil_tmp10 (ASTConverter.convert, WARNING)

line 14750: Dereferencing of non-pointer type PBYTE  in expression *__cil_tmp15 (ASTConverter.convert, WARNING)

line 14756: Dereferencing of non-pointer type PBYTE  in expression *__cil_tmp21 (ASTConverter.convert, WARNING)

line 14762: Dereferencing of non-pointer type PBYTE  in expression *__cil_tmp27 (ASTConverter.convert, WARNING)

line 14771: Dereferencing of non-pointer type PBYTE  in expression *__cil_tmp35 (ASTConverter.convert, WARNING)

line 14775: Dereferencing of non-pointer type PBYTE  in expression *__cil_tmp39 (ASTConverter.convert, WARNING)

line 14979: Dead code detected: return (0); (CFACreationUtils.addEdgeToCFA, INFO)

line 15522: Dereferencing of non-pointer type PBYTE  in expression *__cil_tmp11 (ASTConverter.convert, WARNING)

line 15527: Dereferencing of non-pointer type PBYTE  in expression *__cil_tmp16 (ASTConverter.convert, WARNING)

line 15533: Dereferencing of non-pointer type PBYTE  in expression *__cil_tmp22 (ASTConverter.convert, WARNING)

line 15539: Dereferencing of non-pointer type PBYTE  in expression *__cil_tmp28 (ASTConverter.convert, WARNING)

line 15548: Dereferencing of non-pointer type PBYTE  in expression *__cil_tmp36 (ASTConverter.convert, WARNING)

line 15552: Dereferencing of non-pointer type PBYTE  in expression *__cil_tmp40 (ASTConverter.convert, WARNING)

line 15596: Dead code detected: return (0); (CFACreationUtils.addEdgeToCFA, INFO)

line 15661: Dereferencing of non-pointer type PBYTE  in expression *__cil_tmp11 (ASTConverter.convert, WARNING)

line 15666: Dereferencing of non-pointer type PBYTE  in expression *__cil_tmp16 (ASTConverter.convert, WARNING)

line 15672: Dereferencing of non-pointer type PBYTE  in expression *__cil_tmp22 (ASTConverter.convert, WARNING)

line 15678: Dereferencing of non-pointer type PBYTE  in expression *__cil_tmp28 (ASTConverter.convert, WARNING)

line 15687: Dereferencing of non-pointer type PBYTE  in expression *__cil_tmp36 (ASTConverter.convert, WARNING)

line 15691: Dereferencing of non-pointer type PBYTE  in expression *__cil_tmp40 (ASTConverter.convert, WARNING)

line 15735: Dead code detected: return (0); (CFACreationUtils.addEdgeToCFA, INFO)

Dead code detected: Label switch_break is not reachable. (CFAFunctionBuilder.leave, INFO)

Inline assembler ignored, analysis is probably unsound! (CFABuilder.createCFA, WARNING)

line 4938: Function pointer *__cil_tmp11 with type void (*)(struct us_data *, int) is called, but no possible target functions were found. (CFunctionPointerResolver.getTargets, WARNING)

line 4891: Function pointer *__cil_tmp10 with type void (*)(struct us_data *, int) is called, but no possible target functions were found. (CFunctionPointerResolver.getTargets, WARNING)

line 8309: Function pointer *done with type void (*)(struct scsi_cmnd *) is called, but no possible target functions were found. (CFunctionPointerResolver.getTargets, WARNING)

line 5662: Function pointer *__cil_tmp162 with type void (*)(struct scsi_cmnd *) is called, but no possible target functions were found. (CFunctionPointerResolver.getTargets, WARNING)

Using unsound approximation of ints with unbounded integers and floats with unbounded integers for encoding program semantics. (PredicateCPA:FormulaManagerView.<init>, WARNING)

Using predicate analysis with Princess 2023-04-07. (PredicateCPA:PredicateCPA.<init>, INFO)

Using unsound approximation of ints with unbounded integers and floats with unbounded integers for encoding program semantics. (AssumptionStorageCPA:FormulaManagerView.<init>, WARNING)

Starting analysis ... (CPAchecker.runAlgorithm, INFO)

line 8507: Ignoring call via function pointer device_reset::__cil_tmp11 for which no suitable target was found in line: result = (*__cil_tmp11)(us); (TargetLocationProvider:FunctionPointerCPA:FunctionPointerTransferRelation.getAbstractSuccessorsForEdge, WARNING)

line 5627: Ignoring call via function pointer usb_stor_control_thread::__cil_tmp143 for which no suitable target was found in line: (*__cil_tmp143)(__cil_tmp146, us); (TargetLocationProvider:FunctionPointerCPA:FunctionPointerTransferRelation.getAbstractSuccessorsForEdge, WARNING)

line 5662: Ignoring call via function pointer usb_stor_control_thread::__cil_tmp162 for which no suitable target was found in line: (*__cil_tmp162)(__cil_tmp165); (TargetLocationProvider:FunctionPointerCPA:FunctionPointerTransferRelation.getAbstractSuccessorsForEdge, WARNING)

line 11446: Ignoring call via function pointer ENE_stor_invoke_transport::__cil_tmp74 for which no suitable target was found in line: (*__cil_tmp74)(us); (TargetLocationProvider:FunctionPointerCPA:FunctionPointerTransferRelation.getAbstractSuccessorsForEdge, WARNING)

Recursion detected, aborting. To ignore recursion, add -skipRecursion to the command line. (TargetLocationProvider:CallstackCPA:CallstackTransferRelation.getAbstractSuccessorsForEdge, INFO)

Recursion detected. Defaulting to selecting all locations as potential target locations. (TargetLocationProvider:TargetLocationProviderImpl.tryGetAutomatonTargetLocations, INFO)

Creating formula for program (AbstractBMCAlgorithm.run, INFO)

Exception in thread "main" org.sosy_lab.java_smt.basicimpl.GeneratorException: Modular Congruence is not available in SMTLIB2. 
	at org.sosy_lab.java_smt.basicimpl.AbstractNumeralFormulaManager.modularCongruence(AbstractNumeralFormulaManager.java:361)
	at org.sosy_lab.java_smt.solvers.princess.PrincessIntegerFormulaManager.modularCongruence(PrincessIntegerFormulaManager.java:22)
	at org.sosy_lab.cpachecker.util.predicates.smt.IntegerFormulaManagerView.modularCongruence(IntegerFormulaManagerView.java:35)
	at org.sosy_lab.cpachecker.util.predicates.smt.FormulaManagerView.makeModularCongruence(FormulaManagerView.java:688)
	at org.sosy_lab.cpachecker.util.predicates.smt.FormulaManagerView.makeModularCongruence(FormulaManagerView.java:670)
	at org.sosy_lab.cpachecker.util.predicates.pathformula.pointeraliasing.PointerTargetSetManager.makeBaseAddressConstraints(PointerTargetSetManager.java:653)
	at org.sosy_lab.cpachecker.util.predicates.pathformula.pointeraliasing.PointerTargetSetBuilder$RealPointerTargetSetBuilder.addNextBaseAddressConstraints(PointerTargetSetBuilder.java:286)
	at org.sosy_lab.cpachecker.util.predicates.pathformula.pointeraliasing.CToFormulaConverterWithPointerAliasing.declareSharedBase(CToFormulaConverterWithPointerAliasing.java:442)
	at org.sosy_lab.cpachecker.util.predicates.pathformula.pointeraliasing.CToFormulaConverterWithPointerAliasing.makeDeclaration(CToFormulaConverterWithPointerAliasing.java:1001)
	at org.sosy_lab.cpachecker.util.predicates.pathformula.ctoformula.CtoFormulaConverter.createFormulaForEdge(CtoFormulaConverter.java:1231)
	at org.sosy_lab.cpachecker.util.predicates.pathformula.ctoformula.CtoFormulaConverter.makeAnd(CtoFormulaConverter.java:1049)
	at org.sosy_lab.cpachecker.util.predicates.pathformula.PathFormulaManagerImpl.makeAnd(PathFormulaManagerImpl.java:246)
	at org.sosy_lab.cpachecker.util.predicates.pathformula.PathFormulaManagerImpl.makeAnd(PathFormulaManagerImpl.java:300)
	at org.sosy_lab.cpachecker.cpa.predicate.PredicateTransferRelation.convertEdgeToPathFormula(PredicateTransferRelation.java:203)
	at org.sosy_lab.cpachecker.cpa.predicate.PredicateTransferRelation.getAbstractSuccessorsForEdge(PredicateTransferRelation.java:113)
	at org.sosy_lab.cpachecker.cpa.composite.CompositeTransferRelation.callTransferRelation(CompositeTransferRelation.java:297)
	at org.sosy_lab.cpachecker.cpa.composite.CompositeTransferRelation.getAbstractSuccessorForSimpleEdge(CompositeTransferRelation.java:264)
	at org.sosy_lab.cpachecker.cpa.composite.CompositeTransferRelation.getAbstractSuccessorForEdge(CompositeTransferRelation.java:196)
	at org.sosy_lab.cpachecker.cpa.composite.CompositeTransferRelation.getAbstractSuccessors(CompositeTransferRelation.java:88)
	at org.sosy_lab.cpachecker.cpa.arg.ARGTransferRelation.getAbstractSuccessors(ARGTransferRelation.java:45)
	at org.sosy_lab.cpachecker.core.algorithm.CPAAlgorithm.handleState(CPAAlgorithm.java:334)
	at org.sosy_lab.cpachecker.core.algorithm.CPAAlgorithm.run0(CPAAlgorithm.java:289)
	at org.sosy_lab.cpachecker.core.algorithm.CPAAlgorithm.run(CPAAlgorithm.java:260)
	at org.sosy_lab.cpachecker.core.algorithm.bmc.BMCHelper.unroll(BMCHelper.java:192)
	at org.sosy_lab.cpachecker.core.algorithm.bmc.AbstractBMCAlgorithm.run(AbstractBMCAlgorithm.java:427)
	at org.sosy_lab.cpachecker.core.algorithm.bmc.BMCAlgorithm.run(BMCAlgorithm.java:130)
	at org.sosy_lab.cpachecker.core.CPAchecker.runAlgorithm(CPAchecker.java:507)
	at org.sosy_lab.cpachecker.core.CPAchecker.run(CPAchecker.java:369)
	at org.sosy_lab.cpachecker.cmdline.CPAMain.main(CPAMain.java:170)
