scripts/cpa.sh -heap 13000M -stack 50M -noout -benchmark -bmc -setprop cpa.predicate.useArraysForHeap=false -setprop cpa.predicate.memoryAllocationsAlwaysSucceed=true -setprop cpa.loopbound.maxLoopIterations=1 -setprop cpa.predicate.encodeFloatAs=INTEGER -setprop cpa.predicate.encodeBitvectorAs=INTEGER -setprop solver.solver=princess_binary -setprop proveroptions.option=use_binary -timelimit 900s -stats -spec test/programs/benchmarks/properties/unreach-call.prp -64 test/programs/benchmarks/ldv-linux-4.0-rc1-mav/linux-4.0-rc1---drivers--scsi--aacraid--aacraid.ko.cil.i


--------------------------------------------------------------------------------


Running CPAchecker with Java heap of size 13000M.
Running CPAchecker with Java stack of size 50M.
Language C detected and set for analysis (CPAMain.detectFrontendLanguageIfNecessary, INFO)

Using the following resource limits: CPU-time limit of 900s (ResourceLimitChecker.fromConfiguration, INFO)

CPAchecker 2.3.1-svn-45350M / bmc (OpenJDK 64-Bit Server VM 17.0.8.1) started (CPAchecker.run, INFO)

Parsing CFA from file(s) "test/programs/benchmarks/ldv-linux-4.0-rc1-mav/linux-4.0-rc1---drivers--scsi--aacraid--aacraid.ko.cil.i" (CPAchecker.parse, INFO)

Dead code detected: Label switch_break is not reachable. (CFAFunctionBuilder.leave, INFO)

line 8957: Dead code detected: return (arg0); (CFACreationUtils.addEdgeToCFA, INFO)

line 9520: Dead code detected: return; (CFACreationUtils.addEdgeToCFA, INFO)

line 9570: Dead code detected: return; (CFACreationUtils.addEdgeToCFA, INFO)

line 9601: Dead code detected: return; (CFACreationUtils.addEdgeToCFA, INFO)

line 9647: Dead code detected: goto ldv_call_0; (CFACreationUtils.addEdgeToCFA, INFO)

line 9756: Dead code detected: return; (CFACreationUtils.addEdgeToCFA, INFO)

line 9858: Dead code detected: return; (CFACreationUtils.addEdgeToCFA, INFO)

line 9889: Dead code detected: return; (CFACreationUtils.addEdgeToCFA, INFO)

line 9970: Dead code detected: return; (CFACreationUtils.addEdgeToCFA, INFO)

line 9994: Dead code detected: return (arg0); (CFACreationUtils.addEdgeToCFA, INFO)

line 10017: Dead code detected: return (arg0); (CFACreationUtils.addEdgeToCFA, INFO)

line 10039: Dead code detected: return (arg0); (CFACreationUtils.addEdgeToCFA, INFO)

line 10042: Dead code detected: return (arg0); (CFACreationUtils.addEdgeToCFA, INFO)

line 10044: Dead code detected: return (arg0); (CFACreationUtils.addEdgeToCFA, INFO)

line 10249: Dead code detected: return; (CFACreationUtils.addEdgeToCFA, INFO)

line 10283: Dead code detected: return; (CFACreationUtils.addEdgeToCFA, INFO)

line 10444: Dead code detected: return; (CFACreationUtils.addEdgeToCFA, INFO)

line 10456: Dead code detected: return; (CFACreationUtils.addEdgeToCFA, INFO)

line 10466: Dead code detected: return; (CFACreationUtils.addEdgeToCFA, INFO)

line 10479: Dead code detected: return; (CFACreationUtils.addEdgeToCFA, INFO)

line 10489: Dead code detected: return; (CFACreationUtils.addEdgeToCFA, INFO)

line 10502: Dead code detected: return; (CFACreationUtils.addEdgeToCFA, INFO)

line 10512: Dead code detected: return; (CFACreationUtils.addEdgeToCFA, INFO)

line 10525: Dead code detected: return; (CFACreationUtils.addEdgeToCFA, INFO)

line 10535: Dead code detected: return; (CFACreationUtils.addEdgeToCFA, INFO)

line 10548: Dead code detected: return; (CFACreationUtils.addEdgeToCFA, INFO)

line 10558: Dead code detected: return; (CFACreationUtils.addEdgeToCFA, INFO)

line 10571: Dead code detected: return; (CFACreationUtils.addEdgeToCFA, INFO)

line 10581: Dead code detected: return; (CFACreationUtils.addEdgeToCFA, INFO)

line 10594: Dead code detected: return; (CFACreationUtils.addEdgeToCFA, INFO)

line 10613: Dead code detected: return; (CFACreationUtils.addEdgeToCFA, INFO)

line 10658: Dead code detected: return; (CFACreationUtils.addEdgeToCFA, INFO)

line 10677: Dead code detected: return; (CFACreationUtils.addEdgeToCFA, INFO)

line 10722: Dead code detected: return; (CFACreationUtils.addEdgeToCFA, INFO)

line 10741: Dead code detected: return; (CFACreationUtils.addEdgeToCFA, INFO)

line 10786: Dead code detected: return; (CFACreationUtils.addEdgeToCFA, INFO)

line 10805: Dead code detected: return; (CFACreationUtils.addEdgeToCFA, INFO)

line 10850: Dead code detected: return; (CFACreationUtils.addEdgeToCFA, INFO)

line 10869: Dead code detected: return; (CFACreationUtils.addEdgeToCFA, INFO)

line 10914: Dead code detected: return; (CFACreationUtils.addEdgeToCFA, INFO)

line 10933: Dead code detected: return; (CFACreationUtils.addEdgeToCFA, INFO)

line 10978: Dead code detected: return; (CFACreationUtils.addEdgeToCFA, INFO)

line 10997: Dead code detected: return; (CFACreationUtils.addEdgeToCFA, INFO)

line 11042: Dead code detected: return; (CFACreationUtils.addEdgeToCFA, INFO)

line 11061: Dead code detected: return; (CFACreationUtils.addEdgeToCFA, INFO)

line 11106: Dead code detected: return; (CFACreationUtils.addEdgeToCFA, INFO)

line 11125: Dead code detected: return; (CFACreationUtils.addEdgeToCFA, INFO)

line 11160: Dead code detected: return; (CFACreationUtils.addEdgeToCFA, INFO)

line 11179: Dead code detected: return; (CFACreationUtils.addEdgeToCFA, INFO)

line 11224: Dead code detected: return; (CFACreationUtils.addEdgeToCFA, INFO)

line 11243: Dead code detected: return; (CFACreationUtils.addEdgeToCFA, INFO)

line 11288: Dead code detected: return; (CFACreationUtils.addEdgeToCFA, INFO)

line 11299: Dead code detected: return; (CFACreationUtils.addEdgeToCFA, INFO)

line 11342: Dead code detected: return (ldv_func_res); (CFACreationUtils.addEdgeToCFA, INFO)

line 11473: Dead code detected: return (ldv_func_res); (CFACreationUtils.addEdgeToCFA, INFO)

line 11488: Dead code detected: return (ldv_func_res); (CFACreationUtils.addEdgeToCFA, INFO)

line 11525: Dead code detected: return (ldv_func_res); (CFACreationUtils.addEdgeToCFA, INFO)

line 11541: Dead code detected: return (ldv_func_res); (CFACreationUtils.addEdgeToCFA, INFO)

Dead code detected: Label switch_break is not reachable. (CFAFunctionBuilder.leave, INFO)

line 13637: Dead code detected: goto case_1; (CFACreationUtils.addEdgeToCFA, INFO)

line 13656: Dead code detected: goto case_1___0; (CFACreationUtils.addEdgeToCFA, INFO)

line 13660: Dead code detected: goto case_2; (CFACreationUtils.addEdgeToCFA, INFO)

line 13668: Dead code detected: goto case_8___0; (CFACreationUtils.addEdgeToCFA, INFO)

line 13671: Dead code detected: goto switch_default___0; (CFACreationUtils.addEdgeToCFA, INFO)

line 13641: Dead code detected: goto case_2___0; (CFACreationUtils.addEdgeToCFA, INFO)

line 13696: Dead code detected: goto case_1___1; (CFACreationUtils.addEdgeToCFA, INFO)

line 13700: Dead code detected: goto case_2___1; (CFACreationUtils.addEdgeToCFA, INFO)

line 13708: Dead code detected: goto case_8___1; (CFACreationUtils.addEdgeToCFA, INFO)

line 13711: Dead code detected: goto switch_default___1; (CFACreationUtils.addEdgeToCFA, INFO)

line 13736: Dead code detected: goto case_1___2; (CFACreationUtils.addEdgeToCFA, INFO)

line 13740: Dead code detected: goto case_2___2; (CFACreationUtils.addEdgeToCFA, INFO)

line 13748: Dead code detected: goto case_8___2; (CFACreationUtils.addEdgeToCFA, INFO)

line 13751: Dead code detected: goto switch_default___2; (CFACreationUtils.addEdgeToCFA, INFO)

line 13649: Dead code detected: goto case_8___3; (CFACreationUtils.addEdgeToCFA, INFO)

line 13776: Dead code detected: goto case_1___3; (CFACreationUtils.addEdgeToCFA, INFO)

line 13780: Dead code detected: goto case_2___3; (CFACreationUtils.addEdgeToCFA, INFO)

line 13788: Dead code detected: goto case_8___4; (CFACreationUtils.addEdgeToCFA, INFO)

line 13791: Dead code detected: goto switch_default___3; (CFACreationUtils.addEdgeToCFA, INFO)

line 13652: Dead code detected: goto switch_default___4; (CFACreationUtils.addEdgeToCFA, INFO)

Dead code detected: Label case_4___0 is not reachable. (CFAFunctionBuilder.leave, INFO)

Dead code detected: Label case_4___3 is not reachable. (CFAFunctionBuilder.leave, INFO)

Dead code detected: Label case_4 is not reachable. (CFAFunctionBuilder.leave, INFO)

Dead code detected: Label case_1 is not reachable. (CFAFunctionBuilder.leave, INFO)

Dead code detected: Label case_2 is not reachable. (CFAFunctionBuilder.leave, INFO)

Dead code detected: Label switch_break is not reachable. (CFAFunctionBuilder.leave, INFO)

Dead code detected: Label case_2___2 is not reachable. (CFAFunctionBuilder.leave, INFO)

Dead code detected: Label case_2___3 is not reachable. (CFAFunctionBuilder.leave, INFO)

Dead code detected: Label case_2___0 is not reachable. (CFAFunctionBuilder.leave, INFO)

Dead code detected: Label case_2___1 is not reachable. (CFAFunctionBuilder.leave, INFO)

Dead code detected: Label case_1___1 is not reachable. (CFAFunctionBuilder.leave, INFO)

Dead code detected: Label case_1___2 is not reachable. (CFAFunctionBuilder.leave, INFO)

Dead code detected: Label case_1___3 is not reachable. (CFAFunctionBuilder.leave, INFO)

Dead code detected: Label case_1___0 is not reachable. (CFAFunctionBuilder.leave, INFO)

Dead code detected: Label case_8___4 is not reachable. (CFAFunctionBuilder.leave, INFO)

Dead code detected: Label case_8___3 is not reachable. (CFAFunctionBuilder.leave, INFO)

Dead code detected: Label case_8___2 is not reachable. (CFAFunctionBuilder.leave, INFO)

Dead code detected: Label case_8___1 is not reachable. (CFAFunctionBuilder.leave, INFO)

Dead code detected: Label case_8___0 is not reachable. (CFAFunctionBuilder.leave, INFO)

Dead code detected: Label switch_break is not reachable. (CFAFunctionBuilder.leave, INFO)

Dead code detected: Label switch_break is not reachable. (CFAFunctionBuilder.leave, INFO)

Dead code detected: Label switch_break is not reachable. (CFAFunctionBuilder.leave, INFO)

Dead code detected: Label switch_break is not reachable. (CFAFunctionBuilder.leave, INFO)

Dead code detected: Label switch_break is not reachable. (CFAFunctionBuilder.leave, INFO)

line 17613: Dead code detected: goto case_1; (CFACreationUtils.addEdgeToCFA, INFO)

line 17617: Dead code detected: goto case_2; (CFACreationUtils.addEdgeToCFA, INFO)

line 17621: Dead code detected: goto case_4; (CFACreationUtils.addEdgeToCFA, INFO)

line 17628: Dead code detected: goto switch_default; (CFACreationUtils.addEdgeToCFA, INFO)

Dead code detected: Label switch_break is not reachable. (CFAFunctionBuilder.leave, INFO)

Dead code detected: Label switch_default is not reachable. (CFAFunctionBuilder.leave, INFO)

Dead code detected: Label case_4 is not reachable. (CFAFunctionBuilder.leave, INFO)

Dead code detected: Label case_1 is not reachable. (CFAFunctionBuilder.leave, INFO)

Dead code detected: Label case_2 is not reachable. (CFAFunctionBuilder.leave, INFO)

Dead code detected: Label switch_break is not reachable. (CFAFunctionBuilder.leave, INFO)

line 19627: Dead code detected: goto case_1; (CFACreationUtils.addEdgeToCFA, INFO)

line 19631: Dead code detected: goto case_2; (CFACreationUtils.addEdgeToCFA, INFO)

line 19635: Dead code detected: goto case_4; (CFACreationUtils.addEdgeToCFA, INFO)

line 19642: Dead code detected: goto switch_default; (CFACreationUtils.addEdgeToCFA, INFO)

line 19691: Dead code detected: goto case_1___0; (CFACreationUtils.addEdgeToCFA, INFO)

line 19695: Dead code detected: goto case_2___0; (CFACreationUtils.addEdgeToCFA, INFO)

line 19699: Dead code detected: goto case_4___0; (CFACreationUtils.addEdgeToCFA, INFO)

line 19706: Dead code detected: goto switch_default___0; (CFACreationUtils.addEdgeToCFA, INFO)

line 20048: Dead code detected: goto case_1___1; (CFACreationUtils.addEdgeToCFA, INFO)

line 20052: Dead code detected: goto case_2___1; (CFACreationUtils.addEdgeToCFA, INFO)

line 20056: Dead code detected: goto case_4___1; (CFACreationUtils.addEdgeToCFA, INFO)

line 20063: Dead code detected: goto switch_default___1; (CFACreationUtils.addEdgeToCFA, INFO)

Dead code detected: Label case_4___1 is not reachable. (CFAFunctionBuilder.leave, INFO)

Dead code detected: Label case_4___0 is not reachable. (CFAFunctionBuilder.leave, INFO)

Dead code detected: Label case_4 is not reachable. (CFAFunctionBuilder.leave, INFO)

Dead code detected: Label case_1 is not reachable. (CFAFunctionBuilder.leave, INFO)

Dead code detected: Label case_2 is not reachable. (CFAFunctionBuilder.leave, INFO)

Dead code detected: Label switch_break is not reachable. (CFAFunctionBuilder.leave, INFO)

Dead code detected: Label switch_default is not reachable. (CFAFunctionBuilder.leave, INFO)

Dead code detected: Label case_2___0 is not reachable. (CFAFunctionBuilder.leave, INFO)

Dead code detected: Label case_2___1 is not reachable. (CFAFunctionBuilder.leave, INFO)

Dead code detected: Label case_1___1 is not reachable. (CFAFunctionBuilder.leave, INFO)

Dead code detected: Label case_1___0 is not reachable. (CFAFunctionBuilder.leave, INFO)

line 20331: Dead code detected: return (ldv_func_res); (CFACreationUtils.addEdgeToCFA, INFO)

line 20366: Dead code detected: return (ldv_func_res); (CFACreationUtils.addEdgeToCFA, INFO)

Dead code detected: Label switch_break is not reachable. (CFAFunctionBuilder.leave, INFO)

line 22014: Dead code detected: return (ldv_func_res); (CFACreationUtils.addEdgeToCFA, INFO)

Dead code detected: Label switch_break is not reachable. (CFAFunctionBuilder.leave, INFO)

line 23734: Dead code detected: return (ldv_func_res); (CFACreationUtils.addEdgeToCFA, INFO)

Inline assembler ignored, analysis is probably unsound! (CFABuilder.createCFA, WARNING)

line 19225: Function pointer *(command->scsi_done) with type void (*)(struct scsi_cmnd *) is called, but no possible target functions were found. (CFunctionPointerResolver.getTargets, WARNING)

line 12772: Function pointer *(cmd->scsi_done) with type void (*)(struct scsi_cmnd *) is called, but no possible target functions were found. (CFunctionPointerResolver.getTargets, WARNING)

line 12247: Function pointer *(scsicmd->scsi_done) with type void (*)(struct scsi_cmnd *) is called, but no possible target functions were found. (CFunctionPointerResolver.getTargets, WARNING)

line 13986: Function pointer *(scsicmd->scsi_done) with type void (*)(struct scsi_cmnd *) is called, but no possible target functions were found. (CFunctionPointerResolver.getTargets, WARNING)

line 13952: Function pointer *(scsicmd->scsi_done) with type void (*)(struct scsi_cmnd *) is called, but no possible target functions were found. (CFunctionPointerResolver.getTargets, WARNING)

line 14886: Function pointer *(scsicmd->scsi_done) with type void (*)(struct scsi_cmnd *) is called, but no possible target functions were found. (CFunctionPointerResolver.getTargets, WARNING)

line 14866: Function pointer *(scsicmd->scsi_done) with type void (*)(struct scsi_cmnd *) is called, but no possible target functions were found. (CFunctionPointerResolver.getTargets, WARNING)

line 14780: Function pointer *(scsicmd->scsi_done) with type void (*)(struct scsi_cmnd *) is called, but no possible target functions were found. (CFunctionPointerResolver.getTargets, WARNING)

line 14768: Function pointer *(scsicmd->scsi_done) with type void (*)(struct scsi_cmnd *) is called, but no possible target functions were found. (CFunctionPointerResolver.getTargets, WARNING)

line 14756: Function pointer *(scsicmd->scsi_done) with type void (*)(struct scsi_cmnd *) is called, but no possible target functions were found. (CFunctionPointerResolver.getTargets, WARNING)

line 14745: Function pointer *(scsicmd->scsi_done) with type void (*)(struct scsi_cmnd *) is called, but no possible target functions were found. (CFunctionPointerResolver.getTargets, WARNING)

line 14736: Function pointer *(scsicmd->scsi_done) with type void (*)(struct scsi_cmnd *) is called, but no possible target functions were found. (CFunctionPointerResolver.getTargets, WARNING)

line 14704: Function pointer *(scsicmd->scsi_done) with type void (*)(struct scsi_cmnd *) is called, but no possible target functions were found. (CFunctionPointerResolver.getTargets, WARNING)

line 14676: Function pointer *(scsicmd->scsi_done) with type void (*)(struct scsi_cmnd *) is called, but no possible target functions were found. (CFunctionPointerResolver.getTargets, WARNING)

line 14655: Function pointer *(scsicmd->scsi_done) with type void (*)(struct scsi_cmnd *) is called, but no possible target functions were found. (CFunctionPointerResolver.getTargets, WARNING)

line 14602: Function pointer *(scsicmd->scsi_done) with type void (*)(struct scsi_cmnd *) is called, but no possible target functions were found. (CFunctionPointerResolver.getTargets, WARNING)

line 14587: Function pointer *(scsicmd->scsi_done) with type void (*)(struct scsi_cmnd *) is called, but no possible target functions were found. (CFunctionPointerResolver.getTargets, WARNING)

line 14477: Function pointer *(scsicmd->scsi_done) with type void (*)(struct scsi_cmnd *) is called, but no possible target functions were found. (CFunctionPointerResolver.getTargets, WARNING)

line 14464: Function pointer *(scsicmd->scsi_done) with type void (*)(struct scsi_cmnd *) is called, but no possible target functions were found. (CFunctionPointerResolver.getTargets, WARNING)

line 14404: Function pointer *(scsicmd->scsi_done) with type void (*)(struct scsi_cmnd *) is called, but no possible target functions were found. (CFunctionPointerResolver.getTargets, WARNING)

line 15420: Function pointer *(scsicmd->scsi_done) with type void (*)(struct scsi_cmnd *) is called, but no possible target functions were found. (CFunctionPointerResolver.getTargets, WARNING)

line 15401: Function pointer *(scsicmd->scsi_done) with type void (*)(struct scsi_cmnd *) is called, but no possible target functions were found. (CFunctionPointerResolver.getTargets, WARNING)

line 14303: Function pointer *(scsicmd->scsi_done) with type void (*)(struct scsi_cmnd *) is called, but no possible target functions were found. (CFunctionPointerResolver.getTargets, WARNING)

line 14285: Function pointer *(scsicmd->scsi_done) with type void (*)(struct scsi_cmnd *) is called, but no possible target functions were found. (CFunctionPointerResolver.getTargets, WARNING)

line 14079: Function pointer *(scsicmd->scsi_done) with type void (*)(struct scsi_cmnd *) is called, but no possible target functions were found. (CFunctionPointerResolver.getTargets, WARNING)

line 14045: Function pointer *(scsicmd->scsi_done) with type void (*)(struct scsi_cmnd *) is called, but no possible target functions were found. (CFunctionPointerResolver.getTargets, WARNING)

line 16053: Function pointer *(ops->alloc) with type void *(*)(struct device *, size_t , dma_addr_t *, gfp_t , struct dma_attrs *) is called, but no possible target functions were found. (CFunctionPointerResolver.getTargets, WARNING)

line 6614: Function pointer *(ops->free) with type void (*)(struct device *, size_t , void *, dma_addr_t , struct dma_attrs *) is called, but no possible target functions were found. (CFunctionPointerResolver.getTargets, WARNING)

line 15978: Function pointer *(ops->map_page) with type dma_addr_t (*)(struct device *, struct page *, unsigned long, size_t , enum dma_data_direction , struct dma_attrs *) is called, but no possible target functions were found. (CFunctionPointerResolver.getTargets, WARNING)

line 12185: Function pointer *(scsicmd->scsi_done) with type void (*)(struct scsi_cmnd *) is called, but no possible target functions were found. (CFunctionPointerResolver.getTargets, WARNING)

line 12677: Function pointer *(scsicmd->scsi_done) with type void (*)(struct scsi_cmnd *) is called, but no possible target functions were found. (CFunctionPointerResolver.getTargets, WARNING)

line 13882: Function pointer *(scsicmd->scsi_done) with type void (*)(struct scsi_cmnd *) is called, but no possible target functions were found. (CFunctionPointerResolver.getTargets, WARNING)

line 9677: Function pointer *arg0 with type long int (*)(struct file *, char *, unsigned long, long long *) is called, but no possible target functions were found. (CFunctionPointerResolver.getTargets, WARNING)

line 9812: Function pointer *arg0 with type int (*)(struct pci_dev *, struct pm_message ) is called, but no possible target functions were found. (CFunctionPointerResolver.getTargets, WARNING)

line 9823: Function pointer *arg0 with type int (*)(struct pci_dev *, struct pm_message ) is called, but no possible target functions were found. (CFunctionPointerResolver.getTargets, WARNING)

line 14140: Function pointer *(cmd->scsi_done) with type void (*)(struct scsi_cmnd *) is called, but no possible target functions were found. (CFunctionPointerResolver.getTargets, WARNING)

Using unsound approximation of ints with unbounded integers and floats with unbounded integers for encoding program semantics. (PredicateCPA:FormulaManagerView.<init>, WARNING)

Using predicate analysis with Princess 2023-04-07. (PredicateCPA:PredicateCPA.<init>, INFO)

Using unsound approximation of ints with unbounded integers and floats with unbounded integers for encoding program semantics. (AssumptionStorageCPA:FormulaManagerView.<init>, WARNING)

The following configuration options were specified but are not used:
 proveroptions.option 
 (CPAchecker.printConfigurationWarnings, WARNING)

Starting analysis ... (CPAchecker.runAlgorithm, INFO)

Recursion detected, aborting. To ignore recursion, add -skipRecursion to the command line. (TargetLocationProvider:CallstackCPA:CallstackTransferRelation.getAbstractSuccessorsForEdge, INFO)

Recursion detected. Defaulting to selecting all locations as potential target locations. (TargetLocationProvider:TargetLocationProviderImpl.tryGetAutomatonTargetLocations, INFO)

Creating formula for program (AbstractBMCAlgorithm.run, INFO)

Exception in thread "main" org.sosy_lab.java_smt.basicimpl.GeneratorException: Modular Congruence is not available in SMTLIB2. 
	at org.sosy_lab.java_smt.basicimpl.AbstractNumeralFormulaManager.modularCongruence(AbstractNumeralFormulaManager.java:361)
	at org.sosy_lab.java_smt.solvers.princess.PrincessIntegerFormulaManager.modularCongruence(PrincessIntegerFormulaManager.java:22)
	at org.sosy_lab.cpachecker.util.predicates.smt.IntegerFormulaManagerView.modularCongruence(IntegerFormulaManagerView.java:35)
	at org.sosy_lab.cpachecker.util.predicates.smt.FormulaManagerView.makeModularCongruence(FormulaManagerView.java:688)
	at org.sosy_lab.cpachecker.util.predicates.smt.FormulaManagerView.makeModularCongruence(FormulaManagerView.java:670)
	at org.sosy_lab.cpachecker.util.predicates.pathformula.pointeraliasing.PointerTargetSetManager.makeBaseAddressConstraints(PointerTargetSetManager.java:653)
	at org.sosy_lab.cpachecker.util.predicates.pathformula.pointeraliasing.PointerTargetSetBuilder$RealPointerTargetSetBuilder.addNextBaseAddressConstraints(PointerTargetSetBuilder.java:286)
	at org.sosy_lab.cpachecker.util.predicates.pathformula.pointeraliasing.CToFormulaConverterWithPointerAliasing.declareSharedBase(CToFormulaConverterWithPointerAliasing.java:437)
	at org.sosy_lab.cpachecker.util.predicates.pathformula.pointeraliasing.CToFormulaConverterWithPointerAliasing.makeDeclaration(CToFormulaConverterWithPointerAliasing.java:1001)
	at org.sosy_lab.cpachecker.util.predicates.pathformula.ctoformula.CtoFormulaConverter.createFormulaForEdge(CtoFormulaConverter.java:1231)
	at org.sosy_lab.cpachecker.util.predicates.pathformula.ctoformula.CtoFormulaConverter.makeAnd(CtoFormulaConverter.java:1049)
	at org.sosy_lab.cpachecker.util.predicates.pathformula.PathFormulaManagerImpl.makeAnd(PathFormulaManagerImpl.java:246)
	at org.sosy_lab.cpachecker.util.predicates.pathformula.PathFormulaManagerImpl.makeAnd(PathFormulaManagerImpl.java:300)
	at org.sosy_lab.cpachecker.cpa.predicate.PredicateTransferRelation.convertEdgeToPathFormula(PredicateTransferRelation.java:203)
	at org.sosy_lab.cpachecker.cpa.predicate.PredicateTransferRelation.getAbstractSuccessorsForEdge(PredicateTransferRelation.java:113)
	at org.sosy_lab.cpachecker.cpa.composite.CompositeTransferRelation.callTransferRelation(CompositeTransferRelation.java:297)
	at org.sosy_lab.cpachecker.cpa.composite.CompositeTransferRelation.getAbstractSuccessorForSimpleEdge(CompositeTransferRelation.java:264)
	at org.sosy_lab.cpachecker.cpa.composite.CompositeTransferRelation.getAbstractSuccessorForEdge(CompositeTransferRelation.java:196)
	at org.sosy_lab.cpachecker.cpa.composite.CompositeTransferRelation.getAbstractSuccessors(CompositeTransferRelation.java:88)
	at org.sosy_lab.cpachecker.cpa.arg.ARGTransferRelation.getAbstractSuccessors(ARGTransferRelation.java:45)
	at org.sosy_lab.cpachecker.core.algorithm.CPAAlgorithm.handleState(CPAAlgorithm.java:334)
	at org.sosy_lab.cpachecker.core.algorithm.CPAAlgorithm.run0(CPAAlgorithm.java:289)
	at org.sosy_lab.cpachecker.core.algorithm.CPAAlgorithm.run(CPAAlgorithm.java:260)
	at org.sosy_lab.cpachecker.core.algorithm.bmc.BMCHelper.unroll(BMCHelper.java:192)
	at org.sosy_lab.cpachecker.core.algorithm.bmc.AbstractBMCAlgorithm.run(AbstractBMCAlgorithm.java:427)
	at org.sosy_lab.cpachecker.core.algorithm.bmc.BMCAlgorithm.run(BMCAlgorithm.java:130)
	at org.sosy_lab.cpachecker.core.CPAchecker.runAlgorithm(CPAchecker.java:507)
	at org.sosy_lab.cpachecker.core.CPAchecker.run(CPAchecker.java:369)
	at org.sosy_lab.cpachecker.cmdline.CPAMain.main(CPAMain.java:170)
