scripts/cpa.sh -heap 13000M -stack 50M -noout -benchmark -bmc -setprop cpa.predicate.useArraysForHeap=false -setprop cpa.predicate.memoryAllocationsAlwaysSucceed=true -setprop cpa.loopbound.maxLoopIterations=1 -setprop cpa.predicate.encodeFloatAs=INTEGER -setprop cpa.predicate.encodeBitvectorAs=INTEGER -setprop solver.solver=princess -timelimit 900s -stats -spec test/programs/benchmarks/properties/unreach-call.prp -32 test/programs/benchmarks/product-lines/minepump_spec1_product18.cil.c


--------------------------------------------------------------------------------


Running CPAchecker with Java heap of size 13000M.
Running CPAchecker with Java stack of size 50M.
Language C detected and set for analysis (CPAMain.detectFrontendLanguageIfNecessary, INFO)

Using the following resource limits: CPU-time limit of 900s (ResourceLimitChecker.fromConfiguration, INFO)

CPAchecker 2.3.1-svn-45350M / bmc (OpenJDK 64-Bit Server VM 17.0.8.1) started (CPAchecker.run, INFO)

Parsing CFA from file(s) "test/programs/benchmarks/product-lines/minepump_spec1_product18.cil.c" (CPAchecker.parse, INFO)

line 90: Dead code detected: return (retValue_acc); (CFACreationUtils.addEdgeToCFA, INFO)

line 113: Dead code detected: return (retValue_acc); (CFACreationUtils.addEdgeToCFA, INFO)

line 214: Dead code detected: return (retValue_acc); (CFACreationUtils.addEdgeToCFA, INFO)

line 308: Dead code detected: return (retValue_acc); (CFACreationUtils.addEdgeToCFA, INFO)

line 317: Dead code detected: return (retValue_acc); (CFACreationUtils.addEdgeToCFA, INFO)

line 372: Dead code detected: return (retValue_acc); (CFACreationUtils.addEdgeToCFA, INFO)

line 767: Dead code detected: return (retValue_acc); (CFACreationUtils.addEdgeToCFA, INFO)

line 813: Dead code detected: return (retValue_acc); (CFACreationUtils.addEdgeToCFA, INFO)

line 871: Dead code detected: return (retValue_acc); (CFACreationUtils.addEdgeToCFA, INFO)

line 903: Dead code detected: return (retValue_acc); (CFACreationUtils.addEdgeToCFA, INFO)

line 912: Dead code detected: return (retValue_acc); (CFACreationUtils.addEdgeToCFA, INFO)

line 604: Function pointer *__cil_tmp10 with type int (*)(int, int) is called, but no possible target functions were found. (CFunctionPointerResolver.getTargets, WARNING)

Using unsound approximation of ints with unbounded integers and floats with unbounded integers for encoding program semantics. (PredicateCPA:FormulaManagerView.<init>, WARNING)

Using predicate analysis with Princess 2023-04-07. (PredicateCPA:PredicateCPA.<init>, INFO)

Using unsound approximation of ints with unbounded integers and floats with unbounded integers for encoding program semantics. (AssumptionStorageCPA:FormulaManagerView.<init>, WARNING)

Starting analysis ... (CPAchecker.runAlgorithm, INFO)

Creating formula for program (AbstractBMCAlgorithm.run, INFO)

Starting satisfiability check... (AbstractBMCAlgorithm.boundedModelCheck, INFO)

Starting assertions check... (AbstractBMCAlgorithm.checkBoundingAssertions, INFO)

Terminating because none of the following CPAs' precision can be adjusted any further  LoopBoundCPA (AbstractBMCAlgorithm.adjustConditions, INFO)

Stopping analysis ... (CPAchecker.runAlgorithm, INFO)

Analysis incomplete: no errors found, but not everything could be checked. (CPAchecker.analyzeResult, WARNING)


PredicateCPA statistics
-----------------------
Number of abstractions:            0 (0% of all post computations)
Number of strengthen sat checks:   0
Number of coverage checks:         10
  BDD entailment checks:           0
Number of SMT sat checks:          0
  trivial:                         0
  cached:                          0

Max ABE block size:                       0
Avg ABE block size:                                0.00 (sum: 0, count: 0, min: 0, max: 0)
Number of predicates discovered:          0

Time for post operator:                                0.068s
  Time for path formula creation:                      0.068s
Time for strengthen operator:                          0.003s
Time for prec operator:                                0.001s
Time for merge operator:                               0.004s
Time for coverage checks:                              0.000s
Total time for SMT solver (w/o itp):     0.000s

Total number of created targets for pointer analysis: 0



KeyValue statistics
-------------------
Init. function predicates:                         0
Init. global predicates:                           0
Init. location predicates:                         0

Invariant Generation statistics
-------------------------------

Bounds CPA statistics
---------------------
Bound k:                                           1
Maximum loop iteration reached:                    2


ValueAnalysisCPA statistics
---------------------------
Number of variables per state:                     5.07 (sum: 862, count: 170, min: 0, max: 9)
Number of global variables per state:              3.78 (sum: 643, count: 170, min: 0, max: 6)
Number of assumptions:                                   42
Number of deterministic assumptions:                      0
Level of Determinism:                              0%

ValueAnalysisPrecisionAdjustment statistics
-------------------------------------------
Number of abstraction computations:                     174
Total time for liveness abstraction:                   0.000s
Total time for abstraction computation:                0.010s
Total time for path thresholds:                        0.000s

ConstraintsStrengthenOperator statistics
----------------------------------------
Total time for strengthening by ConstraintsCPA:     0.000s
Replaced symbolic expressions: 0

AutomatonAnalysis (SVCOMP) statistics
-------------------------------------
Number of states:                                  1
Total time for successor computation:                  0.002s
Automaton transfers with branching:                0
Automaton transfer successors:                     1.00 (sum: 174, count: 174, min: 1, max: 1) [1 x 174]
Number of states with assumption transitions:      0

CPA algorithm statistics
------------------------
Number of iterations:            170
Max size of waitlist:            3
Average size of waitlist:        1
LoopstackSortedWaitlist:                           0.00 (sum: 0, count: 153, min: 0, max: 0)
ReversePostorderSortedWaitlist:                    0.00 (sum: 0, count: 153, min: 0, max: 0)
LoopIterationSortedWaitlist:                       0.00 (sum: 0, count: 153, min: 0, max: 0)
CallstackSortedWaitlist:                           17.00 (sum: 17, count: 1, min: 17, max: 17)
Number of computed successors:   174
Max successors for one state:    2
Number of times merged:          5
Number of times stopped:         5
Number of times breaked:         0

Total time for CPA algorithm:         0.144s (Max:     0.144s)
  Time for choose from waitlist:      0.004s
  Time for precision adjustment:      0.029s
  Time for transfer relation:         0.101s
  Time for merge operator:            0.006s
  Time for stop operator:             0.001s
  Time for adding to reached set:     0.003s

BMC algorithm statistics
------------------------
Time for BMC formula creation:                       0.146s
Time for final sat check:                            0.140s
Time for bounding assertions check:                  0.371s

CPAchecker general statistics
-----------------------------
Number of program locations:                       602
Number of CFA edges (per node):                         639 (count: 602, min: 0, max: 8, avg: 1.06)
Number of relevant variables:                      117
Number of functions:                               36
Number of loops (and loop nodes):                         5 (sum: 82, min: 8, max: 24, avg: 16.40)
Size of reached set:             170
  Number of reached locations:   169 (28%)
    Avg states per location:     1
    Max states per location:     2 (at node N212)
  Number of reached functions:   16 (44%)
  Number of partitions:          170
    Avg size of partitions:      1
    Max size of partitions:      1
  Number of target states:       0

Time for analysis setup:          2.326s
  Time for loading CPAs:          1.247s
  Time for loading parser:        0.208s
  Time for CFA construction:      0.808s
    Time for parsing file(s):     0.416s
    Time for AST to CFA:          0.217s
    Time for CFA sanity check:    0.000s
    Time for post-processing:     0.118s
    Time for loop structure:      0.007s
    Time for AST structure:       0.000s
      Time for function pointers resolving:            0.005s
        Function calls via function pointers:             1 (count: 1, min: 1, max: 1, avg: 1.00)
        Instrumented function pointer calls:              0 (count: 1, min: 0, max: 0, avg: 0.00)
        Function calls with function pointer arguments:        0 (count: 1, min: 0, max: 0, avg: 0.00)
        Instrumented function pointer arguments:          0 (count: 1, min: 0, max: 0, avg: 0.00)
      Time for classifying variables:                  0.070s
        Time for collecting variables:                 0.041s
        Time for solving dependencies:                 0.001s
        Time for building hierarchy:                   0.000s
        Time for building classification:              0.028s
        Time for exporting data:                       0.000s
Time for Analysis:                0.780s
CPU time for analysis:            1.550s
Time for analyzing result:        0.001s
Total time for CPAchecker:        3.107s
Total CPU time for CPAchecker:    6.060s
Time for statistics:              0.054s

Time for Garbage Collector:       0.057s (in 7 runs)
Garbage Collector(s) used:    G1 Old Generation, G1 Young Generation

Verification result: UNKNOWN, incomplete analysis.
More details about the verification run can be found in the directory "./output".
