scripts/cpa.sh -heap 13000M -stack 50M -noout -benchmark -bmc -setprop cpa.predicate.useArraysForHeap=false -setprop cpa.predicate.memoryAllocationsAlwaysSucceed=true -setprop cpa.loopbound.maxLoopIterations=1 -setprop cpa.predicate.encodeFloatAs=INTEGER -setprop cpa.predicate.encodeBitvectorAs=INTEGER -setprop solver.solver=princess_binary -setprop proveroptions.option=use_binary -timelimit 900s -stats -spec test/programs/benchmarks/properties/unreach-call.prp -32 test/programs/benchmarks/nla-digbench-scaling/geo3-ll_valuebound5.c


--------------------------------------------------------------------------------


Running CPAchecker with Java heap of size 13000M.
Running CPAchecker with Java stack of size 50M.
Language C detected and set for analysis (CPAMain.detectFrontendLanguageIfNecessary, INFO)

Using the following resource limits: CPU-time limit of 900s (ResourceLimitChecker.fromConfiguration, INFO)

CPAchecker 2.3.1-svn-45350M / bmc (OpenJDK 64-Bit Server VM 17.0.8.1) started (CPAchecker.run, INFO)

Parsing CFA from file(s) "test/programs/benchmarks/nla-digbench-scaling/geo3-ll_valuebound5.c" (CPAchecker.parse, INFO)

Using unsound approximation of ints with unbounded integers and floats with unbounded integers for encoding program semantics. (PredicateCPA:FormulaManagerView.<init>, WARNING)

Using predicate analysis with Princess 2023-04-07. (PredicateCPA:PredicateCPA.<init>, INFO)

Using unsound approximation of ints with unbounded integers and floats with unbounded integers for encoding program semantics. (AssumptionStorageCPA:FormulaManagerView.<init>, WARNING)

The following configuration options were specified but are not used:
 proveroptions.option 
 (CPAchecker.printConfigurationWarnings, WARNING)

Starting analysis ... (CPAchecker.runAlgorithm, INFO)

Creating formula for program (AbstractBMCAlgorithm.run, INFO)

Starting satisfiability check... (AbstractBMCAlgorithm.boundedModelCheck, INFO)

Error found, creating error path (AbstractBMCAlgorithm.analyzeCounterexample0, INFO)

{__VERIFIER_assert::cond@2 -> 0, main::az@3 -> 2, main::c@3 -> 1, main::y@3 -> 1, main::x@3 -> 1, assume_abort_if_not::cond@4 -> 1, main::__CPAchecker_TMP_2@3 -> 1, main::k@3 -> 5, __VERIFIER_nondet_int!4@ -> 5, assume_abort_if_not::cond@3 -> 1, main::__CPAchecker_TMP_1@3 -> 1, main::a@3 -> 1, __VERIFIER_nondet_int!3@ -> 1, assume_abort_if_not::cond@2 -> 1, main::__CPAchecker_TMP_0@3 -> 1, main::z@3 -> 0, __VERIFIER_nondet_int!2@ -> 0, abbrev_14_def -> true, abbrev_14 -> true, Integer_*_(2, 1) -> 4, Integer_*_(1, 0) -> 2, Integer_*_(0, 1) -> 3}
{main::az@6 -> 2, main::c@6 -> 1, main::y@6 -> 1, main::x@6 -> 0, assume_abort_if_not::cond@6 -> 1, main::k@5 -> 5, main::a@4 -> 0, main::__CPAchecker_TMP_1@3 -> 1, main::__CPAchecker_TMP_0@3 -> 1, __VERIFIER_nondet_int!4@ -> 5, main::z@3 -> 0, main::__CPAchecker_TMP_2@3 -> 1, __VERIFIER_nondet_int!2@ -> 0, assume_abort_if_not::cond@2 -> 1, assume_abort_if_not::cond@4 -> 1, __VERIFIER_nondet_int!3@ -> 0, __VERIFIER_assert::cond@2 -> 0, Integer_*_(2, 1) -> 3, Integer_*_(0, 0) -> 2}
[main::az@6: 2, main::c@6: 1, main::y@6: 1, main::x@6: 0, assume_abort_if_not::cond@6: 1, main::k@5: 5, main::a@4: 0, main::__CPAchecker_TMP_1@3: 1, main::__CPAchecker_TMP_0@3: 1, __VERIFIER_nondet_int!4@: 5, main::z@3: 0, main::__CPAchecker_TMP_2@3: 1, __VERIFIER_nondet_int!2@: 0, assume_abort_if_not::cond@2: 1, assume_abort_if_not::cond@4: 1, __VERIFIER_nondet_int!3@: 0, __VERIFIER_assert::cond@2: 0, Integer_*_(2, 1): 3, Integer_*_(0, 0): 2]
Stopping analysis ... (CPAchecker.runAlgorithm, INFO)


PredicateCPA statistics
-----------------------
Number of abstractions:            2 (2% of all post computations)
  Times abstraction was reused:    0
  Because of function entry/exit:  0 (0%)
  Because of loop head:            0 (0%)
  Because of join nodes:           0 (0%)
  Because of threshold:            0 (0%)
  Because of target state:         2 (100%)
  Times precision was empty:       2 (100%)
  Times precision was {false}:     0 (0%)
  Times result was cached:         0 (0%)
  Times cartesian abs was used:    0 (0%)
  Times boolean abs was used:      0 (0%)
  Times result was 'false':        0 (0%)
Number of strengthen sat checks:   0
Number of coverage checks:         12
  BDD entailment checks:           0
Number of SMT sat checks:          0
  trivial:                         0
  cached:                          0

Max ABE block size:                       37
Avg ABE block size:                                35.50 (sum: 71, count: 2, min: 34, max: 37)
Number of predicates discovered:          0

Time for post operator:                                0.088s
  Time for path formula creation:                      0.088s
Time for strengthen operator:                          0.006s
Time for prec operator:                                0.005s
  Time for abstraction:                  0.000s (Max:     0.000s, Count: 2)
    Solving time:                        0.000s (Max:     0.000s)
    Model enumeration time:              0.000s
    Time for BDD construction:           0.000s (Max:     0.000s)
Time for merge operator:                               0.002s
Time for coverage checks:                              0.000s
Total time for SMT solver (w/o itp):     0.000s

Total number of created targets for pointer analysis: 0



KeyValue statistics
-------------------
Init. function predicates:                         0
Init. global predicates:                           0
Init. location predicates:                         0

Invariant Generation statistics
-------------------------------

Bounds CPA statistics
---------------------
Bound k:                                           1
Maximum loop iteration reached:                    2


ValueAnalysisCPA statistics
---------------------------
Number of variables per state:                     0.75 (sum: 62, count: 83, min: 0, max: 3)
Number of global variables per state:              0.00 (sum: 0, count: 83, min: 0, max: 0)
Number of assumptions:                                   24
Number of deterministic assumptions:                      0
Level of Determinism:                              0%

ValueAnalysisPrecisionAdjustment statistics
-------------------------------------------
Number of abstraction computations:                      88
Total time for liveness abstraction:                   0.000s
Total time for abstraction computation:                0.003s
Total time for path thresholds:                        0.000s

ConstraintsStrengthenOperator statistics
----------------------------------------
Total time for strengthening by ConstraintsCPA:     0.000s
Replaced symbolic expressions: 0

AutomatonAnalysis (SVCOMP) statistics
-------------------------------------
Number of states:                                  1
Total time for successor computation:                  0.005s
Automaton transfers with branching:                0
Automaton transfer successors:                     0.95 (sum: 88, count: 93, min: 0, max: 1) [0 x 5, 1 x 88]
Number of states with assumption transitions:      0

CPA algorithm statistics
------------------------
Number of iterations:            83
Max size of waitlist:            3
Average size of waitlist:        1
LoopstackSortedWaitlist:                           0.17 (sum: 11, count: 63, min: 0, max: 4)
ReversePostorderSortedWaitlist:                    0.00 (sum: 0, count: 63, min: 0, max: 0)
LoopIterationSortedWaitlist:                       0.17 (sum: 11, count: 63, min: 0, max: 4)
CallstackSortedWaitlist:                           20.00 (sum: 20, count: 1, min: 20, max: 20)
Number of computed successors:   88
Max successors for one state:    2
Number of times merged:          6
Number of times stopped:         6
Number of times breaked:         0

Total time for CPA algorithm:         0.183s (Max:     0.183s)
  Time for choose from waitlist:      0.005s
  Time for precision adjustment:      0.021s
  Time for transfer relation:         0.138s
  Time for merge operator:            0.007s
  Time for stop operator:             0.001s
  Time for adding to reached set:     0.005s

BMC algorithm statistics
------------------------
Time for BMC formula creation:                       0.184s
Time for final sat check:                            0.519s
Time for error-path creation:                        0.097s
Time for error-path post-processing:                 0.145s

CPAchecker general statistics
-----------------------------
Number of program locations:                       72
Number of CFA edges (per node):                          77 (count: 72, min: 0, max: 3, avg: 1.07)
Number of relevant variables:                      12
Number of functions:                               4
Number of loops (and loop nodes):                         1 (sum: 7, min: 7, max: 7, avg: 7.00)
Size of reached set:             83
  Number of reached locations:   65 (90%)
    Avg states per location:     1
    Max states per location:     3 (at node N4)
  Number of reached functions:   4 (100%)
  Number of partitions:          83
    Avg size of partitions:      1
    Max size of partitions:      1
  Number of target states:       2

Time for analysis setup:          2.042s
  Time for loading CPAs:          1.133s
  Time for loading parser:        0.206s
  Time for CFA construction:      0.629s
    Time for parsing file(s):     0.323s
    Time for AST to CFA:          0.164s
    Time for CFA sanity check:    0.000s
    Time for post-processing:     0.104s
    Time for loop structure:      0.006s
    Time for AST structure:       0.000s
      Time for function pointers resolving:            0.005s
        Function calls via function pointers:             0 (count: 1, min: 0, max: 0, avg: 0.00)
        Instrumented function pointer calls:              0 (count: 1, min: 0, max: 0, avg: 0.00)
        Function calls with function pointer arguments:        0 (count: 1, min: 0, max: 0, avg: 0.00)
        Instrumented function pointer arguments:          0 (count: 1, min: 0, max: 0, avg: 0.00)
      Time for classifying variables:                  0.051s
        Time for collecting variables:                 0.030s
        Time for solving dependencies:                 0.000s
        Time for building hierarchy:                   0.000s
        Time for building classification:              0.021s
        Time for exporting data:                       0.000s
Time for Analysis:                1.085s
CPU time for analysis:            2.130s
Time for analyzing result:        0.001s
Total time for CPAchecker:        3.129s
Total CPU time for CPAchecker:    6.100s
Time for statistics:              0.056s

Time for Garbage Collector:       0.057s (in 7 runs)
Garbage Collector(s) used:    G1 Old Generation, G1 Young Generation

Verification result: FALSE. Property violation (unreach-call: reach_error(); called in line 17) found by chosen configuration.
More details about the verification run can be found in the directory "./output".
