scripts/cpa.sh -heap 13000M -stack 50M -noout -benchmark -bmc -setprop cpa.predicate.useArraysForHeap=false -setprop cpa.predicate.memoryAllocationsAlwaysSucceed=true -setprop cpa.loopbound.maxLoopIterations=1 -setprop cpa.predicate.encodeFloatAs=INTEGER -setprop cpa.predicate.encodeBitvectorAs=INTEGER -setprop solver.solver=princess -timelimit 900s -stats -spec test/programs/benchmarks/properties/unreach-call.prp -32 test/programs/benchmarks/product-lines/minepump_spec1_product53.cil.c


--------------------------------------------------------------------------------


Running CPAchecker with Java heap of size 13000M.
Running CPAchecker with Java stack of size 50M.
Language C detected and set for analysis (CPAMain.detectFrontendLanguageIfNecessary, INFO)

Using the following resource limits: CPU-time limit of 900s (ResourceLimitChecker.fromConfiguration, INFO)

CPAchecker 2.3.1-svn-45350M / bmc (OpenJDK 64-Bit Server VM 17.0.8.1) started (CPAchecker.run, INFO)

Parsing CFA from file(s) "test/programs/benchmarks/product-lines/minepump_spec1_product53.cil.c" (CPAchecker.parse, INFO)

line 404: Dead code detected: return (retValue_acc); (CFACreationUtils.addEdgeToCFA, INFO)

line 450: Dead code detected: return (retValue_acc); (CFACreationUtils.addEdgeToCFA, INFO)

line 554: Dead code detected: return (retValue_acc); (CFACreationUtils.addEdgeToCFA, INFO)

line 700: Dead code detected: return (retValue_acc); (CFACreationUtils.addEdgeToCFA, INFO)

line 709: Dead code detected: return (retValue_acc); (CFACreationUtils.addEdgeToCFA, INFO)

line 764: Dead code detected: return (retValue_acc); (CFACreationUtils.addEdgeToCFA, INFO)

line 783: Dead code detected: return (retValue_acc); (CFACreationUtils.addEdgeToCFA, INFO)

line 860: Dead code detected: return (retValue_acc); (CFACreationUtils.addEdgeToCFA, INFO)

line 883: Dead code detected: return (retValue_acc); (CFACreationUtils.addEdgeToCFA, INFO)

line 932: Dead code detected: return (retValue_acc); (CFACreationUtils.addEdgeToCFA, INFO)

line 964: Dead code detected: return (retValue_acc); (CFACreationUtils.addEdgeToCFA, INFO)

line 978: Dead code detected: return (retValue_acc); (CFACreationUtils.addEdgeToCFA, INFO)

line 987: Dead code detected: return (retValue_acc); (CFACreationUtils.addEdgeToCFA, INFO)

line 241: Function pointer *__cil_tmp10 with type int (*)(int, int) is called, but no possible target functions were found. (CFunctionPointerResolver.getTargets, WARNING)

Using unsound approximation of ints with unbounded integers and floats with unbounded integers for encoding program semantics. (PredicateCPA:FormulaManagerView.<init>, WARNING)

Using predicate analysis with Princess 2023-04-07. (PredicateCPA:PredicateCPA.<init>, INFO)

Using unsound approximation of ints with unbounded integers and floats with unbounded integers for encoding program semantics. (AssumptionStorageCPA:FormulaManagerView.<init>, WARNING)

Starting analysis ... (CPAchecker.runAlgorithm, INFO)

Creating formula for program (AbstractBMCAlgorithm.run, INFO)

Starting satisfiability check... (AbstractBMCAlgorithm.boundedModelCheck, INFO)

Error found, creating error path (AbstractBMCAlgorithm.analyzeCounterexample0, INFO)

{__utac_acc__Specification1_spec__1::tmp___0@3 -> 1, isPumpRunning::__retval__@2 -> 1, isPumpRunning::retValue_acc@3 -> 1, __utac_acc__Specification1_spec__1::tmp@3 -> 1, isMethaneLevelCritical::__retval__@2 -> 1, isMethaneLevelCritical::retValue_acc@3 -> 1, pumpRunning@3 -> 1, processEnvironment__wrappee__highWaterSensor::tmp@3 -> 1, isHighWaterLevel::__retval__@2 -> 1, isHighWaterLevel::retValue_acc@3 -> 1, isHighWaterLevel::tmp___0@3 -> 1, isHighWaterLevel::tmp@3 -> 0, isHighWaterSensorDry::__retval__@2 -> 0, isHighWaterSensorDry::retValue_acc@3 -> 0, test::tmp___1@3 -> 0, __VERIFIER_nondet_int!5@ -> 0, test::tmp___2@3 -> 0, __VERIFIER_nondet_int!4@ -> 0, methaneLevelCritical@3 -> 1, test::tmp___0@3 -> 1, __VERIFIER_nondet_int!3@ -> 1, waterLevel@3 -> 2, test::tmp@3 -> 1, __VERIFIER_nondet_int!2@ -> 1, test::splverifierCounter@3 -> 0, main::tmp@3 -> 1, valid_product::__retval__@2 -> 1, valid_product::retValue_acc@3 -> 1, methaneLevelCritical@2 -> 0, waterLevel@2 -> 1, systemActive@2 -> 1, pumpRunning@2 -> 0, cleanupTimeShifts@2 -> 4, head@2 -> 0, abbrev_18_def -> true, abbrev_18 -> true, abbrev_16_def -> true, abbrev_16 -> true, abbrev_14_def -> true, abbrev_14 -> true}
{__utac_acc__Specification1_spec__1::tmp___0@5 -> 1, __utac_acc__Specification1_spec__1::tmp@4 -> 1, processEnvironment__wrappee__highWaterSensor::tmp@5 -> 1, isHighWaterLevel::retValue_acc@4 -> 1, isHighWaterLevel::tmp___0@4 -> 1, isHighWaterLevel::tmp@4 -> 0, test::tmp___1@5 -> 0, test::tmp___2@5 -> 0, test::tmp___0@4 -> 1, main::tmp@6 -> 1, isPumpRunning::__retval__@2 -> 1, valid_product::__retval__@2 -> 1, test::splverifierCounter@3 -> 0, isMethaneLevelCritical::__retval__@2 -> 1, waterLevel@2 -> 1, __VERIFIER_nondet_int!4@ -> 0, isPumpRunning::retValue_acc@3 -> 1, __VERIFIER_nondet_int!2@ -> 1, isHighWaterLevel::__retval__@2 -> 1, methaneLevelCritical@2 -> 0, head@2 -> 0, methaneLevelCritical@3 -> 1, test::tmp@3 -> 1, pumpRunning@2 -> 0, pumpRunning@3 -> 1, isHighWaterSensorDry::__retval__@2 -> 0, __VERIFIER_nondet_int!5@ -> 0, __VERIFIER_nondet_int!3@ -> 1, isMethaneLevelCritical::retValue_acc@3 -> 1, waterLevel@3 -> 2, valid_product::retValue_acc@3 -> 1, systemActive@2 -> 1, isHighWaterSensorDry::retValue_acc@3 -> 0, cleanupTimeShifts@2 -> 4}
[__utac_acc__Specification1_spec__1::tmp___0@5: 1, __utac_acc__Specification1_spec__1::tmp@4: 1, processEnvironment__wrappee__highWaterSensor::tmp@5: 1, isHighWaterLevel::retValue_acc@4: 1, isHighWaterLevel::tmp___0@4: 1, isHighWaterLevel::tmp@4: 0, test::tmp___1@5: 0, test::tmp___2@5: 0, test::tmp___0@4: 1, main::tmp@6: 1, isPumpRunning::__retval__@2: 1, valid_product::__retval__@2: 1, test::splverifierCounter@3: 0, isMethaneLevelCritical::__retval__@2: 1, waterLevel@2: 1, __VERIFIER_nondet_int!4@: 0, isPumpRunning::retValue_acc@3: 1, __VERIFIER_nondet_int!2@: 1, isHighWaterLevel::__retval__@2: 1, methaneLevelCritical@2: 0, head@2: 0, methaneLevelCritical@3: 1, test::tmp@3: 1, pumpRunning@2: 0, pumpRunning@3: 1, isHighWaterSensorDry::__retval__@2: 0, __VERIFIER_nondet_int!5@: 0, __VERIFIER_nondet_int!3@: 1, isMethaneLevelCritical::retValue_acc@3: 1, waterLevel@3: 2, valid_product::retValue_acc@3: 1, systemActive@2: 1, isHighWaterSensorDry::retValue_acc@3: 0, cleanupTimeShifts@2: 4]
Stopping analysis ... (CPAchecker.runAlgorithm, INFO)


PredicateCPA statistics
-----------------------
Number of abstractions:            1 (0% of all post computations)
  Times abstraction was reused:    0
  Because of function entry/exit:  0 (0%)
  Because of loop head:            0 (0%)
  Because of join nodes:           0 (0%)
  Because of threshold:            0 (0%)
  Because of target state:         1 (100%)
  Times precision was empty:       1 (100%)
  Times precision was {false}:     0 (0%)
  Times result was cached:         0 (0%)
  Times cartesian abs was used:    0 (0%)
  Times boolean abs was used:      0 (0%)
  Times result was 'false':        0 (0%)
Number of strengthen sat checks:   0
Number of coverage checks:         16
  BDD entailment checks:           0
Number of SMT sat checks:          0
  trivial:                         0
  cached:                          0

Max ABE block size:                       66
Avg ABE block size:                                66.00 (sum: 66, count: 1, min: 66, max: 66)
Number of predicates discovered:          0

Time for post operator:                                0.071s
  Time for path formula creation:                      0.070s
Time for strengthen operator:                          0.008s
Time for prec operator:                                0.001s
  Time for abstraction:                  0.001s (Max:     0.001s, Count: 1)
    Solving time:                        0.000s (Max:     0.000s)
    Model enumeration time:              0.000s
    Time for BDD construction:           0.000s (Max:     0.000s)
Time for merge operator:                               0.004s
Time for coverage checks:                              0.000s
Total time for SMT solver (w/o itp):     0.000s

Total number of created targets for pointer analysis: 0



KeyValue statistics
-------------------
Init. function predicates:                         0
Init. global predicates:                           0
Init. location predicates:                         0

Invariant Generation statistics
-------------------------------

Bounds CPA statistics
---------------------
Bound k:                                           1
Maximum loop iteration reached:                    2


ValueAnalysisCPA statistics
---------------------------
Number of variables per state:                     5.08 (sum: 1102, count: 217, min: 0, max: 9)
Number of global variables per state:              3.65 (sum: 792, count: 217, min: 0, max: 6)
Number of assumptions:                                   54
Number of deterministic assumptions:                      0
Level of Determinism:                              0%

ValueAnalysisPrecisionAdjustment statistics
-------------------------------------------
Number of abstraction computations:                     224
Total time for liveness abstraction:                   0.000s
Total time for abstraction computation:                0.005s
Total time for path thresholds:                        0.000s

ConstraintsStrengthenOperator statistics
----------------------------------------
Total time for strengthening by ConstraintsCPA:     0.000s
Replaced symbolic expressions: 0

AutomatonAnalysis (SVCOMP) statistics
-------------------------------------
Number of states:                                  1
Total time for successor computation:                  0.000s
Automaton transfers with branching:                0
Automaton transfer successors:                     1.00 (sum: 224, count: 225, min: 0, max: 1) [0, 1 x 224]
Number of states with assumption transitions:      0

CPA algorithm statistics
------------------------
Number of iterations:            217
Max size of waitlist:            3
Average size of waitlist:        1
LoopstackSortedWaitlist:                           0.00 (sum: 0, count: 188, min: 0, max: 0)
ReversePostorderSortedWaitlist:                    0.00 (sum: 0, count: 188, min: 0, max: 0)
LoopIterationSortedWaitlist:                       0.00 (sum: 0, count: 188, min: 0, max: 0)
CallstackSortedWaitlist:                           29.00 (sum: 29, count: 1, min: 29, max: 29)
Number of computed successors:   224
Max successors for one state:    2
Number of times merged:          8
Number of times stopped:         8
Number of times breaked:         0

Total time for CPA algorithm:         0.148s (Max:     0.148s)
  Time for choose from waitlist:      0.005s
  Time for precision adjustment:      0.017s
  Time for transfer relation:         0.105s
  Time for merge operator:            0.007s
  Time for stop operator:             0.004s
  Time for adding to reached set:     0.007s

BMC algorithm statistics
------------------------
Time for BMC formula creation:                       0.151s
Time for final sat check:                            0.602s
Time for error-path creation:                        0.083s
Time for error-path post-processing:                 0.253s

CPAchecker general statistics
-----------------------------
Number of program locations:                       649
Number of CFA edges (per node):                         697 (count: 649, min: 0, max: 8, avg: 1.07)
Number of relevant variables:                      127
Number of functions:                               39
Number of loops (and loop nodes):                         5 (sum: 81, min: 8, max: 23, avg: 16.20)
Size of reached set:             217
  Number of reached locations:   216 (33%)
    Avg states per location:     1
    Max states per location:     2 (at node N535)
  Number of reached functions:   22 (56%)
  Number of partitions:          217
    Avg size of partitions:      1
    Max size of partitions:      1
  Number of target states:       1

Time for analysis setup:          2.313s
  Time for loading CPAs:          1.184s
  Time for loading parser:        0.282s
  Time for CFA construction:      0.786s
    Time for parsing file(s):     0.364s
    Time for AST to CFA:          0.235s
    Time for CFA sanity check:    0.000s
    Time for post-processing:     0.121s
    Time for loop structure:      0.008s
    Time for AST structure:       0.000s
      Time for function pointers resolving:            0.005s
        Function calls via function pointers:             1 (count: 1, min: 1, max: 1, avg: 1.00)
        Instrumented function pointer calls:              0 (count: 1, min: 0, max: 0, avg: 0.00)
        Function calls with function pointer arguments:        0 (count: 1, min: 0, max: 0, avg: 0.00)
        Instrumented function pointer arguments:          0 (count: 1, min: 0, max: 0, avg: 0.00)
      Time for classifying variables:                  0.071s
        Time for collecting variables:                 0.043s
        Time for solving dependencies:                 0.001s
        Time for building hierarchy:                   0.000s
        Time for building classification:              0.027s
        Time for exporting data:                       0.000s
Time for Analysis:                1.286s
CPU time for analysis:            2.480s
Time for analyzing result:        0.001s
Total time for CPAchecker:        3.600s
Total CPU time for CPAchecker:    6.970s
Time for statistics:              0.036s

Time for Garbage Collector:       0.069s (in 8 runs)
Garbage Collector(s) used:    G1 Old Generation, G1 Young Generation

Verification result: FALSE. Property violation (unreach-call: reach_error(); called in line 83) found by chosen configuration.
More details about the verification run can be found in the directory "./output".
