scripts/cpa.sh -heap 13000M -stack 50M -noout -benchmark -bmc -setprop cpa.predicate.useArraysForHeap=false -setprop cpa.predicate.memoryAllocationsAlwaysSucceed=true -setprop cpa.loopbound.maxLoopIterations=1 -setprop cpa.predicate.encodeFloatAs=INTEGER -setprop cpa.predicate.encodeBitvectorAs=INTEGER -setprop solver.solver=princess -timelimit 900s -stats -spec test/programs/benchmarks/properties/unreach-call.prp -32 test/programs/benchmarks/product-lines/minepump_spec3_product56.cil.c


--------------------------------------------------------------------------------


Running CPAchecker with Java heap of size 13000M.
Running CPAchecker with Java stack of size 50M.
Language C detected and set for analysis (CPAMain.detectFrontendLanguageIfNecessary, INFO)

Using the following resource limits: CPU-time limit of 900s (ResourceLimitChecker.fromConfiguration, INFO)

CPAchecker 2.3.1-svn-45350M / bmc (OpenJDK 64-Bit Server VM 17.0.8.1) started (CPAchecker.run, INFO)

Parsing CFA from file(s) "test/programs/benchmarks/product-lines/minepump_spec3_product56.cil.c" (CPAchecker.parse, INFO)

line 150: Dead code detected: return (retValue_acc); (CFACreationUtils.addEdgeToCFA, INFO)

line 470: Dead code detected: return (retValue_acc); (CFACreationUtils.addEdgeToCFA, INFO)

line 516: Dead code detected: return (retValue_acc); (CFACreationUtils.addEdgeToCFA, INFO)

line 528: Dead code detected: return (retValue_acc); (CFACreationUtils.addEdgeToCFA, INFO)

line 551: Dead code detected: return (retValue_acc); (CFACreationUtils.addEdgeToCFA, INFO)

line 641: Dead code detected: return (retValue_acc); (CFACreationUtils.addEdgeToCFA, INFO)

line 673: Dead code detected: return (retValue_acc); (CFACreationUtils.addEdgeToCFA, INFO)

line 687: Dead code detected: return (retValue_acc); (CFACreationUtils.addEdgeToCFA, INFO)

line 696: Dead code detected: return (retValue_acc); (CFACreationUtils.addEdgeToCFA, INFO)

line 840: Dead code detected: return (retValue_acc); (CFACreationUtils.addEdgeToCFA, INFO)

line 849: Dead code detected: return (retValue_acc); (CFACreationUtils.addEdgeToCFA, INFO)

line 904: Dead code detected: return (retValue_acc); (CFACreationUtils.addEdgeToCFA, INFO)

line 923: Dead code detected: return (retValue_acc); (CFACreationUtils.addEdgeToCFA, INFO)

line 307: Function pointer *__cil_tmp10 with type int (*)(int, int) is called, but no possible target functions were found. (CFunctionPointerResolver.getTargets, WARNING)

Using unsound approximation of ints with unbounded integers and floats with unbounded integers for encoding program semantics. (PredicateCPA:FormulaManagerView.<init>, WARNING)

Using predicate analysis with Princess 2023-04-07. (PredicateCPA:PredicateCPA.<init>, INFO)

Using unsound approximation of ints with unbounded integers and floats with unbounded integers for encoding program semantics. (AssumptionStorageCPA:FormulaManagerView.<init>, WARNING)

Starting analysis ... (CPAchecker.runAlgorithm, INFO)

Creating formula for program (AbstractBMCAlgorithm.run, INFO)

Starting satisfiability check... (AbstractBMCAlgorithm.boundedModelCheck, INFO)

Error found, creating error path (AbstractBMCAlgorithm.analyzeCounterexample0, INFO)

{__utac_acc__Specification3_spec__1::tmp___1@3 -> 0, isPumpRunning::__retval__@2 -> 0, isPumpRunning::retValue_acc@3 -> 0, __utac_acc__Specification3_spec__1::tmp___0@3 -> 2, getWaterLevel::__retval__@2 -> 2, getWaterLevel::retValue_acc@3 -> 2, __utac_acc__Specification3_spec__1::tmp@3 -> 0, isMethaneLevelCritical::__retval__@2 -> 0, isMethaneLevelCritical::retValue_acc@3 -> 0, processEnvironment__wrappee__lowWaterSensor::tmp@2 -> 0, processEnvironment__wrappee__lowWaterSensor::tmp@1 -> 0, processEnvironment__wrappee__highWaterSensor::tmp@1 -> 0, processEnvironment::tmp@2 -> 0, processEnvironment::tmp@1 -> 0, isHighWaterSensorDry::retValue_acc@1 -> 0, isHighWaterSensorDry::__retval__@1 -> 0, isHighWaterLevel::tmp___0@1 -> 0, isHighWaterLevel::tmp@1 -> 0, isHighWaterLevel::retValue_acc@1 -> 0, isHighWaterLevel::__retval__@1 -> 0, pumpRunning@3 -> 0, processEnvironment__wrappee__highWaterSensor::tmp@3 -> 0, isHighWaterLevel::__retval__@2 -> 0, isHighWaterLevel::retValue_acc@3 -> 0, isHighWaterLevel::tmp___0@3 -> 0, isHighWaterLevel::tmp@3 -> 0, isHighWaterSensorDry::__retval__@2 -> 0, isHighWaterSensorDry::retValue_acc@3 -> 0, test::tmp___1@3 -> 1, __VERIFIER_nondet_int!5@ -> 1, systemActive@3 -> 0, test::tmp___2@3 -> 0, __VERIFIER_nondet_int!4@ -> 0, methaneLevelCritical@3 -> 0, test::tmp___0@3 -> 0, __VERIFIER_nondet_int!3@ -> 0, waterLevel@3 -> 2, test::tmp@3 -> 1, __VERIFIER_nondet_int!2@ -> 1, test::splverifierCounter@3 -> 0, main::tmp@3 -> 1, valid_product::__retval__@2 -> 1, valid_product::retValue_acc@3 -> 1, systemActive@2 -> 1, pumpRunning@2 -> 0, methaneLevelCritical@2 -> 0, waterLevel@2 -> 1, head@2 -> 0, cleanupTimeShifts@2 -> 4, abbrev_16_def -> true, abbrev_16 -> true, abbrev_14_def -> true, abbrev_14 -> true, abbrev_18_def -> false, abbrev_18 -> false}
{__utac_acc__Specification3_spec__1::tmp___1@6 -> 0, __utac_acc__Specification3_spec__1::tmp___0@5 -> 2, __utac_acc__Specification3_spec__1::tmp@4 -> 0, test::tmp___1@4 -> 1, test::tmp___2@4 -> 0, test::tmp___0@4 -> 0, main::tmp@6 -> 1, waterLevel@2 -> 1, __VERIFIER_nondet_int!4@ -> 0, getWaterLevel::__retval__@2 -> 2, methaneLevelCritical@2 -> 0, head@2 -> 0, __VERIFIER_nondet_int!5@ -> 1, waterLevel@3 -> 2, isPumpRunning::__retval__@2 -> 0, valid_product::__retval__@2 -> 1, test::splverifierCounter@3 -> 0, isMethaneLevelCritical::__retval__@2 -> 0, isPumpRunning::retValue_acc@3 -> 0, __VERIFIER_nondet_int!2@ -> 1, test::tmp@3 -> 1, pumpRunning@2 -> 0, getWaterLevel::retValue_acc@3 -> 2, __VERIFIER_nondet_int!3@ -> 0, isMethaneLevelCritical::retValue_acc@3 -> 0, systemActive@3 -> 0, valid_product::retValue_acc@3 -> 1, systemActive@2 -> 1, cleanupTimeShifts@2 -> 4}
[__utac_acc__Specification3_spec__1::tmp___1@6: 0, __utac_acc__Specification3_spec__1::tmp___0@5: 2, __utac_acc__Specification3_spec__1::tmp@4: 0, test::tmp___1@4: 1, test::tmp___2@4: 0, test::tmp___0@4: 0, main::tmp@6: 1, waterLevel@2: 1, __VERIFIER_nondet_int!4@: 0, getWaterLevel::__retval__@2: 2, methaneLevelCritical@2: 0, head@2: 0, __VERIFIER_nondet_int!5@: 1, waterLevel@3: 2, isPumpRunning::__retval__@2: 0, valid_product::__retval__@2: 1, test::splverifierCounter@3: 0, isMethaneLevelCritical::__retval__@2: 0, isPumpRunning::retValue_acc@3: 0, __VERIFIER_nondet_int!2@: 1, test::tmp@3: 1, pumpRunning@2: 0, getWaterLevel::retValue_acc@3: 2, __VERIFIER_nondet_int!3@: 0, isMethaneLevelCritical::retValue_acc@3: 0, systemActive@3: 0, valid_product::retValue_acc@3: 1, systemActive@2: 1, cleanupTimeShifts@2: 4]
Stopping analysis ... (CPAchecker.runAlgorithm, INFO)


PredicateCPA statistics
-----------------------
Number of abstractions:            1 (0% of all post computations)
  Times abstraction was reused:    0
  Because of function entry/exit:  0 (0%)
  Because of loop head:            0 (0%)
  Because of join nodes:           0 (0%)
  Because of threshold:            0 (0%)
  Because of target state:         1 (100%)
  Times precision was empty:       1 (100%)
  Times precision was {false}:     0 (0%)
  Times result was cached:         0 (0%)
  Times cartesian abs was used:    0 (0%)
  Times boolean abs was used:      0 (0%)
  Times result was 'false':        0 (0%)
Number of strengthen sat checks:   0
Number of coverage checks:         20
  BDD entailment checks:           0
Number of SMT sat checks:          0
  trivial:                         0
  cached:                          0

Max ABE block size:                       74
Avg ABE block size:                                74.00 (sum: 74, count: 1, min: 74, max: 74)
Number of predicates discovered:          0

Time for post operator:                                0.073s
  Time for path formula creation:                      0.073s
Time for strengthen operator:                          0.002s
Time for prec operator:                                0.001s
  Time for abstraction:                  0.000s (Max:     0.000s, Count: 1)
    Solving time:                        0.000s (Max:     0.000s)
    Model enumeration time:              0.000s
    Time for BDD construction:           0.000s (Max:     0.000s)
Time for merge operator:                               0.007s
Time for coverage checks:                              0.000s
Total time for SMT solver (w/o itp):     0.000s

Total number of created targets for pointer analysis: 0



KeyValue statistics
-------------------
Init. function predicates:                         0
Init. global predicates:                           0
Init. location predicates:                         0

Invariant Generation statistics
-------------------------------

Bounds CPA statistics
---------------------
Bound k:                                           1
Maximum loop iteration reached:                    2


ValueAnalysisCPA statistics
---------------------------
Number of variables per state:                     5.00 (sum: 1206, count: 241, min: 0, max: 9)
Number of global variables per state:              3.30 (sum: 795, count: 241, min: 0, max: 6)
Number of assumptions:                                   58
Number of deterministic assumptions:                      0
Level of Determinism:                              0%

ValueAnalysisPrecisionAdjustment statistics
-------------------------------------------
Number of abstraction computations:                     250
Total time for liveness abstraction:                   0.000s
Total time for abstraction computation:                0.009s
Total time for path thresholds:                        0.000s

ConstraintsStrengthenOperator statistics
----------------------------------------
Total time for strengthening by ConstraintsCPA:     0.000s
Replaced symbolic expressions: 0

AutomatonAnalysis (SVCOMP) statistics
-------------------------------------
Number of states:                                  1
Total time for successor computation:                  0.002s
Automaton transfers with branching:                0
Automaton transfer successors:                     1.00 (sum: 250, count: 251, min: 0, max: 1) [0, 1 x 250]
Number of states with assumption transitions:      0

CPA algorithm statistics
------------------------
Number of iterations:            241
Max size of waitlist:            3
Average size of waitlist:        1
LoopstackSortedWaitlist:                           0.00 (sum: 0, count: 204, min: 0, max: 0)
ReversePostorderSortedWaitlist:                    0.00 (sum: 0, count: 204, min: 0, max: 0)
LoopIterationSortedWaitlist:                       0.00 (sum: 0, count: 204, min: 0, max: 0)
CallstackSortedWaitlist:                           37.00 (sum: 37, count: 1, min: 37, max: 37)
Number of computed successors:   250
Max successors for one state:    2
Number of times merged:          10
Number of times stopped:         10
Number of times breaked:         0

Total time for CPA algorithm:         0.162s (Max:     0.162s)
  Time for choose from waitlist:      0.004s
  Time for precision adjustment:      0.018s
  Time for transfer relation:         0.113s
  Time for merge operator:            0.012s
  Time for stop operator:             0.003s
  Time for adding to reached set:     0.009s

BMC algorithm statistics
------------------------
Time for BMC formula creation:                       0.164s
Time for final sat check:                            0.694s
Time for error-path creation:                        0.091s
Time for error-path post-processing:                 0.191s

CPAchecker general statistics
-----------------------------
Number of program locations:                       669
Number of CFA edges (per node):                         721 (count: 669, min: 0, max: 8, avg: 1.08)
Number of relevant variables:                      130
Number of functions:                               41
Number of loops (and loop nodes):                         5 (sum: 83, min: 8, max: 25, avg: 16.60)
Size of reached set:             241
  Number of reached locations:   240 (36%)
    Avg states per location:     1
    Max states per location:     2 (at node N641)
  Number of reached functions:   25 (61%)
  Number of partitions:          241
    Avg size of partitions:      1
    Max size of partitions:      1
  Number of target states:       1

Time for analysis setup:          2.257s
  Time for loading CPAs:          1.179s
  Time for loading parser:        0.240s
  Time for CFA construction:      0.781s
    Time for parsing file(s):     0.370s
    Time for AST to CFA:          0.234s
    Time for CFA sanity check:    0.000s
    Time for post-processing:     0.122s
    Time for loop structure:      0.008s
    Time for AST structure:       0.000s
      Time for function pointers resolving:            0.005s
        Function calls via function pointers:             1 (count: 1, min: 1, max: 1, avg: 1.00)
        Instrumented function pointer calls:              0 (count: 1, min: 0, max: 0, avg: 0.00)
        Function calls with function pointer arguments:        0 (count: 1, min: 0, max: 0, avg: 0.00)
        Instrumented function pointer arguments:          0 (count: 1, min: 0, max: 0, avg: 0.00)
      Time for classifying variables:                  0.072s
        Time for collecting variables:                 0.043s
        Time for solving dependencies:                 0.001s
        Time for building hierarchy:                   0.000s
        Time for building classification:              0.028s
        Time for exporting data:                       0.000s
Time for Analysis:                1.336s
CPU time for analysis:            2.550s
Time for analyzing result:        0.001s
Total time for CPAchecker:        3.594s
Total CPU time for CPAchecker:    6.850s
Time for statistics:              0.038s

Time for Garbage Collector:       0.078s (in 8 runs)
Garbage Collector(s) used:    G1 Old Generation, G1 Young Generation

Verification result: FALSE. Property violation (unreach-call: reach_error(); called in line 1023) found by chosen configuration.
More details about the verification run can be found in the directory "./output".
