scripts/cpa.sh -heap 13000M -stack 50M -noout -benchmark -bmc -setprop cpa.predicate.useArraysForHeap=false -setprop cpa.predicate.memoryAllocationsAlwaysSucceed=true -setprop cpa.loopbound.maxLoopIterations=1 -setprop cpa.predicate.encodeFloatAs=INTEGER -setprop cpa.predicate.encodeBitvectorAs=INTEGER -setprop solver.solver=princess_binary -setprop proveroptions.option=use_binary -timelimit 900s -stats -spec test/programs/benchmarks/properties/unreach-call.prp -64 test/programs/benchmarks/ldv-challenges/linux-3.14_complex_emg_linux-alloc-spinlock_drivers-media-pci-zoran-zr36067.cil.i


--------------------------------------------------------------------------------


Running CPAchecker with Java heap of size 13000M.
Running CPAchecker with Java stack of size 50M.
Language C detected and set for analysis (CPAMain.detectFrontendLanguageIfNecessary, INFO)

Using the following resource limits: CPU-time limit of 900s (ResourceLimitChecker.fromConfiguration, INFO)

CPAchecker 2.3.1-svn-45350M / bmc (OpenJDK 64-Bit Server VM 17.0.8.1) started (CPAchecker.run, INFO)

Parsing CFA from file(s) "test/programs/benchmarks/ldv-challenges/linux-3.14_complex_emg_linux-alloc-spinlock_drivers-media-pci-zoran-zr36067.cil.i" (CPAchecker.parse, INFO)

line 5811: Dead code detected: goto case_1; (CFACreationUtils.addEdgeToCFA, INFO)

line 5815: Dead code detected: goto case_2; (CFACreationUtils.addEdgeToCFA, INFO)

line 5819: Dead code detected: goto case_4; (CFACreationUtils.addEdgeToCFA, INFO)

line 5826: Dead code detected: goto switch_default; (CFACreationUtils.addEdgeToCFA, INFO)

Dead code detected: Label switch_break is not reachable. (CFAFunctionBuilder.leave, INFO)

Dead code detected: Label switch_default is not reachable. (CFAFunctionBuilder.leave, INFO)

Dead code detected: Label case_4 is not reachable. (CFAFunctionBuilder.leave, INFO)

Dead code detected: Label case_1 is not reachable. (CFAFunctionBuilder.leave, INFO)

Dead code detected: Label case_2 is not reachable. (CFAFunctionBuilder.leave, INFO)

Dead code detected: Label switch_break is not reachable. (CFAFunctionBuilder.leave, INFO)

Dead code detected: Label switch_break is not reachable. (CFAFunctionBuilder.leave, INFO)

Dead code detected: Label switch_break is not reachable. (CFAFunctionBuilder.leave, INFO)

Dead code detected: Label switch_break is not reachable. (CFAFunctionBuilder.leave, INFO)

line 8015: Dead code detected: __ms = 1UL; (CFACreationUtils.addEdgeToCFA, INFO)

line 8038: Dead code detected: __ms___0 = 1UL; (CFACreationUtils.addEdgeToCFA, INFO)

Dead code detected: Label switch_break is not reachable. (CFAFunctionBuilder.leave, INFO)

Dead code detected: Label switch_break is not reachable. (CFAFunctionBuilder.leave, INFO)

Dead code detected: Label switch_break is not reachable. (CFAFunctionBuilder.leave, INFO)

Dead code detected: Label switch_break is not reachable. (CFAFunctionBuilder.leave, INFO)

Dead code detected: Label switch_break is not reachable. (CFAFunctionBuilder.leave, INFO)

Dead code detected: Label switch_break is not reachable. (CFAFunctionBuilder.leave, INFO)

Dead code detected: Label switch_break is not reachable. (CFAFunctionBuilder.leave, INFO)

Dead code detected: Label switch_break is not reachable. (CFAFunctionBuilder.leave, INFO)

line 22224: Dead code detected: return (arg0); (CFACreationUtils.addEdgeToCFA, INFO)

line 22851: Dead code detected: return; (CFACreationUtils.addEdgeToCFA, INFO)

line 23295: Dead code detected: return; (CFACreationUtils.addEdgeToCFA, INFO)

line 23328: Dead code detected: return (arg0); (CFACreationUtils.addEdgeToCFA, INFO)

line 24211: Dead code detected: return (ldv_func_res); (CFACreationUtils.addEdgeToCFA, INFO)

line 24238: Dead code detected: return (ldv_func_res); (CFACreationUtils.addEdgeToCFA, INFO)

Inline assembler ignored, analysis is probably unsound! (CFABuilder.createCFA, WARNING)

line 9305: Function pointer *(zr->codec->control) with type int (*)(struct videocodec *, int, int, void *) is called, but no possible target functions were found. (CFunctionPointerResolver.getTargets, WARNING)

line 23046: Function pointer *arg0 with type int (*)(struct pci_dev *, struct pm_message ) is called, but no possible target functions were found. (CFunctionPointerResolver.getTargets, WARNING)

line 23057: Function pointer *arg0 with type int (*)(struct pci_dev *, struct pm_message ) is called, but no possible target functions were found. (CFunctionPointerResolver.getTargets, WARNING)

line 8258: Function pointer *(p->_qproc) with type void (*)(struct file *, wait_queue_head_t *, struct poll_table_struct *) is called, but no possible target functions were found. (CFunctionPointerResolver.getTargets, WARNING)

line 9634: Function pointer *(zr->encoder->ops->video->s_routing) with type int (*)(struct v4l2_subdev *, u32 , u32 , u32 ) is called, but no possible target functions were found. (CFunctionPointerResolver.getTargets, WARNING)

line 9622: Function pointer *(zr->decoder->ops->video->s_stream) with type int (*)(struct v4l2_subdev *, int) is called, but no possible target functions were found. (CFunctionPointerResolver.getTargets, WARNING)

line 11547: Function pointer *(zr->decoder->ops->video->g_input_status) with type int (*)(struct v4l2_subdev *, u32 *) is called, but no possible target functions were found. (CFunctionPointerResolver.getTargets, WARNING)

line 11441: Function pointer *(zr->decoder->ops->core->g_ctrl) with type int (*)(struct v4l2_subdev *, struct v4l2_control *) is called, but no possible target functions were found. (CFunctionPointerResolver.getTargets, WARNING)

line 7983: Function pointer *(zr->encoder->ops->video->s_routing) with type int (*)(struct v4l2_subdev *, u32 , u32 , u32 ) is called, but no possible target functions were found. (CFunctionPointerResolver.getTargets, WARNING)

line 7971: Function pointer *(zr->encoder->ops->video->s_std_output) with type int (*)(struct v4l2_subdev *, v4l2_std_id ) is called, but no possible target functions were found. (CFunctionPointerResolver.getTargets, WARNING)

line 7961: Function pointer *(zr->encoder->ops->core->init) with type int (*)(struct v4l2_subdev *, u32 ) is called, but no possible target functions were found. (CFunctionPointerResolver.getTargets, WARNING)

line 7950: Function pointer *(zr->decoder->ops->video->s_routing) with type int (*)(struct v4l2_subdev *, u32 , u32 , u32 ) is called, but no possible target functions were found. (CFunctionPointerResolver.getTargets, WARNING)

line 7938: Function pointer *(zr->decoder->ops->core->s_std) with type int (*)(struct v4l2_subdev *, v4l2_std_id ) is called, but no possible target functions were found. (CFunctionPointerResolver.getTargets, WARNING)

line 7928: Function pointer *(zr->decoder->ops->core->init) with type int (*)(struct v4l2_subdev *, u32 ) is called, but no possible target functions were found. (CFunctionPointerResolver.getTargets, WARNING)

line 11414: Function pointer *(zr->decoder->ops->core->queryctrl) with type int (*)(struct v4l2_subdev *, struct v4l2_queryctrl *) is called, but no possible target functions were found. (CFunctionPointerResolver.getTargets, WARNING)

line 7481: Function pointer *(zr->codec->set_mode) with type int (*)(struct videocodec *, int) is called, but no possible target functions were found. (CFunctionPointerResolver.getTargets, WARNING)

line 7467: Function pointer *(zr->decoder->ops->video->g_input_status) with type int (*)(struct v4l2_subdev *, u32 *) is called, but no possible target functions were found. (CFunctionPointerResolver.getTargets, WARNING)

line 11471: Function pointer *(zr->decoder->ops->core->s_ctrl) with type int (*)(struct v4l2_subdev *, struct v4l2_control *) is called, but no possible target functions were found. (CFunctionPointerResolver.getTargets, WARNING)

line 10206: Function pointer *(zr->decoder->ops->video->s_routing) with type int (*)(struct v4l2_subdev *, u32 , u32 , u32 ) is called, but no possible target functions were found. (CFunctionPointerResolver.getTargets, WARNING)

line 10154: Function pointer *(zr->encoder->ops->video->s_std_output) with type int (*)(struct v4l2_subdev *, v4l2_std_id ) is called, but no possible target functions were found. (CFunctionPointerResolver.getTargets, WARNING)

line 10144: Function pointer *(zr->decoder->ops->core->s_std) with type int (*)(struct v4l2_subdev *, v4l2_std_id ) is called, but no possible target functions were found. (CFunctionPointerResolver.getTargets, WARNING)

line 7347: Function pointer *(zr->encoder->ops->video->s_routing) with type int (*)(struct v4l2_subdev *, u32 , u32 , u32 ) is called, but no possible target functions were found. (CFunctionPointerResolver.getTargets, WARNING)

line 7335: Function pointer *(zr->decoder->ops->video->s_stream) with type int (*)(struct v4l2_subdev *, int) is called, but no possible target functions were found. (CFunctionPointerResolver.getTargets, WARNING)

line 7296: Function pointer *(zr->codec->set_video) with type int (*)(struct videocodec *, struct tvnorm *, struct vfe_settings *, struct vfe_polarity *) is called, but no possible target functions were found. (CFunctionPointerResolver.getTargets, WARNING)

line 7297: Function pointer *(zr->codec->set_mode) with type int (*)(struct videocodec *, int) is called, but no possible target functions were found. (CFunctionPointerResolver.getTargets, WARNING)

line 7290: Function pointer *(zr->vfe->set_video) with type int (*)(struct videocodec *, struct tvnorm *, struct vfe_settings *, struct vfe_polarity *) is called, but no possible target functions were found. (CFunctionPointerResolver.getTargets, WARNING)

line 7291: Function pointer *(zr->vfe->set_mode) with type int (*)(struct videocodec *, int) is called, but no possible target functions were found. (CFunctionPointerResolver.getTargets, WARNING)

line 7279: Function pointer *(zr->encoder->ops->video->s_routing) with type int (*)(struct v4l2_subdev *, u32 , u32 , u32 ) is called, but no possible target functions were found. (CFunctionPointerResolver.getTargets, WARNING)

line 7264: Function pointer *(zr->decoder->ops->video->s_stream) with type int (*)(struct v4l2_subdev *, int) is called, but no possible target functions were found. (CFunctionPointerResolver.getTargets, WARNING)

line 7230: Function pointer *(zr->codec->control) with type int (*)(struct videocodec *, int, int, void *) is called, but no possible target functions were found. (CFunctionPointerResolver.getTargets, WARNING)

line 7234: Function pointer *(zr->codec->control) with type int (*)(struct videocodec *, int, int, void *) is called, but no possible target functions were found. (CFunctionPointerResolver.getTargets, WARNING)

line 7235: Function pointer *(zr->codec->control) with type int (*)(struct videocodec *, int, int, void *) is called, but no possible target functions were found. (CFunctionPointerResolver.getTargets, WARNING)

line 7236: Function pointer *(zr->codec->set_video) with type int (*)(struct videocodec *, struct tvnorm *, struct vfe_settings *, struct vfe_polarity *) is called, but no possible target functions were found. (CFunctionPointerResolver.getTargets, WARNING)

line 7237: Function pointer *(zr->codec->set_mode) with type int (*)(struct videocodec *, int) is called, but no possible target functions were found. (CFunctionPointerResolver.getTargets, WARNING)

line 7241: Function pointer *(zr->vfe->control) with type int (*)(struct videocodec *, int, int, void *) is called, but no possible target functions were found. (CFunctionPointerResolver.getTargets, WARNING)

line 7242: Function pointer *(zr->vfe->set_video) with type int (*)(struct videocodec *, struct tvnorm *, struct vfe_settings *, struct vfe_polarity *) is called, but no possible target functions were found. (CFunctionPointerResolver.getTargets, WARNING)

line 7243: Function pointer *(zr->vfe->set_mode) with type int (*)(struct videocodec *, int) is called, but no possible target functions were found. (CFunctionPointerResolver.getTargets, WARNING)

line 7218: Function pointer *(zr->encoder->ops->video->s_routing) with type int (*)(struct v4l2_subdev *, u32 , u32 , u32 ) is called, but no possible target functions were found. (CFunctionPointerResolver.getTargets, WARNING)

line 7206: Function pointer *(zr->decoder->ops->video->s_stream) with type int (*)(struct v4l2_subdev *, int) is called, but no possible target functions were found. (CFunctionPointerResolver.getTargets, WARNING)

line 21210: Function pointer *(zr->encoder->ops->video->s_routing) with type int (*)(struct v4l2_subdev *, u32 , u32 , u32 ) is called, but no possible target functions were found. (CFunctionPointerResolver.getTargets, WARNING)

line 21198: Function pointer *(zr->decoder->ops->video->s_stream) with type int (*)(struct v4l2_subdev *, int) is called, but no possible target functions were found. (CFunctionPointerResolver.getTargets, WARNING)

Using unsound approximation of ints with unbounded integers and floats with unbounded integers for encoding program semantics. (PredicateCPA:FormulaManagerView.<init>, WARNING)

Using predicate analysis with Princess 2023-04-07. (PredicateCPA:PredicateCPA.<init>, INFO)

Using unsound approximation of ints with unbounded integers and floats with unbounded integers for encoding program semantics. (AssumptionStorageCPA:FormulaManagerView.<init>, WARNING)

The following configuration options were specified but are not used:
 proveroptions.option 
 (CPAchecker.printConfigurationWarnings, WARNING)

Starting analysis ... (CPAchecker.runAlgorithm, INFO)

line 23046: Ignoring call via function pointer ldv_pci_instance_suspend_2_8::arg0 for which no suitable target was found in line: tmp = (*arg0)(arg1, arg2); (TargetLocationProvider:FunctionPointerCPA:FunctionPointerTransferRelation.getAbstractSuccessorsForEdge, WARNING)

line 23057: Ignoring call via function pointer ldv_pci_instance_suspend_late_2_7::arg0 for which no suitable target was found in line: tmp = (*arg0)(arg1, arg2); (TargetLocationProvider:FunctionPointerCPA:FunctionPointerTransferRelation.getAbstractSuccessorsForEdge, WARNING)

line 23026: Ignoring call via function pointer ldv_pci_instance_resume_early_2_6::arg0 for which no suitable target was found in line: (*arg0)(arg1); (TargetLocationProvider:FunctionPointerCPA:FunctionPointerTransferRelation.getAbstractSuccessorsForEdge, WARNING)

line 23017: Ignoring call via function pointer ldv_pci_instance_resume_2_5::arg0 for which no suitable target was found in line: (*arg0)(arg1); (TargetLocationProvider:FunctionPointerCPA:FunctionPointerTransferRelation.getAbstractSuccessorsForEdge, WARNING)

line 23035: Ignoring call via function pointer ldv_pci_instance_shutdown_2_3::arg0 for which no suitable target was found in line: (*arg0)(arg1); (TargetLocationProvider:FunctionPointerCPA:FunctionPointerTransferRelation.getAbstractSuccessorsForEdge, WARNING)

line 22879: Ignoring call via function pointer ldv_interrupt_instance_thread_1_3::arg0 for which no suitable target was found in line: (*arg0)(arg1, arg2); (TargetLocationProvider:FunctionPointerCPA:FunctionPointerTransferRelation.getAbstractSuccessorsForEdge, WARNING)

Creating formula for program (AbstractBMCAlgorithm.run, INFO)

Exception in thread "main" org.sosy_lab.java_smt.basicimpl.GeneratorException: Modular Congruence is not available in SMTLIB2. 
	at org.sosy_lab.java_smt.basicimpl.AbstractNumeralFormulaManager.modularCongruence(AbstractNumeralFormulaManager.java:361)
	at org.sosy_lab.java_smt.solvers.princess.PrincessIntegerFormulaManager.modularCongruence(PrincessIntegerFormulaManager.java:22)
	at org.sosy_lab.cpachecker.util.predicates.smt.IntegerFormulaManagerView.modularCongruence(IntegerFormulaManagerView.java:35)
	at org.sosy_lab.cpachecker.util.predicates.smt.FormulaManagerView.makeModularCongruence(FormulaManagerView.java:688)
	at org.sosy_lab.cpachecker.util.predicates.smt.FormulaManagerView.makeModularCongruence(FormulaManagerView.java:670)
	at org.sosy_lab.cpachecker.util.predicates.pathformula.pointeraliasing.PointerTargetSetManager.makeBaseAddressConstraints(PointerTargetSetManager.java:653)
	at org.sosy_lab.cpachecker.util.predicates.pathformula.pointeraliasing.PointerTargetSetBuilder$RealPointerTargetSetBuilder.addNextBaseAddressConstraints(PointerTargetSetBuilder.java:286)
	at org.sosy_lab.cpachecker.util.predicates.pathformula.pointeraliasing.CToFormulaConverterWithPointerAliasing.declareSharedBase(CToFormulaConverterWithPointerAliasing.java:437)
	at org.sosy_lab.cpachecker.util.predicates.pathformula.pointeraliasing.CToFormulaConverterWithPointerAliasing.makeDeclaration(CToFormulaConverterWithPointerAliasing.java:1001)
	at org.sosy_lab.cpachecker.util.predicates.pathformula.ctoformula.CtoFormulaConverter.createFormulaForEdge(CtoFormulaConverter.java:1231)
	at org.sosy_lab.cpachecker.util.predicates.pathformula.ctoformula.CtoFormulaConverter.makeAnd(CtoFormulaConverter.java:1049)
	at org.sosy_lab.cpachecker.util.predicates.pathformula.PathFormulaManagerImpl.makeAnd(PathFormulaManagerImpl.java:246)
	at org.sosy_lab.cpachecker.util.predicates.pathformula.PathFormulaManagerImpl.makeAnd(PathFormulaManagerImpl.java:300)
	at org.sosy_lab.cpachecker.cpa.predicate.PredicateTransferRelation.convertEdgeToPathFormula(PredicateTransferRelation.java:203)
	at org.sosy_lab.cpachecker.cpa.predicate.PredicateTransferRelation.getAbstractSuccessorsForEdge(PredicateTransferRelation.java:113)
	at org.sosy_lab.cpachecker.cpa.composite.CompositeTransferRelation.callTransferRelation(CompositeTransferRelation.java:297)
	at org.sosy_lab.cpachecker.cpa.composite.CompositeTransferRelation.getAbstractSuccessorForSimpleEdge(CompositeTransferRelation.java:264)
	at org.sosy_lab.cpachecker.cpa.composite.CompositeTransferRelation.getAbstractSuccessorForEdge(CompositeTransferRelation.java:196)
	at org.sosy_lab.cpachecker.cpa.composite.CompositeTransferRelation.getAbstractSuccessors(CompositeTransferRelation.java:88)
	at org.sosy_lab.cpachecker.cpa.arg.ARGTransferRelation.getAbstractSuccessors(ARGTransferRelation.java:45)
	at org.sosy_lab.cpachecker.core.algorithm.CPAAlgorithm.handleState(CPAAlgorithm.java:334)
	at org.sosy_lab.cpachecker.core.algorithm.CPAAlgorithm.run0(CPAAlgorithm.java:289)
	at org.sosy_lab.cpachecker.core.algorithm.CPAAlgorithm.run(CPAAlgorithm.java:260)
	at org.sosy_lab.cpachecker.core.algorithm.bmc.BMCHelper.unroll(BMCHelper.java:192)
	at org.sosy_lab.cpachecker.core.algorithm.bmc.AbstractBMCAlgorithm.run(AbstractBMCAlgorithm.java:427)
	at org.sosy_lab.cpachecker.core.algorithm.bmc.BMCAlgorithm.run(BMCAlgorithm.java:130)
	at org.sosy_lab.cpachecker.core.CPAchecker.runAlgorithm(CPAchecker.java:507)
	at org.sosy_lab.cpachecker.core.CPAchecker.run(CPAchecker.java:369)
	at org.sosy_lab.cpachecker.cmdline.CPAMain.main(CPAMain.java:170)
