scripts/cpa.sh -heap 13000M -stack 50M -noout -benchmark -bmc -setprop cpa.predicate.useArraysForHeap=false -setprop cpa.predicate.memoryAllocationsAlwaysSucceed=true -setprop cpa.loopbound.maxLoopIterations=1 -setprop cpa.predicate.encodeFloatAs=INTEGER -setprop cpa.predicate.encodeBitvectorAs=INTEGER -setprop solver.solver=princess -timelimit 900s -stats -spec test/programs/benchmarks/properties/unreach-call.prp -64 test/programs/benchmarks/ldv-linux-4.2-rc1/linux-4.2-rc1.tar.xz-43_2a-drivers--net--ethernet--intel--e1000e--e1000e.ko-entry_point.cil.out.i


--------------------------------------------------------------------------------


Running CPAchecker with Java heap of size 13000M.
Running CPAchecker with Java stack of size 50M.
Language C detected and set for analysis (CPAMain.detectFrontendLanguageIfNecessary, INFO)

Using the following resource limits: CPU-time limit of 900s (ResourceLimitChecker.fromConfiguration, INFO)

CPAchecker 2.3.1-svn-45350M / bmc (OpenJDK 64-Bit Server VM 17.0.8.1) started (CPAchecker.run, INFO)

Parsing CFA from file(s) "test/programs/benchmarks/ldv-linux-4.2-rc1/linux-4.2-rc1.tar.xz-43_2a-drivers--net--ethernet--intel--e1000e--e1000e.ko-entry_point.cil.out.i" (CPAchecker.parse, INFO)

line 12416: Dead code detected: __ms = 1UL; (CFACreationUtils.addEdgeToCFA, INFO)

line 12465: Dead code detected: __ms___0 = 1UL; (CFACreationUtils.addEdgeToCFA, INFO)

line 15907: Dead code detected: __ms = 5UL; (CFACreationUtils.addEdgeToCFA, INFO)

line 17615: Dead code detected: __ms = 5UL; (CFACreationUtils.addEdgeToCFA, INFO)

line 21595: Dead code detected: __ms = 1UL; (CFACreationUtils.addEdgeToCFA, INFO)

line 31082: Dead code detected: __asm__ ("movb %%gs:%P1,%0": "=q" (pfo_ret__): "p" (& current_task)); (CFACreationUtils.addEdgeToCFA, INFO)

line 31085: Dead code detected: __asm__ ("movw %%gs:%P1,%0": "=r" (pfo_ret__): "p" (& current_task)); (CFACreationUtils.addEdgeToCFA, INFO)

line 31088: Dead code detected: __asm__ ("movl %%gs:%P1,%0": "=r" (pfo_ret__): "p" (& current_task)); (CFACreationUtils.addEdgeToCFA, INFO)

line 31093: Dead code detected: switch (8UL) {
  case 1UL:
  __asm__ ("movb %%gs:%P1,%0": "=q" (pfo_ret__): "p" (& current_task));
  goto ldv_3233;
  case 2UL:
  __asm__ ("movw %%gs:%P1,%0": "=r" (pfo_ret__): "p" (& current_task));
  goto ldv_3233;
  case 4UL:
  __asm__ ("movl %%gs:%P1,%0": "=r" (pfo_ret__): "p" (& current_task));
  goto ldv_3233;
  case 8UL:
  __asm__ ("movq %%gs:%P1,%0": "=r" (pfo_ret__): "p" (& current_task));
  goto ldv_3233;
  default:
  __bad_percpu_size();
  } (CFACreationUtils.addEdgeToCFA, INFO)

line 31131: Dead code detected: __ptr = (u8 volatile *)(& v->counter); (CFACreationUtils.addEdgeToCFA, INFO)

line 31136: Dead code detected: __ptr___0 = (u16 volatile *)(& v->counter); (CFACreationUtils.addEdgeToCFA, INFO)

line 31146: Dead code detected: __ptr___2 = (u64 volatile *)(& v->counter); (CFACreationUtils.addEdgeToCFA, INFO)

line 31150: Dead code detected: switch (4UL) {
  case 1UL:
  __ptr = (u8 volatile *)(& v->counter);
  __asm__ volatile (".pushsection .smp_locks,\"a\"\n.balign 4\n.long 671f - .\n.popsection\n671:\n\tlock; cmpxchgb %2,%1": "=a" (__ret),
                       "+m" (*__ptr): "q" (__new), "0" (__old): "memory");
  goto ldv_5783;
  case 2UL:
  __ptr___0 = (u16 volatile *)(& v->counter);
  __asm__ volatile (".pushsection .smp_locks,\"a\"\n.balign 4\n.long 671f - .\n.popsection\n671:\n\tlock; cmpxchgw %2,%1": "=a" (__ret),
                       "+m" (*__ptr___0): "r" (__new), "0" (__old): "memory");
  goto ldv_5783;
  case 4UL:
  __ptr___1 = (u32 volatile *)(& v->counter);
  __asm__ volatile (".pushsection .smp_locks,\"a\"\n.balign 4\n.long 671f - .\n.popsection\n671:\n\tlock; cmpxchgl %2,%1": "=a" (__ret),
                       "+m" (*__ptr___1): "r" (__new), "0" (__old): "memory");
  goto ldv_5783;
  case 8UL:
  __ptr___2 = (u64 volatile *)(& v->counter);
  __asm__ volatile (".pushsection .smp_locks,\"a\"\n.balign 4\n.long 671f - .\n.popsection\n671:\n\tlock; cmpxchgq %2,%1": "=a" (__ret),
                       "+m" (*__ptr___2): "r" (__new), "0" (__old): "memory");
  goto ldv_5783;
  default:
  __cmpxchg_wrong_size();
  } (CFACreationUtils.addEdgeToCFA, INFO)

line 31199: Dead code detected: [pao_ID__ == 1] (CFACreationUtils.addEdgeToCFA, INFO)

line 31199: Dead code detected: [!(pao_ID__ == 1)] (CFACreationUtils.addEdgeToCFA, INFO)

line 31200: Dead code detected: __asm__ ("incb %%gs:%0": "+m" (__preempt_count)); (CFACreationUtils.addEdgeToCFA, INFO)

line 31202: Dead code detected: [pao_ID__ == -1] (CFACreationUtils.addEdgeToCFA, INFO)

line 31202: Dead code detected: [!(pao_ID__ == -1)] (CFACreationUtils.addEdgeToCFA, INFO)

line 31203: Dead code detected: __asm__ ("decb %%gs:%0": "+m" (__preempt_count)); (CFACreationUtils.addEdgeToCFA, INFO)

line 31205: Dead code detected: __asm__ ("addb %1, %%gs:%0": "+m" (__preempt_count): "qi" (val)); (CFACreationUtils.addEdgeToCFA, INFO)

line 31209: Dead code detected: [pao_ID__ == 1] (CFACreationUtils.addEdgeToCFA, INFO)

line 31209: Dead code detected: [!(pao_ID__ == 1)] (CFACreationUtils.addEdgeToCFA, INFO)

line 31210: Dead code detected: __asm__ ("incw %%gs:%0": "+m" (__preempt_count)); (CFACreationUtils.addEdgeToCFA, INFO)

line 31212: Dead code detected: [pao_ID__ == -1] (CFACreationUtils.addEdgeToCFA, INFO)

line 31212: Dead code detected: [!(pao_ID__ == -1)] (CFACreationUtils.addEdgeToCFA, INFO)

line 31213: Dead code detected: __asm__ ("decw %%gs:%0": "+m" (__preempt_count)); (CFACreationUtils.addEdgeToCFA, INFO)

line 31215: Dead code detected: __asm__ ("addw %1, %%gs:%0": "+m" (__preempt_count): "ri" (val)); (CFACreationUtils.addEdgeToCFA, INFO)

line 31229: Dead code detected: [pao_ID__ == 1] (CFACreationUtils.addEdgeToCFA, INFO)

line 31229: Dead code detected: [!(pao_ID__ == 1)] (CFACreationUtils.addEdgeToCFA, INFO)

line 31230: Dead code detected: __asm__ ("incq %%gs:%0": "+m" (__preempt_count)); (CFACreationUtils.addEdgeToCFA, INFO)

line 31232: Dead code detected: [pao_ID__ == -1] (CFACreationUtils.addEdgeToCFA, INFO)

line 31232: Dead code detected: [!(pao_ID__ == -1)] (CFACreationUtils.addEdgeToCFA, INFO)

line 31233: Dead code detected: __asm__ ("decq %%gs:%0": "+m" (__preempt_count)); (CFACreationUtils.addEdgeToCFA, INFO)

line 31235: Dead code detected: __asm__ ("addq %1, %%gs:%0": "+m" (__preempt_count): "re" (val)); (CFACreationUtils.addEdgeToCFA, INFO)

line 31238: Dead code detected: switch (4UL) {
  case 1UL: ;
  if (pao_ID__ == 1) {
    __asm__ ("incb %%gs:%0": "+m" (__preempt_count));
  } else
  if (pao_ID__ == -1) {
    __asm__ ("decb %%gs:%0": "+m" (__preempt_count));
  } else {
    __asm__ ("addb %1, %%gs:%0": "+m" (__preempt_count): "qi" (val));
  }
  goto ldv_6163;
  case 2UL: ;
  if (pao_ID__ == 1) {
    __asm__ ("incw %%gs:%0": "+m" (__preempt_count));
  } else
  if (pao_ID__ == -1) {
    __asm__ ("decw %%gs:%0": "+m" (__preempt_count));
  } else {
    __asm__ ("addw %1, %%gs:%0": "+m" (__preempt_count): "ri" (val));
  }
  goto ldv_6163;
  case 4UL: ;
  if (pao_ID__ == 1) {
    __asm__ ("incl %%gs:%0": "+m" (__preempt_count));
  } else
  if (pao_ID__ == -1) {
    __asm__ ("decl %%gs:%0": "+m" (__preempt_count));
  } else {
    __asm__ ("addl %1, %%gs:%0": "+m" (__preempt_count): "ri" (val));
  }
  goto ldv_6163;
  case 8UL: ;
  if (pao_ID__ == 1) {
    __asm__ ("incq %%gs:%0": "+m" (__preempt_count));
  } else
  if (pao_ID__ == -1) {
    __asm__ ("decq %%gs:%0": "+m" (__preempt_count));
  } else {
    __asm__ ("addq %1, %%gs:%0": "+m" (__preempt_count): "re" (val));
  }
  goto ldv_6163;
  default:
  __bad_percpu_size();
  } (CFACreationUtils.addEdgeToCFA, INFO)

line 31252: Dead code detected: [pao_ID__ == 1] (CFACreationUtils.addEdgeToCFA, INFO)

line 31252: Dead code detected: [!(pao_ID__ == 1)] (CFACreationUtils.addEdgeToCFA, INFO)

line 31253: Dead code detected: __asm__ ("incb %%gs:%0": "+m" (__preempt_count)); (CFACreationUtils.addEdgeToCFA, INFO)

line 31255: Dead code detected: [pao_ID__ == -1] (CFACreationUtils.addEdgeToCFA, INFO)

line 31255: Dead code detected: [!(pao_ID__ == -1)] (CFACreationUtils.addEdgeToCFA, INFO)

line 31256: Dead code detected: __asm__ ("decb %%gs:%0": "+m" (__preempt_count)); (CFACreationUtils.addEdgeToCFA, INFO)

line 31258: Dead code detected: __asm__ ("addb %1, %%gs:%0": "+m" (__preempt_count): "qi" (- val)); (CFACreationUtils.addEdgeToCFA, INFO)

line 31262: Dead code detected: [pao_ID__ == 1] (CFACreationUtils.addEdgeToCFA, INFO)

line 31262: Dead code detected: [!(pao_ID__ == 1)] (CFACreationUtils.addEdgeToCFA, INFO)

line 31263: Dead code detected: __asm__ ("incw %%gs:%0": "+m" (__preempt_count)); (CFACreationUtils.addEdgeToCFA, INFO)

line 31265: Dead code detected: [pao_ID__ == -1] (CFACreationUtils.addEdgeToCFA, INFO)

line 31265: Dead code detected: [!(pao_ID__ == -1)] (CFACreationUtils.addEdgeToCFA, INFO)

line 31266: Dead code detected: __asm__ ("decw %%gs:%0": "+m" (__preempt_count)); (CFACreationUtils.addEdgeToCFA, INFO)

line 31268: Dead code detected: __asm__ ("addw %1, %%gs:%0": "+m" (__preempt_count): "ri" (- val)); (CFACreationUtils.addEdgeToCFA, INFO)

line 31282: Dead code detected: [pao_ID__ == 1] (CFACreationUtils.addEdgeToCFA, INFO)

line 31282: Dead code detected: [!(pao_ID__ == 1)] (CFACreationUtils.addEdgeToCFA, INFO)

line 31283: Dead code detected: __asm__ ("incq %%gs:%0": "+m" (__preempt_count)); (CFACreationUtils.addEdgeToCFA, INFO)

line 31285: Dead code detected: [pao_ID__ == -1] (CFACreationUtils.addEdgeToCFA, INFO)

line 31285: Dead code detected: [!(pao_ID__ == -1)] (CFACreationUtils.addEdgeToCFA, INFO)

line 31286: Dead code detected: __asm__ ("decq %%gs:%0": "+m" (__preempt_count)); (CFACreationUtils.addEdgeToCFA, INFO)

line 31288: Dead code detected: __asm__ ("addq %1, %%gs:%0": "+m" (__preempt_count): "re" (- val)); (CFACreationUtils.addEdgeToCFA, INFO)

line 31291: Dead code detected: switch (4UL) {
  case 1UL: ;
  if (pao_ID__ == 1) {
    __asm__ ("incb %%gs:%0": "+m" (__preempt_count));
  } else
  if (pao_ID__ == -1) {
    __asm__ ("decb %%gs:%0": "+m" (__preempt_count));
  } else {
    __asm__ ("addb %1, %%gs:%0": "+m" (__preempt_count): "qi" (- val));
  }
  goto ldv_6175;
  case 2UL: ;
  if (pao_ID__ == 1) {
    __asm__ ("incw %%gs:%0": "+m" (__preempt_count));
  } else
  if (pao_ID__ == -1) {
    __asm__ ("decw %%gs:%0": "+m" (__preempt_count));
  } else {
    __asm__ ("addw %1, %%gs:%0": "+m" (__preempt_count): "ri" (- val));
  }
  goto ldv_6175;
  case 4UL: ;
  if (pao_ID__ == 1) {
    __asm__ ("incl %%gs:%0": "+m" (__preempt_count));
  } else
  if (pao_ID__ == -1) {
    __asm__ ("decl %%gs:%0": "+m" (__preempt_count));
  } else {
    __asm__ ("addl %1, %%gs:%0": "+m" (__preempt_count): "ri" (- val));
  }
  goto ldv_6175;
  case 8UL: ;
  if (pao_ID__ == 1) {
    __asm__ ("incq %%gs:%0": "+m" (__preempt_count));
  } else
  if (pao_ID__ == -1) {
    __asm__ ("decq %%gs:%0": "+m" (__preempt_count));
  } else {
    __asm__ ("addq %1, %%gs:%0": "+m" (__preempt_count): "re" (- val));
  }
  goto ldv_6175;
  default:
  __bad_percpu_size();
  } (CFACreationUtils.addEdgeToCFA, INFO)

line 38915: Dead code detected: return (0); (CFACreationUtils.addEdgeToCFA, INFO)

Undefined function ldv_xmalloc found, first called in line 45402 (CheckBindingVisitor.visit, WARNING)

Inline assembler ignored, analysis is probably unsound! (CFABuilder.createCFA, WARNING)

line 31906: Function pointer *(ops->map_page) with type dma_addr_t (*)(struct device *, struct page *, unsigned long, size_t , enum dma_data_direction , struct dma_attrs *) is called, but no possible target functions were found. (CFunctionPointerResolver.getTargets, WARNING)

line 27200: Function pointer *(ops->map_page) with type dma_addr_t (*)(struct device *, struct page *, unsigned long, size_t , enum dma_data_direction , struct dma_attrs *) is called, but no possible target functions were found. (CFunctionPointerResolver.getTargets, WARNING)

line 31844: Function pointer *(ops->map_page) with type dma_addr_t (*)(struct device *, struct page *, unsigned long, size_t , enum dma_data_direction , struct dma_attrs *) is called, but no possible target functions were found. (CFunctionPointerResolver.getTargets, WARNING)

line 27310: Function pointer *(ops->mapping_error) with type int (*)(struct device *, dma_addr_t ) is called, but no possible target functions were found. (CFunctionPointerResolver.getTargets, WARNING)

line 27262: Function pointer *(ops->sync_single_for_cpu) with type void (*)(struct device *, dma_addr_t , size_t , enum dma_data_direction ) is called, but no possible target functions were found. (CFunctionPointerResolver.getTargets, WARNING)

line 31964: Function pointer *(ops->sync_single_for_cpu) with type void (*)(struct device *, dma_addr_t , size_t , enum dma_data_direction ) is called, but no possible target functions were found. (CFunctionPointerResolver.getTargets, WARNING)

line 27292: Function pointer *(ops->sync_single_for_device) with type void (*)(struct device *, dma_addr_t , size_t , enum dma_data_direction ) is called, but no possible target functions were found. (CFunctionPointerResolver.getTargets, WARNING)

line 31994: Function pointer *(ops->sync_single_for_device) with type void (*)(struct device *, dma_addr_t , size_t , enum dma_data_direction ) is called, but no possible target functions were found. (CFunctionPointerResolver.getTargets, WARNING)

line 31934: Function pointer *(ops->unmap_page) with type void (*)(struct device *, dma_addr_t , size_t , enum dma_data_direction , struct dma_attrs *) is called, but no possible target functions were found. (CFunctionPointerResolver.getTargets, WARNING)

line 27232: Function pointer *(ops->unmap_page) with type void (*)(struct device *, dma_addr_t , size_t , enum dma_data_direction , struct dma_attrs *) is called, but no possible target functions were found. (CFunctionPointerResolver.getTargets, WARNING)

line 31876: Function pointer *(ops->unmap_page) with type void (*)(struct device *, dma_addr_t , size_t , enum dma_data_direction , struct dma_attrs *) is called, but no possible target functions were found. (CFunctionPointerResolver.getTargets, WARNING)

Using unsound approximation of ints with unbounded integers and floats with unbounded integers for encoding program semantics. (PredicateCPA:FormulaManagerView.<init>, WARNING)

Using predicate analysis with Princess 2023-04-07. (PredicateCPA:PredicateCPA.<init>, INFO)

Using unsound approximation of ints with unbounded integers and floats with unbounded integers for encoding program semantics. (AssumptionStorageCPA:FormulaManagerView.<init>, WARNING)

Starting analysis ... (CPAchecker.runAlgorithm, INFO)

Recursion detected, aborting. To ignore recursion, add -skipRecursion to the command line. (TargetLocationProvider:CallstackCPA:CallstackTransferRelation.getAbstractSuccessorsForEdge, INFO)

Recursion detected. Defaulting to selecting all locations as potential target locations. (TargetLocationProvider:TargetLocationProviderImpl.tryGetAutomatonTargetLocations, INFO)

Creating formula for program (AbstractBMCAlgorithm.run, INFO)

Exception in thread "main" org.sosy_lab.java_smt.basicimpl.GeneratorException: Modular Congruence is not available in SMTLIB2. 
	at org.sosy_lab.java_smt.basicimpl.AbstractNumeralFormulaManager.modularCongruence(AbstractNumeralFormulaManager.java:361)
	at org.sosy_lab.java_smt.solvers.princess.PrincessIntegerFormulaManager.modularCongruence(PrincessIntegerFormulaManager.java:22)
	at org.sosy_lab.cpachecker.util.predicates.smt.IntegerFormulaManagerView.modularCongruence(IntegerFormulaManagerView.java:35)
	at org.sosy_lab.cpachecker.util.predicates.smt.FormulaManagerView.makeModularCongruence(FormulaManagerView.java:688)
	at org.sosy_lab.cpachecker.util.predicates.smt.FormulaManagerView.makeModularCongruence(FormulaManagerView.java:670)
	at org.sosy_lab.cpachecker.util.predicates.pathformula.pointeraliasing.PointerTargetSetManager.makeBaseAddressConstraints(PointerTargetSetManager.java:653)
	at org.sosy_lab.cpachecker.util.predicates.pathformula.pointeraliasing.PointerTargetSetBuilder$RealPointerTargetSetBuilder.addNextBaseAddressConstraints(PointerTargetSetBuilder.java:286)
	at org.sosy_lab.cpachecker.util.predicates.pathformula.pointeraliasing.CToFormulaConverterWithPointerAliasing.declareSharedBase(CToFormulaConverterWithPointerAliasing.java:442)
	at org.sosy_lab.cpachecker.util.predicates.pathformula.pointeraliasing.CToFormulaConverterWithPointerAliasing.makeDeclaration(CToFormulaConverterWithPointerAliasing.java:1001)
	at org.sosy_lab.cpachecker.util.predicates.pathformula.ctoformula.CtoFormulaConverter.createFormulaForEdge(CtoFormulaConverter.java:1231)
	at org.sosy_lab.cpachecker.util.predicates.pathformula.ctoformula.CtoFormulaConverter.makeAnd(CtoFormulaConverter.java:1049)
	at org.sosy_lab.cpachecker.util.predicates.pathformula.PathFormulaManagerImpl.makeAnd(PathFormulaManagerImpl.java:246)
	at org.sosy_lab.cpachecker.util.predicates.pathformula.PathFormulaManagerImpl.makeAnd(PathFormulaManagerImpl.java:300)
	at org.sosy_lab.cpachecker.cpa.predicate.PredicateTransferRelation.convertEdgeToPathFormula(PredicateTransferRelation.java:203)
	at org.sosy_lab.cpachecker.cpa.predicate.PredicateTransferRelation.getAbstractSuccessorsForEdge(PredicateTransferRelation.java:113)
	at org.sosy_lab.cpachecker.cpa.composite.CompositeTransferRelation.callTransferRelation(CompositeTransferRelation.java:297)
	at org.sosy_lab.cpachecker.cpa.composite.CompositeTransferRelation.getAbstractSuccessorForSimpleEdge(CompositeTransferRelation.java:264)
	at org.sosy_lab.cpachecker.cpa.composite.CompositeTransferRelation.getAbstractSuccessorForEdge(CompositeTransferRelation.java:196)
	at org.sosy_lab.cpachecker.cpa.composite.CompositeTransferRelation.getAbstractSuccessors(CompositeTransferRelation.java:88)
	at org.sosy_lab.cpachecker.cpa.arg.ARGTransferRelation.getAbstractSuccessors(ARGTransferRelation.java:45)
	at org.sosy_lab.cpachecker.core.algorithm.CPAAlgorithm.handleState(CPAAlgorithm.java:334)
	at org.sosy_lab.cpachecker.core.algorithm.CPAAlgorithm.run0(CPAAlgorithm.java:289)
	at org.sosy_lab.cpachecker.core.algorithm.CPAAlgorithm.run(CPAAlgorithm.java:260)
	at org.sosy_lab.cpachecker.core.algorithm.bmc.BMCHelper.unroll(BMCHelper.java:192)
	at org.sosy_lab.cpachecker.core.algorithm.bmc.AbstractBMCAlgorithm.run(AbstractBMCAlgorithm.java:427)
	at org.sosy_lab.cpachecker.core.algorithm.bmc.BMCAlgorithm.run(BMCAlgorithm.java:130)
	at org.sosy_lab.cpachecker.core.CPAchecker.runAlgorithm(CPAchecker.java:507)
	at org.sosy_lab.cpachecker.core.CPAchecker.run(CPAchecker.java:369)
	at org.sosy_lab.cpachecker.cmdline.CPAMain.main(CPAMain.java:170)
