scripts/cpa.sh -heap 13000M -stack 50M -noout -benchmark -bmc -setprop cpa.predicate.useArraysForHeap=false -setprop cpa.predicate.memoryAllocationsAlwaysSucceed=true -setprop cpa.loopbound.maxLoopIterations=10 -setprop cpa.predicate.encodeFloatAs=INTEGER -setprop cpa.predicate.encodeBitvectorAs=INTEGER -setprop solver.solver=princess -timelimit 900s -stats -spec test/programs/benchmarks/properties/unreach-call.prp -32 test/programs/benchmarks/product-lines/email_spec6_productSimulator.cil.c


--------------------------------------------------------------------------------


Running CPAchecker with Java heap of size 13000M.
Running CPAchecker with Java stack of size 50M.
Language C detected and set for analysis (CPAMain.detectFrontendLanguageIfNecessary, INFO)

Using the following resource limits: CPU-time limit of 900s (ResourceLimitChecker.fromConfiguration, INFO)

CPAchecker 2.3.1-svn-45350M / bmc (OpenJDK 64-Bit Server VM 17.0.8.1) started (CPAchecker.run, INFO)

Parsing CFA from file(s) "test/programs/benchmarks/product-lines/email_spec6_productSimulator.cil.c" (CPAchecker.parse, INFO)

line 428: Dead code detected: return (retValue_acc); (CFACreationUtils.addEdgeToCFA, INFO)

line 474: Dead code detected: return (retValue_acc); (CFACreationUtils.addEdgeToCFA, INFO)

line 627: Dead code detected: return (retValue_acc); (CFACreationUtils.addEdgeToCFA, INFO)

line 647: Dead code detected: return (retValue_acc); (CFACreationUtils.addEdgeToCFA, INFO)

line 665: Dead code detected: return (retValue_acc); (CFACreationUtils.addEdgeToCFA, INFO)

line 674: Dead code detected: return (retValue_acc); (CFACreationUtils.addEdgeToCFA, INFO)

line 689: Dead code detected: return (retValue_acc); (CFACreationUtils.addEdgeToCFA, INFO)

line 713: Dead code detected: return (retValue_acc); (CFACreationUtils.addEdgeToCFA, INFO)

line 808: Dead code detected: return (retValue_acc); (CFACreationUtils.addEdgeToCFA, INFO)

line 852: Dead code detected: return (retValue_acc); (CFACreationUtils.addEdgeToCFA, INFO)

line 881: Dead code detected: return (retValue_acc); (CFACreationUtils.addEdgeToCFA, INFO)

line 929: Dead code detected: return (retValue_acc); (CFACreationUtils.addEdgeToCFA, INFO)

line 976: Dead code detected: return (retValue_acc); (CFACreationUtils.addEdgeToCFA, INFO)

line 1021: Dead code detected: return (retValue_acc); (CFACreationUtils.addEdgeToCFA, INFO)

line 1099: Dead code detected: return (retValue_acc); (CFACreationUtils.addEdgeToCFA, INFO)

line 1168: Dead code detected: return (retValue_acc); (CFACreationUtils.addEdgeToCFA, INFO)

line 1302: Dead code detected: return (retValue_acc); (CFACreationUtils.addEdgeToCFA, INFO)

line 1385: Dead code detected: return (retValue_acc); (CFACreationUtils.addEdgeToCFA, INFO)

line 1432: Dead code detected: return (retValue_acc); (CFACreationUtils.addEdgeToCFA, INFO)

line 1479: Dead code detected: return (retValue_acc); (CFACreationUtils.addEdgeToCFA, INFO)

line 1524: Dead code detected: return (retValue_acc); (CFACreationUtils.addEdgeToCFA, INFO)

line 1587: Dead code detected: return (retValue_acc); (CFACreationUtils.addEdgeToCFA, INFO)

line 1694: Dead code detected: return (retValue_acc); (CFACreationUtils.addEdgeToCFA, INFO)

line 1748: Dead code detected: return (retValue_acc); (CFACreationUtils.addEdgeToCFA, INFO)

line 1820: Dead code detected: return (retValue_acc); (CFACreationUtils.addEdgeToCFA, INFO)

line 1867: Dead code detected: return (retValue_acc); (CFACreationUtils.addEdgeToCFA, INFO)

line 1904: Dead code detected: return (retValue_acc); (CFACreationUtils.addEdgeToCFA, INFO)

line 2564: Dead code detected: return (retValue_acc); (CFACreationUtils.addEdgeToCFA, INFO)

line 2585: Dead code detected: return (retValue_acc); (CFACreationUtils.addEdgeToCFA, INFO)

line 2622: Dead code detected: return (retValue_acc); (CFACreationUtils.addEdgeToCFA, INFO)

line 2659: Dead code detected: return (retValue_acc); (CFACreationUtils.addEdgeToCFA, INFO)

line 2698: Dead code detected: return (retValue_acc); (CFACreationUtils.addEdgeToCFA, INFO)

line 2737: Dead code detected: return (retValue_acc); (CFACreationUtils.addEdgeToCFA, INFO)

line 2774: Dead code detected: return (retValue_acc); (CFACreationUtils.addEdgeToCFA, INFO)

line 2811: Dead code detected: return (retValue_acc); (CFACreationUtils.addEdgeToCFA, INFO)

line 2848: Dead code detected: return (retValue_acc); (CFACreationUtils.addEdgeToCFA, INFO)

line 2885: Dead code detected: return (retValue_acc); (CFACreationUtils.addEdgeToCFA, INFO)

line 2922: Dead code detected: return (retValue_acc); (CFACreationUtils.addEdgeToCFA, INFO)

line 3305: Dead code detected: return (retValue_acc); (CFACreationUtils.addEdgeToCFA, INFO)

line 3337: Dead code detected: return (retValue_acc); (CFACreationUtils.addEdgeToCFA, INFO)

line 3346: Dead code detected: return (retValue_acc); (CFACreationUtils.addEdgeToCFA, INFO)

line 3355: Dead code detected: return (retValue_acc); (CFACreationUtils.addEdgeToCFA, INFO)

line 3380: Dead code detected: return (retValue_acc); (CFACreationUtils.addEdgeToCFA, INFO)

line 265: Function pointer *__cil_tmp10 with type int (*)(int, int) is called, but no possible target functions were found. (CFunctionPointerResolver.getTargets, WARNING)

Using unsound approximation of ints with unbounded integers and floats with unbounded integers for encoding program semantics. (PredicateCPA:FormulaManagerView.<init>, WARNING)

Using predicate analysis with Princess 2023-04-07. (PredicateCPA:PredicateCPA.<init>, INFO)

Using unsound approximation of ints with unbounded integers and floats with unbounded integers for encoding program semantics. (AssumptionStorageCPA:FormulaManagerView.<init>, WARNING)

Starting analysis ... (CPAchecker.runAlgorithm, INFO)

Creating formula for program (AbstractBMCAlgorithm.run, INFO)

Starting satisfiability check... (AbstractBMCAlgorithm.boundedModelCheck, INFO)

Shutdown requested (The CPU-time limit of 900s has elapsed.), waiting for termination. (ForceTerminationOnShutdown$1.shutdownRequested, WARNING)

Shutdown was requested but CPAchecker is still running after 10s, forcing immediate termination now. (ForceTerminationOnShutdown.run, WARNING)

For your information: CPAchecker is currently hanging at
 java.base@17.0.8.1/java.util.stream.Sink$ChainedReference.cancellationRequested(Sink.java:263)
java.... <REMAINING ARGUMENT OMITTED BECAUSE 27900 CHARACTERS LONG> 
 (ForceTerminationOnShutdown.run, INFO)

