scripts/cpa.sh -heap 13000M -stack 50M -noout -benchmark -bmc -setprop cpa.predicate.useArraysForHeap=false -setprop cpa.predicate.memoryAllocationsAlwaysSucceed=true -setprop cpa.loopbound.maxLoopIterations=10 -setprop cpa.predicate.encodeFloatAs=INTEGER -setprop cpa.predicate.encodeBitvectorAs=INTEGER -setprop solver.solver=princess_binary -setprop proveroptions.option=use_binary -timelimit 900s -stats -spec test/programs/benchmarks/properties/unreach-call.prp -64 test/programs/benchmarks/ldv-challenges/linux-3.14_complex_emg_linux-alloc-spinlock_drivers-net-ethernet-chelsio-cxgb3-cxgb3.cil.i


--------------------------------------------------------------------------------


Running CPAchecker with Java heap of size 13000M.
Running CPAchecker with Java stack of size 50M.
Language C detected and set for analysis (CPAMain.detectFrontendLanguageIfNecessary, INFO)

Using the following resource limits: CPU-time limit of 900s (ResourceLimitChecker.fromConfiguration, INFO)

CPAchecker 2.3.1-svn-45350M / bmc (OpenJDK 64-Bit Server VM 17.0.8.1) started (CPAchecker.run, INFO)

Parsing CFA from file(s) "test/programs/benchmarks/ldv-challenges/linux-3.14_complex_emg_linux-alloc-spinlock_drivers-net-ethernet-chelsio-cxgb3-cxgb3.cil.i" (CPAchecker.parse, INFO)

line 7074: Dead code detected: return (1); (CFACreationUtils.addEdgeToCFA, INFO)

line 7124: Dead code detected: goto case_1; (CFACreationUtils.addEdgeToCFA, INFO)

line 7128: Dead code detected: goto case_2; (CFACreationUtils.addEdgeToCFA, INFO)

line 7132: Dead code detected: goto case_4; (CFACreationUtils.addEdgeToCFA, INFO)

line 7139: Dead code detected: goto switch_default; (CFACreationUtils.addEdgeToCFA, INFO)

Dead code detected: Label switch_break is not reachable. (CFAFunctionBuilder.leave, INFO)

Dead code detected: Label switch_default is not reachable. (CFAFunctionBuilder.leave, INFO)

Dead code detected: Label case_4 is not reachable. (CFAFunctionBuilder.leave, INFO)

Dead code detected: Label case_1 is not reachable. (CFAFunctionBuilder.leave, INFO)

Dead code detected: Label case_2 is not reachable. (CFAFunctionBuilder.leave, INFO)

Dead code detected: Label switch_break is not reachable. (CFAFunctionBuilder.leave, INFO)

Dead code detected: Label switch_break is not reachable. (CFAFunctionBuilder.leave, INFO)

Dead code detected: Label switch_break is not reachable. (CFAFunctionBuilder.leave, INFO)

line 12622: Dereferencing of non-pointer type irq_handler_t  in expression *tmp___0 (ASTConverter.convert, WARNING)

line 12956: Dead code detected: goto case_1; (CFACreationUtils.addEdgeToCFA, INFO)

line 12960: Dead code detected: goto case_2; (CFACreationUtils.addEdgeToCFA, INFO)

line 12964: Dead code detected: goto case_4; (CFACreationUtils.addEdgeToCFA, INFO)

line 12971: Dead code detected: goto switch_default; (CFACreationUtils.addEdgeToCFA, INFO)

Dead code detected: Label switch_break is not reachable. (CFAFunctionBuilder.leave, INFO)

Dead code detected: Label switch_default is not reachable. (CFAFunctionBuilder.leave, INFO)

Dead code detected: Label case_4 is not reachable. (CFAFunctionBuilder.leave, INFO)

Dead code detected: Label case_1 is not reachable. (CFAFunctionBuilder.leave, INFO)

Dead code detected: Label case_2 is not reachable. (CFAFunctionBuilder.leave, INFO)

line 15153: Dead code detected: return (arg0); (CFACreationUtils.addEdgeToCFA, INFO)

line 15172: Dead code detected: return (arg0); (CFACreationUtils.addEdgeToCFA, INFO)

line 15175: Dead code detected: return (arg0); (CFACreationUtils.addEdgeToCFA, INFO)

line 15177: Dead code detected: return (arg0); (CFACreationUtils.addEdgeToCFA, INFO)

line 16678: Dead code detected: return; (CFACreationUtils.addEdgeToCFA, INFO)

line 16690: Dead code detected: return; (CFACreationUtils.addEdgeToCFA, INFO)

line 17561: Dead code detected: return; (CFACreationUtils.addEdgeToCFA, INFO)

line 17602: Dead code detected: return (arg0); (CFACreationUtils.addEdgeToCFA, INFO)

line 17603: Dead code detected: return (arg0); (CFACreationUtils.addEdgeToCFA, INFO)

line 17646: Dead code detected: return (arg0); (CFACreationUtils.addEdgeToCFA, INFO)

line 21173: Dead code detected: return; (CFACreationUtils.addEdgeToCFA, INFO)

line 21273: Dead code detected: return (ldv_func_res); (CFACreationUtils.addEdgeToCFA, INFO)

line 21351: Dead code detected: return (ldv_func_res); (CFACreationUtils.addEdgeToCFA, INFO)

line 21379: Dead code detected: return (ldv_func_res); (CFACreationUtils.addEdgeToCFA, INFO)

line 21455: Dead code detected: return (ldv_func_res); (CFACreationUtils.addEdgeToCFA, INFO)

line 21470: Dead code detected: return (ldv_func_res); (CFACreationUtils.addEdgeToCFA, INFO)

line 21517: Dead code detected: return (ldv_func_res); (CFACreationUtils.addEdgeToCFA, INFO)

Dead code detected: Label switch_break is not reachable. (CFAFunctionBuilder.leave, INFO)

line 31594: Dead code detected: goto case_1; (CFACreationUtils.addEdgeToCFA, INFO)

line 31598: Dead code detected: goto case_2; (CFACreationUtils.addEdgeToCFA, INFO)

line 31606: Dead code detected: goto case_8; (CFACreationUtils.addEdgeToCFA, INFO)

line 31609: Dead code detected: goto switch_default; (CFACreationUtils.addEdgeToCFA, INFO)

Dead code detected: Label case_8 is not reachable. (CFAFunctionBuilder.leave, INFO)

Dead code detected: Label switch_break is not reachable. (CFAFunctionBuilder.leave, INFO)

Dead code detected: Label switch_default is not reachable. (CFAFunctionBuilder.leave, INFO)

Dead code detected: Label case_1 is not reachable. (CFAFunctionBuilder.leave, INFO)

Dead code detected: Label case_2 is not reachable. (CFAFunctionBuilder.leave, INFO)

line 32758: Dead code detected: goto case_1; (CFACreationUtils.addEdgeToCFA, INFO)

line 32777: Dead code detected: goto case_1___0; (CFACreationUtils.addEdgeToCFA, INFO)

line 32781: Dead code detected: goto case_2; (CFACreationUtils.addEdgeToCFA, INFO)

line 32789: Dead code detected: goto case_8; (CFACreationUtils.addEdgeToCFA, INFO)

line 32792: Dead code detected: goto switch_default; (CFACreationUtils.addEdgeToCFA, INFO)

line 32762: Dead code detected: goto case_2___0; (CFACreationUtils.addEdgeToCFA, INFO)

line 32817: Dead code detected: goto case_1___1; (CFACreationUtils.addEdgeToCFA, INFO)

line 32821: Dead code detected: goto case_2___1; (CFACreationUtils.addEdgeToCFA, INFO)

line 32829: Dead code detected: goto case_8___0; (CFACreationUtils.addEdgeToCFA, INFO)

line 32832: Dead code detected: goto switch_default___0; (CFACreationUtils.addEdgeToCFA, INFO)

line 32857: Dead code detected: goto case_1___2; (CFACreationUtils.addEdgeToCFA, INFO)

line 32861: Dead code detected: goto case_2___2; (CFACreationUtils.addEdgeToCFA, INFO)

line 32869: Dead code detected: goto case_8___1; (CFACreationUtils.addEdgeToCFA, INFO)

line 32872: Dead code detected: goto switch_default___1; (CFACreationUtils.addEdgeToCFA, INFO)

line 32770: Dead code detected: goto case_8___2; (CFACreationUtils.addEdgeToCFA, INFO)

line 32897: Dead code detected: goto case_1___3; (CFACreationUtils.addEdgeToCFA, INFO)

line 32901: Dead code detected: goto case_2___3; (CFACreationUtils.addEdgeToCFA, INFO)

line 32909: Dead code detected: goto case_8___3; (CFACreationUtils.addEdgeToCFA, INFO)

line 32912: Dead code detected: goto switch_default___2; (CFACreationUtils.addEdgeToCFA, INFO)

line 32773: Dead code detected: goto switch_default___3; (CFACreationUtils.addEdgeToCFA, INFO)

Dead code detected: Label case_4___0 is not reachable. (CFAFunctionBuilder.leave, INFO)

Dead code detected: Label case_4___3 is not reachable. (CFAFunctionBuilder.leave, INFO)

Dead code detected: Label case_8___3 is not reachable. (CFAFunctionBuilder.leave, INFO)

Dead code detected: Label case_8___2 is not reachable. (CFAFunctionBuilder.leave, INFO)

Dead code detected: Label case_8___1 is not reachable. (CFAFunctionBuilder.leave, INFO)

Dead code detected: Label case_8 is not reachable. (CFAFunctionBuilder.leave, INFO)

Dead code detected: Label case_8___0 is not reachable. (CFAFunctionBuilder.leave, INFO)

Dead code detected: Label case_4 is not reachable. (CFAFunctionBuilder.leave, INFO)

Dead code detected: Label case_1 is not reachable. (CFAFunctionBuilder.leave, INFO)

Dead code detected: Label case_2 is not reachable. (CFAFunctionBuilder.leave, INFO)

Dead code detected: Label switch_break is not reachable. (CFAFunctionBuilder.leave, INFO)

Dead code detected: Label switch_default is not reachable. (CFAFunctionBuilder.leave, INFO)

Dead code detected: Label case_2___2 is not reachable. (CFAFunctionBuilder.leave, INFO)

Dead code detected: Label case_2___3 is not reachable. (CFAFunctionBuilder.leave, INFO)

Dead code detected: Label case_2___0 is not reachable. (CFAFunctionBuilder.leave, INFO)

Dead code detected: Label case_2___1 is not reachable. (CFAFunctionBuilder.leave, INFO)

Dead code detected: Label case_1___1 is not reachable. (CFAFunctionBuilder.leave, INFO)

Dead code detected: Label case_1___2 is not reachable. (CFAFunctionBuilder.leave, INFO)

Dead code detected: Label case_1___3 is not reachable. (CFAFunctionBuilder.leave, INFO)

Dead code detected: Label case_1___0 is not reachable. (CFAFunctionBuilder.leave, INFO)

line 37152: Dead code detected: return (ldv_func_res); (CFACreationUtils.addEdgeToCFA, INFO)

line 37237: Dead code detected: return (ldv_func_res); (CFACreationUtils.addEdgeToCFA, INFO)

line 37252: Dead code detected: return (ldv_func_res); (CFACreationUtils.addEdgeToCFA, INFO)

line 37267: Dead code detected: return (ldv_func_res); (CFACreationUtils.addEdgeToCFA, INFO)

line 37292: Dead code detected: return (ldv_func_res); (CFACreationUtils.addEdgeToCFA, INFO)

line 37307: Dead code detected: return (ldv_func_res); (CFACreationUtils.addEdgeToCFA, INFO)

line 37322: Dead code detected: return (ldv_func_res); (CFACreationUtils.addEdgeToCFA, INFO)

line 37337: Dead code detected: return (ldv_func_res); (CFACreationUtils.addEdgeToCFA, INFO)

line 37352: Dead code detected: return (ldv_func_res); (CFACreationUtils.addEdgeToCFA, INFO)

line 37382: Dead code detected: return (1); (CFACreationUtils.addEdgeToCFA, INFO)

line 37392: Dead code detected: goto case_1; (CFACreationUtils.addEdgeToCFA, INFO)

line 37396: Dead code detected: goto case_2; (CFACreationUtils.addEdgeToCFA, INFO)

line 37404: Dead code detected: goto case_8; (CFACreationUtils.addEdgeToCFA, INFO)

line 37407: Dead code detected: goto switch_default; (CFACreationUtils.addEdgeToCFA, INFO)

Dead code detected: Label case_8 is not reachable. (CFAFunctionBuilder.leave, INFO)

Dead code detected: Label switch_break is not reachable. (CFAFunctionBuilder.leave, INFO)

Dead code detected: Label switch_default is not reachable. (CFAFunctionBuilder.leave, INFO)

Dead code detected: Label case_1 is not reachable. (CFAFunctionBuilder.leave, INFO)

Dead code detected: Label case_2 is not reachable. (CFAFunctionBuilder.leave, INFO)

line 37448: Dead code detected: goto case_1; (CFACreationUtils.addEdgeToCFA, INFO)

line 37452: Dead code detected: goto case_2; (CFACreationUtils.addEdgeToCFA, INFO)

line 37460: Dead code detected: goto case_8; (CFACreationUtils.addEdgeToCFA, INFO)

line 37463: Dead code detected: goto switch_default; (CFACreationUtils.addEdgeToCFA, INFO)

Dead code detected: Label case_8 is not reachable. (CFAFunctionBuilder.leave, INFO)

Dead code detected: Label switch_break is not reachable. (CFAFunctionBuilder.leave, INFO)

Dead code detected: Label switch_default is not reachable. (CFAFunctionBuilder.leave, INFO)

Dead code detected: Label case_1 is not reachable. (CFAFunctionBuilder.leave, INFO)

Dead code detected: Label case_2 is not reachable. (CFAFunctionBuilder.leave, INFO)

line 37521: Dead code detected: goto case_1; (CFACreationUtils.addEdgeToCFA, INFO)

line 37525: Dead code detected: goto case_2; (CFACreationUtils.addEdgeToCFA, INFO)

line 37533: Dead code detected: goto case_8; (CFACreationUtils.addEdgeToCFA, INFO)

line 37536: Dead code detected: goto switch_default; (CFACreationUtils.addEdgeToCFA, INFO)

Dead code detected: Label case_8 is not reachable. (CFAFunctionBuilder.leave, INFO)

Dead code detected: Label switch_break is not reachable. (CFAFunctionBuilder.leave, INFO)

Dead code detected: Label switch_default is not reachable. (CFAFunctionBuilder.leave, INFO)

Dead code detected: Label case_1 is not reachable. (CFAFunctionBuilder.leave, INFO)

Dead code detected: Label case_2 is not reachable. (CFAFunctionBuilder.leave, INFO)

line 38740: Dead code detected: goto case_1; (CFACreationUtils.addEdgeToCFA, INFO)

line 38744: Dead code detected: goto case_2; (CFACreationUtils.addEdgeToCFA, INFO)

line 38752: Dead code detected: goto case_8; (CFACreationUtils.addEdgeToCFA, INFO)

line 38755: Dead code detected: goto switch_default; (CFACreationUtils.addEdgeToCFA, INFO)

Dead code detected: Label case_8 is not reachable. (CFAFunctionBuilder.leave, INFO)

Dead code detected: Label switch_break is not reachable. (CFAFunctionBuilder.leave, INFO)

Dead code detected: Label switch_default is not reachable. (CFAFunctionBuilder.leave, INFO)

Dead code detected: Label case_1 is not reachable. (CFAFunctionBuilder.leave, INFO)

Dead code detected: Label case_2 is not reachable. (CFAFunctionBuilder.leave, INFO)

line 38813: Dead code detected: goto case_1; (CFACreationUtils.addEdgeToCFA, INFO)

line 38817: Dead code detected: goto case_2; (CFACreationUtils.addEdgeToCFA, INFO)

line 38825: Dead code detected: goto case_8; (CFACreationUtils.addEdgeToCFA, INFO)

line 38828: Dead code detected: goto switch_default; (CFACreationUtils.addEdgeToCFA, INFO)

Dead code detected: Label case_8 is not reachable. (CFAFunctionBuilder.leave, INFO)

Dead code detected: Label switch_break is not reachable. (CFAFunctionBuilder.leave, INFO)

Dead code detected: Label switch_default is not reachable. (CFAFunctionBuilder.leave, INFO)

Dead code detected: Label case_1 is not reachable. (CFAFunctionBuilder.leave, INFO)

Dead code detected: Label case_2 is not reachable. (CFAFunctionBuilder.leave, INFO)

Dead code detected: Label switch_break is not reachable. (CFAFunctionBuilder.leave, INFO)

line 40284: Dead code detected: goto case_1; (CFACreationUtils.addEdgeToCFA, INFO)

line 40288: Dead code detected: goto case_2; (CFACreationUtils.addEdgeToCFA, INFO)

line 40292: Dead code detected: goto case_4; (CFACreationUtils.addEdgeToCFA, INFO)

line 40299: Dead code detected: goto switch_default; (CFACreationUtils.addEdgeToCFA, INFO)

Dead code detected: Label switch_break is not reachable. (CFAFunctionBuilder.leave, INFO)

Dead code detected: Label switch_default is not reachable. (CFAFunctionBuilder.leave, INFO)

Dead code detected: Label case_4 is not reachable. (CFAFunctionBuilder.leave, INFO)

Dead code detected: Label case_1 is not reachable. (CFAFunctionBuilder.leave, INFO)

Dead code detected: Label case_2 is not reachable. (CFAFunctionBuilder.leave, INFO)

Dead code detected: Label switch_break is not reachable. (CFAFunctionBuilder.leave, INFO)

line 41013: Dereferencing of non-pointer type cpl_handler_func  in expression *(cpl_handlers[opcode]) (ASTConverter.convert, WARNING)

line 41857: Dead code detected: return (arg0); (CFACreationUtils.addEdgeToCFA, INFO)

line 41949: Dead code detected: return (arg0); (CFACreationUtils.addEdgeToCFA, INFO)

line 42056: Dead code detected: return (ldv_func_res); (CFACreationUtils.addEdgeToCFA, INFO)

line 42071: Dead code detected: return (ldv_func_res); (CFACreationUtils.addEdgeToCFA, INFO)

Inline assembler ignored, analysis is probably unsound! (CFABuilder.createCFA, WARNING)

line 39388: Function pointer *(client->add) with type void (*)(struct t3cdev *) is called, but no possible target functions were found. (CFunctionPointerResolver.getTargets, WARNING)

line 39453: Function pointer *(client->event_handler) with type void (*)(struct t3cdev *, u32 , u32 ) is called, but no possible target functions were found. (CFunctionPointerResolver.getTargets, WARNING)

line 35431: Function pointer *(pi->iscsic.recv) with type int (*)(struct port_info *, struct sk_buff *) is called, but no possible target functions were found. (CFunctionPointerResolver.getTargets, WARNING)

line 39296: Function pointer *(client->add) with type void (*)(struct t3cdev *) is called, but no possible target functions were found. (CFunctionPointerResolver.getTargets, WARNING)

line 39420: Function pointer *(client->remove) with type void (*)(struct t3cdev *) is called, but no possible target functions were found. (CFunctionPointerResolver.getTargets, WARNING)

line 39345: Function pointer *(client->remove) with type void (*)(struct t3cdev *) is called, but no possible target functions were found. (CFunctionPointerResolver.getTargets, WARNING)

line 41253: Function pointer *(te->client->redirect) with type int (*)(void *, struct dst_entry *, struct dst_entry *, struct l2t_entry *) is called, but no possible target functions were found. (CFunctionPointerResolver.getTargets, WARNING)

line 32168: Function pointer *(ops->alloc) with type void *(*)(struct device *, size_t , dma_addr_t *, gfp_t , struct dma_attrs *) is called, but no possible target functions were found. (CFunctionPointerResolver.getTargets, WARNING)

line 32207: Function pointer *(ops->free) with type void (*)(struct device *, size_t , void *, dma_addr_t , struct dma_attrs *) is called, but no possible target functions were found. (CFunctionPointerResolver.getTargets, WARNING)

line 31963: Function pointer *(ops->map_page) with type dma_addr_t (*)(struct device *, struct page *, unsigned long, size_t , enum dma_data_direction , struct dma_attrs *) is called, but no possible target functions were found. (CFunctionPointerResolver.getTargets, WARNING)

line 31889: Function pointer *(ops->map_page) with type dma_addr_t (*)(struct device *, struct page *, unsigned long, size_t , enum dma_data_direction , struct dma_attrs *) is called, but no possible target functions were found. (CFunctionPointerResolver.getTargets, WARNING)

line 32094: Function pointer *(ops->mapping_error) with type int (*)(struct device *, dma_addr_t ) is called, but no possible target functions were found. (CFunctionPointerResolver.getTargets, WARNING)

line 32033: Function pointer *(ops->sync_single_for_cpu) with type void (*)(struct device *, dma_addr_t , size_t , enum dma_data_direction ) is called, but no possible target functions were found. (CFunctionPointerResolver.getTargets, WARNING)

line 32070: Function pointer *(ops->sync_single_for_device) with type void (*)(struct device *, dma_addr_t , size_t , enum dma_data_direction ) is called, but no possible target functions were found. (CFunctionPointerResolver.getTargets, WARNING)

line 31996: Function pointer *(ops->unmap_page) with type void (*)(struct device *, dma_addr_t , size_t , enum dma_data_direction , struct dma_attrs *) is called, but no possible target functions were found. (CFunctionPointerResolver.getTargets, WARNING)

line 31926: Function pointer *(ops->unmap_page) with type void (*)(struct device *, dma_addr_t , size_t , enum dma_data_direction , struct dma_attrs *) is called, but no possible target functions were found. (CFunctionPointerResolver.getTargets, WARNING)

line 40752: Function pointer *(*((t3c_tid->client->handlers) + ((unsigned long)(p->opcode)))) with type signed int (*(*)(struct t3cdev {
  char name[16U];
  enum t3ctype type;
  struct list_head ofld_dev_list;
  struct net_device *lldev;
  struct proc_dir_entry *proc_dir;
  int (*send)(struct t3cdev *, struct sk_buff *);
  int (*recv)(struct t3cdev *, struct sk_buff **, int);
  int (*ctl)(struct t3cdev *, unsigned int, void *);
  void (*neigh_update)(struct t3cdev *, struct neighbour *);
  void *priv;
  void *l2opt;
  void *l3opt;
  void *l4opt;
  void *ulp;
  void *ulp_iscsi;
} *, struct sk_buff {
  struct sk_buff *next;
  struct sk_buff *prev;
  ktime_t tstamp;
  struct sock *sk;
  struct net_device *dev;
  char cb[48U];
  unsigned long _skb_refdst;
  struct sec_path *sp;
  unsigned int len;
  unsigned int data_len;
  __u16 mac_len;
  __u16 hdr_len;
  union __anonunion____missing_field_name_218 __annonCompField68;
  __u32 priority;
  __u8 local_df : 1;
  __u8 cloned : 1;
  __u8 ip_summed : 2;
  __u8 nohdr : 1;
  __u8 nfctinfo : 3;
  __u8 pkt_type : 3;
  __u8 fclone : 2;
  __u8 ipvs_property : 1;
  __u8 peeked : 1;
  __u8 nf_trace : 1;
  __be16 protocol;
  void (*destructor)(struct sk_buff *);
  struct nf_conntrack *nfct;
  struct nf_bridge_info *nf_bridge;
  int skb_iif;
  __u32 rxhash;
  __be16 vlan_proto;
  __u16 vlan_tci;
  __u16 tc_index;
  __u16 tc_verd;
  __u16 queue_mapping;
  __u8 ndisc_nodetype : 2;
  __u8 pfmemalloc : 1;
  __u8 ooo_okay : 1;
  __u8 l4_rxhash : 1;
  __u8 wifi_acked_valid : 1;
  __u8 wifi_acked : 1;
  __u8 no_fcs : 1;
  __u8 head_frag : 1;
  __u8 encapsulation : 1;
  union __anonunion____missing_field_name_220 __annonCompField69;
  __u32 secmark;
  union __anonunion____missing_field_name_221 __annonCompField70;
  __be16 inner_protocol;
  __u16 inner_transport_header;
  __u16 inner_network_header;
  __u16 inner_mac_header;
  __u16 transport_header;
  __u16 network_header;
  __u16 mac_header;
  sk_buff_data_t tail;
  sk_buff_data_t end;
  unsigned char *head;
  unsigned char *data;
  unsigned int truesize;
  atomic_t users;
} *, void *))(struct t3cdev {
  char name[16U];
  enum t3ctype type;
  struct list_head ofld_dev_list;
  struct net_device *lldev;
  struct proc_dir_entry *proc_dir;
  int (*send)(struct t3cdev *, struct sk_buff *);
  int (*recv)(struct t3cdev *, struct sk_buff **, int);
  int (*ctl)(struct t3cdev *, unsigned int, void *);
  void (*neigh_update)(struct t3cdev *, struct neighbour *);
  void *priv;
  void *l2opt;
  void *l3opt;
  void *l4opt;
  void *ulp;
  void *ulp_iscsi;
} *, struct sk_buff {
  struct sk_buff *next;
  struct sk_buff *prev;
  ktime_t tstamp;
  struct sock *sk;
  struct net_device *dev;
  char cb[48U];
  unsigned long _skb_refdst;
  struct sec_path *sp;
  unsigned int len;
  unsigned int data_len;
  __u16 mac_len;
  __u16 hdr_len;
  union __anonunion____missing_field_name_218 __annonCompField68;
  __u32 priority;
  __u8 local_df : 1;
  __u8 cloned : 1;
  __u8 ip_summed : 2;
  __u8 nohdr : 1;
  __u8 nfctinfo : 3;
  __u8 pkt_type : 3;
  __u8 fclone : 2;
  __u8 ipvs_property : 1;
  __u8 peeked : 1;
  __u8 nf_trace : 1;
  __be16 protocol;
  void (*destructor)(struct sk_buff *);
  struct nf_conntrack *nfct;
  struct nf_bridge_info *nf_bridge;
  int skb_iif;
  __u32 rxhash;
  __be16 vlan_proto;
  __u16 vlan_tci;
  __u16 tc_index;
  __u16 tc_verd;
  __u16 queue_mapping;
  __u8 ndisc_nodetype : 2;
  __u8 pfmemalloc : 1;
  __u8 ooo_okay : 1;
  __u8 l4_rxhash : 1;
  __u8 wifi_acked_valid : 1;
  __u8 wifi_acked : 1;
  __u8 no_fcs : 1;
  __u8 head_frag : 1;
  __u8 encapsulation : 1;
  union __anonunion____missing_field_name_220 __annonCompField69;
  __u32 secmark;
  union __anonunion____missing_field_name_221 __annonCompField70;
  __be16 inner_protocol;
  __u16 inner_transport_header;
  __u16 inner_network_header;
  __u16 inner_mac_header;
  __u16 transport_header;
  __u16 network_header;
  __u16 mac_header;
  sk_buff_data_t tail;
  sk_buff_data_t end;
  unsigned char *head;
  unsigned char *data;
  unsigned int truesize;
  atomic_t users;
} *, void *) is called, but no possible target functions were found. (CFunctionPointerResolver.getTargets, WARNING)

line 40839: Function pointer *(*((t3c_tid->client->handlers) + 80UL)) with type signed int (*(*)(struct t3cdev {
  char name[16U];
  enum t3ctype type;
  struct list_head ofld_dev_list;
  struct net_device *lldev;
  struct proc_dir_entry *proc_dir;
  int (*send)(struct t3cdev *, struct sk_buff *);
  int (*recv)(struct t3cdev *, struct sk_buff **, int);
  int (*ctl)(struct t3cdev *, unsigned int, void *);
  void (*neigh_update)(struct t3cdev *, struct neighbour *);
  void *priv;
  void *l2opt;
  void *l3opt;
  void *l4opt;
  void *ulp;
  void *ulp_iscsi;
} *, struct sk_buff {
  struct sk_buff *next;
  struct sk_buff *prev;
  ktime_t tstamp;
  struct sock *sk;
  struct net_device *dev;
  char cb[48U];
  unsigned long _skb_refdst;
  struct sec_path *sp;
  unsigned int len;
  unsigned int data_len;
  __u16 mac_len;
  __u16 hdr_len;
  union __anonunion____missing_field_name_218 __annonCompField68;
  __u32 priority;
  __u8 local_df : 1;
  __u8 cloned : 1;
  __u8 ip_summed : 2;
  __u8 nohdr : 1;
  __u8 nfctinfo : 3;
  __u8 pkt_type : 3;
  __u8 fclone : 2;
  __u8 ipvs_property : 1;
  __u8 peeked : 1;
  __u8 nf_trace : 1;
  __be16 protocol;
  void (*destructor)(struct sk_buff *);
  struct nf_conntrack *nfct;
  struct nf_bridge_info *nf_bridge;
  int skb_iif;
  __u32 rxhash;
  __be16 vlan_proto;
  __u16 vlan_tci;
  __u16 tc_index;
  __u16 tc_verd;
  __u16 queue_mapping;
  __u8 ndisc_nodetype : 2;
  __u8 pfmemalloc : 1;
  __u8 ooo_okay : 1;
  __u8 l4_rxhash : 1;
  __u8 wifi_acked_valid : 1;
  __u8 wifi_acked : 1;
  __u8 no_fcs : 1;
  __u8 head_frag : 1;
  __u8 encapsulation : 1;
  union __anonunion____missing_field_name_220 __annonCompField69;
  __u32 secmark;
  union __anonunion____missing_field_name_221 __annonCompField70;
  __be16 inner_protocol;
  __u16 inner_transport_header;
  __u16 inner_network_header;
  __u16 inner_mac_header;
  __u16 transport_header;
  __u16 network_header;
  __u16 mac_header;
  sk_buff_data_t tail;
  sk_buff_data_t end;
  unsigned char *head;
  unsigned char *data;
  unsigned int truesize;
  atomic_t users;
} *, void *))(struct t3cdev {
  char name[16U];
  enum t3ctype type;
  struct list_head ofld_dev_list;
  struct net_device *lldev;
  struct proc_dir_entry *proc_dir;
  int (*send)(struct t3cdev *, struct sk_buff *);
  int (*recv)(struct t3cdev *, struct sk_buff **, int);
  int (*ctl)(struct t3cdev *, unsigned int, void *);
  void (*neigh_update)(struct t3cdev *, struct neighbour *);
  void *priv;
  void *l2opt;
  void *l3opt;
  void *l4opt;
  void *ulp;
  void *ulp_iscsi;
} *, struct sk_buff {
  struct sk_buff *next;
  struct sk_buff *prev;
  ktime_t tstamp;
  struct sock *sk;
  struct net_device *dev;
  char cb[48U];
  unsigned long _skb_refdst;
  struct sec_path *sp;
  unsigned int len;
  unsigned int data_len;
  __u16 mac_len;
  __u16 hdr_len;
  union __anonunion____missing_field_name_218 __annonCompField68;
  __u32 priority;
  __u8 local_df : 1;
  __u8 cloned : 1;
  __u8 ip_summed : 2;
  __u8 nohdr : 1;
  __u8 nfctinfo : 3;
  __u8 pkt_type : 3;
  __u8 fclone : 2;
  __u8 ipvs_property : 1;
  __u8 peeked : 1;
  __u8 nf_trace : 1;
  __be16 protocol;
  void (*destructor)(struct sk_buff *);
  struct nf_conntrack *nfct;
  struct nf_bridge_info *nf_bridge;
  int skb_iif;
  __u32 rxhash;
  __be16 vlan_proto;
  __u16 vlan_tci;
  __u16 tc_index;
  __u16 tc_verd;
  __u16 queue_mapping;
  __u8 ndisc_nodetype : 2;
  __u8 pfmemalloc : 1;
  __u8 ooo_okay : 1;
  __u8 l4_rxhash : 1;
  __u8 wifi_acked_valid : 1;
  __u8 wifi_acked : 1;
  __u8 no_fcs : 1;
  __u8 head_frag : 1;
  __u8 encapsulation : 1;
  union __anonunion____missing_field_name_220 __annonCompField69;
  __u32 secmark;
  union __anonunion____missing_field_name_221 __annonCompField70;
  __be16 inner_protocol;
  __u16 inner_transport_header;
  __u16 inner_network_header;
  __u16 inner_mac_header;
  __u16 transport_header;
  __u16 network_header;
  __u16 mac_header;
  sk_buff_data_t tail;
  sk_buff_data_t end;
  unsigned char *head;
  unsigned char *data;
  unsigned int truesize;
  atomic_t users;
} *, void *) is called, but no possible target functions were found. (CFunctionPointerResolver.getTargets, WARNING)

line 40538: Function pointer *(*((t3c_tid->client->handlers) + 64UL)) with type signed int (*(*)(struct t3cdev {
  char name[16U];
  enum t3ctype type;
  struct list_head ofld_dev_list;
  struct net_device *lldev;
  struct proc_dir_entry *proc_dir;
  int (*send)(struct t3cdev *, struct sk_buff *);
  int (*recv)(struct t3cdev *, struct sk_buff **, int);
  int (*ctl)(struct t3cdev *, unsigned int, void *);
  void (*neigh_update)(struct t3cdev *, struct neighbour *);
  void *priv;
  void *l2opt;
  void *l3opt;
  void *l4opt;
  void *ulp;
  void *ulp_iscsi;
} *, struct sk_buff {
  struct sk_buff *next;
  struct sk_buff *prev;
  ktime_t tstamp;
  struct sock *sk;
  struct net_device *dev;
  char cb[48U];
  unsigned long _skb_refdst;
  struct sec_path *sp;
  unsigned int len;
  unsigned int data_len;
  __u16 mac_len;
  __u16 hdr_len;
  union __anonunion____missing_field_name_218 __annonCompField68;
  __u32 priority;
  __u8 local_df : 1;
  __u8 cloned : 1;
  __u8 ip_summed : 2;
  __u8 nohdr : 1;
  __u8 nfctinfo : 3;
  __u8 pkt_type : 3;
  __u8 fclone : 2;
  __u8 ipvs_property : 1;
  __u8 peeked : 1;
  __u8 nf_trace : 1;
  __be16 protocol;
  void (*destructor)(struct sk_buff *);
  struct nf_conntrack *nfct;
  struct nf_bridge_info *nf_bridge;
  int skb_iif;
  __u32 rxhash;
  __be16 vlan_proto;
  __u16 vlan_tci;
  __u16 tc_index;
  __u16 tc_verd;
  __u16 queue_mapping;
  __u8 ndisc_nodetype : 2;
  __u8 pfmemalloc : 1;
  __u8 ooo_okay : 1;
  __u8 l4_rxhash : 1;
  __u8 wifi_acked_valid : 1;
  __u8 wifi_acked : 1;
  __u8 no_fcs : 1;
  __u8 head_frag : 1;
  __u8 encapsulation : 1;
  union __anonunion____missing_field_name_220 __annonCompField69;
  __u32 secmark;
  union __anonunion____missing_field_name_221 __annonCompField70;
  __be16 inner_protocol;
  __u16 inner_transport_header;
  __u16 inner_network_header;
  __u16 inner_mac_header;
  __u16 transport_header;
  __u16 network_header;
  __u16 mac_header;
  sk_buff_data_t tail;
  sk_buff_data_t end;
  unsigned char *head;
  unsigned char *data;
  unsigned int truesize;
  atomic_t users;
} *, void *))(struct t3cdev {
  char name[16U];
  enum t3ctype type;
  struct list_head ofld_dev_list;
  struct net_device *lldev;
  struct proc_dir_entry *proc_dir;
  int (*send)(struct t3cdev *, struct sk_buff *);
  int (*recv)(struct t3cdev *, struct sk_buff **, int);
  int (*ctl)(struct t3cdev *, unsigned int, void *);
  void (*neigh_update)(struct t3cdev *, struct neighbour *);
  void *priv;
  void *l2opt;
  void *l3opt;
  void *l4opt;
  void *ulp;
  void *ulp_iscsi;
} *, struct sk_buff {
  struct sk_buff *next;
  struct sk_buff *prev;
  ktime_t tstamp;
  struct sock *sk;
  struct net_device *dev;
  char cb[48U];
  unsigned long _skb_refdst;
  struct sec_path *sp;
  unsigned int len;
  unsigned int data_len;
  __u16 mac_len;
  __u16 hdr_len;
  union __anonunion____missing_field_name_218 __annonCompField68;
  __u32 priority;
  __u8 local_df : 1;
  __u8 cloned : 1;
  __u8 ip_summed : 2;
  __u8 nohdr : 1;
  __u8 nfctinfo : 3;
  __u8 pkt_type : 3;
  __u8 fclone : 2;
  __u8 ipvs_property : 1;
  __u8 peeked : 1;
  __u8 nf_trace : 1;
  __be16 protocol;
  void (*destructor)(struct sk_buff *);
  struct nf_conntrack *nfct;
  struct nf_bridge_info *nf_bridge;
  int skb_iif;
  __u32 rxhash;
  __be16 vlan_proto;
  __u16 vlan_tci;
  __u16 tc_index;
  __u16 tc_verd;
  __u16 queue_mapping;
  __u8 ndisc_nodetype : 2;
  __u8 pfmemalloc : 1;
  __u8 ooo_okay : 1;
  __u8 l4_rxhash : 1;
  __u8 wifi_acked_valid : 1;
  __u8 wifi_acked : 1;
  __u8 no_fcs : 1;
  __u8 head_frag : 1;
  __u8 encapsulation : 1;
  union __anonunion____missing_field_name_220 __annonCompField69;
  __u32 secmark;
  union __anonunion____missing_field_name_221 __annonCompField70;
  __be16 inner_protocol;
  __u16 inner_transport_header;
  __u16 inner_network_header;
  __u16 inner_mac_header;
  __u16 transport_header;
  __u16 network_header;
  __u16 mac_header;
  sk_buff_data_t tail;
  sk_buff_data_t end;
  unsigned char *head;
  unsigned char *data;
  unsigned int truesize;
  atomic_t users;
} *, void *) is called, but no possible target functions were found. (CFunctionPointerResolver.getTargets, WARNING)

line 40666: Function pointer *(*((t3c_tid->client->handlers) + 112UL)) with type signed int (*(*)(struct t3cdev {
  char name[16U];
  enum t3ctype type;
  struct list_head ofld_dev_list;
  struct net_device *lldev;
  struct proc_dir_entry *proc_dir;
  int (*send)(struct t3cdev *, struct sk_buff *);
  int (*recv)(struct t3cdev *, struct sk_buff **, int);
  int (*ctl)(struct t3cdev *, unsigned int, void *);
  void (*neigh_update)(struct t3cdev *, struct neighbour *);
  void *priv;
  void *l2opt;
  void *l3opt;
  void *l4opt;
  void *ulp;
  void *ulp_iscsi;
} *, struct sk_buff {
  struct sk_buff *next;
  struct sk_buff *prev;
  ktime_t tstamp;
  struct sock *sk;
  struct net_device *dev;
  char cb[48U];
  unsigned long _skb_refdst;
  struct sec_path *sp;
  unsigned int len;
  unsigned int data_len;
  __u16 mac_len;
  __u16 hdr_len;
  union __anonunion____missing_field_name_218 __annonCompField68;
  __u32 priority;
  __u8 local_df : 1;
  __u8 cloned : 1;
  __u8 ip_summed : 2;
  __u8 nohdr : 1;
  __u8 nfctinfo : 3;
  __u8 pkt_type : 3;
  __u8 fclone : 2;
  __u8 ipvs_property : 1;
  __u8 peeked : 1;
  __u8 nf_trace : 1;
  __be16 protocol;
  void (*destructor)(struct sk_buff *);
  struct nf_conntrack *nfct;
  struct nf_bridge_info *nf_bridge;
  int skb_iif;
  __u32 rxhash;
  __be16 vlan_proto;
  __u16 vlan_tci;
  __u16 tc_index;
  __u16 tc_verd;
  __u16 queue_mapping;
  __u8 ndisc_nodetype : 2;
  __u8 pfmemalloc : 1;
  __u8 ooo_okay : 1;
  __u8 l4_rxhash : 1;
  __u8 wifi_acked_valid : 1;
  __u8 wifi_acked : 1;
  __u8 no_fcs : 1;
  __u8 head_frag : 1;
  __u8 encapsulation : 1;
  union __anonunion____missing_field_name_220 __annonCompField69;
  __u32 secmark;
  union __anonunion____missing_field_name_221 __annonCompField70;
  __be16 inner_protocol;
  __u16 inner_transport_header;
  __u16 inner_network_header;
  __u16 inner_mac_header;
  __u16 transport_header;
  __u16 network_header;
  __u16 mac_header;
  sk_buff_data_t tail;
  sk_buff_data_t end;
  unsigned char *head;
  unsigned char *data;
  unsigned int truesize;
  atomic_t users;
} *, void *))(struct t3cdev {
  char name[16U];
  enum t3ctype type;
  struct list_head ofld_dev_list;
  struct net_device *lldev;
  struct proc_dir_entry *proc_dir;
  int (*send)(struct t3cdev *, struct sk_buff *);
  int (*recv)(struct t3cdev *, struct sk_buff **, int);
  int (*ctl)(struct t3cdev *, unsigned int, void *);
  void (*neigh_update)(struct t3cdev *, struct neighbour *);
  void *priv;
  void *l2opt;
  void *l3opt;
  void *l4opt;
  void *ulp;
  void *ulp_iscsi;
} *, struct sk_buff {
  struct sk_buff *next;
  struct sk_buff *prev;
  ktime_t tstamp;
  struct sock *sk;
  struct net_device *dev;
  char cb[48U];
  unsigned long _skb_refdst;
  struct sec_path *sp;
  unsigned int len;
  unsigned int data_len;
  __u16 mac_len;
  __u16 hdr_len;
  union __anonunion____missing_field_name_218 __annonCompField68;
  __u32 priority;
  __u8 local_df : 1;
  __u8 cloned : 1;
  __u8 ip_summed : 2;
  __u8 nohdr : 1;
  __u8 nfctinfo : 3;
  __u8 pkt_type : 3;
  __u8 fclone : 2;
  __u8 ipvs_property : 1;
  __u8 peeked : 1;
  __u8 nf_trace : 1;
  __be16 protocol;
  void (*destructor)(struct sk_buff *);
  struct nf_conntrack *nfct;
  struct nf_bridge_info *nf_bridge;
  int skb_iif;
  __u32 rxhash;
  __be16 vlan_proto;
  __u16 vlan_tci;
  __u16 tc_index;
  __u16 tc_verd;
  __u16 queue_mapping;
  __u8 ndisc_nodetype : 2;
  __u8 pfmemalloc : 1;
  __u8 ooo_okay : 1;
  __u8 l4_rxhash : 1;
  __u8 wifi_acked_valid : 1;
  __u8 wifi_acked : 1;
  __u8 no_fcs : 1;
  __u8 head_frag : 1;
  __u8 encapsulation : 1;
  union __anonunion____missing_field_name_220 __annonCompField69;
  __u32 secmark;
  union __anonunion____missing_field_name_221 __annonCompField70;
  __be16 inner_protocol;
  __u16 inner_transport_header;
  __u16 inner_network_header;
  __u16 inner_mac_header;
  __u16 transport_header;
  __u16 network_header;
  __u16 mac_header;
  sk_buff_data_t tail;
  sk_buff_data_t end;
  unsigned char *head;
  unsigned char *data;
  unsigned int truesize;
  atomic_t users;
} *, void *) is called, but no possible target functions were found. (CFunctionPointerResolver.getTargets, WARNING)

line 40610: Function pointer *(*((t3c_tid->client->handlers) + ((unsigned long)(p->opcode)))) with type signed int (*(*)(struct t3cdev {
  char name[16U];
  enum t3ctype type;
  struct list_head ofld_dev_list;
  struct net_device *lldev;
  struct proc_dir_entry *proc_dir;
  int (*send)(struct t3cdev *, struct sk_buff *);
  int (*recv)(struct t3cdev *, struct sk_buff **, int);
  int (*ctl)(struct t3cdev *, unsigned int, void *);
  void (*neigh_update)(struct t3cdev *, struct neighbour *);
  void *priv;
  void *l2opt;
  void *l3opt;
  void *l4opt;
  void *ulp;
  void *ulp_iscsi;
} *, struct sk_buff {
  struct sk_buff *next;
  struct sk_buff *prev;
  ktime_t tstamp;
  struct sock *sk;
  struct net_device *dev;
  char cb[48U];
  unsigned long _skb_refdst;
  struct sec_path *sp;
  unsigned int len;
  unsigned int data_len;
  __u16 mac_len;
  __u16 hdr_len;
  union __anonunion____missing_field_name_218 __annonCompField68;
  __u32 priority;
  __u8 local_df : 1;
  __u8 cloned : 1;
  __u8 ip_summed : 2;
  __u8 nohdr : 1;
  __u8 nfctinfo : 3;
  __u8 pkt_type : 3;
  __u8 fclone : 2;
  __u8 ipvs_property : 1;
  __u8 peeked : 1;
  __u8 nf_trace : 1;
  __be16 protocol;
  void (*destructor)(struct sk_buff *);
  struct nf_conntrack *nfct;
  struct nf_bridge_info *nf_bridge;
  int skb_iif;
  __u32 rxhash;
  __be16 vlan_proto;
  __u16 vlan_tci;
  __u16 tc_index;
  __u16 tc_verd;
  __u16 queue_mapping;
  __u8 ndisc_nodetype : 2;
  __u8 pfmemalloc : 1;
  __u8 ooo_okay : 1;
  __u8 l4_rxhash : 1;
  __u8 wifi_acked_valid : 1;
  __u8 wifi_acked : 1;
  __u8 no_fcs : 1;
  __u8 head_frag : 1;
  __u8 encapsulation : 1;
  union __anonunion____missing_field_name_220 __annonCompField69;
  __u32 secmark;
  union __anonunion____missing_field_name_221 __annonCompField70;
  __be16 inner_protocol;
  __u16 inner_transport_header;
  __u16 inner_network_header;
  __u16 inner_mac_header;
  __u16 transport_header;
  __u16 network_header;
  __u16 mac_header;
  sk_buff_data_t tail;
  sk_buff_data_t end;
  unsigned char *head;
  unsigned char *data;
  unsigned int truesize;
  atomic_t users;
} *, void *))(struct t3cdev {
  char name[16U];
  enum t3ctype type;
  struct list_head ofld_dev_list;
  struct net_device *lldev;
  struct proc_dir_entry *proc_dir;
  int (*send)(struct t3cdev *, struct sk_buff *);
  int (*recv)(struct t3cdev *, struct sk_buff **, int);
  int (*ctl)(struct t3cdev *, unsigned int, void *);
  void (*neigh_update)(struct t3cdev *, struct neighbour *);
  void *priv;
  void *l2opt;
  void *l3opt;
  void *l4opt;
  void *ulp;
  void *ulp_iscsi;
} *, struct sk_buff {
  struct sk_buff *next;
  struct sk_buff *prev;
  ktime_t tstamp;
  struct sock *sk;
  struct net_device *dev;
  char cb[48U];
  unsigned long _skb_refdst;
  struct sec_path *sp;
  unsigned int len;
  unsigned int data_len;
  __u16 mac_len;
  __u16 hdr_len;
  union __anonunion____missing_field_name_218 __annonCompField68;
  __u32 priority;
  __u8 local_df : 1;
  __u8 cloned : 1;
  __u8 ip_summed : 2;
  __u8 nohdr : 1;
  __u8 nfctinfo : 3;
  __u8 pkt_type : 3;
  __u8 fclone : 2;
  __u8 ipvs_property : 1;
  __u8 peeked : 1;
  __u8 nf_trace : 1;
  __be16 protocol;
  void (*destructor)(struct sk_buff *);
  struct nf_conntrack *nfct;
  struct nf_bridge_info *nf_bridge;
  int skb_iif;
  __u32 rxhash;
  __be16 vlan_proto;
  __u16 vlan_tci;
  __u16 tc_index;
  __u16 tc_verd;
  __u16 queue_mapping;
  __u8 ndisc_nodetype : 2;
  __u8 pfmemalloc : 1;
  __u8 ooo_okay : 1;
  __u8 l4_rxhash : 1;
  __u8 wifi_acked_valid : 1;
  __u8 wifi_acked : 1;
  __u8 no_fcs : 1;
  __u8 head_frag : 1;
  __u8 encapsulation : 1;
  union __anonunion____missing_field_name_220 __annonCompField69;
  __u32 secmark;
  union __anonunion____missing_field_name_221 __annonCompField70;
  __be16 inner_protocol;
  __u16 inner_transport_header;
  __u16 inner_network_header;
  __u16 inner_mac_header;
  __u16 transport_header;
  __u16 network_header;
  __u16 mac_header;
  sk_buff_data_t tail;
  sk_buff_data_t end;
  unsigned char *head;
  unsigned char *data;
  unsigned int truesize;
  atomic_t users;
} *, void *) is called, but no possible target functions were found. (CFunctionPointerResolver.getTargets, WARNING)

line 40573: Function pointer *(*((t3c_tid->client->handlers) + ((unsigned long)(p->opcode)))) with type signed int (*(*)(struct t3cdev {
  char name[16U];
  enum t3ctype type;
  struct list_head ofld_dev_list;
  struct net_device *lldev;
  struct proc_dir_entry *proc_dir;
  int (*send)(struct t3cdev *, struct sk_buff *);
  int (*recv)(struct t3cdev *, struct sk_buff **, int);
  int (*ctl)(struct t3cdev *, unsigned int, void *);
  void (*neigh_update)(struct t3cdev *, struct neighbour *);
  void *priv;
  void *l2opt;
  void *l3opt;
  void *l4opt;
  void *ulp;
  void *ulp_iscsi;
} *, struct sk_buff {
  struct sk_buff *next;
  struct sk_buff *prev;
  ktime_t tstamp;
  struct sock *sk;
  struct net_device *dev;
  char cb[48U];
  unsigned long _skb_refdst;
  struct sec_path *sp;
  unsigned int len;
  unsigned int data_len;
  __u16 mac_len;
  __u16 hdr_len;
  union __anonunion____missing_field_name_218 __annonCompField68;
  __u32 priority;
  __u8 local_df : 1;
  __u8 cloned : 1;
  __u8 ip_summed : 2;
  __u8 nohdr : 1;
  __u8 nfctinfo : 3;
  __u8 pkt_type : 3;
  __u8 fclone : 2;
  __u8 ipvs_property : 1;
  __u8 peeked : 1;
  __u8 nf_trace : 1;
  __be16 protocol;
  void (*destructor)(struct sk_buff *);
  struct nf_conntrack *nfct;
  struct nf_bridge_info *nf_bridge;
  int skb_iif;
  __u32 rxhash;
  __be16 vlan_proto;
  __u16 vlan_tci;
  __u16 tc_index;
  __u16 tc_verd;
  __u16 queue_mapping;
  __u8 ndisc_nodetype : 2;
  __u8 pfmemalloc : 1;
  __u8 ooo_okay : 1;
  __u8 l4_rxhash : 1;
  __u8 wifi_acked_valid : 1;
  __u8 wifi_acked : 1;
  __u8 no_fcs : 1;
  __u8 head_frag : 1;
  __u8 encapsulation : 1;
  union __anonunion____missing_field_name_220 __annonCompField69;
  __u32 secmark;
  union __anonunion____missing_field_name_221 __annonCompField70;
  __be16 inner_protocol;
  __u16 inner_transport_header;
  __u16 inner_network_header;
  __u16 inner_mac_header;
  __u16 transport_header;
  __u16 network_header;
  __u16 mac_header;
  sk_buff_data_t tail;
  sk_buff_data_t end;
  unsigned char *head;
  unsigned char *data;
  unsigned int truesize;
  atomic_t users;
} *, void *))(struct t3cdev {
  char name[16U];
  enum t3ctype type;
  struct list_head ofld_dev_list;
  struct net_device *lldev;
  struct proc_dir_entry *proc_dir;
  int (*send)(struct t3cdev *, struct sk_buff *);
  int (*recv)(struct t3cdev *, struct sk_buff **, int);
  int (*ctl)(struct t3cdev *, unsigned int, void *);
  void (*neigh_update)(struct t3cdev *, struct neighbour *);
  void *priv;
  void *l2opt;
  void *l3opt;
  void *l4opt;
  void *ulp;
  void *ulp_iscsi;
} *, struct sk_buff {
  struct sk_buff *next;
  struct sk_buff *prev;
  ktime_t tstamp;
  struct sock *sk;
  struct net_device *dev;
  char cb[48U];
  unsigned long _skb_refdst;
  struct sec_path *sp;
  unsigned int len;
  unsigned int data_len;
  __u16 mac_len;
  __u16 hdr_len;
  union __anonunion____missing_field_name_218 __annonCompField68;
  __u32 priority;
  __u8 local_df : 1;
  __u8 cloned : 1;
  __u8 ip_summed : 2;
  __u8 nohdr : 1;
  __u8 nfctinfo : 3;
  __u8 pkt_type : 3;
  __u8 fclone : 2;
  __u8 ipvs_property : 1;
  __u8 peeked : 1;
  __u8 nf_trace : 1;
  __be16 protocol;
  void (*destructor)(struct sk_buff *);
  struct nf_conntrack *nfct;
  struct nf_bridge_info *nf_bridge;
  int skb_iif;
  __u32 rxhash;
  __be16 vlan_proto;
  __u16 vlan_tci;
  __u16 tc_index;
  __u16 tc_verd;
  __u16 queue_mapping;
  __u8 ndisc_nodetype : 2;
  __u8 pfmemalloc : 1;
  __u8 ooo_okay : 1;
  __u8 l4_rxhash : 1;
  __u8 wifi_acked_valid : 1;
  __u8 wifi_acked : 1;
  __u8 no_fcs : 1;
  __u8 head_frag : 1;
  __u8 encapsulation : 1;
  union __anonunion____missing_field_name_220 __annonCompField69;
  __u32 secmark;
  union __anonunion____missing_field_name_221 __annonCompField70;
  __be16 inner_protocol;
  __u16 inner_transport_header;
  __u16 inner_network_header;
  __u16 inner_mac_header;
  __u16 transport_header;
  __u16 network_header;
  __u16 mac_header;
  sk_buff_data_t tail;
  sk_buff_data_t end;
  unsigned char *head;
  unsigned char *data;
  unsigned int truesize;
  atomic_t users;
} *, void *) is called, but no possible target functions were found. (CFunctionPointerResolver.getTargets, WARNING)

line 40911: Function pointer *(*((t3c_tid->client->handlers) + ((unsigned long)opcode))) with type signed int (*(*)(struct t3cdev {
  char name[16U];
  enum t3ctype type;
  struct list_head ofld_dev_list;
  struct net_device *lldev;
  struct proc_dir_entry *proc_dir;
  int (*send)(struct t3cdev *, struct sk_buff *);
  int (*recv)(struct t3cdev *, struct sk_buff **, int);
  int (*ctl)(struct t3cdev *, unsigned int, void *);
  void (*neigh_update)(struct t3cdev *, struct neighbour *);
  void *priv;
  void *l2opt;
  void *l3opt;
  void *l4opt;
  void *ulp;
  void *ulp_iscsi;
} *, struct sk_buff {
  struct sk_buff *next;
  struct sk_buff *prev;
  ktime_t tstamp;
  struct sock *sk;
  struct net_device *dev;
  char cb[48U];
  unsigned long _skb_refdst;
  struct sec_path *sp;
  unsigned int len;
  unsigned int data_len;
  __u16 mac_len;
  __u16 hdr_len;
  union __anonunion____missing_field_name_218 __annonCompField68;
  __u32 priority;
  __u8 local_df : 1;
  __u8 cloned : 1;
  __u8 ip_summed : 2;
  __u8 nohdr : 1;
  __u8 nfctinfo : 3;
  __u8 pkt_type : 3;
  __u8 fclone : 2;
  __u8 ipvs_property : 1;
  __u8 peeked : 1;
  __u8 nf_trace : 1;
  __be16 protocol;
  void (*destructor)(struct sk_buff *);
  struct nf_conntrack *nfct;
  struct nf_bridge_info *nf_bridge;
  int skb_iif;
  __u32 rxhash;
  __be16 vlan_proto;
  __u16 vlan_tci;
  __u16 tc_index;
  __u16 tc_verd;
  __u16 queue_mapping;
  __u8 ndisc_nodetype : 2;
  __u8 pfmemalloc : 1;
  __u8 ooo_okay : 1;
  __u8 l4_rxhash : 1;
  __u8 wifi_acked_valid : 1;
  __u8 wifi_acked : 1;
  __u8 no_fcs : 1;
  __u8 head_frag : 1;
  __u8 encapsulation : 1;
  union __anonunion____missing_field_name_220 __annonCompField69;
  __u32 secmark;
  union __anonunion____missing_field_name_221 __annonCompField70;
  __be16 inner_protocol;
  __u16 inner_transport_header;
  __u16 inner_network_header;
  __u16 inner_mac_header;
  __u16 transport_header;
  __u16 network_header;
  __u16 mac_header;
  sk_buff_data_t tail;
  sk_buff_data_t end;
  unsigned char *head;
  unsigned char *data;
  unsigned int truesize;
  atomic_t users;
} *, void *))(struct t3cdev {
  char name[16U];
  enum t3ctype type;
  struct list_head ofld_dev_list;
  struct net_device *lldev;
  struct proc_dir_entry *proc_dir;
  int (*send)(struct t3cdev *, struct sk_buff *);
  int (*recv)(struct t3cdev *, struct sk_buff **, int);
  int (*ctl)(struct t3cdev *, unsigned int, void *);
  void (*neigh_update)(struct t3cdev *, struct neighbour *);
  void *priv;
  void *l2opt;
  void *l3opt;
  void *l4opt;
  void *ulp;
  void *ulp_iscsi;
} *, struct sk_buff {
  struct sk_buff *next;
  struct sk_buff *prev;
  ktime_t tstamp;
  struct sock *sk;
  struct net_device *dev;
  char cb[48U];
  unsigned long _skb_refdst;
  struct sec_path *sp;
  unsigned int len;
  unsigned int data_len;
  __u16 mac_len;
  __u16 hdr_len;
  union __anonunion____missing_field_name_218 __annonCompField68;
  __u32 priority;
  __u8 local_df : 1;
  __u8 cloned : 1;
  __u8 ip_summed : 2;
  __u8 nohdr : 1;
  __u8 nfctinfo : 3;
  __u8 pkt_type : 3;
  __u8 fclone : 2;
  __u8 ipvs_property : 1;
  __u8 peeked : 1;
  __u8 nf_trace : 1;
  __be16 protocol;
  void (*destructor)(struct sk_buff *);
  struct nf_conntrack *nfct;
  struct nf_bridge_info *nf_bridge;
  int skb_iif;
  __u32 rxhash;
  __be16 vlan_proto;
  __u16 vlan_tci;
  __u16 tc_index;
  __u16 tc_verd;
  __u16 queue_mapping;
  __u8 ndisc_nodetype : 2;
  __u8 pfmemalloc : 1;
  __u8 ooo_okay : 1;
  __u8 l4_rxhash : 1;
  __u8 wifi_acked_valid : 1;
  __u8 wifi_acked : 1;
  __u8 no_fcs : 1;
  __u8 head_frag : 1;
  __u8 encapsulation : 1;
  union __anonunion____missing_field_name_220 __annonCompField69;
  __u32 secmark;
  union __anonunion____missing_field_name_221 __annonCompField70;
  __be16 inner_protocol;
  __u16 inner_transport_header;
  __u16 inner_network_header;
  __u16 inner_mac_header;
  __u16 transport_header;
  __u16 network_header;
  __u16 mac_header;
  sk_buff_data_t tail;
  sk_buff_data_t end;
  unsigned char *head;
  unsigned char *data;
  unsigned int truesize;
  atomic_t users;
} *, void *) is called, but no possible target functions were found. (CFunctionPointerResolver.getTargets, WARNING)

line 37895: Function pointer *(dst->ops->neigh_lookup) with type struct neighbour *(*)(const struct dst_entry *, struct sk_buff *, const void *) is called, but no possible target functions were found. (CFunctionPointerResolver.getTargets, WARNING)

line 38475: Function pointer *(cb->arp_failure_handler) with type void (*)(struct t3cdev *, struct sk_buff *) is called, but no possible target functions were found. (CFunctionPointerResolver.getTargets, WARNING)

line 17287: Function pointer *arg0 with type int (*)(struct pci_dev *, struct pm_message ) is called, but no possible target functions were found. (CFunctionPointerResolver.getTargets, WARNING)

line 17298: Function pointer *arg0 with type int (*)(struct pci_dev *, struct pm_message ) is called, but no possible target functions were found. (CFunctionPointerResolver.getTargets, WARNING)

Using unsound approximation of ints with unbounded integers and floats with unbounded integers for encoding program semantics. (PredicateCPA:FormulaManagerView.<init>, WARNING)

Using predicate analysis with Princess 2023-04-07. (PredicateCPA:PredicateCPA.<init>, INFO)

Using unsound approximation of ints with unbounded integers and floats with unbounded integers for encoding program semantics. (AssumptionStorageCPA:FormulaManagerView.<init>, WARNING)

The following configuration options were specified but are not used:
 proveroptions.option 
 (CPAchecker.printConfigurationWarnings, WARNING)

Starting analysis ... (CPAchecker.runAlgorithm, INFO)

line 21119: Ignoring call via function pointer ldv_timer_instance_callback_32_2::arg0 for which no suitable target was found in line: (*arg0)(arg1); (TargetLocationProvider:FunctionPointerCPA:FunctionPointerTransferRelation.getAbstractSuccessorsForEdge, WARNING)

Recursion detected, aborting. To ignore recursion, add -skipRecursion to the command line. (TargetLocationProvider:CallstackCPA:CallstackTransferRelation.getAbstractSuccessorsForEdge, INFO)

Recursion detected. Defaulting to selecting all locations as potential target locations. (TargetLocationProvider:TargetLocationProviderImpl.tryGetAutomatonTargetLocations, INFO)

Creating formula for program (AbstractBMCAlgorithm.run, INFO)

Exception in thread "main" org.sosy_lab.java_smt.basicimpl.GeneratorException: Modular Congruence is not available in SMTLIB2. 
	at org.sosy_lab.java_smt.basicimpl.AbstractNumeralFormulaManager.modularCongruence(AbstractNumeralFormulaManager.java:361)
	at org.sosy_lab.java_smt.solvers.princess.PrincessIntegerFormulaManager.modularCongruence(PrincessIntegerFormulaManager.java:22)
	at org.sosy_lab.cpachecker.util.predicates.smt.IntegerFormulaManagerView.modularCongruence(IntegerFormulaManagerView.java:35)
	at org.sosy_lab.cpachecker.util.predicates.smt.FormulaManagerView.makeModularCongruence(FormulaManagerView.java:688)
	at org.sosy_lab.cpachecker.util.predicates.smt.FormulaManagerView.makeModularCongruence(FormulaManagerView.java:670)
	at org.sosy_lab.cpachecker.util.predicates.pathformula.pointeraliasing.PointerTargetSetManager.makeBaseAddressConstraints(PointerTargetSetManager.java:653)
	at org.sosy_lab.cpachecker.util.predicates.pathformula.pointeraliasing.PointerTargetSetBuilder$RealPointerTargetSetBuilder.addNextBaseAddressConstraints(PointerTargetSetBuilder.java:286)
	at org.sosy_lab.cpachecker.util.predicates.pathformula.pointeraliasing.CToFormulaConverterWithPointerAliasing.declareSharedBase(CToFormulaConverterWithPointerAliasing.java:437)
	at org.sosy_lab.cpachecker.util.predicates.pathformula.pointeraliasing.CToFormulaConverterWithPointerAliasing.makeDeclaration(CToFormulaConverterWithPointerAliasing.java:1001)
	at org.sosy_lab.cpachecker.util.predicates.pathformula.ctoformula.CtoFormulaConverter.createFormulaForEdge(CtoFormulaConverter.java:1231)
	at org.sosy_lab.cpachecker.util.predicates.pathformula.ctoformula.CtoFormulaConverter.makeAnd(CtoFormulaConverter.java:1049)
	at org.sosy_lab.cpachecker.util.predicates.pathformula.PathFormulaManagerImpl.makeAnd(PathFormulaManagerImpl.java:246)
	at org.sosy_lab.cpachecker.util.predicates.pathformula.PathFormulaManagerImpl.makeAnd(PathFormulaManagerImpl.java:300)
	at org.sosy_lab.cpachecker.cpa.predicate.PredicateTransferRelation.convertEdgeToPathFormula(PredicateTransferRelation.java:203)
	at org.sosy_lab.cpachecker.cpa.predicate.PredicateTransferRelation.getAbstractSuccessorsForEdge(PredicateTransferRelation.java:113)
	at org.sosy_lab.cpachecker.cpa.composite.CompositeTransferRelation.callTransferRelation(CompositeTransferRelation.java:297)
	at org.sosy_lab.cpachecker.cpa.composite.CompositeTransferRelation.getAbstractSuccessorForSimpleEdge(CompositeTransferRelation.java:264)
	at org.sosy_lab.cpachecker.cpa.composite.CompositeTransferRelation.getAbstractSuccessorForEdge(CompositeTransferRelation.java:196)
	at org.sosy_lab.cpachecker.cpa.composite.CompositeTransferRelation.getAbstractSuccessors(CompositeTransferRelation.java:88)
	at org.sosy_lab.cpachecker.cpa.arg.ARGTransferRelation.getAbstractSuccessors(ARGTransferRelation.java:45)
	at org.sosy_lab.cpachecker.core.algorithm.CPAAlgorithm.handleState(CPAAlgorithm.java:334)
	at org.sosy_lab.cpachecker.core.algorithm.CPAAlgorithm.run0(CPAAlgorithm.java:289)
	at org.sosy_lab.cpachecker.core.algorithm.CPAAlgorithm.run(CPAAlgorithm.java:260)
	at org.sosy_lab.cpachecker.core.algorithm.bmc.BMCHelper.unroll(BMCHelper.java:192)
	at org.sosy_lab.cpachecker.core.algorithm.bmc.AbstractBMCAlgorithm.run(AbstractBMCAlgorithm.java:427)
	at org.sosy_lab.cpachecker.core.algorithm.bmc.BMCAlgorithm.run(BMCAlgorithm.java:130)
	at org.sosy_lab.cpachecker.core.CPAchecker.runAlgorithm(CPAchecker.java:507)
	at org.sosy_lab.cpachecker.core.CPAchecker.run(CPAchecker.java:369)
	at org.sosy_lab.cpachecker.cmdline.CPAMain.main(CPAMain.java:170)
