scripts/cpa.sh -heap 13000M -stack 50M -noout -benchmark -bmc -setprop cpa.predicate.useArraysForHeap=false -setprop cpa.predicate.memoryAllocationsAlwaysSucceed=true -setprop cpa.loopbound.maxLoopIterations=10 -setprop cpa.predicate.encodeFloatAs=INTEGER -setprop cpa.predicate.encodeBitvectorAs=INTEGER -setprop solver.solver=princess -timelimit 900s -stats -spec test/programs/benchmarks/properties/unreach-call.prp -64 test/programs/benchmarks/ldv-challenges/linux-3.14_complex_emg_linux-alloc-spinlock_drivers-net-wireless-mwifiex-mwifiex.cil.i


--------------------------------------------------------------------------------


Running CPAchecker with Java heap of size 13000M.
Running CPAchecker with Java stack of size 50M.
Language C detected and set for analysis (CPAMain.detectFrontendLanguageIfNecessary, INFO)

Using the following resource limits: CPU-time limit of 900s (ResourceLimitChecker.fromConfiguration, INFO)

CPAchecker 2.3.1-svn-45350M / bmc (OpenJDK 64-Bit Server VM 17.0.8.1) started (CPAchecker.run, INFO)

Parsing CFA from file(s) "test/programs/benchmarks/ldv-challenges/linux-3.14_complex_emg_linux-alloc-spinlock_drivers-net-wireless-mwifiex-mwifiex.cil.i" (CPAchecker.parse, INFO)

line 8892: Dead code detected: goto case_1; (CFACreationUtils.addEdgeToCFA, INFO)

line 8896: Dead code detected: goto case_2; (CFACreationUtils.addEdgeToCFA, INFO)

line 8904: Dead code detected: goto case_8; (CFACreationUtils.addEdgeToCFA, INFO)

line 8907: Dead code detected: goto switch_default; (CFACreationUtils.addEdgeToCFA, INFO)

Dead code detected: Label case_8 is not reachable. (CFAFunctionBuilder.leave, INFO)

Dead code detected: Label switch_break is not reachable. (CFAFunctionBuilder.leave, INFO)

Dead code detected: Label switch_default is not reachable. (CFAFunctionBuilder.leave, INFO)

Dead code detected: Label case_1 is not reachable. (CFAFunctionBuilder.leave, INFO)

Dead code detected: Label case_2 is not reachable. (CFAFunctionBuilder.leave, INFO)

line 11377: Dead code detected: return (arg0); (CFACreationUtils.addEdgeToCFA, INFO)

line 12447: Dead code detected: return (ldv_func_res); (CFACreationUtils.addEdgeToCFA, INFO)

line 12462: Dead code detected: return (ldv_func_res); (CFACreationUtils.addEdgeToCFA, INFO)

line 12477: Dead code detected: return (ldv_func_res); (CFACreationUtils.addEdgeToCFA, INFO)

line 12545: Dead code detected: return (1); (CFACreationUtils.addEdgeToCFA, INFO)

line 13762: Dead code detected: return (ldv_func_res); (CFACreationUtils.addEdgeToCFA, INFO)

Dead code detected: Label switch_break is not reachable. (CFAFunctionBuilder.leave, INFO)

line 17223: Dead code detected: return (ldv_func_res); (CFACreationUtils.addEdgeToCFA, INFO)

line 17288: Dead code detected: return (ldv_func_res); (CFACreationUtils.addEdgeToCFA, INFO)

line 17429: Dead code detected: goto case_1; (CFACreationUtils.addEdgeToCFA, INFO)

line 17433: Dead code detected: goto case_2; (CFACreationUtils.addEdgeToCFA, INFO)

line 17441: Dead code detected: goto case_8; (CFACreationUtils.addEdgeToCFA, INFO)

line 17444: Dead code detected: goto switch_default; (CFACreationUtils.addEdgeToCFA, INFO)

Dead code detected: Label case_8 is not reachable. (CFAFunctionBuilder.leave, INFO)

Dead code detected: Label switch_break is not reachable. (CFAFunctionBuilder.leave, INFO)

Dead code detected: Label switch_default is not reachable. (CFAFunctionBuilder.leave, INFO)

Dead code detected: Label case_1 is not reachable. (CFAFunctionBuilder.leave, INFO)

Dead code detected: Label case_2 is not reachable. (CFAFunctionBuilder.leave, INFO)

Dead code detected: Label switch_break is not reachable. (CFAFunctionBuilder.leave, INFO)

Dead code detected: Label switch_break is not reachable. (CFAFunctionBuilder.leave, INFO)

Dead code detected: Label switch_break is not reachable. (CFAFunctionBuilder.leave, INFO)

Dead code detected: Label switch_break is not reachable. (CFAFunctionBuilder.leave, INFO)

Dead code detected: Label switch_break is not reachable. (CFAFunctionBuilder.leave, INFO)

Dead code detected: Label switch_break is not reachable. (CFAFunctionBuilder.leave, INFO)

line 21528: Dead code detected: return (arg0); (CFACreationUtils.addEdgeToCFA, INFO)

Dead code detected: Label switch_break is not reachable. (CFAFunctionBuilder.leave, INFO)

line 22826: Dead code detected: return (arg0); (CFACreationUtils.addEdgeToCFA, INFO)

line 22891: Dead code detected: return (ldv_func_res); (CFACreationUtils.addEdgeToCFA, INFO)

line 22956: Dead code detected: return (ldv_func_res); (CFACreationUtils.addEdgeToCFA, INFO)

line 22971: Dead code detected: return (ldv_func_res); (CFACreationUtils.addEdgeToCFA, INFO)

Dead code detected: Label switch_break is not reachable. (CFAFunctionBuilder.leave, INFO)

Dead code detected: Label switch_break is not reachable. (CFAFunctionBuilder.leave, INFO)

Dead code detected: Label switch_break is not reachable. (CFAFunctionBuilder.leave, INFO)

line 25594: Dead code detected: return (ldv_func_res); (CFACreationUtils.addEdgeToCFA, INFO)

line 25609: Dead code detected: return (ldv_func_res); (CFACreationUtils.addEdgeToCFA, INFO)

Dead code detected: Label switch_break is not reachable. (CFAFunctionBuilder.leave, INFO)

Dead code detected: Label switch_break is not reachable. (CFAFunctionBuilder.leave, INFO)

line 27510: Dead code detected: goto case_1; (CFACreationUtils.addEdgeToCFA, INFO)

line 27514: Dead code detected: goto case_2; (CFACreationUtils.addEdgeToCFA, INFO)

line 27522: Dead code detected: goto case_8; (CFACreationUtils.addEdgeToCFA, INFO)

line 27525: Dead code detected: goto switch_default; (CFACreationUtils.addEdgeToCFA, INFO)

Dead code detected: Label case_8 is not reachable. (CFAFunctionBuilder.leave, INFO)

Dead code detected: Label switch_break is not reachable. (CFAFunctionBuilder.leave, INFO)

Dead code detected: Label switch_default is not reachable. (CFAFunctionBuilder.leave, INFO)

Dead code detected: Label case_1 is not reachable. (CFAFunctionBuilder.leave, INFO)

Dead code detected: Label case_2 is not reachable. (CFAFunctionBuilder.leave, INFO)

line 27583: Dead code detected: goto case_1; (CFACreationUtils.addEdgeToCFA, INFO)

line 27587: Dead code detected: goto case_2; (CFACreationUtils.addEdgeToCFA, INFO)

line 27595: Dead code detected: goto case_8; (CFACreationUtils.addEdgeToCFA, INFO)

line 27598: Dead code detected: goto switch_default; (CFACreationUtils.addEdgeToCFA, INFO)

Dead code detected: Label case_8 is not reachable. (CFAFunctionBuilder.leave, INFO)

Dead code detected: Label switch_break is not reachable. (CFAFunctionBuilder.leave, INFO)

Dead code detected: Label switch_default is not reachable. (CFAFunctionBuilder.leave, INFO)

Dead code detected: Label case_1 is not reachable. (CFAFunctionBuilder.leave, INFO)

Dead code detected: Label case_2 is not reachable. (CFAFunctionBuilder.leave, INFO)

Dead code detected: Label switch_break is not reachable. (CFAFunctionBuilder.leave, INFO)

Dead code detected: Label switch_break is not reachable. (CFAFunctionBuilder.leave, INFO)

Dead code detected: Label switch_break is not reachable. (CFAFunctionBuilder.leave, INFO)

Dead code detected: Label switch_break is not reachable. (CFAFunctionBuilder.leave, INFO)

Dead code detected: Label switch_break is not reachable. (CFAFunctionBuilder.leave, INFO)

Dead code detected: Label switch_break is not reachable. (CFAFunctionBuilder.leave, INFO)

Dead code detected: Label switch_break is not reachable. (CFAFunctionBuilder.leave, INFO)

Dead code detected: Label switch_break is not reachable. (CFAFunctionBuilder.leave, INFO)

Dead code detected: Label switch_break is not reachable. (CFAFunctionBuilder.leave, INFO)

Dead code detected: Label switch_break is not reachable. (CFAFunctionBuilder.leave, INFO)

Dead code detected: Label switch_break is not reachable. (CFAFunctionBuilder.leave, INFO)

Dead code detected: Label switch_break is not reachable. (CFAFunctionBuilder.leave, INFO)

Dead code detected: Label switch_break is not reachable. (CFAFunctionBuilder.leave, INFO)

Dead code detected: Label switch_break is not reachable. (CFAFunctionBuilder.leave, INFO)

Dead code detected: Label switch_break is not reachable. (CFAFunctionBuilder.leave, INFO)

Dead code detected: Label switch_break is not reachable. (CFAFunctionBuilder.leave, INFO)

Dead code detected: Label switch_break is not reachable. (CFAFunctionBuilder.leave, INFO)

Dead code detected: Label switch_break is not reachable. (CFAFunctionBuilder.leave, INFO)

Dead code detected: Label switch_break is not reachable. (CFAFunctionBuilder.leave, INFO)

Dead code detected: Label switch_break is not reachable. (CFAFunctionBuilder.leave, INFO)

Dead code detected: Label switch_break is not reachable. (CFAFunctionBuilder.leave, INFO)

Dead code detected: Label switch_break is not reachable. (CFAFunctionBuilder.leave, INFO)

Dead code detected: Label switch_break is not reachable. (CFAFunctionBuilder.leave, INFO)

Dead code detected: Label switch_break is not reachable. (CFAFunctionBuilder.leave, INFO)

Dead code detected: Label switch_break is not reachable. (CFAFunctionBuilder.leave, INFO)

line 39584: Dead code detected: return (0); (CFACreationUtils.addEdgeToCFA, INFO)

Dead code detected: Label switch_break is not reachable. (CFAFunctionBuilder.leave, INFO)

Dead code detected: Label switch_break is not reachable. (CFAFunctionBuilder.leave, INFO)

line 42007: Dead code detected: return (arg0); (CFACreationUtils.addEdgeToCFA, INFO)

line 42010: Dead code detected: return (arg0); (CFACreationUtils.addEdgeToCFA, INFO)

line 42012: Dead code detected: return (arg0); (CFACreationUtils.addEdgeToCFA, INFO)

line 42408: Dead code detected: return; (CFACreationUtils.addEdgeToCFA, INFO)

line 42433: Dead code detected: return (arg0); (CFACreationUtils.addEdgeToCFA, INFO)

line 43091: Dead code detected: return; (CFACreationUtils.addEdgeToCFA, INFO)

line 43143: Dead code detected: return (ldv_func_res); (CFACreationUtils.addEdgeToCFA, INFO)

line 43158: Dead code detected: return (ldv_func_res); (CFACreationUtils.addEdgeToCFA, INFO)

Dead code detected: Label switch_break is not reachable. (CFAFunctionBuilder.leave, INFO)

Inline assembler ignored, analysis is probably unsound! (CFABuilder.createCFA, WARNING)

line 21781: Function pointer *(adapter->if_ops.host_to_card) with type int (*)(struct mwifiex_adapter *, u8 , struct sk_buff *, struct mwifiex_tx_param *) is called, but no possible target functions were found. (CFunctionPointerResolver.getTargets, WARNING)

line 21776: Function pointer *(adapter->if_ops.host_to_card) with type int (*)(struct mwifiex_adapter *, u8 , struct sk_buff *, struct mwifiex_tx_param *) is called, but no possible target functions were found. (CFunctionPointerResolver.getTargets, WARNING)

line 15262: Function pointer *(adapter->if_ops.host_to_card) with type int (*)(struct mwifiex_adapter *, u8 , struct sk_buff *, struct mwifiex_tx_param *) is called, but no possible target functions were found. (CFunctionPointerResolver.getTargets, WARNING)

line 15252: Function pointer *(adapter->if_ops.host_to_card) with type int (*)(struct mwifiex_adapter *, u8 , struct sk_buff *, struct mwifiex_tx_param *) is called, but no possible target functions were found. (CFunctionPointerResolver.getTargets, WARNING)

line 13647: Function pointer *(adapter->if_ops.check_fw_status) with type int (*)(struct mwifiex_adapter *, u32 ) is called, but no possible target functions were found. (CFunctionPointerResolver.getTargets, WARNING)

line 13634: Function pointer *(adapter->if_ops.prog_fw) with type int (*)(struct mwifiex_adapter *, struct mwifiex_fw_image *) is called, but no possible target functions were found. (CFunctionPointerResolver.getTargets, WARNING)

line 13613: Function pointer *(adapter->if_ops.check_fw_status) with type int (*)(struct mwifiex_adapter *, u32 ) is called, but no possible target functions were found. (CFunctionPointerResolver.getTargets, WARNING)

line 15334: Function pointer *(adapter->if_ops.host_to_card) with type int (*)(struct mwifiex_adapter *, u8 , struct sk_buff *, struct mwifiex_tx_param *) is called, but no possible target functions were found. (CFunctionPointerResolver.getTargets, WARNING)

line 15323: Function pointer *(adapter->if_ops.host_to_card) with type int (*)(struct mwifiex_adapter *, u8 , struct sk_buff *, struct mwifiex_tx_param *) is called, but no possible target functions were found. (CFunctionPointerResolver.getTargets, WARNING)

line 9927: Function pointer *(adapter->if_ops.dnld_fw) with type int (*)(struct mwifiex_adapter *, struct mwifiex_fw_image *) is called, but no possible target functions were found. (CFunctionPointerResolver.getTargets, WARNING)

line 34593: Function pointer *(adapter->if_ops.update_mp_end_port) with type void (*)(struct mwifiex_adapter *, u16 ) is called, but no possible target functions were found. (CFunctionPointerResolver.getTargets, WARNING)

line 17850: Function pointer *(adapter->if_ops.host_to_card) with type int (*)(struct mwifiex_adapter *, u8 , struct sk_buff *, struct mwifiex_tx_param *) is called, but no possible target functions were found. (CFunctionPointerResolver.getTargets, WARNING)

line 17846: Function pointer *(adapter->if_ops.host_to_card) with type int (*)(struct mwifiex_adapter *, u8 , struct sk_buff *, struct mwifiex_tx_param *) is called, but no possible target functions were found. (CFunctionPointerResolver.getTargets, WARNING)

line 17138: Function pointer *(adapter->if_ops.update_mp_end_port) with type void (*)(struct mwifiex_adapter *, u16 ) is called, but no possible target functions were found. (CFunctionPointerResolver.getTargets, WARNING)

line 36702: Function pointer *(adapter->if_ops.host_to_card) with type int (*)(struct mwifiex_adapter *, u8 , struct sk_buff *, struct mwifiex_tx_param *) is called, but no possible target functions were found. (CFunctionPointerResolver.getTargets, WARNING)

line 36697: Function pointer *(adapter->if_ops.host_to_card) with type int (*)(struct mwifiex_adapter *, u8 , struct sk_buff *, struct mwifiex_tx_param *) is called, but no possible target functions were found. (CFunctionPointerResolver.getTargets, WARNING)

line 19844: Function pointer *(adapter->if_ops.host_to_card) with type int (*)(struct mwifiex_adapter *, u8 , struct sk_buff *, struct mwifiex_tx_param *) is called, but no possible target functions were found. (CFunctionPointerResolver.getTargets, WARNING)

line 19839: Function pointer *(adapter->if_ops.host_to_card) with type int (*)(struct mwifiex_adapter *, u8 , struct sk_buff *, struct mwifiex_tx_param *) is called, but no possible target functions were found. (CFunctionPointerResolver.getTargets, WARNING)

Using unsound approximation of ints with unbounded integers and floats with unbounded integers for encoding program semantics. (PredicateCPA:FormulaManagerView.<init>, WARNING)

Using predicate analysis with Princess 2023-04-07. (PredicateCPA:PredicateCPA.<init>, INFO)

Using unsound approximation of ints with unbounded integers and floats with unbounded integers for encoding program semantics. (AssumptionStorageCPA:FormulaManagerView.<init>, WARNING)

Starting analysis ... (CPAchecker.runAlgorithm, INFO)

line 12323: Ignoring call via function pointer ldv_timer_instance_callback_7_2::arg0 for which no suitable target was found in line: (*arg0)(arg1); (TargetLocationProvider:FunctionPointerCPA:FunctionPointerTransferRelation.getAbstractSuccessorsForEdge, WARNING)

Recursion detected, aborting. To ignore recursion, add -skipRecursion to the command line. (TargetLocationProvider:CallstackCPA:CallstackTransferRelation.getAbstractSuccessorsForEdge, INFO)

Recursion detected. Defaulting to selecting all locations as potential target locations. (TargetLocationProvider:TargetLocationProviderImpl.tryGetAutomatonTargetLocations, INFO)

Creating formula for program (AbstractBMCAlgorithm.run, INFO)

Exception in thread "main" org.sosy_lab.java_smt.basicimpl.GeneratorException: Modular Congruence is not available in SMTLIB2. 
	at org.sosy_lab.java_smt.basicimpl.AbstractNumeralFormulaManager.modularCongruence(AbstractNumeralFormulaManager.java:361)
	at org.sosy_lab.java_smt.solvers.princess.PrincessIntegerFormulaManager.modularCongruence(PrincessIntegerFormulaManager.java:22)
	at org.sosy_lab.cpachecker.util.predicates.smt.IntegerFormulaManagerView.modularCongruence(IntegerFormulaManagerView.java:35)
	at org.sosy_lab.cpachecker.util.predicates.smt.FormulaManagerView.makeModularCongruence(FormulaManagerView.java:688)
	at org.sosy_lab.cpachecker.util.predicates.smt.FormulaManagerView.makeModularCongruence(FormulaManagerView.java:670)
	at org.sosy_lab.cpachecker.util.predicates.pathformula.pointeraliasing.PointerTargetSetManager.makeBaseAddressConstraints(PointerTargetSetManager.java:653)
	at org.sosy_lab.cpachecker.util.predicates.pathformula.pointeraliasing.PointerTargetSetBuilder$RealPointerTargetSetBuilder.addNextBaseAddressConstraints(PointerTargetSetBuilder.java:286)
	at org.sosy_lab.cpachecker.util.predicates.pathformula.pointeraliasing.CToFormulaConverterWithPointerAliasing.declareSharedBase(CToFormulaConverterWithPointerAliasing.java:437)
	at org.sosy_lab.cpachecker.util.predicates.pathformula.pointeraliasing.CToFormulaConverterWithPointerAliasing.makeDeclaration(CToFormulaConverterWithPointerAliasing.java:1001)
	at org.sosy_lab.cpachecker.util.predicates.pathformula.ctoformula.CtoFormulaConverter.createFormulaForEdge(CtoFormulaConverter.java:1231)
	at org.sosy_lab.cpachecker.util.predicates.pathformula.ctoformula.CtoFormulaConverter.makeAnd(CtoFormulaConverter.java:1049)
	at org.sosy_lab.cpachecker.util.predicates.pathformula.PathFormulaManagerImpl.makeAnd(PathFormulaManagerImpl.java:246)
	at org.sosy_lab.cpachecker.util.predicates.pathformula.PathFormulaManagerImpl.makeAnd(PathFormulaManagerImpl.java:300)
	at org.sosy_lab.cpachecker.cpa.predicate.PredicateTransferRelation.convertEdgeToPathFormula(PredicateTransferRelation.java:203)
	at org.sosy_lab.cpachecker.cpa.predicate.PredicateTransferRelation.getAbstractSuccessorsForEdge(PredicateTransferRelation.java:113)
	at org.sosy_lab.cpachecker.cpa.composite.CompositeTransferRelation.callTransferRelation(CompositeTransferRelation.java:297)
	at org.sosy_lab.cpachecker.cpa.composite.CompositeTransferRelation.getAbstractSuccessorForSimpleEdge(CompositeTransferRelation.java:264)
	at org.sosy_lab.cpachecker.cpa.composite.CompositeTransferRelation.getAbstractSuccessorForEdge(CompositeTransferRelation.java:196)
	at org.sosy_lab.cpachecker.cpa.composite.CompositeTransferRelation.getAbstractSuccessors(CompositeTransferRelation.java:88)
	at org.sosy_lab.cpachecker.cpa.arg.ARGTransferRelation.getAbstractSuccessors(ARGTransferRelation.java:45)
	at org.sosy_lab.cpachecker.core.algorithm.CPAAlgorithm.handleState(CPAAlgorithm.java:334)
	at org.sosy_lab.cpachecker.core.algorithm.CPAAlgorithm.run0(CPAAlgorithm.java:289)
	at org.sosy_lab.cpachecker.core.algorithm.CPAAlgorithm.run(CPAAlgorithm.java:260)
	at org.sosy_lab.cpachecker.core.algorithm.bmc.BMCHelper.unroll(BMCHelper.java:192)
	at org.sosy_lab.cpachecker.core.algorithm.bmc.AbstractBMCAlgorithm.run(AbstractBMCAlgorithm.java:427)
	at org.sosy_lab.cpachecker.core.algorithm.bmc.BMCAlgorithm.run(BMCAlgorithm.java:130)
	at org.sosy_lab.cpachecker.core.CPAchecker.runAlgorithm(CPAchecker.java:507)
	at org.sosy_lab.cpachecker.core.CPAchecker.run(CPAchecker.java:369)
	at org.sosy_lab.cpachecker.cmdline.CPAMain.main(CPAMain.java:170)
