scripts/cpa.sh -heap 13000M -stack 50M -noout -benchmark -bmc -setprop cpa.predicate.useArraysForHeap=false -setprop cpa.predicate.memoryAllocationsAlwaysSucceed=true -setprop cpa.loopbound.maxLoopIterations=10 -setprop cpa.predicate.encodeFloatAs=INTEGER -setprop cpa.predicate.encodeBitvectorAs=INTEGER -setprop solver.solver=princess_binary -setprop proveroptions.option=use_binary -timelimit 900s -stats -spec test/programs/benchmarks/properties/unreach-call.prp -32 test/programs/benchmarks/product-lines/email_spec11_product15.cil.c


--------------------------------------------------------------------------------


Running CPAchecker with Java heap of size 13000M.
Running CPAchecker with Java stack of size 50M.
Language C detected and set for analysis (CPAMain.detectFrontendLanguageIfNecessary, INFO)

Using the following resource limits: CPU-time limit of 900s (ResourceLimitChecker.fromConfiguration, INFO)

CPAchecker 2.3.1-svn-45350M / bmc (OpenJDK 64-Bit Server VM 17.0.8.1) started (CPAchecker.run, INFO)

Parsing CFA from file(s) "test/programs/benchmarks/product-lines/email_spec11_product15.cil.c" (CPAchecker.parse, INFO)

line 83: Dead code detected: return (retValue_acc); (CFACreationUtils.addEdgeToCFA, INFO)

line 104: Dead code detected: return (retValue_acc); (CFACreationUtils.addEdgeToCFA, INFO)

line 141: Dead code detected: return (retValue_acc); (CFACreationUtils.addEdgeToCFA, INFO)

line 178: Dead code detected: return (retValue_acc); (CFACreationUtils.addEdgeToCFA, INFO)

line 217: Dead code detected: return (retValue_acc); (CFACreationUtils.addEdgeToCFA, INFO)

line 256: Dead code detected: return (retValue_acc); (CFACreationUtils.addEdgeToCFA, INFO)

line 293: Dead code detected: return (retValue_acc); (CFACreationUtils.addEdgeToCFA, INFO)

line 330: Dead code detected: return (retValue_acc); (CFACreationUtils.addEdgeToCFA, INFO)

line 367: Dead code detected: return (retValue_acc); (CFACreationUtils.addEdgeToCFA, INFO)

line 404: Dead code detected: return (retValue_acc); (CFACreationUtils.addEdgeToCFA, INFO)

line 441: Dead code detected: return (retValue_acc); (CFACreationUtils.addEdgeToCFA, INFO)

line 660: Dead code detected: return (retValue_acc); (CFACreationUtils.addEdgeToCFA, INFO)

line 692: Dead code detected: return (retValue_acc); (CFACreationUtils.addEdgeToCFA, INFO)

line 701: Dead code detected: return (retValue_acc); (CFACreationUtils.addEdgeToCFA, INFO)

line 710: Dead code detected: return (retValue_acc); (CFACreationUtils.addEdgeToCFA, INFO)

line 735: Dead code detected: return (retValue_acc); (CFACreationUtils.addEdgeToCFA, INFO)

line 804: Dead code detected: return (retValue_acc); (CFACreationUtils.addEdgeToCFA, INFO)

line 833: Dead code detected: return (retValue_acc); (CFACreationUtils.addEdgeToCFA, INFO)

line 881: Dead code detected: return (retValue_acc); (CFACreationUtils.addEdgeToCFA, INFO)

line 928: Dead code detected: return (retValue_acc); (CFACreationUtils.addEdgeToCFA, INFO)

line 973: Dead code detected: return (retValue_acc); (CFACreationUtils.addEdgeToCFA, INFO)

line 1051: Dead code detected: return (retValue_acc); (CFACreationUtils.addEdgeToCFA, INFO)

line 1120: Dead code detected: return (retValue_acc); (CFACreationUtils.addEdgeToCFA, INFO)

line 1254: Dead code detected: return (retValue_acc); (CFACreationUtils.addEdgeToCFA, INFO)

line 1337: Dead code detected: return (retValue_acc); (CFACreationUtils.addEdgeToCFA, INFO)

line 1384: Dead code detected: return (retValue_acc); (CFACreationUtils.addEdgeToCFA, INFO)

line 1431: Dead code detected: return (retValue_acc); (CFACreationUtils.addEdgeToCFA, INFO)

line 1476: Dead code detected: return (retValue_acc); (CFACreationUtils.addEdgeToCFA, INFO)

line 1539: Dead code detected: return (retValue_acc); (CFACreationUtils.addEdgeToCFA, INFO)

line 1646: Dead code detected: return (retValue_acc); (CFACreationUtils.addEdgeToCFA, INFO)

line 1700: Dead code detected: return (retValue_acc); (CFACreationUtils.addEdgeToCFA, INFO)

line 1772: Dead code detected: return (retValue_acc); (CFACreationUtils.addEdgeToCFA, INFO)

line 1819: Dead code detected: return (retValue_acc); (CFACreationUtils.addEdgeToCFA, INFO)

line 1856: Dead code detected: return (retValue_acc); (CFACreationUtils.addEdgeToCFA, INFO)

line 2105: Dead code detected: return (retValue_acc); (CFACreationUtils.addEdgeToCFA, INFO)

line 2128: Dead code detected: return (retValue_acc); (CFACreationUtils.addEdgeToCFA, INFO)

line 2723: Dead code detected: return (retValue_acc); (CFACreationUtils.addEdgeToCFA, INFO)

line 2769: Dead code detected: return (retValue_acc); (CFACreationUtils.addEdgeToCFA, INFO)

line 2828: Dead code detected: return (retValue_acc); (CFACreationUtils.addEdgeToCFA, INFO)

line 2848: Dead code detected: return (retValue_acc); (CFACreationUtils.addEdgeToCFA, INFO)

line 2857: Dead code detected: return (retValue_acc); (CFACreationUtils.addEdgeToCFA, INFO)

line 2872: Dead code detected: return (retValue_acc); (CFACreationUtils.addEdgeToCFA, INFO)

line 2560: Function pointer *__cil_tmp10 with type int (*)(int, int) is called, but no possible target functions were found. (CFunctionPointerResolver.getTargets, WARNING)

Using unsound approximation of ints with unbounded integers and floats with unbounded integers for encoding program semantics. (PredicateCPA:FormulaManagerView.<init>, WARNING)

Using predicate analysis with Princess 2023-04-07. (PredicateCPA:PredicateCPA.<init>, INFO)

Using unsound approximation of ints with unbounded integers and floats with unbounded integers for encoding program semantics. (AssumptionStorageCPA:FormulaManagerView.<init>, WARNING)

The following configuration options were specified but are not used:
 proveroptions.option 
 (CPAchecker.printConfigurationWarnings, WARNING)

Starting analysis ... (CPAchecker.runAlgorithm, INFO)

Creating formula for program (AbstractBMCAlgorithm.run, INFO)

Starting satisfiability check... (AbstractBMCAlgorithm.boundedModelCheck, INFO)

Shutdown requested (The CPU-time limit of 900s has elapsed.), waiting for termination. (ForceTerminationOnShutdown$1.shutdownRequested, WARNING)

Shutdown was requested but CPAchecker is still running after 10s, forcing immediate termination now. (ForceTerminationOnShutdown.run, WARNING)

For your information: CPAchecker is currently hanging at
 java.base@17.0.8.1/java.util.stream.ReferencePipeline.forEachWithCancel(ReferencePipeline.java:129)
... <REMAINING ARGUMENT OMITTED BECAUSE 15457 CHARACTERS LONG> 
 (ForceTerminationOnShutdown.run, INFO)

