scripts/cpa.sh -heap 13000M -stack 50M -noout -benchmark -bmc -setprop cpa.predicate.useArraysForHeap=false -setprop cpa.predicate.memoryAllocationsAlwaysSucceed=true -setprop cpa.loopbound.maxLoopIterations=10 -setprop cpa.predicate.encodeFloatAs=INTEGER -setprop cpa.predicate.encodeBitvectorAs=INTEGER -setprop solver.solver=princess -timelimit 900s -stats -spec test/programs/benchmarks/properties/unreach-call.prp -32 test/programs/benchmarks/nla-digbench-scaling/bresenham-ll_valuebound10.c


--------------------------------------------------------------------------------


Running CPAchecker with Java heap of size 13000M.
Running CPAchecker with Java stack of size 50M.
Language C detected and set for analysis (CPAMain.detectFrontendLanguageIfNecessary, INFO)

Using the following resource limits: CPU-time limit of 900s (ResourceLimitChecker.fromConfiguration, INFO)

CPAchecker 2.3.1-svn-45350M / bmc (OpenJDK 64-Bit Server VM 17.0.8.1) started (CPAchecker.run, INFO)

Parsing CFA from file(s) "test/programs/benchmarks/nla-digbench-scaling/bresenham-ll_valuebound10.c" (CPAchecker.parse, INFO)

#
# A fatal error has been detected by the Java Runtime Environment:
#
#  SIGSEGV (0xb) at pc=0x00007f1aef2bfb33, pid=2, tid=51
#
# JRE version: OpenJDK Runtime Environment (17.0.8.1+1) (build 17.0.8.1+1-Ubuntu-0ubuntu120.04)
# Java VM: OpenJDK 64-Bit Server VM (17.0.8.1+1-Ubuntu-0ubuntu120.04, mixed mode, sharing, tiered, compressed oops, compressed class ptrs, g1 gc, linux-amd64)
# Problematic frame:
# V  [libjvm.so+0x755b33]  G1ParScanThreadState::steal_and_trim_queue(GenericTaskQueueSet<OverflowTaskQueue<ScannerTask, (MEMFLAGS)5, 131072u>, (MEMFLAGS)5>*)+0x7b3
#
# No core dump will be written. Core dumps have been disabled. To enable core dumping, try "ulimit -c unlimited" before starting Java again
#
# An error report file with more information is saved as:
# /tmp/vcloud_worker_vcloud-master_on_vcloud-master/run_dir_b56d97fd-5389-4533-9df7-85286934a25c/hs_err_pid2.log
[thread 34 also had an error]
#
# If you would like to submit a bug report, please visit:
#   Unknown
#
#
# A fatal error has been detected by the Java Runtime Environment:
#
#  SIGSEGV (0xb) at pc=0x00007f1aef2bfb33, pid=2, tid=51
#
# JRE version: OpenJDK Runtime Environment (17.0.8.1+1) (build 17.0.8.1+1-Ubuntu-0ubuntu120.04)
# Java VM: OpenJDK 64-Bit Server VM (17.0.8.1+1-Ubuntu-0ubuntu120.04, mixed mode, sharing, tiered, compressed oops, compressed class ptrs, g1 gc, linux-amd64)
# Problematic frame:
# V  [libjvm.so+0x755b33]  G1ParScanThreadState::steal_and_trim_queue(GenericTaskQueueSet<OverflowTaskQueue<ScannerTask, (MEMFLAGS)5, 131072u>, (MEMFLAGS)5>*)+0x7b3
#
# No core dump will be written. Core dumps have been disabled. To enable core dumping, try "ulimit -c unlimited" before starting Java again
#
# If you would like to submit a bug report, please visit:
#   Unknown
#

---------------  S U M M A R Y ------------

Command Line: -XX:+PerfDisableSharedMem -Djava.awt.headless=true -Xss50M -Xmx13000M -da org.sosy_lab.cpachecker.cmdline.CPAMain -noout -benchmark -bmc -setprop cpa.predicate.useArraysForHeap=false -setprop cpa.predicate.memoryAllocationsAlwaysSucceed=true -setprop cpa.loopbound.maxLoopIterations=10 -setprop cpa.predicate.encodeFloatAs=INTEGER -setprop cpa.predicate.encodeBitvectorAs=INTEGER -setprop solver.solver=princess -timelimit 900s -stats -spec test/programs/benchmarks/properties/unreach-call.prp -32 test/programs/benchmarks/nla-digbench-scaling/bresenham-ll_valuebound10.c

Host: Intel(R) Core(TM) i9-9900 CPU @ 3.10GHz, 16 cores, 6G, Ubuntu 20.04.6 LTS
Time: Tue Nov 28 14:46:49 2023 CET elapsed time: 0.729145 seconds (0d 0h 0m 0s)

---------------  T H R E A D  ---------------

Current thread (0x00007f1a4c004690):  GCTaskThread "GC Thread#1" [stack: 0x00007f1ae86bb000,0x00007f1ae87bb000] [id=51]

Stack: [0x00007f1ae86bb000,0x00007f1ae87bb000],  sp=0x00007f1ae87b9ba0,  free space=1018k
Native frames: (J=compiled Java code, j=interpreted, Vv=VM code, C=native code)
V  [libjvm.so+0x755b33]  G1ParScanThreadState::steal_and_trim_queue(GenericTaskQueueSet<OverflowTaskQueue<ScannerTask, (MEMFLAGS)5, 131072u>, (MEMFLAGS)5>*)+0x7b3
V  [libjvm.so+0x70a6e2]  G1ParEvacuateFollowersClosure::do_void()+0xd2
V  [libjvm.so+0x70e589]  G1EvacuateRegionsTask::evacuate_live_objects(G1ParScanThreadState*, unsigned int)+0x89
V  [libjvm.so+0x70c168]  G1EvacuateRegionsBaseTask::work(unsigned int)+0x98
V  [libjvm.so+0xf98767]  GangWorker::loop()+0x67
V  [libjvm.so+0xf987c3]
V  [libjvm.so+0xee6c74]  Thread::call_run()+0xc4
V  [libjvm.so+0xc381f9]  thread_native_entry(Thread*)+0xe9


siginfo: si_signo: 11 (SIGSEGV), si_code: 1 (SEGV_MAPERR), si_addr: 0x0000000000acbb80

Register to memory mapping:

RAX=0x00007f1ae403edb4 points into unknown readable memory: 00 00 00 00
RBX=0x00007f1aefedb360: <offset 0x0000000001371360> in /usr/lib/jvm/java-17-openjdk-amd64/lib/server/libjvm.so at 0x00007f1aeeb6a000
RCX=0x0000000000000017 is an unknown value
RDX=0x0 is NULL
RSP=0x00007f1ae87b9ba0 points into unknown readable memory: 0x0000000000041897 | 97 18 04 00 00 00 00 00
RBP=0x00007f1ae87b9c30 points into unknown readable memory: 0x00007f1ae87b9cf0 | f0 9c 7b e8 1a 7f 00 00
RSI=0x0000000000000003 is an unknown value
RDI=0x0000000000000001 is an unknown value
R8 =0x0000000000000001 is an unknown value
R9 =0x0 is NULL
R10=0x0000000000acbb80 is an unknown value
R11=0x0 is NULL
R12=
[error occurred during error reporting (printing register info), id 0xb, SIGSEGV (0xb) at pc=0x00007f1af00adb51]

Registers:
RAX=0x00007f1ae403edb4, RBX=0x00007f1aefedb360, RCX=0x0000000000000017, RDX=0x0000000000000000
RSP=0x00007f1ae87b9ba0, RBP=0x00007f1ae87b9c30, RSI=0x0000000000000003, RDI=0x0000000000000001
R8 =0x0000000000000001, R9 =0x0000000000000000, R10=0x0000000000acbb80, R11=0x0000000000000000
R12=0x00000004da0cb411, R13=0x00007f1aefedd5dc, R14=0x00007f19f8007bc0, R15=0x00007f1ae402fc90
RIP=0x00007f1aef2bfb33, EFLAGS=0x0000000000010246, CSGSFS=0x002b000000000033, ERR=0x0000000000000004
  TRAPNO=0x000000000000000e

Top of Stack: (sp=0x00007f1ae87b9ba0)
0x00007f1ae87b9ba0:   0000000000041897 00007f1aef7ac9ca
0x00007f1ae87b9bb0:   00007f1aefe95330 0000000000000002
0x00007f1ae87b9bc0:   00007f1a00000000 00007f1ae4075fe0
0x00007f1ae87b9bd0:   0000000400000000 00007f1a53159770 

Instructions: (pc=0x00007f1aef2bfb33)
0x00007f1aef2bfa33:   c6 8b 8a 90 05 00 00 48 d3 ee 48 8b 8a 80 05 00
0x00007f1aef2bfa43:   00 4c 8d 04 71 41 0f b6 70 01 40 84 f6 78 96 42
0x00007f1aef2bfa53:   0f 18 0c 28 ba 10 00 00 00 0f 18 0c 10 49 8b 86
0x00007f1aef2bfa63:   98 01 00 00 48 8d 73 01 48 8b 40 10 8b 90 80 00
0x00007f1aef2bfa73:   00 00 8b 88 00 01 00 00 89 d7 29 cf 89 f9 81 e1
0x00007f1aef2bfa83:   ff ff 01 00 81 f9 fd ff 01 00 0f 86 c3 03 00 00
0x00007f1aef2bfa93:   48 8b 90 a0 02 00 00 48 3b 90 88 02 00 00 0f 84
0x00007f1aef2bfaa3:   84 0d 00 00 48 8d 3c d5 00 00 00 00 48 83 c2 01
0x00007f1aef2bfab3:   48 8b 88 b8 02 00 00 48 89 34 39 48 89 90 a0 02
0x00007f1aef2bfac3:   00 00 e9 3d ff ff ff 66 0f 1f 44 00 00 48 8d bb
0x00007f1aef2bfad3:   80 02 00 00 48 89 75 b8 e8 30 76 fb ff 48 8b 75
0x00007f1aef2bfae3:   b8 b8 01 00 00 00 31 ff e9 f0 fd ff ff 48 8d 05
0x00007f1aef2bfaf3:   39 58 bd 00 45 8b 54 24 ff 8b 70 08 48 8b 10 49
0x00007f1aef2bfb03:   8b 46 08 89 f1 49 d3 e2 8b 88 90 05 00 00 48 8b
0x00007f1aef2bfb13:   80 80 05 00 00 49 01 d2 4c 89 d7 48 d3 ef 48 8d
0x00007f1aef2bfb23:   04 78 44 0f b6 58 01 45 84 db 0f 88 0d fb ff ff
0x00007f1aef2bfb33:   49 8b 0a 48 89 cf 83 e7 03 48 83 ff 03 0f 85 85
0x00007f1aef2bfb43:   04 00 00 48 8d 05 63 c5 c1 00 80 38 00 74 10 48
0x00007f1aef2bfb53:   89 c8 83 e0 07 48 83 f8 05 0f 84 a9 13 00 00 48
0x00007f1aef2bfb63:   83 e1 fc 4c 8d 2d 6f da c1 00 48 89 4d b8 48 8b
0x00007f1aef2bfb73:   7d b8 89 f1 49 83 ec 01 48 89 f8 48 29 d0 48 d3
0x00007f1aef2bfb83:   e8 41 89 04 24 48 89 f8 41 8b 4d 00 4c 31 e0 48
0x00007f1aef2bfb93:   d3 e8 48 85 c0 0f 84 a2 fa ff ff 49 8b 56 08 4c
0x00007f1aef2bfba3:   89 e0 8b 8a c0 01 00 00 48 d3 e8 48 89 c1 48 8b
0x00007f1aef2bfbb3:   82 b0 01 00 00 48 8b 04 c8 8b 80 bc 00 00 00 a8
0x00007f1aef2bfbc3:   02 0f 85 76 fa ff ff 8b 8a 90 05 00 00 48 89 f8
0x00007f1aef2bfbd3:   48 8b 92 80 05 00 00 48 d3 e8 80 3c 42 00 0f 85
0x00007f1aef2bfbe3:   2c fa ff ff e9 54 fa ff ff 45 0f b6 00 40 80 fe
0x00007f1aef2bfbf3:   fe 0f 84 5a 0b 00 00 40 80 fe fd 0f 84 6f 11 00
0x00007f1aef2bfc03:   00 41 83 be a0 01 00 00 01 0f 84 f5 fd ff ff 45
0x00007f1aef2bfc13:   84 c0 0f 84 ec fd ff ff 49 8b 86 98 01 00 00 48
0x00007f1aef2bfc23:   89 de 48 c1 ee 09 48 8b 50 60 48 03 72 40 48 89 


Stack slot to memory mapping:
stack at sp + 0 slots: 0x0000000000041897 is an unknown value
stack at sp + 1 slots: 0x00007f1aef7ac9ca: <offset 0x0000000000c429ca> in /usr/lib/jvm/java-17-openjdk-amd64/lib/server/libjvm.so at 0x00007f1aeeb6a000
stack at sp + 2 slots: 0x00007f1aefe95330: <offset 0x000000000132b330> in /usr/lib/jvm/java-17-openjdk-amd64/lib/server/libjvm.so at 0x00007f1aeeb6a000
stack at sp + 3 slots: 0x0000000000000002 is an unknown value
stack at sp + 4 slots: 0x00007f1a00000000 points into unknown readable memory: 0x00007f1a00000020 | 20 00 00 00 1a 7f 00 00
stack at sp + 5 slots: 0x00007f1ae4075fe0 points into unknown readable memory: 0x00000004da000000 | 00 00 00 da 04 00 00 00
stack at sp + 6 slots: 0x0000000400000000 is an unknown value
stack at sp + 7 slots: 0x00007f1a53159770 is a pointer to class: 
java.util.LinkedHashMap$Entry {0x00007f1a53159770}
 - instance size:     5
 - klass size:        73
 - access:            synchronized 
 - state:             fully_initialized
 - name:              'java/util/LinkedHashMap$Entry'
 - super:             'java/util/HashMap$Node'
 - sub:               'java/util/HashMap$TreeNode'   
 - arrays:            NULL
 - methods:           Array<T>(0x00007f1a53768ef0)
 - method ordering:   Array<T>(0x00007f1a53768f00)
 - default_methods:   Array<T>(0x0000000000000000)
 - local interfaces:  Array<T>(0x00007f1a535e2768)
 - trans. interfaces: Array<T>(0x00007f1a537683f8)
 - constants:         constant pool [41] {0x00007f1a53768d40} for 'java/util/LinkedHashMap$Entry' cache=0x00007f1a5315a0a0
 - class loader data:  loader data: 0x00007f1ae408eba0 of 'bootstrap'
 - source file:       'LinkedHashMap.java'
 - class annotations:       Array<T>(0x0000000000000000)
 - class type annotations:  Array<T>(0x0000000000000000)
 - field annotations:       Array<T>(0x0000000000000000)
 - field type annotations:  Array<T>(0x0000000000000000)
 - generic signature: '<K:Ljava/lang/Object;V:Ljava/lang/Object;>Ljava/util/HashMap$Node<TK;TV;>;'
 - inner classes:     Array<T>(0x00007f1a53768ed0)
 - nest members:     Array<T>(0x00007f1a535e26f8)
 - permitted subclasses:     Array<T>(0x00007f1a535e26f8)
 - java mirror:       a 'java/lang/Class'{0x00000007ff718268} = 'java/util/LinkedHashMap$Entry'
 - vtable length      5  (start addr: 0x00007f1a53159940)
 - itable length      9 (start addr: 0x00007f1a53159968)
 - ---- static fields (0 words):
 - ---- non-static fields (6 words):
 - final 'hash' 'I' @12 
 - final 'key' 'Ljava/lang/Object;' @16 
 - 'value' 'Ljava/lang/Object;' @20 
 - 'next' 'Ljava/util/HashMap$Node;' @24 
 - 'before' 'Ljava/util/LinkedHashMap$Entry;' @28 
 - 'after' 'Ljava/util/LinkedHashMap$Entry;' @32 
 - non-static oop maps: 16-32 


---------------  P R O C E S S  ---------------

Threads class SMR info:
_java_thread_list=0x00007f1ae45cdf80, length=12, elements={
0x00007f1ae4016260, 0x00007f1ae40abc80, 0x00007f1ae40ad070, 0x00007f1ae40b77b0,
0x00007f1ae40b8b70, 0x00007f1ae40b9f90, 0x00007f1ae40bb950, 0x00007f1ae40bce90,
0x00007f1ae40be310, 0x00007f1ae40c5e50, 0x00007f1ae40c9b60, 0x00007f1ae45cd540
}

Java Threads: ( => current thread )
  0x00007f1ae4016260 JavaThread "main" [_thread_blocked, id=32, stack(0x00007f1aeb613000,0x00007f1aee814000)]
  0x00007f1ae40abc80 JavaThread "Reference Handler" daemon [_thread_blocked, id=40, stack(0x00007f1a48dff000,0x00007f1a4c000000)]
  0x00007f1ae40ad070 JavaThread "Finalizer" daemon [_thread_blocked, id=41, stack(0x00007f1a40dff000,0x00007f1a44000000)]
  0x00007f1ae40b77b0 JavaThread "Signal Dispatcher" daemon [_thread_blocked, id=42, stack(0x00007f1a38dff000,0x00007f1a3c000000)]
  0x00007f1ae40b8b70 JavaThread "Service Thread" daemon [_thread_blocked, id=43, stack(0x00007f1a30dff000,0x00007f1a34000000)]
  0x00007f1ae40b9f90 JavaThread "Monitor Deflation Thread" daemon [_thread_blocked, id=44, stack(0x00007f1a28dff000,0x00007f1a2c000000)]
  0x00007f1ae40bb950 JavaThread "C2 CompilerThread0" daemon [_thread_blocked, id=45, stack(0x00007f1ae8a07000,0x00007f1ae8b08000)]
  0x00007f1ae40bce90 JavaThread "C1 CompilerThread0" daemon [_thread_blocked, id=46, stack(0x00007f1ae8906000,0x00007f1ae8a07000)]
  0x00007f1ae40be310 JavaThread "Sweeper thread" daemon [_thread_blocked, id=47, stack(0x00007f1a18dff000,0x00007f1a1c000000)]
  0x00007f1ae40c5e50 JavaThread "Notification Thread" daemon [_thread_blocked, id=48, stack(0x00007f1a10dff000,0x00007f1a14000000)]
  0x00007f1ae40c9b60 JavaThread "Common-Cleaner" daemon [_thread_blocked, id=50, stack(0x00007f1a08dff000,0x00007f1a0c000000)]
  0x00007f1ae45cd540 JavaThread "Resource limit checker" daemon [_thread_blocked, id=52, stack(0x00007f19fcdff000,0x00007f1a00000000)]

Other Threads:
  0x00007f1ae40a7cf0 VMThread "VM Thread" [stack: 0x00007f1ae8dd6000,0x00007f1ae8ed6000] [id=39]
  0x00007f1ae40c77a0 WatcherThread [stack: 0x00007f1ae8806000,0x00007f1ae8906000] [id=49]
  0x00007f1ae40415b0 GCTaskThread "GC Thread#0" [stack: 0x00007f1ae9708000,0x00007f1ae9808000] [id=34]
=>0x00007f1a4c004690 GCTaskThread "GC Thread#1" [stack: 0x00007f1ae86bb000,0x00007f1ae87bb000] [id=51]
  0x00007f1ae404f690 ConcurrentGCThread "G1 Main Marker" [stack: 0x00007f1ae9606000,0x00007f1ae9706000] [id=35]
  0x00007f1ae4050600 ConcurrentGCThread "G1 Conc#0" [stack: 0x00007f1ae9504000,0x00007f1ae9604000] [id=36]
  0x00007f1ae40782e0 ConcurrentGCThread "G1 Refine#0" [stack: 0x00007f1ae9200000,0x00007f1ae9300000] [id=37]
  0x00007f1ae40791d0 ConcurrentGCThread "G1 Service" [stack: 0x00007f1ae90fe000,0x00007f1ae91fe000] [id=38]

Threads with active compile tasks:
C2 CompilerThread0      731 1121   !   4       java.util.jar.Attributes::read (494 bytes)

VM state: at safepoint (normal execution)

VM Mutex/Monitor currently owned by a thread:  ([mutex/lock_event])
[0x00007f1ae4013530] Threads_lock - owner thread: 0x00007f1ae40a7cf0
[0x00007f1ae4013ce0] Heap_lock - owner thread: 0x00007f1ae4016260

Heap address: 0x00000004d3800000, size: 13000 MB, Compressed Oops mode: Zero based, Oop shift amount: 3

CDS archive(s) mapped at: [0x00007f1a53000000-0x00007f1a53beb000-0x00007f1a53beb000), size 12496896, SharedBaseAddress: 0x00007f1a53000000, ArchiveRelocationMode: 1.
Compressed class space mapped at: 0x00007f1a54000000-0x00007f1a94000000, reserved size: 1073741824
Narrow klass base: 0x00007f1a53000000, Narrow klass shift: 0, Narrow klass range: 0x100000000

GC Precious Log:
 CPUs: 16 total, 2 available
 Memory: 6675M
 Large Page Support: Disabled
 NUMA Support: Disabled
 Compressed Oops: Enabled (Zero based)
 Heap Region Size: 8M
 Heap Min Capacity: 8M
 Heap Initial Capacity: 112M
 Heap Max Capacity: 13000M
 Pre-touch: Disabled
 Parallel Workers: 2
 Concurrent Workers: 1
 Concurrent Refinement Workers: 2
 Periodic GC: Disabled

Heap:
 garbage-first heap   total 131072K, used 23177K [0x00000004d3800000, 0x0000000800000000)
  region size 8192K, 2 young (16384K), 1 survivors (8192K)
 Metaspace       used 8674K, committed 8896K, reserved 1114112K
  class space    used 1000K, committed 1088K, reserved 1048576K

Heap Regions: E=young(eden), S=young(survivor), O=old, HS=humongous(starts), HC=humongous(continues), CS=collection set, F=free, OA=open archive, CA=closed archive, TAMS=top-at-mark-start (previous, next)
|   0|0x00000004d3800000, 0x00000004d4000000, 0x00000004d4000000|100%| O|  |TAMS 0x00000004d3800000, 0x00000004d3800000| Untracked 
|   1|0x00000004d4000000, 0x00000004d404c530, 0x00000004d4800000|  3%| O|  |TAMS 0x00000004d4000000, 0x00000004d4000000| Untracked 
|   2|0x00000004d4800000, 0x00000004d4800000, 0x00000004d5000000|  0%| F|  |TAMS 0x00000004d4800000, 0x00000004d4800000| Untracked 
|   3|0x00000004d5000000, 0x00000004d5000000, 0x00000004d5800000|  0%| F|  |TAMS 0x00000004d5000000, 0x00000004d5000000| Untracked 
|   4|0x00000004d5800000, 0x00000004d5800000, 0x00000004d6000000|  0%| F|  |TAMS 0x00000004d5800000, 0x00000004d5800000| Untracked 
|   5|0x00000004d6000000, 0x00000004d6000000, 0x00000004d6800000|  0%| F|  |TAMS 0x00000004d6000000, 0x00000004d6000000| Untracked 
|   6|0x00000004d6800000, 0x00000004d6800000, 0x00000004d7000000|  0%| F|  |TAMS 0x00000004d6800000, 0x00000004d6800000| Untracked 
|   7|0x00000004d7000000, 0x00000004d7000000, 0x00000004d7800000|  0%| F|  |TAMS 0x00000004d7000000, 0x00000004d7000000| Untracked 
|   8|0x00000004d7800000, 0x00000004d7800000, 0x00000004d8000000|  0%| F|  |TAMS 0x00000004d7800000, 0x00000004d7800000| Untracked 
|   9|0x00000004d8000000, 0x00000004d8000000, 0x00000004d8800000|  0%| F|  |TAMS 0x00000004d8000000, 0x00000004d8000000| Untracked 
|  10|0x00000004d8800000, 0x00000004d8800000, 0x00000004d9000000|  0%| F|  |TAMS 0x00000004d8800000, 0x00000004d8800000| Untracked 
|  11|0x00000004d9000000, 0x00000004d9800000, 0x00000004d9800000|100%| S|  |TAMS 0x00000004d9000000, 0x00000004d9000000| Complete 
|  12|0x00000004d9800000, 0x00000004d9cfdf90, 0x00000004da000000| 62%| E|CS|TAMS 0x00000004d9800000, 0x00000004d9800000| Complete 
|  13|0x00000004da000000, 0x00000004da800000, 0x00000004da800000|100%| E|CS|TAMS 0x00000004da000000, 0x00000004da000000| Complete 
|1623|0x00000007ff000000, 0x00000007ff777000, 0x00000007ff800000| 93%|OA|  |TAMS 0x00000007ff000000, 0x00000007ff000000| Untracked 
|1624|0x00000007ff800000, 0x00000007ff884000, 0x0000000800000000|  6%|CA|  |TAMS 0x00000007ff800000, 0x00000007ff800000| Untracked 

Card table byte_map: [0x00007f1acbc41000,0x00007f1acd5a5000] _byte_map_base: 0x00007f1ac95a5000

Marking Bits (Prev, Next): (CMBitMap*) 0x00007f1ae4042030, (CMBitMap*) 0x00007f1ae4042070
 Prev Bits: [0x00007f1abd7bd000, 0x00007f1aca2dd000)
 Next Bits: [0x00007f1ab0c9d000, 0x00007f1abd7bd000)

Polling page: 0x00007f1af01cd000

Metaspace:

Usage:
  Non-class:      7,49 MB used.
      Class:   1000,70 KB used.
       Both:      8,47 MB used.

Virtual space:
  Non-class space:       64,00 MB reserved,       7,62 MB ( 12%) committed,  1 nodes.
      Class space:        1,00 GB reserved,       1,06 MB ( <1%) committed,  1 nodes.
             Both:        1,06 GB reserved,       8,69 MB ( <1%) committed. 

Chunk freelists:
   Non-Class:  8,23 MB
       Class:  14,98 MB
        Both:  23,21 MB

MaxMetaspaceSize: unlimited
CompressedClassSpaceSize: 1,00 GB
Initial GC threshold: 21,00 MB
Current GC threshold: 21,00 MB
CDS: on
MetaspaceReclaimPolicy: balanced
 - commit_granule_bytes: 65536.
 - commit_granule_words: 8192.
 - virtual_space_node_default_size: 8388608.
 - enlarge_chunks_in_place: 1.
 - new_chunks_are_fully_committed: 0.
 - uncommit_free_chunks: 1.
 - use_allocation_guard: 0.
 - handle_deallocations: 1.


Internal statistics:

num_allocs_failed_limit: 0.
num_arena_births: 102.
num_arena_deaths: 0.
num_vsnodes_births: 2.
num_vsnodes_deaths: 0.
num_space_committed: 139.
num_space_uncommitted: 0.
num_chunks_returned_to_freelist: 0.
num_chunks_taken_from_freelist: 258.
num_chunk_merges: 0.
num_chunk_splits: 165.
num_chunks_enlarged: 114.
num_inconsistent_stats: 0.

CodeHeap 'non-profiled nmethods': size=120036Kb used=362Kb max_used=362Kb free=119673Kb
 bounds [0x00007f1ad506c000, 0x00007f1ad52dc000, 0x00007f1adc5a5000]
CodeHeap 'profiled nmethods': size=120032Kb used=2129Kb max_used=2129Kb free=117902Kb
 bounds [0x00007f1acd5a5000, 0x00007f1acd815000, 0x00007f1ad4add000]
CodeHeap 'non-nmethods': size=5692Kb used=1167Kb max_used=1197Kb free=4524Kb
 bounds [0x00007f1ad4add000, 0x00007f1ad4d4d000, 0x00007f1ad506c000]
 total_blobs=1655 nmethods=1189 adapters=380
 compilation: enabled
              stopped_count=0, restarted_count=0
 full_count=0

Compilation events (20 events):
Event: 0,692 Thread 0x00007f1ae40bce90 1196       2       java.nio.ByteBuffer::<init> (47 bytes)
Event: 0,692 Thread 0x00007f1ae40bce90 nmethod 1196 0x00007f1acd7b6d90 code [0x00007f1acd7b6f40, 0x00007f1acd7b70e0]
Event: 0,694 Thread 0x00007f1ae40bce90 1197   !   2       jdk.internal.reflect.NativeConstructorAccessorImpl::newInstance (122 bytes)
Event: 0,694 Thread 0x00007f1ae40bce90 nmethod 1197 0x00007f1acd7b7190 code [0x00007f1acd7b7380, 0x00007f1acd7b7840]
Event: 0,695 Thread 0x00007f1ae40bce90 1199       1       java.lang.reflect.Constructor::getDeclaringClass (5 bytes)
Event: 0,695 Thread 0x00007f1ae40bce90 nmethod 1199 0x00007f1ad50c5810 code [0x00007f1ad50c59a0, 0x00007f1ad50c5a70]
Event: 0,695 Thread 0x00007f1ae40bce90 1200       2       java.lang.ref.ReferenceQueue::reallyPoll (65 bytes)
Event: 0,695 Thread 0x00007f1ae40bce90 nmethod 1200 0x00007f1acd7b7c10 code [0x00007f1acd7b7dc0, 0x00007f1acd7b8110]
Event: 0,695 Thread 0x00007f1ae40bce90 1201       2       jdk.internal.org.objectweb.asm.MethodWriter::visitCode (1 bytes)
Event: 0,695 Thread 0x00007f1ae40bce90 nmethod 1201 0x00007f1acd7b8210 code [0x00007f1acd7b83a0, 0x00007f1acd7b8490]
Event: 0,696 Thread 0x00007f1ae40bce90 1202       2       java.util.ImmutableCollections$Set12$1::hasNext (13 bytes)
Event: 0,696 Thread 0x00007f1ae40bce90 nmethod 1202 0x00007f1acd7b8510 code [0x00007f1acd7b86a0, 0x00007f1acd7b87b0]
Event: 0,696 Thread 0x00007f1ae40bce90 1204       2       sun.invoke.util.BytecodeDescriptor::unparseSig (49 bytes)
Event: 0,696 Thread 0x00007f1ae40bce90 nmethod 1204 0x00007f1acd7b8810 code [0x00007f1acd7b8a00, 0x00007f1acd7b8c60]
Event: 0,697 Thread 0x00007f1ae40bce90 1205       2       java.lang.invoke.MethodType::basicType (8 bytes)
Event: 0,697 Thread 0x00007f1ae40bce90 nmethod 1205 0x00007f1acd7b8e10 code [0x00007f1acd7b8fa0, 0x00007f1acd7b90b0]
Event: 0,697 Thread 0x00007f1ae40bce90 1206       2       jdk.internal.org.objectweb.asm.Type::<init> (26 bytes)
Event: 0,697 Thread 0x00007f1ae40bce90 nmethod 1206 0x00007f1acd7b9190 code [0x00007f1acd7b9320, 0x00007f1acd7b9470]
Event: 0,697 Thread 0x00007f1ae40bb950 nmethod 1155% 0x00007f1ad50c5e10 code [0x00007f1ad50c5fa0, 0x00007f1ad50c6898]
Event: 0,697 Thread 0x00007f1ae40bb950 1121   !   4       java.util.jar.Attributes::read (494 bytes)

GC Heap History (7 events):
Event: 0,211 GC heap before
{Heap before GC invocations=0 (full 0):
 garbage-first heap   total 131072K, used 16364K [0x00000004d3800000, 0x0000000800000000)
  region size 8192K, 1 young (8192K), 0 survivors (0K)
 Metaspace       used 2563K, committed 2752K, reserved 1114112K
  class space    used 312K, committed 384K, reserved 1048576K
}
Event: 0,215 GC heap after
{Heap after GC invocations=1 (full 0):
 garbage-first heap   total 131072K, used 9903K [0x00000004d3800000, 0x0000000800000000)
  region size 8192K, 1 young (8192K), 1 survivors (8192K)
 Metaspace       used 2563K, committed 2752K, reserved 1114112K
  class space    used 312K, committed 384K, reserved 1048576K
}
Event: 0,375 GC heap before
{Heap before GC invocations=1 (full 0):
 garbage-first heap   total 131072K, used 18095K [0x00000004d3800000, 0x0000000800000000)
  region size 8192K, 2 young (16384K), 1 survivors (8192K)
 Metaspace       used 4908K, committed 5056K, reserved 1114112K
  class space    used 589K, committed 704K, reserved 1048576K
}
Event: 0,378 GC heap after
{Heap after GC invocations=2 (full 0):
 garbage-first heap   total 131072K, used 13047K [0x00000004d3800000, 0x0000000800000000)
  region size 8192K, 1 young (8192K), 1 survivors (8192K)
 Metaspace       used 4908K, committed 5056K, reserved 1114112K
  class space    used 589K, committed 704K, reserved 1048576K
}
Event: 0,577 GC heap before
{Heap before GC invocations=2 (full 0):
 garbage-first heap   total 131072K, used 21239K [0x00000004d3800000, 0x0000000800000000)
  region size 8192K, 2 young (16384K), 1 survivors (8192K)
 Metaspace       used 8297K, committed 8448K, reserved 1114112K
  class space    used 954K, committed 1024K, reserved 1048576K
}
Event: 0,586 GC heap after
{Heap after GC invocations=3 (full 0):
 garbage-first heap   total 131072K, used 14985K [0x00000004d3800000, 0x0000000800000000)
  region size 8192K, 1 young (8192K), 1 survivors (8192K)
 Metaspace       used 8297K, committed 8448K, reserved 1114112K
  class space    used 954K, committed 1024K, reserved 1048576K
}
Event: 0,700 GC heap before
{Heap before GC invocations=3 (full 0):
 garbage-first heap   total 131072K, used 23177K [0x00000004d3800000, 0x0000000800000000)
  region size 8192K, 2 young (16384K), 1 survivors (8192K)
 Metaspace       used 8674K, committed 8896K, reserved 1114112K
  class space    used 1000K, committed 1088K, reserved 1048576K
}

Dll operation events (8 events):
Event: 0,001 Loaded shared library /usr/lib/jvm/java-17-openjdk-amd64/lib/libjava.so
Event: 0,011 Loaded shared library /usr/lib/jvm/java-17-openjdk-amd64/lib/libjsvml.so
Event: 0,026 Loaded shared library /usr/lib/jvm/java-17-openjdk-amd64/lib/libnio.so
Event: 0,033 Loaded shared library /usr/lib/jvm/java-17-openjdk-amd64/lib/libzip.so
Event: 0,149 Loaded shared library /usr/lib/jvm/java-17-openjdk-amd64/lib/libnet.so
Event: 0,218 Loaded shared library /usr/lib/jvm/java-17-openjdk-amd64/lib/libjimage.so
Event: 0,272 Loaded shared library /usr/lib/jvm/java-17-openjdk-amd64/lib/libmanagement.so
Event: 0,280 Loaded shared library /usr/lib/jvm/java-17-openjdk-amd64/lib/libmanagement_ext.so

Deoptimization events (20 events):
Event: 0,628 Thread 0x00007f1ae4016260 DEOPT PACKING pc=0x00007f1acd7801c9 sp=0x00007f1aee80d7c0
Event: 0,628 Thread 0x00007f1ae4016260 DEOPT UNPACKING pc=0x00007f1ad4b33e2f sp=0x00007f1aee80cc68 mode 0
Event: 0,629 Thread 0x00007f1ae4016260 DEOPT PACKING pc=0x00007f1acd7801c9 sp=0x00007f1aee80d7c0
Event: 0,629 Thread 0x00007f1ae4016260 DEOPT UNPACKING pc=0x00007f1ad4b33e2f sp=0x00007f1aee80cc68 mode 0
Event: 0,630 Thread 0x00007f1ae4016260 DEOPT PACKING pc=0x00007f1acd7801c9 sp=0x00007f1aee80d7c0
Event: 0,630 Thread 0x00007f1ae4016260 DEOPT UNPACKING pc=0x00007f1ad4b33e2f sp=0x00007f1aee80cc68 mode 0
Event: 0,631 Thread 0x00007f1ae4016260 DEOPT PACKING pc=0x00007f1acd7801c9 sp=0x00007f1aee80d7c0
Event: 0,631 Thread 0x00007f1ae4016260 DEOPT UNPACKING pc=0x00007f1ad4b33e2f sp=0x00007f1aee80cc68 mode 0
Event: 0,631 Thread 0x00007f1ae4016260 DEOPT PACKING pc=0x00007f1acd7801c9 sp=0x00007f1aee80d7c0
Event: 0,631 Thread 0x00007f1ae4016260 DEOPT UNPACKING pc=0x00007f1ad4b33e2f sp=0x00007f1aee80cc68 mode 0
Event: 0,654 Thread 0x00007f1ae4016260 DEOPT PACKING pc=0x00007f1acd767668 sp=0x00007f1aee80da80
Event: 0,654 Thread 0x00007f1ae4016260 DEOPT UNPACKING pc=0x00007f1ad4b33e2f sp=0x00007f1aee80cef8 mode 0
Event: 0,655 Thread 0x00007f1ae4016260 DEOPT PACKING pc=0x00007f1acd767668 sp=0x00007f1aee80da80
Event: 0,655 Thread 0x00007f1ae4016260 DEOPT UNPACKING pc=0x00007f1ad4b33e2f sp=0x00007f1aee80cef8 mode 0
Event: 0,655 Thread 0x00007f1ae4016260 DEOPT PACKING pc=0x00007f1acd767668 sp=0x00007f1aee80da80
Event: 0,655 Thread 0x00007f1ae4016260 DEOPT UNPACKING pc=0x00007f1ad4b33e2f sp=0x00007f1aee80cef8 mode 0
Event: 0,655 Thread 0x00007f1ae4016260 DEOPT PACKING pc=0x00007f1acd767668 sp=0x00007f1aee80da80
Event: 0,655 Thread 0x00007f1ae4016260 DEOPT UNPACKING pc=0x00007f1ad4b33e2f sp=0x00007f1aee80cef8 mode 0
Event: 0,655 Thread 0x00007f1ae4016260 DEOPT PACKING pc=0x00007f1acd767668 sp=0x00007f1aee80da80
Event: 0,655 Thread 0x00007f1ae4016260 DEOPT UNPACKING pc=0x00007f1ad4b33e2f sp=0x00007f1aee80cef8 mode 0

Classes unloaded (0 events):
No events

Classes redefined (0 events):
No events

Internal exceptions (14 events):
Event: 0,122 Thread 0x00007f1ae4016260 Exception <a 'sun/nio/fs/UnixException'{0x00000004da4b55f0}> (0x00000004da4b55f0) 
thrown [src/hotspot/share/prims/jni.cpp, line 516]
Event: 0,172 Thread 0x00007f1ae4016260 Exception <a 'java/lang/NoSuchMethodError'{0x00000004da69bba0}: 'java.lang.Object java.lang.invoke.DirectMethodHandle$Holder.newInvokeSpecial(java.lang.Object, java.lang.Object, java.lang.Object, java.lang.Object, java.lang.Object)'> (0x00000004da69bba0) 
thrown [src/hotspot/share/interpreter/linkResolver.cpp, line 758]
Event: 0,263 Thread 0x00007f1ae4016260 Exception <a 'java/lang/NoSuchMethodError'{0x00000004da558480}: 'int java.lang.invoke.DirectMethodHandle$Holder.invokeStaticInit(java.lang.Object, java.lang.Object)'> (0x00000004da558480) 
thrown [src/hotspot/share/interpreter/linkResolver.cpp, line 758]
Event: 0,272 Thread 0x00007f1ae4016260 Exception <a 'java/lang/NoSuchMethodError'{0x00000004da59d1f8}: 'java.lang.Object java.lang.invoke.DirectMethodHandle$Holder.invokeStaticInit(java.lang.Object)'> (0x00000004da59d1f8) 
thrown [src/hotspot/share/interpreter/linkResolver.cpp, line 758]
Event: 0,284 Thread 0x00007f1ae4016260 Exception <a 'java/lang/NoSuchMethodError'{0x00000004da5be3a8}: 'int java.lang.invoke.DirectMethodHandle$Holder.invokeInterface(java.lang.Object, java.lang.Object)'> (0x00000004da5be3a8) 
thrown [src/hotspot/share/interpreter/linkResolver.cpp, line 758]
Event: 0,284 Thread 0x00007f1ae4016260 Exception <a 'java/lang/IncompatibleClassChangeError'{0x00000004da5c1690}: Found class java.lang.Object, but interface was expected> (0x00000004da5c1690) 
thrown [src/hotspot/share/interpreter/linkResolver.cpp, line 826]
Event: 0,285 Thread 0x00007f1ae4016260 Exception <a 'java/lang/NoSuchMethodError'{0x00000004da5c7130}: 'void java.lang.invoke.DirectMethodHandle$Holder.invokeStatic(java.lang.Object, java.lang.Object)'> (0x00000004da5c7130) 
thrown [src/hotspot/share/interpreter/linkResolver.cpp, line 758]
Event: 0,329 Thread 0x00007f1ae4016260 Exception <a 'java/lang/NoSuchMethodError'{0x00000004da685bc8}: 'void java.lang.invoke.DirectMethodHandle$Holder.invokeStatic(java.lang.Object, java.lang.Object, java.lang.Object)'> (0x00000004da685bc8) 
thrown [src/hotspot/share/interpreter/linkResolver.cpp, line 758]
Event: 0,331 Thread 0x00007f1ae4016260 Exception <a 'java/lang/NoSuchMethodError'{0x00000004da691620}: 'long java.lang.invoke.DirectMethodHandle$Holder.invokeStatic(java.lang.Object, java.lang.Object)'> (0x00000004da691620) 
thrown [src/hotspot/share/interpreter/linkResolver.cpp, line 758]
Event: 0,335 Thread 0x00007f1ae4016260 Exception <a 'java/lang/NoSuchMethodError'{0x00000004da6c6f68}: 'int java.lang.invoke.DirectMethodHandle$Holder.invokeSpecial(java.lang.Object, java.lang.Object, java.lang.Object)'> (0x00000004da6c6f68) 
thrown [src/hotspot/share/interpreter/linkResolver.cpp, line 758]
Event: 0,374 Thread 0x00007f1ae4016260 Exception <a 'java/lang/NoSuchMethodError'{0x00000004da7e0e28}: 'void java.lang.invoke.DirectMethodHandle$Holder.invokeSpecial(java.lang.Object, java.lang.Object, java.lang.Object)'> (0x00000004da7e0e28) 
thrown [src/hotspot/share/interpreter/linkResolver.cpp, line 758]
Event: 0,391 Thread 0x00007f1ae4016260 Exception <a 'java/lang/NoSuchMethodError'{0x00000004da08c7a8}: 'java.lang.Object java.lang.invoke.DirectMethodHandle$Holder.invokeInterface(java.lang.Object, java.lang.Object)'> (0x00000004da08c7a8) 
thrown [src/hotspot/share/interpreter/linkResolver.cpp, line 758]
Event: 0,449 Thread 0x00007f1ae4016260 Exception <a 'java/lang/NoSuchMethodError'{0x00000004da38dc10}: 'java.lang.Object java.lang.invoke.DirectMethodHandle$Holder.invokeVirtual(java.lang.Object, java.lang.Object, java.lang.Object)'> (0x00000004da38dc10) 
thrown [src/hotspot/share/interpreter/linkResolver.cpp, line 758]
Event: 0,697 Thread 0x00007f1ae4016260 Exception <a 'java/lang/NoSuchMethodError'{0x00000004da7dfa48}: 'java.lang.Object java.lang.invoke.Invokers$Holder.invokeExact_MT(java.lang.Object, java.lang.Object, java.lang.Object, java.lang.Object, java.lang.Object, java.lang.Object)'> (0x00000004da7dfa48) 
thrown [src/hotspot/share/interpreter/linkResolver.cpp, line 758]

VM Operations (19 events):
Event: 0,211 Executing VM operation: G1CollectForAllocation
Event: 0,215 Executing VM operation: G1CollectForAllocation done
Event: 0,287 Executing VM operation: HandshakeAllThreads
Event: 0,287 Executing VM operation: HandshakeAllThreads done
Event: 0,375 Executing VM operation: G1CollectForAllocation
Event: 0,378 Executing VM operation: G1CollectForAllocation done
Event: 0,380 Executing VM operation: HandshakeAllThreads
Event: 0,380 Executing VM operation: HandshakeAllThreads done
Event: 0,415 Executing VM operation: HandshakeAllThreads
Event: 0,415 Executing VM operation: HandshakeAllThreads done
Event: 0,478 Executing VM operation: HandshakeAllThreads
Event: 0,478 Executing VM operation: HandshakeAllThreads done
Event: 0,484 Executing VM operation: HandshakeAllThreads
Event: 0,484 Executing VM operation: HandshakeAllThreads done
Event: 0,501 Executing VM operation: HandshakeAllThreads
Event: 0,501 Executing VM operation: HandshakeAllThreads done
Event: 0,577 Executing VM operation: G1CollectForAllocation
Event: 0,586 Executing VM operation: G1CollectForAllocation done
Event: 0,700 Executing VM operation: G1CollectForAllocation

Events (20 events):
Event: 0,569 loading class java/util/Base64$Encoder
Event: 0,569 loading class java/util/Base64$Encoder done
Event: 0,570 loading class java/util/jar/JarVerifier$VerifierStream
Event: 0,570 loading class java/util/jar/JarVerifier$VerifierStream done
Event: 0,570 loading class sun/security/util/ManifestEntryVerifier$SunProviderHolder
Event: 0,570 loading class sun/security/util/ManifestEntryVerifier$SunProviderHolder done
Event: 0,670 loading class java/util/BitSet
Event: 0,670 loading class java/util/BitSet done
Event: 0,687 loading class java/lang/CloneNotSupportedException
Event: 0,687 loading class java/lang/CloneNotSupportedException done
Event: 0,694 loading class sun/nio/cs/StandardCharsets$Classes
Event: 0,694 loading class sun/nio/cs/StandardCharsets$Classes done
Event: 0,694 loading class sun/nio/cs/UTF_32BE
Event: 0,694 loading class sun/nio/cs/UTF_32BE done
Event: 0,695 loading class sun/nio/cs/UTF_32LE
Event: 0,695 loading class sun/nio/cs/UTF_32LE done
Event: 0,698 loading class java/util/stream/ReduceOps$2
Event: 0,698 loading class java/util/stream/ReduceOps$2 done
Event: 0,698 loading class java/util/stream/ReduceOps$2ReducingSink
Event: 0,698 loading class java/util/stream/ReduceOps$2ReducingSink done


Dynamic libraries:
4d3800000-4da800000 rw-p 00000000 00:00 0 
4da800000-7ff000000 ---p 00000000 00:00 0 
7ff000000-7ff700000 rw-p 00000000 00:00 0 
7ff700000-7ff777000 rw-p 00ca8000 fd:02 1973739                          /usr/lib/jvm/java-17-openjdk-amd64/lib/server/classes.jsa
7ff777000-7ff800000 rw-p 00000000 00:00 0 
7ff800000-7ff884000 rw-p 00c24000 fd:02 1973739                          /usr/lib/jvm/java-17-openjdk-amd64/lib/server/classes.jsa
7ff884000-800000000 rw-p 00000000 00:00 0 
55db64373000-55db64374000 r--p 00000000 fd:02 1973404                    /usr/lib/jvm/java-17-openjdk-amd64/bin/java
55db64374000-55db64375000 r-xp 00001000 fd:02 1973404                    /usr/lib/jvm/java-17-openjdk-amd64/bin/java
55db64375000-55db64376000 r--p 00002000 fd:02 1973404                    /usr/lib/jvm/java-17-openjdk-amd64/bin/java
55db64376000-55db64377000 r--p 00002000 fd:02 1973404                    /usr/lib/jvm/java-17-openjdk-amd64/bin/java
55db64377000-55db64378000 rw-p 00003000 fd:02 1973404                    /usr/lib/jvm/java-17-openjdk-amd64/bin/java
55db64c4e000-55db64c95000 rw-p 00000000 00:00 0                          [heap]
7f19f4000000-7f19f4021000 rw-p 00000000 00:00 0 
7f19f4021000-7f19f8000000 ---p 00000000 00:00 0 
7f19f8000000-7f19f8021000 rw-p 00000000 00:00 0 
7f19f8021000-7f19fc000000 ---p 00000000 00:00 0 
7f19fcdff000-7f19fce03000 ---p 00000000 00:00 0 
7f19fce03000-7f1a00000000 rw-p 00000000 00:00 0 
7f1a00000000-7f1a00021000 rw-p 00000000 00:00 0 
7f1a00021000-7f1a04000000 ---p 00000000 00:00 0 
7f1a04000000-7f1a04021000 rw-p 00000000 00:00 0 
7f1a04021000-7f1a08000000 ---p 00000000 00:00 0 
7f1a08dff000-7f1a08e03000 ---p 00000000 00:00 0 
7f1a08e03000-7f1a0c000000 rw-p 00000000 00:00 0 
7f1a0c000000-7f1a0c021000 rw-p 00000000 00:00 0 
7f1a0c021000-7f1a10000000 ---p 00000000 00:00 0 
7f1a10dff000-7f1a10e03000 ---p 00000000 00:00 0 
7f1a10e03000-7f1a14000000 rw-p 00000000 00:00 0 
7f1a14000000-7f1a14021000 rw-p 00000000 00:00 0 
7f1a14021000-7f1a18000000 ---p 00000000 00:00 0 
7f1a18dff000-7f1a18e03000 ---p 00000000 00:00 0 
7f1a18e03000-7f1a1c000000 rw-p 00000000 00:00 0 
7f1a1c000000-7f1a1c2c7000 rw-p 00000000 00:00 0 
7f1a1c2c7000-7f1a20000000 ---p 00000000 00:00 0 
7f1a20000000-7f1a20391000 rw-p 00000000 00:00 0 
7f1a20391000-7f1a24000000 ---p 00000000 00:00 0 
7f1a24000000-7f1a24021000 rw-p 00000000 00:00 0 
7f1a24021000-7f1a28000000 ---p 00000000 00:00 0 
7f1a28dff000-7f1a28e03000 ---p 00000000 00:00 0 
7f1a28e03000-7f1a2c000000 rw-p 00000000 00:00 0 
7f1a2c000000-7f1a2c021000 rw-p 00000000 00:00 0 
7f1a2c021000-7f1a30000000 ---p 00000000 00:00 0 
7f1a30dff000-7f1a30e03000 ---p 00000000 00:00 0 
7f1a30e03000-7f1a34000000 rw-p 00000000 00:00 0 
7f1a34000000-7f1a34021000 rw-p 00000000 00:00 0 
7f1a34021000-7f1a38000000 ---p 00000000 00:00 0 
7f1a38dff000-7f1a38e03000 ---p 00000000 00:00 0 
7f1a38e03000-7f1a3c000000 rw-p 00000000 00:00 0 
7f1a3c000000-7f1a3c021000 rw-p 00000000 00:00 0 
7f1a3c021000-7f1a40000000 ---p 00000000 00:00 0 
7f1a40dff000-7f1a40e03000 ---p 00000000 00:00 0 
7f1a40e03000-7f1a44000000 rw-p 00000000 00:00 0 
7f1a44000000-7f1a44021000 rw-p 00000000 00:00 0 
7f1a44021000-7f1a48000000 ---p 00000000 00:00 0 
7f1a48dff000-7f1a48e03000 ---p 00000000 00:00 0 
7f1a48e03000-7f1a4c000000 rw-p 00000000 00:00 0 
7f1a4c000000-7f1a4c021000 rw-p 00000000 00:00 0 
7f1a4c021000-7f1a50000000 ---p 00000000 00:00 0 
7f1a53000000-7f1a53beb000 rw-p 00001000 fd:02 1973739                    /usr/lib/jvm/java-17-openjdk-amd64/lib/server/classes.jsa
7f1a53beb000-7f1a54000000 ---p 00000000 00:00 0 
7f1a54000000-7f1a54040000 rw-p 00000000 00:00 0 
7f1a54040000-7f1a540c0000 rw-p 00000000 00:00 0 
7f1a540c0000-7f1a54110000 rw-p 00000000 00:00 0 
7f1a54110000-7f1a94000000 ---p 00000000 00:00 0 
7f1a94000000-7f1a94021000 rw-p 00000000 00:00 0 
7f1a94021000-7f1a98000000 ---p 00000000 00:00 0 
7f1a98000000-7f1a98400000 rw-p 00000000 00:00 0 
7f1a98400000-7f1a98690000 rw-p 00000000 00:00 0 
7f1a98690000-7f1a986c0000 ---p 00000000 00:00 0 
7f1a986c0000-7f1a986d0000 rw-p 00000000 00:00 0 
7f1a986d0000-7f1a98700000 ---p 00000000 00:00 0 
7f1a98700000-7f1a98800000 rw-p 00000000 00:00 0 
7f1a98800000-7f1a9c000000 ---p 00000000 00:00 0 
7f1a9c000000-7f1a9c021000 rw-p 00000000 00:00 0 
7f1a9c021000-7f1aa0000000 ---p 00000000 00:00 0 
7f1aa2000000-7f1aa4000000 rw-p 00000000 00:00 0 
7f1aa4000000-7f1aa4021000 rw-p 00000000 00:00 0 
7f1aa4021000-7f1aa8000000 ---p 00000000 00:00 0 
7f1aa8000000-7f1aa8021000 rw-p 00000000 00:00 0 
7f1aa8021000-7f1aac000000 ---p 00000000 00:00 0 
7f1aac000000-7f1aac9d6000 rw-p 00000000 00:00 0 
7f1aac9d6000-7f1ab0000000 ---p 00000000 00:00 0 
7f1ab0c9d000-7f1ab0e5d000 rw-p 00000000 00:00 0 
7f1ab0e5d000-7f1abd77d000 ---p 00000000 00:00 0 
7f1abd77d000-7f1abd97d000 rw-p 00000000 00:00 0 
7f1abd97d000-7f1aca29d000 ---p 00000000 00:00 0 
7f1aca29d000-7f1aca315000 rw-p 00000000 00:00 0 
7f1aca315000-7f1acbc39000 ---p 00000000 00:00 0 
7f1acbc39000-7f1acbc79000 rw-p 00000000 00:00 0 
7f1acbc79000-7f1acd59d000 ---p 00000000 00:00 0 
7f1acd59d000-7f1acd5a5000 rw-p 00000000 00:00 0 
7f1acd5a5000-7f1acd815000 rwxp 00000000 00:00 0 
7f1acd815000-7f1ad4add000 ---p 00000000 00:00 0 
7f1ad4add000-7f1ad4d4d000 rwxp 00000000 00:00 0 
7f1ad4d4d000-7f1ad506c000 ---p 00000000 00:00 0 
7f1ad506c000-7f1ad52dc000 rwxp 00000000 00:00 0 
7f1ad52dc000-7f1adc5a5000 ---p 00000000 00:00 0 
7f1adc5a5000-7f1ae4000000 r--s 00000000 fd:02 1973733                    /usr/lib/jvm/java-17-openjdk-amd64/lib/modules
7f1ae4000000-7f1ae46dc000 rw-p 00000000 00:00 0 
7f1ae46dc000-7f1ae8000000 ---p 00000000 00:00 0 
7f1ae82ca000-7f1ae86b9000 rw-p 00000000 00:00 0 
7f1ae86b9000-7f1ae86ba000 ---p 00000000 00:00 0 
7f1ae86ba000-7f1ae87ec000 rw-p 00000000 00:00 0 
7f1ae87ec000-7f1ae87f0000 r--p 00000000 fd:02 1973724                    /usr/lib/jvm/java-17-openjdk-amd64/lib/libnet.so
7f1ae87f0000-7f1ae87fe000 r-xp 00004000 fd:02 1973724                    /usr/lib/jvm/java-17-openjdk-amd64/lib/libnet.so
7f1ae87fe000-7f1ae8802000 r--p 00012000 fd:02 1973724                    /usr/lib/jvm/java-17-openjdk-amd64/lib/libnet.so
7f1ae8802000-7f1ae8803000 r--p 00015000 fd:02 1973724                    /usr/lib/jvm/java-17-openjdk-amd64/lib/libnet.so
7f1ae8803000-7f1ae8804000 rw-p 00016000 fd:02 1973724                    /usr/lib/jvm/java-17-openjdk-amd64/lib/libnet.so
7f1ae8804000-7f1ae8805000 ---p 00000000 00:00 0 
7f1ae8805000-7f1ae8906000 rw-p 00000000 00:00 0 
7f1ae8906000-7f1ae890a000 ---p 00000000 00:00 0 
7f1ae890a000-7f1ae8a07000 rw-p 00000000 00:00 0 
7f1ae8a07000-7f1ae8a0b000 ---p 00000000 00:00 0 
7f1ae8a0b000-7f1ae8b08000 rw-p 00000000 00:00 0 
7f1ae8b08000-7f1ae8b5c000 r--p 00000000 fd:02 1850808                    /usr/lib/locale/de_AT.utf8/LC_CTYPE
7f1ae8b5c000-7f1ae8dd4000 r--p 00000000 fd:02 1849861                    /usr/lib/locale/aa_DJ.utf8/LC_COLLATE
7f1ae8dd4000-7f1ae8dd5000 ---p 00000000 00:00 0 
7f1ae8dd5000-7f1ae8ed6000 rw-p 00000000 00:00 0 
7f1ae8ed6000-7f1ae8edb000 r--p 00000000 fd:02 1973718                    /usr/lib/jvm/java-17-openjdk-amd64/lib/libjsvml.so
7f1ae8edb000-7f1ae8f1c000 r-xp 00005000 fd:02 1973718                    /usr/lib/jvm/java-17-openjdk-amd64/lib/libjsvml.so
7f1ae8f1c000-7f1ae8fa5000 r--p 00046000 fd:02 1973718                    /usr/lib/jvm/java-17-openjdk-amd64/lib/libjsvml.so
7f1ae8fa5000-7f1ae8fa6000 r--p 000ce000 fd:02 1973718                    /usr/lib/jvm/java-17-openjdk-amd64/lib/libjsvml.so
7f1ae8fa6000-7f1ae8fa7000 rw-p 000cf000 fd:02 1973718                    /usr/lib/jvm/java-17-openjdk-amd64/lib/libjsvml.so
7f1ae8fa7000-7f1ae90c4000 rw-p 00000000 00:00 0 
7f1ae90c9000-7f1ae90cb000 r--p 00000000 fd:02 1973722                    /usr/lib/jvm/java-17-openjdk-amd64/lib/libmanagement_ext.so
7f1ae90cb000-7f1ae90ce000 r-xp 00002000 fd:02 1973722                    /usr/lib/jvm/java-17-openjdk-amd64/lib/libmanagement_ext.so
7f1ae90ce000-7f1ae90d0000 r--p 00005000 fd:02 1973722                    /usr/lib/jvm/java-17-openjdk-amd64/lib/libmanagement_ext.so
7f1ae90d0000-7f1ae90d1000 r--p 00006000 fd:02 1973722                    /usr/lib/jvm/java-17-openjdk-amd64/lib/libmanagement_ext.so
7f1ae90d1000-7f1ae90d2000 rw-p 00007000 fd:02 1973722                    /usr/lib/jvm/java-17-openjdk-amd64/lib/libmanagement_ext.so
7f1ae90d2000-7f1ae90d8000 r--p 00000000 fd:02 1973725                    /usr/lib/jvm/java-17-openjdk-amd64/lib/libnio.so
7f1ae90d8000-7f1ae90e1000 r-xp 00006000 fd:02 1973725                    /usr/lib/jvm/java-17-openjdk-amd64/lib/libnio.so
7f1ae90e1000-7f1ae90e5000 r--p 0000f000 fd:02 1973725                    /usr/lib/jvm/java-17-openjdk-amd64/lib/libnio.so
7f1ae90e5000-7f1ae90e6000 ---p 00013000 fd:02 1973725                    /usr/lib/jvm/java-17-openjdk-amd64/lib/libnio.so
7f1ae90e6000-7f1ae90e7000 r--p 00013000 fd:02 1973725                    /usr/lib/jvm/java-17-openjdk-amd64/lib/libnio.so
7f1ae90e7000-7f1ae90e8000 rw-p 00014000 fd:02 1973725                    /usr/lib/jvm/java-17-openjdk-amd64/lib/libnio.so
7f1ae90e8000-7f1ae90eb000 r--p 00000000 fd:02 3539185                    /lib/x86_64-linux-gnu/libnss_files-2.31.so
7f1ae90eb000-7f1ae90f2000 r-xp 00003000 fd:02 3539185                    /lib/x86_64-linux-gnu/libnss_files-2.31.so
7f1ae90f2000-7f1ae90f4000 r--p 0000a000 fd:02 3539185                    /lib/x86_64-linux-gnu/libnss_files-2.31.so
7f1ae90f4000-7f1ae90f5000 r--p 0000b000 fd:02 3539185                    /lib/x86_64-linux-gnu/libnss_files-2.31.so
7f1ae90f5000-7f1ae90f6000 rw-p 0000c000 fd:02 3539185                    /lib/x86_64-linux-gnu/libnss_files-2.31.so
7f1ae90f6000-7f1ae90fc000 rw-p 00000000 00:00 0 
7f1ae90fc000-7f1ae90fd000 ---p 00000000 00:00 0 
7f1ae90fd000-7f1ae91fe000 rw-p 00000000 00:00 0 
7f1ae91fe000-7f1ae91ff000 ---p 00000000 00:00 0 
7f1ae91ff000-7f1ae9502000 rw-p 00000000 00:00 0 
7f1ae9502000-7f1ae9503000 ---p 00000000 00:00 0 
7f1ae9503000-7f1ae9604000 rw-p 00000000 00:00 0 
7f1ae9604000-7f1ae9605000 ---p 00000000 00:00 0 
7f1ae9605000-7f1ae9706000 rw-p 00000000 00:00 0 
7f1ae9706000-7f1ae9707000 ---p 00000000 00:00 0 
7f1ae9707000-7f1ae98a9000 rw-p 00000000 00:00 0 
7f1ae98a9000-7f1aeb1cd000 ---p 00000000 00:00 0 
7f1aeb1cd000-7f1aeb442000 rw-p 00000000 00:00 0 
7f1aeb442000-7f1aeb528000 ---p 00000000 00:00 0 
7f1aeb528000-7f1aeb52d000 rw-p 00000000 00:00 0 
7f1aeb52d000-7f1aeb613000 ---p 00000000 00:00 0 
7f1aeb613000-7f1aeb617000 ---p 00000000 00:00 0 
7f1aeb617000-7f1aee814000 rw-p 00000000 00:00 0 
7f1aee814000-7f1aee817000 r--p 00000000 fd:02 3545220                    /lib/x86_64-linux-gnu/libgcc_s.so.1
7f1aee817000-7f1aee829000 r-xp 00003000 fd:02 3545220                    /lib/x86_64-linux-gnu/libgcc_s.so.1
7f1aee829000-7f1aee82d000 r--p 00015000 fd:02 3545220                    /lib/x86_64-linux-gnu/libgcc_s.so.1
7f1aee82d000-7f1aee82e000 r--p 00018000 fd:02 3545220                    /lib/x86_64-linux-gnu/libgcc_s.so.1
7f1aee82e000-7f1aee82f000 rw-p 00019000 fd:02 3545220                    /lib/x86_64-linux-gnu/libgcc_s.so.1
7f1aee82f000-7f1aee83c000 r--p 00000000 fd:02 3539179                    /lib/x86_64-linux-gnu/libm-2.31.so
7f1aee83c000-7f1aee8e3000 r-xp 0000d000 fd:02 3539179                    /lib/x86_64-linux-gnu/libm-2.31.so
7f1aee8e3000-7f1aee97c000 r--p 000b4000 fd:02 3539179                    /lib/x86_64-linux-gnu/libm-2.31.so
7f1aee97c000-7f1aee97d000 r--p 0014c000 fd:02 3539179                    /lib/x86_64-linux-gnu/libm-2.31.so
7f1aee97d000-7f1aee97e000 rw-p 0014d000 fd:02 3539179                    /lib/x86_64-linux-gnu/libm-2.31.so
7f1aee97e000-7f1aeea14000 r--p 00000000 fd:02 2113084                    /usr/lib/x86_64-linux-gnu/libstdc++.so.6.0.28
7f1aeea14000-7f1aeeb05000 r-xp 00096000 fd:02 2113084                    /usr/lib/x86_64-linux-gnu/libstdc++.so.6.0.28
7f1aeeb05000-7f1aeeb4e000 r--p 00187000 fd:02 2113084                    /usr/lib/x86_64-linux-gnu/libstdc++.so.6.0.28
7f1aeeb4e000-7f1aeeb4f000 ---p 001d0000 fd:02 2113084                    /usr/lib/x86_64-linux-gnu/libstdc++.so.6.0.28
7f1aeeb4f000-7f1aeeb5a000 r--p 001d0000 fd:02 2113084                    /usr/lib/x86_64-linux-gnu/libstdc++.so.6.0.28
7f1aeeb5a000-7f1aeeb5d000 rw-p 001db000 fd:02 2113084                    /usr/lib/x86_64-linux-gnu/libstdc++.so.6.0.28
7f1aeeb5d000-7f1aeeb60000 rw-p 00000000 00:00 0 
7f1aeeb60000-7f1aeeb62000 r--p 00000000 fd:02 3539192                    /lib/x86_64-linux-gnu/librt-2.31.so
7f1aeeb62000-7f1aeeb66000 r-xp 00002000 fd:02 3539192                    /lib/x86_64-linux-gnu/librt-2.31.so
7f1aeeb66000-7f1aeeb68000 r--p 00006000 fd:02 3539192                    /lib/x86_64-linux-gnu/librt-2.31.so
7f1aeeb68000-7f1aeeb69000 r--p 00007000 fd:02 3539192                    /lib/x86_64-linux-gnu/librt-2.31.so
7f1aeeb69000-7f1aeeb6a000 rw-p 00008000 fd:02 3539192                    /lib/x86_64-linux-gnu/librt-2.31.so
7f1aeeb6a000-7f1aeedbb000 r--p 00000000 fd:02 1973742                    /usr/lib/jvm/java-17-openjdk-amd64/lib/server/libjvm.so
7f1aeedbb000-7f1aefb51000 r-xp 00251000 fd:02 1973742                    /usr/lib/jvm/java-17-openjdk-amd64/lib/server/libjvm.so
7f1aefb51000-7f1aefdd8000 r--p 00fe7000 fd:02 1973742                    /usr/lib/jvm/java-17-openjdk-amd64/lib/server/libjvm.so
7f1aefdd8000-7f1aefdd9000 ---p 0126e000 fd:02 1973742                    /usr/lib/jvm/java-17-openjdk-amd64/lib/server/libjvm.so
7f1aefdd9000-7f1aefe91000 r--p 0126e000 fd:02 1973742                    /usr/lib/jvm/java-17-openjdk-amd64/lib/server/libjvm.so
7f1aefe91000-7f1aefec6000 rw-p 01326000 fd:02 1973742                    /usr/lib/jvm/java-17-openjdk-amd64/lib/server/libjvm.so
7f1aefec6000-7f1aeff22000 rw-p 00000000 00:00 0 
7f1aeff22000-7f1aeff44000 r--p 00000000 fd:02 3539177                    /lib/x86_64-linux-gnu/libc-2.31.so
7f1aeff44000-7f1af00bc000 r-xp 00022000 fd:02 3539177                    /lib/x86_64-linux-gnu/libc-2.31.so
7f1af00bc000-7f1af010a000 r--p 0019a000 fd:02 3539177                    /lib/x86_64-linux-gnu/libc-2.31.so
7f1af010a000-7f1af010e000 r--p 001e7000 fd:02 3539177                    /lib/x86_64-linux-gnu/libc-2.31.so
7f1af010e000-7f1af0110000 rw-p 001eb000 fd:02 3539177                    /lib/x86_64-linux-gnu/libc-2.31.so
7f1af0110000-7f1af0114000 rw-p 00000000 00:00 0 
7f1af0114000-7f1af0115000 r--p 00000000 fd:02 3539178                    /lib/x86_64-linux-gnu/libdl-2.31.so
7f1af0115000-7f1af0117000 r-xp 00001000 fd:02 3539178                    /lib/x86_64-linux-gnu/libdl-2.31.so
7f1af0117000-7f1af0118000 r--p 00003000 fd:02 3539178                    /lib/x86_64-linux-gnu/libdl-2.31.so
7f1af0118000-7f1af0119000 r--p 00003000 fd:02 3539178                    /lib/x86_64-linux-gnu/libdl-2.31.so
7f1af0119000-7f1af011a000 rw-p 00004000 fd:02 3539178                    /lib/x86_64-linux-gnu/libdl-2.31.so
7f1af011a000-7f1af0120000 r--p 00000000 fd:02 3539190                    /lib/x86_64-linux-gnu/libpthread-2.31.so
7f1af0120000-7f1af0131000 r-xp 00006000 fd:02 3539190                    /lib/x86_64-linux-gnu/libpthread-2.31.so
7f1af0131000-7f1af0137000 r--p 00017000 fd:02 3539190                    /lib/x86_64-linux-gnu/libpthread-2.31.so
7f1af0137000-7f1af0138000 r--p 0001c000 fd:02 3539190                    /lib/x86_64-linux-gnu/libpthread-2.31.so
7f1af0138000-7f1af0139000 rw-p 0001d000 fd:02 3539190                    /lib/x86_64-linux-gnu/libpthread-2.31.so
7f1af0139000-7f1af013d000 rw-p 00000000 00:00 0 
7f1af013d000-7f1af013f000 r--p 00000000 fd:02 1973715                    /usr/lib/jvm/java-17-openjdk-amd64/lib/libjli.so
7f1af013f000-7f1af0149000 r-xp 00002000 fd:02 1973715                    /usr/lib/jvm/java-17-openjdk-amd64/lib/libjli.so
7f1af0149000-7f1af014c000 r--p 0000c000 fd:02 1973715                    /usr/lib/jvm/java-17-openjdk-amd64/lib/libjli.so
7f1af014c000-7f1af014d000 ---p 0000f000 fd:02 1973715                    /usr/lib/jvm/java-17-openjdk-amd64/lib/libjli.so
7f1af014d000-7f1af014e000 r--p 0000f000 fd:02 1973715                    /usr/lib/jvm/java-17-openjdk-amd64/lib/libjli.so
7f1af014e000-7f1af014f000 rw-p 00010000 fd:02 1973715                    /usr/lib/jvm/java-17-openjdk-amd64/lib/libjli.so
7f1af014f000-7f1af0151000 r--p 00000000 fd:02 3543114                    /lib/x86_64-linux-gnu/libz.so.1.2.11
7f1af0151000-7f1af0162000 r-xp 00002000 fd:02 3543114                    /lib/x86_64-linux-gnu/libz.so.1.2.11
7f1af0162000-7f1af0168000 r--p 00013000 fd:02 3543114                    /lib/x86_64-linux-gnu/libz.so.1.2.11
7f1af0168000-7f1af0169000 ---p 00019000 fd:02 3543114                    /lib/x86_64-linux-gnu/libz.so.1.2.11
7f1af0169000-7f1af016a000 r--p 00019000 fd:02 3543114                    /lib/x86_64-linux-gnu/libz.so.1.2.11
7f1af016a000-7f1af016b000 rw-p 0001a000 fd:02 3543114                    /lib/x86_64-linux-gnu/libz.so.1.2.11
7f1af016b000-7f1af016d000 rw-p 00000000 00:00 0 
7f1af016f000-7f1af0171000 r--p 00000000 fd:02 1973720                    /usr/lib/jvm/java-17-openjdk-amd64/lib/libmanagement.so
7f1af0171000-7f1af0172000 r-xp 00002000 fd:02 1973720                    /usr/lib/jvm/java-17-openjdk-amd64/lib/libmanagement.so
7f1af0172000-7f1af0173000 r--p 00003000 fd:02 1973720                    /usr/lib/jvm/java-17-openjdk-amd64/lib/libmanagement.so
7f1af0173000-7f1af0174000 r--p 00003000 fd:02 1973720                    /usr/lib/jvm/java-17-openjdk-amd64/lib/libmanagement.so
7f1af0174000-7f1af0175000 rw-p 00004000 fd:02 1973720                    /usr/lib/jvm/java-17-openjdk-amd64/lib/libmanagement.so
7f1af0175000-7f1af0177000 r--p 00000000 fd:02 1973732                    /usr/lib/jvm/java-17-openjdk-amd64/lib/libzip.so
7f1af0177000-7f1af017c000 r-xp 00002000 fd:02 1973732                    /usr/lib/jvm/java-17-openjdk-amd64/lib/libzip.so
7f1af017c000-7f1af017e000 r--p 00007000 fd:02 1973732                    /usr/lib/jvm/java-17-openjdk-amd64/lib/libzip.so
7f1af017e000-7f1af017f000 r--p 00008000 fd:02 1973732                    /usr/lib/jvm/java-17-openjdk-amd64/lib/libzip.so
7f1af017f000-7f1af0180000 rw-p 00009000 fd:02 1973732                    /usr/lib/jvm/java-17-openjdk-amd64/lib/libzip.so
7f1af0180000-7f1af0181000 r--p 00000000 fd:02 1710148                    /usr/lib/locale/agr_PE/LC_NUMERIC
7f1af0181000-7f1af0182000 r--p 00000000 fd:02 1850839                    /usr/lib/locale/de_DE.utf8/LC_TIME
7f1af0182000-7f1af0183000 r--p 00000000 fd:02 1849950                    /usr/lib/locale/an_ES.utf8/LC_MONETARY
7f1af0183000-7f1af0184000 r--p 00000000 fd:02 1849893                    /usr/lib/locale/aa_DJ.utf8/LC_PAPER
7f1af0184000-7f1af0185000 r--p 00000000 fd:02 1850812                    /usr/lib/locale/de_AT.utf8/LC_NAME
7f1af0185000-7f1af0186000 r--p 00000000 fd:02 1850836                    /usr/lib/locale/de_DE.utf8/LC_ADDRESS
7f1af0186000-7f1af0187000 r--p 00000000 fd:02 1850838                    /usr/lib/locale/de_DE.utf8/LC_TELEPHONE
7f1af0187000-7f1af0188000 r--p 00000000 fd:02 1849864                    /usr/lib/locale/aa_DJ.utf8/LC_MEASUREMENT
7f1af0188000-7f1af018f000 r--s 00000000 fd:02 2503449                    /usr/lib/x86_64-linux-gnu/gconv/gconv-modules.cache
7f1af018f000-7f1af0190000 r--p 00000000 fd:02 1850837                    /usr/lib/locale/de_DE.utf8/LC_IDENTIFICATION
7f1af0190000-7f1af0195000 rw-p 00000000 00:00 0 
7f1af0195000-7f1af019c000 ---p 00000000 00:00 0 
7f1af019c000-7f1af01a8000 r--p 00000000 fd:02 1973711                    /usr/lib/jvm/java-17-openjdk-amd64/lib/libjava.so
7f1af01a8000-7f1af01bb000 r-xp 0000c000 fd:02 1973711                    /usr/lib/jvm/java-17-openjdk-amd64/lib/libjava.so
7f1af01bb000-7f1af01c1000 r--p 0001f000 fd:02 1973711                    /usr/lib/jvm/java-17-openjdk-amd64/lib/libjava.so
7f1af01c1000-7f1af01c2000 ---p 00025000 fd:02 1973711                    /usr/lib/jvm/java-17-openjdk-amd64/lib/libjava.so
7f1af01c2000-7f1af01c3000 r--p 00025000 fd:02 1973711                    /usr/lib/jvm/java-17-openjdk-amd64/lib/libjava.so
7f1af01c3000-7f1af01c4000 rw-p 00026000 fd:02 1973711                    /usr/lib/jvm/java-17-openjdk-amd64/lib/libjava.so
7f1af01c4000-7f1af01cd000 rw-p 00000000 00:00 0 
7f1af01cd000-7f1af01ce000 ---p 00000000 00:00 0 
7f1af01ce000-7f1af01cf000 r--p 00000000 00:00 0 
7f1af01cf000-7f1af01d1000 r--p 00000000 fd:02 1973714                    /usr/lib/jvm/java-17-openjdk-amd64/lib/libjimage.so
7f1af01d1000-7f1af01d4000 r-xp 00002000 fd:02 1973714                    /usr/lib/jvm/java-17-openjdk-amd64/lib/libjimage.so
7f1af01d4000-7f1af01d5000 r--p 00005000 fd:02 1973714                    /usr/lib/jvm/java-17-openjdk-amd64/lib/libjimage.so
7f1af01d5000-7f1af01d6000 ---p 00006000 fd:02 1973714                    /usr/lib/jvm/java-17-openjdk-amd64/lib/libjimage.so
7f1af01d6000-7f1af01d7000 r--p 00006000 fd:02 1973714                    /usr/lib/jvm/java-17-openjdk-amd64/lib/libjimage.so
7f1af01d7000-7f1af01d8000 rw-p 00007000 fd:02 1973714                    /usr/lib/jvm/java-17-openjdk-amd64/lib/libjimage.so
7f1af01d8000-7f1af01d9000 r--p 00000000 fd:02 3539173                    /lib/x86_64-linux-gnu/ld-2.31.so
7f1af01d9000-7f1af01fc000 r-xp 00001000 fd:02 3539173                    /lib/x86_64-linux-gnu/ld-2.31.so
7f1af01fc000-7f1af0204000 r--p 00024000 fd:02 3539173                    /lib/x86_64-linux-gnu/ld-2.31.so
7f1af0204000-7f1af0205000 ---p 00000000 00:00 0 
7f1af0205000-7f1af0206000 r--p 0002c000 fd:02 3539173                    /lib/x86_64-linux-gnu/ld-2.31.so
7f1af0206000-7f1af0207000 rw-p 0002d000 fd:02 3539173                    /lib/x86_64-linux-gnu/ld-2.31.so
7f1af0207000-7f1af0208000 rw-p 00000000 00:00 0 
7fffaed58000-7fffaed79000 rw-p 00000000 00:00 0                          [stack]
7fffaedd0000-7fffaedd4000 r--p 00000000 00:00 0                          [vvar]
7fffaedd4000-7fffaedd6000 r-xp 00000000 00:00 0                          [vdso]
ffffffffff600000-ffffffffff601000 --xp 00000000 00:00 0                  [vsyscall]


VM Arguments:
jvm_args: -XX:+PerfDisableSharedMem -Djava.awt.headless=true -Xss50M -Xmx13000M -da 
java_command: org.sosy_lab.cpachecker.cmdline.CPAMain -noout -benchmark -bmc -setprop cpa.predicate.useArraysForHeap=false -setprop cpa.predicate.memoryAllocationsAlwaysSucceed=true -setprop cpa.loopbound.maxLoopIterations=10 -setprop cpa.predicate.encodeFloatAs=INTEGER -setprop cpa.predicate.encodeBitvectorAs=INTEGER -setprop solver.solver=princess -timelimit 900s -stats -spec test/programs/benchmarks/properties/unreach-call.prp -32 test/programs/benchmarks/nla-digbench-scaling/bresenham-ll_valuebound10.c
java_class_path (initial): .:/tmp/vcloud_worker_vcloud-master_on_vcloud-master/run_dir_b56d97fd-5389-4533-9df7-85286934a25c/bin:/tmp/vcloud_worker_vcloud-master_on_vcloud-master/run_dir_b56d97fd-5389-4533-9df7-85286934a25c/cpachecker.jar:/tmp/vcloud_worker_vcloud-master_on_vcloud-master/run_dir_b56d97fd-5389-4533-9df7-85286934a25c/lib/gmp.jar:/tmp/vcloud_worker_vcloud-master_on_vcloud-master/run_dir_b56d97fd-5389-4533-9df7-85286934a25c/lib/apron.jar:/tmp/vcloud_worker_vcloud-master_on_vcloud-master/run_dir_b56d97fd-5389-4533-9df7-85286934a25c/lib/jpl.jar:/tmp/vcloud_worker_vcloud-master_on_vcloud-master/run_dir_b56d97fd-5389-4533-9df7-85286934a25c/lib/jsylvan.jar:/tmp/vcloud_worker_vcloud-master_on_vcloud-master/run_dir_b56d97fd-5389-4533-9df7-85286934a25c/lib/java/runtime/ultimate-core-rcp.jar:/tmp/vcloud_worker_vcloud-master_on_vcloud-master/run_dir_b56d97fd-5389-4533-9df7-85286934a25c/lib/java/runtime/batik-awt-util.jar:/tmp/vcloud_worker_vcloud-master_on_vcloud-master/run_dir_b56d97fd-5389-4533-9df7-85286934a25c/lib/java/runtime/j2objc-annotations.jar:/tmp/vcloud_worker_vcloud-master_on_vcloud-master/run_dir_b56d97fd-5389-4533-9df7-85286934a25c/lib/java/runtime/llvm-j.jar:/tmp/vcloud_worker_vcloud-master_on_vcloud-master/run_dir_b56d97fd-5389-4533-9df7-85286934a25c/lib/java/runtime/java-smt.jar:/tmp/vcloud_worker_vcloud-master_on_vcloud-master/run_dir_b56d97fd-5389-4533-9df7-85286934a25c/lib/java/runtime/org.eclipse.equinox.preferences.jar:/tmp/vcloud_worker_vcloud-master_on_vcloud-master/run_dir_b56d97fd-5389-4533-9df7-85286934a25c/lib/java/runtime/org.osgi.service.prefs.jar:/tmp/vcloud_worker_vcloud-master_on_vcloud-master/run_dir_b56d97fd-5389-4533-9df7-85286934a25c/lib/java/runtime/batik-constants.jar:/tmp/vcloud_worker_vcloud-master_on_vcloud-master/run_dir_b56d97fd-5389-4533-9df7-85286934a25c/lib/java/runtime/princess-parser_2.13.jar:/tmp/vcloud_worker_vcloud-master_on_vcloud-master/run_dir_b56d97fd-5389-4533-9df7-85286934a25c/lib/java/runtime/batik-i18n
Launcher Type: SUN_STANDARD

[Global flags]
     intx CICompilerCount                          = 2                                         {product} {ergonomic}
     uint ConcGCThreads                            = 1                                         {product} {ergonomic}
     uint G1ConcRefinementThreads                  = 2                                         {product} {ergonomic}
   size_t G1HeapRegionSize                         = 8388608                                   {product} {ergonomic}
    uintx GCDrainStackTargetSize                   = 64                                        {product} {ergonomic}
   size_t InitialHeapSize                          = 117440512                                 {product} {ergonomic}
   size_t MarkStackSize                            = 4194304                                   {product} {ergonomic}
   size_t MaxHeapSize                              = 13631488000                               {product} {command line}
   size_t MaxNewSize                               = 8178892800                                {product} {ergonomic}
   size_t MinHeapDeltaBytes                        = 8388608                                   {product} {ergonomic}
   size_t MinHeapSize                              = 8388608                                   {product} {ergonomic}
    uintx NonNMethodCodeHeapSize                   = 5826188                                {pd product} {ergonomic}
    uintx NonProfiledCodeHeapSize                  = 122916026                              {pd product} {ergonomic}
     bool PerfDisableSharedMem                     = true                                      {product} {command line}
    uintx ProfiledCodeHeapSize                     = 122916026                              {pd product} {ergonomic}
    uintx ReservedCodeCacheSize                    = 251658240                              {pd product} {ergonomic}
     bool SegmentedCodeCache                       = true                                      {product} {ergonomic}
   size_t SoftMaxHeapSize                          = 13631488000                            {manageable} {ergonomic}
     intx ThreadStackSize                          = 51200                                  {pd product} {command line}
     bool UseCompressedClassPointers               = true                           {product lp64_product} {ergonomic}
     bool UseCompressedOops                        = true                           {product lp64_product} {ergonomic}
     bool UseG1GC                                  = true                                      {product} {ergonomic}

Logging:
Log output configuration:
 #0: stdout all=warning uptime,level,tags
 #1: stderr all=off uptime,level,tags

Environment Variables:
JAVA_HOME=/usr/lib/jvm/java-17-openjdk-amd64
CLASSPATH=.:/tmp/vcloud_worker_vcloud-master_on_vcloud-master/run_dir_b56d97fd-5389-4533-9df7-85286934a25c/bin:/tmp/vcloud_worker_vcloud-master_on_vcloud-master/run_dir_b56d97fd-5389-4533-9df7-85286934a25c/cpachecker.jar:/tmp/vcloud_worker_vcloud-master_on_vcloud-master/run_dir_b56d97fd-5389-4533-9df7-85286934a25c/lib/*:/tmp/vcloud_worker_vcloud-master_on_vcloud-master/run_dir_b56d97fd-5389-4533-9df7-85286934a25c/lib/java/runtime/*
PATH=/usr/lib/jvm/java-17-openjdk-amd64/bin:/home/proj/vcloud/bin:/usr/local/bin:/bin:/usr/bin:/usr/X11R6/bin:/opt/bin:/usr/games:/soft/bin:/soft/IFI/pkg/bin:/soft/IFI/pkg/sbin:.
SHELL=/bin/bash
LANG=de_DE.UTF-8
LC_NUMERIC=de_DE.UTF-8
LC_TIME=de_DE.UTF-8

Active Locale:
LC_ALL=LC_CTYPE=de_DE.UTF-8;LC_NUMERIC=de_DE.UTF-8;LC_TIME=de_DE.UTF-8;LC_COLLATE=de_DE.UTF-8;LC_MONETARY=de_DE.UTF-8;LC_MESSAGES=C;LC_PAPER=de_DE.UTF-8;LC_NAME=de_DE.UTF-8;LC_ADDRESS=de_DE.UTF-8;LC_TELEPHONE=de_DE.UTF-8;LC_MEASUREMENT=de_DE.UTF-8;LC_IDENTIFICATION=de_DE.UTF-8
LC_COLLATE=de_DE.UTF-8
LC_CTYPE=de_DE.UTF-8
LC_MESSAGES=C
LC_MONETARY=de_DE.UTF-8
LC_NUMERIC=de_DE.UTF-8
LC_TIME=de_DE.UTF-8

Signal Handlers:
   SIGSEGV: crash_handler in libjvm.so, mask=11100100010111111101111111111110, flags=SA_RESTART|SA_SIGINFO, unblocked
    SIGBUS: crash_handler in libjvm.so, mask=11100100010111111101111111111110, flags=SA_RESTART|SA_SIGINFO, unblocked
    SIGFPE: crash_handler in libjvm.so, mask=11100100010111111101111111111110, flags=SA_RESTART|SA_SIGINFO, unblocked
   SIGPIPE: javaSignalHandler in libjvm.so, mask=11100100010111111101111111111110, flags=SA_RESTART|SA_SIGINFO, blocked
   SIGXFSZ: javaSignalHandler in libjvm.so, mask=11100100010111111101111111111110, flags=SA_RESTART|SA_SIGINFO, blocked
    SIGILL: crash_handler in libjvm.so, mask=11100100010111111101111111111110, flags=SA_RESTART|SA_SIGINFO, unblocked
   SIGUSR2: SR_handler in libjvm.so, mask=00000000000000000000000000000000, flags=SA_RESTART|SA_SIGINFO, blocked
    SIGHUP: SIG_IGN, mask=00000000000000000000000000000000, flags=none, blocked
    SIGINT: UserHandler in libjvm.so, mask=11100100010111111101111111111110, flags=SA_RESTART|SA_SIGINFO, blocked
   SIGTERM: UserHandler in libjvm.so, mask=11100100010111111101111111111110, flags=SA_RESTART|SA_SIGINFO, blocked
   SIGQUIT: UserHandler in libjvm.so, mask=11100100010111111101111111111110, flags=SA_RESTART|SA_SIGINFO, blocked
   SIGTRAP: crash_handler in libjvm.so, mask=11100100010111111101111111111110, flags=SA_RESTART|SA_SIGINFO, unblocked


---------------  S Y S T E M  ---------------

OS:
DISTRIB_ID=Ubuntu
DISTRIB_RELEASE=20.04
DISTRIB_CODENAME=focal
DISTRIB_DESCRIPTION="Ubuntu 20.04.6 LTS"
uname: Linux 5.15.0-89-generic #99~20.04.1-Ubuntu SMP Thu Nov 2 15:16:47 UTC 2023 x86_64
OS uptime: 2 days 10:09 hours
libc: glibc 2.31 NPTL 2.31 
rlimit (soft/hard): STACK 8192k/infinity , CORE 0k/infinity , NPROC 255250/255250 , NOFILE 1048576/1048576 , AS infinity/infinity , CPU infinity/infinity , DATA infinity/infinity , FSIZE infinity/infinity , MEMLOCK 65536k/65536k
load average: 8,99 8,81 9,13

/proc/meminfo:
MemTotal:       65481700 kB
MemFree:        48566120 kB
MemAvailable:   48946044 kB
Buffers:               0 kB
Cached:           379924 kB
SwapCached:            0 kB
Active:           137040 kB
Inactive:       16701892 kB
Active(anon):      49972 kB
Inactive(anon): 16409260 kB
Active(file):      87068 kB
Inactive(file):   292632 kB
Unevictable:           0 kB
Mlocked:           30508 kB
SwapTotal:      67108860 kB
SwapFree:       67092064 kB
Dirty:              5420 kB
Writeback:             0 kB
AnonPages:      16459008 kB
Mapped:            20220 kB
Shmem:               224 kB
KReclaimable:     628276 kB
Slab:               0 kB
SReclaimable:          0 kB
SUnreclaim:            0 kB
KernelStack:       16704 kB
PageTables:        50420 kB
NFS_Unstable:          0 kB
Bounce:                0 kB
WritebackTmp:          0 kB
CommitLimit:    99849708 kB
Committed_AS:   26720956 kB
VmallocTotal:   34359738367 kB
VmallocUsed:       74732 kB
VmallocChunk:          0 kB
Percpu:            22272 kB
HardwareCorrupted:     0 kB
AnonHugePages:         0 kB
ShmemHugePages:        0 kB
ShmemPmdMapped:        0 kB
FileHugePages:         0 kB
FilePmdMapped:         0 kB
HugePages_Total:       0
HugePages_Free:        0
HugePages_Rsvd:        0
HugePages_Surp:        0
Hugepagesize:       2048 kB
Hugetlb:               0 kB
DirectMap4k:     1116848 kB
DirectMap2M:    31158272 kB
DirectMap1G:    35651584 kB

/sys/kernel/mm/transparent_hugepage/enabled: always [madvise] never
/sys/kernel/mm/transparent_hugepage/defrag (defrag/compaction efforts parameter): always defer defer+madvise [madvise] never

Process Memory:
Virtual Size: 17216600K (peak: 17216600K)
Resident Set Size: 97680K (peak: 97680K) (anon: 75740K, file: 21940K, shmem: 0K)
Swapped out: 0K
C-Heap outstanding allocations: 32373K, retained: 2438K
glibc malloc tunables: (default)

/proc/sys/kernel/threads-max (system-wide limit on the number of threads): 510500
/proc/sys/vm/max_map_count (maximum number of memory map areas a process may have): 65530
/proc/sys/kernel/pid_max (system-wide limit on number of process identifiers): 4194304

container (cgroup) information:
container_type: cgroupv1
cpu_cpuset_cpus: 7,15
cpu_memory_nodes: 0
active_processor_count: 2
cpu_quota: no quota
cpu_period: 100000
cpu_shares: no shares
memory_limit_in_bytes: 6835936 k
memory_and_swap_limit_in_bytes: 6835936 k
memory_soft_limit_in_bytes: unlimited
memory_usage_in_bytes: 78012 k
memory_max_usage_in_bytes: 78012 k
kernel_memory_usage_in_bytes: 1244 k
kernel_memory_max_usage_in_bytes: unlimited
kernel_memory_limit_in_bytes: 1248 k
maximum number of tasks: 76575
current number of tasks: 334

Steal ticks since vm start: 0
Steal ticks percentage since vm start:  0,000

CPU: total 16 (initial active 2) (8 cores per cpu, 2 threads per core) family 6 model 158 stepping 13 microcode 0xfa, cx8, cmov, fxsr, ht, mmx, 3dnowpref, sse, sse2, sse3, ssse3, sse4.1, sse4.2, popcnt, lzcnt, tsc, tscinvbit, avx, avx2, aes, erms, clmul, bmi1, bmi2, rtm, adx, fma, vzeroupper, clflush, clflushopt
CPU Model and flags from /proc/cpuinfo:
model name	: Intel(R) Core(TM) i9-9900 CPU @ 3.10GHz
flags		: fpu vme de pse tsc msr pae mce cx8 apic sep mtrr pge mca cmov pat pse36 clflush dts acpi mmx fxsr sse sse2 ss ht tm pbe syscall nx pdpe1gb rdtscp lm constant_tsc art arch_perfmon pebs bts rep_good nopl xtopology nonstop_tsc cpuid aperfmperf pni pclmulqdq dtes64 monitor ds_cpl vmx smx est tm2 ssse3 sdbg fma cx16 xtpr pdcm pcid sse4_1 sse4_2 x2apic movbe popcnt tsc_deadline_timer aes xsave avx f16c rdrand lahf_lm abm 3dnowprefetch cpuid_fault epb invpcid_single ssbd ibrs ibpb stibp ibrs_enhanced tpr_shadow vnmi flexpriority ept vpid ept_ad fsgsbase tsc_adjust bmi1 avx2 smep bmi2 erms invpcid mpx rdseed adx smap clflushopt intel_pt xsaveopt xsavec xgetbv1 xsaves dtherm ida arat pln pts hwp hwp_notify hwp_act_window hwp_epp md_clear flush_l1d arch_capabilities

Online cpus: 0-15
Offline cpus: 
BIOS frequency limitation: 3101000
Frequency switch latency (ns): 10000
Available cpu frequencies: 3101000 3100000 2900000 2800000 2600000 2400000 2300000 2100000 1900000 1800000 1600000 1500000 1300000 1100000 1000000 800000 
Current governor: ondemand
Core performance/turbo boost: 1

Memory: 4k page, physical 6835936k(6757904k free), swap 67108860k(67001852k free)
Page Sizes: 4k

vm_info: OpenJDK 64-Bit Server VM (17.0.8.1+1-Ubuntu-0ubuntu120.04) for linux-amd64 JRE (17.0.8.1+1-Ubuntu-0ubuntu120.04), built on Aug 24 2023 23:32:18 by "buildd" with gcc 9.4.0

END.
