scripts/cpa.sh -heap 13000M -stack 50M -noout -benchmark -bmc -setprop cpa.predicate.useArraysForHeap=false -setprop cpa.predicate.memoryAllocationsAlwaysSucceed=true -setprop cpa.loopbound.maxLoopIterations=10 -setprop cpa.predicate.encodeFloatAs=INTEGER -setprop cpa.predicate.encodeBitvectorAs=INTEGER -setprop solver.solver=princess_binary -setprop proveroptions.option=use_binary -timelimit 900s -stats -spec test/programs/benchmarks/properties/unreach-call.prp -32 test/programs/benchmarks/nla-digbench-scaling/divbin_valuebound1.i


--------------------------------------------------------------------------------


Running CPAchecker with Java heap of size 13000M.
Running CPAchecker with Java stack of size 50M.
Language C detected and set for analysis (CPAMain.detectFrontendLanguageIfNecessary, INFO)

Using the following resource limits: CPU-time limit of 900s (ResourceLimitChecker.fromConfiguration, INFO)

CPAchecker 2.3.1-svn-45350M / bmc (OpenJDK 64-Bit Server VM 17.0.8.1) started (CPAchecker.run, INFO)

Parsing CFA from file(s) "test/programs/benchmarks/nla-digbench-scaling/divbin_valuebound1.i" (CPAchecker.parse, INFO)

Using unsound approximation of ints with unbounded integers and floats with unbounded integers for encoding program semantics. (PredicateCPA:FormulaManagerView.<init>, WARNING)

Using predicate analysis with Princess 2023-04-07. (PredicateCPA:PredicateCPA.<init>, INFO)

Using unsound approximation of ints with unbounded integers and floats with unbounded integers for encoding program semantics. (AssumptionStorageCPA:FormulaManagerView.<init>, WARNING)

The following configuration options were specified but are not used:
 proveroptions.option 
 (CPAchecker.printConfigurationWarnings, WARNING)

Starting analysis ... (CPAchecker.runAlgorithm, INFO)

Creating formula for program (AbstractBMCAlgorithm.run, INFO)

Starting satisfiability check... (AbstractBMCAlgorithm.boundedModelCheck, INFO)

Error found, creating error path (AbstractBMCAlgorithm.analyzeCounterexample0, INFO)

{main::r@12 -> 20, main::q@21 -> 439, main::q@20 -> 438, __VERIFIER_assert::cond@11 -> 0, main::r@11 -> 18, main::q@19 -> 219, main::q@18 -> 218, __VERIFIER_assert::cond@10 -> 1, main::r@10 -> 16, main::q@17 -> 109, main::q@16 -> 108, __VERIFIER_assert::cond@9 -> 1, main::r@9 -> 14, main::q@15 -> 54, main::b@13 -> -2, main::q@14 -> 54, __VERIFIER_assert::cond@8 -> 1, main::b@12 -> -2, main::r@8 -> 14, main::q@13 -> 27, main::b@11 -> -2, main::q@12 -> 26, __VERIFIER_assert::cond@7 -> 1, main::b@10 -> 15, main::r@7 -> 9, main::q@11 -> 13, main::b@9 -> -5, main::q@10 -> 12, __VERIFIER_assert::cond@6 -> 1, main::b@8 -> -4, main::r@6 -> 5, main::q@9 -> 6, main::b@7 -> 14, main::q@8 -> 6, __VERIFIER_assert::cond@5 -> 1, main::b@6 -> -3, main::r@5 -> 5, main::q@7 -> 3, main::b@5 -> -1, main::q@6 -> 2, __VERIFIER_assert::cond@4 -> 1, main::r@4 -> 2, main::q@5 -> 1, main::b@4 -> 2, main::q@4 -> 0, __VERIFIER_assert::cond@3 -> 1, __VERIFIER_assert::cond@2 -> 1, main::b@3 -> 1, main::r@3 -> 1, main::q@3 -> 0, assume_abort_if_not::cond@5 -> 1, assume_abort_if_not::cond@4 -> 1, assume_abort_if_not::cond@3 -> 1, main::__CPAchecker_TMP_1@3 -> 1, main::B@3 -> 1, __VERIFIER_nondet_uint!3@ -> 1, assume_abort_if_not::cond@2 -> 1, main::__CPAchecker_TMP_0@3 -> 1, main::A@3 -> 1, __VERIFIER_nondet_uint!2@ -> 1, abbrev_166_def -> true, abbrev_166 -> true, abbrev_132_def -> true, abbrev_132 -> true, abbrev_102_def -> true, abbrev_102 -> true, abbrev_78_def -> true, abbrev_78 -> true, abbrev_58_def -> true, abbrev_58 -> true, abbrev_42_def -> true, abbrev_42 -> true, abbrev_30_def -> true, abbrev_30 -> true, abbrev_22_def -> true, abbrev_22 -> true, abbrev_18_def -> true, abbrev_18 -> true, abbrev_14_def -> true, abbrev_14 -> true, Integer_/_(15, 2) -> -2, Integer_/_(14, 2) -> -4, Integer_/_(-5, 2) -> 14, Integer_/_(-4, 2) -> -6, Integer_/_(-3, 2) -> 13, Integer_/_(-2, 2) -> -3, Integer_/_(2, 2) -> -1, Integer_/_(-1, 2) -> -4, Integer_*_(439, -2) -> -18, Integer_*_(219, -2) -> -17, Integer_*_(109, -2) -> -15, Integer_*_(54, 15) -> -13, Integer_*_(27, -5) -> -13, Integer_*_(13, -4) -> -8, Integer_*_(6, 14) -> -4, Integer_*_(3, -3) -> -4, Integer_*_(1, -1) -> -1, Integer_*_(0, 2) -> 0, abbrev_200_def -> false, abbrev_200 -> false, abbrev_198_def -> false, abbrev_198 -> false, abbrev_196_def -> false, abbrev_196 -> false, abbrev_194_def -> false, abbrev_194 -> false, abbrev_192_def -> false, abbrev_192 -> false, abbrev_190_def -> false, abbrev_190 -> false, abbrev_188_def -> false, abbrev_188 -> false, abbrev_186_def -> false, abbrev_186 -> false, abbrev_184_def -> false, abbrev_184 -> false, abbrev_182_def -> false, abbrev_182 -> false, abbrev_180_def -> false, abbrev_180 -> false, abbrev_178_def -> false, abbrev_178 -> false, abbrev_176_def -> false, abbrev_176 -> false, abbrev_174_def -> false, abbrev_174 -> false, abbrev_172_def -> false, abbrev_172 -> false, abbrev_170_def -> false, abbrev_170 -> false, abbrev_168_def -> false, abbrev_168 -> false, abbrev_164_def -> false, abbrev_164 -> false, abbrev_162_def -> false, abbrev_162 -> false, abbrev_160_def -> false, abbrev_160 -> false, abbrev_158_def -> false, abbrev_158 -> false, abbrev_156_def -> false, abbrev_156 -> false, abbrev_154_def -> false, abbrev_154 -> false, abbrev_152_def -> false, abbrev_152 -> false, abbrev_150_def -> false, abbrev_150 -> false, abbrev_148_def -> false, abbrev_148 -> false, abbrev_146_def -> false, abbrev_146 -> false, abbrev_144_def -> false, abbrev_144 -> false, abbrev_142_def -> false, abbrev_142 -> false, abbrev_140_def -> false, abbrev_140 -> false, abbrev_138_def -> false, abbrev_138 -> false, abbrev_136_def -> false, abbrev_136 -> false, abbrev_134_def -> false, abbrev_134 -> false, abbrev_130_def -> false, abbrev_130 -> false, abbrev_128_def -> false, abbrev_128 -> false, abbrev_126_def -> false, abbrev_126 -> false, abbrev_124_def -> false, abbrev_124 -> false, abbrev_122_def -> false, abbrev_122 -> false, abbrev_120_def -> false, abbrev_120 -> false, abbrev_118_def -> false, abbrev_118 -> false, abbrev_116_def -> false, abbrev_116 -> false, abbrev_114_def -> false, abbrev_114 -> false, abbrev_112_def -> false, abbrev_112 -> false, abbrev_110_def -> false, abbrev_110 -> false, abbrev_108_def -> false, abbrev_108 -> false, abbrev_106_def -> false, abbrev_106 -> false, abbrev_104_def -> false, abbrev_104 -> false, abbrev_100_def -> false, abbrev_100 -> false, abbrev_98_def -> false, abbrev_98 -> false, abbrev_96_def -> false, abbrev_96 -> false, abbrev_94_def -> false, abbrev_94 -> false, abbrev_92_def -> false, abbrev_92 -> false, abbrev_90_def -> false, abbrev_90 -> false, abbrev_88_def -> false, abbrev_88 -> false, abbrev_86_def -> false, abbrev_86 -> false, abbrev_84_def -> false, abbrev_84 -> false, abbrev_82_def -> false, abbrev_82 -> false, abbrev_80_def -> false, abbrev_80 -> false, abbrev_76_def -> false, abbrev_76 -> false, abbrev_74_def -> false, abbrev_74 -> false, abbrev_72_def -> false, abbrev_72 -> false, abbrev_70_def -> false, abbrev_70 -> false, abbrev_68_def -> false, abbrev_68 -> false, abbrev_66_def -> false, abbrev_66 -> false, abbrev_64_def -> false, abbrev_64 -> false, abbrev_62_def -> false, abbrev_62 -> false, abbrev_60_def -> false, abbrev_60 -> false, abbrev_56_def -> false, abbrev_56 -> false, abbrev_54_def -> false, abbrev_54 -> false, abbrev_52_def -> false, abbrev_52 -> false, abbrev_50_def -> false, abbrev_50 -> false, abbrev_48_def -> false, abbrev_48 -> false, abbrev_46_def -> false, abbrev_46 -> false, abbrev_44_def -> false, abbrev_44 -> false, abbrev_40_def -> false, abbrev_40 -> false, abbrev_38_def -> false, abbrev_38 -> false, abbrev_36_def -> false, abbrev_36 -> false, abbrev_34_def -> false, abbrev_34 -> false, abbrev_32_def -> false, abbrev_32 -> false, abbrev_28_def -> false, abbrev_28 -> false, abbrev_26_def -> false, abbrev_26 -> false, abbrev_24_def -> false, abbrev_24 -> false, abbrev_20_def -> false, abbrev_20 -> false, abbrev_16_def -> false, abbrev_16 -> false}
{__VERIFIER_assert::cond@20 -> 0, main::r@23 -> 1, main::q@32 -> 439, main::b@26 -> -1, main::q@31 -> 438, __VERIFIER_assert::cond@18 -> 1, main::r@21 -> 0, main::q@29 -> 219, main::b@24 -> 9, main::q@28 -> 218, __VERIFIER_assert::cond@16 -> 1, main::r@19 -> 9, main::q@26 -> 109, main::q@25 -> 108, __VERIFIER_assert::cond@14 -> 1, main::r@16 -> 7, main::r@14 -> 4, assume_abort_if_not::cond@8 -> 1, assume_abort_if_not::cond@6 -> 1, main::B@4 -> 1, main::__CPAchecker_TMP_1@3 -> 1, main::A@3 -> 1, main::q@21 -> 27, main::q@20 -> 26, main::r@7 -> 1, main::r@9 -> 1, main::q@23 -> 54, main::b@7 -> 1, main::b@8 -> 2, main::q@10 -> 1, assume_abort_if_not::cond@2 -> 1, main::q@15 -> 6, assume_abort_if_not::cond@4 -> 1, main::q@18 -> 13, main::q@17 -> 12, main::q@12 -> 2, __VERIFIER_nondet_uint!2@ -> 1, main::q@13 -> 3, __VERIFIER_assert::cond@6 -> 1, __VERIFIER_assert::cond@4 -> 1, __VERIFIER_assert::cond@2 -> 1, main::b@22 -> -2, main::b@20 -> 8, __VERIFIER_assert::cond@8 -> 1, main::__CPAchecker_TMP_0@3 -> 1, main::r@11 -> 3, main::q@9 -> 0, __VERIFIER_nondet_uint!3@ -> 1, main::b@14 -> 9, main::b@12 -> -2, main::b@18 -> -3, main::q@7 -> 0, main::b@16 -> -1, main::b@10 -> 0, __VERIFIER_assert::cond@12 -> 1, __VERIFIER_assert::cond@10 -> 1, Integer_/_(9, 2) -> -1, Integer_/_(8, 2) -> -2, Integer_/_(-3, 2) -> 7, Integer_/_(-2, 2) -> 8, Integer_/_(2, 2) -> 0, Integer_/_(-1, 2) -> -4, Integer_/_(0, 2) -> -2, Integer_*_(439, -1) -> -1, Integer_*_(219, 9) -> 1, Integer_*_(109, -2) -> -8, Integer_*_(54, 8) -> -6, Integer_*_(27, -3) -> -6, Integer_*_(13, -1) -> -3, Integer_*_(6, 9) -> -2, Integer_*_(3, -2) -> -2, Integer_*_(1, 0) -> 0, Integer_*_(0, 2) -> 0}
[__VERIFIER_assert::cond@20: 0, main::r@23: 1, main::q@32: 439, main::b@26: -1, main::q@31: 438, __VERIFIER_assert::cond@18: 1, main::r@21: 0, main::q@29: 219, main::b@24: 9, main::q@28: 218, __VERIFIER_assert::cond@16: 1, main::r@19: 9, main::q@26: 109, main::q@25: 108, __VERIFIER_assert::cond@14: 1, main::r@16: 7, main::r@14: 4, assume_abort_if_not::cond@8: 1, assume_abort_if_not::cond@6: 1, main::B@4: 1, main::__CPAchecker_TMP_1@3: 1, main::A@3: 1, main::q@21: 27, main::q@20: 26, main::r@7: 1, main::r@9: 1, main::q@23: 54, main::b@7: 1, main::b@8: 2, main::q@10: 1, assume_abort_if_not::cond@2: 1, main::q@15: 6, assume_abort_if_not::cond@4: 1, main::q@18: 13, main::q@17: 12, main::q@12: 2, __VERIFIER_nondet_uint!2@: 1, main::q@13: 3, __VERIFIER_assert::cond@6: 1, __VERIFIER_assert::cond@4: 1, __VERIFIER_assert::cond@2: 1, main::b@22: -2, main::b@20: 8, __VERIFIER_assert::cond@8: 1, main::__CPAchecker_TMP_0@3: 1, main::r@11: 3, main::q@9: 0, __VERIFIER_nondet_uint!3@: 1, main::b@14: 9, main::b@12: -2, main::b@18: -3, main::q@7: 0, main::b@16: -1, main::b@10: 0, __VERIFIER_assert::cond@12: 1, __VERIFIER_assert::cond@10: 1, Integer_/_(9, 2): -1, Integer_/_(8, 2): -2, Integer_/_(-3, 2): 7, Integer_/_(-2, 2): 8, Integer_/_(2, 2): 0, Integer_/_(-1, 2): -4, Integer_/_(0, 2): -2, Integer_*_(439, -1): -1, Integer_*_(219, 9): 1, Integer_*_(109, -2): -8, Integer_*_(54, 8): -6, Integer_*_(27, -3): -6, Integer_*_(13, -1): -3, Integer_*_(6, 9): -2, Integer_*_(3, -2): -2, Integer_*_(1, 0): 0, Integer_*_(0, 2): 0]
Stopping analysis ... (CPAchecker.runAlgorithm, INFO)


PredicateCPA statistics
-----------------------
Number of abstractions:            200 (6% of all post computations)
  Times abstraction was reused:    0
  Because of function entry/exit:  0 (0%)
  Because of loop head:            0 (0%)
  Because of join nodes:           0 (0%)
  Because of threshold:            0 (0%)
  Because of target state:         200 (100%)
  Times precision was empty:       200 (100%)
  Times precision was {false}:     0 (0%)
  Times result was cached:         0 (0%)
  Times cartesian abs was used:    0 (0%)
  Times boolean abs was used:      0 (0%)
  Times result was 'false':        0 (0%)
Number of strengthen sat checks:   0
Number of coverage checks:         208
  BDD entailment checks:           0
Number of SMT sat checks:          0
  trivial:                         0
  cached:                          0

Max ABE block size:                       122
Avg ABE block size:                                75.50 (sum: 15100, count: 200, min: 29, max: 122)
Number of predicates discovered:          0

Time for post operator:                                0.477s
  Time for path formula creation:                      0.468s
Time for strengthen operator:                          0.020s
Time for prec operator:                                0.022s
  Time for abstraction:                  0.004s (Max:     0.001s, Count: 200)
    Solving time:                        0.000s (Max:     0.000s)
    Model enumeration time:              0.000s
    Time for BDD construction:           0.000s (Max:     0.000s)
Time for merge operator:                               0.011s
Time for coverage checks:                              0.003s
Total time for SMT solver (w/o itp):     0.000s

Total number of created targets for pointer analysis: 0



KeyValue statistics
-------------------
Init. function predicates:                         0
Init. global predicates:                           0
Init. location predicates:                         0

Invariant Generation statistics
-------------------------------

Bounds CPA statistics
---------------------
Bound k:                                           10
Maximum loop iteration reached:                    11


ValueAnalysisCPA statistics
---------------------------
Number of variables per state:                     0.35 (sum: 1028, count: 2927, min: 0, max: 2)
Number of global variables per state:              0.00 (sum: 0, count: 2927, min: 0, max: 0)
Number of assumptions:                                  836
Number of deterministic assumptions:                      0
Level of Determinism:                              0%

ValueAnalysisPrecisionAdjustment statistics
-------------------------------------------
Number of abstraction computations:                    3030
Total time for liveness abstraction:                   0.000s
Total time for abstraction computation:                0.023s
Total time for path thresholds:                        0.000s

ConstraintsStrengthenOperator statistics
----------------------------------------
Total time for strengthening by ConstraintsCPA:     0.000s
Replaced symbolic expressions: 0

AutomatonAnalysis (SVCOMP) statistics
-------------------------------------
Number of states:                                  1
Total time for successor computation:                  0.099s
Automaton transfers with branching:                0
Automaton transfer successors:                     0.94 (sum: 3030, count: 3234, min: 0, max: 1) [0 x 204, 1 x 3030]
Number of states with assumption transitions:      0

CPA algorithm statistics
------------------------
Number of iterations:            2927
Max size of waitlist:            22
Average size of waitlist:        10
LoopstackSortedWaitlist:                           1.78 (sum: 1872, count: 1049, min: 0, max: 1468)
ReversePostorderSortedWaitlist:                    0.60 (sum: 639, count: 1069, min: 0, max: 126)
LoopIterationSortedWaitlist:                       1.77 (sum: 1852, count: 1049, min: 0, max: 1448)
CallstackSortedWaitlist:                           1878.00 (sum: 1878, count: 1, min: 1878, max: 1878)
Number of computed successors:   3030
Max successors for one state:    2
Number of times merged:          104
Number of times stopped:         104
Number of times breaked:         0

Total time for CPA algorithm:         1.168s (Max:     1.168s)
  Time for choose from waitlist:      0.026s
  Time for precision adjustment:      0.131s
  Time for transfer relation:         0.851s
  Time for merge operator:            0.031s
  Time for stop operator:             0.024s
  Time for adding to reached set:     0.041s

BMC algorithm statistics
------------------------
Time for BMC formula creation:                       1.170s
Time for final sat check:                          815.301s
Time for error-path creation:                        0.193s
Time for error-path post-processing:                 3.287s

CPAchecker general statistics
-----------------------------
Number of program locations:                       78
Number of CFA edges (per node):                          83 (count: 78, min: 0, max: 4, avg: 1.06)
Number of relevant variables:                      9
Number of functions:                               4
Number of loops (and loop nodes):                         2 (sum: 14, min: 4, max: 10, avg: 7.00)
Size of reached set:             2927
  Number of reached locations:   68 (87%)
    Avg states per location:     43
    Max states per location:     200 (at node N1)
  Number of reached functions:   4 (100%)
  Number of partitions:          2927
    Avg size of partitions:      1
    Max size of partitions:      1
  Number of target states:       200

Time for analysis setup:          1.928s
  Time for loading CPAs:          1.079s
  Time for loading parser:        0.193s
  Time for CFA construction:      0.598s
    Time for parsing file(s):     0.347s
    Time for AST to CFA:          0.127s
    Time for CFA sanity check:    0.000s
    Time for post-processing:     0.080s
    Time for loop structure:      0.005s
    Time for AST structure:       0.000s
      Time for function pointers resolving:            0.003s
        Function calls via function pointers:             0 (count: 1, min: 0, max: 0, avg: 0.00)
        Instrumented function pointer calls:              0 (count: 1, min: 0, max: 0, avg: 0.00)
        Function calls with function pointer arguments:        0 (count: 1, min: 0, max: 0, avg: 0.00)
        Instrumented function pointer arguments:          0 (count: 1, min: 0, max: 0, avg: 0.00)
      Time for classifying variables:                  0.047s
        Time for collecting variables:                 0.028s
        Time for solving dependencies:                 0.000s
        Time for building hierarchy:                   0.000s
        Time for building classification:              0.019s
        Time for exporting data:                       0.000s
Time for Analysis:              820.046s
CPU time for analysis:          833.840s
Time for analyzing result:        0.004s
Total time for CPAchecker:      821.975s
Total CPU time for CPAchecker:  837.530s
Time for statistics:              0.068s

Time for Garbage Collector:       0.407s (in 160 runs)
Garbage Collector(s) used:    G1 Old Generation, G1 Young Generation

Verification result: FALSE. Property violation (unreach-call: reach_error(); called in line 21) found by chosen configuration.
More details about the verification run can be found in the directory "./output".
