scripts/cpa.sh -heap 13000M -stack 50M -noout -benchmark -bmc -setprop cpa.predicate.useArraysForHeap=false -setprop cpa.predicate.memoryAllocationsAlwaysSucceed=true -setprop cpa.loopbound.maxLoopIterations=10 -setprop cpa.predicate.encodeFloatAs=INTEGER -setprop cpa.predicate.encodeBitvectorAs=INTEGER -setprop solver.solver=princess_binary -setprop proveroptions.option=use_binary -timelimit 900s -stats -spec test/programs/benchmarks/properties/unreach-call.prp -32 test/programs/benchmarks/nla-digbench-scaling/lcm2_valuebound20.c


--------------------------------------------------------------------------------


Running CPAchecker with Java heap of size 13000M.
Running CPAchecker with Java stack of size 50M.
Language C detected and set for analysis (CPAMain.detectFrontendLanguageIfNecessary, INFO)

Using the following resource limits: CPU-time limit of 900s (ResourceLimitChecker.fromConfiguration, INFO)

CPAchecker 2.3.1-svn-45350M / bmc (OpenJDK 64-Bit Server VM 17.0.8.1) started (CPAchecker.run, INFO)

Parsing CFA from file(s) "test/programs/benchmarks/nla-digbench-scaling/lcm2_valuebound20.c" (CPAchecker.parse, INFO)

Using unsound approximation of ints with unbounded integers and floats with unbounded integers for encoding program semantics. (PredicateCPA:FormulaManagerView.<init>, WARNING)

Using predicate analysis with Princess 2023-04-07. (PredicateCPA:PredicateCPA.<init>, INFO)

Using unsound approximation of ints with unbounded integers and floats with unbounded integers for encoding program semantics. (AssumptionStorageCPA:FormulaManagerView.<init>, WARNING)

The following configuration options were specified but are not used:
 proveroptions.option 
 (CPAchecker.printConfigurationWarnings, WARNING)

Starting analysis ... (CPAchecker.runAlgorithm, INFO)

Creating formula for program (AbstractBMCAlgorithm.run, INFO)

Starting satisfiability check... (AbstractBMCAlgorithm.boundedModelCheck, INFO)

Error found, creating error path (AbstractBMCAlgorithm.analyzeCounterexample0, INFO)

{main::v@12 -> 37, main::x@12 -> 1, main::u@12 -> 2, main::y@12 -> 2, __VERIFIER_assert::cond@11 -> 0, main::v@11 -> 35, main::x@11 -> 3, main::u@11 -> 2, main::y@11 -> 2, __VERIFIER_assert::cond@10 -> 1, main::v@10 -> 33, main::x@10 -> 5, main::u@10 -> 2, main::y@10 -> 2, __VERIFIER_assert::cond@9 -> 1, main::v@9 -> 31, main::x@9 -> 7, main::u@9 -> 2, main::y@9 -> 2, __VERIFIER_assert::cond@8 -> 1, main::v@8 -> 29, main::x@8 -> 9, main::u@8 -> 2, main::y@8 -> 2, __VERIFIER_assert::cond@7 -> 1, main::v@7 -> 27, main::x@7 -> 11, main::u@7 -> 2, main::y@7 -> 2, __VERIFIER_assert::cond@6 -> 1, main::v@6 -> 25, main::x@6 -> 13, main::u@6 -> 2, main::y@6 -> 2, __VERIFIER_assert::cond@5 -> 1, main::v@5 -> 23, main::x@5 -> 15, main::u@5 -> 2, main::y@5 -> 2, __VERIFIER_assert::cond@4 -> 1, main::v@4 -> 21, main::x@4 -> 17, main::u@4 -> 2, main::y@4 -> 2, __VERIFIER_assert::cond@3 -> 1, __VERIFIER_assert::cond@2 -> 1, main::v@3 -> 19, main::u@3 -> 2, main::y@3 -> 2, main::x@3 -> 19, assume_abort_if_not::cond@7 -> 1, assume_abort_if_not::cond@6 -> 1, assume_abort_if_not::cond@5 -> 1, assume_abort_if_not::cond@4 -> 1, assume_abort_if_not::cond@3 -> 1, main::__CPAchecker_TMP_1@3 -> 1, main::b@3 -> 2, __VERIFIER_nondet_uint!3@ -> 2, assume_abort_if_not::cond@2 -> 1, main::__CPAchecker_TMP_0@3 -> 1, main::a@3 -> 19, __VERIFIER_nondet_uint!2@ -> 19, abbrev_26_def -> true, abbrev_26 -> true, abbrev_24_def -> true, abbrev_24 -> true, abbrev_22_def -> true, abbrev_22 -> true, abbrev_20_def -> true, abbrev_20 -> true, abbrev_18_def -> true, abbrev_18 -> true, abbrev_16_def -> true, abbrev_16 -> true, abbrev_14_def -> true, abbrev_14 -> true, Integer_*_(38, 2) -> 79, Integer_*_(19, 2) -> 39, Integer_*_(17, 2) -> 89, Integer_*_(15, 2) -> 87, Integer_*_(13, 2) -> 88, Integer_*_(11, 2) -> 86, Integer_*_(9, 2) -> 84, Integer_*_(7, 2) -> 85, Integer_*_(5, 2) -> 83, Integer_*_(3, 2) -> 80, Integer_*_(2, 37) -> 82, Integer_*_(2, 35) -> -1, Integer_*_(2, 33) -> -4, Integer_*_(2, 31) -> -6, Integer_*_(2, 29) -> -5, Integer_*_(2, 27) -> -7, Integer_*_(2, 25) -> -9, Integer_*_(2, 23) -> -8, Integer_*_(2, 21) -> -10, Integer_*_(2, 19) -> 40, Integer_*_(1, 2) -> 81}
{__VERIFIER_assert::cond@20 -> 0, main::v@27 -> 38, main::x@27 -> 2, __VERIFIER_assert::cond@18 -> 1, main::v@25 -> 36, main::x@25 -> 4, __VERIFIER_assert::cond@16 -> 1, main::v@23 -> 34, main::x@23 -> 6, __VERIFIER_assert::cond@14 -> 1, main::v@21 -> 32, main::x@21 -> 8, main::v@19 -> 30, main::x@19 -> 10, main::v@17 -> 28, main::x@17 -> 12, main::v@15 -> 26, main::x@15 -> 14, assume_abort_if_not::cond@12 -> 1, assume_abort_if_not::cond@10 -> 1, assume_abort_if_not::cond@8 -> 1, main::b@4 -> 2, main::x@11 -> 18, main::__CPAchecker_TMP_1@3 -> 1, main::x@9 -> 20, main::x@13 -> 16, main::v@9 -> 20, main::a@3 -> 20, assume_abort_if_not::cond@2 -> 1, assume_abort_if_not::cond@4 -> 1, assume_abort_if_not::cond@6 -> 1, __VERIFIER_nondet_uint!2@ -> 20, __VERIFIER_assert::cond@6 -> 1, __VERIFIER_assert::cond@4 -> 1, __VERIFIER_assert::cond@2 -> 1, __VERIFIER_assert::cond@8 -> 1, main::y@9 -> 2, main::v@11 -> 22, main::__CPAchecker_TMP_0@3 -> 1, main::v@13 -> 24, main::u@9 -> 2, __VERIFIER_nondet_uint!3@ -> 2, __VERIFIER_assert::cond@12 -> 1, __VERIFIER_assert::cond@10 -> 1, Integer_*_(40, 2) -> 83, Integer_*_(20, 2) -> 41, Integer_*_(18, 2) -> 84, Integer_*_(16, 2) -> 85, Integer_*_(14, 2) -> 86, Integer_*_(12, 2) -> 87, Integer_*_(10, 2) -> 88, Integer_*_(8, 2) -> 89, Integer_*_(6, 2) -> 90, Integer_*_(4, 2) -> 91, Integer_*_(2, 38) -> 93, Integer_*_(2, 36) -> -8, Integer_*_(2, 34) -> -7, Integer_*_(2, 32) -> -6, Integer_*_(2, 30) -> -5, Integer_*_(2, 28) -> -4, Integer_*_(2, 26) -> -3, Integer_*_(2, 24) -> -2, Integer_*_(2, 22) -> -1, Integer_*_(2, 20) -> 42, Integer_*_(2, 2) -> 92}
[__VERIFIER_assert::cond@20: 0, main::v@27: 38, main::x@27: 2, __VERIFIER_assert::cond@18: 1, main::v@25: 36, main::x@25: 4, __VERIFIER_assert::cond@16: 1, main::v@23: 34, main::x@23: 6, __VERIFIER_assert::cond@14: 1, main::v@21: 32, main::x@21: 8, main::v@19: 30, main::x@19: 10, main::v@17: 28, main::x@17: 12, main::v@15: 26, main::x@15: 14, assume_abort_if_not::cond@12: 1, assume_abort_if_not::cond@10: 1, assume_abort_if_not::cond@8: 1, main::b@4: 2, main::x@11: 18, main::__CPAchecker_TMP_1@3: 1, main::x@9: 20, main::x@13: 16, main::v@9: 20, main::a@3: 20, assume_abort_if_not::cond@2: 1, assume_abort_if_not::cond@4: 1, assume_abort_if_not::cond@6: 1, __VERIFIER_nondet_uint!2@: 20, __VERIFIER_assert::cond@6: 1, __VERIFIER_assert::cond@4: 1, __VERIFIER_assert::cond@2: 1, __VERIFIER_assert::cond@8: 1, main::y@9: 2, main::v@11: 22, main::__CPAchecker_TMP_0@3: 1, main::v@13: 24, main::u@9: 2, __VERIFIER_nondet_uint!3@: 2, __VERIFIER_assert::cond@12: 1, __VERIFIER_assert::cond@10: 1, Integer_*_(40, 2): 83, Integer_*_(20, 2): 41, Integer_*_(18, 2): 84, Integer_*_(16, 2): 85, Integer_*_(14, 2): 86, Integer_*_(12, 2): 87, Integer_*_(10, 2): 88, Integer_*_(8, 2): 89, Integer_*_(6, 2): 90, Integer_*_(4, 2): 91, Integer_*_(2, 38): 93, Integer_*_(2, 36): -8, Integer_*_(2, 34): -7, Integer_*_(2, 32): -6, Integer_*_(2, 30): -5, Integer_*_(2, 28): -4, Integer_*_(2, 26): -3, Integer_*_(2, 24): -2, Integer_*_(2, 22): -1, Integer_*_(2, 20): 42, Integer_*_(2, 2): 92]
Stopping analysis ... (CPAchecker.runAlgorithm, INFO)


PredicateCPA statistics
-----------------------
Number of abstractions:            20 (5% of all post computations)
  Times abstraction was reused:    0
  Because of function entry/exit:  0 (0%)
  Because of loop head:            0 (0%)
  Because of join nodes:           0 (0%)
  Because of threshold:            0 (0%)
  Because of target state:         20 (100%)
  Times precision was empty:       20 (100%)
  Times precision was {false}:     0 (0%)
  Times result was cached:         0 (0%)
  Times cartesian abs was used:    0 (0%)
  Times boolean abs was used:      0 (0%)
  Times result was 'false':        0 (0%)
Number of strengthen sat checks:   0
Number of coverage checks:         28
  BDD entailment checks:           0
Number of SMT sat checks:          0
  trivial:                         0
  cached:                          0

Max ABE block size:                       91
Avg ABE block size:                                62.50 (sum: 1250, count: 20, min: 34, max: 91)
Number of predicates discovered:          0

Time for post operator:                                0.172s
  Time for path formula creation:                      0.170s
Time for strengthen operator:                          0.005s
Time for prec operator:                                0.005s
  Time for abstraction:                  0.001s (Max:     0.001s, Count: 20)
    Solving time:                        0.000s (Max:     0.000s)
    Model enumeration time:              0.000s
    Time for BDD construction:           0.000s (Max:     0.000s)
Time for merge operator:                               0.006s
Time for coverage checks:                              0.001s
Total time for SMT solver (w/o itp):     0.000s

Total number of created targets for pointer analysis: 0



KeyValue statistics
-------------------
Init. function predicates:                         0
Init. global predicates:                           0
Init. location predicates:                         0

Invariant Generation statistics
-------------------------------

Bounds CPA statistics
---------------------
Bound k:                                           10
Maximum loop iteration reached:                    11


ValueAnalysisCPA statistics
---------------------------
Number of variables per state:                     0.21 (sum: 76, count: 359, min: 0, max: 1)
Number of global variables per state:              0.00 (sum: 0, count: 359, min: 0, max: 0)
Number of assumptions:                                  100
Number of deterministic assumptions:                      0
Level of Determinism:                              0%

ValueAnalysisPrecisionAdjustment statistics
-------------------------------------------
Number of abstraction computations:                     372
Total time for liveness abstraction:                   0.000s
Total time for abstraction computation:                0.000s
Total time for path thresholds:                        0.000s

ConstraintsStrengthenOperator statistics
----------------------------------------
Total time for strengthening by ConstraintsCPA:     0.000s
Replaced symbolic expressions: 0

AutomatonAnalysis (SVCOMP) statistics
-------------------------------------
Number of states:                                  1
Total time for successor computation:                  0.016s
Automaton transfers with branching:                0
Automaton transfer successors:                     0.93 (sum: 372, count: 398, min: 0, max: 1) [0 x 26, 1 x 372]
Number of states with assumption transitions:      0

CPA algorithm statistics
------------------------
Number of iterations:            359
Max size of waitlist:            3
Average size of waitlist:        1
LoopstackSortedWaitlist:                           0.42 (sum: 86, count: 207, min: 0, max: 4)
ReversePostorderSortedWaitlist:                    0.00 (sum: 0, count: 207, min: 0, max: 0)
LoopIterationSortedWaitlist:                       0.42 (sum: 86, count: 207, min: 0, max: 4)
CallstackSortedWaitlist:                           152.00 (sum: 152, count: 1, min: 152, max: 152)
Number of computed successors:   372
Max successors for one state:    2
Number of times merged:          14
Number of times stopped:         14
Number of times breaked:         0

Total time for CPA algorithm:         0.367s (Max:     0.367s)
  Time for choose from waitlist:      0.017s
  Time for precision adjustment:      0.034s
  Time for transfer relation:         0.278s
  Time for merge operator:            0.009s
  Time for stop operator:             0.005s
  Time for adding to reached set:     0.013s

BMC algorithm statistics
------------------------
Time for BMC formula creation:                       0.369s
Time for final sat check:                           14.371s
Time for error-path creation:                        0.130s
Time for error-path post-processing:                 0.490s

CPAchecker general statistics
-----------------------------
Number of program locations:                       72
Number of CFA edges (per node):                          79 (count: 72, min: 0, max: 6, avg: 1.10)
Number of relevant variables:                      10
Number of functions:                               4
Number of loops (and loop nodes):                         1 (sum: 11, min: 11, max: 11, avg: 11.00)
Size of reached set:             359
  Number of reached locations:   65 (90%)
    Avg states per location:     5
    Max states per location:     20 (at node N1)
  Number of reached functions:   4 (100%)
  Number of partitions:          359
    Avg size of partitions:      1
    Max size of partitions:      1
  Number of target states:       20

Time for analysis setup:          1.999s
  Time for loading CPAs:          1.180s
  Time for loading parser:        0.198s
  Time for CFA construction:      0.544s
    Time for parsing file(s):     0.319s
    Time for AST to CFA:          0.106s
    Time for CFA sanity check:    0.000s
    Time for post-processing:     0.081s
    Time for loop structure:      0.006s
    Time for AST structure:       0.000s
      Time for function pointers resolving:            0.002s
        Function calls via function pointers:             0 (count: 1, min: 0, max: 0, avg: 0.00)
        Instrumented function pointer calls:              0 (count: 1, min: 0, max: 0, avg: 0.00)
        Function calls with function pointer arguments:        0 (count: 1, min: 0, max: 0, avg: 0.00)
        Instrumented function pointer arguments:          0 (count: 1, min: 0, max: 0, avg: 0.00)
      Time for classifying variables:                  0.049s
        Time for collecting variables:                 0.029s
        Time for solving dependencies:                 0.001s
        Time for building hierarchy:                   0.000s
        Time for building classification:              0.019s
        Time for exporting data:                       0.000s
Time for Analysis:               15.483s
CPU time for analysis:           19.280s
Time for analyzing result:        0.001s
Total time for CPAchecker:       17.483s
Total CPU time for CPAchecker:   23.150s
Time for statistics:              0.060s

Time for Garbage Collector:       0.185s (in 21 runs)
Garbage Collector(s) used:    G1 Old Generation, G1 Young Generation

Verification result: FALSE. Property violation (unreach-call: reach_error(); called in line 14) found by chosen configuration.
More details about the verification run can be found in the directory "./output".
