scripts/cpa.sh -heap 13000M -stack 50M -noout -benchmark -bmc -setprop cpa.predicate.useArraysForHeap=false -setprop cpa.predicate.memoryAllocationsAlwaysSucceed=true -setprop cpa.loopbound.maxLoopIterations=10 -setprop cpa.predicate.encodeFloatAs=INTEGER -setprop cpa.predicate.encodeBitvectorAs=INTEGER -setprop solver.solver=princess_binary -setprop proveroptions.option=use_binary -timelimit 900s -stats -spec test/programs/benchmarks/properties/unreach-call.prp -32 test/programs/benchmarks/nla-digbench-scaling/ps5-ll_unwindbound2.c


--------------------------------------------------------------------------------


Running CPAchecker with Java heap of size 13000M.
Running CPAchecker with Java stack of size 50M.
Language C detected and set for analysis (CPAMain.detectFrontendLanguageIfNecessary, INFO)

Using the following resource limits: CPU-time limit of 900s (ResourceLimitChecker.fromConfiguration, INFO)

CPAchecker 2.3.1-svn-45350M / bmc (OpenJDK 64-Bit Server VM 17.0.8.1) started (CPAchecker.run, INFO)

Parsing CFA from file(s) "test/programs/benchmarks/nla-digbench-scaling/ps5-ll_unwindbound2.c" (CPAchecker.parse, INFO)

Using unsound approximation of ints with unbounded integers and floats with unbounded integers for encoding program semantics. (PredicateCPA:FormulaManagerView.<init>, WARNING)

Using predicate analysis with Princess 2023-04-07. (PredicateCPA:PredicateCPA.<init>, INFO)

Using unsound approximation of ints with unbounded integers and floats with unbounded integers for encoding program semantics. (AssumptionStorageCPA:FormulaManagerView.<init>, WARNING)

The following configuration options were specified but are not used:
 proveroptions.option 
 (CPAchecker.printConfigurationWarnings, WARNING)

Starting analysis ... (CPAchecker.runAlgorithm, INFO)

Creating formula for program (AbstractBMCAlgorithm.run, INFO)

Starting satisfiability check... (AbstractBMCAlgorithm.boundedModelCheck, INFO)

Error found, creating error path (AbstractBMCAlgorithm.analyzeCounterexample0, INFO)

{__VERIFIER_assert::cond@4 -> 0, __VERIFIER_assert::cond@3 -> 1, __VERIFIER_assert::cond@2 -> 1, counter@3 -> 1, main::__CPAchecker_TMP_0@2 -> 0, main::c@3 -> 0, main::x@3 -> 0, main::y@3 -> 0, assume_abort_if_not::cond@2 -> 1, main::k@3 -> -1, __VERIFIER_nondet_short!2@ -> -1, counter@2 -> 0, Integer_*_(3, 0) -> -5, Integer_*_(2, 0) -> 3, Integer_*_(-1, 0) -> 4, Integer_*_(1, 0) -> 2, Integer_*_(0, 0) -> 1, abbrev_14_def -> false, abbrev_14 -> false}
{__VERIFIER_assert::cond@6 -> 0, main::__CPAchecker_TMP_0@2 -> 0, counter@2 -> 0, counter@3 -> 1, main::x@4 -> 0, main::y@4 -> 0, main::k@3 -> -1, __VERIFIER_nondet_short!2@ -> -1, main::c@4 -> 0, assume_abort_if_not::cond@2 -> 1, __VERIFIER_assert::cond@4 -> 1, __VERIFIER_assert::cond@2 -> 1, Integer_*_(3, 0) -> -5, Integer_*_(2, 0) -> 3, Integer_*_(-1, 0) -> 4, Integer_*_(1, 0) -> 2, Integer_*_(0, 0) -> 1}
[__VERIFIER_assert::cond@6: 0, main::__CPAchecker_TMP_0@2: 0, counter@2: 0, counter@3: 1, main::x@4: 0, main::y@4: 0, main::k@3: -1, __VERIFIER_nondet_short!2@: -1, main::c@4: 0, assume_abort_if_not::cond@2: 1, __VERIFIER_assert::cond@4: 1, __VERIFIER_assert::cond@2: 1, Integer_*_(3, 0): -5, Integer_*_(2, 0): 3, Integer_*_(-1, 0): 4, Integer_*_(1, 0): 2, Integer_*_(0, 0): 1]
Stopping analysis ... (CPAchecker.runAlgorithm, INFO)


PredicateCPA statistics
-----------------------
Number of abstractions:            3 (3% of all post computations)
  Times abstraction was reused:    0
  Because of function entry/exit:  0 (0%)
  Because of loop head:            0 (0%)
  Because of join nodes:           0 (0%)
  Because of threshold:            0 (0%)
  Because of target state:         3 (100%)
  Times precision was empty:       3 (100%)
  Times precision was {false}:     0 (0%)
  Times result was cached:         0 (0%)
  Times cartesian abs was used:    0 (0%)
  Times boolean abs was used:      0 (0%)
  Times result was 'false':        0 (0%)
Number of strengthen sat checks:   0
Number of coverage checks:         0
  BDD entailment checks:           0
Number of SMT sat checks:          0
  trivial:                         0
  cached:                          0

Max ABE block size:                       36
Avg ABE block size:                                29.00 (sum: 87, count: 3, min: 21, max: 36)
Number of predicates discovered:          0

Time for post operator:                                0.085s
  Time for path formula creation:                      0.085s
Time for strengthen operator:                          0.005s
Time for prec operator:                                0.002s
  Time for abstraction:                  0.000s (Max:     0.000s, Count: 3)
    Solving time:                        0.000s (Max:     0.000s)
    Model enumeration time:              0.000s
    Time for BDD construction:           0.000s (Max:     0.000s)
Time for coverage checks:                              0.000s
Total time for SMT solver (w/o itp):     0.000s

Total number of created targets for pointer analysis: 0



KeyValue statistics
-------------------
Init. function predicates:                         0
Init. global predicates:                           0
Init. location predicates:                         0

Invariant Generation statistics
-------------------------------

Bounds CPA statistics
---------------------
Bound k:                                           10
Maximum loop iteration reached:                    3


ValueAnalysisCPA statistics
---------------------------
Number of variables per state:                     4.14 (sum: 418, count: 101, min: 0, max: 6)
Number of global variables per state:              0.92 (sum: 93, count: 101, min: 0, max: 1)
Number of assumptions:                                   44
Number of deterministic assumptions:                      0
Level of Determinism:                              0%

ValueAnalysisPrecisionAdjustment statistics
-------------------------------------------
Number of abstraction computations:                     100
Total time for liveness abstraction:                   0.000s
Total time for abstraction computation:                0.001s
Total time for path thresholds:                        0.000s

ConstraintsStrengthenOperator statistics
----------------------------------------
Total time for strengthening by ConstraintsCPA:     0.000s
Replaced symbolic expressions: 0

AutomatonAnalysis (SVCOMP) statistics
-------------------------------------
Number of states:                                  1
Total time for successor computation:                  0.002s
Automaton transfers with branching:                0
Automaton transfer successors:                     0.96 (sum: 100, count: 104, min: 0, max: 1) [0 x 4, 1 x 100]
Number of states with assumption transitions:      0

CPA algorithm statistics
------------------------
Number of iterations:            101
Max size of waitlist:            3
Average size of waitlist:        1
LoopstackSortedWaitlist:                           0.20 (sum: 17, count: 84, min: 0, max: 5)
ReversePostorderSortedWaitlist:                    0.00 (sum: 0, count: 84, min: 0, max: 0)
LoopIterationSortedWaitlist:                       0.20 (sum: 17, count: 84, min: 0, max: 5)
CallstackSortedWaitlist:                           17.00 (sum: 17, count: 1, min: 17, max: 17)
Number of computed successors:   100
Max successors for one state:    2
Number of times merged:          0
Number of times stopped:         0
Number of times breaked:         0

Total time for CPA algorithm:         0.152s (Max:     0.152s)
  Time for choose from waitlist:      0.002s
  Time for precision adjustment:      0.011s
  Time for transfer relation:         0.131s
  Time for stop operator:             0.003s
  Time for adding to reached set:     0.003s

BMC algorithm statistics
------------------------
Time for BMC formula creation:                       0.154s
Time for final sat check:                            0.786s
Time for error-path creation:                        0.123s
Time for error-path post-processing:                 0.223s

CPAchecker general statistics
-----------------------------
Number of program locations:                       53
Number of CFA edges (per node):                          52 (count: 53, min: 0, max: 3, avg: 0.98)
Number of relevant variables:                      8
Number of functions:                               4
Number of loops (and loop nodes):                         1 (sum: 9, min: 9, max: 9, avg: 9.00)
Size of reached set:             101
  Number of reached locations:   46 (87%)
    Avg states per location:     2
    Max states per location:     8 (at node N10)
  Number of reached functions:   4 (100%)
  Number of partitions:          101
    Avg size of partitions:      1
    Max size of partitions:      1
  Number of target states:       3

Time for analysis setup:          2.066s
  Time for loading CPAs:          1.216s
  Time for loading parser:        0.219s
  Time for CFA construction:      0.562s
    Time for parsing file(s):     0.324s
    Time for AST to CFA:          0.109s
    Time for CFA sanity check:    0.000s
    Time for post-processing:     0.088s
    Time for loop structure:      0.005s
    Time for AST structure:       0.000s
      Time for function pointers resolving:            0.003s
        Function calls via function pointers:             0 (count: 1, min: 0, max: 0, avg: 0.00)
        Instrumented function pointer calls:              0 (count: 1, min: 0, max: 0, avg: 0.00)
        Function calls with function pointer arguments:        0 (count: 1, min: 0, max: 0, avg: 0.00)
        Instrumented function pointer arguments:          0 (count: 1, min: 0, max: 0, avg: 0.00)
      Time for classifying variables:                  0.053s
        Time for collecting variables:                 0.032s
        Time for solving dependencies:                 0.001s
        Time for building hierarchy:                   0.000s
        Time for building classification:              0.020s
        Time for exporting data:                       0.000s
Time for Analysis:                1.376s
CPU time for analysis:            2.720s
Time for analyzing result:        0.000s
Total time for CPAchecker:        3.443s
Total CPU time for CPAchecker:    6.690s
Time for statistics:              0.055s

Time for Garbage Collector:       0.063s (in 8 runs)
Garbage Collector(s) used:    G1 Old Generation, G1 Young Generation

Verification result: FALSE. Property violation (unreach-call: reach_error(); called in line 12) found by chosen configuration.
More details about the verification run can be found in the directory "./output".
