scripts/cpa.sh -heap 13000M -stack 50M -noout -benchmark -bmc -setprop cpa.predicate.useArraysForHeap=false -setprop cpa.predicate.memoryAllocationsAlwaysSucceed=true -setprop cpa.loopbound.maxLoopIterations=10 -setprop cpa.predicate.encodeFloatAs=INTEGER -setprop cpa.predicate.encodeBitvectorAs=INTEGER -setprop solver.solver=princess_binary -setprop proveroptions.option=use_binary -timelimit 900s -stats -spec test/programs/benchmarks/properties/unreach-call.prp -32 test/programs/benchmarks/loop-invgen/id_build.i.v+lhb-reducer.c


--------------------------------------------------------------------------------


Running CPAchecker with Java heap of size 13000M.
Running CPAchecker with Java stack of size 50M.
Language C detected and set for analysis (CPAMain.detectFrontendLanguageIfNecessary, INFO)

Using the following resource limits: CPU-time limit of 900s (ResourceLimitChecker.fromConfiguration, INFO)

CPAchecker 2.3.1-svn-45350M / bmc (OpenJDK 64-Bit Server VM 17.0.8.1) started (CPAchecker.run, INFO)

Parsing CFA from file(s) "test/programs/benchmarks/loop-invgen/id_build.i.v+lhb-reducer.c" (CPAchecker.parse, INFO)

Using unsound approximation of ints with unbounded integers and floats with unbounded integers for encoding program semantics. (PredicateCPA:FormulaManagerView.<init>, WARNING)

Using predicate analysis with Princess 2023-04-07. (PredicateCPA:PredicateCPA.<init>, INFO)

Using unsound approximation of ints with unbounded integers and floats with unbounded integers for encoding program semantics. (AssumptionStorageCPA:FormulaManagerView.<init>, WARNING)

The following configuration options were specified but are not used:
 proveroptions.option 
 (CPAchecker.printConfigurationWarnings, WARNING)

Starting analysis ... (CPAchecker.runAlgorithm, INFO)

Creating formula for program (AbstractBMCAlgorithm.run, INFO)

Starting satisfiability check... (AbstractBMCAlgorithm.boundedModelCheck, INFO)

Starting assertions check... (AbstractBMCAlgorithm.checkBoundingAssertions, INFO)

Terminating because none of the following CPAs' precision can be adjusted any further  LoopBoundCPA (AbstractBMCAlgorithm.adjustConditions, INFO)

Stopping analysis ... (CPAchecker.runAlgorithm, INFO)

Analysis incomplete: no errors found, but not everything could be checked. (CPAchecker.analyzeResult, WARNING)


PredicateCPA statistics
-----------------------
Number of abstractions:            11 (8% of all post computations)
  Times abstraction was reused:    0
  Because of function entry/exit:  0 (0%)
  Because of loop head:            0 (0%)
  Because of join nodes:           0 (0%)
  Because of threshold:            0 (0%)
  Because of target state:         11 (100%)
  Times precision was empty:       11 (100%)
  Times precision was {false}:     0 (0%)
  Times result was cached:         0 (0%)
  Times cartesian abs was used:    0 (0%)
  Times boolean abs was used:      0 (0%)
  Times result was 'false':        0 (0%)
Number of strengthen sat checks:   0
Number of coverage checks:         0
  BDD entailment checks:           0
Number of SMT sat checks:          0
  trivial:                         0
  cached:                          0

Max ABE block size:                       73
Avg ABE block size:                                42.55 (sum: 468, count: 11, min: 13, max: 73)
Number of predicates discovered:          0

Time for post operator:                                0.090s
  Time for path formula creation:                      0.089s
Time for strengthen operator:                          0.002s
Time for prec operator:                                0.004s
  Time for abstraction:                  0.000s (Max:     0.000s, Count: 11)
    Solving time:                        0.000s (Max:     0.000s)
    Model enumeration time:              0.000s
    Time for BDD construction:           0.000s (Max:     0.000s)
Time for coverage checks:                              0.000s
Total time for SMT solver (w/o itp):     0.000s

Total number of created targets for pointer analysis: 0



KeyValue statistics
-------------------
Init. function predicates:                         0
Init. global predicates:                           0
Init. location predicates:                         0

Invariant Generation statistics
-------------------------------

Bounds CPA statistics
---------------------
Bound k:                                           10
Maximum loop iteration reached:                    11


ValueAnalysisCPA statistics
---------------------------
Number of variables per state:                     3.63 (sum: 406, count: 112, min: 0, max: 5)
Number of global variables per state:              1.89 (sum: 212, count: 112, min: 0, max: 2)
Number of assumptions:                                   48
Number of deterministic assumptions:                      0
Level of Determinism:                              0%

ValueAnalysisPrecisionAdjustment statistics
-------------------------------------------
Number of abstraction computations:                     122
Total time for liveness abstraction:                   0.000s
Total time for abstraction computation:                0.014s
Total time for path thresholds:                        0.000s

ConstraintsStrengthenOperator statistics
----------------------------------------
Total time for strengthening by ConstraintsCPA:     0.000s
Replaced symbolic expressions: 0

AutomatonAnalysis (SVCOMP) statistics
-------------------------------------
Number of states:                                  1
Total time for successor computation:                  0.003s
Automaton transfers with branching:                0
Automaton transfer successors:                     0.92 (sum: 122, count: 133, min: 0, max: 1) [0 x 11, 1 x 122]
Number of states with assumption transitions:      0

CPA algorithm statistics
------------------------
Number of iterations:            123
Max size of waitlist:            4
Average size of waitlist:        1
LoopstackSortedWaitlist:                           0.50 (sum: 41, count: 82, min: 0, max: 19)
ReversePostorderSortedWaitlist:                    0.00 (sum: 0, count: 92, min: 0, max: 0)
LoopIterationSortedWaitlist:                       0.38 (sum: 31, count: 82, min: 0, max: 18)
CallstackSortedWaitlist:                           41.00 (sum: 41, count: 1, min: 41, max: 41)
Number of computed successors:   122
Max successors for one state:    2
Number of times merged:          0
Number of times stopped:         0
Number of times breaked:         0

Total time for CPA algorithm:         0.184s (Max:     0.184s)
  Time for choose from waitlist:      0.003s
  Time for precision adjustment:      0.026s
  Time for transfer relation:         0.142s
  Time for stop operator:             0.001s
  Time for adding to reached set:     0.008s

BMC algorithm statistics
------------------------
Time for BMC formula creation:                       0.186s
Time for final sat check:                            0.569s
Time for bounding assertions check:                  0.053s

CPAchecker general statistics
-----------------------------
Number of program locations:                       70
Number of CFA edges (per node):                          68 (count: 70, min: 0, max: 2, avg: 0.97)
Number of relevant variables:                      10
Number of functions:                               3
Number of loops (and loop nodes):                         2 (sum: 23, min: 5, max: 18, avg: 11.50)
Size of reached set:             112
  Number of reached locations:   47 (67%)
    Avg states per location:     2
    Max states per location:     6 (at node N37)
  Number of reached functions:   1 (33%)
  Number of partitions:          112
    Avg size of partitions:      1
    Max size of partitions:      1
  Number of target states:       0

Time for analysis setup:          2.229s
  Time for loading CPAs:          1.296s
  Time for loading parser:        0.265s
  Time for CFA construction:      0.582s
    Time for parsing file(s):     0.332s
    Time for AST to CFA:          0.115s
    Time for CFA sanity check:    0.001s
    Time for post-processing:     0.091s
    Time for loop structure:      0.007s
    Time for AST structure:       0.000s
      Time for function pointers resolving:            0.003s
        Function calls via function pointers:             0 (count: 1, min: 0, max: 0, avg: 0.00)
        Instrumented function pointer calls:              0 (count: 1, min: 0, max: 0, avg: 0.00)
        Function calls with function pointer arguments:        0 (count: 1, min: 0, max: 0, avg: 0.00)
        Instrumented function pointer arguments:          0 (count: 1, min: 0, max: 0, avg: 0.00)
      Time for classifying variables:                  0.054s
        Time for collecting variables:                 0.030s
        Time for solving dependencies:                 0.001s
        Time for building hierarchy:                   0.000s
        Time for building classification:              0.023s
        Time for exporting data:                       0.000s
Time for Analysis:                0.895s
CPU time for analysis:            1.740s
Time for analyzing result:        0.001s
Total time for CPAchecker:        3.125s
Total CPU time for CPAchecker:    6.040s
Time for statistics:              0.047s

Time for Garbage Collector:       0.046s (in 7 runs)
Garbage Collector(s) used:    G1 Old Generation, G1 Young Generation

Verification result: UNKNOWN, incomplete analysis.
More details about the verification run can be found in the directory "./output".
