scripts/cpa.sh -heap 13000M -stack 50M -noout -benchmark -bmc -setprop cpa.predicate.useArraysForHeap=false -setprop cpa.predicate.memoryAllocationsAlwaysSucceed=true -setprop cpa.loopbound.maxLoopIterations=10 -setprop cpa.predicate.encodeFloatAs=INTEGER -setprop cpa.predicate.encodeBitvectorAs=INTEGER -setprop solver.solver=princess_binary -setprop proveroptions.option=use_binary -timelimit 900s -stats -spec test/programs/benchmarks/properties/unreach-call.prp -64 test/programs/benchmarks/ldv-challenges/linux-3.14_linux-kernel-locking-spinlock_drivers-net-ethernet-amd-pcnet32.cil.i


--------------------------------------------------------------------------------


Running CPAchecker with Java heap of size 13000M.
Running CPAchecker with Java stack of size 50M.
Language C detected and set for analysis (CPAMain.detectFrontendLanguageIfNecessary, INFO)

Using the following resource limits: CPU-time limit of 900s (ResourceLimitChecker.fromConfiguration, INFO)

CPAchecker 2.3.1-svn-45350M / bmc (OpenJDK 64-Bit Server VM 17.0.8.1) started (CPAchecker.run, INFO)

Parsing CFA from file(s) "test/programs/benchmarks/ldv-challenges/linux-3.14_linux-kernel-locking-spinlock_drivers-net-ethernet-amd-pcnet32.cil.i" (CPAchecker.parse, INFO)

line 5311: Dead code detected: return (1); (CFACreationUtils.addEdgeToCFA, INFO)

line 6282: Dead code detected: goto case_1; (CFACreationUtils.addEdgeToCFA, INFO)

line 6301: Dead code detected: goto case_1___0; (CFACreationUtils.addEdgeToCFA, INFO)

line 6305: Dead code detected: goto case_2; (CFACreationUtils.addEdgeToCFA, INFO)

line 6313: Dead code detected: goto case_8; (CFACreationUtils.addEdgeToCFA, INFO)

line 6316: Dead code detected: goto switch_default; (CFACreationUtils.addEdgeToCFA, INFO)

line 6286: Dead code detected: goto case_2___0; (CFACreationUtils.addEdgeToCFA, INFO)

line 6341: Dead code detected: goto case_1___1; (CFACreationUtils.addEdgeToCFA, INFO)

line 6345: Dead code detected: goto case_2___1; (CFACreationUtils.addEdgeToCFA, INFO)

line 6353: Dead code detected: goto case_8___0; (CFACreationUtils.addEdgeToCFA, INFO)

line 6356: Dead code detected: goto switch_default___0; (CFACreationUtils.addEdgeToCFA, INFO)

line 6381: Dead code detected: goto case_1___2; (CFACreationUtils.addEdgeToCFA, INFO)

line 6385: Dead code detected: goto case_2___2; (CFACreationUtils.addEdgeToCFA, INFO)

line 6393: Dead code detected: goto case_8___1; (CFACreationUtils.addEdgeToCFA, INFO)

line 6396: Dead code detected: goto switch_default___1; (CFACreationUtils.addEdgeToCFA, INFO)

line 6294: Dead code detected: goto case_8___2; (CFACreationUtils.addEdgeToCFA, INFO)

line 6421: Dead code detected: goto case_1___3; (CFACreationUtils.addEdgeToCFA, INFO)

line 6425: Dead code detected: goto case_2___3; (CFACreationUtils.addEdgeToCFA, INFO)

line 6433: Dead code detected: goto case_8___3; (CFACreationUtils.addEdgeToCFA, INFO)

line 6436: Dead code detected: goto switch_default___2; (CFACreationUtils.addEdgeToCFA, INFO)

line 6297: Dead code detected: goto switch_default___3; (CFACreationUtils.addEdgeToCFA, INFO)

Dead code detected: Label case_4___0 is not reachable. (CFAFunctionBuilder.leave, INFO)

Dead code detected: Label case_4___3 is not reachable. (CFAFunctionBuilder.leave, INFO)

Dead code detected: Label case_8___3 is not reachable. (CFAFunctionBuilder.leave, INFO)

Dead code detected: Label case_8___2 is not reachable. (CFAFunctionBuilder.leave, INFO)

Dead code detected: Label case_8___1 is not reachable. (CFAFunctionBuilder.leave, INFO)

Dead code detected: Label case_8 is not reachable. (CFAFunctionBuilder.leave, INFO)

Dead code detected: Label case_8___0 is not reachable. (CFAFunctionBuilder.leave, INFO)

Dead code detected: Label case_4 is not reachable. (CFAFunctionBuilder.leave, INFO)

Dead code detected: Label case_1 is not reachable. (CFAFunctionBuilder.leave, INFO)

Dead code detected: Label case_2 is not reachable. (CFAFunctionBuilder.leave, INFO)

Dead code detected: Label switch_break is not reachable. (CFAFunctionBuilder.leave, INFO)

Dead code detected: Label switch_default is not reachable. (CFAFunctionBuilder.leave, INFO)

Dead code detected: Label case_2___2 is not reachable. (CFAFunctionBuilder.leave, INFO)

Dead code detected: Label case_2___3 is not reachable. (CFAFunctionBuilder.leave, INFO)

Dead code detected: Label case_2___0 is not reachable. (CFAFunctionBuilder.leave, INFO)

Dead code detected: Label case_2___1 is not reachable. (CFAFunctionBuilder.leave, INFO)

Dead code detected: Label case_1___1 is not reachable. (CFAFunctionBuilder.leave, INFO)

Dead code detected: Label case_1___2 is not reachable. (CFAFunctionBuilder.leave, INFO)

Dead code detected: Label case_1___3 is not reachable. (CFAFunctionBuilder.leave, INFO)

Dead code detected: Label case_1___0 is not reachable. (CFAFunctionBuilder.leave, INFO)

Dead code detected: Label switch_break is not reachable. (CFAFunctionBuilder.leave, INFO)

line 8030: Dead code detected: __ms = 1UL; (CFACreationUtils.addEdgeToCFA, INFO)

line 9236: Dead code detected: __ms = 1UL; (CFACreationUtils.addEdgeToCFA, INFO)

Dead code detected: Label switch_break is not reachable. (CFAFunctionBuilder.leave, INFO)

line 11034: Dead code detected: return (arg0); (CFACreationUtils.addEdgeToCFA, INFO)

line 11053: Dead code detected: return (arg0); (CFACreationUtils.addEdgeToCFA, INFO)

line 11056: Dead code detected: return (arg0); (CFACreationUtils.addEdgeToCFA, INFO)

line 11058: Dead code detected: return (arg0); (CFACreationUtils.addEdgeToCFA, INFO)

line 11206: Dead code detected: return (arg0); (CFACreationUtils.addEdgeToCFA, INFO)

line 11616: Dead code detected: return; (CFACreationUtils.addEdgeToCFA, INFO)

line 11638: Dead code detected: return; (CFACreationUtils.addEdgeToCFA, INFO)

line 11650: Dead code detected: return; (CFACreationUtils.addEdgeToCFA, INFO)

line 11719: Dead code detected: return; (CFACreationUtils.addEdgeToCFA, INFO)

line 11743: Dead code detected: return (arg0); (CFACreationUtils.addEdgeToCFA, INFO)

line 11802: Dead code detected: return; (CFACreationUtils.addEdgeToCFA, INFO)

line 11921: Dead code detected: goto ldv_call_1; (CFACreationUtils.addEdgeToCFA, INFO)

line 11928: Dead code detected: goto ldv_call_1; (CFACreationUtils.addEdgeToCFA, INFO)

line 11929: Dead code detected: goto ldv_call_1; (CFACreationUtils.addEdgeToCFA, INFO)

line 11936: Dead code detected: goto ldv_call_1; (CFACreationUtils.addEdgeToCFA, INFO)

line 11937: Dead code detected: goto ldv_call_1; (CFACreationUtils.addEdgeToCFA, INFO)

line 11938: Dead code detected: goto ldv_call_1; (CFACreationUtils.addEdgeToCFA, INFO)

line 11949: Dead code detected: goto ldv_call_1; (CFACreationUtils.addEdgeToCFA, INFO)

line 11950: Dead code detected: goto ldv_call_1; (CFACreationUtils.addEdgeToCFA, INFO)

line 11951: Dead code detected: goto ldv_call_1; (CFACreationUtils.addEdgeToCFA, INFO)

line 11952: Dead code detected: goto ldv_call_1; (CFACreationUtils.addEdgeToCFA, INFO)

line 11958: Dead code detected: goto ldv_call_1; (CFACreationUtils.addEdgeToCFA, INFO)

line 11959: Dead code detected: goto ldv_call_1; (CFACreationUtils.addEdgeToCFA, INFO)

line 11960: Dead code detected: goto ldv_call_1; (CFACreationUtils.addEdgeToCFA, INFO)

line 11961: Dead code detected: goto ldv_call_1; (CFACreationUtils.addEdgeToCFA, INFO)

line 11962: Dead code detected: goto ldv_call_1; (CFACreationUtils.addEdgeToCFA, INFO)

line 11969: Dead code detected: goto ldv_call_1; (CFACreationUtils.addEdgeToCFA, INFO)

line 11970: Dead code detected: goto ldv_call_1; (CFACreationUtils.addEdgeToCFA, INFO)

line 11971: Dead code detected: goto ldv_call_1; (CFACreationUtils.addEdgeToCFA, INFO)

line 11972: Dead code detected: goto ldv_call_1; (CFACreationUtils.addEdgeToCFA, INFO)

line 11973: Dead code detected: goto ldv_call_1; (CFACreationUtils.addEdgeToCFA, INFO)

line 11974: Dead code detected: goto ldv_call_1; (CFACreationUtils.addEdgeToCFA, INFO)

line 11980: Dead code detected: goto ldv_call_1; (CFACreationUtils.addEdgeToCFA, INFO)

line 11981: Dead code detected: goto ldv_call_1; (CFACreationUtils.addEdgeToCFA, INFO)

line 11982: Dead code detected: goto ldv_call_1; (CFACreationUtils.addEdgeToCFA, INFO)

line 11983: Dead code detected: goto ldv_call_1; (CFACreationUtils.addEdgeToCFA, INFO)

line 11984: Dead code detected: goto ldv_call_1; (CFACreationUtils.addEdgeToCFA, INFO)

line 11985: Dead code detected: goto ldv_call_1; (CFACreationUtils.addEdgeToCFA, INFO)

line 11986: Dead code detected: goto ldv_call_1; (CFACreationUtils.addEdgeToCFA, INFO)

line 11993: Dead code detected: goto ldv_call_1; (CFACreationUtils.addEdgeToCFA, INFO)

line 11994: Dead code detected: goto ldv_call_1; (CFACreationUtils.addEdgeToCFA, INFO)

line 11995: Dead code detected: goto ldv_call_1; (CFACreationUtils.addEdgeToCFA, INFO)

line 11996: Dead code detected: goto ldv_call_1; (CFACreationUtils.addEdgeToCFA, INFO)

line 11997: Dead code detected: goto ldv_call_1; (CFACreationUtils.addEdgeToCFA, INFO)

line 11998: Dead code detected: goto ldv_call_1; (CFACreationUtils.addEdgeToCFA, INFO)

line 11999: Dead code detected: goto ldv_call_1; (CFACreationUtils.addEdgeToCFA, INFO)

line 12000: Dead code detected: goto ldv_call_1; (CFACreationUtils.addEdgeToCFA, INFO)

line 12006: Dead code detected: goto ldv_call_1; (CFACreationUtils.addEdgeToCFA, INFO)

line 12007: Dead code detected: goto ldv_call_1; (CFACreationUtils.addEdgeToCFA, INFO)

line 12008: Dead code detected: goto ldv_call_1; (CFACreationUtils.addEdgeToCFA, INFO)

line 12009: Dead code detected: goto ldv_call_1; (CFACreationUtils.addEdgeToCFA, INFO)

line 12010: Dead code detected: goto ldv_call_1; (CFACreationUtils.addEdgeToCFA, INFO)

line 12011: Dead code detected: goto ldv_call_1; (CFACreationUtils.addEdgeToCFA, INFO)

line 12012: Dead code detected: goto ldv_call_1; (CFACreationUtils.addEdgeToCFA, INFO)

line 12013: Dead code detected: goto ldv_call_1; (CFACreationUtils.addEdgeToCFA, INFO)

line 12014: Dead code detected: goto ldv_call_1; (CFACreationUtils.addEdgeToCFA, INFO)

line 12021: Dead code detected: goto ldv_call_1; (CFACreationUtils.addEdgeToCFA, INFO)

line 12022: Dead code detected: goto ldv_call_1; (CFACreationUtils.addEdgeToCFA, INFO)

line 12023: Dead code detected: goto ldv_call_1; (CFACreationUtils.addEdgeToCFA, INFO)

line 12024: Dead code detected: goto ldv_call_1; (CFACreationUtils.addEdgeToCFA, INFO)

line 12025: Dead code detected: goto ldv_call_1; (CFACreationUtils.addEdgeToCFA, INFO)

line 12026: Dead code detected: goto ldv_call_1; (CFACreationUtils.addEdgeToCFA, INFO)

line 12027: Dead code detected: goto ldv_call_1; (CFACreationUtils.addEdgeToCFA, INFO)

line 12028: Dead code detected: goto ldv_call_1; (CFACreationUtils.addEdgeToCFA, INFO)

line 12029: Dead code detected: goto ldv_call_1; (CFACreationUtils.addEdgeToCFA, INFO)

line 12030: Dead code detected: goto ldv_call_1; (CFACreationUtils.addEdgeToCFA, INFO)

line 12037: Dead code detected: goto ldv_call_1; (CFACreationUtils.addEdgeToCFA, INFO)

line 12038: Dead code detected: goto ldv_call_1; (CFACreationUtils.addEdgeToCFA, INFO)

line 12039: Dead code detected: goto ldv_call_1; (CFACreationUtils.addEdgeToCFA, INFO)

line 12040: Dead code detected: goto ldv_call_1; (CFACreationUtils.addEdgeToCFA, INFO)

line 12041: Dead code detected: goto ldv_call_1; (CFACreationUtils.addEdgeToCFA, INFO)

line 12042: Dead code detected: goto ldv_call_1; (CFACreationUtils.addEdgeToCFA, INFO)

line 12043: Dead code detected: goto ldv_call_1; (CFACreationUtils.addEdgeToCFA, INFO)

line 12044: Dead code detected: goto ldv_call_1; (CFACreationUtils.addEdgeToCFA, INFO)

line 12045: Dead code detected: goto ldv_call_1; (CFACreationUtils.addEdgeToCFA, INFO)

line 12046: Dead code detected: goto ldv_call_1; (CFACreationUtils.addEdgeToCFA, INFO)

line 12047: Dead code detected: goto ldv_call_1; (CFACreationUtils.addEdgeToCFA, INFO)

line 12053: Dead code detected: goto ldv_call_1; (CFACreationUtils.addEdgeToCFA, INFO)

line 12054: Dead code detected: goto ldv_call_1; (CFACreationUtils.addEdgeToCFA, INFO)

line 12055: Dead code detected: goto ldv_call_1; (CFACreationUtils.addEdgeToCFA, INFO)

line 12056: Dead code detected: goto ldv_call_1; (CFACreationUtils.addEdgeToCFA, INFO)

line 12057: Dead code detected: goto ldv_call_1; (CFACreationUtils.addEdgeToCFA, INFO)

line 12058: Dead code detected: goto ldv_call_1; (CFACreationUtils.addEdgeToCFA, INFO)

line 12059: Dead code detected: goto ldv_call_1; (CFACreationUtils.addEdgeToCFA, INFO)

line 12060: Dead code detected: goto ldv_call_1; (CFACreationUtils.addEdgeToCFA, INFO)

line 12061: Dead code detected: goto ldv_call_1; (CFACreationUtils.addEdgeToCFA, INFO)

line 12062: Dead code detected: goto ldv_call_1; (CFACreationUtils.addEdgeToCFA, INFO)

line 12063: Dead code detected: goto ldv_call_1; (CFACreationUtils.addEdgeToCFA, INFO)

line 12064: Dead code detected: goto ldv_call_1; (CFACreationUtils.addEdgeToCFA, INFO)

line 12072: Dead code detected: goto ldv_call_1; (CFACreationUtils.addEdgeToCFA, INFO)

line 12073: Dead code detected: goto ldv_call_1; (CFACreationUtils.addEdgeToCFA, INFO)

line 12074: Dead code detected: goto ldv_call_1; (CFACreationUtils.addEdgeToCFA, INFO)

line 12075: Dead code detected: goto ldv_call_1; (CFACreationUtils.addEdgeToCFA, INFO)

line 12076: Dead code detected: goto ldv_call_1; (CFACreationUtils.addEdgeToCFA, INFO)

line 12077: Dead code detected: goto ldv_call_1; (CFACreationUtils.addEdgeToCFA, INFO)

line 12078: Dead code detected: goto ldv_call_1; (CFACreationUtils.addEdgeToCFA, INFO)

line 12079: Dead code detected: goto ldv_call_1; (CFACreationUtils.addEdgeToCFA, INFO)

line 12080: Dead code detected: goto ldv_call_1; (CFACreationUtils.addEdgeToCFA, INFO)

line 12081: Dead code detected: goto ldv_call_1; (CFACreationUtils.addEdgeToCFA, INFO)

line 12082: Dead code detected: goto ldv_call_1; (CFACreationUtils.addEdgeToCFA, INFO)

line 12083: Dead code detected: goto ldv_call_1; (CFACreationUtils.addEdgeToCFA, INFO)

line 12084: Dead code detected: goto ldv_call_1; (CFACreationUtils.addEdgeToCFA, INFO)

line 12091: Dead code detected: goto ldv_call_1; (CFACreationUtils.addEdgeToCFA, INFO)

line 12092: Dead code detected: goto ldv_call_1; (CFACreationUtils.addEdgeToCFA, INFO)

line 12093: Dead code detected: goto ldv_call_1; (CFACreationUtils.addEdgeToCFA, INFO)

line 12094: Dead code detected: goto ldv_call_1; (CFACreationUtils.addEdgeToCFA, INFO)

line 12095: Dead code detected: goto ldv_call_1; (CFACreationUtils.addEdgeToCFA, INFO)

line 12096: Dead code detected: goto ldv_call_1; (CFACreationUtils.addEdgeToCFA, INFO)

line 12097: Dead code detected: goto ldv_call_1; (CFACreationUtils.addEdgeToCFA, INFO)

line 12098: Dead code detected: goto ldv_call_1; (CFACreationUtils.addEdgeToCFA, INFO)

line 12099: Dead code detected: goto ldv_call_1; (CFACreationUtils.addEdgeToCFA, INFO)

line 12100: Dead code detected: goto ldv_call_1; (CFACreationUtils.addEdgeToCFA, INFO)

line 12101: Dead code detected: goto ldv_call_1; (CFACreationUtils.addEdgeToCFA, INFO)

line 12102: Dead code detected: goto ldv_call_1; (CFACreationUtils.addEdgeToCFA, INFO)

line 12103: Dead code detected: goto ldv_call_1; (CFACreationUtils.addEdgeToCFA, INFO)

line 12104: Dead code detected: goto ldv_call_1; (CFACreationUtils.addEdgeToCFA, INFO)

line 12114: Dead code detected: goto ldv_call_1; (CFACreationUtils.addEdgeToCFA, INFO)

line 12115: Dead code detected: goto ldv_call_1; (CFACreationUtils.addEdgeToCFA, INFO)

line 12116: Dead code detected: goto ldv_call_1; (CFACreationUtils.addEdgeToCFA, INFO)

line 12117: Dead code detected: goto ldv_call_1; (CFACreationUtils.addEdgeToCFA, INFO)

line 12118: Dead code detected: goto ldv_call_1; (CFACreationUtils.addEdgeToCFA, INFO)

line 12119: Dead code detected: goto ldv_call_1; (CFACreationUtils.addEdgeToCFA, INFO)

line 12120: Dead code detected: goto ldv_call_1; (CFACreationUtils.addEdgeToCFA, INFO)

line 12121: Dead code detected: goto ldv_call_1; (CFACreationUtils.addEdgeToCFA, INFO)

line 12122: Dead code detected: goto ldv_call_1; (CFACreationUtils.addEdgeToCFA, INFO)

line 12123: Dead code detected: goto ldv_call_1; (CFACreationUtils.addEdgeToCFA, INFO)

line 12124: Dead code detected: goto ldv_call_1; (CFACreationUtils.addEdgeToCFA, INFO)

line 12125: Dead code detected: goto ldv_call_1; (CFACreationUtils.addEdgeToCFA, INFO)

line 12126: Dead code detected: goto ldv_call_1; (CFACreationUtils.addEdgeToCFA, INFO)

line 12127: Dead code detected: goto ldv_call_1; (CFACreationUtils.addEdgeToCFA, INFO)

line 12128: Dead code detected: goto ldv_call_1; (CFACreationUtils.addEdgeToCFA, INFO)

line 12135: Dead code detected: goto ldv_call_1; (CFACreationUtils.addEdgeToCFA, INFO)

line 12136: Dead code detected: goto ldv_call_1; (CFACreationUtils.addEdgeToCFA, INFO)

line 12137: Dead code detected: goto ldv_call_1; (CFACreationUtils.addEdgeToCFA, INFO)

line 12138: Dead code detected: goto ldv_call_1; (CFACreationUtils.addEdgeToCFA, INFO)

line 12139: Dead code detected: goto ldv_call_1; (CFACreationUtils.addEdgeToCFA, INFO)

line 12140: Dead code detected: goto ldv_call_1; (CFACreationUtils.addEdgeToCFA, INFO)

line 12141: Dead code detected: goto ldv_call_1; (CFACreationUtils.addEdgeToCFA, INFO)

line 12142: Dead code detected: goto ldv_call_1; (CFACreationUtils.addEdgeToCFA, INFO)

line 12143: Dead code detected: goto ldv_call_1; (CFACreationUtils.addEdgeToCFA, INFO)

line 12144: Dead code detected: goto ldv_call_1; (CFACreationUtils.addEdgeToCFA, INFO)

line 12145: Dead code detected: goto ldv_call_1; (CFACreationUtils.addEdgeToCFA, INFO)

line 12146: Dead code detected: goto ldv_call_1; (CFACreationUtils.addEdgeToCFA, INFO)

line 12147: Dead code detected: goto ldv_call_1; (CFACreationUtils.addEdgeToCFA, INFO)

line 12148: Dead code detected: goto ldv_call_1; (CFACreationUtils.addEdgeToCFA, INFO)

line 12149: Dead code detected: goto ldv_call_1; (CFACreationUtils.addEdgeToCFA, INFO)

line 12150: Dead code detected: goto ldv_call_1; (CFACreationUtils.addEdgeToCFA, INFO)

line 12157: Dead code detected: goto ldv_call_1; (CFACreationUtils.addEdgeToCFA, INFO)

line 12158: Dead code detected: goto ldv_call_1; (CFACreationUtils.addEdgeToCFA, INFO)

line 12159: Dead code detected: goto ldv_call_1; (CFACreationUtils.addEdgeToCFA, INFO)

line 12160: Dead code detected: goto ldv_call_1; (CFACreationUtils.addEdgeToCFA, INFO)

line 12161: Dead code detected: goto ldv_call_1; (CFACreationUtils.addEdgeToCFA, INFO)

line 12162: Dead code detected: goto ldv_call_1; (CFACreationUtils.addEdgeToCFA, INFO)

line 12163: Dead code detected: goto ldv_call_1; (CFACreationUtils.addEdgeToCFA, INFO)

line 12164: Dead code detected: goto ldv_call_1; (CFACreationUtils.addEdgeToCFA, INFO)

line 12165: Dead code detected: goto ldv_call_1; (CFACreationUtils.addEdgeToCFA, INFO)

line 12166: Dead code detected: goto ldv_call_1; (CFACreationUtils.addEdgeToCFA, INFO)

line 12167: Dead code detected: goto ldv_call_1; (CFACreationUtils.addEdgeToCFA, INFO)

line 12168: Dead code detected: goto ldv_call_1; (CFACreationUtils.addEdgeToCFA, INFO)

line 12169: Dead code detected: goto ldv_call_1; (CFACreationUtils.addEdgeToCFA, INFO)

line 12170: Dead code detected: goto ldv_call_1; (CFACreationUtils.addEdgeToCFA, INFO)

line 12171: Dead code detected: goto ldv_call_1; (CFACreationUtils.addEdgeToCFA, INFO)

line 12172: Dead code detected: goto ldv_call_1; (CFACreationUtils.addEdgeToCFA, INFO)

line 12173: Dead code detected: goto ldv_call_1; (CFACreationUtils.addEdgeToCFA, INFO)

line 12180: Dead code detected: goto ldv_call_1; (CFACreationUtils.addEdgeToCFA, INFO)

line 12181: Dead code detected: goto ldv_call_1; (CFACreationUtils.addEdgeToCFA, INFO)

line 12182: Dead code detected: goto ldv_call_1; (CFACreationUtils.addEdgeToCFA, INFO)

line 12183: Dead code detected: goto ldv_call_1; (CFACreationUtils.addEdgeToCFA, INFO)

line 12184: Dead code detected: goto ldv_call_1; (CFACreationUtils.addEdgeToCFA, INFO)

line 12185: Dead code detected: goto ldv_call_1; (CFACreationUtils.addEdgeToCFA, INFO)

line 12186: Dead code detected: goto ldv_call_1; (CFACreationUtils.addEdgeToCFA, INFO)

line 12187: Dead code detected: goto ldv_call_1; (CFACreationUtils.addEdgeToCFA, INFO)

line 12188: Dead code detected: goto ldv_call_1; (CFACreationUtils.addEdgeToCFA, INFO)

line 12189: Dead code detected: goto ldv_call_1; (CFACreationUtils.addEdgeToCFA, INFO)

line 12190: Dead code detected: goto ldv_call_1; (CFACreationUtils.addEdgeToCFA, INFO)

line 12191: Dead code detected: goto ldv_call_1; (CFACreationUtils.addEdgeToCFA, INFO)

line 12192: Dead code detected: goto ldv_call_1; (CFACreationUtils.addEdgeToCFA, INFO)

line 12193: Dead code detected: goto ldv_call_1; (CFACreationUtils.addEdgeToCFA, INFO)

line 12194: Dead code detected: goto ldv_call_1; (CFACreationUtils.addEdgeToCFA, INFO)

line 12195: Dead code detected: goto ldv_call_1; (CFACreationUtils.addEdgeToCFA, INFO)

line 12196: Dead code detected: goto ldv_call_1; (CFACreationUtils.addEdgeToCFA, INFO)

line 12197: Dead code detected: goto ldv_call_1; (CFACreationUtils.addEdgeToCFA, INFO)

line 12203: Dead code detected: goto ldv_call_1; (CFACreationUtils.addEdgeToCFA, INFO)

line 12204: Dead code detected: goto ldv_call_1; (CFACreationUtils.addEdgeToCFA, INFO)

line 12205: Dead code detected: goto ldv_call_1; (CFACreationUtils.addEdgeToCFA, INFO)

line 12206: Dead code detected: goto ldv_call_1; (CFACreationUtils.addEdgeToCFA, INFO)

line 12207: Dead code detected: goto ldv_call_1; (CFACreationUtils.addEdgeToCFA, INFO)

line 12208: Dead code detected: goto ldv_call_1; (CFACreationUtils.addEdgeToCFA, INFO)

line 12209: Dead code detected: goto ldv_call_1; (CFACreationUtils.addEdgeToCFA, INFO)

line 12210: Dead code detected: goto ldv_call_1; (CFACreationUtils.addEdgeToCFA, INFO)

line 12211: Dead code detected: goto ldv_call_1; (CFACreationUtils.addEdgeToCFA, INFO)

line 12212: Dead code detected: goto ldv_call_1; (CFACreationUtils.addEdgeToCFA, INFO)

line 12213: Dead code detected: goto ldv_call_1; (CFACreationUtils.addEdgeToCFA, INFO)

line 12214: Dead code detected: goto ldv_call_1; (CFACreationUtils.addEdgeToCFA, INFO)

line 12215: Dead code detected: goto ldv_call_1; (CFACreationUtils.addEdgeToCFA, INFO)

line 12216: Dead code detected: goto ldv_call_1; (CFACreationUtils.addEdgeToCFA, INFO)

line 12217: Dead code detected: goto ldv_call_1; (CFACreationUtils.addEdgeToCFA, INFO)

line 12218: Dead code detected: goto ldv_call_1; (CFACreationUtils.addEdgeToCFA, INFO)

line 12219: Dead code detected: goto ldv_call_1; (CFACreationUtils.addEdgeToCFA, INFO)

line 12220: Dead code detected: goto ldv_call_1; (CFACreationUtils.addEdgeToCFA, INFO)

line 12221: Dead code detected: goto ldv_call_1; (CFACreationUtils.addEdgeToCFA, INFO)

line 12229: Dead code detected: goto ldv_call_1; (CFACreationUtils.addEdgeToCFA, INFO)

line 12230: Dead code detected: goto ldv_call_1; (CFACreationUtils.addEdgeToCFA, INFO)

line 12231: Dead code detected: goto ldv_call_1; (CFACreationUtils.addEdgeToCFA, INFO)

line 12232: Dead code detected: goto ldv_call_1; (CFACreationUtils.addEdgeToCFA, INFO)

line 12233: Dead code detected: goto ldv_call_1; (CFACreationUtils.addEdgeToCFA, INFO)

line 12234: Dead code detected: goto ldv_call_1; (CFACreationUtils.addEdgeToCFA, INFO)

line 12235: Dead code detected: goto ldv_call_1; (CFACreationUtils.addEdgeToCFA, INFO)

line 12236: Dead code detected: goto ldv_call_1; (CFACreationUtils.addEdgeToCFA, INFO)

line 12237: Dead code detected: goto ldv_call_1; (CFACreationUtils.addEdgeToCFA, INFO)

line 12238: Dead code detected: goto ldv_call_1; (CFACreationUtils.addEdgeToCFA, INFO)

line 12239: Dead code detected: goto ldv_call_1; (CFACreationUtils.addEdgeToCFA, INFO)

line 12240: Dead code detected: goto ldv_call_1; (CFACreationUtils.addEdgeToCFA, INFO)

line 12241: Dead code detected: goto ldv_call_1; (CFACreationUtils.addEdgeToCFA, INFO)

line 12242: Dead code detected: goto ldv_call_1; (CFACreationUtils.addEdgeToCFA, INFO)

line 12243: Dead code detected: goto ldv_call_1; (CFACreationUtils.addEdgeToCFA, INFO)

line 12244: Dead code detected: goto ldv_call_1; (CFACreationUtils.addEdgeToCFA, INFO)

line 12245: Dead code detected: goto ldv_call_1; (CFACreationUtils.addEdgeToCFA, INFO)

line 12246: Dead code detected: goto ldv_call_1; (CFACreationUtils.addEdgeToCFA, INFO)

line 12247: Dead code detected: goto ldv_call_1; (CFACreationUtils.addEdgeToCFA, INFO)

line 12248: Dead code detected: goto ldv_call_1; (CFACreationUtils.addEdgeToCFA, INFO)

line 12254: Dead code detected: goto ldv_call_1; (CFACreationUtils.addEdgeToCFA, INFO)

line 12255: Dead code detected: goto ldv_call_1; (CFACreationUtils.addEdgeToCFA, INFO)

line 12256: Dead code detected: goto ldv_call_1; (CFACreationUtils.addEdgeToCFA, INFO)

line 12257: Dead code detected: goto ldv_call_1; (CFACreationUtils.addEdgeToCFA, INFO)

line 12258: Dead code detected: goto ldv_call_1; (CFACreationUtils.addEdgeToCFA, INFO)

line 12259: Dead code detected: goto ldv_call_1; (CFACreationUtils.addEdgeToCFA, INFO)

line 12260: Dead code detected: goto ldv_call_1; (CFACreationUtils.addEdgeToCFA, INFO)

line 12261: Dead code detected: goto ldv_call_1; (CFACreationUtils.addEdgeToCFA, INFO)

line 12262: Dead code detected: goto ldv_call_1; (CFACreationUtils.addEdgeToCFA, INFO)

line 12263: Dead code detected: goto ldv_call_1; (CFACreationUtils.addEdgeToCFA, INFO)

line 12264: Dead code detected: goto ldv_call_1; (CFACreationUtils.addEdgeToCFA, INFO)

line 12265: Dead code detected: goto ldv_call_1; (CFACreationUtils.addEdgeToCFA, INFO)

line 12266: Dead code detected: goto ldv_call_1; (CFACreationUtils.addEdgeToCFA, INFO)

line 12267: Dead code detected: goto ldv_call_1; (CFACreationUtils.addEdgeToCFA, INFO)

line 12268: Dead code detected: goto ldv_call_1; (CFACreationUtils.addEdgeToCFA, INFO)

line 12269: Dead code detected: goto ldv_call_1; (CFACreationUtils.addEdgeToCFA, INFO)

line 12270: Dead code detected: goto ldv_call_1; (CFACreationUtils.addEdgeToCFA, INFO)

line 12271: Dead code detected: goto ldv_call_1; (CFACreationUtils.addEdgeToCFA, INFO)

line 12272: Dead code detected: goto ldv_call_1; (CFACreationUtils.addEdgeToCFA, INFO)

line 12273: Dead code detected: goto ldv_call_1; (CFACreationUtils.addEdgeToCFA, INFO)

line 12274: Dead code detected: goto ldv_call_1; (CFACreationUtils.addEdgeToCFA, INFO)

line 12280: Dead code detected: goto ldv_call_1; (CFACreationUtils.addEdgeToCFA, INFO)

line 12281: Dead code detected: goto ldv_call_1; (CFACreationUtils.addEdgeToCFA, INFO)

line 12282: Dead code detected: goto ldv_call_1; (CFACreationUtils.addEdgeToCFA, INFO)

line 12283: Dead code detected: goto ldv_call_1; (CFACreationUtils.addEdgeToCFA, INFO)

line 12284: Dead code detected: goto ldv_call_1; (CFACreationUtils.addEdgeToCFA, INFO)

line 12285: Dead code detected: goto ldv_call_1; (CFACreationUtils.addEdgeToCFA, INFO)

line 12286: Dead code detected: goto ldv_call_1; (CFACreationUtils.addEdgeToCFA, INFO)

line 12287: Dead code detected: goto ldv_call_1; (CFACreationUtils.addEdgeToCFA, INFO)

line 12288: Dead code detected: goto ldv_call_1; (CFACreationUtils.addEdgeToCFA, INFO)

line 12289: Dead code detected: goto ldv_call_1; (CFACreationUtils.addEdgeToCFA, INFO)

line 12290: Dead code detected: goto ldv_call_1; (CFACreationUtils.addEdgeToCFA, INFO)

line 12291: Dead code detected: goto ldv_call_1; (CFACreationUtils.addEdgeToCFA, INFO)

line 12292: Dead code detected: goto ldv_call_1; (CFACreationUtils.addEdgeToCFA, INFO)

line 12293: Dead code detected: goto ldv_call_1; (CFACreationUtils.addEdgeToCFA, INFO)

line 12294: Dead code detected: goto ldv_call_1; (CFACreationUtils.addEdgeToCFA, INFO)

line 12295: Dead code detected: goto ldv_call_1; (CFACreationUtils.addEdgeToCFA, INFO)

line 12296: Dead code detected: goto ldv_call_1; (CFACreationUtils.addEdgeToCFA, INFO)

line 12297: Dead code detected: goto ldv_call_1; (CFACreationUtils.addEdgeToCFA, INFO)

line 12298: Dead code detected: goto ldv_call_1; (CFACreationUtils.addEdgeToCFA, INFO)

line 12299: Dead code detected: goto ldv_call_1; (CFACreationUtils.addEdgeToCFA, INFO)

line 12300: Dead code detected: goto ldv_call_1; (CFACreationUtils.addEdgeToCFA, INFO)

line 12301: Dead code detected: goto ldv_call_1; (CFACreationUtils.addEdgeToCFA, INFO)

line 12308: Dead code detected: goto ldv_call_1; (CFACreationUtils.addEdgeToCFA, INFO)

line 12309: Dead code detected: goto ldv_call_1; (CFACreationUtils.addEdgeToCFA, INFO)

line 12310: Dead code detected: goto ldv_call_1; (CFACreationUtils.addEdgeToCFA, INFO)

line 12311: Dead code detected: goto ldv_call_1; (CFACreationUtils.addEdgeToCFA, INFO)

line 12312: Dead code detected: goto ldv_call_1; (CFACreationUtils.addEdgeToCFA, INFO)

line 12313: Dead code detected: goto ldv_call_1; (CFACreationUtils.addEdgeToCFA, INFO)

line 12314: Dead code detected: goto ldv_call_1; (CFACreationUtils.addEdgeToCFA, INFO)

line 12315: Dead code detected: goto ldv_call_1; (CFACreationUtils.addEdgeToCFA, INFO)

line 12316: Dead code detected: goto ldv_call_1; (CFACreationUtils.addEdgeToCFA, INFO)

line 12317: Dead code detected: goto ldv_call_1; (CFACreationUtils.addEdgeToCFA, INFO)

line 12318: Dead code detected: goto ldv_call_1; (CFACreationUtils.addEdgeToCFA, INFO)

line 12319: Dead code detected: goto ldv_call_1; (CFACreationUtils.addEdgeToCFA, INFO)

line 12320: Dead code detected: goto ldv_call_1; (CFACreationUtils.addEdgeToCFA, INFO)

line 12321: Dead code detected: goto ldv_call_1; (CFACreationUtils.addEdgeToCFA, INFO)

line 12322: Dead code detected: goto ldv_call_1; (CFACreationUtils.addEdgeToCFA, INFO)

line 12323: Dead code detected: goto ldv_call_1; (CFACreationUtils.addEdgeToCFA, INFO)

line 12324: Dead code detected: goto ldv_call_1; (CFACreationUtils.addEdgeToCFA, INFO)

line 12325: Dead code detected: goto ldv_call_1; (CFACreationUtils.addEdgeToCFA, INFO)

line 12326: Dead code detected: goto ldv_call_1; (CFACreationUtils.addEdgeToCFA, INFO)

line 12327: Dead code detected: goto ldv_call_1; (CFACreationUtils.addEdgeToCFA, INFO)

line 12328: Dead code detected: goto ldv_call_1; (CFACreationUtils.addEdgeToCFA, INFO)

line 12329: Dead code detected: goto ldv_call_1; (CFACreationUtils.addEdgeToCFA, INFO)

line 12330: Dead code detected: goto ldv_call_1; (CFACreationUtils.addEdgeToCFA, INFO)

line 12441: Dead code detected: return; (CFACreationUtils.addEdgeToCFA, INFO)

line 12472: Dead code detected: return; (CFACreationUtils.addEdgeToCFA, INFO)

line 12549: Dead code detected: return; (CFACreationUtils.addEdgeToCFA, INFO)

line 12588: Dead code detected: return (arg0); (CFACreationUtils.addEdgeToCFA, INFO)

line 12589: Dead code detected: return (arg0); (CFACreationUtils.addEdgeToCFA, INFO)

line 12631: Dead code detected: return (arg0); (CFACreationUtils.addEdgeToCFA, INFO)

line 12666: Dead code detected: return; (CFACreationUtils.addEdgeToCFA, INFO)

line 12689: Dead code detected: return; (CFACreationUtils.addEdgeToCFA, INFO)

line 12722: Dead code detected: goto ldv_call_3; (CFACreationUtils.addEdgeToCFA, INFO)

line 12816: Dead code detected: return; (CFACreationUtils.addEdgeToCFA, INFO)

line 12851: Dead code detected: return; (CFACreationUtils.addEdgeToCFA, INFO)

line 12874: Dead code detected: return; (CFACreationUtils.addEdgeToCFA, INFO)

line 12907: Dead code detected: goto ldv_call_4; (CFACreationUtils.addEdgeToCFA, INFO)

line 13001: Dead code detected: return; (CFACreationUtils.addEdgeToCFA, INFO)

line 13039: Dead code detected: return; (CFACreationUtils.addEdgeToCFA, INFO)

line 13053: Dead code detected: return; (CFACreationUtils.addEdgeToCFA, INFO)

line 13268: Dead code detected: return (ldv_func_res); (CFACreationUtils.addEdgeToCFA, INFO)

line 13283: Dead code detected: return (ldv_func_res); (CFACreationUtils.addEdgeToCFA, INFO)

line 13311: Dead code detected: return (ldv_func_res); (CFACreationUtils.addEdgeToCFA, INFO)

line 13336: Dead code detected: return (ldv_func_res); (CFACreationUtils.addEdgeToCFA, INFO)

line 13401: Dead code detected: return (ldv_func_res); (CFACreationUtils.addEdgeToCFA, INFO)

line 13486: Dead code detected: return (ldv_func_res); (CFACreationUtils.addEdgeToCFA, INFO)

line 13523: Dead code detected: return (ldv_func_res); (CFACreationUtils.addEdgeToCFA, INFO)

Inline assembler ignored, analysis is probably unsound! (CFABuilder.createCFA, WARNING)

line 5865: Function pointer *(ops->alloc) with type void *(*)(struct device *, size_t , dma_addr_t *, gfp_t , struct dma_attrs *) is called, but no possible target functions were found. (CFunctionPointerResolver.getTargets, WARNING)

line 5904: Function pointer *(ops->free) with type void (*)(struct device *, size_t , void *, dma_addr_t , struct dma_attrs *) is called, but no possible target functions were found. (CFunctionPointerResolver.getTargets, WARNING)

line 5677: Function pointer *(ops->map_page) with type dma_addr_t (*)(struct device *, struct page *, unsigned long, size_t , enum dma_data_direction , struct dma_attrs *) is called, but no possible target functions were found. (CFunctionPointerResolver.getTargets, WARNING)

line 5751: Function pointer *(ops->sync_single_for_cpu) with type void (*)(struct device *, dma_addr_t , size_t , enum dma_data_direction ) is called, but no possible target functions were found. (CFunctionPointerResolver.getTargets, WARNING)

line 5788: Function pointer *(ops->sync_single_for_device) with type void (*)(struct device *, dma_addr_t , size_t , enum dma_data_direction ) is called, but no possible target functions were found. (CFunctionPointerResolver.getTargets, WARNING)

line 5714: Function pointer *(ops->unmap_page) with type void (*)(struct device *, dma_addr_t , size_t , enum dma_data_direction , struct dma_attrs *) is called, but no possible target functions were found. (CFunctionPointerResolver.getTargets, WARNING)

Using unsound approximation of ints with unbounded integers and floats with unbounded integers for encoding program semantics. (PredicateCPA:FormulaManagerView.<init>, WARNING)

Using predicate analysis with Princess 2023-04-07. (PredicateCPA:PredicateCPA.<init>, INFO)

Using unsound approximation of ints with unbounded integers and floats with unbounded integers for encoding program semantics. (AssumptionStorageCPA:FormulaManagerView.<init>, WARNING)

The following configuration options were specified but are not used:
 proveroptions.option 
 (CPAchecker.printConfigurationWarnings, WARNING)

Starting analysis ... (CPAchecker.runAlgorithm, INFO)

line 13008: Ignoring call via function pointer ldv_timer_instance_callback_5_2::arg0 for which no suitable target was found in line: (*arg0)(arg1); (TargetLocationProvider:FunctionPointerCPA:FunctionPointerTransferRelation.getAbstractSuccessorsForEdge, WARNING)

line 11669: Ignoring call via function pointer ldv_interrupt_instance_thread_0_3::arg0 for which no suitable target was found in line: (*arg0)(arg1, arg2); (TargetLocationProvider:FunctionPointerCPA:FunctionPointerTransferRelation.getAbstractSuccessorsForEdge, WARNING)

line 12384: Ignoring call via function pointer ldv_pci_instance_shutdown_2_3::arg0 for which no suitable target was found in line: (*arg0)(arg1); (TargetLocationProvider:FunctionPointerCPA:FunctionPointerTransferRelation.getAbstractSuccessorsForEdge, WARNING)

line 12375: Ignoring call via function pointer ldv_pci_instance_resume_early_2_6::arg0 for which no suitable target was found in line: (*arg0)(arg1); (TargetLocationProvider:FunctionPointerCPA:FunctionPointerTransferRelation.getAbstractSuccessorsForEdge, WARNING)

line 12406: Ignoring call via function pointer ldv_pci_instance_suspend_late_2_7::arg0 for which no suitable target was found in line: tmp = (*arg0)(arg1, arg2); (TargetLocationProvider:FunctionPointerCPA:FunctionPointerTransferRelation.getAbstractSuccessorsForEdge, WARNING)

Creating formula for program (AbstractBMCAlgorithm.run, INFO)

Exception in thread "main" org.sosy_lab.java_smt.basicimpl.GeneratorException: Modular Congruence is not available in SMTLIB2. 
	at org.sosy_lab.java_smt.basicimpl.AbstractNumeralFormulaManager.modularCongruence(AbstractNumeralFormulaManager.java:361)
	at org.sosy_lab.java_smt.solvers.princess.PrincessIntegerFormulaManager.modularCongruence(PrincessIntegerFormulaManager.java:22)
	at org.sosy_lab.cpachecker.util.predicates.smt.IntegerFormulaManagerView.modularCongruence(IntegerFormulaManagerView.java:35)
	at org.sosy_lab.cpachecker.util.predicates.smt.FormulaManagerView.makeModularCongruence(FormulaManagerView.java:688)
	at org.sosy_lab.cpachecker.util.predicates.smt.FormulaManagerView.makeModularCongruence(FormulaManagerView.java:670)
	at org.sosy_lab.cpachecker.util.predicates.pathformula.pointeraliasing.PointerTargetSetManager.makeBaseAddressConstraints(PointerTargetSetManager.java:653)
	at org.sosy_lab.cpachecker.util.predicates.pathformula.pointeraliasing.PointerTargetSetBuilder$RealPointerTargetSetBuilder.addNextBaseAddressConstraints(PointerTargetSetBuilder.java:286)
	at org.sosy_lab.cpachecker.util.predicates.pathformula.pointeraliasing.CToFormulaConverterWithPointerAliasing.declareSharedBase(CToFormulaConverterWithPointerAliasing.java:437)
	at org.sosy_lab.cpachecker.util.predicates.pathformula.pointeraliasing.CToFormulaConverterWithPointerAliasing.makeDeclaration(CToFormulaConverterWithPointerAliasing.java:1001)
	at org.sosy_lab.cpachecker.util.predicates.pathformula.ctoformula.CtoFormulaConverter.createFormulaForEdge(CtoFormulaConverter.java:1231)
	at org.sosy_lab.cpachecker.util.predicates.pathformula.ctoformula.CtoFormulaConverter.makeAnd(CtoFormulaConverter.java:1049)
	at org.sosy_lab.cpachecker.util.predicates.pathformula.PathFormulaManagerImpl.makeAnd(PathFormulaManagerImpl.java:246)
	at org.sosy_lab.cpachecker.util.predicates.pathformula.PathFormulaManagerImpl.makeAnd(PathFormulaManagerImpl.java:300)
	at org.sosy_lab.cpachecker.cpa.predicate.PredicateTransferRelation.convertEdgeToPathFormula(PredicateTransferRelation.java:203)
	at org.sosy_lab.cpachecker.cpa.predicate.PredicateTransferRelation.getAbstractSuccessorsForEdge(PredicateTransferRelation.java:113)
	at org.sosy_lab.cpachecker.cpa.composite.CompositeTransferRelation.callTransferRelation(CompositeTransferRelation.java:297)
	at org.sosy_lab.cpachecker.cpa.composite.CompositeTransferRelation.getAbstractSuccessorForSimpleEdge(CompositeTransferRelation.java:264)
	at org.sosy_lab.cpachecker.cpa.composite.CompositeTransferRelation.getAbstractSuccessorForEdge(CompositeTransferRelation.java:196)
	at org.sosy_lab.cpachecker.cpa.composite.CompositeTransferRelation.getAbstractSuccessors(CompositeTransferRelation.java:88)
	at org.sosy_lab.cpachecker.cpa.arg.ARGTransferRelation.getAbstractSuccessors(ARGTransferRelation.java:45)
	at org.sosy_lab.cpachecker.core.algorithm.CPAAlgorithm.handleState(CPAAlgorithm.java:334)
	at org.sosy_lab.cpachecker.core.algorithm.CPAAlgorithm.run0(CPAAlgorithm.java:289)
	at org.sosy_lab.cpachecker.core.algorithm.CPAAlgorithm.run(CPAAlgorithm.java:260)
	at org.sosy_lab.cpachecker.core.algorithm.bmc.BMCHelper.unroll(BMCHelper.java:192)
	at org.sosy_lab.cpachecker.core.algorithm.bmc.AbstractBMCAlgorithm.run(AbstractBMCAlgorithm.java:427)
	at org.sosy_lab.cpachecker.core.algorithm.bmc.BMCAlgorithm.run(BMCAlgorithm.java:130)
	at org.sosy_lab.cpachecker.core.CPAchecker.runAlgorithm(CPAchecker.java:507)
	at org.sosy_lab.cpachecker.core.CPAchecker.run(CPAchecker.java:369)
	at org.sosy_lab.cpachecker.cmdline.CPAMain.main(CPAMain.java:170)
