scripts/cpa.sh -heap 13000M -stack 50M -noout -benchmark -bmc -setprop cpa.predicate.useArraysForHeap=false -setprop cpa.predicate.memoryAllocationsAlwaysSucceed=true -setprop cpa.loopbound.maxLoopIterations=10 -setprop cpa.predicate.encodeFloatAs=INTEGER -setprop cpa.predicate.encodeBitvectorAs=INTEGER -setprop solver.solver=princess -timelimit 900s -stats -spec test/programs/benchmarks/properties/unreach-call.prp -32 test/programs/benchmarks/nla-digbench-scaling/cohendiv-ll_valuebound100.c


--------------------------------------------------------------------------------


Running CPAchecker with Java heap of size 13000M.
Running CPAchecker with Java stack of size 50M.
Language C detected and set for analysis (CPAMain.detectFrontendLanguageIfNecessary, INFO)

Using the following resource limits: CPU-time limit of 900s (ResourceLimitChecker.fromConfiguration, INFO)

CPAchecker 2.3.1-svn-45350M / bmc (OpenJDK 64-Bit Server VM 17.0.8.1) started (CPAchecker.run, INFO)

Parsing CFA from file(s) "test/programs/benchmarks/nla-digbench-scaling/cohendiv-ll_valuebound100.c" (CPAchecker.parse, INFO)

Using unsound approximation of ints with unbounded integers and floats with unbounded integers for encoding program semantics. (PredicateCPA:FormulaManagerView.<init>, WARNING)

Using predicate analysis with Princess 2023-04-07. (PredicateCPA:PredicateCPA.<init>, INFO)

Using unsound approximation of ints with unbounded integers and floats with unbounded integers for encoding program semantics. (AssumptionStorageCPA:FormulaManagerView.<init>, WARNING)

Starting analysis ... (CPAchecker.runAlgorithm, INFO)

Creating formula for program (AbstractBMCAlgorithm.run, INFO)

Starting satisfiability check... (AbstractBMCAlgorithm.boundedModelCheck, INFO)

Error found, creating error path (AbstractBMCAlgorithm.analyzeCounterexample0, INFO)

{__VERIFIER_assert::cond@2 -> 0, main::b@3 -> 0, main::a@3 -> 0, main::r@3 -> 100, main::q@3 -> 0, assume_abort_if_not::cond@4 -> 1, assume_abort_if_not::cond@3 -> 1, main::__CPAchecker_TMP_1@3 -> 1, main::y@3 -> 1, __VERIFIER_nondet_int!3@ -> 1, assume_abort_if_not::cond@2 -> 1, main::__CPAchecker_TMP_0@3 -> 1, main::x@3 -> 100, __VERIFIER_nondet_int!2@ -> 100, abbrev_14_def -> true, abbrev_14 -> true, Integer_*_(1, 0) -> 2, abbrev_144_def -> false, abbrev_144 -> false, abbrev_142_def -> false, abbrev_142 -> false, abbrev_140_def -> false, abbrev_140 -> false, abbrev_138_def -> false, abbrev_138 -> false, abbrev_136_def -> false, abbrev_136 -> false, abbrev_134_def -> false, abbrev_134 -> false, abbrev_132_def -> false, abbrev_132 -> false, abbrev_130_def -> false, abbrev_130 -> false, abbrev_128_def -> false, abbrev_128 -> false, abbrev_126_def -> false, abbrev_126 -> false, abbrev_124_def -> false, abbrev_124 -> false, abbrev_122_def -> false, abbrev_122 -> false, abbrev_120_def -> false, abbrev_120 -> false, abbrev_118_def -> false, abbrev_118 -> false, abbrev_116_def -> false, abbrev_116 -> false, abbrev_114_def -> false, abbrev_114 -> false, abbrev_112_def -> false, abbrev_112 -> false, abbrev_110_def -> false, abbrev_110 -> false, abbrev_108_def -> false, abbrev_108 -> false, abbrev_106_def -> false, abbrev_106 -> false, abbrev_104_def -> false, abbrev_104 -> false, abbrev_102_def -> false, abbrev_102 -> false, abbrev_100_def -> false, abbrev_100 -> false, abbrev_98_def -> false, abbrev_98 -> false, abbrev_96_def -> false, abbrev_96 -> false, abbrev_94_def -> false, abbrev_94 -> false, abbrev_92_def -> false, abbrev_92 -> false, abbrev_90_def -> false, abbrev_90 -> false, abbrev_88_def -> false, abbrev_88 -> false, abbrev_86_def -> false, abbrev_86 -> false, abbrev_84_def -> false, abbrev_84 -> false, abbrev_82_def -> false, abbrev_82 -> false, abbrev_80_def -> false, abbrev_80 -> false, abbrev_78_def -> false, abbrev_78 -> false, abbrev_76_def -> false, abbrev_76 -> false, abbrev_74_def -> false, abbrev_74 -> false, abbrev_72_def -> false, abbrev_72 -> false, abbrev_70_def -> false, abbrev_70 -> false, abbrev_68_def -> false, abbrev_68 -> false, abbrev_66_def -> false, abbrev_66 -> false, abbrev_64_def -> false, abbrev_64 -> false, abbrev_62_def -> false, abbrev_62 -> false, abbrev_60_def -> false, abbrev_60 -> false, abbrev_58_def -> false, abbrev_58 -> false, abbrev_56_def -> false, abbrev_56 -> false, abbrev_54_def -> false, abbrev_54 -> false, abbrev_52_def -> false, abbrev_52 -> false, abbrev_50_def -> false, abbrev_50 -> false, abbrev_48_def -> false, abbrev_48 -> false, abbrev_46_def -> false, abbrev_46 -> false, abbrev_44_def -> false, abbrev_44 -> false, abbrev_42_def -> false, abbrev_42 -> false, abbrev_40_def -> false, abbrev_40 -> false, abbrev_38_def -> false, abbrev_38 -> false, abbrev_36_def -> false, abbrev_36 -> false, abbrev_34_def -> false, abbrev_34 -> false, abbrev_32_def -> false, abbrev_32 -> false, abbrev_30_def -> false, abbrev_30 -> false, abbrev_28_def -> false, abbrev_28 -> false, abbrev_26_def -> false, abbrev_26 -> false, abbrev_24_def -> false, abbrev_24 -> false, abbrev_22_def -> false, abbrev_22 -> false, abbrev_20_def -> false, abbrev_20 -> false, abbrev_18_def -> false, abbrev_18 -> false, abbrev_16_def -> false, abbrev_16 -> false}
{assume_abort_if_not::cond@6 -> 1, main::y@4 -> 1, main::__CPAchecker_TMP_1@3 -> 1, main::x@3 -> 100, assume_abort_if_not::cond@2 -> 1, assume_abort_if_not::cond@4 -> 1, main::__CPAchecker_TMP_0@3 -> 1, __VERIFIER_nondet_int!2@ -> 100, main::b@6 -> 0, __VERIFIER_nondet_int!3@ -> 1, main::r@6 -> 100, main::a@6 -> 0, __VERIFIER_assert::cond@2 -> 0, main::q@6 -> 0, Integer_*_(1, 0) -> 2}
[assume_abort_if_not::cond@6: 1, main::y@4: 1, main::__CPAchecker_TMP_1@3: 1, main::x@3: 100, assume_abort_if_not::cond@2: 1, assume_abort_if_not::cond@4: 1, main::__CPAchecker_TMP_0@3: 1, __VERIFIER_nondet_int!2@: 100, main::b@6: 0, __VERIFIER_nondet_int!3@: 1, main::r@6: 100, main::a@6: 0, __VERIFIER_assert::cond@2: 0, main::q@6: 0, Integer_*_(1, 0): 2]
Stopping analysis ... (CPAchecker.runAlgorithm, INFO)


PredicateCPA statistics
-----------------------
Number of abstractions:            385 (9% of all post computations)
  Times abstraction was reused:    0
  Because of function entry/exit:  0 (0%)
  Because of loop head:            0 (0%)
  Because of join nodes:           0 (0%)
  Because of threshold:            0 (0%)
  Because of target state:         385 (100%)
  Times precision was empty:       385 (100%)
  Times precision was {false}:     0 (0%)
  Times result was cached:         0 (0%)
  Times cartesian abs was used:    0 (0%)
  Times boolean abs was used:      0 (0%)
  Times result was 'false':        0 (0%)
Number of strengthen sat checks:   0
Number of coverage checks:         98
  BDD entailment checks:           0
Number of SMT sat checks:          0
  trivial:                         0
  cached:                          0

Max ABE block size:                       188
Avg ABE block size:                                121.47 (sum: 46765, count: 385, min: 28, max: 188)
Number of predicates discovered:          0

Time for post operator:                                0.566s
  Time for path formula creation:                      0.545s
Time for strengthen operator:                          0.031s
Time for prec operator:                                0.063s
  Time for abstraction:                  0.011s (Max:     0.001s, Count: 385)
    Solving time:                        0.000s (Max:     0.000s)
    Model enumeration time:              0.000s
    Time for BDD construction:           0.000s (Max:     0.000s)
Time for merge operator:                               0.005s
Time for coverage checks:                              0.000s
Total time for SMT solver (w/o itp):     0.000s

Total number of created targets for pointer analysis: 0



KeyValue statistics
-------------------
Init. function predicates:                         0
Init. global predicates:                           0
Init. location predicates:                         0

Invariant Generation statistics
-------------------------------

Bounds CPA statistics
---------------------
Bound k:                                           10
Maximum loop iteration reached:                    11


ValueAnalysisCPA statistics
---------------------------
Number of variables per state:                     1.00 (sum: 4062, count: 4076, min: 0, max: 4)
Number of global variables per state:              0.00 (sum: 0, count: 4076, min: 0, max: 0)
Number of assumptions:                                 1004
Number of deterministic assumptions:                      0
Level of Determinism:                              0%

ValueAnalysisPrecisionAdjustment statistics
-------------------------------------------
Number of abstraction computations:                    4124
Total time for liveness abstraction:                   0.000s
Total time for abstraction computation:                0.036s
Total time for path thresholds:                        0.000s

ConstraintsStrengthenOperator statistics
----------------------------------------
Total time for strengthening by ConstraintsCPA:     0.000s
Replaced symbolic expressions: 0

AutomatonAnalysis (SVCOMP) statistics
-------------------------------------
Number of states:                                  1
Total time for successor computation:                  0.113s
Automaton transfers with branching:                0
Automaton transfer successors:                     0.91 (sum: 4124, count: 4512, min: 0, max: 1) [0 x 388, 1 x 4124]
Number of states with assumption transitions:      0

CPA algorithm statistics
------------------------
Number of iterations:            4076
Max size of waitlist:            22
Average size of waitlist:        11
LoopstackSortedWaitlist:                           1.06 (sum: 2091, count: 1979, min: 0, max: 1314)
ReversePostorderSortedWaitlist:                    0.30 (sum: 594, count: 1992, min: 0, max: 117)
LoopIterationSortedWaitlist:                       1.05 (sum: 2078, count: 1979, min: 0, max: 1301)
CallstackSortedWaitlist:                           2097.00 (sum: 2097, count: 1, min: 2097, max: 2097)
Number of computed successors:   4124
Max successors for one state:    2
Number of times merged:          49
Number of times stopped:         49
Number of times breaked:         0

Total time for CPA algorithm:         1.555s (Max:     1.555s)
  Time for choose from waitlist:      0.052s
  Time for precision adjustment:      0.245s
  Time for transfer relation:         1.103s
  Time for merge operator:            0.011s
  Time for stop operator:             0.026s
  Time for adding to reached set:     0.059s

BMC algorithm statistics
------------------------
Time for BMC formula creation:                       1.557s
Time for final sat check:                          390.220s
Time for error-path creation:                        0.086s
Time for error-path post-processing:                 0.441s

CPAchecker general statistics
-----------------------------
Number of program locations:                       78
Number of CFA edges (per node):                          87 (count: 78, min: 0, max: 7, avg: 1.12)
Number of relevant variables:                      10
Number of functions:                               4
Number of loops (and loop nodes):                         2 (sum: 29, min: 9, max: 20, avg: 14.50)
Size of reached set:             4076
  Number of reached locations:   71 (91%)
    Avg states per location:     57
    Max states per location:     385 (at node N1)
  Number of reached functions:   4 (100%)
  Number of partitions:          4076
    Avg size of partitions:      1
    Max size of partitions:      1
  Number of target states:       385

Time for analysis setup:          2.117s
  Time for loading CPAs:          1.230s
  Time for loading parser:        0.267s
  Time for CFA construction:      0.554s
    Time for parsing file(s):     0.310s
    Time for AST to CFA:          0.113s
    Time for CFA sanity check:    0.000s
    Time for post-processing:     0.088s
    Time for loop structure:      0.007s
    Time for AST structure:       0.000s
      Time for function pointers resolving:            0.003s
        Function calls via function pointers:             0 (count: 1, min: 0, max: 0, avg: 0.00)
        Instrumented function pointer calls:              0 (count: 1, min: 0, max: 0, avg: 0.00)
        Function calls with function pointer arguments:        0 (count: 1, min: 0, max: 0, avg: 0.00)
        Instrumented function pointer arguments:          0 (count: 1, min: 0, max: 0, avg: 0.00)
      Time for classifying variables:                  0.052s
        Time for collecting variables:                 0.030s
        Time for solving dependencies:                 0.001s
        Time for building hierarchy:                   0.000s
        Time for building classification:              0.021s
        Time for exporting data:                       0.000s
Time for Analysis:              392.406s
CPU time for analysis:          404.050s
Time for analyzing result:        0.007s
Total time for CPAchecker:      394.525s
Total CPU time for CPAchecker:  408.090s
Time for statistics:              0.092s

Time for Garbage Collector:       0.325s (in 124 runs)
Garbage Collector(s) used:    G1 Old Generation, G1 Young Generation

Verification result: FALSE. Property violation (unreach-call: reach_error(); called in line 17) found by chosen configuration.
More details about the verification run can be found in the directory "./output".
