scripts/cpa.sh -heap 13000M -stack 50M -noout -benchmark -bmc -setprop cpa.predicate.useArraysForHeap=false -setprop cpa.predicate.memoryAllocationsAlwaysSucceed=true -setprop cpa.loopbound.maxLoopIterations=10 -setprop cpa.predicate.encodeFloatAs=INTEGER -setprop cpa.predicate.encodeBitvectorAs=INTEGER -setprop solver.solver=princess_binary -setprop proveroptions.option=use_binary -timelimit 900s -stats -spec test/programs/benchmarks/properties/unreach-call.prp -32 test/programs/benchmarks/unsignedintegeroverflow-sas23/bilinear_interpolation.i


--------------------------------------------------------------------------------


Running CPAchecker with Java heap of size 13000M.
Running CPAchecker with Java stack of size 50M.
Language C detected and set for analysis (CPAMain.detectFrontendLanguageIfNecessary, INFO)

Using the following resource limits: CPU-time limit of 900s (ResourceLimitChecker.fromConfiguration, INFO)

CPAchecker 2.3.1-svn-45350M / bmc (OpenJDK 64-Bit Server VM 17.0.8.1) started (CPAchecker.run, INFO)

Parsing CFA from file(s) "test/programs/benchmarks/unsignedintegeroverflow-sas23/bilinear_interpolation.i" (CPAchecker.parse, INFO)

Using unsound approximation of ints with unbounded integers and floats with unbounded integers for encoding program semantics. (PredicateCPA:FormulaManagerView.<init>, WARNING)

Using predicate analysis with Princess 2023-04-07. (PredicateCPA:PredicateCPA.<init>, INFO)

Using unsound approximation of ints with unbounded integers and floats with unbounded integers for encoding program semantics. (AssumptionStorageCPA:FormulaManagerView.<init>, WARNING)

The following configuration options were specified but are not used:
 proveroptions.option 
 (CPAchecker.printConfigurationWarnings, WARNING)

Starting analysis ... (CPAchecker.runAlgorithm, INFO)

Creating formula for program (AbstractBMCAlgorithm.run, INFO)

Starting satisfiability check... (AbstractBMCAlgorithm.boundedModelCheck, INFO)

Error found, creating error path (AbstractBMCAlgorithm.analyzeCounterexample0, INFO)

{__VERIFIER_assert::cond@2 -> 0, main::__CPAchecker_TMP_0@3 -> 0, main::r@2 -> 0, main::z11@3 -> -1, __VERIFIER_nondet_int!11@ -> -1, main::z10@3 -> 0, __VERIFIER_nondet_int!10@ -> 0, main::z01@3 -> -1, __VERIFIER_nondet_int!9@ -> -1, main::z00@3 -> -1, __VERIFIER_nondet_int!8@ -> -1, main::y1@3 -> 2, __VERIFIER_nondet_int!7@ -> 2, main::y@3 -> 1, __VERIFIER_nondet_int!6@ -> 1, main::y0@3 -> 0, __VERIFIER_nondet_int!5@ -> 0, main::x1@3 -> 3, __VERIFIER_nondet_int!4@ -> 3, main::x@3 -> 3, __VERIFIER_nondet_int!3@ -> 3, main::x0@3 -> 0, __VERIFIER_nondet_int!2@ -> 0, abbrev_14_def -> true, abbrev_14 -> true, Integer_/_(-2, 3) -> -15, Integer_/_(-2, 2) -> 5, Integer_/_(-1, 3) -> 4, Integer_/_(-1, 2) -> 7, Integer_*_(-15, 3) -> -2, Integer_*_(7, 2) -> -1, Integer_*_(5, 2) -> -3, Integer_*_(4, 3) -> -2, Integer_*_(3, 6) -> -1, Integer_*_(1, -1) -> -2, Integer_*_(1, 0) -> -1, Integer_*_(0, 7) -> -1, Integer_*_(0, 6) -> -2}
{__VERIFIER_nondet_int!11@ -> 0, main::__CPAchecker_TMP_0@3 -> 0, main::x0@3 -> -1, main::x1@3 -> 0, __VERIFIER_nondet_int!6@ -> 0, main::y@3 -> 0, __VERIFIER_nondet_int!4@ -> 0, main::x@3 -> 0, __VERIFIER_nondet_int!8@ -> -1, main::r@2 -> 0, __VERIFIER_nondet_int!2@ -> -1, main::z00@3 -> -1, main::z01@3 -> -1, __VERIFIER_nondet_int!10@ -> -1, main::y0@3 -> -2, main::y1@3 -> 0, __VERIFIER_nondet_int!5@ -> -2, __VERIFIER_nondet_int!3@ -> 0, __VERIFIER_nondet_int!9@ -> -1, __VERIFIER_nondet_int!7@ -> 0, __VERIFIER_assert::cond@2 -> 0, main::z10@3 -> -1, main::z11@3 -> 0, Integer_/_(-3, 2) -> 7, Integer_/_(-2, 2) -> 3, Integer_/_(-2, 1) -> 5, Integer_/_(-1, 1) -> -18, Integer_/_(0, 1) -> 6, Integer_*_(-18, 1) -> -1, Integer_*_(7, 2) -> -2, Integer_*_(5, 1) -> -3, Integer_*_(3, 2) -> -3, Integer_*_(2, -1) -> -3, Integer_*_(2, 0) -> -3, Integer_*_(1, 8) -> -1, Integer_*_(1, 4) -> 0, Integer_*_(0, 8) -> -2, Integer_*_(0, 4) -> -2, Integer_*_(0, -1) -> -2}
[__VERIFIER_nondet_int!11@: 0, main::__CPAchecker_TMP_0@3: 0, main::x0@3: -1, main::x1@3: 0, __VERIFIER_nondet_int!6@: 0, main::y@3: 0, __VERIFIER_nondet_int!4@: 0, main::x@3: 0, __VERIFIER_nondet_int!8@: -1, main::r@2: 0, __VERIFIER_nondet_int!2@: -1, main::z00@3: -1, main::z01@3: -1, __VERIFIER_nondet_int!10@: -1, main::y0@3: -2, main::y1@3: 0, __VERIFIER_nondet_int!5@: -2, __VERIFIER_nondet_int!3@: 0, __VERIFIER_nondet_int!9@: -1, __VERIFIER_nondet_int!7@: 0, __VERIFIER_assert::cond@2: 0, main::z10@3: -1, main::z11@3: 0, Integer_/_(-3, 2): 7, Integer_/_(-2, 2): 3, Integer_/_(-2, 1): 5, Integer_/_(-1, 1): -18, Integer_/_(0, 1): 6, Integer_*_(-18, 1): -1, Integer_*_(7, 2): -2, Integer_*_(5, 1): -3, Integer_*_(3, 2): -3, Integer_*_(2, -1): -3, Integer_*_(2, 0): -3, Integer_*_(1, 8): -1, Integer_*_(1, 4): 0, Integer_*_(0, 8): -2, Integer_*_(0, 4): -2, Integer_*_(0, -1): -2]
Stopping analysis ... (CPAchecker.runAlgorithm, INFO)


PredicateCPA statistics
-----------------------
Number of abstractions:            1 (2% of all post computations)
  Times abstraction was reused:    0
  Because of function entry/exit:  0 (0%)
  Because of loop head:            0 (0%)
  Because of join nodes:           0 (0%)
  Because of threshold:            0 (0%)
  Because of target state:         1 (100%)
  Times precision was empty:       1 (100%)
  Times precision was {false}:     0 (0%)
  Times result was cached:         0 (0%)
  Times cartesian abs was used:    0 (0%)
  Times boolean abs was used:      0 (0%)
  Times result was 'false':        0 (0%)
Number of strengthen sat checks:   0
Number of coverage checks:         14
  BDD entailment checks:           0
Number of SMT sat checks:          0
  trivial:                         0
  cached:                          0

Max ABE block size:                       33
Avg ABE block size:                                33.00 (sum: 33, count: 1, min: 33, max: 33)
Number of predicates discovered:          0

Time for post operator:                                0.095s
  Time for path formula creation:                      0.095s
Time for strengthen operator:                          0.004s
Time for prec operator:                                0.001s
  Time for abstraction:                  0.000s (Max:     0.000s, Count: 1)
    Solving time:                        0.000s (Max:     0.000s)
    Model enumeration time:              0.000s
    Time for BDD construction:           0.000s (Max:     0.000s)
Time for merge operator:                               0.002s
Time for coverage checks:                              0.000s
Total time for SMT solver (w/o itp):     0.000s

Total number of created targets for pointer analysis: 0



KeyValue statistics
-------------------
Init. function predicates:                         0
Init. global predicates:                           0
Init. location predicates:                         0

Invariant Generation statistics
-------------------------------

Bounds CPA statistics
---------------------
Bound k:                                           10
Maximum loop iteration reached:                    0


ValueAnalysisCPA statistics
---------------------------
Number of variables per state:                     0.08 (sum: 4, count: 53, min: 0, max: 1)
Number of global variables per state:              0.00 (sum: 0, count: 53, min: 0, max: 0)
Number of assumptions:                                   18
Number of deterministic assumptions:                      0
Level of Determinism:                              0%

ValueAnalysisPrecisionAdjustment statistics
-------------------------------------------
Number of abstraction computations:                      59
Total time for liveness abstraction:                   0.000s
Total time for abstraction computation:                0.001s
Total time for path thresholds:                        0.000s

ConstraintsStrengthenOperator statistics
----------------------------------------
Total time for strengthening by ConstraintsCPA:     0.000s
Replaced symbolic expressions: 0

AutomatonAnalysis (SVCOMP) statistics
-------------------------------------
Number of states:                                  1
Total time for successor computation:                  0.003s
Automaton transfers with branching:                0
Automaton transfer successors:                     0.97 (sum: 59, count: 61, min: 0, max: 1) [0 x 2, 1 x 59]
Number of states with assumption transitions:      0

CPA algorithm statistics
------------------------
Number of iterations:            53
Max size of waitlist:            2
Average size of waitlist:        1
LoopstackSortedWaitlist:                           0.07 (sum: 3, count: 42, min: 0, max: 2)
ReversePostorderSortedWaitlist:                    0.00 (sum: 0, count: 42, min: 0, max: 0)
LoopIterationSortedWaitlist:                       0.07 (sum: 3, count: 42, min: 0, max: 2)
CallstackSortedWaitlist:                           11.00 (sum: 11, count: 1, min: 11, max: 11)
Number of computed successors:   59
Max successors for one state:    2
Number of times merged:          7
Number of times stopped:         7
Number of times breaked:         0

Total time for CPA algorithm:         0.180s (Max:     0.180s)
  Time for choose from waitlist:      0.010s
  Time for precision adjustment:      0.014s
  Time for transfer relation:         0.139s
  Time for merge operator:            0.009s
  Time for stop operator:             0.002s
  Time for adding to reached set:     0.004s

BMC algorithm statistics
------------------------
Time for BMC formula creation:                       0.182s
Time for final sat check:                           11.520s
Time for error-path creation:                        0.186s
Time for error-path post-processing:                 4.454s

CPAchecker general statistics
-----------------------------
Number of program locations:                       65
Number of CFA edges (per node):                          64 (count: 65, min: 0, max: 2, avg: 0.98)
Number of relevant variables:                      13
Number of functions:                               3
Number of loops (and loop nodes):                         0 (sum: 0, min: 0, max: 0, avg: 0.00)
Size of reached set:             53
  Number of reached locations:   53 (82%)
    Avg states per location:     1
    Max states per location:     1 (at node N1)
  Number of reached functions:   3 (100%)
  Number of partitions:          53
    Avg size of partitions:      1
    Max size of partitions:      1
  Number of target states:       1

Time for analysis setup:          2.132s
  Time for loading CPAs:          1.197s
  Time for loading parser:        0.195s
  Time for CFA construction:      0.673s
    Time for parsing file(s):     0.387s
    Time for AST to CFA:          0.143s
    Time for CFA sanity check:    0.000s
    Time for post-processing:     0.088s
    Time for loop structure:      0.002s
    Time for AST structure:       0.000s
      Time for function pointers resolving:            0.003s
        Function calls via function pointers:             0 (count: 1, min: 0, max: 0, avg: 0.00)
        Instrumented function pointer calls:              0 (count: 1, min: 0, max: 0, avg: 0.00)
        Function calls with function pointer arguments:        0 (count: 1, min: 0, max: 0, avg: 0.00)
        Instrumented function pointer arguments:          0 (count: 1, min: 0, max: 0, avg: 0.00)
      Time for classifying variables:                  0.055s
        Time for collecting variables:                 0.033s
        Time for solving dependencies:                 0.000s
        Time for building hierarchy:                   0.000s
        Time for building classification:              0.022s
        Time for exporting data:                       0.000s
Time for Analysis:               16.424s
CPU time for analysis:           32.490s
Time for analyzing result:        0.000s
Total time for CPAchecker:       18.557s
Total CPU time for CPAchecker:   36.650s
Time for statistics:              0.066s

Time for Garbage Collector:       0.519s (in 28 runs)
Garbage Collector(s) used:    G1 Old Generation, G1 Young Generation

Verification result: FALSE. Property violation (unreach-call: reach_error(); called in line 19) found by chosen configuration.
More details about the verification run can be found in the directory "./output".
