scripts/cpa.sh -heap 13000M -stack 50M -noout -benchmark -bmc -setprop cpa.predicate.useArraysForHeap=false -setprop cpa.predicate.memoryAllocationsAlwaysSucceed=true -setprop cpa.loopbound.maxLoopIterations=10 -setprop cpa.predicate.encodeFloatAs=INTEGER -setprop cpa.predicate.encodeBitvectorAs=INTEGER -setprop solver.solver=princess_binary -setprop proveroptions.option=use_binary -timelimit 900s -stats -spec test/programs/benchmarks/properties/unreach-call.prp -32 test/programs/benchmarks/nla-digbench-scaling/geo1-u_valuebound100.c


--------------------------------------------------------------------------------


Running CPAchecker with Java heap of size 13000M.
Running CPAchecker with Java stack of size 50M.
Language C detected and set for analysis (CPAMain.detectFrontendLanguageIfNecessary, INFO)

Using the following resource limits: CPU-time limit of 900s (ResourceLimitChecker.fromConfiguration, INFO)

CPAchecker 2.3.1-svn-45350M / bmc (OpenJDK 64-Bit Server VM 17.0.8.1) started (CPAchecker.run, INFO)

Parsing CFA from file(s) "test/programs/benchmarks/nla-digbench-scaling/geo1-u_valuebound100.c" (CPAchecker.parse, INFO)

Using unsound approximation of ints with unbounded integers and floats with unbounded integers for encoding program semantics. (PredicateCPA:FormulaManagerView.<init>, WARNING)

Using predicate analysis with Princess 2023-04-07. (PredicateCPA:PredicateCPA.<init>, INFO)

Using unsound approximation of ints with unbounded integers and floats with unbounded integers for encoding program semantics. (AssumptionStorageCPA:FormulaManagerView.<init>, WARNING)

The following configuration options were specified but are not used:
 proveroptions.option 
 (CPAchecker.printConfigurationWarnings, WARNING)

Starting analysis ... (CPAchecker.runAlgorithm, INFO)

Creating formula for program (AbstractBMCAlgorithm.run, INFO)

Starting satisfiability check... (AbstractBMCAlgorithm.boundedModelCheck, INFO)

Error found, creating error path (AbstractBMCAlgorithm.analyzeCounterexample0, INFO)

{main::y@12 -> 38, main::c@12 -> 10, __VERIFIER_assert::cond@11 -> 0, main::x@12 -> 2, main::y@11 -> -40, main::c@11 -> 9, __VERIFIER_assert::cond@10 -> 1, main::x@11 -> 42, main::y@10 -> 38, main::c@10 -> 8, __VERIFIER_assert::cond@9 -> 1, main::x@10 -> 4, main::y@9 -> -40, main::c@9 -> 7, __VERIFIER_assert::cond@8 -> 1, main::x@9 -> 44, main::y@8 -> 38, main::c@8 -> 6, __VERIFIER_assert::cond@7 -> 1, main::x@8 -> 6, main::y@7 -> -40, main::c@7 -> 5, __VERIFIER_assert::cond@6 -> 1, main::x@7 -> 46, main::y@6 -> 38, main::c@6 -> 4, __VERIFIER_assert::cond@5 -> 1, main::x@6 -> 8, main::y@5 -> -40, main::c@5 -> 3, __VERIFIER_assert::cond@4 -> 1, main::x@5 -> 48, main::y@4 -> 3, main::c@4 -> 2, __VERIFIER_assert::cond@3 -> 1, main::x@4 -> 45, __VERIFIER_assert::cond@2 -> 1, main::c@3 -> 1, main::y@3 -> 44, main::x@3 -> 1, assume_abort_if_not::cond@3 -> 1, main::__CPAchecker_TMP_1@3 -> 1, main::k@3 -> 100, __VERIFIER_nondet_uint!3@ -> 100, assume_abort_if_not::cond@2 -> 1, main::__CPAchecker_TMP_0@3 -> 1, main::z@3 -> 44, __VERIFIER_nondet_uint!2@ -> 44, abbrev_22_def -> true, abbrev_22 -> true, abbrev_20_def -> true, abbrev_20 -> true, abbrev_18_def -> true, abbrev_18 -> true, abbrev_16_def -> true, abbrev_16 -> true, abbrev_14_def -> true, abbrev_14 -> true, Integer_*_(48, 44) -> 7, Integer_*_(46, 44) -> 5, Integer_*_(45, 44) -> 47, Integer_*_(44, 44) -> 3, Integer_*_(42, 44) -> 1, Integer_*_(-40, 44) -> 38, Integer_*_(38, 44) -> -40, Integer_*_(8, 44) -> 45, Integer_*_(6, 44) -> 43, Integer_*_(4, 44) -> 41, Integer_*_(3, 44) -> -40, Integer_*_(2, 44) -> 40, Integer_*_(1, 44) -> 44}
{__VERIFIER_assert::cond@20 -> 0, main::y@23 -> -254, main::x@23 -> 1, main::c@23 -> 10, __VERIFIER_assert::cond@18 -> 1, main::y@21 -> 101, main::x@21 -> -100, main::c@21 -> 9, __VERIFIER_assert::cond@16 -> 1, main::y@19 -> -49, main::x@19 -> -51, main::c@19 -> 8, __VERIFIER_assert::cond@14 -> 1, main::y@17 -> -254, main::x@17 -> 203, main::c@17 -> 7, main::y@15 -> 101, main::x@15 -> 102, main::c@15 -> 6, assume_abort_if_not::cond@4 -> 1, main::k@4 -> 100, main::x@11 -> -151, main::__CPAchecker_TMP_1@3 -> 1, main::x@9 -> -253, main::x@13 -> 51, main::x@5 -> 1, main::z@3 -> 100, main::x@7 -> 101, main::y@11 -> 202, main::y@13 -> 51, main::c@5 -> 1, assume_abort_if_not::cond@2 -> 1, __VERIFIER_nondet_uint!2@ -> 100, __VERIFIER_assert::cond@6 -> 1, __VERIFIER_assert::cond@4 -> 1, __VERIFIER_assert::cond@2 -> 1, __VERIFIER_assert::cond@8 -> 1, main::y@9 -> 102, main::__CPAchecker_TMP_0@3 -> 1, main::y@5 -> 100, main::y@7 -> -354, __VERIFIER_nondet_uint!3@ -> 100, main::c@9 -> 3, main::c@7 -> 2, __VERIFIER_assert::cond@12 -> 1, main::c@13 -> 5, __VERIFIER_assert::cond@10 -> 1, main::c@11 -> 4, Integer_*_(-354, 100) -> 102, Integer_*_(-254, 100) -> -49, Integer_*_(-253, 100) -> -152, Integer_*_(203, 100) -> -52, Integer_*_(202, 100) -> 51, Integer_*_(-151, 100) -> 50, Integer_*_(102, 100) -> 202, Integer_*_(101, 100) -> -254, Integer_*_(-100, 100) -> 0, Integer_*_(100, 100) -> -354, Integer_*_(-51, 100) -> -101, Integer_*_(51, 100) -> 101, Integer_*_(-49, 100) -> 101, Integer_*_(1, 100) -> 100}
[__VERIFIER_assert::cond@20: 0, main::y@23: -254, main::x@23: 1, main::c@23: 10, __VERIFIER_assert::cond@18: 1, main::y@21: 101, main::x@21: -100, main::c@21: 9, __VERIFIER_assert::cond@16: 1, main::y@19: -49, main::x@19: -51, main::c@19: 8, __VERIFIER_assert::cond@14: 1, main::y@17: -254, main::x@17: 203, main::c@17: 7, main::y@15: 101, main::x@15: 102, main::c@15: 6, assume_abort_if_not::cond@4: 1, main::k@4: 100, main::x@11: -151, main::__CPAchecker_TMP_1@3: 1, main::x@9: -253, main::x@13: 51, main::x@5: 1, main::z@3: 100, main::x@7: 101, main::y@11: 202, main::y@13: 51, main::c@5: 1, assume_abort_if_not::cond@2: 1, __VERIFIER_nondet_uint!2@: 100, __VERIFIER_assert::cond@6: 1, __VERIFIER_assert::cond@4: 1, __VERIFIER_assert::cond@2: 1, __VERIFIER_assert::cond@8: 1, main::y@9: 102, main::__CPAchecker_TMP_0@3: 1, main::y@5: 100, main::y@7: -354, __VERIFIER_nondet_uint!3@: 100, main::c@9: 3, main::c@7: 2, __VERIFIER_assert::cond@12: 1, main::c@13: 5, __VERIFIER_assert::cond@10: 1, main::c@11: 4, Integer_*_(-354, 100): 102, Integer_*_(-254, 100): -49, Integer_*_(-253, 100): -152, Integer_*_(203, 100): -52, Integer_*_(202, 100): 51, Integer_*_(-151, 100): 50, Integer_*_(102, 100): 202, Integer_*_(101, 100): -254, Integer_*_(-100, 100): 0, Integer_*_(100, 100): -354, Integer_*_(-51, 100): -101, Integer_*_(51, 100): 101, Integer_*_(-49, 100): 101, Integer_*_(1, 100): 100]
Stopping analysis ... (CPAchecker.runAlgorithm, INFO)


PredicateCPA statistics
-----------------------
Number of abstractions:            20 (6% of all post computations)
  Times abstraction was reused:    0
  Because of function entry/exit:  0 (0%)
  Because of loop head:            0 (0%)
  Because of join nodes:           0 (0%)
  Because of threshold:            0 (0%)
  Because of target state:         20 (100%)
  Times precision was empty:       20 (100%)
  Times precision was {false}:     0 (0%)
  Times result was cached:         0 (0%)
  Times cartesian abs was used:    0 (0%)
  Times boolean abs was used:      0 (0%)
  Times result was 'false':        0 (0%)
Number of strengthen sat checks:   0
Number of coverage checks:         8
  BDD entailment checks:           0
Number of SMT sat checks:          0
  trivial:                         0
  cached:                          0

Max ABE block size:                       82
Avg ABE block size:                                53.00 (sum: 1060, count: 20, min: 24, max: 82)
Number of predicates discovered:          0

Time for post operator:                                0.134s
  Time for path formula creation:                      0.134s
Time for strengthen operator:                          0.002s
Time for prec operator:                                0.003s
  Time for abstraction:                  0.001s (Max:     0.001s, Count: 20)
    Solving time:                        0.000s (Max:     0.000s)
    Model enumeration time:              0.000s
    Time for BDD construction:           0.000s (Max:     0.000s)
Time for merge operator:                               0.002s
Time for coverage checks:                              0.000s
Total time for SMT solver (w/o itp):     0.000s

Total number of created targets for pointer analysis: 0



KeyValue statistics
-------------------
Init. function predicates:                         0
Init. global predicates:                           0
Init. location predicates:                         0

Invariant Generation statistics
-------------------------------

Bounds CPA statistics
---------------------
Bound k:                                           10
Maximum loop iteration reached:                    11


ValueAnalysisCPA statistics
---------------------------
Number of variables per state:                     1.13 (sum: 341, count: 303, min: 0, max: 3)
Number of global variables per state:              0.00 (sum: 0, count: 303, min: 0, max: 0)
Number of assumptions:                                   72
Number of deterministic assumptions:                      0
Level of Determinism:                              0%

ValueAnalysisPrecisionAdjustment statistics
-------------------------------------------
Number of abstraction computations:                     306
Total time for liveness abstraction:                   0.000s
Total time for abstraction computation:                0.007s
Total time for path thresholds:                        0.000s

ConstraintsStrengthenOperator statistics
----------------------------------------
Total time for strengthening by ConstraintsCPA:     0.000s
Replaced symbolic expressions: 0

AutomatonAnalysis (SVCOMP) statistics
-------------------------------------
Number of states:                                  1
Total time for successor computation:                  0.019s
Automaton transfers with branching:                0
Automaton transfer successors:                     0.93 (sum: 306, count: 328, min: 0, max: 1) [0 x 22, 1 x 306]
Number of states with assumption transitions:      0

CPA algorithm statistics
------------------------
Number of iterations:            303
Max size of waitlist:            3
Average size of waitlist:        1
LoopstackSortedWaitlist:                           0.45 (sum: 92, count: 205, min: 0, max: 5)
ReversePostorderSortedWaitlist:                    0.00 (sum: 0, count: 205, min: 0, max: 0)
LoopIterationSortedWaitlist:                       0.45 (sum: 92, count: 205, min: 0, max: 5)
CallstackSortedWaitlist:                           98.00 (sum: 98, count: 1, min: 98, max: 98)
Number of computed successors:   306
Max successors for one state:    2
Number of times merged:          4
Number of times stopped:         4
Number of times breaked:         0

Total time for CPA algorithm:         0.316s (Max:     0.316s)
  Time for choose from waitlist:      0.009s
  Time for precision adjustment:      0.039s
  Time for transfer relation:         0.239s
  Time for merge operator:            0.005s
  Time for stop operator:             0.005s
  Time for adding to reached set:     0.011s

BMC algorithm statistics
------------------------
Time for BMC formula creation:                       0.317s
Time for final sat check:                            2.374s
Time for error-path creation:                        0.121s
Time for error-path post-processing:                 1.288s

CPAchecker general statistics
-----------------------------
Number of program locations:                       63
Number of CFA edges (per node):                          65 (count: 63, min: 0, max: 2, avg: 1.03)
Number of relevant variables:                      9
Number of functions:                               4
Number of loops (and loop nodes):                         1 (sum: 7, min: 7, max: 7, avg: 7.00)
Size of reached set:             303
  Number of reached locations:   56 (89%)
    Avg states per location:     5
    Max states per location:     20 (at node N1)
  Number of reached functions:   4 (100%)
  Number of partitions:          303
    Avg size of partitions:      1
    Max size of partitions:      1
  Number of target states:       20

Time for analysis setup:          2.021s
  Time for loading CPAs:          1.181s
  Time for loading parser:        0.224s
  Time for CFA construction:      0.552s
    Time for parsing file(s):     0.315s
    Time for AST to CFA:          0.111s
    Time for CFA sanity check:    0.001s
    Time for post-processing:     0.084s
    Time for loop structure:      0.006s
    Time for AST structure:       0.000s
      Time for function pointers resolving:            0.003s
        Function calls via function pointers:             0 (count: 1, min: 0, max: 0, avg: 0.00)
        Instrumented function pointer calls:              0 (count: 1, min: 0, max: 0, avg: 0.00)
        Function calls with function pointer arguments:        0 (count: 1, min: 0, max: 0, avg: 0.00)
        Instrumented function pointer arguments:          0 (count: 1, min: 0, max: 0, avg: 0.00)
      Time for classifying variables:                  0.050s
        Time for collecting variables:                 0.029s
        Time for solving dependencies:                 0.001s
        Time for building hierarchy:                   0.000s
        Time for building classification:              0.020s
        Time for exporting data:                       0.000s
Time for Analysis:                4.183s
CPU time for analysis:            8.240s
Time for analyzing result:        0.002s
Total time for CPAchecker:        6.205s
Total CPU time for CPAchecker:   12.120s
Time for statistics:              0.048s

Time for Garbage Collector:       0.141s (in 10 runs)
Garbage Collector(s) used:    G1 Old Generation, G1 Young Generation

Verification result: FALSE. Property violation (unreach-call: reach_error(); called in line 18) found by chosen configuration.
More details about the verification run can be found in the directory "./output".
