scripts/cpa.sh -heap 13000M -stack 50M -noout -benchmark -bmc -setprop cpa.predicate.useArraysForHeap=false -setprop cpa.predicate.memoryAllocationsAlwaysSucceed=true -setprop cpa.loopbound.maxLoopIterations=10 -setprop cpa.predicate.encodeFloatAs=INTEGER -setprop cpa.predicate.encodeBitvectorAs=INTEGER -setprop solver.solver=princess_binary -setprop proveroptions.option=use_binary -timelimit 900s -stats -spec test/programs/benchmarks/properties/unreach-call.prp -32 test/programs/benchmarks/nla-digbench-scaling/ps5-ll_valuebound100.c


--------------------------------------------------------------------------------


Running CPAchecker with Java heap of size 13000M.
Running CPAchecker with Java stack of size 50M.
Language C detected and set for analysis (CPAMain.detectFrontendLanguageIfNecessary, INFO)

Using the following resource limits: CPU-time limit of 900s (ResourceLimitChecker.fromConfiguration, INFO)

CPAchecker 2.3.1-svn-45350M / bmc (OpenJDK 64-Bit Server VM 17.0.8.1) started (CPAchecker.run, INFO)

Parsing CFA from file(s) "test/programs/benchmarks/nla-digbench-scaling/ps5-ll_valuebound100.c" (CPAchecker.parse, INFO)

Using unsound approximation of ints with unbounded integers and floats with unbounded integers for encoding program semantics. (PredicateCPA:FormulaManagerView.<init>, WARNING)

Using predicate analysis with Princess 2023-04-07. (PredicateCPA:PredicateCPA.<init>, INFO)

Using unsound approximation of ints with unbounded integers and floats with unbounded integers for encoding program semantics. (AssumptionStorageCPA:FormulaManagerView.<init>, WARNING)

The following configuration options were specified but are not used:
 proveroptions.option 
 (CPAchecker.printConfigurationWarnings, WARNING)

Starting analysis ... (CPAchecker.runAlgorithm, INFO)

Creating formula for program (AbstractBMCAlgorithm.run, INFO)

Starting satisfiability check... (AbstractBMCAlgorithm.boundedModelCheck, INFO)

Starting assertions check... (AbstractBMCAlgorithm.checkBoundingAssertions, INFO)

Terminating because none of the following CPAs' precision can be adjusted any further  LoopBoundCPA (AbstractBMCAlgorithm.adjustConditions, INFO)

Stopping analysis ... (CPAchecker.runAlgorithm, INFO)

Analysis incomplete: no errors found, but not everything could be checked. (CPAchecker.analyzeResult, WARNING)


PredicateCPA statistics
-----------------------
Number of abstractions:            10 (3% of all post computations)
  Times abstraction was reused:    0
  Because of function entry/exit:  0 (0%)
  Because of loop head:            0 (0%)
  Because of join nodes:           0 (0%)
  Because of threshold:            0 (0%)
  Because of target state:         10 (100%)
  Times precision was empty:       10 (100%)
  Times precision was {false}:     0 (0%)
  Times result was cached:         0 (0%)
  Times cartesian abs was used:    0 (0%)
  Times boolean abs was used:      0 (0%)
  Times result was 'false':        0 (0%)
Number of strengthen sat checks:   0
Number of coverage checks:         4
  BDD entailment checks:           0
Number of SMT sat checks:          0
  trivial:                         0
  cached:                          0

Max ABE block size:                       77
Avg ABE block size:                                50.00 (sum: 500, count: 10, min: 23, max: 77)
Number of predicates discovered:          0

Time for post operator:                                0.219s
  Time for path formula creation:                      0.216s
Time for strengthen operator:                          0.009s
Time for prec operator:                                0.007s
  Time for abstraction:                  0.000s (Max:     0.000s, Count: 10)
    Solving time:                        0.000s (Max:     0.000s)
    Model enumeration time:              0.000s
    Time for BDD construction:           0.000s (Max:     0.000s)
Time for merge operator:                               0.003s
Time for coverage checks:                              0.000s
Total time for SMT solver (w/o itp):     0.000s

Total number of created targets for pointer analysis: 0



KeyValue statistics
-------------------
Init. function predicates:                         0
Init. global predicates:                           0
Init. location predicates:                         0

Invariant Generation statistics
-------------------------------

Bounds CPA statistics
---------------------
Bound k:                                           10
Maximum loop iteration reached:                    11


ValueAnalysisCPA statistics
---------------------------
Number of variables per state:                     2.88 (sum: 851, count: 296, min: 0, max: 4)
Number of global variables per state:              0.00 (sum: 0, count: 296, min: 0, max: 0)
Number of assumptions:                                  128
Number of deterministic assumptions:                      0
Level of Determinism:                              0%

ValueAnalysisPrecisionAdjustment statistics
-------------------------------------------
Number of abstraction computations:                     307
Total time for liveness abstraction:                   0.000s
Total time for abstraction computation:                0.012s
Total time for path thresholds:                        0.000s

ConstraintsStrengthenOperator statistics
----------------------------------------
Total time for strengthening by ConstraintsCPA:     0.000s
Replaced symbolic expressions: 0

AutomatonAnalysis (SVCOMP) statistics
-------------------------------------
Number of states:                                  1
Total time for successor computation:                  0.014s
Automaton transfers with branching:                0
Automaton transfer successors:                     0.96 (sum: 307, count: 319, min: 0, max: 1) [0 x 12, 1 x 307]
Number of states with assumption transitions:      0

CPA algorithm statistics
------------------------
Number of iterations:            306
Max size of waitlist:            3
Average size of waitlist:        1
LoopstackSortedWaitlist:                           0.31 (sum: 72, count: 231, min: 0, max: 5)
ReversePostorderSortedWaitlist:                    0.00 (sum: 0, count: 231, min: 0, max: 0)
LoopIterationSortedWaitlist:                       0.31 (sum: 72, count: 231, min: 0, max: 5)
CallstackSortedWaitlist:                           75.00 (sum: 75, count: 1, min: 75, max: 75)
Number of computed successors:   307
Max successors for one state:    2
Number of times merged:          2
Number of times stopped:         2
Number of times breaked:         0

Total time for CPA algorithm:         0.467s (Max:     0.467s)
  Time for choose from waitlist:      0.014s
  Time for precision adjustment:      0.055s
  Time for transfer relation:         0.352s
  Time for merge operator:            0.004s
  Time for stop operator:             0.002s
  Time for adding to reached set:     0.022s

BMC algorithm statistics
------------------------
Time for BMC formula creation:                       0.470s
Time for final sat check:                            1.634s
Time for bounding assertions check:                  0.163s

CPAchecker general statistics
-----------------------------
Number of program locations:                       56
Number of CFA edges (per node):                          57 (count: 56, min: 0, max: 3, avg: 1.02)
Number of relevant variables:                      7
Number of functions:                               4
Number of loops (and loop nodes):                         1 (sum: 7, min: 7, max: 7, avg: 7.00)
Size of reached set:             296
  Number of reached locations:   48 (86%)
    Avg states per location:     6
    Max states per location:     30 (at node N10)
  Number of reached functions:   3 (75%)
  Number of partitions:          296
    Avg size of partitions:      1
    Max size of partitions:      1
  Number of target states:       0

Time for analysis setup:          1.989s
  Time for loading CPAs:          1.175s
  Time for loading parser:        0.199s
  Time for CFA construction:      0.544s
    Time for parsing file(s):     0.261s
    Time for AST to CFA:          0.159s
    Time for CFA sanity check:    0.000s
    Time for post-processing:     0.087s
    Time for loop structure:      0.005s
    Time for AST structure:       0.000s
      Time for function pointers resolving:            0.002s
        Function calls via function pointers:             0 (count: 1, min: 0, max: 0, avg: 0.00)
        Instrumented function pointer calls:              0 (count: 1, min: 0, max: 0, avg: 0.00)
        Function calls with function pointer arguments:        0 (count: 1, min: 0, max: 0, avg: 0.00)
        Instrumented function pointer arguments:          0 (count: 1, min: 0, max: 0, avg: 0.00)
      Time for classifying variables:                  0.051s
        Time for collecting variables:                 0.030s
        Time for solving dependencies:                 0.000s
        Time for building hierarchy:                   0.000s
        Time for building classification:              0.020s
        Time for exporting data:                       0.000s
Time for Analysis:                2.396s
CPU time for analysis:            4.590s
Time for analyzing result:        0.001s
Total time for CPAchecker:        4.386s
Total CPU time for CPAchecker:    8.430s
Time for statistics:              0.065s

Time for Garbage Collector:       0.083s (in 8 runs)
Garbage Collector(s) used:    G1 Old Generation, G1 Young Generation

Verification result: UNKNOWN, incomplete analysis.
More details about the verification run can be found in the directory "./output".
