scripts/cpa.sh -heap 13000M -stack 50M -noout -benchmark -bmc -setprop cpa.predicate.useArraysForHeap=false -setprop cpa.predicate.memoryAllocationsAlwaysSucceed=true -setprop cpa.loopbound.maxLoopIterations=10 -setprop cpa.predicate.encodeFloatAs=INTEGER -setprop cpa.predicate.encodeBitvectorAs=INTEGER -setprop solver.solver=princess_binary -setprop proveroptions.option=use_binary -timelimit 900s -stats -spec test/programs/benchmarks/properties/unreach-call.prp -64 test/programs/benchmarks/ldv-linux-4.0-rc1-mav/linux-4.0-rc1---drivers--scsi--pmcraid.ko.cil.i


--------------------------------------------------------------------------------


Running CPAchecker with Java heap of size 13000M.
Running CPAchecker with Java stack of size 50M.
Language C detected and set for analysis (CPAMain.detectFrontendLanguageIfNecessary, INFO)

Using the following resource limits: CPU-time limit of 900s (ResourceLimitChecker.fromConfiguration, INFO)

CPAchecker 2.3.1-svn-45350M / bmc (OpenJDK 64-Bit Server VM 17.0.8.1) started (CPAchecker.run, INFO)

Parsing CFA from file(s) "test/programs/benchmarks/ldv-linux-4.0-rc1-mav/linux-4.0-rc1---drivers--scsi--pmcraid.ko.cil.i" (CPAchecker.parse, INFO)

line 8409: Dead code detected: return (1); (CFACreationUtils.addEdgeToCFA, INFO)

line 8628: Dead code detected: goto case_1; (CFACreationUtils.addEdgeToCFA, INFO)

line 8632: Dead code detected: goto case_2; (CFACreationUtils.addEdgeToCFA, INFO)

line 8636: Dead code detected: goto case_4; (CFACreationUtils.addEdgeToCFA, INFO)

line 8643: Dead code detected: goto switch_default; (CFACreationUtils.addEdgeToCFA, INFO)

Dead code detected: Label switch_break is not reachable. (CFAFunctionBuilder.leave, INFO)

Dead code detected: Label switch_default is not reachable. (CFAFunctionBuilder.leave, INFO)

Dead code detected: Label case_4 is not reachable. (CFAFunctionBuilder.leave, INFO)

Dead code detected: Label case_1 is not reachable. (CFAFunctionBuilder.leave, INFO)

Dead code detected: Label case_2 is not reachable. (CFAFunctionBuilder.leave, INFO)

line 9373: Dead code detected: [size == 1U] (CFACreationUtils.addEdgeToCFA, INFO)

line 9373: Dead code detected: [!(size == 1U)] (CFACreationUtils.addEdgeToCFA, INFO)

line 9377: Dead code detected: [size == 2U] (CFACreationUtils.addEdgeToCFA, INFO)

line 9377: Dead code detected: [!(size == 2U)] (CFACreationUtils.addEdgeToCFA, INFO)

line 9381: Dead code detected: [size == 4U] (CFACreationUtils.addEdgeToCFA, INFO)

line 9381: Dead code detected: [!(size == 4U)] (CFACreationUtils.addEdgeToCFA, INFO)

line 9385: Dead code detected: [size == 8U] (CFACreationUtils.addEdgeToCFA, INFO)

line 9385: Dead code detected: [!(size == 8U)] (CFACreationUtils.addEdgeToCFA, INFO)

line 9389: Dead code detected: [size == 10U] (CFACreationUtils.addEdgeToCFA, INFO)

line 9389: Dead code detected: [!(size == 10U)] (CFACreationUtils.addEdgeToCFA, INFO)

line 9393: Dead code detected: [size == 16U] (CFACreationUtils.addEdgeToCFA, INFO)

line 9393: Dead code detected: [!(size == 16U)] (CFACreationUtils.addEdgeToCFA, INFO)

line 9374: Dead code detected: goto case_1; (CFACreationUtils.addEdgeToCFA, INFO)

line 9378: Dead code detected: goto case_2; (CFACreationUtils.addEdgeToCFA, INFO)

line 9382: Dead code detected: goto case_4; (CFACreationUtils.addEdgeToCFA, INFO)

line 9386: Dead code detected: goto case_8; (CFACreationUtils.addEdgeToCFA, INFO)

line 9390: Dead code detected: goto case_10; (CFACreationUtils.addEdgeToCFA, INFO)

line 9394: Dead code detected: goto case_16; (CFACreationUtils.addEdgeToCFA, INFO)

line 9397: Dead code detected: goto switch_default; (CFACreationUtils.addEdgeToCFA, INFO)

Dead code detected: Label case_8 is not reachable. (CFAFunctionBuilder.leave, INFO)

Dead code detected: Label switch_break is not reachable. (CFAFunctionBuilder.leave, INFO)

Dead code detected: Label case_16 is not reachable. (CFAFunctionBuilder.leave, INFO)

Dead code detected: Label switch_default is not reachable. (CFAFunctionBuilder.leave, INFO)

Dead code detected: Label case_4 is not reachable. (CFAFunctionBuilder.leave, INFO)

Dead code detected: Label case_10 is not reachable. (CFAFunctionBuilder.leave, INFO)

Dead code detected: Label case_1 is not reachable. (CFAFunctionBuilder.leave, INFO)

Dead code detected: Label case_2 is not reachable. (CFAFunctionBuilder.leave, INFO)

line 9482: Dead code detected: [size == 1U] (CFACreationUtils.addEdgeToCFA, INFO)

line 9482: Dead code detected: [!(size == 1U)] (CFACreationUtils.addEdgeToCFA, INFO)

line 9486: Dead code detected: [size == 2U] (CFACreationUtils.addEdgeToCFA, INFO)

line 9486: Dead code detected: [!(size == 2U)] (CFACreationUtils.addEdgeToCFA, INFO)

line 9490: Dead code detected: [size == 4U] (CFACreationUtils.addEdgeToCFA, INFO)

line 9490: Dead code detected: [!(size == 4U)] (CFACreationUtils.addEdgeToCFA, INFO)

line 9494: Dead code detected: [size == 8U] (CFACreationUtils.addEdgeToCFA, INFO)

line 9494: Dead code detected: [!(size == 8U)] (CFACreationUtils.addEdgeToCFA, INFO)

line 9498: Dead code detected: [size == 10U] (CFACreationUtils.addEdgeToCFA, INFO)

line 9498: Dead code detected: [!(size == 10U)] (CFACreationUtils.addEdgeToCFA, INFO)

line 9502: Dead code detected: [size == 16U] (CFACreationUtils.addEdgeToCFA, INFO)

line 9502: Dead code detected: [!(size == 16U)] (CFACreationUtils.addEdgeToCFA, INFO)

line 9483: Dead code detected: goto case_1; (CFACreationUtils.addEdgeToCFA, INFO)

line 9487: Dead code detected: goto case_2; (CFACreationUtils.addEdgeToCFA, INFO)

line 9491: Dead code detected: goto case_4; (CFACreationUtils.addEdgeToCFA, INFO)

line 9495: Dead code detected: goto case_8; (CFACreationUtils.addEdgeToCFA, INFO)

line 9499: Dead code detected: goto case_10; (CFACreationUtils.addEdgeToCFA, INFO)

line 9503: Dead code detected: goto case_16; (CFACreationUtils.addEdgeToCFA, INFO)

line 9506: Dead code detected: goto switch_default; (CFACreationUtils.addEdgeToCFA, INFO)

Dead code detected: Label case_8 is not reachable. (CFAFunctionBuilder.leave, INFO)

Dead code detected: Label switch_break is not reachable. (CFAFunctionBuilder.leave, INFO)

Dead code detected: Label case_16 is not reachable. (CFAFunctionBuilder.leave, INFO)

Dead code detected: Label switch_default is not reachable. (CFAFunctionBuilder.leave, INFO)

Dead code detected: Label case_4 is not reachable. (CFAFunctionBuilder.leave, INFO)

Dead code detected: Label case_10 is not reachable. (CFAFunctionBuilder.leave, INFO)

Dead code detected: Label case_1 is not reachable. (CFAFunctionBuilder.leave, INFO)

Dead code detected: Label case_2 is not reachable. (CFAFunctionBuilder.leave, INFO)

Dead code detected: Label switch_break is not reachable. (CFAFunctionBuilder.leave, INFO)

Dead code detected: Label switch_break is not reachable. (CFAFunctionBuilder.leave, INFO)

Dead code detected: Label switch_break is not reachable. (CFAFunctionBuilder.leave, INFO)

Dead code detected: Label switch_break is not reachable. (CFAFunctionBuilder.leave, INFO)

line 16186: Dead code detected: return (arg0); (CFACreationUtils.addEdgeToCFA, INFO)

line 16200: Dead code detected: return; (CFACreationUtils.addEdgeToCFA, INFO)

line 16215: Dead code detected: return; (CFACreationUtils.addEdgeToCFA, INFO)

line 16227: Dead code detected: return (arg0); (CFACreationUtils.addEdgeToCFA, INFO)

line 16553: Dead code detected: return; (CFACreationUtils.addEdgeToCFA, INFO)

line 16603: Dead code detected: return; (CFACreationUtils.addEdgeToCFA, INFO)

line 16634: Dead code detected: return; (CFACreationUtils.addEdgeToCFA, INFO)

line 16680: Dead code detected: goto ldv_call_0; (CFACreationUtils.addEdgeToCFA, INFO)

line 16724: Dead code detected: return; (CFACreationUtils.addEdgeToCFA, INFO)

line 16814: Dead code detected: return; (CFACreationUtils.addEdgeToCFA, INFO)

line 16862: Dead code detected: return; (CFACreationUtils.addEdgeToCFA, INFO)

line 16964: Dead code detected: return; (CFACreationUtils.addEdgeToCFA, INFO)

line 16995: Dead code detected: return; (CFACreationUtils.addEdgeToCFA, INFO)

line 17067: Dead code detected: return; (CFACreationUtils.addEdgeToCFA, INFO)

line 17099: Dead code detected: return (arg0); (CFACreationUtils.addEdgeToCFA, INFO)

line 17122: Dead code detected: return (arg0); (CFACreationUtils.addEdgeToCFA, INFO)

line 17144: Dead code detected: return (arg0); (CFACreationUtils.addEdgeToCFA, INFO)

line 17147: Dead code detected: return (arg0); (CFACreationUtils.addEdgeToCFA, INFO)

line 17149: Dead code detected: return (arg0); (CFACreationUtils.addEdgeToCFA, INFO)

line 17381: Dead code detected: return; (CFACreationUtils.addEdgeToCFA, INFO)

line 17415: Dead code detected: return; (CFACreationUtils.addEdgeToCFA, INFO)

line 17596: Dead code detected: return; (CFACreationUtils.addEdgeToCFA, INFO)

line 17608: Dead code detected: return; (CFACreationUtils.addEdgeToCFA, INFO)

line 17627: Dead code detected: return; (CFACreationUtils.addEdgeToCFA, INFO)

line 17672: Dead code detected: return; (CFACreationUtils.addEdgeToCFA, INFO)

line 17691: Dead code detected: return; (CFACreationUtils.addEdgeToCFA, INFO)

line 17736: Dead code detected: return; (CFACreationUtils.addEdgeToCFA, INFO)

line 17755: Dead code detected: return; (CFACreationUtils.addEdgeToCFA, INFO)

line 17789: Dead code detected: return; (CFACreationUtils.addEdgeToCFA, INFO)

line 17800: Dead code detected: return; (CFACreationUtils.addEdgeToCFA, INFO)

line 17838: Dead code detected: return; (CFACreationUtils.addEdgeToCFA, INFO)

line 17986: Dead code detected: return (ldv_func_res); (CFACreationUtils.addEdgeToCFA, INFO)

line 18141: Dead code detected: return (ldv_func_res); (CFACreationUtils.addEdgeToCFA, INFO)

line 18427: Dead code detected: return (ldv_func_res); (CFACreationUtils.addEdgeToCFA, INFO)

line 18475: Dead code detected: return (ldv_func_res); (CFACreationUtils.addEdgeToCFA, INFO)

line 18503: Dead code detected: return (ldv_func_res); (CFACreationUtils.addEdgeToCFA, INFO)

line 18611: Dead code detected: return (ldv_func_res); (CFACreationUtils.addEdgeToCFA, INFO)

line 18626: Dead code detected: return (ldv_func_res); (CFACreationUtils.addEdgeToCFA, INFO)

line 18668: Dead code detected: return (ldv_func_res); (CFACreationUtils.addEdgeToCFA, INFO)

line 18685: Dead code detected: return (ldv_func_res); (CFACreationUtils.addEdgeToCFA, INFO)

Inline assembler ignored, analysis is probably unsound! (CFABuilder.createCFA, WARNING)

line 12694: Function pointer *(scsi_cmd->scsi_done) with type void (*)(struct scsi_cmnd *) is called, but no possible target functions were found. (CFunctionPointerResolver.getTargets, WARNING)

line 9180: Function pointer *(ops->alloc) with type void *(*)(struct device *, size_t , dma_addr_t *, gfp_t , struct dma_attrs *) is called, but no possible target functions were found. (CFunctionPointerResolver.getTargets, WARNING)

line 9218: Function pointer *(ops->free) with type void (*)(struct device *, size_t , void *, dma_addr_t , struct dma_attrs *) is called, but no possible target functions were found. (CFunctionPointerResolver.getTargets, WARNING)

line 9068: Function pointer *(ops->map_sg) with type int (*)(struct device *, struct scatterlist *, int, enum dma_data_direction , struct dma_attrs *) is called, but no possible target functions were found. (CFunctionPointerResolver.getTargets, WARNING)

line 9105: Function pointer *(ops->unmap_sg) with type void (*)(struct device *, struct scatterlist *, int, enum dma_data_direction , struct dma_attrs *) is called, but no possible target functions were found. (CFunctionPointerResolver.getTargets, WARNING)

line 16710: Function pointer *arg0 with type long int (*)(struct file *, char *, unsigned long, long long *) is called, but no possible target functions were found. (CFunctionPointerResolver.getTargets, WARNING)

line 17317: Function pointer *arg0 with type int (*)(struct Scsi_Host *) is called, but no possible target functions were found. (CFunctionPointerResolver.getTargets, WARNING)

line 17327: Function pointer *arg0 with type int (*)(struct Scsi_Host *) is called, but no possible target functions were found. (CFunctionPointerResolver.getTargets, WARNING)

line 10756: Function pointer *(scsi_cmd->scsi_done) with type void (*)(struct scsi_cmnd *) is called, but no possible target functions were found. (CFunctionPointerResolver.getTargets, WARNING)

line 11777: Function pointer *(scsi_cmd->scsi_done) with type void (*)(struct scsi_cmnd *) is called, but no possible target functions were found. (CFunctionPointerResolver.getTargets, WARNING)

line 13279: Function pointer *(scsi_cmd->scsi_done) with type void (*)(struct scsi_cmnd *) is called, but no possible target functions were found. (CFunctionPointerResolver.getTargets, WARNING)

line 13262: Function pointer *(scsi_cmd->scsi_done) with type void (*)(struct scsi_cmnd *) is called, but no possible target functions were found. (CFunctionPointerResolver.getTargets, WARNING)

Using unsound approximation of ints with unbounded integers and floats with unbounded integers for encoding program semantics. (PredicateCPA:FormulaManagerView.<init>, WARNING)

Using predicate analysis with Princess 2023-04-07. (PredicateCPA:PredicateCPA.<init>, INFO)

Using unsound approximation of ints with unbounded integers and floats with unbounded integers for encoding program semantics. (AssumptionStorageCPA:FormulaManagerView.<init>, WARNING)

The following configuration options were specified but are not used:
 proveroptions.option 
 (CPAchecker.printConfigurationWarnings, WARNING)

Starting analysis ... (CPAchecker.runAlgorithm, INFO)

line 17807: Ignoring call via function pointer ldv_timer_instance_callback_8_2::arg0 for which no suitable target was found in line: (*arg0)(arg1); (TargetLocationProvider:FunctionPointerCPA:FunctionPointerTransferRelation.getAbstractSuccessorsForEdge, WARNING)

Recursion detected, aborting. To ignore recursion, add -skipRecursion to the command line. (TargetLocationProvider:CallstackCPA:CallstackTransferRelation.getAbstractSuccessorsForEdge, INFO)

Recursion detected. Defaulting to selecting all locations as potential target locations. (TargetLocationProvider:TargetLocationProviderImpl.tryGetAutomatonTargetLocations, INFO)

Creating formula for program (AbstractBMCAlgorithm.run, INFO)

Exception in thread "main" org.sosy_lab.java_smt.basicimpl.GeneratorException: Modular Congruence is not available in SMTLIB2. 
	at org.sosy_lab.java_smt.basicimpl.AbstractNumeralFormulaManager.modularCongruence(AbstractNumeralFormulaManager.java:361)
	at org.sosy_lab.java_smt.solvers.princess.PrincessIntegerFormulaManager.modularCongruence(PrincessIntegerFormulaManager.java:22)
	at org.sosy_lab.cpachecker.util.predicates.smt.IntegerFormulaManagerView.modularCongruence(IntegerFormulaManagerView.java:35)
	at org.sosy_lab.cpachecker.util.predicates.smt.FormulaManagerView.makeModularCongruence(FormulaManagerView.java:688)
	at org.sosy_lab.cpachecker.util.predicates.smt.FormulaManagerView.makeModularCongruence(FormulaManagerView.java:670)
	at org.sosy_lab.cpachecker.util.predicates.pathformula.pointeraliasing.PointerTargetSetManager.makeBaseAddressConstraints(PointerTargetSetManager.java:653)
	at org.sosy_lab.cpachecker.util.predicates.pathformula.pointeraliasing.PointerTargetSetBuilder$RealPointerTargetSetBuilder.addNextBaseAddressConstraints(PointerTargetSetBuilder.java:286)
	at org.sosy_lab.cpachecker.util.predicates.pathformula.pointeraliasing.CToFormulaConverterWithPointerAliasing.declareSharedBase(CToFormulaConverterWithPointerAliasing.java:437)
	at org.sosy_lab.cpachecker.util.predicates.pathformula.pointeraliasing.CToFormulaConverterWithPointerAliasing.makeDeclaration(CToFormulaConverterWithPointerAliasing.java:1001)
	at org.sosy_lab.cpachecker.util.predicates.pathformula.ctoformula.CtoFormulaConverter.createFormulaForEdge(CtoFormulaConverter.java:1231)
	at org.sosy_lab.cpachecker.util.predicates.pathformula.ctoformula.CtoFormulaConverter.makeAnd(CtoFormulaConverter.java:1049)
	at org.sosy_lab.cpachecker.util.predicates.pathformula.PathFormulaManagerImpl.makeAnd(PathFormulaManagerImpl.java:246)
	at org.sosy_lab.cpachecker.util.predicates.pathformula.PathFormulaManagerImpl.makeAnd(PathFormulaManagerImpl.java:300)
	at org.sosy_lab.cpachecker.cpa.predicate.PredicateTransferRelation.convertEdgeToPathFormula(PredicateTransferRelation.java:203)
	at org.sosy_lab.cpachecker.cpa.predicate.PredicateTransferRelation.getAbstractSuccessorsForEdge(PredicateTransferRelation.java:113)
	at org.sosy_lab.cpachecker.cpa.composite.CompositeTransferRelation.callTransferRelation(CompositeTransferRelation.java:297)
	at org.sosy_lab.cpachecker.cpa.composite.CompositeTransferRelation.getAbstractSuccessorForSimpleEdge(CompositeTransferRelation.java:264)
	at org.sosy_lab.cpachecker.cpa.composite.CompositeTransferRelation.getAbstractSuccessorForEdge(CompositeTransferRelation.java:196)
	at org.sosy_lab.cpachecker.cpa.composite.CompositeTransferRelation.getAbstractSuccessors(CompositeTransferRelation.java:88)
	at org.sosy_lab.cpachecker.cpa.arg.ARGTransferRelation.getAbstractSuccessors(ARGTransferRelation.java:45)
	at org.sosy_lab.cpachecker.core.algorithm.CPAAlgorithm.handleState(CPAAlgorithm.java:334)
	at org.sosy_lab.cpachecker.core.algorithm.CPAAlgorithm.run0(CPAAlgorithm.java:289)
	at org.sosy_lab.cpachecker.core.algorithm.CPAAlgorithm.run(CPAAlgorithm.java:260)
	at org.sosy_lab.cpachecker.core.algorithm.bmc.BMCHelper.unroll(BMCHelper.java:192)
	at org.sosy_lab.cpachecker.core.algorithm.bmc.AbstractBMCAlgorithm.run(AbstractBMCAlgorithm.java:427)
	at org.sosy_lab.cpachecker.core.algorithm.bmc.BMCAlgorithm.run(BMCAlgorithm.java:130)
	at org.sosy_lab.cpachecker.core.CPAchecker.runAlgorithm(CPAchecker.java:507)
	at org.sosy_lab.cpachecker.core.CPAchecker.run(CPAchecker.java:369)
	at org.sosy_lab.cpachecker.cmdline.CPAMain.main(CPAMain.java:170)
