scripts/cpa.sh -heap 13000M -stack 50M -noout -benchmark -bmc -setprop cpa.predicate.useArraysForHeap=false -setprop cpa.predicate.memoryAllocationsAlwaysSucceed=true -setprop cpa.loopbound.maxLoopIterations=10 -setprop cpa.predicate.encodeFloatAs=INTEGER -setprop cpa.predicate.encodeBitvectorAs=INTEGER -setprop solver.solver=princess_binary -setprop proveroptions.option=use_binary -timelimit 900s -stats -spec test/programs/benchmarks/properties/unreach-call.prp -32 test/programs/benchmarks/nla-digbench-scaling/cohencu-ll_valuebound20.c


--------------------------------------------------------------------------------


Running CPAchecker with Java heap of size 13000M.
Running CPAchecker with Java stack of size 50M.
Language C detected and set for analysis (CPAMain.detectFrontendLanguageIfNecessary, INFO)

Using the following resource limits: CPU-time limit of 900s (ResourceLimitChecker.fromConfiguration, INFO)

CPAchecker 2.3.1-svn-45350M / bmc (OpenJDK 64-Bit Server VM 17.0.8.1) started (CPAchecker.run, INFO)

Parsing CFA from file(s) "test/programs/benchmarks/nla-digbench-scaling/cohencu-ll_valuebound20.c" (CPAchecker.parse, INFO)

Using unsound approximation of ints with unbounded integers and floats with unbounded integers for encoding program semantics. (PredicateCPA:FormulaManagerView.<init>, WARNING)

Using predicate analysis with Princess 2023-04-07. (PredicateCPA:PredicateCPA.<init>, INFO)

Using unsound approximation of ints with unbounded integers and floats with unbounded integers for encoding program semantics. (AssumptionStorageCPA:FormulaManagerView.<init>, WARNING)

The following configuration options were specified but are not used:
 proveroptions.option 
 (CPAchecker.printConfigurationWarnings, WARNING)

Starting analysis ... (CPAchecker.runAlgorithm, INFO)

Creating formula for program (AbstractBMCAlgorithm.run, INFO)

Starting satisfiability check... (AbstractBMCAlgorithm.boundedModelCheck, INFO)

Error found, creating error path (AbstractBMCAlgorithm.analyzeCounterexample0, INFO)

{__VERIFIER_assert::cond@54 -> 0, __VERIFIER_assert::cond@53 -> 1, main::z@12 -> 60, main::y@12 -> 271, main::x@12 -> 729, main::n@12 -> 9, __VERIFIER_assert::cond@52 -> 1, __VERIFIER_assert::cond@51 -> 1, __VERIFIER_assert::cond@50 -> 1, __VERIFIER_assert::cond@49 -> 1, __VERIFIER_assert::cond@48 -> 1, main::z@11 -> 54, main::y@11 -> 217, main::x@11 -> 512, main::n@11 -> 8, __VERIFIER_assert::cond@47 -> 1, __VERIFIER_assert::cond@46 -> 1, __VERIFIER_assert::cond@45 -> 1, __VERIFIER_assert::cond@44 -> 1, __VERIFIER_assert::cond@43 -> 1, main::z@10 -> 48, main::y@10 -> 169, main::x@10 -> 343, main::n@10 -> 7, __VERIFIER_assert::cond@42 -> 1, __VERIFIER_assert::cond@41 -> 1, __VERIFIER_assert::cond@40 -> 1, __VERIFIER_assert::cond@39 -> 1, __VERIFIER_assert::cond@38 -> 1, main::z@9 -> 42, main::y@9 -> 127, main::x@9 -> 216, main::n@9 -> 6, __VERIFIER_assert::cond@37 -> 1, __VERIFIER_assert::cond@36 -> 1, __VERIFIER_assert::cond@35 -> 1, __VERIFIER_assert::cond@34 -> 1, __VERIFIER_assert::cond@33 -> 1, main::z@8 -> 36, main::y@8 -> 91, main::x@8 -> 125, main::n@8 -> 5, __VERIFIER_assert::cond@32 -> 1, __VERIFIER_assert::cond@31 -> 1, __VERIFIER_assert::cond@30 -> 1, __VERIFIER_assert::cond@29 -> 1, __VERIFIER_assert::cond@28 -> 1, main::z@7 -> 30, main::y@7 -> 61, main::x@7 -> 64, main::n@7 -> 4, __VERIFIER_assert::cond@27 -> 1, __VERIFIER_assert::cond@26 -> 1, __VERIFIER_assert::cond@25 -> 1, __VERIFIER_assert::cond@24 -> 1, __VERIFIER_assert::cond@23 -> 1, main::z@6 -> 24, main::y@6 -> 37, main::x@6 -> 27, main::n@6 -> 3, __VERIFIER_assert::cond@22 -> 1, __VERIFIER_assert::cond@21 -> 1, __VERIFIER_assert::cond@20 -> 1, __VERIFIER_assert::cond@19 -> 1, __VERIFIER_assert::cond@18 -> 1, main::z@5 -> 18, main::y@5 -> 19, main::x@5 -> 8, main::n@5 -> 2, __VERIFIER_assert::cond@17 -> 1, __VERIFIER_assert::cond@16 -> 1, __VERIFIER_assert::cond@15 -> 1, __VERIFIER_assert::cond@14 -> 1, __VERIFIER_assert::cond@13 -> 1, main::z@4 -> 12, main::y@4 -> 7, main::x@4 -> 1, main::n@4 -> 1, __VERIFIER_assert::cond@12 -> 1, __VERIFIER_assert::cond@11 -> 1, __VERIFIER_assert::cond@10 -> 1, __VERIFIER_assert::cond@9 -> 1, __VERIFIER_assert::cond@8 -> 1, __VERIFIER_assert::cond@7 -> 1, __VERIFIER_assert::cond@6 -> 1, __VERIFIER_assert::cond@5 -> 1, __VERIFIER_assert::cond@4 -> 1, __VERIFIER_assert::cond@3 -> 1, __VERIFIER_assert::cond@2 -> 1, main::z@3 -> 6, main::y@3 -> 1, main::x@3 -> 0, main::n@3 -> 0, assume_abort_if_not::cond@2 -> 1, main::__CPAchecker_TMP_0@3 -> 1, main::a@3 -> 8, __VERIFIER_nondet_ushort!2@ -> 8, abbrev_32_def -> true, abbrev_32 -> true, abbrev_30_def -> true, abbrev_30 -> true, abbrev_28_def -> true, abbrev_28 -> true, abbrev_26_def -> true, abbrev_26 -> true, abbrev_24_def -> true, abbrev_24 -> true, abbrev_22_def -> true, abbrev_22 -> true, abbrev_20_def -> true, abbrev_20 -> true, abbrev_18_def -> true, abbrev_18 -> true, abbrev_16_def -> true, abbrev_16 -> true, abbrev_14_def -> true, abbrev_14 -> true, Integer_*_(25018, 1) -> 1, Integer_*_(25017, 2) -> 8, Integer_*_(25016, 3) -> 27, Integer_*_(25015, 4) -> 64, Integer_*_(25014, 5) -> 125, Integer_*_(25013, 7) -> 343, Integer_*_(25012, 8) -> 512, Integer_*_(16262, 9) -> 729, Integer_*_(729, 60) -> 25011, Integer_*_(271, 60) -> 16260, Integer_*_(217, 54) -> 11718, Integer_*_(169, 48) -> 8112, Integer_*_(127, 42) -> 5334, Integer_*_(91, 36) -> 3276, Integer_*_(61, 30) -> 1830, Integer_*_(60, 60) -> 3600, Integer_*_(54, 54) -> 2916, Integer_*_(48, 729) -> 16263, Integer_*_(48, 48) -> 2304, Integer_*_(42, 42) -> 1764, Integer_*_(37, 24) -> 888, Integer_*_(36, 36) -> 1296, Integer_*_(36, 6) -> 216, Integer_*_(30, 30) -> 900, Integer_*_(27, 9) -> 243, Integer_*_(24, 24) -> 576, Integer_*_(24, 8) -> 192, Integer_*_(21, 7) -> 147, Integer_*_(19, 18) -> 342, Integer_*_(18, 18) -> 324, Integer_*_(18, 6) -> 108, Integer_*_(15, 5) -> 75, Integer_*_(12, 12) -> 144, Integer_*_(12, 4) -> 48, Integer_*_(9, 9) -> 16262, Integer_*_(9, 3) -> 27, Integer_*_(8, 60) -> 16261, Integer_*_(8, 8) -> 25012, Integer_*_(7, 12) -> 84, Integer_*_(7, 7) -> 25013, Integer_*_(6, 6) -> 36, Integer_*_(6, 2) -> 12, Integer_*_(5, 5) -> 25014, Integer_*_(4, 4) -> 25015, Integer_*_(3, 3) -> 25016, Integer_*_(3, 1) -> 3, Integer_*_(2, 2) -> 25017, Integer_*_(1, 6) -> 6, Integer_*_(1, 1) -> 25018, Integer_*_(0, 0) -> 0}
{__VERIFIER_assert::cond@106 -> 0, __VERIFIER_assert::cond@104 -> 1, __VERIFIER_assert::cond@102 -> 1, __VERIFIER_assert::cond@100 -> 1, __VERIFIER_assert::cond@98 -> 1, __VERIFIER_assert::cond@96 -> 1, __VERIFIER_assert::cond@94 -> 1, __VERIFIER_assert::cond@92 -> 1, main::z@58 -> 60, main::y@58 -> 271, main::x@58 -> 729, main::n@58 -> 9, __VERIFIER_assert::cond@90 -> 1, __VERIFIER_assert::cond@88 -> 1, __VERIFIER_assert::cond@86 -> 1, __VERIFIER_assert::cond@84 -> 1, __VERIFIER_assert::cond@82 -> 1, main::z@52 -> 54, main::y@52 -> 217, main::x@52 -> 512, main::n@52 -> 8, __VERIFIER_assert::cond@80 -> 1, __VERIFIER_assert::cond@78 -> 1, __VERIFIER_assert::cond@76 -> 1, __VERIFIER_assert::cond@74 -> 1, __VERIFIER_assert::cond@72 -> 1, main::z@46 -> 48, main::y@46 -> 169, main::x@46 -> 343, main::n@46 -> 7, __VERIFIER_assert::cond@70 -> 1, __VERIFIER_assert::cond@68 -> 1, __VERIFIER_assert::cond@66 -> 1, __VERIFIER_assert::cond@64 -> 1, __VERIFIER_assert::cond@62 -> 1, main::z@40 -> 42, main::y@40 -> 127, main::x@40 -> 216, main::n@40 -> 6, __VERIFIER_assert::cond@60 -> 1, __VERIFIER_assert::cond@58 -> 1, main::z@34 -> 36, main::y@34 -> 91, main::x@34 -> 125, main::n@34 -> 5, main::z@28 -> 30, main::y@28 -> 61, main::x@28 -> 64, main::n@28 -> 4, main::z@22 -> 24, main::y@22 -> 37, main::x@22 -> 27, main::n@22 -> 3, main::z@16 -> 18, main::y@16 -> 19, main::x@16 -> 8, main::n@16 -> 2, main::x@10 -> 1, main::x@4 -> 0, assume_abort_if_not::cond@2 -> 1, main::__CPAchecker_TMP_0@3 -> 1, __VERIFIER_assert::cond@46 -> 1, __VERIFIER_assert::cond@48 -> 1, main::n@10 -> 1, __VERIFIER_assert::cond@40 -> 1, __VERIFIER_assert::cond@42 -> 1, __VERIFIER_assert::cond@44 -> 1, main::y@10 -> 7, __VERIFIER_assert::cond@56 -> 1, __VERIFIER_assert::cond@50 -> 1, __VERIFIER_assert::cond@52 -> 1, __VERIFIER_assert::cond@54 -> 1, __VERIFIER_assert::cond@24 -> 1, __VERIFIER_assert::cond@26 -> 1, main::z@4 -> 6, __VERIFIER_assert::cond@28 -> 1, main::n@4 -> 0, __VERIFIER_assert::cond@20 -> 1, __VERIFIER_assert::cond@22 -> 1, main::a@3 -> 8, __VERIFIER_assert::cond@34 -> 1, __VERIFIER_assert::cond@36 -> 1, __VERIFIER_assert::cond@38 -> 1, __VERIFIER_assert::cond@6 -> 1, __VERIFIER_assert::cond@4 -> 1, __VERIFIER_assert::cond@30 -> 1, __VERIFIER_assert::cond@2 -> 1, __VERIFIER_assert::cond@32 -> 1, __VERIFIER_assert::cond@8 -> 1, main::y@4 -> 1, __VERIFIER_assert::cond@12 -> 1, __VERIFIER_nondet_ushort!2@ -> 8, __VERIFIER_assert::cond@14 -> 1, __VERIFIER_assert::cond@16 -> 1, __VERIFIER_assert::cond@18 -> 1, __VERIFIER_assert::cond@10 -> 1, main::z@10 -> 12, Integer_*_(16268, 9) -> 729, Integer_*_(16267, 8) -> 512, Integer_*_(16266, 7) -> 343, Integer_*_(16265, 5) -> 125, Integer_*_(16264, 4) -> 64, Integer_*_(16263, 3) -> 27, Integer_*_(16262, 2) -> 8, Integer_*_(16261, 1) -> 1, Integer_*_(729, 60) -> 25017, Integer_*_(271, 60) -> 16260, Integer_*_(217, 54) -> 11718, Integer_*_(169, 48) -> 8112, Integer_*_(127, 42) -> 5334, Integer_*_(91, 36) -> 3276, Integer_*_(61, 30) -> 1830, Integer_*_(60, 60) -> 3600, Integer_*_(54, 54) -> 2916, Integer_*_(48, 729) -> 16269, Integer_*_(48, 48) -> 2304, Integer_*_(42, 42) -> 1764, Integer_*_(37, 24) -> 888, Integer_*_(36, 36) -> 1296, Integer_*_(36, 6) -> 216, Integer_*_(30, 30) -> 900, Integer_*_(27, 9) -> 243, Integer_*_(24, 24) -> 576, Integer_*_(24, 8) -> 192, Integer_*_(21, 7) -> 147, Integer_*_(19, 18) -> 342, Integer_*_(18, 18) -> 324, Integer_*_(18, 6) -> 108, Integer_*_(15, 5) -> 75, Integer_*_(12, 12) -> 144, Integer_*_(12, 4) -> 48, Integer_*_(9, 9) -> 16268, Integer_*_(9, 3) -> 27, Integer_*_(8, 60) -> 25018, Integer_*_(8, 8) -> 16267, Integer_*_(7, 12) -> 84, Integer_*_(7, 7) -> 16266, Integer_*_(6, 6) -> 36, Integer_*_(6, 2) -> 12, Integer_*_(5, 5) -> 16265, Integer_*_(4, 4) -> 16264, Integer_*_(3, 3) -> 16263, Integer_*_(3, 1) -> 3, Integer_*_(2, 2) -> 16262, Integer_*_(1, 6) -> 6, Integer_*_(1, 1) -> 16261, Integer_*_(0, 0) -> 0}
[__VERIFIER_assert::cond@106: 0, __VERIFIER_assert::cond@104: 1, __VERIFIER_assert::cond@102: 1, __VERIFIER_assert::cond@100: 1, __VERIFIER_assert::cond@98: 1, __VERIFIER_assert::cond@96: 1, __VERIFIER_assert::cond@94: 1, __VERIFIER_assert::cond@92: 1, main::z@58: 60, main::y@58: 271, main::x@58: 729, main::n@58: 9, __VERIFIER_assert::cond@90: 1, __VERIFIER_assert::cond@88: 1, __VERIFIER_assert::cond@86: 1, __VERIFIER_assert::cond@84: 1, __VERIFIER_assert::cond@82: 1, main::z@52: 54, main::y@52: 217, main::x@52: 512, main::n@52: 8, __VERIFIER_assert::cond@80: 1, __VERIFIER_assert::cond@78: 1, __VERIFIER_assert::cond@76: 1, __VERIFIER_assert::cond@74: 1, __VERIFIER_assert::cond@72: 1, main::z@46: 48, main::y@46: 169, main::x@46: 343, main::n@46: 7, __VERIFIER_assert::cond@70: 1, __VERIFIER_assert::cond@68: 1, __VERIFIER_assert::cond@66: 1, __VERIFIER_assert::cond@64: 1, __VERIFIER_assert::cond@62: 1, main::z@40: 42, main::y@40: 127, main::x@40: 216, main::n@40: 6, __VERIFIER_assert::cond@60: 1, __VERIFIER_assert::cond@58: 1, main::z@34: 36, main::y@34: 91, main::x@34: 125, main::n@34: 5, main::z@28: 30, main::y@28: 61, main::x@28: 64, main::n@28: 4, main::z@22: 24, main::y@22: 37, main::x@22: 27, main::n@22: 3, main::z@16: 18, main::y@16: 19, main::x@16: 8, main::n@16: 2, main::x@10: 1, main::x@4: 0, assume_abort_if_not::cond@2: 1, main::__CPAchecker_TMP_0@3: 1, __VERIFIER_assert::cond@46: 1, __VERIFIER_assert::cond@48: 1, main::n@10: 1, __VERIFIER_assert::cond@40: 1, __VERIFIER_assert::cond@42: 1, __VERIFIER_assert::cond@44: 1, main::y@10: 7, __VERIFIER_assert::cond@56: 1, __VERIFIER_assert::cond@50: 1, __VERIFIER_assert::cond@52: 1, __VERIFIER_assert::cond@54: 1, __VERIFIER_assert::cond@24: 1, __VERIFIER_assert::cond@26: 1, main::z@4: 6, __VERIFIER_assert::cond@28: 1, main::n@4: 0, __VERIFIER_assert::cond@20: 1, __VERIFIER_assert::cond@22: 1, main::a@3: 8, __VERIFIER_assert::cond@34: 1, __VERIFIER_assert::cond@36: 1, __VERIFIER_assert::cond@38: 1, __VERIFIER_assert::cond@6: 1, __VERIFIER_assert::cond@4: 1, __VERIFIER_assert::cond@30: 1, __VERIFIER_assert::cond@2: 1, __VERIFIER_assert::cond@32: 1, __VERIFIER_assert::cond@8: 1, main::y@4: 1, __VERIFIER_assert::cond@12: 1, __VERIFIER_nondet_ushort!2@: 8, __VERIFIER_assert::cond@14: 1, __VERIFIER_assert::cond@16: 1, __VERIFIER_assert::cond@18: 1, __VERIFIER_assert::cond@10: 1, main::z@10: 12, Integer_*_(16268, 9): 729, Integer_*_(16267, 8): 512, Integer_*_(16266, 7): 343, Integer_*_(16265, 5): 125, Integer_*_(16264, 4): 64, Integer_*_(16263, 3): 27, Integer_*_(16262, 2): 8, Integer_*_(16261, 1): 1, Integer_*_(729, 60): 25017, Integer_*_(271, 60): 16260, Integer_*_(217, 54): 11718, Integer_*_(169, 48): 8112, Integer_*_(127, 42): 5334, Integer_*_(91, 36): 3276, Integer_*_(61, 30): 1830, Integer_*_(60, 60): 3600, Integer_*_(54, 54): 2916, Integer_*_(48, 729): 16269, Integer_*_(48, 48): 2304, Integer_*_(42, 42): 1764, Integer_*_(37, 24): 888, Integer_*_(36, 36): 1296, Integer_*_(36, 6): 216, Integer_*_(30, 30): 900, Integer_*_(27, 9): 243, Integer_*_(24, 24): 576, Integer_*_(24, 8): 192, Integer_*_(21, 7): 147, Integer_*_(19, 18): 342, Integer_*_(18, 18): 324, Integer_*_(18, 6): 108, Integer_*_(15, 5): 75, Integer_*_(12, 12): 144, Integer_*_(12, 4): 48, Integer_*_(9, 9): 16268, Integer_*_(9, 3): 27, Integer_*_(8, 60): 25018, Integer_*_(8, 8): 16267, Integer_*_(7, 12): 84, Integer_*_(7, 7): 16266, Integer_*_(6, 6): 36, Integer_*_(6, 2): 12, Integer_*_(5, 5): 16265, Integer_*_(4, 4): 16264, Integer_*_(3, 3): 16263, Integer_*_(3, 1): 3, Integer_*_(2, 2): 16262, Integer_*_(1, 6): 6, Integer_*_(1, 1): 16261, Integer_*_(0, 0): 0]
Stopping analysis ... (CPAchecker.runAlgorithm, INFO)


PredicateCPA statistics
-----------------------
Number of abstractions:            20 (2% of all post computations)
  Times abstraction was reused:    0
  Because of function entry/exit:  0 (0%)
  Because of loop head:            0 (0%)
  Because of join nodes:           0 (0%)
  Because of threshold:            0 (0%)
  Because of target state:         20 (100%)
  Times precision was empty:       20 (100%)
  Times precision was {false}:     0 (0%)
  Times result was cached:         0 (0%)
  Times cartesian abs was used:    0 (0%)
  Times boolean abs was used:      0 (0%)
  Times result was 'false':        0 (0%)
Number of strengthen sat checks:   0
Number of coverage checks:         4
  BDD entailment checks:           0
Number of SMT sat checks:          0
  trivial:                         0
  cached:                          0

Max ABE block size:                       168
Avg ABE block size:                                99.50 (sum: 1990, count: 20, min: 31, max: 168)
Number of predicates discovered:          0

Time for post operator:                                0.263s
  Time for path formula creation:                      0.255s
Time for strengthen operator:                          0.008s
Time for prec operator:                                0.014s
  Time for abstraction:                  0.001s (Max:     0.001s, Count: 20)
    Solving time:                        0.000s (Max:     0.000s)
    Model enumeration time:              0.000s
    Time for BDD construction:           0.000s (Max:     0.000s)
Time for merge operator:                               0.002s
Time for coverage checks:                              0.000s
Total time for SMT solver (w/o itp):     0.000s

Total number of created targets for pointer analysis: 0



KeyValue statistics
-------------------
Init. function predicates:                         0
Init. global predicates:                           0
Init. location predicates:                         0

Invariant Generation statistics
-------------------------------

Bounds CPA statistics
---------------------
Bound k:                                           10
Maximum loop iteration reached:                    11


ValueAnalysisCPA statistics
---------------------------
Number of variables per state:                     4.25 (sum: 3155, count: 742, min: 0, max: 5)
Number of global variables per state:              0.00 (sum: 0, count: 742, min: 0, max: 0)
Number of assumptions:                                  426
Number of deterministic assumptions:                      0
Level of Determinism:                              0%

ValueAnalysisPrecisionAdjustment statistics
-------------------------------------------
Number of abstraction computations:                     743
Total time for liveness abstraction:                   0.000s
Total time for abstraction computation:                0.015s
Total time for path thresholds:                        0.000s

ConstraintsStrengthenOperator statistics
----------------------------------------
Total time for strengthening by ConstraintsCPA:     0.000s
Replaced symbolic expressions: 0

AutomatonAnalysis (SVCOMP) statistics
-------------------------------------
Number of states:                                  1
Total time for successor computation:                  0.012s
Automaton transfers with branching:                0
Automaton transfer successors:                     0.97 (sum: 743, count: 764, min: 0, max: 1) [0 x 21, 1 x 743]
Number of states with assumption transitions:      0

CPA algorithm statistics
------------------------
Number of iterations:            742
Max size of waitlist:            3
Average size of waitlist:        1
LoopstackSortedWaitlist:                           0.22 (sum: 131, count: 608, min: 0, max: 9)
ReversePostorderSortedWaitlist:                    0.00 (sum: 0, count: 608, min: 0, max: 0)
LoopIterationSortedWaitlist:                       0.22 (sum: 131, count: 608, min: 0, max: 9)
CallstackSortedWaitlist:                           134.00 (sum: 134, count: 1, min: 134, max: 134)
Number of computed successors:   743
Max successors for one state:    2
Number of times merged:          2
Number of times stopped:         2
Number of times breaked:         0

Total time for CPA algorithm:         0.609s (Max:     0.609s)
  Time for choose from waitlist:      0.019s
  Time for precision adjustment:      0.095s
  Time for transfer relation:         0.448s
  Time for merge operator:            0.004s
  Time for stop operator:             0.006s
  Time for adding to reached set:     0.022s

BMC algorithm statistics
------------------------
Time for BMC formula creation:                       0.611s
Time for final sat check:                            3.503s
Time for error-path creation:                        0.143s
Time for error-path post-processing:                 0.922s

CPAchecker general statistics
-----------------------------
Number of program locations:                       66
Number of CFA edges (per node):                          74 (count: 66, min: 0, max: 11, avg: 1.12)
Number of relevant variables:                      8
Number of functions:                               4
Number of loops (and loop nodes):                         1 (sum: 12, min: 12, max: 12, avg: 12.00)
Size of reached set:             742
  Number of reached locations:   59 (89%)
    Avg states per location:     12
    Max states per location:     110 (at node N10)
  Number of reached functions:   4 (100%)
  Number of partitions:          742
    Avg size of partitions:      1
    Max size of partitions:      1
  Number of target states:       20

Time for analysis setup:          2.036s
  Time for loading CPAs:          1.226s
  Time for loading parser:        0.229s
  Time for CFA construction:      0.515s
    Time for parsing file(s):     0.234s
    Time for AST to CFA:          0.148s
    Time for CFA sanity check:    0.000s
    Time for post-processing:     0.087s
    Time for loop structure:      0.005s
    Time for AST structure:       0.000s
      Time for function pointers resolving:            0.003s
        Function calls via function pointers:             0 (count: 1, min: 0, max: 0, avg: 0.00)
        Instrumented function pointer calls:              0 (count: 1, min: 0, max: 0, avg: 0.00)
        Function calls with function pointer arguments:        0 (count: 1, min: 0, max: 0, avg: 0.00)
        Instrumented function pointer arguments:          0 (count: 1, min: 0, max: 0, avg: 0.00)
      Time for classifying variables:                  0.052s
        Time for collecting variables:                 0.031s
        Time for solving dependencies:                 0.001s
        Time for building hierarchy:                   0.000s
        Time for building classification:              0.020s
        Time for exporting data:                       0.000s
Time for Analysis:                5.276s
CPU time for analysis:            8.430s
Time for analyzing result:        0.001s
Total time for CPAchecker:        7.312s
Total CPU time for CPAchecker:   12.380s
Time for statistics:              0.044s

Time for Garbage Collector:       0.104s (in 9 runs)
Garbage Collector(s) used:    G1 Old Generation, G1 Young Generation

Verification result: FALSE. Property violation (unreach-call: reach_error(); called in line 17) found by chosen configuration.
More details about the verification run can be found in the directory "./output".
