scripts/cpa.sh -heap 13000M -stack 50M -noout -benchmark -bmc -setprop cpa.predicate.useArraysForHeap=false -setprop cpa.predicate.memoryAllocationsAlwaysSucceed=true -setprop cpa.loopbound.maxLoopIterations=10 -setprop cpa.predicate.encodeFloatAs=INTEGER -setprop cpa.predicate.encodeBitvectorAs=INTEGER -setprop solver.solver=princess -timelimit 900s -stats -spec test/programs/benchmarks/properties/unreach-call.prp -32 test/programs/benchmarks/nla-digbench-scaling/hard2_valuebound50.c


--------------------------------------------------------------------------------


Running CPAchecker with Java heap of size 13000M.
Running CPAchecker with Java stack of size 50M.
Language C detected and set for analysis (CPAMain.detectFrontendLanguageIfNecessary, INFO)

Using the following resource limits: CPU-time limit of 900s (ResourceLimitChecker.fromConfiguration, INFO)

CPAchecker 2.3.1-svn-45350M / bmc (OpenJDK 64-Bit Server VM 17.0.8.1) started (CPAchecker.run, INFO)

Parsing CFA from file(s) "test/programs/benchmarks/nla-digbench-scaling/hard2_valuebound50.c" (CPAchecker.parse, INFO)

Using unsound approximation of ints with unbounded integers and floats with unbounded integers for encoding program semantics. (PredicateCPA:FormulaManagerView.<init>, WARNING)

Using predicate analysis with Princess 2023-04-07. (PredicateCPA:PredicateCPA.<init>, INFO)

Using unsound approximation of ints with unbounded integers and floats with unbounded integers for encoding program semantics. (AssumptionStorageCPA:FormulaManagerView.<init>, WARNING)

Starting analysis ... (CPAchecker.runAlgorithm, INFO)

Creating formula for program (AbstractBMCAlgorithm.run, INFO)

Starting satisfiability check... (AbstractBMCAlgorithm.boundedModelCheck, INFO)

Error found, creating error path (AbstractBMCAlgorithm.analyzeCounterexample0, INFO)

{__VERIFIER_assert::cond@37 -> 0, __VERIFIER_assert::cond@36 -> 1, __VERIFIER_assert::cond@35 -> 1, main::q@9 -> 33, main::r@9 -> 5, main::p@15 -> 1, main::d@15 -> 1, __VERIFIER_assert::cond@34 -> 1, main::p@14 -> 16, main::d@14 -> 16, __VERIFIER_assert::cond@33 -> 1, __VERIFIER_assert::cond@32 -> 1, __VERIFIER_assert::cond@31 -> 1, __VERIFIER_assert::cond@30 -> 1, main::q@8 -> 32, main::r@8 -> 6, main::p@13 -> 34, main::d@13 -> 34, __VERIFIER_assert::cond@29 -> 1, main::p@12 -> -1, main::d@12 -> -1, __VERIFIER_assert::cond@28 -> 1, __VERIFIER_assert::cond@27 -> 1, __VERIFIER_assert::cond@26 -> 1, __VERIFIER_assert::cond@25 -> 1, main::q@7 -> 32, main::r@7 -> 6, main::p@11 -> -18, main::d@11 -> -18, __VERIFIER_assert::cond@24 -> 1, main::p@10 -> 17, main::d@10 -> 17, __VERIFIER_assert::cond@23 -> 1, __VERIFIER_assert::cond@22 -> 1, __VERIFIER_assert::cond@21 -> 1, __VERIFIER_assert::cond@20 -> 1, main::q@6 -> -2, main::r@6 -> 40, main::p@9 -> 64, main::d@9 -> 64, __VERIFIER_assert::cond@19 -> 1, main::p@8 -> 32, main::d@8 -> 32, __VERIFIER_assert::cond@18 -> 1, __VERIFIER_assert::cond@17 -> 1, __VERIFIER_assert::cond@16 -> 1, __VERIFIER_assert::cond@15 -> 1, main::q@5 -> -1, main::r@5 -> 39, main::p@7 -> 16, main::d@7 -> 16, __VERIFIER_assert::cond@14 -> 1, main::p@6 -> 8, main::d@6 -> 8, __VERIFIER_assert::cond@13 -> 1, __VERIFIER_assert::cond@12 -> 1, __VERIFIER_assert::cond@11 -> 1, __VERIFIER_assert::cond@10 -> 1, main::q@4 -> 17, main::r@4 -> 21, main::p@5 -> 4, main::d@5 -> 4, __VERIFIER_assert::cond@9 -> 1, main::p@4 -> 2, main::d@4 -> 2, __VERIFIER_assert::cond@8 -> 1, __VERIFIER_assert::cond@7 -> 1, __VERIFIER_assert::cond@6 -> 1, __VERIFIER_assert::cond@5 -> 1, __VERIFIER_assert::cond@4 -> 1, __VERIFIER_assert::cond@3 -> 1, __VERIFIER_assert::cond@2 -> 1, main::q@3 -> 0, main::p@3 -> 1, main::d@3 -> 1, main::r@3 -> 38, main::B@3 -> 1, assume_abort_if_not::cond@2 -> 1, main::__CPAchecker_TMP_0@3 -> 1, main::A@3 -> 38, __VERIFIER_nondet_int!2@ -> 38, abbrev_62_def -> true, abbrev_62 -> true, abbrev_60_def -> true, abbrev_60 -> true, abbrev_58_def -> true, abbrev_58 -> true, abbrev_56_def -> true, abbrev_56 -> true, abbrev_54_def -> true, abbrev_54 -> true, abbrev_52_def -> true, abbrev_52 -> true, abbrev_50_def -> true, abbrev_50 -> true, abbrev_30_def -> true, abbrev_30 -> true, abbrev_18_def -> true, abbrev_18 -> true, abbrev_14_def -> true, abbrev_14 -> true, Integer_/_(64, 2) -> 17, Integer_/_(34, 2) -> 16, Integer_/_(-18, 2) -> -2, Integer_/_(17, 2) -> -18, Integer_/_(16, 2) -> 1, Integer_/_(-1, 2) -> 33, Integer_*_(33, 1) -> 33, Integer_*_(32, 1) -> 32, Integer_*_(17, 1) -> 17, Integer_*_(-2, 1) -> -2, Integer_*_(-1, 1) -> -1, Integer_*_(1, 64) -> 64, Integer_*_(1, 34) -> 34, Integer_*_(1, 33) -> 65, Integer_*_(1, 32) -> 32, Integer_*_(1, -18) -> -18, Integer_*_(1, 17) -> 17, Integer_*_(1, 16) -> 16, Integer_*_(1, 8) -> 8, Integer_*_(1, 4) -> 4, Integer_*_(1, 2) -> 2, Integer_*_(1, -1) -> -1, Integer_*_(1, 1) -> 1, Integer_*_(0, 1) -> 0, abbrev_112_def -> false, abbrev_112 -> false, abbrev_110_def -> false, abbrev_110 -> false, abbrev_108_def -> false, abbrev_108 -> false, abbrev_106_def -> false, abbrev_106 -> false, abbrev_104_def -> false, abbrev_104 -> false, abbrev_102_def -> false, abbrev_102 -> false, abbrev_100_def -> false, abbrev_100 -> false, abbrev_98_def -> false, abbrev_98 -> false, abbrev_96_def -> false, abbrev_96 -> false, abbrev_94_def -> false, abbrev_94 -> false, abbrev_92_def -> false, abbrev_92 -> false, abbrev_90_def -> false, abbrev_90 -> false, abbrev_88_def -> false, abbrev_88 -> false, abbrev_86_def -> false, abbrev_86 -> false, abbrev_84_def -> false, abbrev_84 -> false, abbrev_82_def -> false, abbrev_82 -> false, abbrev_80_def -> false, abbrev_80 -> false, abbrev_78_def -> false, abbrev_78 -> false, abbrev_76_def -> false, abbrev_76 -> false, abbrev_74_def -> false, abbrev_74 -> false, abbrev_72_def -> false, abbrev_72 -> false, abbrev_70_def -> false, abbrev_70 -> false, abbrev_68_def -> false, abbrev_68 -> false, abbrev_66_def -> false, abbrev_66 -> false, abbrev_64_def -> false, abbrev_64 -> false, abbrev_48_def -> false, abbrev_48 -> false, abbrev_46_def -> false, abbrev_46 -> false, abbrev_44_def -> false, abbrev_44 -> false, abbrev_42_def -> false, abbrev_42 -> false, abbrev_40_def -> false, abbrev_40 -> false, abbrev_38_def -> false, abbrev_38 -> false, abbrev_36_def -> false, abbrev_36 -> false, abbrev_34_def -> false, abbrev_34 -> false, abbrev_32_def -> false, abbrev_32 -> false, abbrev_28_def -> false, abbrev_28 -> false, abbrev_26_def -> false, abbrev_26 -> false, abbrev_24_def -> false, abbrev_24 -> false, abbrev_22_def -> false, abbrev_22 -> false, abbrev_20_def -> false, abbrev_20 -> false, abbrev_16_def -> false, abbrev_16 -> false}
{__VERIFIER_assert::cond@72 -> 0, __VERIFIER_assert::cond@70 -> 1, __VERIFIER_assert::cond@68 -> 1, main::q@42 -> -31, main::r@42 -> 63, main::p@49 -> 1, main::d@49 -> 1, __VERIFIER_assert::cond@66 -> 1, __VERIFIER_assert::cond@64 -> 1, main::p@46 -> 65, main::d@46 -> 65, __VERIFIER_assert::cond@62 -> 1, __VERIFIER_assert::cond@60 -> 1, main::q@37 -> -32, main::r@37 -> 64, main::p@43 -> -28, main::d@43 -> -28, __VERIFIER_assert::cond@58 -> 1, __VERIFIER_assert::cond@56 -> 1, main::q@34 -> -4, main::r@34 -> 36, main::p@40 -> -29, main::d@40 -> -29, __VERIFIER_assert::cond@54 -> 1, main::q@31 -> 25, main::r@31 -> 7, main::p@37 -> 7, main::d@37 -> 7, main::q@28 -> 18, main::r@28 -> 14, main::p@34 -> 18, main::d@34 -> 18, main::p@28 -> 64, main::d@28 -> 64, main::p@24 -> 32, main::d@24 -> 32, main::B@4 -> 1, main::p@16 -> 8, main::p@12 -> 4, main::p@4 -> 1, main::p@8 -> 2, main::d@8 -> 2, assume_abort_if_not::cond@2 -> 1, main::__CPAchecker_TMP_0@3 -> 1, __VERIFIER_assert::cond@46 -> 1, __VERIFIER_assert::cond@48 -> 1, __VERIFIER_assert::cond@40 -> 1, __VERIFIER_assert::cond@42 -> 1, __VERIFIER_nondet_int!2@ -> 32, __VERIFIER_assert::cond@44 -> 1, main::p@20 -> 16, __VERIFIER_assert::cond@50 -> 1, __VERIFIER_assert::cond@52 -> 1, main::A@3 -> 32, __VERIFIER_assert::cond@24 -> 1, __VERIFIER_assert::cond@26 -> 1, __VERIFIER_assert::cond@28 -> 1, main::d@16 -> 8, main::r@4 -> 32, __VERIFIER_assert::cond@20 -> 1, __VERIFIER_assert::cond@22 -> 1, main::d@12 -> 4, __VERIFIER_assert::cond@34 -> 1, __VERIFIER_assert::cond@36 -> 1, __VERIFIER_assert::cond@38 -> 1, __VERIFIER_assert::cond@6 -> 1, __VERIFIER_assert::cond@4 -> 1, __VERIFIER_assert::cond@30 -> 1, __VERIFIER_assert::cond@2 -> 1, __VERIFIER_assert::cond@32 -> 1, __VERIFIER_assert::cond@8 -> 1, main::q@4 -> 0, main::d@4 -> 1, __VERIFIER_assert::cond@12 -> 1, __VERIFIER_assert::cond@14 -> 1, __VERIFIER_assert::cond@16 -> 1, __VERIFIER_assert::cond@18 -> 1, __VERIFIER_assert::cond@10 -> 1, main::d@20 -> 16, Integer_/_(65, 2) -> 1, Integer_/_(64, 2) -> 18, Integer_/_(-29, 2) -> -29, Integer_/_(-28, 2) -> 64, Integer_/_(18, 2) -> 7, Integer_/_(7, 2) -> -29, Integer_*_(-32, 1) -> -32, Integer_*_(-31, 1) -> -31, Integer_*_(25, 1) -> 25, Integer_*_(18, 1) -> 18, Integer_*_(-4, 1) -> -4, Integer_*_(1, 65) -> 65, Integer_*_(1, 64) -> 64, Integer_*_(1, 32) -> 32, Integer_*_(1, -31) -> -30, Integer_*_(1, -29) -> -29, Integer_*_(1, -28) -> -28, Integer_*_(1, 18) -> 18, Integer_*_(1, 16) -> 16, Integer_*_(1, 8) -> 8, Integer_*_(1, 7) -> 7, Integer_*_(1, 4) -> 4, Integer_*_(1, 2) -> 2, Integer_*_(1, 1) -> 1, Integer_*_(0, 1) -> 0}
[__VERIFIER_assert::cond@72: 0, __VERIFIER_assert::cond@70: 1, __VERIFIER_assert::cond@68: 1, main::q@42: -31, main::r@42: 63, main::p@49: 1, main::d@49: 1, __VERIFIER_assert::cond@66: 1, __VERIFIER_assert::cond@64: 1, main::p@46: 65, main::d@46: 65, __VERIFIER_assert::cond@62: 1, __VERIFIER_assert::cond@60: 1, main::q@37: -32, main::r@37: 64, main::p@43: -28, main::d@43: -28, __VERIFIER_assert::cond@58: 1, __VERIFIER_assert::cond@56: 1, main::q@34: -4, main::r@34: 36, main::p@40: -29, main::d@40: -29, __VERIFIER_assert::cond@54: 1, main::q@31: 25, main::r@31: 7, main::p@37: 7, main::d@37: 7, main::q@28: 18, main::r@28: 14, main::p@34: 18, main::d@34: 18, main::p@28: 64, main::d@28: 64, main::p@24: 32, main::d@24: 32, main::B@4: 1, main::p@16: 8, main::p@12: 4, main::p@4: 1, main::p@8: 2, main::d@8: 2, assume_abort_if_not::cond@2: 1, main::__CPAchecker_TMP_0@3: 1, __VERIFIER_assert::cond@46: 1, __VERIFIER_assert::cond@48: 1, __VERIFIER_assert::cond@40: 1, __VERIFIER_assert::cond@42: 1, __VERIFIER_nondet_int!2@: 32, __VERIFIER_assert::cond@44: 1, main::p@20: 16, __VERIFIER_assert::cond@50: 1, __VERIFIER_assert::cond@52: 1, main::A@3: 32, __VERIFIER_assert::cond@24: 1, __VERIFIER_assert::cond@26: 1, __VERIFIER_assert::cond@28: 1, main::d@16: 8, main::r@4: 32, __VERIFIER_assert::cond@20: 1, __VERIFIER_assert::cond@22: 1, main::d@12: 4, __VERIFIER_assert::cond@34: 1, __VERIFIER_assert::cond@36: 1, __VERIFIER_assert::cond@38: 1, __VERIFIER_assert::cond@6: 1, __VERIFIER_assert::cond@4: 1, __VERIFIER_assert::cond@30: 1, __VERIFIER_assert::cond@2: 1, __VERIFIER_assert::cond@32: 1, __VERIFIER_assert::cond@8: 1, main::q@4: 0, main::d@4: 1, __VERIFIER_assert::cond@12: 1, __VERIFIER_assert::cond@14: 1, __VERIFIER_assert::cond@16: 1, __VERIFIER_assert::cond@18: 1, __VERIFIER_assert::cond@10: 1, main::d@20: 16, Integer_/_(65, 2): 1, Integer_/_(64, 2): 18, Integer_/_(-29, 2): -29, Integer_/_(-28, 2): 64, Integer_/_(18, 2): 7, Integer_/_(7, 2): -29, Integer_*_(-32, 1): -32, Integer_*_(-31, 1): -31, Integer_*_(25, 1): 25, Integer_*_(18, 1): 18, Integer_*_(-4, 1): -4, Integer_*_(1, 65): 65, Integer_*_(1, 64): 64, Integer_*_(1, 32): 32, Integer_*_(1, -31): -30, Integer_*_(1, -29): -29, Integer_*_(1, -28): -28, Integer_*_(1, 18): 18, Integer_*_(1, 16): 16, Integer_*_(1, 8): 8, Integer_*_(1, 7): 7, Integer_*_(1, 4): 4, Integer_*_(1, 2): 2, Integer_*_(1, 1): 1, Integer_*_(0, 1): 0]
Stopping analysis ... (CPAchecker.runAlgorithm, INFO)


PredicateCPA statistics
-----------------------
Number of abstractions:            75 (4% of all post computations)
  Times abstraction was reused:    0
  Because of function entry/exit:  0 (0%)
  Because of loop head:            0 (0%)
  Because of join nodes:           0 (0%)
  Because of threshold:            0 (0%)
  Because of target state:         75 (100%)
  Times precision was empty:       75 (100%)
  Times precision was {false}:     0 (0%)
  Times result was cached:         0 (0%)
  Times cartesian abs was used:    0 (0%)
  Times boolean abs was used:      0 (0%)
  Times result was 'false':        0 (0%)
Number of strengthen sat checks:   0
Number of coverage checks:         94
  BDD entailment checks:           0
Number of SMT sat checks:          0
  trivial:                         0
  cached:                          0

Max ABE block size:                       203
Avg ABE block size:                                105.40 (sum: 7905, count: 75, min: 22, max: 203)
Number of predicates discovered:          0

Time for post operator:                                0.377s
  Time for path formula creation:                      0.371s
Time for strengthen operator:                          0.017s
Time for prec operator:                                0.022s
  Time for abstraction:                  0.002s (Max:     0.001s, Count: 75)
    Solving time:                        0.000s (Max:     0.000s)
    Model enumeration time:              0.000s
    Time for BDD construction:           0.000s (Max:     0.000s)
Time for merge operator:                               0.011s
Time for coverage checks:                              0.000s
Total time for SMT solver (w/o itp):     0.000s

Total number of created targets for pointer analysis: 0



KeyValue statistics
-------------------
Init. function predicates:                         0
Init. global predicates:                           0
Init. location predicates:                         0

Invariant Generation statistics
-------------------------------

Bounds CPA statistics
---------------------
Bound k:                                           10
Maximum loop iteration reached:                    11


ValueAnalysisCPA statistics
---------------------------
Number of variables per state:                     3.53 (sum: 5595, count: 1584, min: 0, max: 5)
Number of global variables per state:              0.00 (sum: 0, count: 1584, min: 0, max: 0)
Number of assumptions:                                  826
Number of deterministic assumptions:                      0
Level of Determinism:                              0%

ValueAnalysisPrecisionAdjustment statistics
-------------------------------------------
Number of abstraction computations:                    1630
Total time for liveness abstraction:                   0.000s
Total time for abstraction computation:                0.028s
Total time for path thresholds:                        0.000s

ConstraintsStrengthenOperator statistics
----------------------------------------
Total time for strengthening by ConstraintsCPA:     0.000s
Replaced symbolic expressions: 0

AutomatonAnalysis (SVCOMP) statistics
-------------------------------------
Number of states:                                  1
Total time for successor computation:                  0.055s
Automaton transfers with branching:                0
Automaton transfer successors:                     0.96 (sum: 1630, count: 1706, min: 0, max: 1) [0 x 76, 1 x 1630]
Number of states with assumption transitions:      0

CPA algorithm statistics
------------------------
Number of iterations:            1584
Max size of waitlist:            3
Average size of waitlist:        2
LoopstackSortedWaitlist:                           0.92 (sum: 756, count: 825, min: 0, max: 110)
ReversePostorderSortedWaitlist:                    0.00 (sum: 0, count: 825, min: 0, max: 0)
LoopIterationSortedWaitlist:                       0.92 (sum: 756, count: 825, min: 0, max: 110)
CallstackSortedWaitlist:                           759.00 (sum: 759, count: 1, min: 759, max: 759)
Number of computed successors:   1630
Max successors for one state:    2
Number of times merged:          47
Number of times stopped:         47
Number of times breaked:         0

Total time for CPA algorithm:         0.963s (Max:     0.963s)
  Time for choose from waitlist:      0.030s
  Time for precision adjustment:      0.125s
  Time for transfer relation:         0.686s
  Time for merge operator:            0.026s
  Time for stop operator:             0.014s
  Time for adding to reached set:     0.045s

BMC algorithm statistics
------------------------
Time for BMC formula creation:                       0.965s
Time for final sat check:                          272.563s
Time for error-path creation:                        0.121s
Time for error-path post-processing:                 1.889s

CPAchecker general statistics
-----------------------------
Number of program locations:                       73
Number of CFA edges (per node):                          79 (count: 73, min: 0, max: 7, avg: 1.08)
Number of relevant variables:                      9
Number of functions:                               4
Number of loops (and loop nodes):                         2 (sum: 19, min: 8, max: 11, avg: 9.50)
Size of reached set:             1584
  Number of reached locations:   66 (90%)
    Avg states per location:     24
    Max states per location:     160 (at node N10)
  Number of reached functions:   4 (100%)
  Number of partitions:          1584
    Avg size of partitions:      1
    Max size of partitions:      1
  Number of target states:       75

Time for analysis setup:          2.096s
  Time for loading CPAs:          1.188s
  Time for loading parser:        0.259s
  Time for CFA construction:      0.586s
    Time for parsing file(s):     0.319s
    Time for AST to CFA:          0.133s
    Time for CFA sanity check:    0.000s
    Time for post-processing:     0.091s
    Time for loop structure:      0.006s
    Time for AST structure:       0.000s
      Time for function pointers resolving:            0.002s
        Function calls via function pointers:             0 (count: 1, min: 0, max: 0, avg: 0.00)
        Instrumented function pointer calls:              0 (count: 1, min: 0, max: 0, avg: 0.00)
        Function calls with function pointer arguments:        0 (count: 1, min: 0, max: 0, avg: 0.00)
        Instrumented function pointer arguments:          0 (count: 1, min: 0, max: 0, avg: 0.00)
      Time for classifying variables:                  0.054s
        Time for collecting variables:                 0.032s
        Time for solving dependencies:                 0.001s
        Time for building hierarchy:                   0.000s
        Time for building classification:              0.021s
        Time for exporting data:                       0.000s
Time for Analysis:              275.635s
CPU time for analysis:          299.500s
Time for analyzing result:        0.002s
Total time for CPAchecker:      277.732s
Total CPU time for CPAchecker:  303.500s
Time for statistics:              0.065s

Time for Garbage Collector:       0.409s (in 88 runs)
Garbage Collector(s) used:    G1 Old Generation, G1 Young Generation

Verification result: FALSE. Property violation (unreach-call: reach_error(); called in line 17) found by chosen configuration.
More details about the verification run can be found in the directory "./output".
