scripts/cpa.sh -heap 13000M -stack 50M -noout -benchmark -bmc -setprop cpa.predicate.useArraysForHeap=false -setprop cpa.predicate.memoryAllocationsAlwaysSucceed=true -setprop cpa.loopbound.maxLoopIterations=10 -setprop cpa.predicate.encodeFloatAs=INTEGER -setprop cpa.predicate.encodeBitvectorAs=INTEGER -setprop solver.solver=princess_binary -setprop proveroptions.option=use_binary -timelimit 900s -stats -spec test/programs/benchmarks/properties/unreach-call.prp -64 test/programs/benchmarks/ldv-linux-3.14/linux-3.14_linux-kernel-locking-spinlock_drivers-net-ethernet-qlogic-qlge-qlge.cil.i


--------------------------------------------------------------------------------


Running CPAchecker with Java heap of size 13000M.
Running CPAchecker with Java stack of size 50M.
Language C detected and set for analysis (CPAMain.detectFrontendLanguageIfNecessary, INFO)

Using the following resource limits: CPU-time limit of 900s (ResourceLimitChecker.fromConfiguration, INFO)

CPAchecker 2.3.1-svn-45350M / bmc (OpenJDK 64-Bit Server VM 17.0.8.1) started (CPAchecker.run, INFO)

Parsing CFA from file(s) "test/programs/benchmarks/ldv-linux-3.14/linux-3.14_linux-kernel-locking-spinlock_drivers-net-ethernet-qlogic-qlge-qlge.cil.i" (CPAchecker.parse, INFO)

line 6576: Dead code detected: return (1); (CFACreationUtils.addEdgeToCFA, INFO)

line 6734: Dead code detected: return (1); (CFACreationUtils.addEdgeToCFA, INFO)

Dead code detected: Label switch_break is not reachable. (CFAFunctionBuilder.leave, INFO)

Dead code detected: Label switch_break is not reachable. (CFAFunctionBuilder.leave, INFO)

Dead code detected: Label switch_break is not reachable. (CFAFunctionBuilder.leave, INFO)

Dead code detected: Label switch_break is not reachable. (CFAFunctionBuilder.leave, INFO)

Dead code detected: Label switch_break is not reachable. (CFAFunctionBuilder.leave, INFO)

line 11814: Dead code detected: goto case_1; (CFACreationUtils.addEdgeToCFA, INFO)

line 11833: Dead code detected: goto case_1___0; (CFACreationUtils.addEdgeToCFA, INFO)

line 11837: Dead code detected: goto case_2; (CFACreationUtils.addEdgeToCFA, INFO)

line 11845: Dead code detected: goto case_8; (CFACreationUtils.addEdgeToCFA, INFO)

line 11848: Dead code detected: goto switch_default; (CFACreationUtils.addEdgeToCFA, INFO)

line 11818: Dead code detected: goto case_2___0; (CFACreationUtils.addEdgeToCFA, INFO)

line 11873: Dead code detected: goto case_1___1; (CFACreationUtils.addEdgeToCFA, INFO)

line 11877: Dead code detected: goto case_2___1; (CFACreationUtils.addEdgeToCFA, INFO)

line 11885: Dead code detected: goto case_8___0; (CFACreationUtils.addEdgeToCFA, INFO)

line 11888: Dead code detected: goto switch_default___0; (CFACreationUtils.addEdgeToCFA, INFO)

line 11913: Dead code detected: goto case_1___2; (CFACreationUtils.addEdgeToCFA, INFO)

line 11917: Dead code detected: goto case_2___2; (CFACreationUtils.addEdgeToCFA, INFO)

line 11925: Dead code detected: goto case_8___1; (CFACreationUtils.addEdgeToCFA, INFO)

line 11928: Dead code detected: goto switch_default___1; (CFACreationUtils.addEdgeToCFA, INFO)

line 11826: Dead code detected: goto case_8___2; (CFACreationUtils.addEdgeToCFA, INFO)

line 11953: Dead code detected: goto case_1___3; (CFACreationUtils.addEdgeToCFA, INFO)

line 11957: Dead code detected: goto case_2___3; (CFACreationUtils.addEdgeToCFA, INFO)

line 11965: Dead code detected: goto case_8___3; (CFACreationUtils.addEdgeToCFA, INFO)

line 11968: Dead code detected: goto switch_default___2; (CFACreationUtils.addEdgeToCFA, INFO)

line 11829: Dead code detected: goto switch_default___3; (CFACreationUtils.addEdgeToCFA, INFO)

Dead code detected: Label case_4___0 is not reachable. (CFAFunctionBuilder.leave, INFO)

Dead code detected: Label case_4___3 is not reachable. (CFAFunctionBuilder.leave, INFO)

Dead code detected: Label case_8___3 is not reachable. (CFAFunctionBuilder.leave, INFO)

Dead code detected: Label case_8___2 is not reachable. (CFAFunctionBuilder.leave, INFO)

Dead code detected: Label case_8___1 is not reachable. (CFAFunctionBuilder.leave, INFO)

Dead code detected: Label case_8 is not reachable. (CFAFunctionBuilder.leave, INFO)

Dead code detected: Label case_8___0 is not reachable. (CFAFunctionBuilder.leave, INFO)

Dead code detected: Label case_4 is not reachable. (CFAFunctionBuilder.leave, INFO)

Dead code detected: Label case_1 is not reachable. (CFAFunctionBuilder.leave, INFO)

Dead code detected: Label case_2 is not reachable. (CFAFunctionBuilder.leave, INFO)

Dead code detected: Label switch_break is not reachable. (CFAFunctionBuilder.leave, INFO)

Dead code detected: Label switch_default is not reachable. (CFAFunctionBuilder.leave, INFO)

Dead code detected: Label case_2___2 is not reachable. (CFAFunctionBuilder.leave, INFO)

Dead code detected: Label case_2___3 is not reachable. (CFAFunctionBuilder.leave, INFO)

Dead code detected: Label case_2___0 is not reachable. (CFAFunctionBuilder.leave, INFO)

Dead code detected: Label case_2___1 is not reachable. (CFAFunctionBuilder.leave, INFO)

Dead code detected: Label case_1___1 is not reachable. (CFAFunctionBuilder.leave, INFO)

Dead code detected: Label case_1___2 is not reachable. (CFAFunctionBuilder.leave, INFO)

Dead code detected: Label case_1___3 is not reachable. (CFAFunctionBuilder.leave, INFO)

Dead code detected: Label case_1___0 is not reachable. (CFAFunctionBuilder.leave, INFO)

line 16017: Dead code detected: return (arg0); (CFACreationUtils.addEdgeToCFA, INFO)

line 16036: Dead code detected: return (arg0); (CFACreationUtils.addEdgeToCFA, INFO)

line 16039: Dead code detected: return (arg0); (CFACreationUtils.addEdgeToCFA, INFO)

line 16041: Dead code detected: return (arg0); (CFACreationUtils.addEdgeToCFA, INFO)

line 16053: Dead code detected: return (arg0); (CFACreationUtils.addEdgeToCFA, INFO)

line 16362: Dead code detected: return; (CFACreationUtils.addEdgeToCFA, INFO)

line 16384: Dead code detected: return; (CFACreationUtils.addEdgeToCFA, INFO)

line 16396: Dead code detected: return; (CFACreationUtils.addEdgeToCFA, INFO)

line 16465: Dead code detected: return; (CFACreationUtils.addEdgeToCFA, INFO)

line 16489: Dead code detected: return (arg0); (CFACreationUtils.addEdgeToCFA, INFO)

line 16565: Dead code detected: return; (CFACreationUtils.addEdgeToCFA, INFO)

line 16704: Dead code detected: goto ldv_call_1; (CFACreationUtils.addEdgeToCFA, INFO)

line 16711: Dead code detected: goto ldv_call_1; (CFACreationUtils.addEdgeToCFA, INFO)

line 16712: Dead code detected: goto ldv_call_1; (CFACreationUtils.addEdgeToCFA, INFO)

line 16719: Dead code detected: goto ldv_call_1; (CFACreationUtils.addEdgeToCFA, INFO)

line 16720: Dead code detected: goto ldv_call_1; (CFACreationUtils.addEdgeToCFA, INFO)

line 16721: Dead code detected: goto ldv_call_1; (CFACreationUtils.addEdgeToCFA, INFO)

line 16728: Dead code detected: goto ldv_call_1; (CFACreationUtils.addEdgeToCFA, INFO)

line 16729: Dead code detected: goto ldv_call_1; (CFACreationUtils.addEdgeToCFA, INFO)

line 16730: Dead code detected: goto ldv_call_1; (CFACreationUtils.addEdgeToCFA, INFO)

line 16731: Dead code detected: goto ldv_call_1; (CFACreationUtils.addEdgeToCFA, INFO)

line 16742: Dead code detected: goto ldv_call_1; (CFACreationUtils.addEdgeToCFA, INFO)

line 16743: Dead code detected: goto ldv_call_1; (CFACreationUtils.addEdgeToCFA, INFO)

line 16744: Dead code detected: goto ldv_call_1; (CFACreationUtils.addEdgeToCFA, INFO)

line 16745: Dead code detected: goto ldv_call_1; (CFACreationUtils.addEdgeToCFA, INFO)

line 16746: Dead code detected: goto ldv_call_1; (CFACreationUtils.addEdgeToCFA, INFO)

line 16754: Dead code detected: goto ldv_call_1; (CFACreationUtils.addEdgeToCFA, INFO)

line 16755: Dead code detected: goto ldv_call_1; (CFACreationUtils.addEdgeToCFA, INFO)

line 16756: Dead code detected: goto ldv_call_1; (CFACreationUtils.addEdgeToCFA, INFO)

line 16757: Dead code detected: goto ldv_call_1; (CFACreationUtils.addEdgeToCFA, INFO)

line 16758: Dead code detected: goto ldv_call_1; (CFACreationUtils.addEdgeToCFA, INFO)

line 16759: Dead code detected: goto ldv_call_1; (CFACreationUtils.addEdgeToCFA, INFO)

line 16767: Dead code detected: goto ldv_call_1; (CFACreationUtils.addEdgeToCFA, INFO)

line 16768: Dead code detected: goto ldv_call_1; (CFACreationUtils.addEdgeToCFA, INFO)

line 16769: Dead code detected: goto ldv_call_1; (CFACreationUtils.addEdgeToCFA, INFO)

line 16770: Dead code detected: goto ldv_call_1; (CFACreationUtils.addEdgeToCFA, INFO)

line 16771: Dead code detected: goto ldv_call_1; (CFACreationUtils.addEdgeToCFA, INFO)

line 16772: Dead code detected: goto ldv_call_1; (CFACreationUtils.addEdgeToCFA, INFO)

line 16773: Dead code detected: goto ldv_call_1; (CFACreationUtils.addEdgeToCFA, INFO)

line 16780: Dead code detected: goto ldv_call_1; (CFACreationUtils.addEdgeToCFA, INFO)

line 16781: Dead code detected: goto ldv_call_1; (CFACreationUtils.addEdgeToCFA, INFO)

line 16782: Dead code detected: goto ldv_call_1; (CFACreationUtils.addEdgeToCFA, INFO)

line 16783: Dead code detected: goto ldv_call_1; (CFACreationUtils.addEdgeToCFA, INFO)

line 16784: Dead code detected: goto ldv_call_1; (CFACreationUtils.addEdgeToCFA, INFO)

line 16785: Dead code detected: goto ldv_call_1; (CFACreationUtils.addEdgeToCFA, INFO)

line 16786: Dead code detected: goto ldv_call_1; (CFACreationUtils.addEdgeToCFA, INFO)

line 16787: Dead code detected: goto ldv_call_1; (CFACreationUtils.addEdgeToCFA, INFO)

line 16793: Dead code detected: goto ldv_call_1; (CFACreationUtils.addEdgeToCFA, INFO)

line 16794: Dead code detected: goto ldv_call_1; (CFACreationUtils.addEdgeToCFA, INFO)

line 16795: Dead code detected: goto ldv_call_1; (CFACreationUtils.addEdgeToCFA, INFO)

line 16796: Dead code detected: goto ldv_call_1; (CFACreationUtils.addEdgeToCFA, INFO)

line 16797: Dead code detected: goto ldv_call_1; (CFACreationUtils.addEdgeToCFA, INFO)

line 16798: Dead code detected: goto ldv_call_1; (CFACreationUtils.addEdgeToCFA, INFO)

line 16799: Dead code detected: goto ldv_call_1; (CFACreationUtils.addEdgeToCFA, INFO)

line 16800: Dead code detected: goto ldv_call_1; (CFACreationUtils.addEdgeToCFA, INFO)

line 16801: Dead code detected: goto ldv_call_1; (CFACreationUtils.addEdgeToCFA, INFO)

line 16808: Dead code detected: goto ldv_call_1; (CFACreationUtils.addEdgeToCFA, INFO)

line 16809: Dead code detected: goto ldv_call_1; (CFACreationUtils.addEdgeToCFA, INFO)

line 16810: Dead code detected: goto ldv_call_1; (CFACreationUtils.addEdgeToCFA, INFO)

line 16811: Dead code detected: goto ldv_call_1; (CFACreationUtils.addEdgeToCFA, INFO)

line 16812: Dead code detected: goto ldv_call_1; (CFACreationUtils.addEdgeToCFA, INFO)

line 16813: Dead code detected: goto ldv_call_1; (CFACreationUtils.addEdgeToCFA, INFO)

line 16814: Dead code detected: goto ldv_call_1; (CFACreationUtils.addEdgeToCFA, INFO)

line 16815: Dead code detected: goto ldv_call_1; (CFACreationUtils.addEdgeToCFA, INFO)

line 16816: Dead code detected: goto ldv_call_1; (CFACreationUtils.addEdgeToCFA, INFO)

line 16817: Dead code detected: goto ldv_call_1; (CFACreationUtils.addEdgeToCFA, INFO)

line 16823: Dead code detected: goto ldv_call_1; (CFACreationUtils.addEdgeToCFA, INFO)

line 16824: Dead code detected: goto ldv_call_1; (CFACreationUtils.addEdgeToCFA, INFO)

line 16825: Dead code detected: goto ldv_call_1; (CFACreationUtils.addEdgeToCFA, INFO)

line 16826: Dead code detected: goto ldv_call_1; (CFACreationUtils.addEdgeToCFA, INFO)

line 16827: Dead code detected: goto ldv_call_1; (CFACreationUtils.addEdgeToCFA, INFO)

line 16828: Dead code detected: goto ldv_call_1; (CFACreationUtils.addEdgeToCFA, INFO)

line 16829: Dead code detected: goto ldv_call_1; (CFACreationUtils.addEdgeToCFA, INFO)

line 16830: Dead code detected: goto ldv_call_1; (CFACreationUtils.addEdgeToCFA, INFO)

line 16831: Dead code detected: goto ldv_call_1; (CFACreationUtils.addEdgeToCFA, INFO)

line 16832: Dead code detected: goto ldv_call_1; (CFACreationUtils.addEdgeToCFA, INFO)

line 16833: Dead code detected: goto ldv_call_1; (CFACreationUtils.addEdgeToCFA, INFO)

line 16840: Dead code detected: goto ldv_call_1; (CFACreationUtils.addEdgeToCFA, INFO)

line 16841: Dead code detected: goto ldv_call_1; (CFACreationUtils.addEdgeToCFA, INFO)

line 16842: Dead code detected: goto ldv_call_1; (CFACreationUtils.addEdgeToCFA, INFO)

line 16843: Dead code detected: goto ldv_call_1; (CFACreationUtils.addEdgeToCFA, INFO)

line 16844: Dead code detected: goto ldv_call_1; (CFACreationUtils.addEdgeToCFA, INFO)

line 16845: Dead code detected: goto ldv_call_1; (CFACreationUtils.addEdgeToCFA, INFO)

line 16846: Dead code detected: goto ldv_call_1; (CFACreationUtils.addEdgeToCFA, INFO)

line 16847: Dead code detected: goto ldv_call_1; (CFACreationUtils.addEdgeToCFA, INFO)

line 16848: Dead code detected: goto ldv_call_1; (CFACreationUtils.addEdgeToCFA, INFO)

line 16849: Dead code detected: goto ldv_call_1; (CFACreationUtils.addEdgeToCFA, INFO)

line 16850: Dead code detected: goto ldv_call_1; (CFACreationUtils.addEdgeToCFA, INFO)

line 16851: Dead code detected: goto ldv_call_1; (CFACreationUtils.addEdgeToCFA, INFO)

line 16858: Dead code detected: goto ldv_call_1; (CFACreationUtils.addEdgeToCFA, INFO)

line 16859: Dead code detected: goto ldv_call_1; (CFACreationUtils.addEdgeToCFA, INFO)

line 16860: Dead code detected: goto ldv_call_1; (CFACreationUtils.addEdgeToCFA, INFO)

line 16861: Dead code detected: goto ldv_call_1; (CFACreationUtils.addEdgeToCFA, INFO)

line 16862: Dead code detected: goto ldv_call_1; (CFACreationUtils.addEdgeToCFA, INFO)

line 16863: Dead code detected: goto ldv_call_1; (CFACreationUtils.addEdgeToCFA, INFO)

line 16864: Dead code detected: goto ldv_call_1; (CFACreationUtils.addEdgeToCFA, INFO)

line 16865: Dead code detected: goto ldv_call_1; (CFACreationUtils.addEdgeToCFA, INFO)

line 16866: Dead code detected: goto ldv_call_1; (CFACreationUtils.addEdgeToCFA, INFO)

line 16867: Dead code detected: goto ldv_call_1; (CFACreationUtils.addEdgeToCFA, INFO)

line 16868: Dead code detected: goto ldv_call_1; (CFACreationUtils.addEdgeToCFA, INFO)

line 16869: Dead code detected: goto ldv_call_1; (CFACreationUtils.addEdgeToCFA, INFO)

line 16870: Dead code detected: goto ldv_call_1; (CFACreationUtils.addEdgeToCFA, INFO)

line 16876: Dead code detected: goto ldv_call_1; (CFACreationUtils.addEdgeToCFA, INFO)

line 16877: Dead code detected: goto ldv_call_1; (CFACreationUtils.addEdgeToCFA, INFO)

line 16878: Dead code detected: goto ldv_call_1; (CFACreationUtils.addEdgeToCFA, INFO)

line 16879: Dead code detected: goto ldv_call_1; (CFACreationUtils.addEdgeToCFA, INFO)

line 16880: Dead code detected: goto ldv_call_1; (CFACreationUtils.addEdgeToCFA, INFO)

line 16881: Dead code detected: goto ldv_call_1; (CFACreationUtils.addEdgeToCFA, INFO)

line 16882: Dead code detected: goto ldv_call_1; (CFACreationUtils.addEdgeToCFA, INFO)

line 16883: Dead code detected: goto ldv_call_1; (CFACreationUtils.addEdgeToCFA, INFO)

line 16884: Dead code detected: goto ldv_call_1; (CFACreationUtils.addEdgeToCFA, INFO)

line 16885: Dead code detected: goto ldv_call_1; (CFACreationUtils.addEdgeToCFA, INFO)

line 16886: Dead code detected: goto ldv_call_1; (CFACreationUtils.addEdgeToCFA, INFO)

line 16887: Dead code detected: goto ldv_call_1; (CFACreationUtils.addEdgeToCFA, INFO)

line 16888: Dead code detected: goto ldv_call_1; (CFACreationUtils.addEdgeToCFA, INFO)

line 16889: Dead code detected: goto ldv_call_1; (CFACreationUtils.addEdgeToCFA, INFO)

line 16896: Dead code detected: goto ldv_call_1; (CFACreationUtils.addEdgeToCFA, INFO)

line 16897: Dead code detected: goto ldv_call_1; (CFACreationUtils.addEdgeToCFA, INFO)

line 16898: Dead code detected: goto ldv_call_1; (CFACreationUtils.addEdgeToCFA, INFO)

line 16899: Dead code detected: goto ldv_call_1; (CFACreationUtils.addEdgeToCFA, INFO)

line 16900: Dead code detected: goto ldv_call_1; (CFACreationUtils.addEdgeToCFA, INFO)

line 16901: Dead code detected: goto ldv_call_1; (CFACreationUtils.addEdgeToCFA, INFO)

line 16902: Dead code detected: goto ldv_call_1; (CFACreationUtils.addEdgeToCFA, INFO)

line 16903: Dead code detected: goto ldv_call_1; (CFACreationUtils.addEdgeToCFA, INFO)

line 16904: Dead code detected: goto ldv_call_1; (CFACreationUtils.addEdgeToCFA, INFO)

line 16905: Dead code detected: goto ldv_call_1; (CFACreationUtils.addEdgeToCFA, INFO)

line 16906: Dead code detected: goto ldv_call_1; (CFACreationUtils.addEdgeToCFA, INFO)

line 16907: Dead code detected: goto ldv_call_1; (CFACreationUtils.addEdgeToCFA, INFO)

line 16908: Dead code detected: goto ldv_call_1; (CFACreationUtils.addEdgeToCFA, INFO)

line 16909: Dead code detected: goto ldv_call_1; (CFACreationUtils.addEdgeToCFA, INFO)

line 16910: Dead code detected: goto ldv_call_1; (CFACreationUtils.addEdgeToCFA, INFO)

line 16917: Dead code detected: goto ldv_call_1; (CFACreationUtils.addEdgeToCFA, INFO)

line 16918: Dead code detected: goto ldv_call_1; (CFACreationUtils.addEdgeToCFA, INFO)

line 16919: Dead code detected: goto ldv_call_1; (CFACreationUtils.addEdgeToCFA, INFO)

line 16920: Dead code detected: goto ldv_call_1; (CFACreationUtils.addEdgeToCFA, INFO)

line 16921: Dead code detected: goto ldv_call_1; (CFACreationUtils.addEdgeToCFA, INFO)

line 16922: Dead code detected: goto ldv_call_1; (CFACreationUtils.addEdgeToCFA, INFO)

line 16923: Dead code detected: goto ldv_call_1; (CFACreationUtils.addEdgeToCFA, INFO)

line 16924: Dead code detected: goto ldv_call_1; (CFACreationUtils.addEdgeToCFA, INFO)

line 16925: Dead code detected: goto ldv_call_1; (CFACreationUtils.addEdgeToCFA, INFO)

line 16926: Dead code detected: goto ldv_call_1; (CFACreationUtils.addEdgeToCFA, INFO)

line 16927: Dead code detected: goto ldv_call_1; (CFACreationUtils.addEdgeToCFA, INFO)

line 16928: Dead code detected: goto ldv_call_1; (CFACreationUtils.addEdgeToCFA, INFO)

line 16929: Dead code detected: goto ldv_call_1; (CFACreationUtils.addEdgeToCFA, INFO)

line 16930: Dead code detected: goto ldv_call_1; (CFACreationUtils.addEdgeToCFA, INFO)

line 16931: Dead code detected: goto ldv_call_1; (CFACreationUtils.addEdgeToCFA, INFO)

line 16932: Dead code detected: goto ldv_call_1; (CFACreationUtils.addEdgeToCFA, INFO)

line 16939: Dead code detected: goto ldv_call_1; (CFACreationUtils.addEdgeToCFA, INFO)

line 16940: Dead code detected: goto ldv_call_1; (CFACreationUtils.addEdgeToCFA, INFO)

line 16941: Dead code detected: goto ldv_call_1; (CFACreationUtils.addEdgeToCFA, INFO)

line 16942: Dead code detected: goto ldv_call_1; (CFACreationUtils.addEdgeToCFA, INFO)

line 16943: Dead code detected: goto ldv_call_1; (CFACreationUtils.addEdgeToCFA, INFO)

line 16944: Dead code detected: goto ldv_call_1; (CFACreationUtils.addEdgeToCFA, INFO)

line 16945: Dead code detected: goto ldv_call_1; (CFACreationUtils.addEdgeToCFA, INFO)

line 16946: Dead code detected: goto ldv_call_1; (CFACreationUtils.addEdgeToCFA, INFO)

line 16947: Dead code detected: goto ldv_call_1; (CFACreationUtils.addEdgeToCFA, INFO)

line 16948: Dead code detected: goto ldv_call_1; (CFACreationUtils.addEdgeToCFA, INFO)

line 16949: Dead code detected: goto ldv_call_1; (CFACreationUtils.addEdgeToCFA, INFO)

line 16950: Dead code detected: goto ldv_call_1; (CFACreationUtils.addEdgeToCFA, INFO)

line 16951: Dead code detected: goto ldv_call_1; (CFACreationUtils.addEdgeToCFA, INFO)

line 16952: Dead code detected: goto ldv_call_1; (CFACreationUtils.addEdgeToCFA, INFO)

line 16953: Dead code detected: goto ldv_call_1; (CFACreationUtils.addEdgeToCFA, INFO)

line 16954: Dead code detected: goto ldv_call_1; (CFACreationUtils.addEdgeToCFA, INFO)

line 16955: Dead code detected: goto ldv_call_1; (CFACreationUtils.addEdgeToCFA, INFO)

line 16965: Dead code detected: goto ldv_call_1; (CFACreationUtils.addEdgeToCFA, INFO)

line 16966: Dead code detected: goto ldv_call_1; (CFACreationUtils.addEdgeToCFA, INFO)

line 16967: Dead code detected: goto ldv_call_1; (CFACreationUtils.addEdgeToCFA, INFO)

line 16968: Dead code detected: goto ldv_call_1; (CFACreationUtils.addEdgeToCFA, INFO)

line 16969: Dead code detected: goto ldv_call_1; (CFACreationUtils.addEdgeToCFA, INFO)

line 16970: Dead code detected: goto ldv_call_1; (CFACreationUtils.addEdgeToCFA, INFO)

line 16971: Dead code detected: goto ldv_call_1; (CFACreationUtils.addEdgeToCFA, INFO)

line 16972: Dead code detected: goto ldv_call_1; (CFACreationUtils.addEdgeToCFA, INFO)

line 16973: Dead code detected: goto ldv_call_1; (CFACreationUtils.addEdgeToCFA, INFO)

line 16974: Dead code detected: goto ldv_call_1; (CFACreationUtils.addEdgeToCFA, INFO)

line 16975: Dead code detected: goto ldv_call_1; (CFACreationUtils.addEdgeToCFA, INFO)

line 16976: Dead code detected: goto ldv_call_1; (CFACreationUtils.addEdgeToCFA, INFO)

line 16977: Dead code detected: goto ldv_call_1; (CFACreationUtils.addEdgeToCFA, INFO)

line 16978: Dead code detected: goto ldv_call_1; (CFACreationUtils.addEdgeToCFA, INFO)

line 16979: Dead code detected: goto ldv_call_1; (CFACreationUtils.addEdgeToCFA, INFO)

line 16980: Dead code detected: goto ldv_call_1; (CFACreationUtils.addEdgeToCFA, INFO)

line 16981: Dead code detected: goto ldv_call_1; (CFACreationUtils.addEdgeToCFA, INFO)

line 16982: Dead code detected: goto ldv_call_1; (CFACreationUtils.addEdgeToCFA, INFO)

line 16989: Dead code detected: goto ldv_call_1; (CFACreationUtils.addEdgeToCFA, INFO)

line 16990: Dead code detected: goto ldv_call_1; (CFACreationUtils.addEdgeToCFA, INFO)

line 16991: Dead code detected: goto ldv_call_1; (CFACreationUtils.addEdgeToCFA, INFO)

line 16992: Dead code detected: goto ldv_call_1; (CFACreationUtils.addEdgeToCFA, INFO)

line 16993: Dead code detected: goto ldv_call_1; (CFACreationUtils.addEdgeToCFA, INFO)

line 16994: Dead code detected: goto ldv_call_1; (CFACreationUtils.addEdgeToCFA, INFO)

line 16995: Dead code detected: goto ldv_call_1; (CFACreationUtils.addEdgeToCFA, INFO)

line 16996: Dead code detected: goto ldv_call_1; (CFACreationUtils.addEdgeToCFA, INFO)

line 16997: Dead code detected: goto ldv_call_1; (CFACreationUtils.addEdgeToCFA, INFO)

line 16998: Dead code detected: goto ldv_call_1; (CFACreationUtils.addEdgeToCFA, INFO)

line 16999: Dead code detected: goto ldv_call_1; (CFACreationUtils.addEdgeToCFA, INFO)

line 17000: Dead code detected: goto ldv_call_1; (CFACreationUtils.addEdgeToCFA, INFO)

line 17001: Dead code detected: goto ldv_call_1; (CFACreationUtils.addEdgeToCFA, INFO)

line 17002: Dead code detected: goto ldv_call_1; (CFACreationUtils.addEdgeToCFA, INFO)

line 17003: Dead code detected: goto ldv_call_1; (CFACreationUtils.addEdgeToCFA, INFO)

line 17004: Dead code detected: goto ldv_call_1; (CFACreationUtils.addEdgeToCFA, INFO)

line 17005: Dead code detected: goto ldv_call_1; (CFACreationUtils.addEdgeToCFA, INFO)

line 17006: Dead code detected: goto ldv_call_1; (CFACreationUtils.addEdgeToCFA, INFO)

line 17007: Dead code detected: goto ldv_call_1; (CFACreationUtils.addEdgeToCFA, INFO)

line 17014: Dead code detected: goto ldv_call_1; (CFACreationUtils.addEdgeToCFA, INFO)

line 17015: Dead code detected: goto ldv_call_1; (CFACreationUtils.addEdgeToCFA, INFO)

line 17016: Dead code detected: goto ldv_call_1; (CFACreationUtils.addEdgeToCFA, INFO)

line 17017: Dead code detected: goto ldv_call_1; (CFACreationUtils.addEdgeToCFA, INFO)

line 17018: Dead code detected: goto ldv_call_1; (CFACreationUtils.addEdgeToCFA, INFO)

line 17019: Dead code detected: goto ldv_call_1; (CFACreationUtils.addEdgeToCFA, INFO)

line 17020: Dead code detected: goto ldv_call_1; (CFACreationUtils.addEdgeToCFA, INFO)

line 17021: Dead code detected: goto ldv_call_1; (CFACreationUtils.addEdgeToCFA, INFO)

line 17022: Dead code detected: goto ldv_call_1; (CFACreationUtils.addEdgeToCFA, INFO)

line 17023: Dead code detected: goto ldv_call_1; (CFACreationUtils.addEdgeToCFA, INFO)

line 17024: Dead code detected: goto ldv_call_1; (CFACreationUtils.addEdgeToCFA, INFO)

line 17025: Dead code detected: goto ldv_call_1; (CFACreationUtils.addEdgeToCFA, INFO)

line 17026: Dead code detected: goto ldv_call_1; (CFACreationUtils.addEdgeToCFA, INFO)

line 17027: Dead code detected: goto ldv_call_1; (CFACreationUtils.addEdgeToCFA, INFO)

line 17028: Dead code detected: goto ldv_call_1; (CFACreationUtils.addEdgeToCFA, INFO)

line 17029: Dead code detected: goto ldv_call_1; (CFACreationUtils.addEdgeToCFA, INFO)

line 17030: Dead code detected: goto ldv_call_1; (CFACreationUtils.addEdgeToCFA, INFO)

line 17031: Dead code detected: goto ldv_call_1; (CFACreationUtils.addEdgeToCFA, INFO)

line 17032: Dead code detected: goto ldv_call_1; (CFACreationUtils.addEdgeToCFA, INFO)

line 17033: Dead code detected: goto ldv_call_1; (CFACreationUtils.addEdgeToCFA, INFO)

line 17039: Dead code detected: goto ldv_call_1; (CFACreationUtils.addEdgeToCFA, INFO)

line 17040: Dead code detected: goto ldv_call_1; (CFACreationUtils.addEdgeToCFA, INFO)

line 17041: Dead code detected: goto ldv_call_1; (CFACreationUtils.addEdgeToCFA, INFO)

line 17042: Dead code detected: goto ldv_call_1; (CFACreationUtils.addEdgeToCFA, INFO)

line 17043: Dead code detected: goto ldv_call_1; (CFACreationUtils.addEdgeToCFA, INFO)

line 17044: Dead code detected: goto ldv_call_1; (CFACreationUtils.addEdgeToCFA, INFO)

line 17045: Dead code detected: goto ldv_call_1; (CFACreationUtils.addEdgeToCFA, INFO)

line 17046: Dead code detected: goto ldv_call_1; (CFACreationUtils.addEdgeToCFA, INFO)

line 17047: Dead code detected: goto ldv_call_1; (CFACreationUtils.addEdgeToCFA, INFO)

line 17048: Dead code detected: goto ldv_call_1; (CFACreationUtils.addEdgeToCFA, INFO)

line 17049: Dead code detected: goto ldv_call_1; (CFACreationUtils.addEdgeToCFA, INFO)

line 17050: Dead code detected: goto ldv_call_1; (CFACreationUtils.addEdgeToCFA, INFO)

line 17051: Dead code detected: goto ldv_call_1; (CFACreationUtils.addEdgeToCFA, INFO)

line 17052: Dead code detected: goto ldv_call_1; (CFACreationUtils.addEdgeToCFA, INFO)

line 17053: Dead code detected: goto ldv_call_1; (CFACreationUtils.addEdgeToCFA, INFO)

line 17054: Dead code detected: goto ldv_call_1; (CFACreationUtils.addEdgeToCFA, INFO)

line 17055: Dead code detected: goto ldv_call_1; (CFACreationUtils.addEdgeToCFA, INFO)

line 17056: Dead code detected: goto ldv_call_1; (CFACreationUtils.addEdgeToCFA, INFO)

line 17057: Dead code detected: goto ldv_call_1; (CFACreationUtils.addEdgeToCFA, INFO)

line 17058: Dead code detected: goto ldv_call_1; (CFACreationUtils.addEdgeToCFA, INFO)

line 17059: Dead code detected: goto ldv_call_1; (CFACreationUtils.addEdgeToCFA, INFO)

line 17067: Dead code detected: goto ldv_call_1; (CFACreationUtils.addEdgeToCFA, INFO)

line 17068: Dead code detected: goto ldv_call_1; (CFACreationUtils.addEdgeToCFA, INFO)

line 17069: Dead code detected: goto ldv_call_1; (CFACreationUtils.addEdgeToCFA, INFO)

line 17070: Dead code detected: goto ldv_call_1; (CFACreationUtils.addEdgeToCFA, INFO)

line 17071: Dead code detected: goto ldv_call_1; (CFACreationUtils.addEdgeToCFA, INFO)

line 17072: Dead code detected: goto ldv_call_1; (CFACreationUtils.addEdgeToCFA, INFO)

line 17073: Dead code detected: goto ldv_call_1; (CFACreationUtils.addEdgeToCFA, INFO)

line 17074: Dead code detected: goto ldv_call_1; (CFACreationUtils.addEdgeToCFA, INFO)

line 17075: Dead code detected: goto ldv_call_1; (CFACreationUtils.addEdgeToCFA, INFO)

line 17076: Dead code detected: goto ldv_call_1; (CFACreationUtils.addEdgeToCFA, INFO)

line 17077: Dead code detected: goto ldv_call_1; (CFACreationUtils.addEdgeToCFA, INFO)

line 17078: Dead code detected: goto ldv_call_1; (CFACreationUtils.addEdgeToCFA, INFO)

line 17079: Dead code detected: goto ldv_call_1; (CFACreationUtils.addEdgeToCFA, INFO)

line 17080: Dead code detected: goto ldv_call_1; (CFACreationUtils.addEdgeToCFA, INFO)

line 17081: Dead code detected: goto ldv_call_1; (CFACreationUtils.addEdgeToCFA, INFO)

line 17082: Dead code detected: goto ldv_call_1; (CFACreationUtils.addEdgeToCFA, INFO)

line 17083: Dead code detected: goto ldv_call_1; (CFACreationUtils.addEdgeToCFA, INFO)

line 17084: Dead code detected: goto ldv_call_1; (CFACreationUtils.addEdgeToCFA, INFO)

line 17085: Dead code detected: goto ldv_call_1; (CFACreationUtils.addEdgeToCFA, INFO)

line 17086: Dead code detected: goto ldv_call_1; (CFACreationUtils.addEdgeToCFA, INFO)

line 17087: Dead code detected: goto ldv_call_1; (CFACreationUtils.addEdgeToCFA, INFO)

line 17088: Dead code detected: goto ldv_call_1; (CFACreationUtils.addEdgeToCFA, INFO)

line 17095: Dead code detected: goto ldv_call_1; (CFACreationUtils.addEdgeToCFA, INFO)

line 17096: Dead code detected: goto ldv_call_1; (CFACreationUtils.addEdgeToCFA, INFO)

line 17097: Dead code detected: goto ldv_call_1; (CFACreationUtils.addEdgeToCFA, INFO)

line 17098: Dead code detected: goto ldv_call_1; (CFACreationUtils.addEdgeToCFA, INFO)

line 17099: Dead code detected: goto ldv_call_1; (CFACreationUtils.addEdgeToCFA, INFO)

line 17100: Dead code detected: goto ldv_call_1; (CFACreationUtils.addEdgeToCFA, INFO)

line 17101: Dead code detected: goto ldv_call_1; (CFACreationUtils.addEdgeToCFA, INFO)

line 17102: Dead code detected: goto ldv_call_1; (CFACreationUtils.addEdgeToCFA, INFO)

line 17103: Dead code detected: goto ldv_call_1; (CFACreationUtils.addEdgeToCFA, INFO)

line 17104: Dead code detected: goto ldv_call_1; (CFACreationUtils.addEdgeToCFA, INFO)

line 17105: Dead code detected: goto ldv_call_1; (CFACreationUtils.addEdgeToCFA, INFO)

line 17106: Dead code detected: goto ldv_call_1; (CFACreationUtils.addEdgeToCFA, INFO)

line 17107: Dead code detected: goto ldv_call_1; (CFACreationUtils.addEdgeToCFA, INFO)

line 17108: Dead code detected: goto ldv_call_1; (CFACreationUtils.addEdgeToCFA, INFO)

line 17109: Dead code detected: goto ldv_call_1; (CFACreationUtils.addEdgeToCFA, INFO)

line 17110: Dead code detected: goto ldv_call_1; (CFACreationUtils.addEdgeToCFA, INFO)

line 17111: Dead code detected: goto ldv_call_1; (CFACreationUtils.addEdgeToCFA, INFO)

line 17112: Dead code detected: goto ldv_call_1; (CFACreationUtils.addEdgeToCFA, INFO)

line 17113: Dead code detected: goto ldv_call_1; (CFACreationUtils.addEdgeToCFA, INFO)

line 17114: Dead code detected: goto ldv_call_1; (CFACreationUtils.addEdgeToCFA, INFO)

line 17115: Dead code detected: goto ldv_call_1; (CFACreationUtils.addEdgeToCFA, INFO)

line 17116: Dead code detected: goto ldv_call_1; (CFACreationUtils.addEdgeToCFA, INFO)

line 17117: Dead code detected: goto ldv_call_1; (CFACreationUtils.addEdgeToCFA, INFO)

line 17123: Dead code detected: goto ldv_call_1; (CFACreationUtils.addEdgeToCFA, INFO)

line 17124: Dead code detected: goto ldv_call_1; (CFACreationUtils.addEdgeToCFA, INFO)

line 17125: Dead code detected: goto ldv_call_1; (CFACreationUtils.addEdgeToCFA, INFO)

line 17126: Dead code detected: goto ldv_call_1; (CFACreationUtils.addEdgeToCFA, INFO)

line 17127: Dead code detected: goto ldv_call_1; (CFACreationUtils.addEdgeToCFA, INFO)

line 17128: Dead code detected: goto ldv_call_1; (CFACreationUtils.addEdgeToCFA, INFO)

line 17129: Dead code detected: goto ldv_call_1; (CFACreationUtils.addEdgeToCFA, INFO)

line 17130: Dead code detected: goto ldv_call_1; (CFACreationUtils.addEdgeToCFA, INFO)

line 17131: Dead code detected: goto ldv_call_1; (CFACreationUtils.addEdgeToCFA, INFO)

line 17132: Dead code detected: goto ldv_call_1; (CFACreationUtils.addEdgeToCFA, INFO)

line 17133: Dead code detected: goto ldv_call_1; (CFACreationUtils.addEdgeToCFA, INFO)

line 17134: Dead code detected: goto ldv_call_1; (CFACreationUtils.addEdgeToCFA, INFO)

line 17135: Dead code detected: goto ldv_call_1; (CFACreationUtils.addEdgeToCFA, INFO)

line 17136: Dead code detected: goto ldv_call_1; (CFACreationUtils.addEdgeToCFA, INFO)

line 17137: Dead code detected: goto ldv_call_1; (CFACreationUtils.addEdgeToCFA, INFO)

line 17138: Dead code detected: goto ldv_call_1; (CFACreationUtils.addEdgeToCFA, INFO)

line 17139: Dead code detected: goto ldv_call_1; (CFACreationUtils.addEdgeToCFA, INFO)

line 17140: Dead code detected: goto ldv_call_1; (CFACreationUtils.addEdgeToCFA, INFO)

line 17141: Dead code detected: goto ldv_call_1; (CFACreationUtils.addEdgeToCFA, INFO)

line 17142: Dead code detected: goto ldv_call_1; (CFACreationUtils.addEdgeToCFA, INFO)

line 17143: Dead code detected: goto ldv_call_1; (CFACreationUtils.addEdgeToCFA, INFO)

line 17144: Dead code detected: goto ldv_call_1; (CFACreationUtils.addEdgeToCFA, INFO)

line 17145: Dead code detected: goto ldv_call_1; (CFACreationUtils.addEdgeToCFA, INFO)

line 17146: Dead code detected: goto ldv_call_1; (CFACreationUtils.addEdgeToCFA, INFO)

line 17152: Dead code detected: goto ldv_call_1; (CFACreationUtils.addEdgeToCFA, INFO)

line 17153: Dead code detected: goto ldv_call_1; (CFACreationUtils.addEdgeToCFA, INFO)

line 17154: Dead code detected: goto ldv_call_1; (CFACreationUtils.addEdgeToCFA, INFO)

line 17155: Dead code detected: goto ldv_call_1; (CFACreationUtils.addEdgeToCFA, INFO)

line 17156: Dead code detected: goto ldv_call_1; (CFACreationUtils.addEdgeToCFA, INFO)

line 17157: Dead code detected: goto ldv_call_1; (CFACreationUtils.addEdgeToCFA, INFO)

line 17158: Dead code detected: goto ldv_call_1; (CFACreationUtils.addEdgeToCFA, INFO)

line 17159: Dead code detected: goto ldv_call_1; (CFACreationUtils.addEdgeToCFA, INFO)

line 17160: Dead code detected: goto ldv_call_1; (CFACreationUtils.addEdgeToCFA, INFO)

line 17161: Dead code detected: goto ldv_call_1; (CFACreationUtils.addEdgeToCFA, INFO)

line 17162: Dead code detected: goto ldv_call_1; (CFACreationUtils.addEdgeToCFA, INFO)

line 17163: Dead code detected: goto ldv_call_1; (CFACreationUtils.addEdgeToCFA, INFO)

line 17164: Dead code detected: goto ldv_call_1; (CFACreationUtils.addEdgeToCFA, INFO)

line 17165: Dead code detected: goto ldv_call_1; (CFACreationUtils.addEdgeToCFA, INFO)

line 17166: Dead code detected: goto ldv_call_1; (CFACreationUtils.addEdgeToCFA, INFO)

line 17167: Dead code detected: goto ldv_call_1; (CFACreationUtils.addEdgeToCFA, INFO)

line 17168: Dead code detected: goto ldv_call_1; (CFACreationUtils.addEdgeToCFA, INFO)

line 17169: Dead code detected: goto ldv_call_1; (CFACreationUtils.addEdgeToCFA, INFO)

line 17170: Dead code detected: goto ldv_call_1; (CFACreationUtils.addEdgeToCFA, INFO)

line 17171: Dead code detected: goto ldv_call_1; (CFACreationUtils.addEdgeToCFA, INFO)

line 17172: Dead code detected: goto ldv_call_1; (CFACreationUtils.addEdgeToCFA, INFO)

line 17173: Dead code detected: goto ldv_call_1; (CFACreationUtils.addEdgeToCFA, INFO)

line 17174: Dead code detected: goto ldv_call_1; (CFACreationUtils.addEdgeToCFA, INFO)

line 17175: Dead code detected: goto ldv_call_1; (CFACreationUtils.addEdgeToCFA, INFO)

line 17176: Dead code detected: goto ldv_call_1; (CFACreationUtils.addEdgeToCFA, INFO)

line 17187: Dead code detected: goto ldv_call_1; (CFACreationUtils.addEdgeToCFA, INFO)

line 17188: Dead code detected: goto ldv_call_1; (CFACreationUtils.addEdgeToCFA, INFO)

line 17189: Dead code detected: goto ldv_call_1; (CFACreationUtils.addEdgeToCFA, INFO)

line 17190: Dead code detected: goto ldv_call_1; (CFACreationUtils.addEdgeToCFA, INFO)

line 17191: Dead code detected: goto ldv_call_1; (CFACreationUtils.addEdgeToCFA, INFO)

line 17192: Dead code detected: goto ldv_call_1; (CFACreationUtils.addEdgeToCFA, INFO)

line 17193: Dead code detected: goto ldv_call_1; (CFACreationUtils.addEdgeToCFA, INFO)

line 17194: Dead code detected: goto ldv_call_1; (CFACreationUtils.addEdgeToCFA, INFO)

line 17195: Dead code detected: goto ldv_call_1; (CFACreationUtils.addEdgeToCFA, INFO)

line 17196: Dead code detected: goto ldv_call_1; (CFACreationUtils.addEdgeToCFA, INFO)

line 17197: Dead code detected: goto ldv_call_1; (CFACreationUtils.addEdgeToCFA, INFO)

line 17198: Dead code detected: goto ldv_call_1; (CFACreationUtils.addEdgeToCFA, INFO)

line 17199: Dead code detected: goto ldv_call_1; (CFACreationUtils.addEdgeToCFA, INFO)

line 17200: Dead code detected: goto ldv_call_1; (CFACreationUtils.addEdgeToCFA, INFO)

line 17201: Dead code detected: goto ldv_call_1; (CFACreationUtils.addEdgeToCFA, INFO)

line 17202: Dead code detected: goto ldv_call_1; (CFACreationUtils.addEdgeToCFA, INFO)

line 17203: Dead code detected: goto ldv_call_1; (CFACreationUtils.addEdgeToCFA, INFO)

line 17204: Dead code detected: goto ldv_call_1; (CFACreationUtils.addEdgeToCFA, INFO)

line 17205: Dead code detected: goto ldv_call_1; (CFACreationUtils.addEdgeToCFA, INFO)

line 17206: Dead code detected: goto ldv_call_1; (CFACreationUtils.addEdgeToCFA, INFO)

line 17207: Dead code detected: goto ldv_call_1; (CFACreationUtils.addEdgeToCFA, INFO)

line 17208: Dead code detected: goto ldv_call_1; (CFACreationUtils.addEdgeToCFA, INFO)

line 17209: Dead code detected: goto ldv_call_1; (CFACreationUtils.addEdgeToCFA, INFO)

line 17210: Dead code detected: goto ldv_call_1; (CFACreationUtils.addEdgeToCFA, INFO)

line 17211: Dead code detected: goto ldv_call_1; (CFACreationUtils.addEdgeToCFA, INFO)

line 17212: Dead code detected: goto ldv_call_1; (CFACreationUtils.addEdgeToCFA, INFO)

line 17219: Dead code detected: goto ldv_call_1; (CFACreationUtils.addEdgeToCFA, INFO)

line 17220: Dead code detected: goto ldv_call_1; (CFACreationUtils.addEdgeToCFA, INFO)

line 17221: Dead code detected: goto ldv_call_1; (CFACreationUtils.addEdgeToCFA, INFO)

line 17222: Dead code detected: goto ldv_call_1; (CFACreationUtils.addEdgeToCFA, INFO)

line 17223: Dead code detected: goto ldv_call_1; (CFACreationUtils.addEdgeToCFA, INFO)

line 17224: Dead code detected: goto ldv_call_1; (CFACreationUtils.addEdgeToCFA, INFO)

line 17225: Dead code detected: goto ldv_call_1; (CFACreationUtils.addEdgeToCFA, INFO)

line 17226: Dead code detected: goto ldv_call_1; (CFACreationUtils.addEdgeToCFA, INFO)

line 17227: Dead code detected: goto ldv_call_1; (CFACreationUtils.addEdgeToCFA, INFO)

line 17228: Dead code detected: goto ldv_call_1; (CFACreationUtils.addEdgeToCFA, INFO)

line 17229: Dead code detected: goto ldv_call_1; (CFACreationUtils.addEdgeToCFA, INFO)

line 17230: Dead code detected: goto ldv_call_1; (CFACreationUtils.addEdgeToCFA, INFO)

line 17231: Dead code detected: goto ldv_call_1; (CFACreationUtils.addEdgeToCFA, INFO)

line 17232: Dead code detected: goto ldv_call_1; (CFACreationUtils.addEdgeToCFA, INFO)

line 17233: Dead code detected: goto ldv_call_1; (CFACreationUtils.addEdgeToCFA, INFO)

line 17234: Dead code detected: goto ldv_call_1; (CFACreationUtils.addEdgeToCFA, INFO)

line 17235: Dead code detected: goto ldv_call_1; (CFACreationUtils.addEdgeToCFA, INFO)

line 17236: Dead code detected: goto ldv_call_1; (CFACreationUtils.addEdgeToCFA, INFO)

line 17237: Dead code detected: goto ldv_call_1; (CFACreationUtils.addEdgeToCFA, INFO)

line 17238: Dead code detected: goto ldv_call_1; (CFACreationUtils.addEdgeToCFA, INFO)

line 17239: Dead code detected: goto ldv_call_1; (CFACreationUtils.addEdgeToCFA, INFO)

line 17240: Dead code detected: goto ldv_call_1; (CFACreationUtils.addEdgeToCFA, INFO)

line 17241: Dead code detected: goto ldv_call_1; (CFACreationUtils.addEdgeToCFA, INFO)

line 17242: Dead code detected: goto ldv_call_1; (CFACreationUtils.addEdgeToCFA, INFO)

line 17243: Dead code detected: goto ldv_call_1; (CFACreationUtils.addEdgeToCFA, INFO)

line 17244: Dead code detected: goto ldv_call_1; (CFACreationUtils.addEdgeToCFA, INFO)

line 17245: Dead code detected: goto ldv_call_1; (CFACreationUtils.addEdgeToCFA, INFO)

line 17252: Dead code detected: goto ldv_call_1; (CFACreationUtils.addEdgeToCFA, INFO)

line 17253: Dead code detected: goto ldv_call_1; (CFACreationUtils.addEdgeToCFA, INFO)

line 17254: Dead code detected: goto ldv_call_1; (CFACreationUtils.addEdgeToCFA, INFO)

line 17255: Dead code detected: goto ldv_call_1; (CFACreationUtils.addEdgeToCFA, INFO)

line 17256: Dead code detected: goto ldv_call_1; (CFACreationUtils.addEdgeToCFA, INFO)

line 17257: Dead code detected: goto ldv_call_1; (CFACreationUtils.addEdgeToCFA, INFO)

line 17258: Dead code detected: goto ldv_call_1; (CFACreationUtils.addEdgeToCFA, INFO)

line 17259: Dead code detected: goto ldv_call_1; (CFACreationUtils.addEdgeToCFA, INFO)

line 17260: Dead code detected: goto ldv_call_1; (CFACreationUtils.addEdgeToCFA, INFO)

line 17261: Dead code detected: goto ldv_call_1; (CFACreationUtils.addEdgeToCFA, INFO)

line 17262: Dead code detected: goto ldv_call_1; (CFACreationUtils.addEdgeToCFA, INFO)

line 17263: Dead code detected: goto ldv_call_1; (CFACreationUtils.addEdgeToCFA, INFO)

line 17264: Dead code detected: goto ldv_call_1; (CFACreationUtils.addEdgeToCFA, INFO)

line 17265: Dead code detected: goto ldv_call_1; (CFACreationUtils.addEdgeToCFA, INFO)

line 17266: Dead code detected: goto ldv_call_1; (CFACreationUtils.addEdgeToCFA, INFO)

line 17267: Dead code detected: goto ldv_call_1; (CFACreationUtils.addEdgeToCFA, INFO)

line 17268: Dead code detected: goto ldv_call_1; (CFACreationUtils.addEdgeToCFA, INFO)

line 17269: Dead code detected: goto ldv_call_1; (CFACreationUtils.addEdgeToCFA, INFO)

line 17270: Dead code detected: goto ldv_call_1; (CFACreationUtils.addEdgeToCFA, INFO)

line 17271: Dead code detected: goto ldv_call_1; (CFACreationUtils.addEdgeToCFA, INFO)

line 17272: Dead code detected: goto ldv_call_1; (CFACreationUtils.addEdgeToCFA, INFO)

line 17273: Dead code detected: goto ldv_call_1; (CFACreationUtils.addEdgeToCFA, INFO)

line 17274: Dead code detected: goto ldv_call_1; (CFACreationUtils.addEdgeToCFA, INFO)

line 17275: Dead code detected: goto ldv_call_1; (CFACreationUtils.addEdgeToCFA, INFO)

line 17276: Dead code detected: goto ldv_call_1; (CFACreationUtils.addEdgeToCFA, INFO)

line 17277: Dead code detected: goto ldv_call_1; (CFACreationUtils.addEdgeToCFA, INFO)

line 17278: Dead code detected: goto ldv_call_1; (CFACreationUtils.addEdgeToCFA, INFO)

line 17279: Dead code detected: goto ldv_call_1; (CFACreationUtils.addEdgeToCFA, INFO)

line 17422: Dead code detected: return; (CFACreationUtils.addEdgeToCFA, INFO)

line 17453: Dead code detected: return; (CFACreationUtils.addEdgeToCFA, INFO)

line 17490: Dead code detected: goto ldv_call_2; (CFACreationUtils.addEdgeToCFA, INFO)

line 17497: Dead code detected: goto ldv_call_2; (CFACreationUtils.addEdgeToCFA, INFO)

line 17498: Dead code detected: goto ldv_call_2; (CFACreationUtils.addEdgeToCFA, INFO)

line 17550: Dead code detected: return; (CFACreationUtils.addEdgeToCFA, INFO)

line 17589: Dead code detected: return (arg0); (CFACreationUtils.addEdgeToCFA, INFO)

line 17590: Dead code detected: return (arg0); (CFACreationUtils.addEdgeToCFA, INFO)

line 17632: Dead code detected: return (arg0); (CFACreationUtils.addEdgeToCFA, INFO)

line 17643: Dead code detected: return; (CFACreationUtils.addEdgeToCFA, INFO)

line 17672: Dead code detected: goto ldv_call_3; (CFACreationUtils.addEdgeToCFA, INFO)

line 17692: Dead code detected: return; (CFACreationUtils.addEdgeToCFA, INFO)

line 17721: Dead code detected: goto ldv_call_4; (CFACreationUtils.addEdgeToCFA, INFO)

line 17768: Dead code detected: return; (CFACreationUtils.addEdgeToCFA, INFO)

line 17782: Dead code detected: return; (CFACreationUtils.addEdgeToCFA, INFO)

line 17889: Dead code detected: return (ldv_func_res); (CFACreationUtils.addEdgeToCFA, INFO)

line 17907: Dead code detected: return (ldv_func_res); (CFACreationUtils.addEdgeToCFA, INFO)

line 17922: Dead code detected: return (ldv_func_res); (CFACreationUtils.addEdgeToCFA, INFO)

line 17938: Dead code detected: return (ldv_func_res); (CFACreationUtils.addEdgeToCFA, INFO)

line 17963: Dead code detected: return (ldv_func_res); (CFACreationUtils.addEdgeToCFA, INFO)

line 17988: Dead code detected: return (ldv_func_res); (CFACreationUtils.addEdgeToCFA, INFO)

line 18023: Dead code detected: return (ldv_func_res); (CFACreationUtils.addEdgeToCFA, INFO)

line 18038: Dead code detected: return (ldv_func_res); (CFACreationUtils.addEdgeToCFA, INFO)

line 18053: Dead code detected: return (ldv_func_res); (CFACreationUtils.addEdgeToCFA, INFO)

line 18068: Dead code detected: return (ldv_func_res); (CFACreationUtils.addEdgeToCFA, INFO)

line 18085: Dead code detected: return (ldv_func_res); (CFACreationUtils.addEdgeToCFA, INFO)

Dead code detected: Label switch_break is not reachable. (CFAFunctionBuilder.leave, INFO)

Dead code detected: Label switch_break is not reachable. (CFAFunctionBuilder.leave, INFO)

Dead code detected: Label switch_break is not reachable. (CFAFunctionBuilder.leave, INFO)

Dead code detected: Label switch_break is not reachable. (CFAFunctionBuilder.leave, INFO)

Inline assembler ignored, analysis is probably unsound! (CFABuilder.createCFA, WARNING)

line 7412: Function pointer *(ops->alloc) with type void *(*)(struct device *, size_t , dma_addr_t *, gfp_t , struct dma_attrs *) is called, but no possible target functions were found. (CFunctionPointerResolver.getTargets, WARNING)

line 7451: Function pointer *(ops->free) with type void (*)(struct device *, size_t , void *, dma_addr_t , struct dma_attrs *) is called, but no possible target functions were found. (CFunctionPointerResolver.getTargets, WARNING)

line 7205: Function pointer *(ops->map_page) with type dma_addr_t (*)(struct device *, struct page *, unsigned long, size_t , enum dma_data_direction , struct dma_attrs *) is called, but no possible target functions were found. (CFunctionPointerResolver.getTargets, WARNING)

line 7131: Function pointer *(ops->map_page) with type dma_addr_t (*)(struct device *, struct page *, unsigned long, size_t , enum dma_data_direction , struct dma_attrs *) is called, but no possible target functions were found. (CFunctionPointerResolver.getTargets, WARNING)

line 7336: Function pointer *(ops->mapping_error) with type int (*)(struct device *, dma_addr_t ) is called, but no possible target functions were found. (CFunctionPointerResolver.getTargets, WARNING)

line 7275: Function pointer *(ops->sync_single_for_cpu) with type void (*)(struct device *, dma_addr_t , size_t , enum dma_data_direction ) is called, but no possible target functions were found. (CFunctionPointerResolver.getTargets, WARNING)

line 7312: Function pointer *(ops->sync_single_for_device) with type void (*)(struct device *, dma_addr_t , size_t , enum dma_data_direction ) is called, but no possible target functions were found. (CFunctionPointerResolver.getTargets, WARNING)

line 7238: Function pointer *(ops->unmap_page) with type void (*)(struct device *, dma_addr_t , size_t , enum dma_data_direction , struct dma_attrs *) is called, but no possible target functions were found. (CFunctionPointerResolver.getTargets, WARNING)

line 7168: Function pointer *(ops->unmap_page) with type void (*)(struct device *, dma_addr_t , size_t , enum dma_data_direction , struct dma_attrs *) is called, but no possible target functions were found. (CFunctionPointerResolver.getTargets, WARNING)

Using unsound approximation of ints with unbounded integers and floats with unbounded integers for encoding program semantics. (PredicateCPA:FormulaManagerView.<init>, WARNING)

Using predicate analysis with Princess 2023-04-07. (PredicateCPA:PredicateCPA.<init>, INFO)

Using unsound approximation of ints with unbounded integers and floats with unbounded integers for encoding program semantics. (AssumptionStorageCPA:FormulaManagerView.<init>, WARNING)

The following configuration options were specified but are not used:
 proveroptions.option 
 (CPAchecker.printConfigurationWarnings, WARNING)

Starting analysis ... (CPAchecker.runAlgorithm, INFO)

line 17737: Ignoring call via function pointer ldv_timer_instance_callback_5_2::arg0 for which no suitable target was found in line: (*arg0)(arg1); (TargetLocationProvider:FunctionPointerCPA:FunctionPointerTransferRelation.getAbstractSuccessorsForEdge, WARNING)

Recursion detected, aborting. To ignore recursion, add -skipRecursion to the command line. (TargetLocationProvider:CallstackCPA:CallstackTransferRelation.getAbstractSuccessorsForEdge, INFO)

Recursion detected. Defaulting to selecting all locations as potential target locations. (TargetLocationProvider:TargetLocationProviderImpl.tryGetAutomatonTargetLocations, INFO)

Creating formula for program (AbstractBMCAlgorithm.run, INFO)

Exception in thread "main" org.sosy_lab.java_smt.basicimpl.GeneratorException: Modular Congruence is not available in SMTLIB2. 
	at org.sosy_lab.java_smt.basicimpl.AbstractNumeralFormulaManager.modularCongruence(AbstractNumeralFormulaManager.java:361)
	at org.sosy_lab.java_smt.solvers.princess.PrincessIntegerFormulaManager.modularCongruence(PrincessIntegerFormulaManager.java:22)
	at org.sosy_lab.cpachecker.util.predicates.smt.IntegerFormulaManagerView.modularCongruence(IntegerFormulaManagerView.java:35)
	at org.sosy_lab.cpachecker.util.predicates.smt.FormulaManagerView.makeModularCongruence(FormulaManagerView.java:688)
	at org.sosy_lab.cpachecker.util.predicates.smt.FormulaManagerView.makeModularCongruence(FormulaManagerView.java:670)
	at org.sosy_lab.cpachecker.util.predicates.pathformula.pointeraliasing.PointerTargetSetManager.makeBaseAddressConstraints(PointerTargetSetManager.java:653)
	at org.sosy_lab.cpachecker.util.predicates.pathformula.pointeraliasing.PointerTargetSetBuilder$RealPointerTargetSetBuilder.addNextBaseAddressConstraints(PointerTargetSetBuilder.java:286)
	at org.sosy_lab.cpachecker.util.predicates.pathformula.pointeraliasing.CToFormulaConverterWithPointerAliasing.declareSharedBase(CToFormulaConverterWithPointerAliasing.java:437)
	at org.sosy_lab.cpachecker.util.predicates.pathformula.pointeraliasing.CToFormulaConverterWithPointerAliasing.makeDeclaration(CToFormulaConverterWithPointerAliasing.java:1001)
	at org.sosy_lab.cpachecker.util.predicates.pathformula.ctoformula.CtoFormulaConverter.createFormulaForEdge(CtoFormulaConverter.java:1231)
	at org.sosy_lab.cpachecker.util.predicates.pathformula.ctoformula.CtoFormulaConverter.makeAnd(CtoFormulaConverter.java:1049)
	at org.sosy_lab.cpachecker.util.predicates.pathformula.PathFormulaManagerImpl.makeAnd(PathFormulaManagerImpl.java:246)
	at org.sosy_lab.cpachecker.util.predicates.pathformula.PathFormulaManagerImpl.makeAnd(PathFormulaManagerImpl.java:300)
	at org.sosy_lab.cpachecker.cpa.predicate.PredicateTransferRelation.convertEdgeToPathFormula(PredicateTransferRelation.java:203)
	at org.sosy_lab.cpachecker.cpa.predicate.PredicateTransferRelation.getAbstractSuccessorsForEdge(PredicateTransferRelation.java:113)
	at org.sosy_lab.cpachecker.cpa.composite.CompositeTransferRelation.callTransferRelation(CompositeTransferRelation.java:297)
	at org.sosy_lab.cpachecker.cpa.composite.CompositeTransferRelation.getAbstractSuccessorForSimpleEdge(CompositeTransferRelation.java:264)
	at org.sosy_lab.cpachecker.cpa.composite.CompositeTransferRelation.getAbstractSuccessorForEdge(CompositeTransferRelation.java:196)
	at org.sosy_lab.cpachecker.cpa.composite.CompositeTransferRelation.getAbstractSuccessors(CompositeTransferRelation.java:88)
	at org.sosy_lab.cpachecker.cpa.arg.ARGTransferRelation.getAbstractSuccessors(ARGTransferRelation.java:45)
	at org.sosy_lab.cpachecker.core.algorithm.CPAAlgorithm.handleState(CPAAlgorithm.java:334)
	at org.sosy_lab.cpachecker.core.algorithm.CPAAlgorithm.run0(CPAAlgorithm.java:289)
	at org.sosy_lab.cpachecker.core.algorithm.CPAAlgorithm.run(CPAAlgorithm.java:260)
	at org.sosy_lab.cpachecker.core.algorithm.bmc.BMCHelper.unroll(BMCHelper.java:192)
	at org.sosy_lab.cpachecker.core.algorithm.bmc.AbstractBMCAlgorithm.run(AbstractBMCAlgorithm.java:427)
	at org.sosy_lab.cpachecker.core.algorithm.bmc.BMCAlgorithm.run(BMCAlgorithm.java:130)
	at org.sosy_lab.cpachecker.core.CPAchecker.runAlgorithm(CPAchecker.java:507)
	at org.sosy_lab.cpachecker.core.CPAchecker.run(CPAchecker.java:369)
	at org.sosy_lab.cpachecker.cmdline.CPAMain.main(CPAMain.java:170)
