scripts/cpa.sh -heap 13000M -stack 50M -noout -benchmark -bmc -setprop cpa.predicate.useArraysForHeap=false -setprop cpa.predicate.memoryAllocationsAlwaysSucceed=true -setprop cpa.loopbound.maxLoopIterations=10 -setprop cpa.predicate.encodeFloatAs=INTEGER -setprop cpa.predicate.encodeBitvectorAs=INTEGER -setprop solver.solver=princess -timelimit 900s -stats -spec test/programs/benchmarks/properties/unreach-call.prp -64 test/programs/benchmarks/ldv-challenges/linux-3.14_linux-alloc-spinlock_drivers-net-wireless-rtlwifi-rtl8192de-rtl8192de.cil.i


--------------------------------------------------------------------------------


Running CPAchecker with Java heap of size 13000M.
Running CPAchecker with Java stack of size 50M.
Language C detected and set for analysis (CPAMain.detectFrontendLanguageIfNecessary, INFO)

Using the following resource limits: CPU-time limit of 900s (ResourceLimitChecker.fromConfiguration, INFO)

CPAchecker 2.3.1-svn-45350M / bmc (OpenJDK 64-Bit Server VM 17.0.8.1) started (CPAchecker.run, INFO)

Parsing CFA from file(s) "test/programs/benchmarks/ldv-challenges/linux-3.14_linux-alloc-spinlock_drivers-net-wireless-rtlwifi-rtl8192de-rtl8192de.cil.i" (CPAchecker.parse, INFO)

line 7852: Dead code detected: goto case_1; (CFACreationUtils.addEdgeToCFA, INFO)

line 7856: Dead code detected: goto case_2; (CFACreationUtils.addEdgeToCFA, INFO)

line 7864: Dead code detected: goto case_8; (CFACreationUtils.addEdgeToCFA, INFO)

line 7867: Dead code detected: goto switch_default; (CFACreationUtils.addEdgeToCFA, INFO)

Dead code detected: Label case_8 is not reachable. (CFAFunctionBuilder.leave, INFO)

Dead code detected: Label switch_break is not reachable. (CFAFunctionBuilder.leave, INFO)

Dead code detected: Label switch_default is not reachable. (CFAFunctionBuilder.leave, INFO)

Dead code detected: Label case_1 is not reachable. (CFAFunctionBuilder.leave, INFO)

Dead code detected: Label case_2 is not reachable. (CFAFunctionBuilder.leave, INFO)

line 10855: Dead code detected: goto case_1; (CFACreationUtils.addEdgeToCFA, INFO)

line 10859: Dead code detected: goto case_2; (CFACreationUtils.addEdgeToCFA, INFO)

line 10863: Dead code detected: goto case_4; (CFACreationUtils.addEdgeToCFA, INFO)

line 10870: Dead code detected: goto switch_default; (CFACreationUtils.addEdgeToCFA, INFO)

Dead code detected: Label switch_break is not reachable. (CFAFunctionBuilder.leave, INFO)

Dead code detected: Label switch_default is not reachable. (CFAFunctionBuilder.leave, INFO)

Dead code detected: Label case_4 is not reachable. (CFAFunctionBuilder.leave, INFO)

Dead code detected: Label case_1 is not reachable. (CFAFunctionBuilder.leave, INFO)

Dead code detected: Label case_2 is not reachable. (CFAFunctionBuilder.leave, INFO)

line 10915: Dead code detected: goto case_1; (CFACreationUtils.addEdgeToCFA, INFO)

line 10919: Dead code detected: goto case_2; (CFACreationUtils.addEdgeToCFA, INFO)

line 10927: Dead code detected: goto case_8; (CFACreationUtils.addEdgeToCFA, INFO)

line 10930: Dead code detected: goto switch_default; (CFACreationUtils.addEdgeToCFA, INFO)

Dead code detected: Label case_8 is not reachable. (CFAFunctionBuilder.leave, INFO)

Dead code detected: Label switch_break is not reachable. (CFAFunctionBuilder.leave, INFO)

Dead code detected: Label switch_default is not reachable. (CFAFunctionBuilder.leave, INFO)

Dead code detected: Label case_1 is not reachable. (CFAFunctionBuilder.leave, INFO)

Dead code detected: Label case_2 is not reachable. (CFAFunctionBuilder.leave, INFO)

Dead code detected: Label switch_break is not reachable. (CFAFunctionBuilder.leave, INFO)

line 13302: Dead code detected: goto case_1; (CFACreationUtils.addEdgeToCFA, INFO)

line 13306: Dead code detected: goto case_2; (CFACreationUtils.addEdgeToCFA, INFO)

line 13314: Dead code detected: goto case_8; (CFACreationUtils.addEdgeToCFA, INFO)

line 13317: Dead code detected: goto switch_default; (CFACreationUtils.addEdgeToCFA, INFO)

Dead code detected: Label case_8 is not reachable. (CFAFunctionBuilder.leave, INFO)

Dead code detected: Label switch_break is not reachable. (CFAFunctionBuilder.leave, INFO)

Dead code detected: Label switch_default is not reachable. (CFAFunctionBuilder.leave, INFO)

Dead code detected: Label case_1 is not reachable. (CFAFunctionBuilder.leave, INFO)

Dead code detected: Label case_2 is not reachable. (CFAFunctionBuilder.leave, INFO)

Dead code detected: Label switch_break is not reachable. (CFAFunctionBuilder.leave, INFO)

Dead code detected: Label switch_break is not reachable. (CFAFunctionBuilder.leave, INFO)

Dead code detected: Label switch_break is not reachable. (CFAFunctionBuilder.leave, INFO)

Dead code detected: Label switch_break is not reachable. (CFAFunctionBuilder.leave, INFO)

Dead code detected: Label switch_break is not reachable. (CFAFunctionBuilder.leave, INFO)

Dead code detected: Label switch_break is not reachable. (CFAFunctionBuilder.leave, INFO)

Dead code detected: Label switch_break is not reachable. (CFAFunctionBuilder.leave, INFO)

Dead code detected: Label switch_break is not reachable. (CFAFunctionBuilder.leave, INFO)

Dead code detected: Label switch_break is not reachable. (CFAFunctionBuilder.leave, INFO)

line 18054: Dead code detected: goto case_1; (CFACreationUtils.addEdgeToCFA, INFO)

line 18058: Dead code detected: goto case_2; (CFACreationUtils.addEdgeToCFA, INFO)

line 18066: Dead code detected: goto case_8; (CFACreationUtils.addEdgeToCFA, INFO)

line 18069: Dead code detected: goto switch_default; (CFACreationUtils.addEdgeToCFA, INFO)

Dead code detected: Label case_8 is not reachable. (CFAFunctionBuilder.leave, INFO)

Dead code detected: Label switch_break is not reachable. (CFAFunctionBuilder.leave, INFO)

Dead code detected: Label switch_default is not reachable. (CFAFunctionBuilder.leave, INFO)

Dead code detected: Label case_1 is not reachable. (CFAFunctionBuilder.leave, INFO)

Dead code detected: Label case_2 is not reachable. (CFAFunctionBuilder.leave, INFO)

Dead code detected: Label switch_break is not reachable. (CFAFunctionBuilder.leave, INFO)

Dead code detected: Label switch_break is not reachable. (CFAFunctionBuilder.leave, INFO)

Dead code detected: Label switch_break is not reachable. (CFAFunctionBuilder.leave, INFO)

line 18414: Dead code detected: goto case_1; (CFACreationUtils.addEdgeToCFA, INFO)

line 18418: Dead code detected: goto case_2; (CFACreationUtils.addEdgeToCFA, INFO)

line 18426: Dead code detected: goto case_8; (CFACreationUtils.addEdgeToCFA, INFO)

line 18429: Dead code detected: goto switch_default; (CFACreationUtils.addEdgeToCFA, INFO)

Dead code detected: Label case_8 is not reachable. (CFAFunctionBuilder.leave, INFO)

Dead code detected: Label switch_break is not reachable. (CFAFunctionBuilder.leave, INFO)

Dead code detected: Label switch_default is not reachable. (CFAFunctionBuilder.leave, INFO)

Dead code detected: Label case_1 is not reachable. (CFAFunctionBuilder.leave, INFO)

Dead code detected: Label case_2 is not reachable. (CFAFunctionBuilder.leave, INFO)

line 19467: Dead code detected: __ms___0 = 5UL; (CFACreationUtils.addEdgeToCFA, INFO)

line 19488: Dead code detected: __ms___1 = 1UL; (CFACreationUtils.addEdgeToCFA, INFO)

line 19852: Dead code detected: __ms___0 = 5UL; (CFACreationUtils.addEdgeToCFA, INFO)

line 19873: Dead code detected: __ms___1 = 1UL; (CFACreationUtils.addEdgeToCFA, INFO)

line 20308: Dead code detected: __ms___0 = 5UL; (CFACreationUtils.addEdgeToCFA, INFO)

line 20329: Dead code detected: __ms___1 = 1UL; (CFACreationUtils.addEdgeToCFA, INFO)

line 20397: Dead code detected: __ms___3 = 5UL; (CFACreationUtils.addEdgeToCFA, INFO)

line 20418: Dead code detected: __ms___4 = 1UL; (CFACreationUtils.addEdgeToCFA, INFO)

Dead code detected: Label switch_break is not reachable. (CFAFunctionBuilder.leave, INFO)

line 21127: Dead code detected: __ms = 1UL; (CFACreationUtils.addEdgeToCFA, INFO)

line 22209: Dead code detected: __ms = 1UL; (CFACreationUtils.addEdgeToCFA, INFO)

line 22566: Dead code detected: __ms = 1UL; (CFACreationUtils.addEdgeToCFA, INFO)

Dead code detected: Label switch_break is not reachable. (CFAFunctionBuilder.leave, INFO)

Dead code detected: Label switch_break is not reachable. (CFAFunctionBuilder.leave, INFO)

Dead code detected: Label switch_break is not reachable. (CFAFunctionBuilder.leave, INFO)

Dead code detected: Label switch_break is not reachable. (CFAFunctionBuilder.leave, INFO)

Dead code detected: Label switch_break is not reachable. (CFAFunctionBuilder.leave, INFO)

Dead code detected: Label switch_break is not reachable. (CFAFunctionBuilder.leave, INFO)

Dead code detected: Label switch_break is not reachable. (CFAFunctionBuilder.leave, INFO)

Dead code detected: Label switch_break is not reachable. (CFAFunctionBuilder.leave, INFO)

line 29073: Dead code detected: return (arg0); (CFACreationUtils.addEdgeToCFA, INFO)

line 29194: Dead code detected: return; (CFACreationUtils.addEdgeToCFA, INFO)

line 29339: Dead code detected: return; (CFACreationUtils.addEdgeToCFA, INFO)

line 29374: Dead code detected: return; (CFACreationUtils.addEdgeToCFA, INFO)

line 29565: Dead code detected: goto ldv_started_0; (CFACreationUtils.addEdgeToCFA, INFO)

line 29572: Dead code detected: goto ldv_started_0; (CFACreationUtils.addEdgeToCFA, INFO)

line 29573: Dead code detected: goto ldv_started_0; (CFACreationUtils.addEdgeToCFA, INFO)

line 29579: Dead code detected: goto ldv_started_0; (CFACreationUtils.addEdgeToCFA, INFO)

line 29580: Dead code detected: goto ldv_started_0; (CFACreationUtils.addEdgeToCFA, INFO)

line 29581: Dead code detected: goto ldv_started_0; (CFACreationUtils.addEdgeToCFA, INFO)

line 29589: Dead code detected: goto ldv_started_0; (CFACreationUtils.addEdgeToCFA, INFO)

line 29590: Dead code detected: goto ldv_started_0; (CFACreationUtils.addEdgeToCFA, INFO)

line 29591: Dead code detected: goto ldv_started_0; (CFACreationUtils.addEdgeToCFA, INFO)

line 29592: Dead code detected: goto ldv_started_0; (CFACreationUtils.addEdgeToCFA, INFO)

line 29599: Dead code detected: goto ldv_started_0; (CFACreationUtils.addEdgeToCFA, INFO)

line 29600: Dead code detected: goto ldv_started_0; (CFACreationUtils.addEdgeToCFA, INFO)

line 29601: Dead code detected: goto ldv_started_0; (CFACreationUtils.addEdgeToCFA, INFO)

line 29602: Dead code detected: goto ldv_started_0; (CFACreationUtils.addEdgeToCFA, INFO)

line 29603: Dead code detected: goto ldv_started_0; (CFACreationUtils.addEdgeToCFA, INFO)

line 29610: Dead code detected: goto ldv_started_0; (CFACreationUtils.addEdgeToCFA, INFO)

line 29611: Dead code detected: goto ldv_started_0; (CFACreationUtils.addEdgeToCFA, INFO)

line 29612: Dead code detected: goto ldv_started_0; (CFACreationUtils.addEdgeToCFA, INFO)

line 29613: Dead code detected: goto ldv_started_0; (CFACreationUtils.addEdgeToCFA, INFO)

line 29614: Dead code detected: goto ldv_started_0; (CFACreationUtils.addEdgeToCFA, INFO)

line 29615: Dead code detected: goto ldv_started_0; (CFACreationUtils.addEdgeToCFA, INFO)

line 29622: Dead code detected: goto ldv_started_0; (CFACreationUtils.addEdgeToCFA, INFO)

line 29623: Dead code detected: goto ldv_started_0; (CFACreationUtils.addEdgeToCFA, INFO)

line 29624: Dead code detected: goto ldv_started_0; (CFACreationUtils.addEdgeToCFA, INFO)

line 29625: Dead code detected: goto ldv_started_0; (CFACreationUtils.addEdgeToCFA, INFO)

line 29626: Dead code detected: goto ldv_started_0; (CFACreationUtils.addEdgeToCFA, INFO)

line 29627: Dead code detected: goto ldv_started_0; (CFACreationUtils.addEdgeToCFA, INFO)

line 29628: Dead code detected: goto ldv_started_0; (CFACreationUtils.addEdgeToCFA, INFO)

line 29640: Dead code detected: goto ldv_started_0; (CFACreationUtils.addEdgeToCFA, INFO)

line 29641: Dead code detected: goto ldv_started_0; (CFACreationUtils.addEdgeToCFA, INFO)

line 29642: Dead code detected: goto ldv_started_0; (CFACreationUtils.addEdgeToCFA, INFO)

line 29643: Dead code detected: goto ldv_started_0; (CFACreationUtils.addEdgeToCFA, INFO)

line 29644: Dead code detected: goto ldv_started_0; (CFACreationUtils.addEdgeToCFA, INFO)

line 29645: Dead code detected: goto ldv_started_0; (CFACreationUtils.addEdgeToCFA, INFO)

line 29646: Dead code detected: goto ldv_started_0; (CFACreationUtils.addEdgeToCFA, INFO)

line 29647: Dead code detected: goto ldv_started_0; (CFACreationUtils.addEdgeToCFA, INFO)

line 29657: Dead code detected: goto ldv_started_0; (CFACreationUtils.addEdgeToCFA, INFO)

line 29658: Dead code detected: goto ldv_started_0; (CFACreationUtils.addEdgeToCFA, INFO)

line 29659: Dead code detected: goto ldv_started_0; (CFACreationUtils.addEdgeToCFA, INFO)

line 29660: Dead code detected: goto ldv_started_0; (CFACreationUtils.addEdgeToCFA, INFO)

line 29661: Dead code detected: goto ldv_started_0; (CFACreationUtils.addEdgeToCFA, INFO)

line 29662: Dead code detected: goto ldv_started_0; (CFACreationUtils.addEdgeToCFA, INFO)

line 29663: Dead code detected: goto ldv_started_0; (CFACreationUtils.addEdgeToCFA, INFO)

line 29664: Dead code detected: goto ldv_started_0; (CFACreationUtils.addEdgeToCFA, INFO)

line 29665: Dead code detected: goto ldv_started_0; (CFACreationUtils.addEdgeToCFA, INFO)

line 29679: Dead code detected: goto ldv_started_0; (CFACreationUtils.addEdgeToCFA, INFO)

line 29680: Dead code detected: goto ldv_started_0; (CFACreationUtils.addEdgeToCFA, INFO)

line 29681: Dead code detected: goto ldv_started_0; (CFACreationUtils.addEdgeToCFA, INFO)

line 29682: Dead code detected: goto ldv_started_0; (CFACreationUtils.addEdgeToCFA, INFO)

line 29683: Dead code detected: goto ldv_started_0; (CFACreationUtils.addEdgeToCFA, INFO)

line 29684: Dead code detected: goto ldv_started_0; (CFACreationUtils.addEdgeToCFA, INFO)

line 29685: Dead code detected: goto ldv_started_0; (CFACreationUtils.addEdgeToCFA, INFO)

line 29686: Dead code detected: goto ldv_started_0; (CFACreationUtils.addEdgeToCFA, INFO)

line 29687: Dead code detected: goto ldv_started_0; (CFACreationUtils.addEdgeToCFA, INFO)

line 29688: Dead code detected: goto ldv_started_0; (CFACreationUtils.addEdgeToCFA, INFO)

line 29695: Dead code detected: goto ldv_started_0; (CFACreationUtils.addEdgeToCFA, INFO)

line 29696: Dead code detected: goto ldv_started_0; (CFACreationUtils.addEdgeToCFA, INFO)

line 29697: Dead code detected: goto ldv_started_0; (CFACreationUtils.addEdgeToCFA, INFO)

line 29698: Dead code detected: goto ldv_started_0; (CFACreationUtils.addEdgeToCFA, INFO)

line 29699: Dead code detected: goto ldv_started_0; (CFACreationUtils.addEdgeToCFA, INFO)

line 29700: Dead code detected: goto ldv_started_0; (CFACreationUtils.addEdgeToCFA, INFO)

line 29701: Dead code detected: goto ldv_started_0; (CFACreationUtils.addEdgeToCFA, INFO)

line 29702: Dead code detected: goto ldv_started_0; (CFACreationUtils.addEdgeToCFA, INFO)

line 29703: Dead code detected: goto ldv_started_0; (CFACreationUtils.addEdgeToCFA, INFO)

line 29704: Dead code detected: goto ldv_started_0; (CFACreationUtils.addEdgeToCFA, INFO)

line 29705: Dead code detected: goto ldv_started_0; (CFACreationUtils.addEdgeToCFA, INFO)

line 29711: Dead code detected: goto ldv_started_0; (CFACreationUtils.addEdgeToCFA, INFO)

line 29712: Dead code detected: goto ldv_started_0; (CFACreationUtils.addEdgeToCFA, INFO)

line 29713: Dead code detected: goto ldv_started_0; (CFACreationUtils.addEdgeToCFA, INFO)

line 29714: Dead code detected: goto ldv_started_0; (CFACreationUtils.addEdgeToCFA, INFO)

line 29715: Dead code detected: goto ldv_started_0; (CFACreationUtils.addEdgeToCFA, INFO)

line 29716: Dead code detected: goto ldv_started_0; (CFACreationUtils.addEdgeToCFA, INFO)

line 29717: Dead code detected: goto ldv_started_0; (CFACreationUtils.addEdgeToCFA, INFO)

line 29718: Dead code detected: goto ldv_started_0; (CFACreationUtils.addEdgeToCFA, INFO)

line 29719: Dead code detected: goto ldv_started_0; (CFACreationUtils.addEdgeToCFA, INFO)

line 29720: Dead code detected: goto ldv_started_0; (CFACreationUtils.addEdgeToCFA, INFO)

line 29721: Dead code detected: goto ldv_started_0; (CFACreationUtils.addEdgeToCFA, INFO)

line 29722: Dead code detected: goto ldv_started_0; (CFACreationUtils.addEdgeToCFA, INFO)

line 29729: Dead code detected: goto ldv_started_0; (CFACreationUtils.addEdgeToCFA, INFO)

line 29730: Dead code detected: goto ldv_started_0; (CFACreationUtils.addEdgeToCFA, INFO)

line 29731: Dead code detected: goto ldv_started_0; (CFACreationUtils.addEdgeToCFA, INFO)

line 29732: Dead code detected: goto ldv_started_0; (CFACreationUtils.addEdgeToCFA, INFO)

line 29733: Dead code detected: goto ldv_started_0; (CFACreationUtils.addEdgeToCFA, INFO)

line 29734: Dead code detected: goto ldv_started_0; (CFACreationUtils.addEdgeToCFA, INFO)

line 29735: Dead code detected: goto ldv_started_0; (CFACreationUtils.addEdgeToCFA, INFO)

line 29736: Dead code detected: goto ldv_started_0; (CFACreationUtils.addEdgeToCFA, INFO)

line 29737: Dead code detected: goto ldv_started_0; (CFACreationUtils.addEdgeToCFA, INFO)

line 29738: Dead code detected: goto ldv_started_0; (CFACreationUtils.addEdgeToCFA, INFO)

line 29739: Dead code detected: goto ldv_started_0; (CFACreationUtils.addEdgeToCFA, INFO)

line 29740: Dead code detected: goto ldv_started_0; (CFACreationUtils.addEdgeToCFA, INFO)

line 29741: Dead code detected: goto ldv_started_0; (CFACreationUtils.addEdgeToCFA, INFO)

line 29747: Dead code detected: goto ldv_started_0; (CFACreationUtils.addEdgeToCFA, INFO)

line 29748: Dead code detected: goto ldv_started_0; (CFACreationUtils.addEdgeToCFA, INFO)

line 29749: Dead code detected: goto ldv_started_0; (CFACreationUtils.addEdgeToCFA, INFO)

line 29750: Dead code detected: goto ldv_started_0; (CFACreationUtils.addEdgeToCFA, INFO)

line 29751: Dead code detected: goto ldv_started_0; (CFACreationUtils.addEdgeToCFA, INFO)

line 29752: Dead code detected: goto ldv_started_0; (CFACreationUtils.addEdgeToCFA, INFO)

line 29753: Dead code detected: goto ldv_started_0; (CFACreationUtils.addEdgeToCFA, INFO)

line 29754: Dead code detected: goto ldv_started_0; (CFACreationUtils.addEdgeToCFA, INFO)

line 29755: Dead code detected: goto ldv_started_0; (CFACreationUtils.addEdgeToCFA, INFO)

line 29756: Dead code detected: goto ldv_started_0; (CFACreationUtils.addEdgeToCFA, INFO)

line 29757: Dead code detected: goto ldv_started_0; (CFACreationUtils.addEdgeToCFA, INFO)

line 29758: Dead code detected: goto ldv_started_0; (CFACreationUtils.addEdgeToCFA, INFO)

line 29759: Dead code detected: goto ldv_started_0; (CFACreationUtils.addEdgeToCFA, INFO)

line 29760: Dead code detected: goto ldv_started_0; (CFACreationUtils.addEdgeToCFA, INFO)

line 29766: Dead code detected: goto ldv_started_0; (CFACreationUtils.addEdgeToCFA, INFO)

line 29767: Dead code detected: goto ldv_started_0; (CFACreationUtils.addEdgeToCFA, INFO)

line 29768: Dead code detected: goto ldv_started_0; (CFACreationUtils.addEdgeToCFA, INFO)

line 29769: Dead code detected: goto ldv_started_0; (CFACreationUtils.addEdgeToCFA, INFO)

line 29770: Dead code detected: goto ldv_started_0; (CFACreationUtils.addEdgeToCFA, INFO)

line 29771: Dead code detected: goto ldv_started_0; (CFACreationUtils.addEdgeToCFA, INFO)

line 29772: Dead code detected: goto ldv_started_0; (CFACreationUtils.addEdgeToCFA, INFO)

line 29773: Dead code detected: goto ldv_started_0; (CFACreationUtils.addEdgeToCFA, INFO)

line 29774: Dead code detected: goto ldv_started_0; (CFACreationUtils.addEdgeToCFA, INFO)

line 29775: Dead code detected: goto ldv_started_0; (CFACreationUtils.addEdgeToCFA, INFO)

line 29776: Dead code detected: goto ldv_started_0; (CFACreationUtils.addEdgeToCFA, INFO)

line 29777: Dead code detected: goto ldv_started_0; (CFACreationUtils.addEdgeToCFA, INFO)

line 29778: Dead code detected: goto ldv_started_0; (CFACreationUtils.addEdgeToCFA, INFO)

line 29779: Dead code detected: goto ldv_started_0; (CFACreationUtils.addEdgeToCFA, INFO)

line 29780: Dead code detected: goto ldv_started_0; (CFACreationUtils.addEdgeToCFA, INFO)

line 29788: Dead code detected: goto ldv_started_0; (CFACreationUtils.addEdgeToCFA, INFO)

line 29789: Dead code detected: goto ldv_started_0; (CFACreationUtils.addEdgeToCFA, INFO)

line 29790: Dead code detected: goto ldv_started_0; (CFACreationUtils.addEdgeToCFA, INFO)

line 29791: Dead code detected: goto ldv_started_0; (CFACreationUtils.addEdgeToCFA, INFO)

line 29792: Dead code detected: goto ldv_started_0; (CFACreationUtils.addEdgeToCFA, INFO)

line 29793: Dead code detected: goto ldv_started_0; (CFACreationUtils.addEdgeToCFA, INFO)

line 29794: Dead code detected: goto ldv_started_0; (CFACreationUtils.addEdgeToCFA, INFO)

line 29795: Dead code detected: goto ldv_started_0; (CFACreationUtils.addEdgeToCFA, INFO)

line 29796: Dead code detected: goto ldv_started_0; (CFACreationUtils.addEdgeToCFA, INFO)

line 29797: Dead code detected: goto ldv_started_0; (CFACreationUtils.addEdgeToCFA, INFO)

line 29798: Dead code detected: goto ldv_started_0; (CFACreationUtils.addEdgeToCFA, INFO)

line 29799: Dead code detected: goto ldv_started_0; (CFACreationUtils.addEdgeToCFA, INFO)

line 29800: Dead code detected: goto ldv_started_0; (CFACreationUtils.addEdgeToCFA, INFO)

line 29801: Dead code detected: goto ldv_started_0; (CFACreationUtils.addEdgeToCFA, INFO)

line 29802: Dead code detected: goto ldv_started_0; (CFACreationUtils.addEdgeToCFA, INFO)

line 29803: Dead code detected: goto ldv_started_0; (CFACreationUtils.addEdgeToCFA, INFO)

line 29810: Dead code detected: goto ldv_started_0; (CFACreationUtils.addEdgeToCFA, INFO)

line 29811: Dead code detected: goto ldv_started_0; (CFACreationUtils.addEdgeToCFA, INFO)

line 29812: Dead code detected: goto ldv_started_0; (CFACreationUtils.addEdgeToCFA, INFO)

line 29813: Dead code detected: goto ldv_started_0; (CFACreationUtils.addEdgeToCFA, INFO)

line 29814: Dead code detected: goto ldv_started_0; (CFACreationUtils.addEdgeToCFA, INFO)

line 29815: Dead code detected: goto ldv_started_0; (CFACreationUtils.addEdgeToCFA, INFO)

line 29816: Dead code detected: goto ldv_started_0; (CFACreationUtils.addEdgeToCFA, INFO)

line 29817: Dead code detected: goto ldv_started_0; (CFACreationUtils.addEdgeToCFA, INFO)

line 29818: Dead code detected: goto ldv_started_0; (CFACreationUtils.addEdgeToCFA, INFO)

line 29819: Dead code detected: goto ldv_started_0; (CFACreationUtils.addEdgeToCFA, INFO)

line 29820: Dead code detected: goto ldv_started_0; (CFACreationUtils.addEdgeToCFA, INFO)

line 29821: Dead code detected: goto ldv_started_0; (CFACreationUtils.addEdgeToCFA, INFO)

line 29822: Dead code detected: goto ldv_started_0; (CFACreationUtils.addEdgeToCFA, INFO)

line 29823: Dead code detected: goto ldv_started_0; (CFACreationUtils.addEdgeToCFA, INFO)

line 29824: Dead code detected: goto ldv_started_0; (CFACreationUtils.addEdgeToCFA, INFO)

line 29825: Dead code detected: goto ldv_started_0; (CFACreationUtils.addEdgeToCFA, INFO)

line 29826: Dead code detected: goto ldv_started_0; (CFACreationUtils.addEdgeToCFA, INFO)

line 29832: Dead code detected: goto ldv_started_0; (CFACreationUtils.addEdgeToCFA, INFO)

line 29833: Dead code detected: goto ldv_started_0; (CFACreationUtils.addEdgeToCFA, INFO)

line 29834: Dead code detected: goto ldv_started_0; (CFACreationUtils.addEdgeToCFA, INFO)

line 29835: Dead code detected: goto ldv_started_0; (CFACreationUtils.addEdgeToCFA, INFO)

line 29836: Dead code detected: goto ldv_started_0; (CFACreationUtils.addEdgeToCFA, INFO)

line 29837: Dead code detected: goto ldv_started_0; (CFACreationUtils.addEdgeToCFA, INFO)

line 29838: Dead code detected: goto ldv_started_0; (CFACreationUtils.addEdgeToCFA, INFO)

line 29839: Dead code detected: goto ldv_started_0; (CFACreationUtils.addEdgeToCFA, INFO)

line 29840: Dead code detected: goto ldv_started_0; (CFACreationUtils.addEdgeToCFA, INFO)

line 29841: Dead code detected: goto ldv_started_0; (CFACreationUtils.addEdgeToCFA, INFO)

line 29842: Dead code detected: goto ldv_started_0; (CFACreationUtils.addEdgeToCFA, INFO)

line 29843: Dead code detected: goto ldv_started_0; (CFACreationUtils.addEdgeToCFA, INFO)

line 29844: Dead code detected: goto ldv_started_0; (CFACreationUtils.addEdgeToCFA, INFO)

line 29845: Dead code detected: goto ldv_started_0; (CFACreationUtils.addEdgeToCFA, INFO)

line 29846: Dead code detected: goto ldv_started_0; (CFACreationUtils.addEdgeToCFA, INFO)

line 29847: Dead code detected: goto ldv_started_0; (CFACreationUtils.addEdgeToCFA, INFO)

line 29848: Dead code detected: goto ldv_started_0; (CFACreationUtils.addEdgeToCFA, INFO)

line 29849: Dead code detected: goto ldv_started_0; (CFACreationUtils.addEdgeToCFA, INFO)

line 29859: Dead code detected: goto ldv_started_0; (CFACreationUtils.addEdgeToCFA, INFO)

line 29860: Dead code detected: goto ldv_started_0; (CFACreationUtils.addEdgeToCFA, INFO)

line 29861: Dead code detected: goto ldv_started_0; (CFACreationUtils.addEdgeToCFA, INFO)

line 29862: Dead code detected: goto ldv_started_0; (CFACreationUtils.addEdgeToCFA, INFO)

line 29863: Dead code detected: goto ldv_started_0; (CFACreationUtils.addEdgeToCFA, INFO)

line 29864: Dead code detected: goto ldv_started_0; (CFACreationUtils.addEdgeToCFA, INFO)

line 29865: Dead code detected: goto ldv_started_0; (CFACreationUtils.addEdgeToCFA, INFO)

line 29866: Dead code detected: goto ldv_started_0; (CFACreationUtils.addEdgeToCFA, INFO)

line 29867: Dead code detected: goto ldv_started_0; (CFACreationUtils.addEdgeToCFA, INFO)

line 29868: Dead code detected: goto ldv_started_0; (CFACreationUtils.addEdgeToCFA, INFO)

line 29869: Dead code detected: goto ldv_started_0; (CFACreationUtils.addEdgeToCFA, INFO)

line 29870: Dead code detected: goto ldv_started_0; (CFACreationUtils.addEdgeToCFA, INFO)

line 29871: Dead code detected: goto ldv_started_0; (CFACreationUtils.addEdgeToCFA, INFO)

line 29872: Dead code detected: goto ldv_started_0; (CFACreationUtils.addEdgeToCFA, INFO)

line 29873: Dead code detected: goto ldv_started_0; (CFACreationUtils.addEdgeToCFA, INFO)

line 29874: Dead code detected: goto ldv_started_0; (CFACreationUtils.addEdgeToCFA, INFO)

line 29875: Dead code detected: goto ldv_started_0; (CFACreationUtils.addEdgeToCFA, INFO)

line 29876: Dead code detected: goto ldv_started_0; (CFACreationUtils.addEdgeToCFA, INFO)

line 29877: Dead code detected: goto ldv_started_0; (CFACreationUtils.addEdgeToCFA, INFO)

line 29888: Dead code detected: goto ldv_started_0; (CFACreationUtils.addEdgeToCFA, INFO)

line 29889: Dead code detected: goto ldv_started_0; (CFACreationUtils.addEdgeToCFA, INFO)

line 29890: Dead code detected: goto ldv_started_0; (CFACreationUtils.addEdgeToCFA, INFO)

line 29891: Dead code detected: goto ldv_started_0; (CFACreationUtils.addEdgeToCFA, INFO)

line 29892: Dead code detected: goto ldv_started_0; (CFACreationUtils.addEdgeToCFA, INFO)

line 29893: Dead code detected: goto ldv_started_0; (CFACreationUtils.addEdgeToCFA, INFO)

line 29894: Dead code detected: goto ldv_started_0; (CFACreationUtils.addEdgeToCFA, INFO)

line 29895: Dead code detected: goto ldv_started_0; (CFACreationUtils.addEdgeToCFA, INFO)

line 29896: Dead code detected: goto ldv_started_0; (CFACreationUtils.addEdgeToCFA, INFO)

line 29897: Dead code detected: goto ldv_started_0; (CFACreationUtils.addEdgeToCFA, INFO)

line 29898: Dead code detected: goto ldv_started_0; (CFACreationUtils.addEdgeToCFA, INFO)

line 29899: Dead code detected: goto ldv_started_0; (CFACreationUtils.addEdgeToCFA, INFO)

line 29900: Dead code detected: goto ldv_started_0; (CFACreationUtils.addEdgeToCFA, INFO)

line 29901: Dead code detected: goto ldv_started_0; (CFACreationUtils.addEdgeToCFA, INFO)

line 29902: Dead code detected: goto ldv_started_0; (CFACreationUtils.addEdgeToCFA, INFO)

line 29903: Dead code detected: goto ldv_started_0; (CFACreationUtils.addEdgeToCFA, INFO)

line 29904: Dead code detected: goto ldv_started_0; (CFACreationUtils.addEdgeToCFA, INFO)

line 29905: Dead code detected: goto ldv_started_0; (CFACreationUtils.addEdgeToCFA, INFO)

line 29906: Dead code detected: goto ldv_started_0; (CFACreationUtils.addEdgeToCFA, INFO)

line 29907: Dead code detected: goto ldv_started_0; (CFACreationUtils.addEdgeToCFA, INFO)

line 29913: Dead code detected: goto ldv_started_0; (CFACreationUtils.addEdgeToCFA, INFO)

line 29914: Dead code detected: goto ldv_started_0; (CFACreationUtils.addEdgeToCFA, INFO)

line 29915: Dead code detected: goto ldv_started_0; (CFACreationUtils.addEdgeToCFA, INFO)

line 29916: Dead code detected: goto ldv_started_0; (CFACreationUtils.addEdgeToCFA, INFO)

line 29917: Dead code detected: goto ldv_started_0; (CFACreationUtils.addEdgeToCFA, INFO)

line 29918: Dead code detected: goto ldv_started_0; (CFACreationUtils.addEdgeToCFA, INFO)

line 29919: Dead code detected: goto ldv_started_0; (CFACreationUtils.addEdgeToCFA, INFO)

line 29920: Dead code detected: goto ldv_started_0; (CFACreationUtils.addEdgeToCFA, INFO)

line 29921: Dead code detected: goto ldv_started_0; (CFACreationUtils.addEdgeToCFA, INFO)

line 29922: Dead code detected: goto ldv_started_0; (CFACreationUtils.addEdgeToCFA, INFO)

line 29923: Dead code detected: goto ldv_started_0; (CFACreationUtils.addEdgeToCFA, INFO)

line 29924: Dead code detected: goto ldv_started_0; (CFACreationUtils.addEdgeToCFA, INFO)

line 29925: Dead code detected: goto ldv_started_0; (CFACreationUtils.addEdgeToCFA, INFO)

line 29926: Dead code detected: goto ldv_started_0; (CFACreationUtils.addEdgeToCFA, INFO)

line 29927: Dead code detected: goto ldv_started_0; (CFACreationUtils.addEdgeToCFA, INFO)

line 29928: Dead code detected: goto ldv_started_0; (CFACreationUtils.addEdgeToCFA, INFO)

line 29929: Dead code detected: goto ldv_started_0; (CFACreationUtils.addEdgeToCFA, INFO)

line 29930: Dead code detected: goto ldv_started_0; (CFACreationUtils.addEdgeToCFA, INFO)

line 29931: Dead code detected: goto ldv_started_0; (CFACreationUtils.addEdgeToCFA, INFO)

line 29932: Dead code detected: goto ldv_started_0; (CFACreationUtils.addEdgeToCFA, INFO)

line 29933: Dead code detected: goto ldv_started_0; (CFACreationUtils.addEdgeToCFA, INFO)

line 29940: Dead code detected: goto ldv_started_0; (CFACreationUtils.addEdgeToCFA, INFO)

line 29941: Dead code detected: goto ldv_started_0; (CFACreationUtils.addEdgeToCFA, INFO)

line 29942: Dead code detected: goto ldv_started_0; (CFACreationUtils.addEdgeToCFA, INFO)

line 29943: Dead code detected: goto ldv_started_0; (CFACreationUtils.addEdgeToCFA, INFO)

line 29944: Dead code detected: goto ldv_started_0; (CFACreationUtils.addEdgeToCFA, INFO)

line 29945: Dead code detected: goto ldv_started_0; (CFACreationUtils.addEdgeToCFA, INFO)

line 29946: Dead code detected: goto ldv_started_0; (CFACreationUtils.addEdgeToCFA, INFO)

line 29947: Dead code detected: goto ldv_started_0; (CFACreationUtils.addEdgeToCFA, INFO)

line 29948: Dead code detected: goto ldv_started_0; (CFACreationUtils.addEdgeToCFA, INFO)

line 29949: Dead code detected: goto ldv_started_0; (CFACreationUtils.addEdgeToCFA, INFO)

line 29950: Dead code detected: goto ldv_started_0; (CFACreationUtils.addEdgeToCFA, INFO)

line 29951: Dead code detected: goto ldv_started_0; (CFACreationUtils.addEdgeToCFA, INFO)

line 29952: Dead code detected: goto ldv_started_0; (CFACreationUtils.addEdgeToCFA, INFO)

line 29953: Dead code detected: goto ldv_started_0; (CFACreationUtils.addEdgeToCFA, INFO)

line 29954: Dead code detected: goto ldv_started_0; (CFACreationUtils.addEdgeToCFA, INFO)

line 29955: Dead code detected: goto ldv_started_0; (CFACreationUtils.addEdgeToCFA, INFO)

line 29956: Dead code detected: goto ldv_started_0; (CFACreationUtils.addEdgeToCFA, INFO)

line 29957: Dead code detected: goto ldv_started_0; (CFACreationUtils.addEdgeToCFA, INFO)

line 29958: Dead code detected: goto ldv_started_0; (CFACreationUtils.addEdgeToCFA, INFO)

line 29959: Dead code detected: goto ldv_started_0; (CFACreationUtils.addEdgeToCFA, INFO)

line 29960: Dead code detected: goto ldv_started_0; (CFACreationUtils.addEdgeToCFA, INFO)

line 29961: Dead code detected: goto ldv_started_0; (CFACreationUtils.addEdgeToCFA, INFO)

line 29974: Dead code detected: goto ldv_started_0; (CFACreationUtils.addEdgeToCFA, INFO)

line 29975: Dead code detected: goto ldv_started_0; (CFACreationUtils.addEdgeToCFA, INFO)

line 29976: Dead code detected: goto ldv_started_0; (CFACreationUtils.addEdgeToCFA, INFO)

line 29977: Dead code detected: goto ldv_started_0; (CFACreationUtils.addEdgeToCFA, INFO)

line 29978: Dead code detected: goto ldv_started_0; (CFACreationUtils.addEdgeToCFA, INFO)

line 29979: Dead code detected: goto ldv_started_0; (CFACreationUtils.addEdgeToCFA, INFO)

line 29980: Dead code detected: goto ldv_started_0; (CFACreationUtils.addEdgeToCFA, INFO)

line 29981: Dead code detected: goto ldv_started_0; (CFACreationUtils.addEdgeToCFA, INFO)

line 29982: Dead code detected: goto ldv_started_0; (CFACreationUtils.addEdgeToCFA, INFO)

line 29983: Dead code detected: goto ldv_started_0; (CFACreationUtils.addEdgeToCFA, INFO)

line 29984: Dead code detected: goto ldv_started_0; (CFACreationUtils.addEdgeToCFA, INFO)

line 29985: Dead code detected: goto ldv_started_0; (CFACreationUtils.addEdgeToCFA, INFO)

line 29986: Dead code detected: goto ldv_started_0; (CFACreationUtils.addEdgeToCFA, INFO)

line 29987: Dead code detected: goto ldv_started_0; (CFACreationUtils.addEdgeToCFA, INFO)

line 29988: Dead code detected: goto ldv_started_0; (CFACreationUtils.addEdgeToCFA, INFO)

line 29989: Dead code detected: goto ldv_started_0; (CFACreationUtils.addEdgeToCFA, INFO)

line 29990: Dead code detected: goto ldv_started_0; (CFACreationUtils.addEdgeToCFA, INFO)

line 29991: Dead code detected: goto ldv_started_0; (CFACreationUtils.addEdgeToCFA, INFO)

line 29992: Dead code detected: goto ldv_started_0; (CFACreationUtils.addEdgeToCFA, INFO)

line 29993: Dead code detected: goto ldv_started_0; (CFACreationUtils.addEdgeToCFA, INFO)

line 29994: Dead code detected: goto ldv_started_0; (CFACreationUtils.addEdgeToCFA, INFO)

line 29995: Dead code detected: goto ldv_started_0; (CFACreationUtils.addEdgeToCFA, INFO)

line 29996: Dead code detected: goto ldv_started_0; (CFACreationUtils.addEdgeToCFA, INFO)

line 30002: Dead code detected: goto ldv_started_0; (CFACreationUtils.addEdgeToCFA, INFO)

line 30003: Dead code detected: goto ldv_started_0; (CFACreationUtils.addEdgeToCFA, INFO)

line 30004: Dead code detected: goto ldv_started_0; (CFACreationUtils.addEdgeToCFA, INFO)

line 30005: Dead code detected: goto ldv_started_0; (CFACreationUtils.addEdgeToCFA, INFO)

line 30006: Dead code detected: goto ldv_started_0; (CFACreationUtils.addEdgeToCFA, INFO)

line 30007: Dead code detected: goto ldv_started_0; (CFACreationUtils.addEdgeToCFA, INFO)

line 30008: Dead code detected: goto ldv_started_0; (CFACreationUtils.addEdgeToCFA, INFO)

line 30009: Dead code detected: goto ldv_started_0; (CFACreationUtils.addEdgeToCFA, INFO)

line 30010: Dead code detected: goto ldv_started_0; (CFACreationUtils.addEdgeToCFA, INFO)

line 30011: Dead code detected: goto ldv_started_0; (CFACreationUtils.addEdgeToCFA, INFO)

line 30012: Dead code detected: goto ldv_started_0; (CFACreationUtils.addEdgeToCFA, INFO)

line 30013: Dead code detected: goto ldv_started_0; (CFACreationUtils.addEdgeToCFA, INFO)

line 30014: Dead code detected: goto ldv_started_0; (CFACreationUtils.addEdgeToCFA, INFO)

line 30015: Dead code detected: goto ldv_started_0; (CFACreationUtils.addEdgeToCFA, INFO)

line 30016: Dead code detected: goto ldv_started_0; (CFACreationUtils.addEdgeToCFA, INFO)

line 30017: Dead code detected: goto ldv_started_0; (CFACreationUtils.addEdgeToCFA, INFO)

line 30018: Dead code detected: goto ldv_started_0; (CFACreationUtils.addEdgeToCFA, INFO)

line 30019: Dead code detected: goto ldv_started_0; (CFACreationUtils.addEdgeToCFA, INFO)

line 30020: Dead code detected: goto ldv_started_0; (CFACreationUtils.addEdgeToCFA, INFO)

line 30021: Dead code detected: goto ldv_started_0; (CFACreationUtils.addEdgeToCFA, INFO)

line 30022: Dead code detected: goto ldv_started_0; (CFACreationUtils.addEdgeToCFA, INFO)

line 30023: Dead code detected: goto ldv_started_0; (CFACreationUtils.addEdgeToCFA, INFO)

line 30024: Dead code detected: goto ldv_started_0; (CFACreationUtils.addEdgeToCFA, INFO)

line 30025: Dead code detected: goto ldv_started_0; (CFACreationUtils.addEdgeToCFA, INFO)

line 30031: Dead code detected: goto ldv_started_0; (CFACreationUtils.addEdgeToCFA, INFO)

line 30032: Dead code detected: goto ldv_started_0; (CFACreationUtils.addEdgeToCFA, INFO)

line 30033: Dead code detected: goto ldv_started_0; (CFACreationUtils.addEdgeToCFA, INFO)

line 30034: Dead code detected: goto ldv_started_0; (CFACreationUtils.addEdgeToCFA, INFO)

line 30035: Dead code detected: goto ldv_started_0; (CFACreationUtils.addEdgeToCFA, INFO)

line 30036: Dead code detected: goto ldv_started_0; (CFACreationUtils.addEdgeToCFA, INFO)

line 30037: Dead code detected: goto ldv_started_0; (CFACreationUtils.addEdgeToCFA, INFO)

line 30038: Dead code detected: goto ldv_started_0; (CFACreationUtils.addEdgeToCFA, INFO)

line 30039: Dead code detected: goto ldv_started_0; (CFACreationUtils.addEdgeToCFA, INFO)

line 30040: Dead code detected: goto ldv_started_0; (CFACreationUtils.addEdgeToCFA, INFO)

line 30041: Dead code detected: goto ldv_started_0; (CFACreationUtils.addEdgeToCFA, INFO)

line 30042: Dead code detected: goto ldv_started_0; (CFACreationUtils.addEdgeToCFA, INFO)

line 30043: Dead code detected: goto ldv_started_0; (CFACreationUtils.addEdgeToCFA, INFO)

line 30044: Dead code detected: goto ldv_started_0; (CFACreationUtils.addEdgeToCFA, INFO)

line 30045: Dead code detected: goto ldv_started_0; (CFACreationUtils.addEdgeToCFA, INFO)

line 30046: Dead code detected: goto ldv_started_0; (CFACreationUtils.addEdgeToCFA, INFO)

line 30047: Dead code detected: goto ldv_started_0; (CFACreationUtils.addEdgeToCFA, INFO)

line 30048: Dead code detected: goto ldv_started_0; (CFACreationUtils.addEdgeToCFA, INFO)

line 30049: Dead code detected: goto ldv_started_0; (CFACreationUtils.addEdgeToCFA, INFO)

line 30050: Dead code detected: goto ldv_started_0; (CFACreationUtils.addEdgeToCFA, INFO)

line 30051: Dead code detected: goto ldv_started_0; (CFACreationUtils.addEdgeToCFA, INFO)

line 30052: Dead code detected: goto ldv_started_0; (CFACreationUtils.addEdgeToCFA, INFO)

line 30053: Dead code detected: goto ldv_started_0; (CFACreationUtils.addEdgeToCFA, INFO)

line 30054: Dead code detected: goto ldv_started_0; (CFACreationUtils.addEdgeToCFA, INFO)

line 30055: Dead code detected: goto ldv_started_0; (CFACreationUtils.addEdgeToCFA, INFO)

line 30061: Dead code detected: goto ldv_started_0; (CFACreationUtils.addEdgeToCFA, INFO)

line 30062: Dead code detected: goto ldv_started_0; (CFACreationUtils.addEdgeToCFA, INFO)

line 30063: Dead code detected: goto ldv_started_0; (CFACreationUtils.addEdgeToCFA, INFO)

line 30064: Dead code detected: goto ldv_started_0; (CFACreationUtils.addEdgeToCFA, INFO)

line 30065: Dead code detected: goto ldv_started_0; (CFACreationUtils.addEdgeToCFA, INFO)

line 30066: Dead code detected: goto ldv_started_0; (CFACreationUtils.addEdgeToCFA, INFO)

line 30067: Dead code detected: goto ldv_started_0; (CFACreationUtils.addEdgeToCFA, INFO)

line 30068: Dead code detected: goto ldv_started_0; (CFACreationUtils.addEdgeToCFA, INFO)

line 30069: Dead code detected: goto ldv_started_0; (CFACreationUtils.addEdgeToCFA, INFO)

line 30070: Dead code detected: goto ldv_started_0; (CFACreationUtils.addEdgeToCFA, INFO)

line 30071: Dead code detected: goto ldv_started_0; (CFACreationUtils.addEdgeToCFA, INFO)

line 30072: Dead code detected: goto ldv_started_0; (CFACreationUtils.addEdgeToCFA, INFO)

line 30073: Dead code detected: goto ldv_started_0; (CFACreationUtils.addEdgeToCFA, INFO)

line 30074: Dead code detected: goto ldv_started_0; (CFACreationUtils.addEdgeToCFA, INFO)

line 30075: Dead code detected: goto ldv_started_0; (CFACreationUtils.addEdgeToCFA, INFO)

line 30076: Dead code detected: goto ldv_started_0; (CFACreationUtils.addEdgeToCFA, INFO)

line 30077: Dead code detected: goto ldv_started_0; (CFACreationUtils.addEdgeToCFA, INFO)

line 30078: Dead code detected: goto ldv_started_0; (CFACreationUtils.addEdgeToCFA, INFO)

line 30079: Dead code detected: goto ldv_started_0; (CFACreationUtils.addEdgeToCFA, INFO)

line 30080: Dead code detected: goto ldv_started_0; (CFACreationUtils.addEdgeToCFA, INFO)

line 30081: Dead code detected: goto ldv_started_0; (CFACreationUtils.addEdgeToCFA, INFO)

line 30082: Dead code detected: goto ldv_started_0; (CFACreationUtils.addEdgeToCFA, INFO)

line 30083: Dead code detected: goto ldv_started_0; (CFACreationUtils.addEdgeToCFA, INFO)

line 30084: Dead code detected: goto ldv_started_0; (CFACreationUtils.addEdgeToCFA, INFO)

line 30085: Dead code detected: goto ldv_started_0; (CFACreationUtils.addEdgeToCFA, INFO)

line 30086: Dead code detected: goto ldv_started_0; (CFACreationUtils.addEdgeToCFA, INFO)

line 30092: Dead code detected: goto ldv_started_0; (CFACreationUtils.addEdgeToCFA, INFO)

line 30093: Dead code detected: goto ldv_started_0; (CFACreationUtils.addEdgeToCFA, INFO)

line 30094: Dead code detected: goto ldv_started_0; (CFACreationUtils.addEdgeToCFA, INFO)

line 30095: Dead code detected: goto ldv_started_0; (CFACreationUtils.addEdgeToCFA, INFO)

line 30096: Dead code detected: goto ldv_started_0; (CFACreationUtils.addEdgeToCFA, INFO)

line 30097: Dead code detected: goto ldv_started_0; (CFACreationUtils.addEdgeToCFA, INFO)

line 30098: Dead code detected: goto ldv_started_0; (CFACreationUtils.addEdgeToCFA, INFO)

line 30099: Dead code detected: goto ldv_started_0; (CFACreationUtils.addEdgeToCFA, INFO)

line 30100: Dead code detected: goto ldv_started_0; (CFACreationUtils.addEdgeToCFA, INFO)

line 30101: Dead code detected: goto ldv_started_0; (CFACreationUtils.addEdgeToCFA, INFO)

line 30102: Dead code detected: goto ldv_started_0; (CFACreationUtils.addEdgeToCFA, INFO)

line 30103: Dead code detected: goto ldv_started_0; (CFACreationUtils.addEdgeToCFA, INFO)

line 30104: Dead code detected: goto ldv_started_0; (CFACreationUtils.addEdgeToCFA, INFO)

line 30105: Dead code detected: goto ldv_started_0; (CFACreationUtils.addEdgeToCFA, INFO)

line 30106: Dead code detected: goto ldv_started_0; (CFACreationUtils.addEdgeToCFA, INFO)

line 30107: Dead code detected: goto ldv_started_0; (CFACreationUtils.addEdgeToCFA, INFO)

line 30108: Dead code detected: goto ldv_started_0; (CFACreationUtils.addEdgeToCFA, INFO)

line 30109: Dead code detected: goto ldv_started_0; (CFACreationUtils.addEdgeToCFA, INFO)

line 30110: Dead code detected: goto ldv_started_0; (CFACreationUtils.addEdgeToCFA, INFO)

line 30111: Dead code detected: goto ldv_started_0; (CFACreationUtils.addEdgeToCFA, INFO)

line 30112: Dead code detected: goto ldv_started_0; (CFACreationUtils.addEdgeToCFA, INFO)

line 30113: Dead code detected: goto ldv_started_0; (CFACreationUtils.addEdgeToCFA, INFO)

line 30114: Dead code detected: goto ldv_started_0; (CFACreationUtils.addEdgeToCFA, INFO)

line 30115: Dead code detected: goto ldv_started_0; (CFACreationUtils.addEdgeToCFA, INFO)

line 30116: Dead code detected: goto ldv_started_0; (CFACreationUtils.addEdgeToCFA, INFO)

line 30117: Dead code detected: goto ldv_started_0; (CFACreationUtils.addEdgeToCFA, INFO)

line 30118: Dead code detected: goto ldv_started_0; (CFACreationUtils.addEdgeToCFA, INFO)

line 30124: Dead code detected: goto ldv_started_0; (CFACreationUtils.addEdgeToCFA, INFO)

line 30125: Dead code detected: goto ldv_started_0; (CFACreationUtils.addEdgeToCFA, INFO)

line 30126: Dead code detected: goto ldv_started_0; (CFACreationUtils.addEdgeToCFA, INFO)

line 30127: Dead code detected: goto ldv_started_0; (CFACreationUtils.addEdgeToCFA, INFO)

line 30128: Dead code detected: goto ldv_started_0; (CFACreationUtils.addEdgeToCFA, INFO)

line 30129: Dead code detected: goto ldv_started_0; (CFACreationUtils.addEdgeToCFA, INFO)

line 30130: Dead code detected: goto ldv_started_0; (CFACreationUtils.addEdgeToCFA, INFO)

line 30131: Dead code detected: goto ldv_started_0; (CFACreationUtils.addEdgeToCFA, INFO)

line 30132: Dead code detected: goto ldv_started_0; (CFACreationUtils.addEdgeToCFA, INFO)

line 30133: Dead code detected: goto ldv_started_0; (CFACreationUtils.addEdgeToCFA, INFO)

line 30134: Dead code detected: goto ldv_started_0; (CFACreationUtils.addEdgeToCFA, INFO)

line 30135: Dead code detected: goto ldv_started_0; (CFACreationUtils.addEdgeToCFA, INFO)

line 30136: Dead code detected: goto ldv_started_0; (CFACreationUtils.addEdgeToCFA, INFO)

line 30137: Dead code detected: goto ldv_started_0; (CFACreationUtils.addEdgeToCFA, INFO)

line 30138: Dead code detected: goto ldv_started_0; (CFACreationUtils.addEdgeToCFA, INFO)

line 30139: Dead code detected: goto ldv_started_0; (CFACreationUtils.addEdgeToCFA, INFO)

line 30140: Dead code detected: goto ldv_started_0; (CFACreationUtils.addEdgeToCFA, INFO)

line 30141: Dead code detected: goto ldv_started_0; (CFACreationUtils.addEdgeToCFA, INFO)

line 30142: Dead code detected: goto ldv_started_0; (CFACreationUtils.addEdgeToCFA, INFO)

line 30143: Dead code detected: goto ldv_started_0; (CFACreationUtils.addEdgeToCFA, INFO)

line 30144: Dead code detected: goto ldv_started_0; (CFACreationUtils.addEdgeToCFA, INFO)

line 30145: Dead code detected: goto ldv_started_0; (CFACreationUtils.addEdgeToCFA, INFO)

line 30146: Dead code detected: goto ldv_started_0; (CFACreationUtils.addEdgeToCFA, INFO)

line 30147: Dead code detected: goto ldv_started_0; (CFACreationUtils.addEdgeToCFA, INFO)

line 30148: Dead code detected: goto ldv_started_0; (CFACreationUtils.addEdgeToCFA, INFO)

line 30149: Dead code detected: goto ldv_started_0; (CFACreationUtils.addEdgeToCFA, INFO)

line 30150: Dead code detected: goto ldv_started_0; (CFACreationUtils.addEdgeToCFA, INFO)

line 30151: Dead code detected: goto ldv_started_0; (CFACreationUtils.addEdgeToCFA, INFO)

line 30157: Dead code detected: goto ldv_started_0; (CFACreationUtils.addEdgeToCFA, INFO)

line 30158: Dead code detected: goto ldv_started_0; (CFACreationUtils.addEdgeToCFA, INFO)

line 30159: Dead code detected: goto ldv_started_0; (CFACreationUtils.addEdgeToCFA, INFO)

line 30160: Dead code detected: goto ldv_started_0; (CFACreationUtils.addEdgeToCFA, INFO)

line 30161: Dead code detected: goto ldv_started_0; (CFACreationUtils.addEdgeToCFA, INFO)

line 30162: Dead code detected: goto ldv_started_0; (CFACreationUtils.addEdgeToCFA, INFO)

line 30163: Dead code detected: goto ldv_started_0; (CFACreationUtils.addEdgeToCFA, INFO)

line 30164: Dead code detected: goto ldv_started_0; (CFACreationUtils.addEdgeToCFA, INFO)

line 30165: Dead code detected: goto ldv_started_0; (CFACreationUtils.addEdgeToCFA, INFO)

line 30166: Dead code detected: goto ldv_started_0; (CFACreationUtils.addEdgeToCFA, INFO)

line 30167: Dead code detected: goto ldv_started_0; (CFACreationUtils.addEdgeToCFA, INFO)

line 30168: Dead code detected: goto ldv_started_0; (CFACreationUtils.addEdgeToCFA, INFO)

line 30169: Dead code detected: goto ldv_started_0; (CFACreationUtils.addEdgeToCFA, INFO)

line 30170: Dead code detected: goto ldv_started_0; (CFACreationUtils.addEdgeToCFA, INFO)

line 30171: Dead code detected: goto ldv_started_0; (CFACreationUtils.addEdgeToCFA, INFO)

line 30172: Dead code detected: goto ldv_started_0; (CFACreationUtils.addEdgeToCFA, INFO)

line 30173: Dead code detected: goto ldv_started_0; (CFACreationUtils.addEdgeToCFA, INFO)

line 30174: Dead code detected: goto ldv_started_0; (CFACreationUtils.addEdgeToCFA, INFO)

line 30175: Dead code detected: goto ldv_started_0; (CFACreationUtils.addEdgeToCFA, INFO)

line 30176: Dead code detected: goto ldv_started_0; (CFACreationUtils.addEdgeToCFA, INFO)

line 30177: Dead code detected: goto ldv_started_0; (CFACreationUtils.addEdgeToCFA, INFO)

line 30178: Dead code detected: goto ldv_started_0; (CFACreationUtils.addEdgeToCFA, INFO)

line 30179: Dead code detected: goto ldv_started_0; (CFACreationUtils.addEdgeToCFA, INFO)

line 30180: Dead code detected: goto ldv_started_0; (CFACreationUtils.addEdgeToCFA, INFO)

line 30181: Dead code detected: goto ldv_started_0; (CFACreationUtils.addEdgeToCFA, INFO)

line 30182: Dead code detected: goto ldv_started_0; (CFACreationUtils.addEdgeToCFA, INFO)

line 30183: Dead code detected: goto ldv_started_0; (CFACreationUtils.addEdgeToCFA, INFO)

line 30184: Dead code detected: goto ldv_started_0; (CFACreationUtils.addEdgeToCFA, INFO)

line 30185: Dead code detected: goto ldv_started_0; (CFACreationUtils.addEdgeToCFA, INFO)

line 30193: Dead code detected: goto ldv_started_0; (CFACreationUtils.addEdgeToCFA, INFO)

line 30194: Dead code detected: goto ldv_started_0; (CFACreationUtils.addEdgeToCFA, INFO)

line 30195: Dead code detected: goto ldv_started_0; (CFACreationUtils.addEdgeToCFA, INFO)

line 30196: Dead code detected: goto ldv_started_0; (CFACreationUtils.addEdgeToCFA, INFO)

line 30197: Dead code detected: goto ldv_started_0; (CFACreationUtils.addEdgeToCFA, INFO)

line 30198: Dead code detected: goto ldv_started_0; (CFACreationUtils.addEdgeToCFA, INFO)

line 30199: Dead code detected: goto ldv_started_0; (CFACreationUtils.addEdgeToCFA, INFO)

line 30200: Dead code detected: goto ldv_started_0; (CFACreationUtils.addEdgeToCFA, INFO)

line 30201: Dead code detected: goto ldv_started_0; (CFACreationUtils.addEdgeToCFA, INFO)

line 30202: Dead code detected: goto ldv_started_0; (CFACreationUtils.addEdgeToCFA, INFO)

line 30203: Dead code detected: goto ldv_started_0; (CFACreationUtils.addEdgeToCFA, INFO)

line 30204: Dead code detected: goto ldv_started_0; (CFACreationUtils.addEdgeToCFA, INFO)

line 30205: Dead code detected: goto ldv_started_0; (CFACreationUtils.addEdgeToCFA, INFO)

line 30206: Dead code detected: goto ldv_started_0; (CFACreationUtils.addEdgeToCFA, INFO)

line 30207: Dead code detected: goto ldv_started_0; (CFACreationUtils.addEdgeToCFA, INFO)

line 30208: Dead code detected: goto ldv_started_0; (CFACreationUtils.addEdgeToCFA, INFO)

line 30209: Dead code detected: goto ldv_started_0; (CFACreationUtils.addEdgeToCFA, INFO)

line 30210: Dead code detected: goto ldv_started_0; (CFACreationUtils.addEdgeToCFA, INFO)

line 30211: Dead code detected: goto ldv_started_0; (CFACreationUtils.addEdgeToCFA, INFO)

line 30212: Dead code detected: goto ldv_started_0; (CFACreationUtils.addEdgeToCFA, INFO)

line 30213: Dead code detected: goto ldv_started_0; (CFACreationUtils.addEdgeToCFA, INFO)

line 30214: Dead code detected: goto ldv_started_0; (CFACreationUtils.addEdgeToCFA, INFO)

line 30215: Dead code detected: goto ldv_started_0; (CFACreationUtils.addEdgeToCFA, INFO)

line 30216: Dead code detected: goto ldv_started_0; (CFACreationUtils.addEdgeToCFA, INFO)

line 30217: Dead code detected: goto ldv_started_0; (CFACreationUtils.addEdgeToCFA, INFO)

line 30218: Dead code detected: goto ldv_started_0; (CFACreationUtils.addEdgeToCFA, INFO)

line 30219: Dead code detected: goto ldv_started_0; (CFACreationUtils.addEdgeToCFA, INFO)

line 30220: Dead code detected: goto ldv_started_0; (CFACreationUtils.addEdgeToCFA, INFO)

line 30221: Dead code detected: goto ldv_started_0; (CFACreationUtils.addEdgeToCFA, INFO)

line 30222: Dead code detected: goto ldv_started_0; (CFACreationUtils.addEdgeToCFA, INFO)

line 30232: Dead code detected: goto ldv_started_0; (CFACreationUtils.addEdgeToCFA, INFO)

line 30233: Dead code detected: goto ldv_started_0; (CFACreationUtils.addEdgeToCFA, INFO)

line 30234: Dead code detected: goto ldv_started_0; (CFACreationUtils.addEdgeToCFA, INFO)

line 30235: Dead code detected: goto ldv_started_0; (CFACreationUtils.addEdgeToCFA, INFO)

line 30236: Dead code detected: goto ldv_started_0; (CFACreationUtils.addEdgeToCFA, INFO)

line 30237: Dead code detected: goto ldv_started_0; (CFACreationUtils.addEdgeToCFA, INFO)

line 30238: Dead code detected: goto ldv_started_0; (CFACreationUtils.addEdgeToCFA, INFO)

line 30239: Dead code detected: goto ldv_started_0; (CFACreationUtils.addEdgeToCFA, INFO)

line 30240: Dead code detected: goto ldv_started_0; (CFACreationUtils.addEdgeToCFA, INFO)

line 30241: Dead code detected: goto ldv_started_0; (CFACreationUtils.addEdgeToCFA, INFO)

line 30242: Dead code detected: goto ldv_started_0; (CFACreationUtils.addEdgeToCFA, INFO)

line 30243: Dead code detected: goto ldv_started_0; (CFACreationUtils.addEdgeToCFA, INFO)

line 30244: Dead code detected: goto ldv_started_0; (CFACreationUtils.addEdgeToCFA, INFO)

line 30245: Dead code detected: goto ldv_started_0; (CFACreationUtils.addEdgeToCFA, INFO)

line 30246: Dead code detected: goto ldv_started_0; (CFACreationUtils.addEdgeToCFA, INFO)

line 30247: Dead code detected: goto ldv_started_0; (CFACreationUtils.addEdgeToCFA, INFO)

line 30248: Dead code detected: goto ldv_started_0; (CFACreationUtils.addEdgeToCFA, INFO)

line 30249: Dead code detected: goto ldv_started_0; (CFACreationUtils.addEdgeToCFA, INFO)

line 30250: Dead code detected: goto ldv_started_0; (CFACreationUtils.addEdgeToCFA, INFO)

line 30251: Dead code detected: goto ldv_started_0; (CFACreationUtils.addEdgeToCFA, INFO)

line 30252: Dead code detected: goto ldv_started_0; (CFACreationUtils.addEdgeToCFA, INFO)

line 30253: Dead code detected: goto ldv_started_0; (CFACreationUtils.addEdgeToCFA, INFO)

line 30254: Dead code detected: goto ldv_started_0; (CFACreationUtils.addEdgeToCFA, INFO)

line 30255: Dead code detected: goto ldv_started_0; (CFACreationUtils.addEdgeToCFA, INFO)

line 30256: Dead code detected: goto ldv_started_0; (CFACreationUtils.addEdgeToCFA, INFO)

line 30257: Dead code detected: goto ldv_started_0; (CFACreationUtils.addEdgeToCFA, INFO)

line 30258: Dead code detected: goto ldv_started_0; (CFACreationUtils.addEdgeToCFA, INFO)

line 30259: Dead code detected: goto ldv_started_0; (CFACreationUtils.addEdgeToCFA, INFO)

line 30260: Dead code detected: goto ldv_started_0; (CFACreationUtils.addEdgeToCFA, INFO)

line 30261: Dead code detected: goto ldv_started_0; (CFACreationUtils.addEdgeToCFA, INFO)

line 30262: Dead code detected: goto ldv_started_0; (CFACreationUtils.addEdgeToCFA, INFO)

line 30272: Dead code detected: goto ldv_started_0; (CFACreationUtils.addEdgeToCFA, INFO)

line 30273: Dead code detected: goto ldv_started_0; (CFACreationUtils.addEdgeToCFA, INFO)

line 30274: Dead code detected: goto ldv_started_0; (CFACreationUtils.addEdgeToCFA, INFO)

line 30275: Dead code detected: goto ldv_started_0; (CFACreationUtils.addEdgeToCFA, INFO)

line 30276: Dead code detected: goto ldv_started_0; (CFACreationUtils.addEdgeToCFA, INFO)

line 30277: Dead code detected: goto ldv_started_0; (CFACreationUtils.addEdgeToCFA, INFO)

line 30278: Dead code detected: goto ldv_started_0; (CFACreationUtils.addEdgeToCFA, INFO)

line 30279: Dead code detected: goto ldv_started_0; (CFACreationUtils.addEdgeToCFA, INFO)

line 30280: Dead code detected: goto ldv_started_0; (CFACreationUtils.addEdgeToCFA, INFO)

line 30281: Dead code detected: goto ldv_started_0; (CFACreationUtils.addEdgeToCFA, INFO)

line 30282: Dead code detected: goto ldv_started_0; (CFACreationUtils.addEdgeToCFA, INFO)

line 30283: Dead code detected: goto ldv_started_0; (CFACreationUtils.addEdgeToCFA, INFO)

line 30284: Dead code detected: goto ldv_started_0; (CFACreationUtils.addEdgeToCFA, INFO)

line 30285: Dead code detected: goto ldv_started_0; (CFACreationUtils.addEdgeToCFA, INFO)

line 30286: Dead code detected: goto ldv_started_0; (CFACreationUtils.addEdgeToCFA, INFO)

line 30287: Dead code detected: goto ldv_started_0; (CFACreationUtils.addEdgeToCFA, INFO)

line 30288: Dead code detected: goto ldv_started_0; (CFACreationUtils.addEdgeToCFA, INFO)

line 30289: Dead code detected: goto ldv_started_0; (CFACreationUtils.addEdgeToCFA, INFO)

line 30290: Dead code detected: goto ldv_started_0; (CFACreationUtils.addEdgeToCFA, INFO)

line 30291: Dead code detected: goto ldv_started_0; (CFACreationUtils.addEdgeToCFA, INFO)

line 30292: Dead code detected: goto ldv_started_0; (CFACreationUtils.addEdgeToCFA, INFO)

line 30293: Dead code detected: goto ldv_started_0; (CFACreationUtils.addEdgeToCFA, INFO)

line 30294: Dead code detected: goto ldv_started_0; (CFACreationUtils.addEdgeToCFA, INFO)

line 30295: Dead code detected: goto ldv_started_0; (CFACreationUtils.addEdgeToCFA, INFO)

line 30296: Dead code detected: goto ldv_started_0; (CFACreationUtils.addEdgeToCFA, INFO)

line 30297: Dead code detected: goto ldv_started_0; (CFACreationUtils.addEdgeToCFA, INFO)

line 30298: Dead code detected: goto ldv_started_0; (CFACreationUtils.addEdgeToCFA, INFO)

line 30299: Dead code detected: goto ldv_started_0; (CFACreationUtils.addEdgeToCFA, INFO)

line 30300: Dead code detected: goto ldv_started_0; (CFACreationUtils.addEdgeToCFA, INFO)

line 30301: Dead code detected: goto ldv_started_0; (CFACreationUtils.addEdgeToCFA, INFO)

line 30302: Dead code detected: goto ldv_started_0; (CFACreationUtils.addEdgeToCFA, INFO)

line 30303: Dead code detected: goto ldv_started_0; (CFACreationUtils.addEdgeToCFA, INFO)

line 30310: Dead code detected: goto ldv_started_0; (CFACreationUtils.addEdgeToCFA, INFO)

line 30311: Dead code detected: goto ldv_started_0; (CFACreationUtils.addEdgeToCFA, INFO)

line 30312: Dead code detected: goto ldv_started_0; (CFACreationUtils.addEdgeToCFA, INFO)

line 30313: Dead code detected: goto ldv_started_0; (CFACreationUtils.addEdgeToCFA, INFO)

line 30314: Dead code detected: goto ldv_started_0; (CFACreationUtils.addEdgeToCFA, INFO)

line 30315: Dead code detected: goto ldv_started_0; (CFACreationUtils.addEdgeToCFA, INFO)

line 30316: Dead code detected: goto ldv_started_0; (CFACreationUtils.addEdgeToCFA, INFO)

line 30317: Dead code detected: goto ldv_started_0; (CFACreationUtils.addEdgeToCFA, INFO)

line 30318: Dead code detected: goto ldv_started_0; (CFACreationUtils.addEdgeToCFA, INFO)

line 30319: Dead code detected: goto ldv_started_0; (CFACreationUtils.addEdgeToCFA, INFO)

line 30320: Dead code detected: goto ldv_started_0; (CFACreationUtils.addEdgeToCFA, INFO)

line 30321: Dead code detected: goto ldv_started_0; (CFACreationUtils.addEdgeToCFA, INFO)

line 30322: Dead code detected: goto ldv_started_0; (CFACreationUtils.addEdgeToCFA, INFO)

line 30323: Dead code detected: goto ldv_started_0; (CFACreationUtils.addEdgeToCFA, INFO)

line 30324: Dead code detected: goto ldv_started_0; (CFACreationUtils.addEdgeToCFA, INFO)

line 30325: Dead code detected: goto ldv_started_0; (CFACreationUtils.addEdgeToCFA, INFO)

line 30326: Dead code detected: goto ldv_started_0; (CFACreationUtils.addEdgeToCFA, INFO)

line 30327: Dead code detected: goto ldv_started_0; (CFACreationUtils.addEdgeToCFA, INFO)

line 30328: Dead code detected: goto ldv_started_0; (CFACreationUtils.addEdgeToCFA, INFO)

line 30329: Dead code detected: goto ldv_started_0; (CFACreationUtils.addEdgeToCFA, INFO)

line 30330: Dead code detected: goto ldv_started_0; (CFACreationUtils.addEdgeToCFA, INFO)

line 30331: Dead code detected: goto ldv_started_0; (CFACreationUtils.addEdgeToCFA, INFO)

line 30332: Dead code detected: goto ldv_started_0; (CFACreationUtils.addEdgeToCFA, INFO)

line 30333: Dead code detected: goto ldv_started_0; (CFACreationUtils.addEdgeToCFA, INFO)

line 30334: Dead code detected: goto ldv_started_0; (CFACreationUtils.addEdgeToCFA, INFO)

line 30335: Dead code detected: goto ldv_started_0; (CFACreationUtils.addEdgeToCFA, INFO)

line 30336: Dead code detected: goto ldv_started_0; (CFACreationUtils.addEdgeToCFA, INFO)

line 30337: Dead code detected: goto ldv_started_0; (CFACreationUtils.addEdgeToCFA, INFO)

line 30338: Dead code detected: goto ldv_started_0; (CFACreationUtils.addEdgeToCFA, INFO)

line 30339: Dead code detected: goto ldv_started_0; (CFACreationUtils.addEdgeToCFA, INFO)

line 30340: Dead code detected: goto ldv_started_0; (CFACreationUtils.addEdgeToCFA, INFO)

line 30341: Dead code detected: goto ldv_started_0; (CFACreationUtils.addEdgeToCFA, INFO)

line 30342: Dead code detected: goto ldv_started_0; (CFACreationUtils.addEdgeToCFA, INFO)

line 30355: Dead code detected: goto ldv_started_0; (CFACreationUtils.addEdgeToCFA, INFO)

line 30356: Dead code detected: goto ldv_started_0; (CFACreationUtils.addEdgeToCFA, INFO)

line 30357: Dead code detected: goto ldv_started_0; (CFACreationUtils.addEdgeToCFA, INFO)

line 30358: Dead code detected: goto ldv_started_0; (CFACreationUtils.addEdgeToCFA, INFO)

line 30359: Dead code detected: goto ldv_started_0; (CFACreationUtils.addEdgeToCFA, INFO)

line 30360: Dead code detected: goto ldv_started_0; (CFACreationUtils.addEdgeToCFA, INFO)

line 30361: Dead code detected: goto ldv_started_0; (CFACreationUtils.addEdgeToCFA, INFO)

line 30362: Dead code detected: goto ldv_started_0; (CFACreationUtils.addEdgeToCFA, INFO)

line 30363: Dead code detected: goto ldv_started_0; (CFACreationUtils.addEdgeToCFA, INFO)

line 30364: Dead code detected: goto ldv_started_0; (CFACreationUtils.addEdgeToCFA, INFO)

line 30365: Dead code detected: goto ldv_started_0; (CFACreationUtils.addEdgeToCFA, INFO)

line 30366: Dead code detected: goto ldv_started_0; (CFACreationUtils.addEdgeToCFA, INFO)

line 30367: Dead code detected: goto ldv_started_0; (CFACreationUtils.addEdgeToCFA, INFO)

line 30368: Dead code detected: goto ldv_started_0; (CFACreationUtils.addEdgeToCFA, INFO)

line 30369: Dead code detected: goto ldv_started_0; (CFACreationUtils.addEdgeToCFA, INFO)

line 30370: Dead code detected: goto ldv_started_0; (CFACreationUtils.addEdgeToCFA, INFO)

line 30371: Dead code detected: goto ldv_started_0; (CFACreationUtils.addEdgeToCFA, INFO)

line 30372: Dead code detected: goto ldv_started_0; (CFACreationUtils.addEdgeToCFA, INFO)

line 30373: Dead code detected: goto ldv_started_0; (CFACreationUtils.addEdgeToCFA, INFO)

line 30374: Dead code detected: goto ldv_started_0; (CFACreationUtils.addEdgeToCFA, INFO)

line 30375: Dead code detected: goto ldv_started_0; (CFACreationUtils.addEdgeToCFA, INFO)

line 30376: Dead code detected: goto ldv_started_0; (CFACreationUtils.addEdgeToCFA, INFO)

line 30377: Dead code detected: goto ldv_started_0; (CFACreationUtils.addEdgeToCFA, INFO)

line 30378: Dead code detected: goto ldv_started_0; (CFACreationUtils.addEdgeToCFA, INFO)

line 30379: Dead code detected: goto ldv_started_0; (CFACreationUtils.addEdgeToCFA, INFO)

line 30380: Dead code detected: goto ldv_started_0; (CFACreationUtils.addEdgeToCFA, INFO)

line 30381: Dead code detected: goto ldv_started_0; (CFACreationUtils.addEdgeToCFA, INFO)

line 30382: Dead code detected: goto ldv_started_0; (CFACreationUtils.addEdgeToCFA, INFO)

line 30383: Dead code detected: goto ldv_started_0; (CFACreationUtils.addEdgeToCFA, INFO)

line 30384: Dead code detected: goto ldv_started_0; (CFACreationUtils.addEdgeToCFA, INFO)

line 30385: Dead code detected: goto ldv_started_0; (CFACreationUtils.addEdgeToCFA, INFO)

line 30386: Dead code detected: goto ldv_started_0; (CFACreationUtils.addEdgeToCFA, INFO)

line 30387: Dead code detected: goto ldv_started_0; (CFACreationUtils.addEdgeToCFA, INFO)

line 30388: Dead code detected: goto ldv_started_0; (CFACreationUtils.addEdgeToCFA, INFO)

line 30399: Dead code detected: goto ldv_started_0; (CFACreationUtils.addEdgeToCFA, INFO)

line 30400: Dead code detected: goto ldv_started_0; (CFACreationUtils.addEdgeToCFA, INFO)

line 30401: Dead code detected: goto ldv_started_0; (CFACreationUtils.addEdgeToCFA, INFO)

line 30402: Dead code detected: goto ldv_started_0; (CFACreationUtils.addEdgeToCFA, INFO)

line 30403: Dead code detected: goto ldv_started_0; (CFACreationUtils.addEdgeToCFA, INFO)

line 30404: Dead code detected: goto ldv_started_0; (CFACreationUtils.addEdgeToCFA, INFO)

line 30405: Dead code detected: goto ldv_started_0; (CFACreationUtils.addEdgeToCFA, INFO)

line 30406: Dead code detected: goto ldv_started_0; (CFACreationUtils.addEdgeToCFA, INFO)

line 30407: Dead code detected: goto ldv_started_0; (CFACreationUtils.addEdgeToCFA, INFO)

line 30408: Dead code detected: goto ldv_started_0; (CFACreationUtils.addEdgeToCFA, INFO)

line 30409: Dead code detected: goto ldv_started_0; (CFACreationUtils.addEdgeToCFA, INFO)

line 30410: Dead code detected: goto ldv_started_0; (CFACreationUtils.addEdgeToCFA, INFO)

line 30411: Dead code detected: goto ldv_started_0; (CFACreationUtils.addEdgeToCFA, INFO)

line 30412: Dead code detected: goto ldv_started_0; (CFACreationUtils.addEdgeToCFA, INFO)

line 30413: Dead code detected: goto ldv_started_0; (CFACreationUtils.addEdgeToCFA, INFO)

line 30414: Dead code detected: goto ldv_started_0; (CFACreationUtils.addEdgeToCFA, INFO)

line 30415: Dead code detected: goto ldv_started_0; (CFACreationUtils.addEdgeToCFA, INFO)

line 30416: Dead code detected: goto ldv_started_0; (CFACreationUtils.addEdgeToCFA, INFO)

line 30417: Dead code detected: goto ldv_started_0; (CFACreationUtils.addEdgeToCFA, INFO)

line 30418: Dead code detected: goto ldv_started_0; (CFACreationUtils.addEdgeToCFA, INFO)

line 30419: Dead code detected: goto ldv_started_0; (CFACreationUtils.addEdgeToCFA, INFO)

line 30420: Dead code detected: goto ldv_started_0; (CFACreationUtils.addEdgeToCFA, INFO)

line 30421: Dead code detected: goto ldv_started_0; (CFACreationUtils.addEdgeToCFA, INFO)

line 30422: Dead code detected: goto ldv_started_0; (CFACreationUtils.addEdgeToCFA, INFO)

line 30423: Dead code detected: goto ldv_started_0; (CFACreationUtils.addEdgeToCFA, INFO)

line 30424: Dead code detected: goto ldv_started_0; (CFACreationUtils.addEdgeToCFA, INFO)

line 30425: Dead code detected: goto ldv_started_0; (CFACreationUtils.addEdgeToCFA, INFO)

line 30426: Dead code detected: goto ldv_started_0; (CFACreationUtils.addEdgeToCFA, INFO)

line 30427: Dead code detected: goto ldv_started_0; (CFACreationUtils.addEdgeToCFA, INFO)

line 30428: Dead code detected: goto ldv_started_0; (CFACreationUtils.addEdgeToCFA, INFO)

line 30429: Dead code detected: goto ldv_started_0; (CFACreationUtils.addEdgeToCFA, INFO)

line 30430: Dead code detected: goto ldv_started_0; (CFACreationUtils.addEdgeToCFA, INFO)

line 30431: Dead code detected: goto ldv_started_0; (CFACreationUtils.addEdgeToCFA, INFO)

line 30432: Dead code detected: goto ldv_started_0; (CFACreationUtils.addEdgeToCFA, INFO)

line 30433: Dead code detected: goto ldv_started_0; (CFACreationUtils.addEdgeToCFA, INFO)

line 30439: Dead code detected: goto ldv_started_0; (CFACreationUtils.addEdgeToCFA, INFO)

line 30440: Dead code detected: goto ldv_started_0; (CFACreationUtils.addEdgeToCFA, INFO)

line 30441: Dead code detected: goto ldv_started_0; (CFACreationUtils.addEdgeToCFA, INFO)

line 30442: Dead code detected: goto ldv_started_0; (CFACreationUtils.addEdgeToCFA, INFO)

line 30443: Dead code detected: goto ldv_started_0; (CFACreationUtils.addEdgeToCFA, INFO)

line 30444: Dead code detected: goto ldv_started_0; (CFACreationUtils.addEdgeToCFA, INFO)

line 30445: Dead code detected: goto ldv_started_0; (CFACreationUtils.addEdgeToCFA, INFO)

line 30446: Dead code detected: goto ldv_started_0; (CFACreationUtils.addEdgeToCFA, INFO)

line 30447: Dead code detected: goto ldv_started_0; (CFACreationUtils.addEdgeToCFA, INFO)

line 30448: Dead code detected: goto ldv_started_0; (CFACreationUtils.addEdgeToCFA, INFO)

line 30449: Dead code detected: goto ldv_started_0; (CFACreationUtils.addEdgeToCFA, INFO)

line 30450: Dead code detected: goto ldv_started_0; (CFACreationUtils.addEdgeToCFA, INFO)

line 30451: Dead code detected: goto ldv_started_0; (CFACreationUtils.addEdgeToCFA, INFO)

line 30452: Dead code detected: goto ldv_started_0; (CFACreationUtils.addEdgeToCFA, INFO)

line 30453: Dead code detected: goto ldv_started_0; (CFACreationUtils.addEdgeToCFA, INFO)

line 30454: Dead code detected: goto ldv_started_0; (CFACreationUtils.addEdgeToCFA, INFO)

line 30455: Dead code detected: goto ldv_started_0; (CFACreationUtils.addEdgeToCFA, INFO)

line 30456: Dead code detected: goto ldv_started_0; (CFACreationUtils.addEdgeToCFA, INFO)

line 30457: Dead code detected: goto ldv_started_0; (CFACreationUtils.addEdgeToCFA, INFO)

line 30458: Dead code detected: goto ldv_started_0; (CFACreationUtils.addEdgeToCFA, INFO)

line 30459: Dead code detected: goto ldv_started_0; (CFACreationUtils.addEdgeToCFA, INFO)

line 30460: Dead code detected: goto ldv_started_0; (CFACreationUtils.addEdgeToCFA, INFO)

line 30461: Dead code detected: goto ldv_started_0; (CFACreationUtils.addEdgeToCFA, INFO)

line 30462: Dead code detected: goto ldv_started_0; (CFACreationUtils.addEdgeToCFA, INFO)

line 30463: Dead code detected: goto ldv_started_0; (CFACreationUtils.addEdgeToCFA, INFO)

line 30464: Dead code detected: goto ldv_started_0; (CFACreationUtils.addEdgeToCFA, INFO)

line 30465: Dead code detected: goto ldv_started_0; (CFACreationUtils.addEdgeToCFA, INFO)

line 30466: Dead code detected: goto ldv_started_0; (CFACreationUtils.addEdgeToCFA, INFO)

line 30467: Dead code detected: goto ldv_started_0; (CFACreationUtils.addEdgeToCFA, INFO)

line 30468: Dead code detected: goto ldv_started_0; (CFACreationUtils.addEdgeToCFA, INFO)

line 30469: Dead code detected: goto ldv_started_0; (CFACreationUtils.addEdgeToCFA, INFO)

line 30470: Dead code detected: goto ldv_started_0; (CFACreationUtils.addEdgeToCFA, INFO)

line 30471: Dead code detected: goto ldv_started_0; (CFACreationUtils.addEdgeToCFA, INFO)

line 30472: Dead code detected: goto ldv_started_0; (CFACreationUtils.addEdgeToCFA, INFO)

line 30473: Dead code detected: goto ldv_started_0; (CFACreationUtils.addEdgeToCFA, INFO)

line 30474: Dead code detected: goto ldv_started_0; (CFACreationUtils.addEdgeToCFA, INFO)

line 30480: Dead code detected: goto ldv_started_0; (CFACreationUtils.addEdgeToCFA, INFO)

line 30481: Dead code detected: goto ldv_started_0; (CFACreationUtils.addEdgeToCFA, INFO)

line 30482: Dead code detected: goto ldv_started_0; (CFACreationUtils.addEdgeToCFA, INFO)

line 30483: Dead code detected: goto ldv_started_0; (CFACreationUtils.addEdgeToCFA, INFO)

line 30484: Dead code detected: goto ldv_started_0; (CFACreationUtils.addEdgeToCFA, INFO)

line 30485: Dead code detected: goto ldv_started_0; (CFACreationUtils.addEdgeToCFA, INFO)

line 30486: Dead code detected: goto ldv_started_0; (CFACreationUtils.addEdgeToCFA, INFO)

line 30487: Dead code detected: goto ldv_started_0; (CFACreationUtils.addEdgeToCFA, INFO)

line 30488: Dead code detected: goto ldv_started_0; (CFACreationUtils.addEdgeToCFA, INFO)

line 30489: Dead code detected: goto ldv_started_0; (CFACreationUtils.addEdgeToCFA, INFO)

line 30490: Dead code detected: goto ldv_started_0; (CFACreationUtils.addEdgeToCFA, INFO)

line 30491: Dead code detected: goto ldv_started_0; (CFACreationUtils.addEdgeToCFA, INFO)

line 30492: Dead code detected: goto ldv_started_0; (CFACreationUtils.addEdgeToCFA, INFO)

line 30493: Dead code detected: goto ldv_started_0; (CFACreationUtils.addEdgeToCFA, INFO)

line 30494: Dead code detected: goto ldv_started_0; (CFACreationUtils.addEdgeToCFA, INFO)

line 30495: Dead code detected: goto ldv_started_0; (CFACreationUtils.addEdgeToCFA, INFO)

line 30496: Dead code detected: goto ldv_started_0; (CFACreationUtils.addEdgeToCFA, INFO)

line 30497: Dead code detected: goto ldv_started_0; (CFACreationUtils.addEdgeToCFA, INFO)

line 30498: Dead code detected: goto ldv_started_0; (CFACreationUtils.addEdgeToCFA, INFO)

line 30499: Dead code detected: goto ldv_started_0; (CFACreationUtils.addEdgeToCFA, INFO)

line 30500: Dead code detected: goto ldv_started_0; (CFACreationUtils.addEdgeToCFA, INFO)

line 30501: Dead code detected: goto ldv_started_0; (CFACreationUtils.addEdgeToCFA, INFO)

line 30502: Dead code detected: goto ldv_started_0; (CFACreationUtils.addEdgeToCFA, INFO)

line 30503: Dead code detected: goto ldv_started_0; (CFACreationUtils.addEdgeToCFA, INFO)

line 30504: Dead code detected: goto ldv_started_0; (CFACreationUtils.addEdgeToCFA, INFO)

line 30505: Dead code detected: goto ldv_started_0; (CFACreationUtils.addEdgeToCFA, INFO)

line 30506: Dead code detected: goto ldv_started_0; (CFACreationUtils.addEdgeToCFA, INFO)

line 30507: Dead code detected: goto ldv_started_0; (CFACreationUtils.addEdgeToCFA, INFO)

line 30508: Dead code detected: goto ldv_started_0; (CFACreationUtils.addEdgeToCFA, INFO)

line 30509: Dead code detected: goto ldv_started_0; (CFACreationUtils.addEdgeToCFA, INFO)

line 30510: Dead code detected: goto ldv_started_0; (CFACreationUtils.addEdgeToCFA, INFO)

line 30511: Dead code detected: goto ldv_started_0; (CFACreationUtils.addEdgeToCFA, INFO)

line 30512: Dead code detected: goto ldv_started_0; (CFACreationUtils.addEdgeToCFA, INFO)

line 30513: Dead code detected: goto ldv_started_0; (CFACreationUtils.addEdgeToCFA, INFO)

line 30514: Dead code detected: goto ldv_started_0; (CFACreationUtils.addEdgeToCFA, INFO)

line 30515: Dead code detected: goto ldv_started_0; (CFACreationUtils.addEdgeToCFA, INFO)

line 30516: Dead code detected: goto ldv_started_0; (CFACreationUtils.addEdgeToCFA, INFO)

line 30522: Dead code detected: goto ldv_started_0; (CFACreationUtils.addEdgeToCFA, INFO)

line 30523: Dead code detected: goto ldv_started_0; (CFACreationUtils.addEdgeToCFA, INFO)

line 30524: Dead code detected: goto ldv_started_0; (CFACreationUtils.addEdgeToCFA, INFO)

line 30525: Dead code detected: goto ldv_started_0; (CFACreationUtils.addEdgeToCFA, INFO)

line 30526: Dead code detected: goto ldv_started_0; (CFACreationUtils.addEdgeToCFA, INFO)

line 30527: Dead code detected: goto ldv_started_0; (CFACreationUtils.addEdgeToCFA, INFO)

line 30528: Dead code detected: goto ldv_started_0; (CFACreationUtils.addEdgeToCFA, INFO)

line 30529: Dead code detected: goto ldv_started_0; (CFACreationUtils.addEdgeToCFA, INFO)

line 30530: Dead code detected: goto ldv_started_0; (CFACreationUtils.addEdgeToCFA, INFO)

line 30531: Dead code detected: goto ldv_started_0; (CFACreationUtils.addEdgeToCFA, INFO)

line 30532: Dead code detected: goto ldv_started_0; (CFACreationUtils.addEdgeToCFA, INFO)

line 30533: Dead code detected: goto ldv_started_0; (CFACreationUtils.addEdgeToCFA, INFO)

line 30534: Dead code detected: goto ldv_started_0; (CFACreationUtils.addEdgeToCFA, INFO)

line 30535: Dead code detected: goto ldv_started_0; (CFACreationUtils.addEdgeToCFA, INFO)

line 30536: Dead code detected: goto ldv_started_0; (CFACreationUtils.addEdgeToCFA, INFO)

line 30537: Dead code detected: goto ldv_started_0; (CFACreationUtils.addEdgeToCFA, INFO)

line 30538: Dead code detected: goto ldv_started_0; (CFACreationUtils.addEdgeToCFA, INFO)

line 30539: Dead code detected: goto ldv_started_0; (CFACreationUtils.addEdgeToCFA, INFO)

line 30540: Dead code detected: goto ldv_started_0; (CFACreationUtils.addEdgeToCFA, INFO)

line 30541: Dead code detected: goto ldv_started_0; (CFACreationUtils.addEdgeToCFA, INFO)

line 30542: Dead code detected: goto ldv_started_0; (CFACreationUtils.addEdgeToCFA, INFO)

line 30543: Dead code detected: goto ldv_started_0; (CFACreationUtils.addEdgeToCFA, INFO)

line 30544: Dead code detected: goto ldv_started_0; (CFACreationUtils.addEdgeToCFA, INFO)

line 30545: Dead code detected: goto ldv_started_0; (CFACreationUtils.addEdgeToCFA, INFO)

line 30546: Dead code detected: goto ldv_started_0; (CFACreationUtils.addEdgeToCFA, INFO)

line 30547: Dead code detected: goto ldv_started_0; (CFACreationUtils.addEdgeToCFA, INFO)

line 30548: Dead code detected: goto ldv_started_0; (CFACreationUtils.addEdgeToCFA, INFO)

line 30549: Dead code detected: goto ldv_started_0; (CFACreationUtils.addEdgeToCFA, INFO)

line 30550: Dead code detected: goto ldv_started_0; (CFACreationUtils.addEdgeToCFA, INFO)

line 30551: Dead code detected: goto ldv_started_0; (CFACreationUtils.addEdgeToCFA, INFO)

line 30552: Dead code detected: goto ldv_started_0; (CFACreationUtils.addEdgeToCFA, INFO)

line 30553: Dead code detected: goto ldv_started_0; (CFACreationUtils.addEdgeToCFA, INFO)

line 30554: Dead code detected: goto ldv_started_0; (CFACreationUtils.addEdgeToCFA, INFO)

line 30555: Dead code detected: goto ldv_started_0; (CFACreationUtils.addEdgeToCFA, INFO)

line 30556: Dead code detected: goto ldv_started_0; (CFACreationUtils.addEdgeToCFA, INFO)

line 30557: Dead code detected: goto ldv_started_0; (CFACreationUtils.addEdgeToCFA, INFO)

line 30558: Dead code detected: goto ldv_started_0; (CFACreationUtils.addEdgeToCFA, INFO)

line 30559: Dead code detected: goto ldv_started_0; (CFACreationUtils.addEdgeToCFA, INFO)

line 30565: Dead code detected: goto ldv_started_0; (CFACreationUtils.addEdgeToCFA, INFO)

line 30566: Dead code detected: goto ldv_started_0; (CFACreationUtils.addEdgeToCFA, INFO)

line 30567: Dead code detected: goto ldv_started_0; (CFACreationUtils.addEdgeToCFA, INFO)

line 30568: Dead code detected: goto ldv_started_0; (CFACreationUtils.addEdgeToCFA, INFO)

line 30569: Dead code detected: goto ldv_started_0; (CFACreationUtils.addEdgeToCFA, INFO)

line 30570: Dead code detected: goto ldv_started_0; (CFACreationUtils.addEdgeToCFA, INFO)

line 30571: Dead code detected: goto ldv_started_0; (CFACreationUtils.addEdgeToCFA, INFO)

line 30572: Dead code detected: goto ldv_started_0; (CFACreationUtils.addEdgeToCFA, INFO)

line 30573: Dead code detected: goto ldv_started_0; (CFACreationUtils.addEdgeToCFA, INFO)

line 30574: Dead code detected: goto ldv_started_0; (CFACreationUtils.addEdgeToCFA, INFO)

line 30575: Dead code detected: goto ldv_started_0; (CFACreationUtils.addEdgeToCFA, INFO)

line 30576: Dead code detected: goto ldv_started_0; (CFACreationUtils.addEdgeToCFA, INFO)

line 30577: Dead code detected: goto ldv_started_0; (CFACreationUtils.addEdgeToCFA, INFO)

line 30578: Dead code detected: goto ldv_started_0; (CFACreationUtils.addEdgeToCFA, INFO)

line 30579: Dead code detected: goto ldv_started_0; (CFACreationUtils.addEdgeToCFA, INFO)

line 30580: Dead code detected: goto ldv_started_0; (CFACreationUtils.addEdgeToCFA, INFO)

line 30581: Dead code detected: goto ldv_started_0; (CFACreationUtils.addEdgeToCFA, INFO)

line 30582: Dead code detected: goto ldv_started_0; (CFACreationUtils.addEdgeToCFA, INFO)

line 30583: Dead code detected: goto ldv_started_0; (CFACreationUtils.addEdgeToCFA, INFO)

line 30584: Dead code detected: goto ldv_started_0; (CFACreationUtils.addEdgeToCFA, INFO)

line 30585: Dead code detected: goto ldv_started_0; (CFACreationUtils.addEdgeToCFA, INFO)

line 30586: Dead code detected: goto ldv_started_0; (CFACreationUtils.addEdgeToCFA, INFO)

line 30587: Dead code detected: goto ldv_started_0; (CFACreationUtils.addEdgeToCFA, INFO)

line 30588: Dead code detected: goto ldv_started_0; (CFACreationUtils.addEdgeToCFA, INFO)

line 30589: Dead code detected: goto ldv_started_0; (CFACreationUtils.addEdgeToCFA, INFO)

line 30590: Dead code detected: goto ldv_started_0; (CFACreationUtils.addEdgeToCFA, INFO)

line 30591: Dead code detected: goto ldv_started_0; (CFACreationUtils.addEdgeToCFA, INFO)

line 30592: Dead code detected: goto ldv_started_0; (CFACreationUtils.addEdgeToCFA, INFO)

line 30593: Dead code detected: goto ldv_started_0; (CFACreationUtils.addEdgeToCFA, INFO)

line 30594: Dead code detected: goto ldv_started_0; (CFACreationUtils.addEdgeToCFA, INFO)

line 30595: Dead code detected: goto ldv_started_0; (CFACreationUtils.addEdgeToCFA, INFO)

line 30596: Dead code detected: goto ldv_started_0; (CFACreationUtils.addEdgeToCFA, INFO)

line 30597: Dead code detected: goto ldv_started_0; (CFACreationUtils.addEdgeToCFA, INFO)

line 30598: Dead code detected: goto ldv_started_0; (CFACreationUtils.addEdgeToCFA, INFO)

line 30599: Dead code detected: goto ldv_started_0; (CFACreationUtils.addEdgeToCFA, INFO)

line 30600: Dead code detected: goto ldv_started_0; (CFACreationUtils.addEdgeToCFA, INFO)

line 30601: Dead code detected: goto ldv_started_0; (CFACreationUtils.addEdgeToCFA, INFO)

line 30602: Dead code detected: goto ldv_started_0; (CFACreationUtils.addEdgeToCFA, INFO)

line 30603: Dead code detected: goto ldv_started_0; (CFACreationUtils.addEdgeToCFA, INFO)

line 30617: Dead code detected: goto ldv_started_0; (CFACreationUtils.addEdgeToCFA, INFO)

line 30618: Dead code detected: goto ldv_started_0; (CFACreationUtils.addEdgeToCFA, INFO)

line 30619: Dead code detected: goto ldv_started_0; (CFACreationUtils.addEdgeToCFA, INFO)

line 30620: Dead code detected: goto ldv_started_0; (CFACreationUtils.addEdgeToCFA, INFO)

line 30621: Dead code detected: goto ldv_started_0; (CFACreationUtils.addEdgeToCFA, INFO)

line 30622: Dead code detected: goto ldv_started_0; (CFACreationUtils.addEdgeToCFA, INFO)

line 30623: Dead code detected: goto ldv_started_0; (CFACreationUtils.addEdgeToCFA, INFO)

line 30624: Dead code detected: goto ldv_started_0; (CFACreationUtils.addEdgeToCFA, INFO)

line 30625: Dead code detected: goto ldv_started_0; (CFACreationUtils.addEdgeToCFA, INFO)

line 30626: Dead code detected: goto ldv_started_0; (CFACreationUtils.addEdgeToCFA, INFO)

line 30627: Dead code detected: goto ldv_started_0; (CFACreationUtils.addEdgeToCFA, INFO)

line 30628: Dead code detected: goto ldv_started_0; (CFACreationUtils.addEdgeToCFA, INFO)

line 30629: Dead code detected: goto ldv_started_0; (CFACreationUtils.addEdgeToCFA, INFO)

line 30630: Dead code detected: goto ldv_started_0; (CFACreationUtils.addEdgeToCFA, INFO)

line 30631: Dead code detected: goto ldv_started_0; (CFACreationUtils.addEdgeToCFA, INFO)

line 30632: Dead code detected: goto ldv_started_0; (CFACreationUtils.addEdgeToCFA, INFO)

line 30633: Dead code detected: goto ldv_started_0; (CFACreationUtils.addEdgeToCFA, INFO)

line 30634: Dead code detected: goto ldv_started_0; (CFACreationUtils.addEdgeToCFA, INFO)

line 30635: Dead code detected: goto ldv_started_0; (CFACreationUtils.addEdgeToCFA, INFO)

line 30636: Dead code detected: goto ldv_started_0; (CFACreationUtils.addEdgeToCFA, INFO)

line 30637: Dead code detected: goto ldv_started_0; (CFACreationUtils.addEdgeToCFA, INFO)

line 30638: Dead code detected: goto ldv_started_0; (CFACreationUtils.addEdgeToCFA, INFO)

line 30639: Dead code detected: goto ldv_started_0; (CFACreationUtils.addEdgeToCFA, INFO)

line 30640: Dead code detected: goto ldv_started_0; (CFACreationUtils.addEdgeToCFA, INFO)

line 30641: Dead code detected: goto ldv_started_0; (CFACreationUtils.addEdgeToCFA, INFO)

line 30642: Dead code detected: goto ldv_started_0; (CFACreationUtils.addEdgeToCFA, INFO)

line 30643: Dead code detected: goto ldv_started_0; (CFACreationUtils.addEdgeToCFA, INFO)

line 30644: Dead code detected: goto ldv_started_0; (CFACreationUtils.addEdgeToCFA, INFO)

line 30645: Dead code detected: goto ldv_started_0; (CFACreationUtils.addEdgeToCFA, INFO)

line 30646: Dead code detected: goto ldv_started_0; (CFACreationUtils.addEdgeToCFA, INFO)

line 30647: Dead code detected: goto ldv_started_0; (CFACreationUtils.addEdgeToCFA, INFO)

line 30648: Dead code detected: goto ldv_started_0; (CFACreationUtils.addEdgeToCFA, INFO)

line 30649: Dead code detected: goto ldv_started_0; (CFACreationUtils.addEdgeToCFA, INFO)

line 30650: Dead code detected: goto ldv_started_0; (CFACreationUtils.addEdgeToCFA, INFO)

line 30651: Dead code detected: goto ldv_started_0; (CFACreationUtils.addEdgeToCFA, INFO)

line 30652: Dead code detected: goto ldv_started_0; (CFACreationUtils.addEdgeToCFA, INFO)

line 30653: Dead code detected: goto ldv_started_0; (CFACreationUtils.addEdgeToCFA, INFO)

line 30654: Dead code detected: goto ldv_started_0; (CFACreationUtils.addEdgeToCFA, INFO)

line 30655: Dead code detected: goto ldv_started_0; (CFACreationUtils.addEdgeToCFA, INFO)

line 30656: Dead code detected: goto ldv_started_0; (CFACreationUtils.addEdgeToCFA, INFO)

line 31235: Dead code detected: return; (CFACreationUtils.addEdgeToCFA, INFO)

line 31266: Dead code detected: return; (CFACreationUtils.addEdgeToCFA, INFO)

line 31352: Dead code detected: return; (CFACreationUtils.addEdgeToCFA, INFO)

line 31595: Dead code detected: return; (CFACreationUtils.addEdgeToCFA, INFO)

line 31632: Dead code detected: return; (CFACreationUtils.addEdgeToCFA, INFO)

line 31675: Dead code detected: goto ldv_call_3; (CFACreationUtils.addEdgeToCFA, INFO)

line 31696: Dead code detected: return; (CFACreationUtils.addEdgeToCFA, INFO)

line 31935: Dead code detected: return (ldv_func_res); (CFACreationUtils.addEdgeToCFA, INFO)

Dead code detected: Label switch_break is not reachable. (CFAFunctionBuilder.leave, INFO)

Dead code detected: Label switch_break is not reachable. (CFAFunctionBuilder.leave, INFO)

Dead code detected: Label switch_break is not reachable. (CFAFunctionBuilder.leave, INFO)

Inline assembler ignored, analysis is probably unsound! (CFABuilder.createCFA, WARNING)

line 16350: Function pointer *(rtlpriv->intf_ops->read_efuse_byte) with type void (*)(struct ieee80211_hw *, u16 , u8 *) is called, but no possible target functions were found. (CFunctionPointerResolver.getTargets, WARNING)

line 16351: Function pointer *(rtlpriv->intf_ops->read_efuse_byte) with type void (*)(struct ieee80211_hw *, u16 , u8 *) is called, but no possible target functions were found. (CFunctionPointerResolver.getTargets, WARNING)

line 32886: Function pointer *(ops->map_page) with type dma_addr_t (*)(struct device *, struct page *, unsigned long, size_t , enum dma_data_direction , struct dma_attrs *) is called, but no possible target functions were found. (CFunctionPointerResolver.getTargets, WARNING)

line 32909: Function pointer *(ops->mapping_error) with type int (*)(struct device *, dma_addr_t ) is called, but no possible target functions were found. (CFunctionPointerResolver.getTargets, WARNING)

line 31160: Function pointer *arg0 with type int (*)(struct pci_dev *) is called, but no possible target functions were found. (CFunctionPointerResolver.getTargets, WARNING)

line 31169: Function pointer *arg0 with type int (*)(struct pci_dev *) is called, but no possible target functions were found. (CFunctionPointerResolver.getTargets, WARNING)

line 31189: Function pointer *arg0 with type int (*)(struct pci_dev *, struct pm_message ) is called, but no possible target functions were found. (CFunctionPointerResolver.getTargets, WARNING)

line 31200: Function pointer *arg0 with type int (*)(struct pci_dev *, struct pm_message ) is called, but no possible target functions were found. (CFunctionPointerResolver.getTargets, WARNING)

line 31360: Function pointer *arg0 with type int (*)(struct platform_device *) is called, but no possible target functions were found. (CFunctionPointerResolver.getTargets, WARNING)

line 31369: Function pointer *arg0 with type int (*)(struct platform_device *) is called, but no possible target functions were found. (CFunctionPointerResolver.getTargets, WARNING)

line 31378: Function pointer *arg0 with type void (*)(struct device *) is called, but no possible target functions were found. (CFunctionPointerResolver.getTargets, WARNING)

line 7906: Function pointer *(rtlpriv->io.read8_sync) with type u8 (*)(struct rtl_priv *, u32 ) is called, but no possible target functions were found. (CFunctionPointerResolver.getTargets, WARNING)

line 11075: Function pointer *(rtlpriv->io.read32_sync) with type u32 (*)(struct rtl_priv *, u32 ) is called, but no possible target functions were found. (CFunctionPointerResolver.getTargets, WARNING)

line 13354: Function pointer *(rtlpriv->io.read16_sync) with type u16 (*)(struct rtl_priv *, u32 ) is called, but no possible target functions were found. (CFunctionPointerResolver.getTargets, WARNING)

line 7915: Function pointer *(rtlpriv->io.write8_async) with type void (*)(struct rtl_priv *, u32 , u8 ) is called, but no possible target functions were found. (CFunctionPointerResolver.getTargets, WARNING)

line 7919: Function pointer *(rtlpriv->io.read8_sync) with type u8 (*)(struct rtl_priv *, u32 ) is called, but no possible target functions were found. (CFunctionPointerResolver.getTargets, WARNING)

line 7930: Function pointer *(rtlpriv->io.write32_async) with type void (*)(struct rtl_priv *, u32 , u32 ) is called, but no possible target functions were found. (CFunctionPointerResolver.getTargets, WARNING)

line 7934: Function pointer *(rtlpriv->io.read32_sync) with type u32 (*)(struct rtl_priv *, u32 ) is called, but no possible target functions were found. (CFunctionPointerResolver.getTargets, WARNING)

line 13363: Function pointer *(rtlpriv->io.write16_async) with type void (*)(struct rtl_priv *, u32 , u16 ) is called, but no possible target functions were found. (CFunctionPointerResolver.getTargets, WARNING)

line 13367: Function pointer *(rtlpriv->io.read16_sync) with type u16 (*)(struct rtl_priv *, u32 ) is called, but no possible target functions were found. (CFunctionPointerResolver.getTargets, WARNING)

Using unsound approximation of ints with unbounded integers and floats with unbounded integers for encoding program semantics. (PredicateCPA:FormulaManagerView.<init>, WARNING)

Using predicate analysis with Princess 2023-04-07. (PredicateCPA:PredicateCPA.<init>, INFO)

Using unsound approximation of ints with unbounded integers and floats with unbounded integers for encoding program semantics. (AssumptionStorageCPA:FormulaManagerView.<init>, WARNING)

Starting analysis ... (CPAchecker.runAlgorithm, INFO)

line 31131: Ignoring call via function pointer ldv_ieee80211_instance_stop_0_8::arg0 for which no suitable target was found in line: (*arg0)(arg1); (TargetLocationProvider:FunctionPointerCPA:FunctionPointerTransferRelation.getAbstractSuccessorsForEdge, WARNING)

Recursion detected, aborting. To ignore recursion, add -skipRecursion to the command line. (TargetLocationProvider:CallstackCPA:CallstackTransferRelation.getAbstractSuccessorsForEdge, INFO)

Recursion detected. Defaulting to selecting all locations as potential target locations. (TargetLocationProvider:TargetLocationProviderImpl.tryGetAutomatonTargetLocations, INFO)

Creating formula for program (AbstractBMCAlgorithm.run, INFO)

Exception in thread "main" org.sosy_lab.java_smt.basicimpl.GeneratorException: Modular Congruence is not available in SMTLIB2. 
	at org.sosy_lab.java_smt.basicimpl.AbstractNumeralFormulaManager.modularCongruence(AbstractNumeralFormulaManager.java:361)
	at org.sosy_lab.java_smt.solvers.princess.PrincessIntegerFormulaManager.modularCongruence(PrincessIntegerFormulaManager.java:22)
	at org.sosy_lab.cpachecker.util.predicates.smt.IntegerFormulaManagerView.modularCongruence(IntegerFormulaManagerView.java:35)
	at org.sosy_lab.cpachecker.util.predicates.smt.FormulaManagerView.makeModularCongruence(FormulaManagerView.java:688)
	at org.sosy_lab.cpachecker.util.predicates.smt.FormulaManagerView.makeModularCongruence(FormulaManagerView.java:670)
	at org.sosy_lab.cpachecker.util.predicates.pathformula.pointeraliasing.PointerTargetSetManager.makeBaseAddressConstraints(PointerTargetSetManager.java:653)
	at org.sosy_lab.cpachecker.util.predicates.pathformula.pointeraliasing.PointerTargetSetBuilder$RealPointerTargetSetBuilder.addNextBaseAddressConstraints(PointerTargetSetBuilder.java:286)
	at org.sosy_lab.cpachecker.util.predicates.pathformula.pointeraliasing.CToFormulaConverterWithPointerAliasing.declareSharedBase(CToFormulaConverterWithPointerAliasing.java:437)
	at org.sosy_lab.cpachecker.util.predicates.pathformula.pointeraliasing.CToFormulaConverterWithPointerAliasing.makeDeclaration(CToFormulaConverterWithPointerAliasing.java:1001)
	at org.sosy_lab.cpachecker.util.predicates.pathformula.ctoformula.CtoFormulaConverter.createFormulaForEdge(CtoFormulaConverter.java:1231)
	at org.sosy_lab.cpachecker.util.predicates.pathformula.ctoformula.CtoFormulaConverter.makeAnd(CtoFormulaConverter.java:1049)
	at org.sosy_lab.cpachecker.util.predicates.pathformula.PathFormulaManagerImpl.makeAnd(PathFormulaManagerImpl.java:246)
	at org.sosy_lab.cpachecker.util.predicates.pathformula.PathFormulaManagerImpl.makeAnd(PathFormulaManagerImpl.java:300)
	at org.sosy_lab.cpachecker.cpa.predicate.PredicateTransferRelation.convertEdgeToPathFormula(PredicateTransferRelation.java:203)
	at org.sosy_lab.cpachecker.cpa.predicate.PredicateTransferRelation.getAbstractSuccessorsForEdge(PredicateTransferRelation.java:113)
	at org.sosy_lab.cpachecker.cpa.composite.CompositeTransferRelation.callTransferRelation(CompositeTransferRelation.java:297)
	at org.sosy_lab.cpachecker.cpa.composite.CompositeTransferRelation.getAbstractSuccessorForSimpleEdge(CompositeTransferRelation.java:264)
	at org.sosy_lab.cpachecker.cpa.composite.CompositeTransferRelation.getAbstractSuccessorForEdge(CompositeTransferRelation.java:196)
	at org.sosy_lab.cpachecker.cpa.composite.CompositeTransferRelation.getAbstractSuccessors(CompositeTransferRelation.java:88)
	at org.sosy_lab.cpachecker.cpa.arg.ARGTransferRelation.getAbstractSuccessors(ARGTransferRelation.java:45)
	at org.sosy_lab.cpachecker.core.algorithm.CPAAlgorithm.handleState(CPAAlgorithm.java:334)
	at org.sosy_lab.cpachecker.core.algorithm.CPAAlgorithm.run0(CPAAlgorithm.java:289)
	at org.sosy_lab.cpachecker.core.algorithm.CPAAlgorithm.run(CPAAlgorithm.java:260)
	at org.sosy_lab.cpachecker.core.algorithm.bmc.BMCHelper.unroll(BMCHelper.java:192)
	at org.sosy_lab.cpachecker.core.algorithm.bmc.AbstractBMCAlgorithm.run(AbstractBMCAlgorithm.java:427)
	at org.sosy_lab.cpachecker.core.algorithm.bmc.BMCAlgorithm.run(BMCAlgorithm.java:130)
	at org.sosy_lab.cpachecker.core.CPAchecker.runAlgorithm(CPAchecker.java:507)
	at org.sosy_lab.cpachecker.core.CPAchecker.run(CPAchecker.java:369)
	at org.sosy_lab.cpachecker.cmdline.CPAMain.main(CPAMain.java:170)
