scripts/cpa.sh -heap 13000M -stack 50M -noout -benchmark -bmc -setprop cpa.predicate.useArraysForHeap=false -setprop cpa.predicate.memoryAllocationsAlwaysSucceed=true -setprop cpa.loopbound.maxLoopIterations=10 -setprop cpa.predicate.encodeFloatAs=INTEGER -setprop cpa.predicate.encodeBitvectorAs=INTEGER -setprop solver.solver=princess_binary -setprop proveroptions.option=use_binary -timelimit 900s -stats -spec test/programs/benchmarks/properties/unreach-call.prp -64 test/programs/benchmarks/ldv-challenges/linux-3.14_complex_emg_linux-kernel-locking-spinlock_drivers-net-ethernet-nvidia-forcedeth.cil.i


--------------------------------------------------------------------------------


Running CPAchecker with Java heap of size 13000M.
Running CPAchecker with Java stack of size 50M.
Language C detected and set for analysis (CPAMain.detectFrontendLanguageIfNecessary, INFO)

Using the following resource limits: CPU-time limit of 900s (ResourceLimitChecker.fromConfiguration, INFO)

CPAchecker 2.3.1-svn-45350M / bmc (OpenJDK 64-Bit Server VM 17.0.8.1) started (CPAchecker.run, INFO)

Parsing CFA from file(s) "test/programs/benchmarks/ldv-challenges/linux-3.14_complex_emg_linux-kernel-locking-spinlock_drivers-net-ethernet-nvidia-forcedeth.cil.i" (CPAchecker.parse, INFO)

line 5459: Dead code detected: return (1); (CFACreationUtils.addEdgeToCFA, INFO)

line 5650: Dead code detected: goto case_1; (CFACreationUtils.addEdgeToCFA, INFO)

line 5654: Dead code detected: goto case_2; (CFACreationUtils.addEdgeToCFA, INFO)

line 5662: Dead code detected: goto case_8; (CFACreationUtils.addEdgeToCFA, INFO)

line 5665: Dead code detected: goto switch_default; (CFACreationUtils.addEdgeToCFA, INFO)

Dead code detected: Label case_8 is not reachable. (CFAFunctionBuilder.leave, INFO)

Dead code detected: Label switch_break is not reachable. (CFAFunctionBuilder.leave, INFO)

Dead code detected: Label switch_default is not reachable. (CFAFunctionBuilder.leave, INFO)

Dead code detected: Label case_1 is not reachable. (CFAFunctionBuilder.leave, INFO)

Dead code detected: Label case_2 is not reachable. (CFAFunctionBuilder.leave, INFO)

line 6962: Dead code detected: goto case_1; (CFACreationUtils.addEdgeToCFA, INFO)

line 6981: Dead code detected: goto case_1___0; (CFACreationUtils.addEdgeToCFA, INFO)

line 6985: Dead code detected: goto case_2; (CFACreationUtils.addEdgeToCFA, INFO)

line 6993: Dead code detected: goto case_8; (CFACreationUtils.addEdgeToCFA, INFO)

line 6996: Dead code detected: goto switch_default; (CFACreationUtils.addEdgeToCFA, INFO)

line 6966: Dead code detected: goto case_2___0; (CFACreationUtils.addEdgeToCFA, INFO)

line 7021: Dead code detected: goto case_1___1; (CFACreationUtils.addEdgeToCFA, INFO)

line 7025: Dead code detected: goto case_2___1; (CFACreationUtils.addEdgeToCFA, INFO)

line 7033: Dead code detected: goto case_8___0; (CFACreationUtils.addEdgeToCFA, INFO)

line 7036: Dead code detected: goto switch_default___0; (CFACreationUtils.addEdgeToCFA, INFO)

line 7061: Dead code detected: goto case_1___2; (CFACreationUtils.addEdgeToCFA, INFO)

line 7065: Dead code detected: goto case_2___2; (CFACreationUtils.addEdgeToCFA, INFO)

line 7073: Dead code detected: goto case_8___1; (CFACreationUtils.addEdgeToCFA, INFO)

line 7076: Dead code detected: goto switch_default___1; (CFACreationUtils.addEdgeToCFA, INFO)

line 6974: Dead code detected: goto case_8___2; (CFACreationUtils.addEdgeToCFA, INFO)

line 7101: Dead code detected: goto case_1___3; (CFACreationUtils.addEdgeToCFA, INFO)

line 7105: Dead code detected: goto case_2___3; (CFACreationUtils.addEdgeToCFA, INFO)

line 7113: Dead code detected: goto case_8___3; (CFACreationUtils.addEdgeToCFA, INFO)

line 7116: Dead code detected: goto switch_default___2; (CFACreationUtils.addEdgeToCFA, INFO)

line 6977: Dead code detected: goto switch_default___3; (CFACreationUtils.addEdgeToCFA, INFO)

Dead code detected: Label case_4___0 is not reachable. (CFAFunctionBuilder.leave, INFO)

Dead code detected: Label case_4___3 is not reachable. (CFAFunctionBuilder.leave, INFO)

Dead code detected: Label case_8___3 is not reachable. (CFAFunctionBuilder.leave, INFO)

Dead code detected: Label case_8___2 is not reachable. (CFAFunctionBuilder.leave, INFO)

Dead code detected: Label case_8___1 is not reachable. (CFAFunctionBuilder.leave, INFO)

Dead code detected: Label case_8 is not reachable. (CFAFunctionBuilder.leave, INFO)

Dead code detected: Label case_8___0 is not reachable. (CFAFunctionBuilder.leave, INFO)

Dead code detected: Label case_4 is not reachable. (CFAFunctionBuilder.leave, INFO)

Dead code detected: Label case_1 is not reachable. (CFAFunctionBuilder.leave, INFO)

Dead code detected: Label case_2 is not reachable. (CFAFunctionBuilder.leave, INFO)

Dead code detected: Label switch_break is not reachable. (CFAFunctionBuilder.leave, INFO)

Dead code detected: Label switch_default is not reachable. (CFAFunctionBuilder.leave, INFO)

Dead code detected: Label case_2___2 is not reachable. (CFAFunctionBuilder.leave, INFO)

Dead code detected: Label case_2___3 is not reachable. (CFAFunctionBuilder.leave, INFO)

Dead code detected: Label case_2___0 is not reachable. (CFAFunctionBuilder.leave, INFO)

Dead code detected: Label case_2___1 is not reachable. (CFAFunctionBuilder.leave, INFO)

Dead code detected: Label case_1___1 is not reachable. (CFAFunctionBuilder.leave, INFO)

Dead code detected: Label case_1___2 is not reachable. (CFAFunctionBuilder.leave, INFO)

Dead code detected: Label case_1___3 is not reachable. (CFAFunctionBuilder.leave, INFO)

Dead code detected: Label case_1___0 is not reachable. (CFAFunctionBuilder.leave, INFO)

Dead code detected: Label switch_break is not reachable. (CFAFunctionBuilder.leave, INFO)

Dead code detected: Label switch_break is not reachable. (CFAFunctionBuilder.leave, INFO)

line 16623: Dead code detected: return (arg0); (CFACreationUtils.addEdgeToCFA, INFO)

line 16642: Dead code detected: return (arg0); (CFACreationUtils.addEdgeToCFA, INFO)

line 16645: Dead code detected: return (arg0); (CFACreationUtils.addEdgeToCFA, INFO)

line 16647: Dead code detected: return (arg0); (CFACreationUtils.addEdgeToCFA, INFO)

line 16695: Dead code detected: return (arg0); (CFACreationUtils.addEdgeToCFA, INFO)

line 17559: Dead code detected: return; (CFACreationUtils.addEdgeToCFA, INFO)

line 17571: Dead code detected: return; (CFACreationUtils.addEdgeToCFA, INFO)

line 17863: Dead code detected: return (arg0); (CFACreationUtils.addEdgeToCFA, INFO)

line 18530: Dead code detected: return; (CFACreationUtils.addEdgeToCFA, INFO)

line 19343: Dead code detected: return (arg0); (CFACreationUtils.addEdgeToCFA, INFO)

line 19344: Dead code detected: return (arg0); (CFACreationUtils.addEdgeToCFA, INFO)

line 19387: Dead code detected: return (arg0); (CFACreationUtils.addEdgeToCFA, INFO)

line 19905: Dead code detected: return; (CFACreationUtils.addEdgeToCFA, INFO)

line 20109: Dead code detected: return (ldv_func_res); (CFACreationUtils.addEdgeToCFA, INFO)

line 20154: Dead code detected: return (ldv_func_res); (CFACreationUtils.addEdgeToCFA, INFO)

line 20199: Dead code detected: return (ldv_func_res); (CFACreationUtils.addEdgeToCFA, INFO)

line 20244: Dead code detected: return (ldv_func_res); (CFACreationUtils.addEdgeToCFA, INFO)

line 20269: Dead code detected: return (ldv_func_res); (CFACreationUtils.addEdgeToCFA, INFO)

line 20294: Dead code detected: return (ldv_func_res); (CFACreationUtils.addEdgeToCFA, INFO)

line 20349: Dead code detected: return (ldv_func_res); (CFACreationUtils.addEdgeToCFA, INFO)

line 20374: Dead code detected: return (ldv_func_res); (CFACreationUtils.addEdgeToCFA, INFO)

line 20392: Dead code detected: return (ldv_func_res); (CFACreationUtils.addEdgeToCFA, INFO)

line 20410: Dead code detected: return (ldv_func_res); (CFACreationUtils.addEdgeToCFA, INFO)

line 20428: Dead code detected: return (ldv_func_res); (CFACreationUtils.addEdgeToCFA, INFO)

line 20446: Dead code detected: return (ldv_func_res); (CFACreationUtils.addEdgeToCFA, INFO)

line 20464: Dead code detected: return (ldv_func_res); (CFACreationUtils.addEdgeToCFA, INFO)

line 20482: Dead code detected: return (ldv_func_res); (CFACreationUtils.addEdgeToCFA, INFO)

line 20537: Dead code detected: return (ldv_func_res); (CFACreationUtils.addEdgeToCFA, INFO)

line 20552: Dead code detected: return (ldv_func_res); (CFACreationUtils.addEdgeToCFA, INFO)

line 20577: Dead code detected: return (ldv_func_res); (CFACreationUtils.addEdgeToCFA, INFO)

line 20602: Dead code detected: return (ldv_func_res); (CFACreationUtils.addEdgeToCFA, INFO)

line 20637: Dead code detected: return (ldv_func_res); (CFACreationUtils.addEdgeToCFA, INFO)

line 20652: Dead code detected: return (ldv_func_res); (CFACreationUtils.addEdgeToCFA, INFO)

line 20667: Dead code detected: return (ldv_func_res); (CFACreationUtils.addEdgeToCFA, INFO)

line 20682: Dead code detected: return (ldv_func_res); (CFACreationUtils.addEdgeToCFA, INFO)

line 20697: Dead code detected: return (ldv_func_res); (CFACreationUtils.addEdgeToCFA, INFO)

line 20712: Dead code detected: return (ldv_func_res); (CFACreationUtils.addEdgeToCFA, INFO)

line 20728: Dead code detected: return (ldv_func_res); (CFACreationUtils.addEdgeToCFA, INFO)

line 20743: Dead code detected: return (ldv_func_res); (CFACreationUtils.addEdgeToCFA, INFO)

line 20790: Dead code detected: return (ldv_func_res); (CFACreationUtils.addEdgeToCFA, INFO)

Inline assembler ignored, analysis is probably unsound! (CFABuilder.createCFA, WARNING)

line 6326: Function pointer *(ops___0->alloc) with type void *(*)(struct device *, size_t , dma_addr_t *, gfp_t , struct dma_attrs *) is called, but no possible target functions were found. (CFunctionPointerResolver.getTargets, WARNING)

line 6365: Function pointer *(ops___0->free) with type void (*)(struct device *, size_t , void *, dma_addr_t , struct dma_attrs *) is called, but no possible target functions were found. (CFunctionPointerResolver.getTargets, WARNING)

line 6192: Function pointer *(ops___0->map_page) with type dma_addr_t (*)(struct device *, struct page *, unsigned long, size_t , enum dma_data_direction , struct dma_attrs *) is called, but no possible target functions were found. (CFunctionPointerResolver.getTargets, WARNING)

line 6117: Function pointer *(ops___0->map_page) with type dma_addr_t (*)(struct device *, struct page *, unsigned long, size_t , enum dma_data_direction , struct dma_attrs *) is called, but no possible target functions were found. (CFunctionPointerResolver.getTargets, WARNING)

line 6250: Function pointer *(ops___0->mapping_error) with type int (*)(struct device *, dma_addr_t ) is called, but no possible target functions were found. (CFunctionPointerResolver.getTargets, WARNING)

line 6226: Function pointer *(ops___0->unmap_page) with type void (*)(struct device *, dma_addr_t , size_t , enum dma_data_direction , struct dma_attrs *) is called, but no possible target functions were found. (CFunctionPointerResolver.getTargets, WARNING)

line 6155: Function pointer *(ops___0->unmap_page) with type void (*)(struct device *, dma_addr_t , size_t , enum dma_data_direction , struct dma_attrs *) is called, but no possible target functions were found. (CFunctionPointerResolver.getTargets, WARNING)

line 18254: Function pointer *arg0 with type int (*)(struct pci_dev *) is called, but no possible target functions were found. (CFunctionPointerResolver.getTargets, WARNING)

line 18263: Function pointer *arg0 with type int (*)(struct pci_dev *) is called, but no possible target functions were found. (CFunctionPointerResolver.getTargets, WARNING)

line 18283: Function pointer *arg0 with type int (*)(struct pci_dev *, struct pm_message ) is called, but no possible target functions were found. (CFunctionPointerResolver.getTargets, WARNING)

line 18294: Function pointer *arg0 with type int (*)(struct pci_dev *, struct pm_message ) is called, but no possible target functions were found. (CFunctionPointerResolver.getTargets, WARNING)

line 18538: Function pointer *arg0 with type int (*)(struct platform_device *) is called, but no possible target functions were found. (CFunctionPointerResolver.getTargets, WARNING)

line 18547: Function pointer *arg0 with type int (*)(struct platform_device *) is called, but no possible target functions were found. (CFunctionPointerResolver.getTargets, WARNING)

line 18556: Function pointer *arg0 with type void (*)(struct device *) is called, but no possible target functions were found. (CFunctionPointerResolver.getTargets, WARNING)

Using unsound approximation of ints with unbounded integers and floats with unbounded integers for encoding program semantics. (PredicateCPA:FormulaManagerView.<init>, WARNING)

Using predicate analysis with Princess 2023-04-07. (PredicateCPA:PredicateCPA.<init>, INFO)

Using unsound approximation of ints with unbounded integers and floats with unbounded integers for encoding program semantics. (AssumptionStorageCPA:FormulaManagerView.<init>, WARNING)

The following configuration options were specified but are not used:
 proveroptions.option 
 (CPAchecker.printConfigurationWarnings, WARNING)

Starting analysis ... (CPAchecker.runAlgorithm, INFO)

line 19850: Ignoring call via function pointer ldv_timer_instance_callback_7_2::arg0 for which no suitable target was found in line: (*arg0)(arg1); (TargetLocationProvider:FunctionPointerCPA:FunctionPointerTransferRelation.getAbstractSuccessorsForEdge, WARNING)

line 18538: Ignoring call via function pointer ldv_platform_instance_probe_6_14::arg0 for which no suitable target was found in line: tmp = (*arg0)(arg1); (TargetLocationProvider:FunctionPointerCPA:FunctionPointerTransferRelation.getAbstractSuccessorsForEdge, WARNING)

line 18547: Ignoring call via function pointer ldv_platform_instance_release_6_3::arg0 for which no suitable target was found in line: (*arg0)(arg1); (TargetLocationProvider:FunctionPointerCPA:FunctionPointerTransferRelation.getAbstractSuccessorsForEdge, WARNING)

line 18682: Ignoring call via function pointer ldv_pm_ops_instance_runtime_idle_5_27::arg0 for which no suitable target was found in line: (*arg0)(arg1); (TargetLocationProvider:FunctionPointerCPA:FunctionPointerTransferRelation.getAbstractSuccessorsForEdge, WARNING)

