scripts/cpa.sh -heap 13000M -stack 50M -noout -benchmark -bmc -setprop cpa.predicate.useArraysForHeap=false -setprop cpa.predicate.memoryAllocationsAlwaysSucceed=true -setprop cpa.loopbound.maxLoopIterations=10 -setprop cpa.predicate.encodeFloatAs=INTEGER -setprop cpa.predicate.encodeBitvectorAs=INTEGER -setprop solver.solver=princess -timelimit 900s -stats -spec test/programs/benchmarks/properties/unreach-call.prp -32 test/programs/benchmarks/product-lines/elevator_spec13_product30.cil.c


--------------------------------------------------------------------------------


Running CPAchecker with Java heap of size 13000M.
Running CPAchecker with Java stack of size 50M.
Language C detected and set for analysis (CPAMain.detectFrontendLanguageIfNecessary, INFO)

Using the following resource limits: CPU-time limit of 900s (ResourceLimitChecker.fromConfiguration, INFO)

CPAchecker 2.3.1-svn-45350M / bmc (OpenJDK 64-Bit Server VM 17.0.8.1) started (CPAchecker.run, INFO)

Parsing CFA from file(s) "test/programs/benchmarks/product-lines/elevator_spec13_product30.cil.c" (CPAchecker.parse, INFO)

line 88: Dead code detected: return (retValue_acc); (CFACreationUtils.addEdgeToCFA, INFO)

line 127: Dead code detected: return (retValue_acc); (CFACreationUtils.addEdgeToCFA, INFO)

line 166: Dead code detected: return (retValue_acc); (CFACreationUtils.addEdgeToCFA, INFO)

line 287: Dead code detected: return (retValue_acc); (CFACreationUtils.addEdgeToCFA, INFO)

line 523: Dead code detected: return (retValue_acc); (CFACreationUtils.addEdgeToCFA, INFO)

line 834: Dead code detected: return (retValue_acc); (CFACreationUtils.addEdgeToCFA, INFO)

line 1287: Dead code detected: return (retValue_acc); (CFACreationUtils.addEdgeToCFA, INFO)

line 1456: Dead code detected: return (retValue_acc); (CFACreationUtils.addEdgeToCFA, INFO)

line 1629: Dead code detected: return (retValue_acc); (CFACreationUtils.addEdgeToCFA, INFO)

line 1638: Dead code detected: return (retValue_acc); (CFACreationUtils.addEdgeToCFA, INFO)

line 1672: Dead code detected: return (retValue_acc); (CFACreationUtils.addEdgeToCFA, INFO)

line 1681: Dead code detected: return (retValue_acc); (CFACreationUtils.addEdgeToCFA, INFO)

line 1721: Dead code detected: return (retValue_acc); (CFACreationUtils.addEdgeToCFA, INFO)

line 1801: Dead code detected: return (retValue_acc); (CFACreationUtils.addEdgeToCFA, INFO)

line 1814: Dead code detected: return (retValue_acc); (CFACreationUtils.addEdgeToCFA, INFO)

line 2166: Dead code detected: return (retValue_acc); (CFACreationUtils.addEdgeToCFA, INFO)

line 2205: Dead code detected: return (retValue_acc); (CFACreationUtils.addEdgeToCFA, INFO)

line 2239: Dead code detected: return (retValue_acc); (CFACreationUtils.addEdgeToCFA, INFO)

line 2295: Dead code detected: return (retValue_acc); (CFACreationUtils.addEdgeToCFA, INFO)

line 2323: Dead code detected: return (retValue_acc); (CFACreationUtils.addEdgeToCFA, INFO)

line 2337: Dead code detected: return (retValue_acc); (CFACreationUtils.addEdgeToCFA, INFO)

line 2957: Dead code detected: return (retValue_acc); (CFACreationUtils.addEdgeToCFA, INFO)

line 2969: Dead code detected: return (retValue_acc); (CFACreationUtils.addEdgeToCFA, INFO)

line 2992: Dead code detected: return (retValue_acc); (CFACreationUtils.addEdgeToCFA, INFO)

line 3336: Dead code detected: return (retValue_acc); (CFACreationUtils.addEdgeToCFA, INFO)

line 3382: Dead code detected: return (retValue_acc); (CFACreationUtils.addEdgeToCFA, INFO)

line 3173: Function pointer *__cil_tmp10 with type int (*)(int, int) is called, but no possible target functions were found. (CFunctionPointerResolver.getTargets, WARNING)

Using unsound approximation of ints with unbounded integers and floats with unbounded integers for encoding program semantics. (PredicateCPA:FormulaManagerView.<init>, WARNING)

Using predicate analysis with Princess 2023-04-07. (PredicateCPA:PredicateCPA.<init>, INFO)

Using unsound approximation of ints with unbounded integers and floats with unbounded integers for encoding program semantics. (AssumptionStorageCPA:FormulaManagerView.<init>, WARNING)

Starting analysis ... (CPAchecker.runAlgorithm, INFO)

Creating formula for program (AbstractBMCAlgorithm.run, INFO)

Starting satisfiability check... (AbstractBMCAlgorithm.boundedModelCheck, INFO)

Starting assertions check... (AbstractBMCAlgorithm.checkBoundingAssertions, INFO)

Terminating because none of the following CPAs' precision can be adjusted any further  LoopBoundCPA (AbstractBMCAlgorithm.adjustConditions, INFO)

Stopping analysis ... (CPAchecker.runAlgorithm, INFO)

Analysis incomplete: no errors found, but not everything could be checked. (CPAchecker.analyzeResult, WARNING)


PredicateCPA statistics
-----------------------
Number of abstractions:            0 (0% of all post computations)
Number of strengthen sat checks:   0
Number of coverage checks:         0
  BDD entailment checks:           0
Number of SMT sat checks:          0
  trivial:                         0
  cached:                          0

Max ABE block size:                       0
Avg ABE block size:                                0.00 (sum: 0, count: 0, min: 0, max: 0)
Number of predicates discovered:          0

Time for post operator:                                0.399s
  Time for path formula creation:                      0.394s
Time for strengthen operator:                          0.017s
Time for prec operator:                                0.007s
Time for coverage checks:                              0.000s
Total time for SMT solver (w/o itp):     0.000s

Total number of created targets for pointer analysis: 0



KeyValue statistics
-------------------
Init. function predicates:                         0
Init. global predicates:                           0
Init. location predicates:                         0

Invariant Generation statistics
-------------------------------

Bounds CPA statistics
---------------------
Bound k:                                           10
Maximum loop iteration reached:                    11


ValueAnalysisCPA statistics
---------------------------
Number of variables per state:                     59.66 (sum: 96583, count: 1619, min: 0, max: 73)
Number of global variables per state:              52.93 (sum: 85686, count: 1619, min: 0, max: 55)
Number of assumptions:                                 1460
Number of deterministic assumptions:                      0
Level of Determinism:                              0%

ValueAnalysisPrecisionAdjustment statistics
-------------------------------------------
Number of abstraction computations:                    1618
Total time for liveness abstraction:                   0.000s
Total time for abstraction computation:                0.084s
Total time for path thresholds:                        0.000s

ConstraintsStrengthenOperator statistics
----------------------------------------
Total time for strengthening by ConstraintsCPA:     0.000s
Replaced symbolic expressions: 0

AutomatonAnalysis (SVCOMP) statistics
-------------------------------------
Number of states:                                  1
Total time for successor computation:                  0.004s
Automaton transfers with branching:                0
Automaton transfer successors:                     1.00 (sum: 1618, count: 1618, min: 1, max: 1) [1 x 1618]
Number of states with assumption transitions:      0

CPA algorithm statistics
------------------------
Number of iterations:            1619
Max size of waitlist:            1
Average size of waitlist:        1
LoopstackSortedWaitlist:                           0.00 (sum: 0, count: 1619, min: 0, max: 0)
ReversePostorderSortedWaitlist:                    0.00 (sum: 0, count: 1619, min: 0, max: 0)
LoopIterationSortedWaitlist:                       0.00 (sum: 0, count: 1619, min: 0, max: 0)
CallstackSortedWaitlist:                           0.00 (sum: 0, count: 1, min: 0, max: 0)
Number of computed successors:   1618
Max successors for one state:    1
Number of times merged:          0
Number of times stopped:         0
Number of times breaked:         0

Total time for CPA algorithm:         0.858s (Max:     0.858s)
  Time for choose from waitlist:      0.028s
  Time for precision adjustment:      0.178s
  Time for transfer relation:         0.603s
  Time for stop operator:             0.010s
  Time for adding to reached set:     0.015s

BMC algorithm statistics
------------------------
Time for BMC formula creation:                       0.860s
Time for final sat check:                            0.145s
Time for bounding assertions check:                  4.028s

CPAchecker general statistics
-----------------------------
Number of program locations:                       2235
Number of CFA edges (per node):                        2712 (count: 2235, min: 0, max: 21, avg: 1.21)
Number of relevant variables:                      342
Number of functions:                               75
Number of loops (and loop nodes):                         9 (sum: 175, min: 11, max: 37, avg: 19.44)
Size of reached set:             1619
  Number of reached locations:   744 (33%)
    Avg states per location:     2
    Max states per location:     12 (at node N234)
  Number of reached functions:   44 (59%)
  Number of partitions:          1619
    Avg size of partitions:      1
    Max size of partitions:      1
  Number of target states:       0

Time for analysis setup:          2.833s
  Time for loading CPAs:          1.329s
  Time for loading parser:        0.263s
  Time for CFA construction:      1.165s
    Time for parsing file(s):     0.456s
    Time for AST to CFA:          0.392s
    Time for CFA sanity check:    0.001s
    Time for post-processing:     0.244s
    Time for loop structure:      0.026s
    Time for AST structure:       0.000s
      Time for function pointers resolving:            0.009s
        Function calls via function pointers:             1 (count: 1, min: 1, max: 1, avg: 1.00)
        Instrumented function pointer calls:              0 (count: 1, min: 0, max: 0, avg: 0.00)
        Function calls with function pointer arguments:        0 (count: 1, min: 0, max: 0, avg: 0.00)
        Instrumented function pointer arguments:          0 (count: 1, min: 0, max: 0, avg: 0.00)
      Time for classifying variables:                  0.151s
        Time for collecting variables:                 0.090s
        Time for solving dependencies:                 0.002s
        Time for building hierarchy:                   0.000s
        Time for building classification:              0.059s
        Time for exporting data:                       0.000s
Time for Analysis:                6.369s
CPU time for analysis:           10.380s
Time for analyzing result:        0.003s
Total time for CPAchecker:        9.203s
Total CPU time for CPAchecker:   15.860s
Time for statistics:              0.081s

Time for Garbage Collector:       0.221s (in 12 runs)
Garbage Collector(s) used:    G1 Old Generation, G1 Young Generation

Verification result: UNKNOWN, incomplete analysis.
More details about the verification run can be found in the directory "./output".
