scripts/cpa.sh -heap 13000M -stack 50M -noout -benchmark -bmc -setprop cpa.predicate.useArraysForHeap=false -setprop cpa.predicate.memoryAllocationsAlwaysSucceed=true -setprop cpa.loopbound.maxLoopIterations=10 -setprop cpa.predicate.encodeFloatAs=INTEGER -setprop cpa.predicate.encodeBitvectorAs=INTEGER -setprop solver.solver=princess_binary -setprop proveroptions.option=use_binary -timelimit 900s -stats -spec test/programs/benchmarks/properties/unreach-call.prp -32 test/programs/benchmarks/product-lines/email_spec1_product16.cil.c


--------------------------------------------------------------------------------


Running CPAchecker with Java heap of size 13000M.
Running CPAchecker with Java stack of size 50M.
Language C detected and set for analysis (CPAMain.detectFrontendLanguageIfNecessary, INFO)

Using the following resource limits: CPU-time limit of 900s (ResourceLimitChecker.fromConfiguration, INFO)

CPAchecker 2.3.1-svn-45350M / bmc (OpenJDK 64-Bit Server VM 17.0.8.1) started (CPAchecker.run, INFO)

Parsing CFA from file(s) "test/programs/benchmarks/product-lines/email_spec1_product16.cil.c" (CPAchecker.parse, INFO)

line 63: Dead code detected: return (retValue_acc); (CFACreationUtils.addEdgeToCFA, INFO)

line 101: Dead code detected: return (retValue_acc); (CFACreationUtils.addEdgeToCFA, INFO)

line 122: Dead code detected: return (retValue_acc); (CFACreationUtils.addEdgeToCFA, INFO)

line 159: Dead code detected: return (retValue_acc); (CFACreationUtils.addEdgeToCFA, INFO)

line 196: Dead code detected: return (retValue_acc); (CFACreationUtils.addEdgeToCFA, INFO)

line 235: Dead code detected: return (retValue_acc); (CFACreationUtils.addEdgeToCFA, INFO)

line 274: Dead code detected: return (retValue_acc); (CFACreationUtils.addEdgeToCFA, INFO)

line 311: Dead code detected: return (retValue_acc); (CFACreationUtils.addEdgeToCFA, INFO)

line 348: Dead code detected: return (retValue_acc); (CFACreationUtils.addEdgeToCFA, INFO)

line 385: Dead code detected: return (retValue_acc); (CFACreationUtils.addEdgeToCFA, INFO)

line 422: Dead code detected: return (retValue_acc); (CFACreationUtils.addEdgeToCFA, INFO)

line 459: Dead code detected: return (retValue_acc); (CFACreationUtils.addEdgeToCFA, INFO)

line 501: Dead code detected: return (retValue_acc); (CFACreationUtils.addEdgeToCFA, INFO)

line 524: Dead code detected: return (retValue_acc); (CFACreationUtils.addEdgeToCFA, INFO)

line 569: Dead code detected: return (retValue_acc); (CFACreationUtils.addEdgeToCFA, INFO)

line 598: Dead code detected: return (retValue_acc); (CFACreationUtils.addEdgeToCFA, INFO)

line 646: Dead code detected: return (retValue_acc); (CFACreationUtils.addEdgeToCFA, INFO)

line 693: Dead code detected: return (retValue_acc); (CFACreationUtils.addEdgeToCFA, INFO)

line 738: Dead code detected: return (retValue_acc); (CFACreationUtils.addEdgeToCFA, INFO)

line 816: Dead code detected: return (retValue_acc); (CFACreationUtils.addEdgeToCFA, INFO)

line 885: Dead code detected: return (retValue_acc); (CFACreationUtils.addEdgeToCFA, INFO)

line 1019: Dead code detected: return (retValue_acc); (CFACreationUtils.addEdgeToCFA, INFO)

line 1102: Dead code detected: return (retValue_acc); (CFACreationUtils.addEdgeToCFA, INFO)

line 1149: Dead code detected: return (retValue_acc); (CFACreationUtils.addEdgeToCFA, INFO)

line 1196: Dead code detected: return (retValue_acc); (CFACreationUtils.addEdgeToCFA, INFO)

line 1241: Dead code detected: return (retValue_acc); (CFACreationUtils.addEdgeToCFA, INFO)

line 1304: Dead code detected: return (retValue_acc); (CFACreationUtils.addEdgeToCFA, INFO)

line 1411: Dead code detected: return (retValue_acc); (CFACreationUtils.addEdgeToCFA, INFO)

line 1465: Dead code detected: return (retValue_acc); (CFACreationUtils.addEdgeToCFA, INFO)

line 1537: Dead code detected: return (retValue_acc); (CFACreationUtils.addEdgeToCFA, INFO)

line 1584: Dead code detected: return (retValue_acc); (CFACreationUtils.addEdgeToCFA, INFO)

line 1933: Dead code detected: return (retValue_acc); (CFACreationUtils.addEdgeToCFA, INFO)

line 1979: Dead code detected: return (retValue_acc); (CFACreationUtils.addEdgeToCFA, INFO)

line 2575: Dead code detected: return (retValue_acc); (CFACreationUtils.addEdgeToCFA, INFO)

line 2595: Dead code detected: return (retValue_acc); (CFACreationUtils.addEdgeToCFA, INFO)

line 2604: Dead code detected: return (retValue_acc); (CFACreationUtils.addEdgeToCFA, INFO)

line 2619: Dead code detected: return (retValue_acc); (CFACreationUtils.addEdgeToCFA, INFO)

line 2783: Dead code detected: return (retValue_acc); (CFACreationUtils.addEdgeToCFA, INFO)

line 2815: Dead code detected: return (retValue_acc); (CFACreationUtils.addEdgeToCFA, INFO)

line 2824: Dead code detected: return (retValue_acc); (CFACreationUtils.addEdgeToCFA, INFO)

line 2833: Dead code detected: return (retValue_acc); (CFACreationUtils.addEdgeToCFA, INFO)

line 2858: Dead code detected: return (retValue_acc); (CFACreationUtils.addEdgeToCFA, INFO)

line 1770: Function pointer *__cil_tmp10 with type int (*)(int, int) is called, but no possible target functions were found. (CFunctionPointerResolver.getTargets, WARNING)

Using unsound approximation of ints with unbounded integers and floats with unbounded integers for encoding program semantics. (PredicateCPA:FormulaManagerView.<init>, WARNING)

Using predicate analysis with Princess 2023-04-07. (PredicateCPA:PredicateCPA.<init>, INFO)

Using unsound approximation of ints with unbounded integers and floats with unbounded integers for encoding program semantics. (AssumptionStorageCPA:FormulaManagerView.<init>, WARNING)

The following configuration options were specified but are not used:
 proveroptions.option 
 (CPAchecker.printConfigurationWarnings, WARNING)

Starting analysis ... (CPAchecker.runAlgorithm, INFO)

Creating formula for program (AbstractBMCAlgorithm.run, INFO)

Starting satisfiability check... (AbstractBMCAlgorithm.boundedModelCheck, INFO)

Shutdown requested (The CPU-time limit of 900s has elapsed.), waiting for termination. (ForceTerminationOnShutdown$1.shutdownRequested, WARNING)

Shutdown was requested but CPAchecker is still running after 10s, forcing immediate termination now. (ForceTerminationOnShutdown.run, WARNING)

For your information: CPAchecker is currently hanging at
 app//org.sosy_lab.java_smt.basicimpl.AbstractFormula.equals(AbstractFormula.java:52)
app//org.sosy_l... <REMAINING ARGUMENT OMITTED BECAUSE 18355 CHARACTERS LONG> 
 (ForceTerminationOnShutdown.run, INFO)

