scripts/cpa.sh -heap 13000M -stack 50M -noout -benchmark -bmc -setprop cpa.predicate.useArraysForHeap=false -setprop cpa.predicate.memoryAllocationsAlwaysSucceed=true -setprop cpa.loopbound.maxLoopIterations=10 -setprop cpa.predicate.encodeFloatAs=INTEGER -setprop cpa.predicate.encodeBitvectorAs=INTEGER -setprop solver.solver=princess -timelimit 900s -stats -spec test/programs/benchmarks/properties/unreach-call.prp -32 test/programs/benchmarks/recursive/gcd01-1.c


--------------------------------------------------------------------------------


Running CPAchecker with Java heap of size 13000M.
Running CPAchecker with Java stack of size 50M.
Language C detected and set for analysis (CPAMain.detectFrontendLanguageIfNecessary, INFO)

Using the following resource limits: CPU-time limit of 900s (ResourceLimitChecker.fromConfiguration, INFO)

CPAchecker 2.3.1-svn-45350M / bmc (OpenJDK 64-Bit Server VM 17.0.8.1) started (CPAchecker.run, INFO)

Parsing CFA from file(s) "test/programs/benchmarks/recursive/gcd01-1.c" (CPAchecker.parse, INFO)

Using unsound approximation of ints with unbounded integers and floats with unbounded integers for encoding program semantics. (PredicateCPA:FormulaManagerView.<init>, WARNING)

Using predicate analysis with Princess 2023-04-07. (PredicateCPA:PredicateCPA.<init>, INFO)

Using unsound approximation of ints with unbounded integers and floats with unbounded integers for encoding program semantics. (AssumptionStorageCPA:FormulaManagerView.<init>, WARNING)

Starting analysis ... (CPAchecker.runAlgorithm, INFO)

Recursion detected, aborting. To ignore recursion, add -skipRecursion to the command line. (TargetLocationProvider:CallstackCPA:CallstackTransferRelation.getAbstractSuccessorsForEdge, INFO)

Recursion detected. Defaulting to selecting all locations as potential target locations. (TargetLocationProvider:TargetLocationProviderImpl.tryGetAutomatonTargetLocations, INFO)

Creating formula for program (AbstractBMCAlgorithm.run, INFO)

Recursion detected, aborting. To ignore recursion, add -skipRecursion to the command line. (CallstackCPA:CallstackTransferRelation.getAbstractSuccessorsForEdge, INFO)

Error: line 27: Unsupported feature (recursion): __CPAchecker_TMP_1 = gcd(y1, y2 - y1); (line was originally return gcd(y1, y2 - y1);) (CallstackTransferRelation.getAbstractSuccessorsForEdge, SEVERE)


PredicateCPA statistics
-----------------------
Number of abstractions:            0 (0% of all post computations)
Number of strengthen sat checks:   0
Number of coverage checks:         6
  BDD entailment checks:           0
Number of SMT sat checks:          0
  trivial:                         0
  cached:                          0

Max ABE block size:                       0
Avg ABE block size:                                0.00 (sum: 0, count: 0, min: 0, max: 0)
Number of predicates discovered:          0

Time for post operator:                                0.037s
  Time for path formula creation:                      0.037s
Time for strengthen operator:                          0.001s
Time for prec operator:                                0.000s
Time for merge operator:                               0.001s
Time for coverage checks:                              0.000s
Total time for SMT solver (w/o itp):     0.000s

Total number of created targets for pointer analysis: 0



KeyValue statistics
-------------------
Init. function predicates:                         0
Init. global predicates:                           0
Init. location predicates:                         0

Invariant Generation statistics
-------------------------------

Bounds CPA statistics
---------------------
Bound k:                                           10
Maximum loop iteration reached:                    0


ValueAnalysisCPA statistics
---------------------------
Number of variables per state:                     0.00 (sum: 0, count: 30, min: 0, max: 0)
Number of global variables per state:              0.00 (sum: 0, count: 30, min: 0, max: 0)
Number of assumptions:                                   16
Number of deterministic assumptions:                      0
Level of Determinism:                              0%

ValueAnalysisPrecisionAdjustment statistics
-------------------------------------------
Number of abstraction computations:                      32
Total time for liveness abstraction:                   0.000s
Total time for abstraction computation:                0.000s
Total time for path thresholds:                        0.000s

ConstraintsStrengthenOperator statistics
----------------------------------------
Total time for strengthening by ConstraintsCPA:     0.000s
Replaced symbolic expressions: 0

AutomatonAnalysis (SVCOMP) statistics
-------------------------------------
Number of states:                                  1
Total time for successor computation:                  0.000s
Automaton transfers with branching:                0
Automaton transfer successors:                     1.00 (sum: 32, count: 32, min: 1, max: 1) [1 x 32]
Number of states with assumption transitions:      0

CPA algorithm statistics
------------------------
Number of iterations:            25
Max size of waitlist:            6
Average size of waitlist:        2
LoopstackSortedWaitlist:                           0.00 (sum: 0, count: 13, min: 0, max: 0)
ReversePostorderSortedWaitlist:                    0.00 (sum: 0, count: 13, min: 0, max: 0)
LoopIterationSortedWaitlist:                       0.00 (sum: 0, count: 13, min: 0, max: 0)
CallstackSortedWaitlist:                           12.00 (sum: 12, count: 1, min: 12, max: 12)
Number of computed successors:   32
Max successors for one state:    2
Number of times merged:          3
Number of times stopped:         3
Number of times breaked:         0

Total time for CPA algorithm:         0.068s (Max:     0.068s)
  Time for choose from waitlist:      0.002s
  Time for precision adjustment:      0.007s
  Time for transfer relation:         0.055s
  Time for merge operator:            0.003s
  Time for stop operator:             0.001s
  Time for adding to reached set:     0.000s

BMC algorithm statistics
------------------------
Time for BMC formula creation:                       0.070s

CPAchecker general statistics
-----------------------------
Number of program locations:                       50
Number of CFA edges (per node):                          55 (count: 50, min: 0, max: 3, avg: 1.10)
Number of relevant variables:                      8
Number of functions:                               3
Number of loops (and loop nodes):                         0 (sum: 0, min: 0, max: 0, avg: 0.00)
Size of reached set:             30
  Number of reached locations:   30 (60%)
    Avg states per location:     1
    Max states per location:     1 (at node N5)
  Number of reached functions:   2 (67%)
  Number of partitions:          30
    Avg size of partitions:      1
    Max size of partitions:      1
  Number of target states:       0
  Size of final wait list:       6

Time for analysis setup:          2.027s
  Time for loading CPAs:          1.223s
  Time for loading parser:        0.215s
  Time for CFA construction:      0.518s
    Time for parsing file(s):     0.275s
    Time for AST to CFA:          0.113s
    Time for CFA sanity check:    0.000s
    Time for post-processing:     0.091s
    Time for loop structure:      0.002s
    Time for AST structure:       0.000s
      Time for function pointers resolving:            0.003s
        Function calls via function pointers:             0 (count: 1, min: 0, max: 0, avg: 0.00)
        Instrumented function pointer calls:              0 (count: 1, min: 0, max: 0, avg: 0.00)
        Function calls with function pointer arguments:        0 (count: 1, min: 0, max: 0, avg: 0.00)
        Instrumented function pointer arguments:          0 (count: 1, min: 0, max: 0, avg: 0.00)
      Time for classifying variables:                  0.049s
        Time for collecting variables:                 0.029s
        Time for solving dependencies:                 0.001s
        Time for building hierarchy:                   0.000s
        Time for building classification:              0.019s
        Time for exporting data:                       0.000s
Time for Analysis:                0.139s
CPU time for analysis:            0.260s
Total time for CPAchecker:        2.166s
Total CPU time for CPAchecker:    4.150s
Time for statistics:              0.032s

Time for Garbage Collector:       0.072s (in 7 runs)
Garbage Collector(s) used:    G1 Old Generation, G1 Young Generation

Verification result: UNKNOWN, incomplete analysis.
More details about the verification run can be found in the directory "./output".
