scripts/cpa.sh -heap 13000M -stack 50M -noout -benchmark -bmc -setprop cpa.predicate.useArraysForHeap=false -setprop cpa.predicate.memoryAllocationsAlwaysSucceed=true -setprop cpa.loopbound.maxLoopIterations=10 -setprop cpa.predicate.encodeFloatAs=INTEGER -setprop cpa.predicate.encodeBitvectorAs=INTEGER -setprop solver.solver=princess_binary -setprop proveroptions.option=use_binary -timelimit 900s -stats -spec test/programs/benchmarks/properties/unreach-call.prp -32 test/programs/benchmarks/nla-digbench-scaling/geo2-ll_valuebound1.c


--------------------------------------------------------------------------------


Running CPAchecker with Java heap of size 13000M.
Running CPAchecker with Java stack of size 50M.
Language C detected and set for analysis (CPAMain.detectFrontendLanguageIfNecessary, INFO)

Using the following resource limits: CPU-time limit of 900s (ResourceLimitChecker.fromConfiguration, INFO)

CPAchecker 2.3.1-svn-45350M / bmc (OpenJDK 64-Bit Server VM 17.0.8.1) started (CPAchecker.run, INFO)

Parsing CFA from file(s) "test/programs/benchmarks/nla-digbench-scaling/geo2-ll_valuebound1.c" (CPAchecker.parse, INFO)

Using unsound approximation of ints with unbounded integers and floats with unbounded integers for encoding program semantics. (PredicateCPA:FormulaManagerView.<init>, WARNING)

Using predicate analysis with Princess 2023-04-07. (PredicateCPA:PredicateCPA.<init>, INFO)

Using unsound approximation of ints with unbounded integers and floats with unbounded integers for encoding program semantics. (AssumptionStorageCPA:FormulaManagerView.<init>, WARNING)

The following configuration options were specified but are not used:
 proveroptions.option 
 (CPAchecker.printConfigurationWarnings, WARNING)

Starting analysis ... (CPAchecker.runAlgorithm, INFO)

Creating formula for program (AbstractBMCAlgorithm.run, INFO)

Starting satisfiability check... (AbstractBMCAlgorithm.boundedModelCheck, INFO)

Error found, creating error path (AbstractBMCAlgorithm.analyzeCounterexample0, INFO)

{__VERIFIER_assert::cond@2 -> 0, main::c@3 -> 1, main::y@3 -> 1, main::x@3 -> 1, assume_abort_if_not::cond@3 -> 1, main::__CPAchecker_TMP_1@3 -> 1, main::k@3 -> 1, __VERIFIER_nondet_int!3@ -> 1, assume_abort_if_not::cond@2 -> 1, main::__CPAchecker_TMP_0@3 -> 1, main::z@3 -> 0, __VERIFIER_nondet_int!2@ -> 0, abbrev_14_def -> true, abbrev_14 -> true, Integer_*_(1, 0) -> 2, Integer_*_(0, 1) -> 3, abbrev_22_def -> false, abbrev_22 -> false, abbrev_20_def -> false, abbrev_20 -> false, abbrev_18_def -> false, abbrev_18 -> false, abbrev_16_def -> false, abbrev_16 -> false}
{assume_abort_if_not::cond@4 -> 1, main::k@4 -> 1, main::__CPAchecker_TMP_1@3 -> 1, main::x@5 -> 1, main::z@3 -> 0, main::c@5 -> 1, assume_abort_if_not::cond@2 -> 1, __VERIFIER_assert::cond@2 -> 0, main::__CPAchecker_TMP_0@3 -> 1, main::y@5 -> 1, __VERIFIER_nondet_int!2@ -> 0, __VERIFIER_nondet_int!3@ -> 1, Integer_*_(1, 0) -> 2, Integer_*_(0, 1) -> 3}
[assume_abort_if_not::cond@4: 1, main::k@4: 1, main::__CPAchecker_TMP_1@3: 1, main::x@5: 1, main::z@3: 0, main::c@5: 1, assume_abort_if_not::cond@2: 1, __VERIFIER_assert::cond@2: 0, main::__CPAchecker_TMP_0@3: 1, main::y@5: 1, __VERIFIER_nondet_int!2@: 0, __VERIFIER_nondet_int!3@: 1, Integer_*_(1, 0): 2, Integer_*_(0, 1): 3]
Stopping analysis ... (CPAchecker.runAlgorithm, INFO)


PredicateCPA statistics
-----------------------
Number of abstractions:            20 (6% of all post computations)
  Times abstraction was reused:    0
  Because of function entry/exit:  0 (0%)
  Because of loop head:            0 (0%)
  Because of join nodes:           0 (0%)
  Because of threshold:            0 (0%)
  Because of target state:         20 (100%)
  Times precision was empty:       20 (100%)
  Times precision was {false}:     0 (0%)
  Times result was cached:         0 (0%)
  Times cartesian abs was used:    0 (0%)
  Times boolean abs was used:      0 (0%)
  Times result was 'false':        0 (0%)
Number of strengthen sat checks:   0
Number of coverage checks:         8
  BDD entailment checks:           0
Number of SMT sat checks:          0
  trivial:                         0
  cached:                          0

Max ABE block size:                       81
Avg ABE block size:                                52.50 (sum: 1050, count: 20, min: 24, max: 81)
Number of predicates discovered:          0

Time for post operator:                                0.146s
  Time for path formula creation:                      0.143s
Time for strengthen operator:                          0.008s
Time for prec operator:                                0.009s
  Time for abstraction:                  0.002s (Max:     0.001s, Count: 20)
    Solving time:                        0.000s (Max:     0.000s)
    Model enumeration time:              0.000s
    Time for BDD construction:           0.000s (Max:     0.000s)
Time for merge operator:                               0.002s
Time for coverage checks:                              0.000s
Total time for SMT solver (w/o itp):     0.000s

Total number of created targets for pointer analysis: 0



KeyValue statistics
-------------------
Init. function predicates:                         0
Init. global predicates:                           0
Init. location predicates:                         0

Invariant Generation statistics
-------------------------------

Bounds CPA statistics
---------------------
Bound k:                                           10
Maximum loop iteration reached:                    11


ValueAnalysisCPA statistics
---------------------------
Number of variables per state:                     1.24 (sum: 364, count: 293, min: 0, max: 4)
Number of global variables per state:              0.00 (sum: 0, count: 293, min: 0, max: 0)
Number of assumptions:                                   72
Number of deterministic assumptions:                      0
Level of Determinism:                              0%

ValueAnalysisPrecisionAdjustment statistics
-------------------------------------------
Number of abstraction computations:                     296
Total time for liveness abstraction:                   0.000s
Total time for abstraction computation:                0.002s
Total time for path thresholds:                        0.000s

ConstraintsStrengthenOperator statistics
----------------------------------------
Total time for strengthening by ConstraintsCPA:     0.000s
Replaced symbolic expressions: 0

AutomatonAnalysis (SVCOMP) statistics
-------------------------------------
Number of states:                                  1
Total time for successor computation:                  0.015s
Automaton transfers with branching:                0
Automaton transfer successors:                     0.93 (sum: 296, count: 318, min: 0, max: 1) [0 x 22, 1 x 296]
Number of states with assumption transitions:      0

CPA algorithm statistics
------------------------
Number of iterations:            293
Max size of waitlist:            3
Average size of waitlist:        1
LoopstackSortedWaitlist:                           0.40 (sum: 82, count: 205, min: 0, max: 4)
ReversePostorderSortedWaitlist:                    0.00 (sum: 0, count: 205, min: 0, max: 0)
LoopIterationSortedWaitlist:                       0.40 (sum: 82, count: 205, min: 0, max: 4)
CallstackSortedWaitlist:                           88.00 (sum: 88, count: 1, min: 88, max: 88)
Number of computed successors:   296
Max successors for one state:    2
Number of times merged:          4
Number of times stopped:         4
Number of times breaked:         0

Total time for CPA algorithm:         0.314s (Max:     0.314s)
  Time for choose from waitlist:      0.010s
  Time for precision adjustment:      0.040s
  Time for transfer relation:         0.232s
  Time for merge operator:            0.005s
  Time for stop operator:             0.005s
  Time for adding to reached set:     0.014s

BMC algorithm statistics
------------------------
Time for BMC formula creation:                       0.316s
Time for final sat check:                            1.336s
Time for error-path creation:                        0.094s
Time for error-path post-processing:                 0.124s

CPAchecker general statistics
-----------------------------
Number of program locations:                       62
Number of CFA edges (per node):                          64 (count: 62, min: 0, max: 2, avg: 1.03)
Number of relevant variables:                      9
Number of functions:                               4
Number of loops (and loop nodes):                         1 (sum: 7, min: 7, max: 7, avg: 7.00)
Size of reached set:             293
  Number of reached locations:   55 (89%)
    Avg states per location:     5
    Max states per location:     20 (at node N1)
  Number of reached functions:   4 (100%)
  Number of partitions:          293
    Avg size of partitions:      1
    Max size of partitions:      1
  Number of target states:       20

Time for analysis setup:          2.069s
  Time for loading CPAs:          1.218s
  Time for loading parser:        0.224s
  Time for CFA construction:      0.561s
    Time for parsing file(s):     0.316s
    Time for AST to CFA:          0.108s
    Time for CFA sanity check:    0.000s
    Time for post-processing:     0.092s
    Time for loop structure:      0.006s
    Time for AST structure:       0.000s
      Time for function pointers resolving:            0.003s
        Function calls via function pointers:             0 (count: 1, min: 0, max: 0, avg: 0.00)
        Instrumented function pointer calls:              0 (count: 1, min: 0, max: 0, avg: 0.00)
        Function calls with function pointer arguments:        0 (count: 1, min: 0, max: 0, avg: 0.00)
        Instrumented function pointer arguments:          0 (count: 1, min: 0, max: 0, avg: 0.00)
      Time for classifying variables:                  0.057s
        Time for collecting variables:                 0.030s
        Time for solving dependencies:                 0.001s
        Time for building hierarchy:                   0.000s
        Time for building classification:              0.026s
        Time for exporting data:                       0.000s
Time for Analysis:                1.993s
CPU time for analysis:            3.910s
Time for analyzing result:        0.001s
Total time for CPAchecker:        4.063s
Total CPU time for CPAchecker:    7.840s
Time for statistics:              0.034s

Time for Garbage Collector:       0.081s (in 8 runs)
Garbage Collector(s) used:    G1 Old Generation, G1 Young Generation

Verification result: FALSE. Property violation (unreach-call: reach_error(); called in line 17) found by chosen configuration.
More details about the verification run can be found in the directory "./output".
