scripts/cpa.sh -heap 13000M -stack 50M -noout -benchmark -bmc -setprop cpa.predicate.useArraysForHeap=false -setprop cpa.predicate.memoryAllocationsAlwaysSucceed=true -setprop cpa.loopbound.maxLoopIterations=10 -setprop cpa.predicate.encodeFloatAs=INTEGER -setprop cpa.predicate.encodeBitvectorAs=INTEGER -setprop solver.solver=princess_binary -setprop proveroptions.option=use_binary -timelimit 900s -stats -spec test/programs/benchmarks/properties/unreach-call.prp -32 test/programs/benchmarks/nla-digbench-scaling/sqrt1-ll_unwindbound5.c


--------------------------------------------------------------------------------


Running CPAchecker with Java heap of size 13000M.
Running CPAchecker with Java stack of size 50M.
Language C detected and set for analysis (CPAMain.detectFrontendLanguageIfNecessary, INFO)

Using the following resource limits: CPU-time limit of 900s (ResourceLimitChecker.fromConfiguration, INFO)

CPAchecker 2.3.1-svn-45350M / bmc (OpenJDK 64-Bit Server VM 17.0.8.1) started (CPAchecker.run, INFO)

Parsing CFA from file(s) "test/programs/benchmarks/nla-digbench-scaling/sqrt1-ll_unwindbound5.c" (CPAchecker.parse, INFO)

Using unsound approximation of ints with unbounded integers and floats with unbounded integers for encoding program semantics. (PredicateCPA:FormulaManagerView.<init>, WARNING)

Using predicate analysis with Princess 2023-04-07. (PredicateCPA:PredicateCPA.<init>, INFO)

Using unsound approximation of ints with unbounded integers and floats with unbounded integers for encoding program semantics. (AssumptionStorageCPA:FormulaManagerView.<init>, WARNING)

The following configuration options were specified but are not used:
 proveroptions.option 
 (CPAchecker.printConfigurationWarnings, WARNING)

Starting analysis ... (CPAchecker.runAlgorithm, INFO)

Creating formula for program (AbstractBMCAlgorithm.run, INFO)

Starting satisfiability check... (AbstractBMCAlgorithm.boundedModelCheck, INFO)

Starting assertions check... (AbstractBMCAlgorithm.checkBoundingAssertions, INFO)

Stopping analysis ... (CPAchecker.runAlgorithm, INFO)


PredicateCPA statistics
-----------------------
Number of abstractions:            0 (0% of all post computations)
Number of strengthen sat checks:   0
Number of coverage checks:         0
  BDD entailment checks:           0
Number of SMT sat checks:          0
  trivial:                         0
  cached:                          0

Max ABE block size:                       0
Avg ABE block size:                                0.00 (sum: 0, count: 0, min: 0, max: 0)
Number of predicates discovered:          0

Time for post operator:                                0.141s
  Time for path formula creation:                      0.140s
Time for strengthen operator:                          0.005s
Time for prec operator:                                0.002s
Time for coverage checks:                              0.000s
Total time for SMT solver (w/o itp):     0.000s

Total number of created targets for pointer analysis: 0



KeyValue statistics
-------------------
Init. function predicates:                         0
Init. global predicates:                           0
Init. location predicates:                         0

Invariant Generation statistics
-------------------------------

Bounds CPA statistics
---------------------
Bound k:                                           10
Maximum loop iteration reached:                    6


ValueAnalysisCPA statistics
---------------------------
Number of variables per state:                     5.01 (sum: 1222, count: 244, min: 0, max: 6)
Number of global variables per state:              0.97 (sum: 236, count: 244, min: 0, max: 1)
Number of assumptions:                                  166
Number of deterministic assumptions:                      0
Level of Determinism:                              0%

ValueAnalysisPrecisionAdjustment statistics
-------------------------------------------
Number of abstraction computations:                     243
Total time for liveness abstraction:                   0.000s
Total time for abstraction computation:                0.017s
Total time for path thresholds:                        0.000s

ConstraintsStrengthenOperator statistics
----------------------------------------
Total time for strengthening by ConstraintsCPA:     0.000s
Replaced symbolic expressions: 0

AutomatonAnalysis (SVCOMP) statistics
-------------------------------------
Number of states:                                  1
Total time for successor computation:                  0.003s
Automaton transfers with branching:                0
Automaton transfer successors:                     1.00 (sum: 243, count: 243, min: 1, max: 1) [1 x 243]
Number of states with assumption transitions:      0

CPA algorithm statistics
------------------------
Number of iterations:            244
Max size of waitlist:            2
Average size of waitlist:        1
LoopstackSortedWaitlist:                           0.14 (sum: 30, count: 214, min: 0, max: 6)
ReversePostorderSortedWaitlist:                    0.00 (sum: 0, count: 214, min: 0, max: 0)
LoopIterationSortedWaitlist:                       0.14 (sum: 30, count: 214, min: 0, max: 6)
CallstackSortedWaitlist:                           30.00 (sum: 30, count: 1, min: 30, max: 30)
Number of computed successors:   243
Max successors for one state:    2
Number of times merged:          0
Number of times stopped:         0
Number of times breaked:         0

Total time for CPA algorithm:         0.310s (Max:     0.310s)
  Time for choose from waitlist:      0.006s
  Time for precision adjustment:      0.046s
  Time for transfer relation:         0.233s
  Time for stop operator:             0.003s
  Time for adding to reached set:     0.017s

BMC algorithm statistics
------------------------
Time for BMC formula creation:                       0.312s
Time for final sat check:                            0.141s
Time for bounding assertions check:                  0.003s

CPAchecker general statistics
-----------------------------
Number of program locations:                       55
Number of CFA edges (per node):                          56 (count: 55, min: 0, max: 6, avg: 1.02)
Number of relevant variables:                      8
Number of functions:                               4
Number of loops (and loop nodes):                         1 (sum: 11, min: 11, max: 11, avg: 11.00)
Size of reached set:             244
  Number of reached locations:   40 (73%)
    Avg states per location:     6
    Max states per location:     33 (at node N10)
  Number of reached functions:   2 (50%)
  Number of partitions:          244
    Avg size of partitions:      1
    Max size of partitions:      1
  Number of target states:       0

Time for analysis setup:          2.207s
  Time for loading CPAs:          1.296s
  Time for loading parser:        0.240s
  Time for CFA construction:      0.606s
    Time for parsing file(s):     0.335s
    Time for AST to CFA:          0.111s
    Time for CFA sanity check:    0.000s
    Time for post-processing:     0.110s
    Time for loop structure:      0.008s
    Time for AST structure:       0.000s
      Time for function pointers resolving:            0.006s
        Function calls via function pointers:             0 (count: 1, min: 0, max: 0, avg: 0.00)
        Instrumented function pointer calls:              0 (count: 1, min: 0, max: 0, avg: 0.00)
        Function calls with function pointer arguments:        0 (count: 1, min: 0, max: 0, avg: 0.00)
        Instrumented function pointer arguments:          0 (count: 1, min: 0, max: 0, avg: 0.00)
      Time for classifying variables:                  0.051s
        Time for collecting variables:                 0.034s
        Time for solving dependencies:                 0.000s
        Time for building hierarchy:                   0.000s
        Time for building classification:              0.017s
        Time for exporting data:                       0.000s
Time for Analysis:                0.546s
CPU time for analysis:            1.080s
Time for analyzing result:        0.001s
Total time for CPAchecker:        2.754s
Total CPU time for CPAchecker:    5.280s
Time for statistics:              0.057s

Time for Garbage Collector:       0.051s (in 7 runs)
Garbage Collector(s) used:    G1 Old Generation, G1 Young Generation

Verification result: TRUE. No property violation found by chosen configuration.
More details about the verification run can be found in the directory "./output".
