scripts/cpa.sh -heap 13000M -stack 50M -noout -benchmark -bmc -setprop cpa.predicate.useArraysForHeap=false -setprop cpa.predicate.memoryAllocationsAlwaysSucceed=true -setprop cpa.loopbound.maxLoopIterations=10 -setprop cpa.predicate.encodeFloatAs=INTEGER -setprop cpa.predicate.encodeBitvectorAs=INTEGER -setprop solver.solver=princess_binary -setprop proveroptions.option=use_binary -timelimit 900s -stats -spec test/programs/benchmarks/properties/unreach-call.prp -64 test/programs/benchmarks/ldv-linux-4.2-rc1/linux-4.2-rc1.tar.xz-43_2a-drivers--scsi--libfc--libfc.ko-entry_point.cil.out.i


--------------------------------------------------------------------------------


Running CPAchecker with Java heap of size 13000M.
Running CPAchecker with Java stack of size 50M.
Language C detected and set for analysis (CPAMain.detectFrontendLanguageIfNecessary, INFO)

Using the following resource limits: CPU-time limit of 900s (ResourceLimitChecker.fromConfiguration, INFO)

CPAchecker 2.3.1-svn-45350M / bmc (OpenJDK 64-Bit Server VM 17.0.8.1) started (CPAchecker.run, INFO)

Parsing CFA from file(s) "test/programs/benchmarks/ldv-linux-4.2-rc1/linux-4.2-rc1.tar.xz-43_2a-drivers--scsi--libfc--libfc.ko-entry_point.cil.out.i" (CPAchecker.parse, INFO)

line 6017: Dead code detected: __asm__ ("movb %%gs:%P1,%0": "=q" (pfo_ret__): "p" (& current_task)); (CFACreationUtils.addEdgeToCFA, INFO)

line 6020: Dead code detected: __asm__ ("movw %%gs:%P1,%0": "=r" (pfo_ret__): "p" (& current_task)); (CFACreationUtils.addEdgeToCFA, INFO)

line 6023: Dead code detected: __asm__ ("movl %%gs:%P1,%0": "=r" (pfo_ret__): "p" (& current_task)); (CFACreationUtils.addEdgeToCFA, INFO)

line 6028: Dead code detected: switch (8UL) {
  case 1UL:
  __asm__ ("movb %%gs:%P1,%0": "=q" (pfo_ret__): "p" (& current_task));
  goto ldv_3233;
  case 2UL:
  __asm__ ("movw %%gs:%P1,%0": "=r" (pfo_ret__): "p" (& current_task));
  goto ldv_3233;
  case 4UL:
  __asm__ ("movl %%gs:%P1,%0": "=r" (pfo_ret__): "p" (& current_task));
  goto ldv_3233;
  case 8UL:
  __asm__ ("movq %%gs:%P1,%0": "=r" (pfo_ret__): "p" (& current_task));
  goto ldv_3233;
  default:
  __bad_percpu_size();
  } (CFACreationUtils.addEdgeToCFA, INFO)

line 6045: Dead code detected: [pao_ID__ == 1] (CFACreationUtils.addEdgeToCFA, INFO)

line 6045: Dead code detected: [!(pao_ID__ == 1)] (CFACreationUtils.addEdgeToCFA, INFO)

line 6046: Dead code detected: __asm__ ("incb %%gs:%0": "+m" (__preempt_count)); (CFACreationUtils.addEdgeToCFA, INFO)

line 6048: Dead code detected: [pao_ID__ == -1] (CFACreationUtils.addEdgeToCFA, INFO)

line 6048: Dead code detected: [!(pao_ID__ == -1)] (CFACreationUtils.addEdgeToCFA, INFO)

line 6049: Dead code detected: __asm__ ("decb %%gs:%0": "+m" (__preempt_count)); (CFACreationUtils.addEdgeToCFA, INFO)

line 6051: Dead code detected: __asm__ ("addb %1, %%gs:%0": "+m" (__preempt_count): "qi" (val)); (CFACreationUtils.addEdgeToCFA, INFO)

line 6055: Dead code detected: [pao_ID__ == 1] (CFACreationUtils.addEdgeToCFA, INFO)

line 6055: Dead code detected: [!(pao_ID__ == 1)] (CFACreationUtils.addEdgeToCFA, INFO)

line 6056: Dead code detected: __asm__ ("incw %%gs:%0": "+m" (__preempt_count)); (CFACreationUtils.addEdgeToCFA, INFO)

line 6058: Dead code detected: [pao_ID__ == -1] (CFACreationUtils.addEdgeToCFA, INFO)

line 6058: Dead code detected: [!(pao_ID__ == -1)] (CFACreationUtils.addEdgeToCFA, INFO)

line 6059: Dead code detected: __asm__ ("decw %%gs:%0": "+m" (__preempt_count)); (CFACreationUtils.addEdgeToCFA, INFO)

line 6061: Dead code detected: __asm__ ("addw %1, %%gs:%0": "+m" (__preempt_count): "ri" (val)); (CFACreationUtils.addEdgeToCFA, INFO)

line 6075: Dead code detected: [pao_ID__ == 1] (CFACreationUtils.addEdgeToCFA, INFO)

line 6075: Dead code detected: [!(pao_ID__ == 1)] (CFACreationUtils.addEdgeToCFA, INFO)

line 6076: Dead code detected: __asm__ ("incq %%gs:%0": "+m" (__preempt_count)); (CFACreationUtils.addEdgeToCFA, INFO)

line 6078: Dead code detected: [pao_ID__ == -1] (CFACreationUtils.addEdgeToCFA, INFO)

line 6078: Dead code detected: [!(pao_ID__ == -1)] (CFACreationUtils.addEdgeToCFA, INFO)

line 6079: Dead code detected: __asm__ ("decq %%gs:%0": "+m" (__preempt_count)); (CFACreationUtils.addEdgeToCFA, INFO)

line 6081: Dead code detected: __asm__ ("addq %1, %%gs:%0": "+m" (__preempt_count): "re" (val)); (CFACreationUtils.addEdgeToCFA, INFO)

line 6084: Dead code detected: switch (4UL) {
  case 1UL: ;
  if (pao_ID__ == 1) {
    __asm__ ("incb %%gs:%0": "+m" (__preempt_count));
  } else
  if (pao_ID__ == -1) {
    __asm__ ("decb %%gs:%0": "+m" (__preempt_count));
  } else {
    __asm__ ("addb %1, %%gs:%0": "+m" (__preempt_count): "qi" (val));
  }
  goto ldv_6163;
  case 2UL: ;
  if (pao_ID__ == 1) {
    __asm__ ("incw %%gs:%0": "+m" (__preempt_count));
  } else
  if (pao_ID__ == -1) {
    __asm__ ("decw %%gs:%0": "+m" (__preempt_count));
  } else {
    __asm__ ("addw %1, %%gs:%0": "+m" (__preempt_count): "ri" (val));
  }
  goto ldv_6163;
  case 4UL: ;
  if (pao_ID__ == 1) {
    __asm__ ("incl %%gs:%0": "+m" (__preempt_count));
  } else
  if (pao_ID__ == -1) {
    __asm__ ("decl %%gs:%0": "+m" (__preempt_count));
  } else {
    __asm__ ("addl %1, %%gs:%0": "+m" (__preempt_count): "ri" (val));
  }
  goto ldv_6163;
  case 8UL: ;
  if (pao_ID__ == 1) {
    __asm__ ("incq %%gs:%0": "+m" (__preempt_count));
  } else
  if (pao_ID__ == -1) {
    __asm__ ("decq %%gs:%0": "+m" (__preempt_count));
  } else {
    __asm__ ("addq %1, %%gs:%0": "+m" (__preempt_count): "re" (val));
  }
  goto ldv_6163;
  default:
  __bad_percpu_size();
  } (CFACreationUtils.addEdgeToCFA, INFO)

line 6098: Dead code detected: [pao_ID__ == 1] (CFACreationUtils.addEdgeToCFA, INFO)

line 6098: Dead code detected: [!(pao_ID__ == 1)] (CFACreationUtils.addEdgeToCFA, INFO)

line 6099: Dead code detected: __asm__ ("incb %%gs:%0": "+m" (__preempt_count)); (CFACreationUtils.addEdgeToCFA, INFO)

line 6101: Dead code detected: [pao_ID__ == -1] (CFACreationUtils.addEdgeToCFA, INFO)

line 6101: Dead code detected: [!(pao_ID__ == -1)] (CFACreationUtils.addEdgeToCFA, INFO)

line 6102: Dead code detected: __asm__ ("decb %%gs:%0": "+m" (__preempt_count)); (CFACreationUtils.addEdgeToCFA, INFO)

line 6104: Dead code detected: __asm__ ("addb %1, %%gs:%0": "+m" (__preempt_count): "qi" (- val)); (CFACreationUtils.addEdgeToCFA, INFO)

line 6108: Dead code detected: [pao_ID__ == 1] (CFACreationUtils.addEdgeToCFA, INFO)

line 6108: Dead code detected: [!(pao_ID__ == 1)] (CFACreationUtils.addEdgeToCFA, INFO)

line 6109: Dead code detected: __asm__ ("incw %%gs:%0": "+m" (__preempt_count)); (CFACreationUtils.addEdgeToCFA, INFO)

line 6111: Dead code detected: [pao_ID__ == -1] (CFACreationUtils.addEdgeToCFA, INFO)

line 6111: Dead code detected: [!(pao_ID__ == -1)] (CFACreationUtils.addEdgeToCFA, INFO)

line 6112: Dead code detected: __asm__ ("decw %%gs:%0": "+m" (__preempt_count)); (CFACreationUtils.addEdgeToCFA, INFO)

line 6114: Dead code detected: __asm__ ("addw %1, %%gs:%0": "+m" (__preempt_count): "ri" (- val)); (CFACreationUtils.addEdgeToCFA, INFO)

line 6128: Dead code detected: [pao_ID__ == 1] (CFACreationUtils.addEdgeToCFA, INFO)

line 6128: Dead code detected: [!(pao_ID__ == 1)] (CFACreationUtils.addEdgeToCFA, INFO)

line 6129: Dead code detected: __asm__ ("incq %%gs:%0": "+m" (__preempt_count)); (CFACreationUtils.addEdgeToCFA, INFO)

line 6131: Dead code detected: [pao_ID__ == -1] (CFACreationUtils.addEdgeToCFA, INFO)

line 6131: Dead code detected: [!(pao_ID__ == -1)] (CFACreationUtils.addEdgeToCFA, INFO)

line 6132: Dead code detected: __asm__ ("decq %%gs:%0": "+m" (__preempt_count)); (CFACreationUtils.addEdgeToCFA, INFO)

line 6134: Dead code detected: __asm__ ("addq %1, %%gs:%0": "+m" (__preempt_count): "re" (- val)); (CFACreationUtils.addEdgeToCFA, INFO)

line 6137: Dead code detected: switch (4UL) {
  case 1UL: ;
  if (pao_ID__ == 1) {
    __asm__ ("incb %%gs:%0": "+m" (__preempt_count));
  } else
  if (pao_ID__ == -1) {
    __asm__ ("decb %%gs:%0": "+m" (__preempt_count));
  } else {
    __asm__ ("addb %1, %%gs:%0": "+m" (__preempt_count): "qi" (- val));
  }
  goto ldv_6175;
  case 2UL: ;
  if (pao_ID__ == 1) {
    __asm__ ("incw %%gs:%0": "+m" (__preempt_count));
  } else
  if (pao_ID__ == -1) {
    __asm__ ("decw %%gs:%0": "+m" (__preempt_count));
  } else {
    __asm__ ("addw %1, %%gs:%0": "+m" (__preempt_count): "ri" (- val));
  }
  goto ldv_6175;
  case 4UL: ;
  if (pao_ID__ == 1) {
    __asm__ ("incl %%gs:%0": "+m" (__preempt_count));
  } else
  if (pao_ID__ == -1) {
    __asm__ ("decl %%gs:%0": "+m" (__preempt_count));
  } else {
    __asm__ ("addl %1, %%gs:%0": "+m" (__preempt_count): "ri" (- val));
  }
  goto ldv_6175;
  case 8UL: ;
  if (pao_ID__ == 1) {
    __asm__ ("incq %%gs:%0": "+m" (__preempt_count));
  } else
  if (pao_ID__ == -1) {
    __asm__ ("decq %%gs:%0": "+m" (__preempt_count));
  } else {
    __asm__ ("addq %1, %%gs:%0": "+m" (__preempt_count): "re" (- val));
  }
  goto ldv_6175;
  default:
  __bad_percpu_size();
  } (CFACreationUtils.addEdgeToCFA, INFO)

lines 7115-7116: Dead code detected: __asm__ volatile (".pushsection .smp_locks,\"a\"\n.balign 4\n.long 671f - .\n.popsection\n671:\n\tlock; xaddb %b0, %1\n": "+q" (__ret),
                       "+m" (v->counter): : "memory", "cc"); (CFACreationUtils.addEdgeToCFA, INFO)

lines 7119-7120: Dead code detected: __asm__ volatile (".pushsection .smp_locks,\"a\"\n.balign 4\n.long 671f - .\n.popsection\n671:\n\tlock; xaddw %w0, %1\n": "+r" (__ret),
                       "+m" (v->counter): : "memory", "cc"); (CFACreationUtils.addEdgeToCFA, INFO)

lines 7127-7128: Dead code detected: __asm__ volatile (".pushsection .smp_locks,\"a\"\n.balign 4\n.long 671f - .\n.popsection\n671:\n\tlock; xaddq %q0, %1\n": "+r" (__ret),
                       "+m" (v->counter): : "memory", "cc"); (CFACreationUtils.addEdgeToCFA, INFO)

line 7130: Dead code detected: switch (4UL) {
  case 1UL:
  __asm__ volatile (".pushsection .smp_locks,\"a\"\n.balign 4\n.long 671f - .\n.popsection\n671:\n\tlock; xaddb %b0, %1\n": "+q" (__ret),
                       "+m" (v->counter): : "memory", "cc");
  goto ldv_5763;
  case 2UL:
  __asm__ volatile (".pushsection .smp_locks,\"a\"\n.balign 4\n.long 671f - .\n.popsection\n671:\n\tlock; xaddw %w0, %1\n": "+r" (__ret),
                       "+m" (v->counter): : "memory", "cc");
  goto ldv_5763;
  case 4UL:
  __asm__ volatile (".pushsection .smp_locks,\"a\"\n.balign 4\n.long 671f - .\n.popsection\n671:\n\tlock; xaddl %0, %1\n": "+r" (__ret),
                       "+m" (v->counter): : "memory", "cc");
  goto ldv_5763;
  case 8UL:
  __asm__ volatile (".pushsection .smp_locks,\"a\"\n.balign 4\n.long 671f - .\n.popsection\n671:\n\tlock; xaddq %q0, %1\n": "+r" (__ret),
                       "+m" (v->counter): : "memory", "cc");
  goto ldv_5763;
  default:
  __xadd_wrong_size();
  } (CFACreationUtils.addEdgeToCFA, INFO)

line 9654: Dead code detected: switch (4UL) (CFACreationUtils.addEdgeToCFA, INFO)

line 9656: Dead code detected: __asm__ ("movb %%gs:%1,%0": "=q" (pfo_ret__): "m" (cpu_number)); (CFACreationUtils.addEdgeToCFA, INFO)

line 9659: Dead code detected: __asm__ ("movw %%gs:%1,%0": "=r" (pfo_ret__): "m" (cpu_number)); (CFACreationUtils.addEdgeToCFA, INFO)

line 9661: Dead code detected:  (CFACreationUtils.addEdgeToCFA, INFO)

line 9665: Dead code detected: __asm__ ("movq %%gs:%1,%0": "=r" (pfo_ret__): "m" (cpu_number)); (CFACreationUtils.addEdgeToCFA, INFO)

line 9667: Dead code detected: switch (4UL) {
  case 1UL:
  __asm__ ("movb %%gs:%1,%0": "=q" (pfo_ret__): "m" (cpu_number));
  goto ldv_41375;
  case 2UL:
  __asm__ ("movw %%gs:%1,%0": "=r" (pfo_ret__): "m" (cpu_number));
  goto ldv_41375;
  case 4UL:
  __asm__ ("movl %%gs:%1,%0": "=r" (pfo_ret__): "m" (cpu_number));
  goto ldv_41375;
  case 8UL:
  __asm__ ("movq %%gs:%1,%0": "=r" (pfo_ret__): "m" (cpu_number));
  goto ldv_41375;
  default:
  __bad_percpu_size();
  } (CFACreationUtils.addEdgeToCFA, INFO)

line 9674: Dead code detected: switch (4UL) (CFACreationUtils.addEdgeToCFA, INFO)

line 9676: Dead code detected: __asm__ ("movb %%gs:%1,%0": "=q" (pfo_ret_____0): "m" (cpu_number)); (CFACreationUtils.addEdgeToCFA, INFO)

line 9679: Dead code detected: __asm__ ("movw %%gs:%1,%0": "=r" (pfo_ret_____0): "m" (cpu_number)); (CFACreationUtils.addEdgeToCFA, INFO)

line 9681: Dead code detected:  (CFACreationUtils.addEdgeToCFA, INFO)

line 9685: Dead code detected: __asm__ ("movq %%gs:%1,%0": "=r" (pfo_ret_____0): "m" (cpu_number)); (CFACreationUtils.addEdgeToCFA, INFO)

line 9687: Dead code detected: switch (4UL) {
  case 1UL:
  __asm__ ("movb %%gs:%1,%0": "=q" (pfo_ret_____0): "m" (cpu_number));
  goto ldv_41385;
  case 2UL:
  __asm__ ("movw %%gs:%1,%0": "=r" (pfo_ret_____0): "m" (cpu_number));
  goto ldv_41385;
  case 4UL:
  __asm__ ("movl %%gs:%1,%0": "=r" (pfo_ret_____0): "m" (cpu_number));
  goto ldv_41385;
  case 8UL:
  __asm__ ("movq %%gs:%1,%0": "=r" (pfo_ret_____0): "m" (cpu_number));
  goto ldv_41385;
  default:
  __bad_percpu_size();
  } (CFACreationUtils.addEdgeToCFA, INFO)

line 9696: Dead code detected: __asm__ ("movb %%gs:%1,%0": "=q" (pfo_ret_____1): "m" (cpu_number)); (CFACreationUtils.addEdgeToCFA, INFO)

line 9699: Dead code detected: __asm__ ("movw %%gs:%1,%0": "=r" (pfo_ret_____1): "m" (cpu_number)); (CFACreationUtils.addEdgeToCFA, INFO)

line 9705: Dead code detected: __asm__ ("movq %%gs:%1,%0": "=r" (pfo_ret_____1): "m" (cpu_number)); (CFACreationUtils.addEdgeToCFA, INFO)

line 9707: Dead code detected: switch (4UL) {
  case 1UL:
  __asm__ ("movb %%gs:%1,%0": "=q" (pfo_ret_____1): "m" (cpu_number));
  goto ldv_41394;
  case 2UL:
  __asm__ ("movw %%gs:%1,%0": "=r" (pfo_ret_____1): "m" (cpu_number));
  goto ldv_41394;
  case 4UL:
  __asm__ ("movl %%gs:%1,%0": "=r" (pfo_ret_____1): "m" (cpu_number));
  goto ldv_41394;
  case 8UL:
  __asm__ ("movq %%gs:%1,%0": "=r" (pfo_ret_____1): "m" (cpu_number));
  goto ldv_41394;
  default:
  __bad_percpu_size();
  } (CFACreationUtils.addEdgeToCFA, INFO)

line 9714: Dead code detected: switch (4UL) (CFACreationUtils.addEdgeToCFA, INFO)

line 9716: Dead code detected: __asm__ ("movb %%gs:%1,%0": "=q" (pfo_ret_____2): "m" (cpu_number)); (CFACreationUtils.addEdgeToCFA, INFO)

line 9719: Dead code detected: __asm__ ("movw %%gs:%1,%0": "=r" (pfo_ret_____2): "m" (cpu_number)); (CFACreationUtils.addEdgeToCFA, INFO)

line 9721: Dead code detected:  (CFACreationUtils.addEdgeToCFA, INFO)

line 9725: Dead code detected: __asm__ ("movq %%gs:%1,%0": "=r" (pfo_ret_____2): "m" (cpu_number)); (CFACreationUtils.addEdgeToCFA, INFO)

line 9727: Dead code detected: switch (4UL) {
  case 1UL:
  __asm__ ("movb %%gs:%1,%0": "=q" (pfo_ret_____2): "m" (cpu_number));
  goto ldv_41403;
  case 2UL:
  __asm__ ("movw %%gs:%1,%0": "=r" (pfo_ret_____2): "m" (cpu_number));
  goto ldv_41403;
  case 4UL:
  __asm__ ("movl %%gs:%1,%0": "=r" (pfo_ret_____2): "m" (cpu_number));
  goto ldv_41403;
  case 8UL:
  __asm__ ("movq %%gs:%1,%0": "=r" (pfo_ret_____2): "m" (cpu_number));
  goto ldv_41403;
  default:
  __bad_percpu_size();
  } (CFACreationUtils.addEdgeToCFA, INFO)

line 9733: Dead code detected: switch (4UL) {
  case 1UL: ;
  switch (4UL) {
  case 1UL:
  __asm__ ("movb %%gs:%1,%0": "=q" (pfo_ret__): "m" (cpu_number));
  goto ldv_41375;
  case 2UL:
  __asm__ ("movw %%gs:%1,%0": "=r" (pfo_ret__): "m" (cpu_number));
  goto ldv_41375;
  case 4UL:
  __asm__ ("movl %%gs:%1,%0": "=r" (pfo_ret__): "m" (cpu_number));
  goto ldv_41375;
  case 8UL:
  __asm__ ("movq %%gs:%1,%0": "=r" (pfo_ret__): "m" (cpu_number));
  goto ldv_41375;
  default:
  __bad_percpu_size();
  }
  ldv_41375:
  pscr_ret__ = pfo_ret__;
  goto ldv_41381;
  case 2UL: ;
  switch (4UL) {
  case 1UL:
  __asm__ ("movb %%gs:%1,%0": "=q" (pfo_ret_____0): "m" (cpu_number));
  goto ldv_41385;
  case 2UL:
  __asm__ ("movw %%gs:%1,%0": "=r" (pfo_ret_____0): "m" (cpu_number));
  goto ldv_41385;
  case 4UL:
  __asm__ ("movl %%gs:%1,%0": "=r" (pfo_ret_____0): "m" (cpu_number));
  goto ldv_41385;
  case 8UL:
  __asm__ ("movq %%gs:%1,%0": "=r" (pfo_ret_____0): "m" (cpu_number));
  goto ldv_41385;
  default:
  __bad_percpu_size();
  }
  ldv_41385:
  pscr_ret__ = pfo_ret_____0;
  goto ldv_41381;
  case 4UL: ;
  switch (4UL) {
  case 1UL:
  __asm__ ("movb %%gs:%1,%0": "=q" (pfo_ret_____1): "m" (cpu_number));
  goto ldv_41394;
  case 2UL:
  __asm__ ("movw %%gs:%1,%0": "=r" (pfo_ret_____1): "m" (cpu_number));
  goto ldv_41394;
  case 4UL:
  __asm__ ("movl %%gs:%1,%0": "=r" (pfo_ret_____1): "m" (cpu_number));
  goto ldv_41394;
  case 8UL:
  __asm__ ("movq %%gs:%1,%0": "=r" (pfo_ret_____1): "m" (cpu_number));
  goto ldv_41394;
  default:
  __bad_percpu_size();
  }
  ldv_41394:
  pscr_ret__ = pfo_ret_____1;
  goto ldv_41381;
  case 8UL: ;
  switch (4UL) {
  case 1UL:
  __asm__ ("movb %%gs:%1,%0": "=q" (pfo_ret_____2): "m" (cpu_number));
  goto ldv_41403;
  case 2UL:
  __asm__ ("movw %%gs:%1,%0": "=r" (pfo_ret_____2): "m" (cpu_number));
  goto ldv_41403;
  case 4UL:
  __asm__ ("movl %%gs:%1,%0": "=r" (pfo_ret_____2): "m" (cpu_number));
  goto ldv_41403;
  case 8UL:
  __asm__ ("movq %%gs:%1,%0": "=r" (pfo_ret_____2): "m" (cpu_number));
  goto ldv_41403;
  default:
  __bad_percpu_size();
  }
  ldv_41403:
  pscr_ret__ = pfo_ret_____2;
  goto ldv_41381;
  default:
  __bad_size_call_parameter();
  goto ldv_41381;
  } (CFACreationUtils.addEdgeToCFA, INFO)

line 19637: Dead code detected: switch (4UL) (CFACreationUtils.addEdgeToCFA, INFO)

line 19639: Dead code detected: __asm__ ("movb %%gs:%1,%0": "=q" (pfo_ret__): "m" (cpu_number)); (CFACreationUtils.addEdgeToCFA, INFO)

line 19642: Dead code detected: __asm__ ("movw %%gs:%1,%0": "=r" (pfo_ret__): "m" (cpu_number)); (CFACreationUtils.addEdgeToCFA, INFO)

line 19644: Dead code detected:  (CFACreationUtils.addEdgeToCFA, INFO)

line 19648: Dead code detected: __asm__ ("movq %%gs:%1,%0": "=r" (pfo_ret__): "m" (cpu_number)); (CFACreationUtils.addEdgeToCFA, INFO)

line 19650: Dead code detected: switch (4UL) {
    case 1UL:
    __asm__ ("movb %%gs:%1,%0": "=q" (pfo_ret__): "m" (cpu_number));
    goto ldv_41311;
    case 2UL:
    __asm__ ("movw %%gs:%1,%0": "=r" (pfo_ret__): "m" (cpu_number));
    goto ldv_41311;
    case 4UL:
    __asm__ ("movl %%gs:%1,%0": "=r" (pfo_ret__): "m" (cpu_number));
    goto ldv_41311;
    case 8UL:
    __asm__ ("movq %%gs:%1,%0": "=r" (pfo_ret__): "m" (cpu_number));
    goto ldv_41311;
    default:
    __bad_percpu_size();
    } (CFACreationUtils.addEdgeToCFA, INFO)

line 19657: Dead code detected: switch (4UL) (CFACreationUtils.addEdgeToCFA, INFO)

line 19659: Dead code detected: __asm__ ("movb %%gs:%1,%0": "=q" (pfo_ret_____0): "m" (cpu_number)); (CFACreationUtils.addEdgeToCFA, INFO)

line 19662: Dead code detected: __asm__ ("movw %%gs:%1,%0": "=r" (pfo_ret_____0): "m" (cpu_number)); (CFACreationUtils.addEdgeToCFA, INFO)

line 19664: Dead code detected:  (CFACreationUtils.addEdgeToCFA, INFO)

line 19668: Dead code detected: __asm__ ("movq %%gs:%1,%0": "=r" (pfo_ret_____0): "m" (cpu_number)); (CFACreationUtils.addEdgeToCFA, INFO)

line 19670: Dead code detected: switch (4UL) {
    case 1UL:
    __asm__ ("movb %%gs:%1,%0": "=q" (pfo_ret_____0): "m" (cpu_number));
    goto ldv_41321;
    case 2UL:
    __asm__ ("movw %%gs:%1,%0": "=r" (pfo_ret_____0): "m" (cpu_number));
    goto ldv_41321;
    case 4UL:
    __asm__ ("movl %%gs:%1,%0": "=r" (pfo_ret_____0): "m" (cpu_number));
    goto ldv_41321;
    case 8UL:
    __asm__ ("movq %%gs:%1,%0": "=r" (pfo_ret_____0): "m" (cpu_number));
    goto ldv_41321;
    default:
    __bad_percpu_size();
    } (CFACreationUtils.addEdgeToCFA, INFO)

line 19679: Dead code detected: __asm__ ("movb %%gs:%1,%0": "=q" (pfo_ret_____1): "m" (cpu_number)); (CFACreationUtils.addEdgeToCFA, INFO)

line 19682: Dead code detected: __asm__ ("movw %%gs:%1,%0": "=r" (pfo_ret_____1): "m" (cpu_number)); (CFACreationUtils.addEdgeToCFA, INFO)

line 19688: Dead code detected: __asm__ ("movq %%gs:%1,%0": "=r" (pfo_ret_____1): "m" (cpu_number)); (CFACreationUtils.addEdgeToCFA, INFO)

line 19690: Dead code detected: switch (4UL) {
    case 1UL:
    __asm__ ("movb %%gs:%1,%0": "=q" (pfo_ret_____1): "m" (cpu_number));
    goto ldv_41330;
    case 2UL:
    __asm__ ("movw %%gs:%1,%0": "=r" (pfo_ret_____1): "m" (cpu_number));
    goto ldv_41330;
    case 4UL:
    __asm__ ("movl %%gs:%1,%0": "=r" (pfo_ret_____1): "m" (cpu_number));
    goto ldv_41330;
    case 8UL:
    __asm__ ("movq %%gs:%1,%0": "=r" (pfo_ret_____1): "m" (cpu_number));
    goto ldv_41330;
    default:
    __bad_percpu_size();
    } (CFACreationUtils.addEdgeToCFA, INFO)

line 19697: Dead code detected: switch (4UL) (CFACreationUtils.addEdgeToCFA, INFO)

line 19699: Dead code detected: __asm__ ("movb %%gs:%1,%0": "=q" (pfo_ret_____2): "m" (cpu_number)); (CFACreationUtils.addEdgeToCFA, INFO)

line 19702: Dead code detected: __asm__ ("movw %%gs:%1,%0": "=r" (pfo_ret_____2): "m" (cpu_number)); (CFACreationUtils.addEdgeToCFA, INFO)

line 19704: Dead code detected:  (CFACreationUtils.addEdgeToCFA, INFO)

line 19708: Dead code detected: __asm__ ("movq %%gs:%1,%0": "=r" (pfo_ret_____2): "m" (cpu_number)); (CFACreationUtils.addEdgeToCFA, INFO)

line 19710: Dead code detected: switch (4UL) {
    case 1UL:
    __asm__ ("movb %%gs:%1,%0": "=q" (pfo_ret_____2): "m" (cpu_number));
    goto ldv_41339;
    case 2UL:
    __asm__ ("movw %%gs:%1,%0": "=r" (pfo_ret_____2): "m" (cpu_number));
    goto ldv_41339;
    case 4UL:
    __asm__ ("movl %%gs:%1,%0": "=r" (pfo_ret_____2): "m" (cpu_number));
    goto ldv_41339;
    case 8UL:
    __asm__ ("movq %%gs:%1,%0": "=r" (pfo_ret_____2): "m" (cpu_number));
    goto ldv_41339;
    default:
    __bad_percpu_size();
    } (CFACreationUtils.addEdgeToCFA, INFO)

line 19716: Dead code detected: switch (4UL) {
    case 1UL: ;
    switch (4UL) {
    case 1UL:
    __asm__ ("movb %%gs:%1,%0": "=q" (pfo_ret__): "m" (cpu_number));
    goto ldv_41311;
    case 2UL:
    __asm__ ("movw %%gs:%1,%0": "=r" (pfo_ret__): "m" (cpu_number));
    goto ldv_41311;
    case 4UL:
    __asm__ ("movl %%gs:%1,%0": "=r" (pfo_ret__): "m" (cpu_number));
    goto ldv_41311;
    case 8UL:
    __asm__ ("movq %%gs:%1,%0": "=r" (pfo_ret__): "m" (cpu_number));
    goto ldv_41311;
    default:
    __bad_percpu_size();
    }
    ldv_41311:
    pscr_ret__ = pfo_ret__;
    goto ldv_41317;
    case 2UL: ;
    switch (4UL) {
    case 1UL:
    __asm__ ("movb %%gs:%1,%0": "=q" (pfo_ret_____0): "m" (cpu_number));
    goto ldv_41321;
    case 2UL:
    __asm__ ("movw %%gs:%1,%0": "=r" (pfo_ret_____0): "m" (cpu_number));
    goto ldv_41321;
    case 4UL:
    __asm__ ("movl %%gs:%1,%0": "=r" (pfo_ret_____0): "m" (cpu_number));
    goto ldv_41321;
    case 8UL:
    __asm__ ("movq %%gs:%1,%0": "=r" (pfo_ret_____0): "m" (cpu_number));
    goto ldv_41321;
    default:
    __bad_percpu_size();
    }
    ldv_41321:
    pscr_ret__ = pfo_ret_____0;
    goto ldv_41317;
    case 4UL: ;
    switch (4UL) {
    case 1UL:
    __asm__ ("movb %%gs:%1,%0": "=q" (pfo_ret_____1): "m" (cpu_number));
    goto ldv_41330;
    case 2UL:
    __asm__ ("movw %%gs:%1,%0": "=r" (pfo_ret_____1): "m" (cpu_number));
    goto ldv_41330;
    case 4UL:
    __asm__ ("movl %%gs:%1,%0": "=r" (pfo_ret_____1): "m" (cpu_number));
    goto ldv_41330;
    case 8UL:
    __asm__ ("movq %%gs:%1,%0": "=r" (pfo_ret_____1): "m" (cpu_number));
    goto ldv_41330;
    default:
    __bad_percpu_size();
    }
    ldv_41330:
    pscr_ret__ = pfo_ret_____1;
    goto ldv_41317;
    case 8UL: ;
    switch (4UL) {
    case 1UL:
    __asm__ ("movb %%gs:%1,%0": "=q" (pfo_ret_____2): "m" (cpu_number));
    goto ldv_41339;
    case 2UL:
    __asm__ ("movw %%gs:%1,%0": "=r" (pfo_ret_____2): "m" (cpu_number));
    goto ldv_41339;
    case 4UL:
    __asm__ ("movl %%gs:%1,%0": "=r" (pfo_ret_____2): "m" (cpu_number));
    goto ldv_41339;
    case 8UL:
    __asm__ ("movq %%gs:%1,%0": "=r" (pfo_ret_____2): "m" (cpu_number));
    goto ldv_41339;
    default:
    __bad_percpu_size();
    }
    ldv_41339:
    pscr_ret__ = pfo_ret_____2;
    goto ldv_41317;
    default:
    __bad_size_call_parameter();
    goto ldv_41317;
    } (CFACreationUtils.addEdgeToCFA, INFO)

line 19810: Dead code detected: switch (4UL) (CFACreationUtils.addEdgeToCFA, INFO)

line 19812: Dead code detected: __asm__ ("movb %%gs:%1,%0": "=q" (pfo_ret__): "m" (cpu_number)); (CFACreationUtils.addEdgeToCFA, INFO)

line 19815: Dead code detected: __asm__ ("movw %%gs:%1,%0": "=r" (pfo_ret__): "m" (cpu_number)); (CFACreationUtils.addEdgeToCFA, INFO)

line 19817: Dead code detected:  (CFACreationUtils.addEdgeToCFA, INFO)

line 19821: Dead code detected: __asm__ ("movq %%gs:%1,%0": "=r" (pfo_ret__): "m" (cpu_number)); (CFACreationUtils.addEdgeToCFA, INFO)

line 19823: Dead code detected: switch (4UL) {
  case 1UL:
  __asm__ ("movb %%gs:%1,%0": "=q" (pfo_ret__): "m" (cpu_number));
  goto ldv_41381;
  case 2UL:
  __asm__ ("movw %%gs:%1,%0": "=r" (pfo_ret__): "m" (cpu_number));
  goto ldv_41381;
  case 4UL:
  __asm__ ("movl %%gs:%1,%0": "=r" (pfo_ret__): "m" (cpu_number));
  goto ldv_41381;
  case 8UL:
  __asm__ ("movq %%gs:%1,%0": "=r" (pfo_ret__): "m" (cpu_number));
  goto ldv_41381;
  default:
  __bad_percpu_size();
  } (CFACreationUtils.addEdgeToCFA, INFO)

line 19830: Dead code detected: switch (4UL) (CFACreationUtils.addEdgeToCFA, INFO)

line 19832: Dead code detected: __asm__ ("movb %%gs:%1,%0": "=q" (pfo_ret_____0): "m" (cpu_number)); (CFACreationUtils.addEdgeToCFA, INFO)

line 19835: Dead code detected: __asm__ ("movw %%gs:%1,%0": "=r" (pfo_ret_____0): "m" (cpu_number)); (CFACreationUtils.addEdgeToCFA, INFO)

line 19837: Dead code detected:  (CFACreationUtils.addEdgeToCFA, INFO)

line 19841: Dead code detected: __asm__ ("movq %%gs:%1,%0": "=r" (pfo_ret_____0): "m" (cpu_number)); (CFACreationUtils.addEdgeToCFA, INFO)

line 19843: Dead code detected: switch (4UL) {
  case 1UL:
  __asm__ ("movb %%gs:%1,%0": "=q" (pfo_ret_____0): "m" (cpu_number));
  goto ldv_41391;
  case 2UL:
  __asm__ ("movw %%gs:%1,%0": "=r" (pfo_ret_____0): "m" (cpu_number));
  goto ldv_41391;
  case 4UL:
  __asm__ ("movl %%gs:%1,%0": "=r" (pfo_ret_____0): "m" (cpu_number));
  goto ldv_41391;
  case 8UL:
  __asm__ ("movq %%gs:%1,%0": "=r" (pfo_ret_____0): "m" (cpu_number));
  goto ldv_41391;
  default:
  __bad_percpu_size();
  } (CFACreationUtils.addEdgeToCFA, INFO)

line 19852: Dead code detected: __asm__ ("movb %%gs:%1,%0": "=q" (pfo_ret_____1): "m" (cpu_number)); (CFACreationUtils.addEdgeToCFA, INFO)

line 19855: Dead code detected: __asm__ ("movw %%gs:%1,%0": "=r" (pfo_ret_____1): "m" (cpu_number)); (CFACreationUtils.addEdgeToCFA, INFO)

line 19861: Dead code detected: __asm__ ("movq %%gs:%1,%0": "=r" (pfo_ret_____1): "m" (cpu_number)); (CFACreationUtils.addEdgeToCFA, INFO)

line 19863: Dead code detected: switch (4UL) {
  case 1UL:
  __asm__ ("movb %%gs:%1,%0": "=q" (pfo_ret_____1): "m" (cpu_number));
  goto ldv_41400;
  case 2UL:
  __asm__ ("movw %%gs:%1,%0": "=r" (pfo_ret_____1): "m" (cpu_number));
  goto ldv_41400;
  case 4UL:
  __asm__ ("movl %%gs:%1,%0": "=r" (pfo_ret_____1): "m" (cpu_number));
  goto ldv_41400;
  case 8UL:
  __asm__ ("movq %%gs:%1,%0": "=r" (pfo_ret_____1): "m" (cpu_number));
  goto ldv_41400;
  default:
  __bad_percpu_size();
  } (CFACreationUtils.addEdgeToCFA, INFO)

line 19870: Dead code detected: switch (4UL) (CFACreationUtils.addEdgeToCFA, INFO)

line 19872: Dead code detected: __asm__ ("movb %%gs:%1,%0": "=q" (pfo_ret_____2): "m" (cpu_number)); (CFACreationUtils.addEdgeToCFA, INFO)

line 19875: Dead code detected: __asm__ ("movw %%gs:%1,%0": "=r" (pfo_ret_____2): "m" (cpu_number)); (CFACreationUtils.addEdgeToCFA, INFO)

line 19877: Dead code detected:  (CFACreationUtils.addEdgeToCFA, INFO)

line 19881: Dead code detected: __asm__ ("movq %%gs:%1,%0": "=r" (pfo_ret_____2): "m" (cpu_number)); (CFACreationUtils.addEdgeToCFA, INFO)

line 19883: Dead code detected: switch (4UL) {
  case 1UL:
  __asm__ ("movb %%gs:%1,%0": "=q" (pfo_ret_____2): "m" (cpu_number));
  goto ldv_41409;
  case 2UL:
  __asm__ ("movw %%gs:%1,%0": "=r" (pfo_ret_____2): "m" (cpu_number));
  goto ldv_41409;
  case 4UL:
  __asm__ ("movl %%gs:%1,%0": "=r" (pfo_ret_____2): "m" (cpu_number));
  goto ldv_41409;
  case 8UL:
  __asm__ ("movq %%gs:%1,%0": "=r" (pfo_ret_____2): "m" (cpu_number));
  goto ldv_41409;
  default:
  __bad_percpu_size();
  } (CFACreationUtils.addEdgeToCFA, INFO)

line 19889: Dead code detected: switch (4UL) {
  case 1UL: ;
  switch (4UL) {
  case 1UL:
  __asm__ ("movb %%gs:%1,%0": "=q" (pfo_ret__): "m" (cpu_number));
  goto ldv_41381;
  case 2UL:
  __asm__ ("movw %%gs:%1,%0": "=r" (pfo_ret__): "m" (cpu_number));
  goto ldv_41381;
  case 4UL:
  __asm__ ("movl %%gs:%1,%0": "=r" (pfo_ret__): "m" (cpu_number));
  goto ldv_41381;
  case 8UL:
  __asm__ ("movq %%gs:%1,%0": "=r" (pfo_ret__): "m" (cpu_number));
  goto ldv_41381;
  default:
  __bad_percpu_size();
  }
  ldv_41381:
  pscr_ret__ = pfo_ret__;
  goto ldv_41387;
  case 2UL: ;
  switch (4UL) {
  case 1UL:
  __asm__ ("movb %%gs:%1,%0": "=q" (pfo_ret_____0): "m" (cpu_number));
  goto ldv_41391;
  case 2UL:
  __asm__ ("movw %%gs:%1,%0": "=r" (pfo_ret_____0): "m" (cpu_number));
  goto ldv_41391;
  case 4UL:
  __asm__ ("movl %%gs:%1,%0": "=r" (pfo_ret_____0): "m" (cpu_number));
  goto ldv_41391;
  case 8UL:
  __asm__ ("movq %%gs:%1,%0": "=r" (pfo_ret_____0): "m" (cpu_number));
  goto ldv_41391;
  default:
  __bad_percpu_size();
  }
  ldv_41391:
  pscr_ret__ = pfo_ret_____0;
  goto ldv_41387;
  case 4UL: ;
  switch (4UL) {
  case 1UL:
  __asm__ ("movb %%gs:%1,%0": "=q" (pfo_ret_____1): "m" (cpu_number));
  goto ldv_41400;
  case 2UL:
  __asm__ ("movw %%gs:%1,%0": "=r" (pfo_ret_____1): "m" (cpu_number));
  goto ldv_41400;
  case 4UL:
  __asm__ ("movl %%gs:%1,%0": "=r" (pfo_ret_____1): "m" (cpu_number));
  goto ldv_41400;
  case 8UL:
  __asm__ ("movq %%gs:%1,%0": "=r" (pfo_ret_____1): "m" (cpu_number));
  goto ldv_41400;
  default:
  __bad_percpu_size();
  }
  ldv_41400:
  pscr_ret__ = pfo_ret_____1;
  goto ldv_41387;
  case 8UL: ;
  switch (4UL) {
  case 1UL:
  __asm__ ("movb %%gs:%1,%0": "=q" (pfo_ret_____2): "m" (cpu_number));
  goto ldv_41409;
  case 2UL:
  __asm__ ("movw %%gs:%1,%0": "=r" (pfo_ret_____2): "m" (cpu_number));
  goto ldv_41409;
  case 4UL:
  __asm__ ("movl %%gs:%1,%0": "=r" (pfo_ret_____2): "m" (cpu_number));
  goto ldv_41409;
  case 8UL:
  __asm__ ("movq %%gs:%1,%0": "=r" (pfo_ret_____2): "m" (cpu_number));
  goto ldv_41409;
  default:
  __bad_percpu_size();
  }
  ldv_41409:
  pscr_ret__ = pfo_ret_____2;
  goto ldv_41387;
  default:
  __bad_size_call_parameter();
  goto ldv_41387;
  } (CFACreationUtils.addEdgeToCFA, INFO)

line 20050: Dead code detected: switch (4UL) (CFACreationUtils.addEdgeToCFA, INFO)

line 20052: Dead code detected: __asm__ ("movb %%gs:%1,%0": "=q" (pfo_ret__): "m" (cpu_number)); (CFACreationUtils.addEdgeToCFA, INFO)

line 20055: Dead code detected: __asm__ ("movw %%gs:%1,%0": "=r" (pfo_ret__): "m" (cpu_number)); (CFACreationUtils.addEdgeToCFA, INFO)

line 20057: Dead code detected:  (CFACreationUtils.addEdgeToCFA, INFO)

line 20061: Dead code detected: __asm__ ("movq %%gs:%1,%0": "=r" (pfo_ret__): "m" (cpu_number)); (CFACreationUtils.addEdgeToCFA, INFO)

line 20063: Dead code detected: switch (4UL) {
  case 1UL:
  __asm__ ("movb %%gs:%1,%0": "=q" (pfo_ret__): "m" (cpu_number));
  goto ldv_41476;
  case 2UL:
  __asm__ ("movw %%gs:%1,%0": "=r" (pfo_ret__): "m" (cpu_number));
  goto ldv_41476;
  case 4UL:
  __asm__ ("movl %%gs:%1,%0": "=r" (pfo_ret__): "m" (cpu_number));
  goto ldv_41476;
  case 8UL:
  __asm__ ("movq %%gs:%1,%0": "=r" (pfo_ret__): "m" (cpu_number));
  goto ldv_41476;
  default:
  __bad_percpu_size();
  } (CFACreationUtils.addEdgeToCFA, INFO)

line 20070: Dead code detected: switch (4UL) (CFACreationUtils.addEdgeToCFA, INFO)

line 20072: Dead code detected: __asm__ ("movb %%gs:%1,%0": "=q" (pfo_ret_____0): "m" (cpu_number)); (CFACreationUtils.addEdgeToCFA, INFO)

line 20075: Dead code detected: __asm__ ("movw %%gs:%1,%0": "=r" (pfo_ret_____0): "m" (cpu_number)); (CFACreationUtils.addEdgeToCFA, INFO)

line 20077: Dead code detected:  (CFACreationUtils.addEdgeToCFA, INFO)

line 20081: Dead code detected: __asm__ ("movq %%gs:%1,%0": "=r" (pfo_ret_____0): "m" (cpu_number)); (CFACreationUtils.addEdgeToCFA, INFO)

line 20083: Dead code detected: switch (4UL) {
  case 1UL:
  __asm__ ("movb %%gs:%1,%0": "=q" (pfo_ret_____0): "m" (cpu_number));
  goto ldv_41486;
  case 2UL:
  __asm__ ("movw %%gs:%1,%0": "=r" (pfo_ret_____0): "m" (cpu_number));
  goto ldv_41486;
  case 4UL:
  __asm__ ("movl %%gs:%1,%0": "=r" (pfo_ret_____0): "m" (cpu_number));
  goto ldv_41486;
  case 8UL:
  __asm__ ("movq %%gs:%1,%0": "=r" (pfo_ret_____0): "m" (cpu_number));
  goto ldv_41486;
  default:
  __bad_percpu_size();
  } (CFACreationUtils.addEdgeToCFA, INFO)

line 20092: Dead code detected: __asm__ ("movb %%gs:%1,%0": "=q" (pfo_ret_____1): "m" (cpu_number)); (CFACreationUtils.addEdgeToCFA, INFO)

line 20095: Dead code detected: __asm__ ("movw %%gs:%1,%0": "=r" (pfo_ret_____1): "m" (cpu_number)); (CFACreationUtils.addEdgeToCFA, INFO)

line 20101: Dead code detected: __asm__ ("movq %%gs:%1,%0": "=r" (pfo_ret_____1): "m" (cpu_number)); (CFACreationUtils.addEdgeToCFA, INFO)

line 20103: Dead code detected: switch (4UL) {
  case 1UL:
  __asm__ ("movb %%gs:%1,%0": "=q" (pfo_ret_____1): "m" (cpu_number));
  goto ldv_41495;
  case 2UL:
  __asm__ ("movw %%gs:%1,%0": "=r" (pfo_ret_____1): "m" (cpu_number));
  goto ldv_41495;
  case 4UL:
  __asm__ ("movl %%gs:%1,%0": "=r" (pfo_ret_____1): "m" (cpu_number));
  goto ldv_41495;
  case 8UL:
  __asm__ ("movq %%gs:%1,%0": "=r" (pfo_ret_____1): "m" (cpu_number));
  goto ldv_41495;
  default:
  __bad_percpu_size();
  } (CFACreationUtils.addEdgeToCFA, INFO)

line 20110: Dead code detected: switch (4UL) (CFACreationUtils.addEdgeToCFA, INFO)

line 20112: Dead code detected: __asm__ ("movb %%gs:%1,%0": "=q" (pfo_ret_____2): "m" (cpu_number)); (CFACreationUtils.addEdgeToCFA, INFO)

line 20115: Dead code detected: __asm__ ("movw %%gs:%1,%0": "=r" (pfo_ret_____2): "m" (cpu_number)); (CFACreationUtils.addEdgeToCFA, INFO)

line 20117: Dead code detected:  (CFACreationUtils.addEdgeToCFA, INFO)

line 20121: Dead code detected: __asm__ ("movq %%gs:%1,%0": "=r" (pfo_ret_____2): "m" (cpu_number)); (CFACreationUtils.addEdgeToCFA, INFO)

line 20123: Dead code detected: switch (4UL) {
  case 1UL:
  __asm__ ("movb %%gs:%1,%0": "=q" (pfo_ret_____2): "m" (cpu_number));
  goto ldv_41504;
  case 2UL:
  __asm__ ("movw %%gs:%1,%0": "=r" (pfo_ret_____2): "m" (cpu_number));
  goto ldv_41504;
  case 4UL:
  __asm__ ("movl %%gs:%1,%0": "=r" (pfo_ret_____2): "m" (cpu_number));
  goto ldv_41504;
  case 8UL:
  __asm__ ("movq %%gs:%1,%0": "=r" (pfo_ret_____2): "m" (cpu_number));
  goto ldv_41504;
  default:
  __bad_percpu_size();
  } (CFACreationUtils.addEdgeToCFA, INFO)

line 20129: Dead code detected: switch (4UL) {
  case 1UL: ;
  switch (4UL) {
  case 1UL:
  __asm__ ("movb %%gs:%1,%0": "=q" (pfo_ret__): "m" (cpu_number));
  goto ldv_41476;
  case 2UL:
  __asm__ ("movw %%gs:%1,%0": "=r" (pfo_ret__): "m" (cpu_number));
  goto ldv_41476;
  case 4UL:
  __asm__ ("movl %%gs:%1,%0": "=r" (pfo_ret__): "m" (cpu_number));
  goto ldv_41476;
  case 8UL:
  __asm__ ("movq %%gs:%1,%0": "=r" (pfo_ret__): "m" (cpu_number));
  goto ldv_41476;
  default:
  __bad_percpu_size();
  }
  ldv_41476:
  pscr_ret__ = pfo_ret__;
  goto ldv_41482;
  case 2UL: ;
  switch (4UL) {
  case 1UL:
  __asm__ ("movb %%gs:%1,%0": "=q" (pfo_ret_____0): "m" (cpu_number));
  goto ldv_41486;
  case 2UL:
  __asm__ ("movw %%gs:%1,%0": "=r" (pfo_ret_____0): "m" (cpu_number));
  goto ldv_41486;
  case 4UL:
  __asm__ ("movl %%gs:%1,%0": "=r" (pfo_ret_____0): "m" (cpu_number));
  goto ldv_41486;
  case 8UL:
  __asm__ ("movq %%gs:%1,%0": "=r" (pfo_ret_____0): "m" (cpu_number));
  goto ldv_41486;
  default:
  __bad_percpu_size();
  }
  ldv_41486:
  pscr_ret__ = pfo_ret_____0;
  goto ldv_41482;
  case 4UL: ;
  switch (4UL) {
  case 1UL:
  __asm__ ("movb %%gs:%1,%0": "=q" (pfo_ret_____1): "m" (cpu_number));
  goto ldv_41495;
  case 2UL:
  __asm__ ("movw %%gs:%1,%0": "=r" (pfo_ret_____1): "m" (cpu_number));
  goto ldv_41495;
  case 4UL:
  __asm__ ("movl %%gs:%1,%0": "=r" (pfo_ret_____1): "m" (cpu_number));
  goto ldv_41495;
  case 8UL:
  __asm__ ("movq %%gs:%1,%0": "=r" (pfo_ret_____1): "m" (cpu_number));
  goto ldv_41495;
  default:
  __bad_percpu_size();
  }
  ldv_41495:
  pscr_ret__ = pfo_ret_____1;
  goto ldv_41482;
  case 8UL: ;
  switch (4UL) {
  case 1UL:
  __asm__ ("movb %%gs:%1,%0": "=q" (pfo_ret_____2): "m" (cpu_number));
  goto ldv_41504;
  case 2UL:
  __asm__ ("movw %%gs:%1,%0": "=r" (pfo_ret_____2): "m" (cpu_number));
  goto ldv_41504;
  case 4UL:
  __asm__ ("movl %%gs:%1,%0": "=r" (pfo_ret_____2): "m" (cpu_number));
  goto ldv_41504;
  case 8UL:
  __asm__ ("movq %%gs:%1,%0": "=r" (pfo_ret_____2): "m" (cpu_number));
  goto ldv_41504;
  default:
  __bad_percpu_size();
  }
  ldv_41504:
  pscr_ret__ = pfo_ret_____2;
  goto ldv_41482;
  default:
  __bad_size_call_parameter();
  goto ldv_41482;
  } (CFACreationUtils.addEdgeToCFA, INFO)

line 20259: Dead code detected: switch (4UL) (CFACreationUtils.addEdgeToCFA, INFO)

line 20261: Dead code detected: __asm__ ("movb %%gs:%1,%0": "=q" (pfo_ret__): "m" (cpu_number)); (CFACreationUtils.addEdgeToCFA, INFO)

line 20264: Dead code detected: __asm__ ("movw %%gs:%1,%0": "=r" (pfo_ret__): "m" (cpu_number)); (CFACreationUtils.addEdgeToCFA, INFO)

line 20266: Dead code detected:  (CFACreationUtils.addEdgeToCFA, INFO)

line 20270: Dead code detected: __asm__ ("movq %%gs:%1,%0": "=r" (pfo_ret__): "m" (cpu_number)); (CFACreationUtils.addEdgeToCFA, INFO)

line 20272: Dead code detected: switch (4UL) {
      case 1UL:
      __asm__ ("movb %%gs:%1,%0": "=q" (pfo_ret__): "m" (cpu_number));
      goto ldv_41547;
      case 2UL:
      __asm__ ("movw %%gs:%1,%0": "=r" (pfo_ret__): "m" (cpu_number));
      goto ldv_41547;
      case 4UL:
      __asm__ ("movl %%gs:%1,%0": "=r" (pfo_ret__): "m" (cpu_number));
      goto ldv_41547;
      case 8UL:
      __asm__ ("movq %%gs:%1,%0": "=r" (pfo_ret__): "m" (cpu_number));
      goto ldv_41547;
      default:
      __bad_percpu_size();
      } (CFACreationUtils.addEdgeToCFA, INFO)

line 20279: Dead code detected: switch (4UL) (CFACreationUtils.addEdgeToCFA, INFO)

line 20281: Dead code detected: __asm__ ("movb %%gs:%1,%0": "=q" (pfo_ret_____0): "m" (cpu_number)); (CFACreationUtils.addEdgeToCFA, INFO)

line 20284: Dead code detected: __asm__ ("movw %%gs:%1,%0": "=r" (pfo_ret_____0): "m" (cpu_number)); (CFACreationUtils.addEdgeToCFA, INFO)

line 20286: Dead code detected:  (CFACreationUtils.addEdgeToCFA, INFO)

line 20290: Dead code detected: __asm__ ("movq %%gs:%1,%0": "=r" (pfo_ret_____0): "m" (cpu_number)); (CFACreationUtils.addEdgeToCFA, INFO)

line 20292: Dead code detected: switch (4UL) {
      case 1UL:
      __asm__ ("movb %%gs:%1,%0": "=q" (pfo_ret_____0): "m" (cpu_number));
      goto ldv_41557;
      case 2UL:
      __asm__ ("movw %%gs:%1,%0": "=r" (pfo_ret_____0): "m" (cpu_number));
      goto ldv_41557;
      case 4UL:
      __asm__ ("movl %%gs:%1,%0": "=r" (pfo_ret_____0): "m" (cpu_number));
      goto ldv_41557;
      case 8UL:
      __asm__ ("movq %%gs:%1,%0": "=r" (pfo_ret_____0): "m" (cpu_number));
      goto ldv_41557;
      default:
      __bad_percpu_size();
      } (CFACreationUtils.addEdgeToCFA, INFO)

line 20301: Dead code detected: __asm__ ("movb %%gs:%1,%0": "=q" (pfo_ret_____1): "m" (cpu_number)); (CFACreationUtils.addEdgeToCFA, INFO)

line 20304: Dead code detected: __asm__ ("movw %%gs:%1,%0": "=r" (pfo_ret_____1): "m" (cpu_number)); (CFACreationUtils.addEdgeToCFA, INFO)

line 20310: Dead code detected: __asm__ ("movq %%gs:%1,%0": "=r" (pfo_ret_____1): "m" (cpu_number)); (CFACreationUtils.addEdgeToCFA, INFO)

line 20312: Dead code detected: switch (4UL) {
      case 1UL:
      __asm__ ("movb %%gs:%1,%0": "=q" (pfo_ret_____1): "m" (cpu_number));
      goto ldv_41566;
      case 2UL:
      __asm__ ("movw %%gs:%1,%0": "=r" (pfo_ret_____1): "m" (cpu_number));
      goto ldv_41566;
      case 4UL:
      __asm__ ("movl %%gs:%1,%0": "=r" (pfo_ret_____1): "m" (cpu_number));
      goto ldv_41566;
      case 8UL:
      __asm__ ("movq %%gs:%1,%0": "=r" (pfo_ret_____1): "m" (cpu_number));
      goto ldv_41566;
      default:
      __bad_percpu_size();
      } (CFACreationUtils.addEdgeToCFA, INFO)

line 20319: Dead code detected: switch (4UL) (CFACreationUtils.addEdgeToCFA, INFO)

line 20321: Dead code detected: __asm__ ("movb %%gs:%1,%0": "=q" (pfo_ret_____2): "m" (cpu_number)); (CFACreationUtils.addEdgeToCFA, INFO)

line 20324: Dead code detected: __asm__ ("movw %%gs:%1,%0": "=r" (pfo_ret_____2): "m" (cpu_number)); (CFACreationUtils.addEdgeToCFA, INFO)

line 20326: Dead code detected:  (CFACreationUtils.addEdgeToCFA, INFO)

line 20330: Dead code detected: __asm__ ("movq %%gs:%1,%0": "=r" (pfo_ret_____2): "m" (cpu_number)); (CFACreationUtils.addEdgeToCFA, INFO)

line 20332: Dead code detected: switch (4UL) {
      case 1UL:
      __asm__ ("movb %%gs:%1,%0": "=q" (pfo_ret_____2): "m" (cpu_number));
      goto ldv_41575;
      case 2UL:
      __asm__ ("movw %%gs:%1,%0": "=r" (pfo_ret_____2): "m" (cpu_number));
      goto ldv_41575;
      case 4UL:
      __asm__ ("movl %%gs:%1,%0": "=r" (pfo_ret_____2): "m" (cpu_number));
      goto ldv_41575;
      case 8UL:
      __asm__ ("movq %%gs:%1,%0": "=r" (pfo_ret_____2): "m" (cpu_number));
      goto ldv_41575;
      default:
      __bad_percpu_size();
      } (CFACreationUtils.addEdgeToCFA, INFO)

line 20338: Dead code detected: switch (4UL) {
      case 1UL: ;
      switch (4UL) {
      case 1UL:
      __asm__ ("movb %%gs:%1,%0": "=q" (pfo_ret__): "m" (cpu_number));
      goto ldv_41547;
      case 2UL:
      __asm__ ("movw %%gs:%1,%0": "=r" (pfo_ret__): "m" (cpu_number));
      goto ldv_41547;
      case 4UL:
      __asm__ ("movl %%gs:%1,%0": "=r" (pfo_ret__): "m" (cpu_number));
      goto ldv_41547;
      case 8UL:
      __asm__ ("movq %%gs:%1,%0": "=r" (pfo_ret__): "m" (cpu_number));
      goto ldv_41547;
      default:
      __bad_percpu_size();
      }
      ldv_41547:
      pscr_ret__ = pfo_ret__;
      goto ldv_41553;
      case 2UL: ;
      switch (4UL) {
      case 1UL:
      __asm__ ("movb %%gs:%1,%0": "=q" (pfo_ret_____0): "m" (cpu_number));
      goto ldv_41557;
      case 2UL:
      __asm__ ("movw %%gs:%1,%0": "=r" (pfo_ret_____0): "m" (cpu_number));
      goto ldv_41557;
      case 4UL:
      __asm__ ("movl %%gs:%1,%0": "=r" (pfo_ret_____0): "m" (cpu_number));
      goto ldv_41557;
      case 8UL:
      __asm__ ("movq %%gs:%1,%0": "=r" (pfo_ret_____0): "m" (cpu_number));
      goto ldv_41557;
      default:
      __bad_percpu_size();
      }
      ldv_41557:
      pscr_ret__ = pfo_ret_____0;
      goto ldv_41553;
      case 4UL: ;
      switch (4UL) {
      case 1UL:
      __asm__ ("movb %%gs:%1,%0": "=q" (pfo_ret_____1): "m" (cpu_number));
      goto ldv_41566;
      case 2UL:
      __asm__ ("movw %%gs:%1,%0": "=r" (pfo_ret_____1): "m" (cpu_number));
      goto ldv_41566;
      case 4UL:
      __asm__ ("movl %%gs:%1,%0": "=r" (pfo_ret_____1): "m" (cpu_number));
      goto ldv_41566;
      case 8UL:
      __asm__ ("movq %%gs:%1,%0": "=r" (pfo_ret_____1): "m" (cpu_number));
      goto ldv_41566;
      default:
      __bad_percpu_size();
      }
      ldv_41566:
      pscr_ret__ = pfo_ret_____1;
      goto ldv_41553;
      case 8UL: ;
      switch (4UL) {
      case 1UL:
      __asm__ ("movb %%gs:%1,%0": "=q" (pfo_ret_____2): "m" (cpu_number));
      goto ldv_41575;
      case 2UL:
      __asm__ ("movw %%gs:%1,%0": "=r" (pfo_ret_____2): "m" (cpu_number));
      goto ldv_41575;
      case 4UL:
      __asm__ ("movl %%gs:%1,%0": "=r" (pfo_ret_____2): "m" (cpu_number));
      goto ldv_41575;
      case 8UL:
      __asm__ ("movq %%gs:%1,%0": "=r" (pfo_ret_____2): "m" (cpu_number));
      goto ldv_41575;
      default:
      __bad_percpu_size();
      }
      ldv_41575:
      pscr_ret__ = pfo_ret_____2;
      goto ldv_41553;
      default:
      __bad_size_call_parameter();
      goto ldv_41553;
      } (CFACreationUtils.addEdgeToCFA, INFO)

line 21919: Dead code detected: switch (4UL) (CFACreationUtils.addEdgeToCFA, INFO)

line 21921: Dead code detected: __asm__ ("movb %%gs:%1,%0": "=q" (pfo_ret__): "m" (cpu_number)); (CFACreationUtils.addEdgeToCFA, INFO)

line 21924: Dead code detected: __asm__ ("movw %%gs:%1,%0": "=r" (pfo_ret__): "m" (cpu_number)); (CFACreationUtils.addEdgeToCFA, INFO)

line 21926: Dead code detected:  (CFACreationUtils.addEdgeToCFA, INFO)

line 21930: Dead code detected: __asm__ ("movq %%gs:%1,%0": "=r" (pfo_ret__): "m" (cpu_number)); (CFACreationUtils.addEdgeToCFA, INFO)

line 21932: Dead code detected: switch (4UL) {
  case 1UL:
  __asm__ ("movb %%gs:%1,%0": "=q" (pfo_ret__): "m" (cpu_number));
  goto ldv_41927;
  case 2UL:
  __asm__ ("movw %%gs:%1,%0": "=r" (pfo_ret__): "m" (cpu_number));
  goto ldv_41927;
  case 4UL:
  __asm__ ("movl %%gs:%1,%0": "=r" (pfo_ret__): "m" (cpu_number));
  goto ldv_41927;
  case 8UL:
  __asm__ ("movq %%gs:%1,%0": "=r" (pfo_ret__): "m" (cpu_number));
  goto ldv_41927;
  default:
  __bad_percpu_size();
  } (CFACreationUtils.addEdgeToCFA, INFO)

line 21939: Dead code detected: switch (4UL) (CFACreationUtils.addEdgeToCFA, INFO)

line 21941: Dead code detected: __asm__ ("movb %%gs:%1,%0": "=q" (pfo_ret_____0): "m" (cpu_number)); (CFACreationUtils.addEdgeToCFA, INFO)

line 21944: Dead code detected: __asm__ ("movw %%gs:%1,%0": "=r" (pfo_ret_____0): "m" (cpu_number)); (CFACreationUtils.addEdgeToCFA, INFO)

line 21946: Dead code detected:  (CFACreationUtils.addEdgeToCFA, INFO)

line 21950: Dead code detected: __asm__ ("movq %%gs:%1,%0": "=r" (pfo_ret_____0): "m" (cpu_number)); (CFACreationUtils.addEdgeToCFA, INFO)

line 21952: Dead code detected: switch (4UL) {
  case 1UL:
  __asm__ ("movb %%gs:%1,%0": "=q" (pfo_ret_____0): "m" (cpu_number));
  goto ldv_41937;
  case 2UL:
  __asm__ ("movw %%gs:%1,%0": "=r" (pfo_ret_____0): "m" (cpu_number));
  goto ldv_41937;
  case 4UL:
  __asm__ ("movl %%gs:%1,%0": "=r" (pfo_ret_____0): "m" (cpu_number));
  goto ldv_41937;
  case 8UL:
  __asm__ ("movq %%gs:%1,%0": "=r" (pfo_ret_____0): "m" (cpu_number));
  goto ldv_41937;
  default:
  __bad_percpu_size();
  } (CFACreationUtils.addEdgeToCFA, INFO)

line 21961: Dead code detected: __asm__ ("movb %%gs:%1,%0": "=q" (pfo_ret_____1): "m" (cpu_number)); (CFACreationUtils.addEdgeToCFA, INFO)

line 21964: Dead code detected: __asm__ ("movw %%gs:%1,%0": "=r" (pfo_ret_____1): "m" (cpu_number)); (CFACreationUtils.addEdgeToCFA, INFO)

line 21970: Dead code detected: __asm__ ("movq %%gs:%1,%0": "=r" (pfo_ret_____1): "m" (cpu_number)); (CFACreationUtils.addEdgeToCFA, INFO)

line 21972: Dead code detected: switch (4UL) {
  case 1UL:
  __asm__ ("movb %%gs:%1,%0": "=q" (pfo_ret_____1): "m" (cpu_number));
  goto ldv_41946;
  case 2UL:
  __asm__ ("movw %%gs:%1,%0": "=r" (pfo_ret_____1): "m" (cpu_number));
  goto ldv_41946;
  case 4UL:
  __asm__ ("movl %%gs:%1,%0": "=r" (pfo_ret_____1): "m" (cpu_number));
  goto ldv_41946;
  case 8UL:
  __asm__ ("movq %%gs:%1,%0": "=r" (pfo_ret_____1): "m" (cpu_number));
  goto ldv_41946;
  default:
  __bad_percpu_size();
  } (CFACreationUtils.addEdgeToCFA, INFO)

line 21979: Dead code detected: switch (4UL) (CFACreationUtils.addEdgeToCFA, INFO)

line 21981: Dead code detected: __asm__ ("movb %%gs:%1,%0": "=q" (pfo_ret_____2): "m" (cpu_number)); (CFACreationUtils.addEdgeToCFA, INFO)

line 21984: Dead code detected: __asm__ ("movw %%gs:%1,%0": "=r" (pfo_ret_____2): "m" (cpu_number)); (CFACreationUtils.addEdgeToCFA, INFO)

line 21986: Dead code detected:  (CFACreationUtils.addEdgeToCFA, INFO)

line 21990: Dead code detected: __asm__ ("movq %%gs:%1,%0": "=r" (pfo_ret_____2): "m" (cpu_number)); (CFACreationUtils.addEdgeToCFA, INFO)

line 21992: Dead code detected: switch (4UL) {
  case 1UL:
  __asm__ ("movb %%gs:%1,%0": "=q" (pfo_ret_____2): "m" (cpu_number));
  goto ldv_41955;
  case 2UL:
  __asm__ ("movw %%gs:%1,%0": "=r" (pfo_ret_____2): "m" (cpu_number));
  goto ldv_41955;
  case 4UL:
  __asm__ ("movl %%gs:%1,%0": "=r" (pfo_ret_____2): "m" (cpu_number));
  goto ldv_41955;
  case 8UL:
  __asm__ ("movq %%gs:%1,%0": "=r" (pfo_ret_____2): "m" (cpu_number));
  goto ldv_41955;
  default:
  __bad_percpu_size();
  } (CFACreationUtils.addEdgeToCFA, INFO)

line 21998: Dead code detected: switch (4UL) {
  case 1UL: ;
  switch (4UL) {
  case 1UL:
  __asm__ ("movb %%gs:%1,%0": "=q" (pfo_ret__): "m" (cpu_number));
  goto ldv_41927;
  case 2UL:
  __asm__ ("movw %%gs:%1,%0": "=r" (pfo_ret__): "m" (cpu_number));
  goto ldv_41927;
  case 4UL:
  __asm__ ("movl %%gs:%1,%0": "=r" (pfo_ret__): "m" (cpu_number));
  goto ldv_41927;
  case 8UL:
  __asm__ ("movq %%gs:%1,%0": "=r" (pfo_ret__): "m" (cpu_number));
  goto ldv_41927;
  default:
  __bad_percpu_size();
  }
  ldv_41927:
  pscr_ret__ = pfo_ret__;
  goto ldv_41933;
  case 2UL: ;
  switch (4UL) {
  case 1UL:
  __asm__ ("movb %%gs:%1,%0": "=q" (pfo_ret_____0): "m" (cpu_number));
  goto ldv_41937;
  case 2UL:
  __asm__ ("movw %%gs:%1,%0": "=r" (pfo_ret_____0): "m" (cpu_number));
  goto ldv_41937;
  case 4UL:
  __asm__ ("movl %%gs:%1,%0": "=r" (pfo_ret_____0): "m" (cpu_number));
  goto ldv_41937;
  case 8UL:
  __asm__ ("movq %%gs:%1,%0": "=r" (pfo_ret_____0): "m" (cpu_number));
  goto ldv_41937;
  default:
  __bad_percpu_size();
  }
  ldv_41937:
  pscr_ret__ = pfo_ret_____0;
  goto ldv_41933;
  case 4UL: ;
  switch (4UL) {
  case 1UL:
  __asm__ ("movb %%gs:%1,%0": "=q" (pfo_ret_____1): "m" (cpu_number));
  goto ldv_41946;
  case 2UL:
  __asm__ ("movw %%gs:%1,%0": "=r" (pfo_ret_____1): "m" (cpu_number));
  goto ldv_41946;
  case 4UL:
  __asm__ ("movl %%gs:%1,%0": "=r" (pfo_ret_____1): "m" (cpu_number));
  goto ldv_41946;
  case 8UL:
  __asm__ ("movq %%gs:%1,%0": "=r" (pfo_ret_____1): "m" (cpu_number));
  goto ldv_41946;
  default:
  __bad_percpu_size();
  }
  ldv_41946:
  pscr_ret__ = pfo_ret_____1;
  goto ldv_41933;
  case 8UL: ;
  switch (4UL) {
  case 1UL:
  __asm__ ("movb %%gs:%1,%0": "=q" (pfo_ret_____2): "m" (cpu_number));
  goto ldv_41955;
  case 2UL:
  __asm__ ("movw %%gs:%1,%0": "=r" (pfo_ret_____2): "m" (cpu_number));
  goto ldv_41955;
  case 4UL:
  __asm__ ("movl %%gs:%1,%0": "=r" (pfo_ret_____2): "m" (cpu_number));
  goto ldv_41955;
  case 8UL:
  __asm__ ("movq %%gs:%1,%0": "=r" (pfo_ret_____2): "m" (cpu_number));
  goto ldv_41955;
  default:
  __bad_percpu_size();
  }
  ldv_41955:
  pscr_ret__ = pfo_ret_____2;
  goto ldv_41933;
  default:
  __bad_size_call_parameter();
  goto ldv_41933;
  } (CFACreationUtils.addEdgeToCFA, INFO)

Inline assembler ignored, analysis is probably unsound! (CFABuilder.createCFA, WARNING)

line 9832: Function pointer *(ema->match) with type bool (*)(struct fc_frame *) is called, but no possible target functions were found. (CFunctionPointerResolver.getTargets, WARNING)

line 19957: Function pointer *(lport->tt.ddp_done) with type int (*)(struct fc_lport *, u16 ) is called, but no possible target functions were found. (CFunctionPointerResolver.getTargets, WARNING)

line 19931: Function pointer *(lport->tt.ddp_setup) with type int (*)(struct fc_lport *, u16 , struct scatterlist *, unsigned int) is called, but no possible target functions were found. (CFunctionPointerResolver.getTargets, WARNING)

line 22297: Function pointer *(sc_cmd->scsi_done) with type void (*)(struct scsi_cmnd *) is called, but no possible target functions were found. (CFunctionPointerResolver.getTargets, WARNING)

line 15596: Function pointer *(job->job_done) with type void (*)(struct fc_bsg_job *) is called, but no possible target functions were found. (CFunctionPointerResolver.getTargets, WARNING)

line 15633: Function pointer *(job->job_done) with type void (*)(struct fc_bsg_job *) is called, but no possible target functions were found. (CFunctionPointerResolver.getTargets, WARNING)

line 14256: Function pointer *(lport->tt.lport_set_port_id) with type void (*)(struct fc_lport *, u32 , struct fc_frame *) is called, but no possible target functions were found. (CFunctionPointerResolver.getTargets, WARNING)

line 21887: Function pointer *(sc_cmd->scsi_done) with type void (*)(struct scsi_cmnd *) is called, but no possible target functions were found. (CFunctionPointerResolver.getTargets, WARNING)

line 21881: Function pointer *(sc_cmd->scsi_done) with type void (*)(struct scsi_cmnd *) is called, but no possible target functions were found. (CFunctionPointerResolver.getTargets, WARNING)

line 16658: Function pointer *(prov->prlo) with type void (*)(struct fc_rport_priv *) is called, but no possible target functions were found. (CFunctionPointerResolver.getTargets, WARNING)

line 10372: Function pointer *(ema->match) with type bool (*)(struct fc_frame *) is called, but no possible target functions were found. (CFunctionPointerResolver.getTargets, WARNING)

Using unsound approximation of ints with unbounded integers and floats with unbounded integers for encoding program semantics. (PredicateCPA:FormulaManagerView.<init>, WARNING)

Using predicate analysis with Princess 2023-04-07. (PredicateCPA:PredicateCPA.<init>, INFO)

Using unsound approximation of ints with unbounded integers and floats with unbounded integers for encoding program semantics. (AssumptionStorageCPA:FormulaManagerView.<init>, WARNING)

The following configuration options were specified but are not used:
 proveroptions.option 
 (CPAchecker.printConfigurationWarnings, WARNING)

Starting analysis ... (CPAchecker.runAlgorithm, INFO)

Recursion detected, aborting. To ignore recursion, add -skipRecursion to the command line. (TargetLocationProvider:CallstackCPA:CallstackTransferRelation.getAbstractSuccessorsForEdge, INFO)

Recursion detected. Defaulting to selecting all locations as potential target locations. (TargetLocationProvider:TargetLocationProviderImpl.tryGetAutomatonTargetLocations, INFO)

Creating formula for program (AbstractBMCAlgorithm.run, INFO)

Exception in thread "main" org.sosy_lab.java_smt.basicimpl.GeneratorException: Modular Congruence is not available in SMTLIB2. 
	at org.sosy_lab.java_smt.basicimpl.AbstractNumeralFormulaManager.modularCongruence(AbstractNumeralFormulaManager.java:361)
	at org.sosy_lab.java_smt.solvers.princess.PrincessIntegerFormulaManager.modularCongruence(PrincessIntegerFormulaManager.java:22)
	at org.sosy_lab.cpachecker.util.predicates.smt.IntegerFormulaManagerView.modularCongruence(IntegerFormulaManagerView.java:35)
	at org.sosy_lab.cpachecker.util.predicates.smt.FormulaManagerView.makeModularCongruence(FormulaManagerView.java:688)
	at org.sosy_lab.cpachecker.util.predicates.smt.FormulaManagerView.makeModularCongruence(FormulaManagerView.java:670)
	at org.sosy_lab.cpachecker.util.predicates.pathformula.pointeraliasing.PointerTargetSetManager.makeBaseAddressConstraints(PointerTargetSetManager.java:653)
	at org.sosy_lab.cpachecker.util.predicates.pathformula.pointeraliasing.PointerTargetSetBuilder$RealPointerTargetSetBuilder.addNextBaseAddressConstraints(PointerTargetSetBuilder.java:286)
	at org.sosy_lab.cpachecker.util.predicates.pathformula.pointeraliasing.CToFormulaConverterWithPointerAliasing.declareSharedBase(CToFormulaConverterWithPointerAliasing.java:437)
	at org.sosy_lab.cpachecker.util.predicates.pathformula.pointeraliasing.CToFormulaConverterWithPointerAliasing.makeDeclaration(CToFormulaConverterWithPointerAliasing.java:1001)
	at org.sosy_lab.cpachecker.util.predicates.pathformula.ctoformula.CtoFormulaConverter.createFormulaForEdge(CtoFormulaConverter.java:1231)
	at org.sosy_lab.cpachecker.util.predicates.pathformula.ctoformula.CtoFormulaConverter.makeAnd(CtoFormulaConverter.java:1049)
	at org.sosy_lab.cpachecker.util.predicates.pathformula.PathFormulaManagerImpl.makeAnd(PathFormulaManagerImpl.java:246)
	at org.sosy_lab.cpachecker.util.predicates.pathformula.PathFormulaManagerImpl.makeAnd(PathFormulaManagerImpl.java:300)
	at org.sosy_lab.cpachecker.cpa.predicate.PredicateTransferRelation.convertEdgeToPathFormula(PredicateTransferRelation.java:203)
	at org.sosy_lab.cpachecker.cpa.predicate.PredicateTransferRelation.getAbstractSuccessorsForEdge(PredicateTransferRelation.java:113)
	at org.sosy_lab.cpachecker.cpa.composite.CompositeTransferRelation.callTransferRelation(CompositeTransferRelation.java:297)
	at org.sosy_lab.cpachecker.cpa.composite.CompositeTransferRelation.getAbstractSuccessorForSimpleEdge(CompositeTransferRelation.java:264)
	at org.sosy_lab.cpachecker.cpa.composite.CompositeTransferRelation.getAbstractSuccessorForEdge(CompositeTransferRelation.java:196)
	at org.sosy_lab.cpachecker.cpa.composite.CompositeTransferRelation.getAbstractSuccessors(CompositeTransferRelation.java:88)
	at org.sosy_lab.cpachecker.cpa.arg.ARGTransferRelation.getAbstractSuccessors(ARGTransferRelation.java:45)
	at org.sosy_lab.cpachecker.core.algorithm.CPAAlgorithm.handleState(CPAAlgorithm.java:334)
	at org.sosy_lab.cpachecker.core.algorithm.CPAAlgorithm.run0(CPAAlgorithm.java:289)
	at org.sosy_lab.cpachecker.core.algorithm.CPAAlgorithm.run(CPAAlgorithm.java:260)
	at org.sosy_lab.cpachecker.core.algorithm.bmc.BMCHelper.unroll(BMCHelper.java:192)
	at org.sosy_lab.cpachecker.core.algorithm.bmc.AbstractBMCAlgorithm.run(AbstractBMCAlgorithm.java:427)
	at org.sosy_lab.cpachecker.core.algorithm.bmc.BMCAlgorithm.run(BMCAlgorithm.java:130)
	at org.sosy_lab.cpachecker.core.CPAchecker.runAlgorithm(CPAchecker.java:507)
	at org.sosy_lab.cpachecker.core.CPAchecker.run(CPAchecker.java:369)
	at org.sosy_lab.cpachecker.cmdline.CPAMain.main(CPAMain.java:170)
