scripts/cpa.sh -heap 13000M -stack 50M -noout -benchmark -bmc -setprop cpa.predicate.useArraysForHeap=false -setprop cpa.predicate.memoryAllocationsAlwaysSucceed=true -setprop cpa.loopbound.maxLoopIterations=10 -setprop cpa.predicate.encodeFloatAs=INTEGER -setprop cpa.predicate.encodeBitvectorAs=INTEGER -setprop solver.solver=princess_binary -setprop proveroptions.option=use_binary -timelimit 900s -stats -spec test/programs/benchmarks/properties/unreach-call.prp -32 test/programs/benchmarks/loops-crafted-1/in-de52.c


--------------------------------------------------------------------------------


Running CPAchecker with Java heap of size 13000M.
Running CPAchecker with Java stack of size 50M.
Language C detected and set for analysis (CPAMain.detectFrontendLanguageIfNecessary, INFO)

Using the following resource limits: CPU-time limit of 900s (ResourceLimitChecker.fromConfiguration, INFO)

CPAchecker 2.3.1-svn-45350M / bmc (OpenJDK 64-Bit Server VM 17.0.8.1) started (CPAchecker.run, INFO)

Parsing CFA from file(s) "test/programs/benchmarks/loops-crafted-1/in-de52.c" (CPAchecker.parse, INFO)

Using unsound approximation of ints with unbounded integers and floats with unbounded integers for encoding program semantics. (PredicateCPA:FormulaManagerView.<init>, WARNING)

Using predicate analysis with Princess 2023-04-07. (PredicateCPA:PredicateCPA.<init>, INFO)

Using unsound approximation of ints with unbounded integers and floats with unbounded integers for encoding program semantics. (AssumptionStorageCPA:FormulaManagerView.<init>, WARNING)

The following configuration options were specified but are not used:
 proveroptions.option 
 (CPAchecker.printConfigurationWarnings, WARNING)

Starting analysis ... (CPAchecker.runAlgorithm, INFO)

Creating formula for program (AbstractBMCAlgorithm.run, INFO)

Starting satisfiability check... (AbstractBMCAlgorithm.boundedModelCheck, INFO)

Starting assertions check... (AbstractBMCAlgorithm.checkBoundingAssertions, INFO)

Terminating because none of the following CPAs' precision can be adjusted any further  LoopBoundCPA (AbstractBMCAlgorithm.adjustConditions, INFO)

Stopping analysis ... (CPAchecker.runAlgorithm, INFO)

Analysis incomplete: no errors found, but not everything could be checked. (CPAchecker.analyzeResult, WARNING)


PredicateCPA statistics
-----------------------
Number of abstractions:            90 (1% of all post computations)
  Times abstraction was reused:    0
  Because of function entry/exit:  0 (0%)
  Because of loop head:            0 (0%)
  Because of join nodes:           0 (0%)
  Because of threshold:            0 (0%)
  Because of target state:         90 (100%)
  Times precision was empty:       90 (100%)
  Times precision was {false}:     0 (0%)
  Times result was cached:         0 (0%)
  Times cartesian abs was used:    0 (0%)
  Times boolean abs was used:      0 (0%)
  Times result was 'false':        0 (0%)
Number of strengthen sat checks:   0
Number of coverage checks:         0
  BDD entailment checks:           0
Number of SMT sat checks:          0
  trivial:                         0
  cached:                          0

Max ABE block size:                       145
Avg ABE block size:                                80.50 (sum: 7245, count: 90, min: 16, max: 145)
Number of predicates discovered:          0

Time for post operator:                                0.638s
  Time for path formula creation:                      0.626s
Time for strengthen operator:                          0.049s
Time for prec operator:                                0.034s
  Time for abstraction:                  0.005s (Max:     0.001s, Count: 90)
    Solving time:                        0.000s (Max:     0.000s)
    Model enumeration time:              0.000s
    Time for BDD construction:           0.000s (Max:     0.000s)
Time for coverage checks:                              0.000s
Total time for SMT solver (w/o itp):     0.000s

Total number of created targets for pointer analysis: 0



KeyValue statistics
-------------------
Init. function predicates:                         0
Init. global predicates:                           0
Init. location predicates:                         0

Invariant Generation statistics
-------------------------------

Bounds CPA statistics
---------------------
Bound k:                                           10
Maximum loop iteration reached:                    11


ValueAnalysisCPA statistics
---------------------------
Number of variables per state:                     7.78 (sum: 46706, count: 6005, min: 0, max: 10)
Number of global variables per state:              0.00 (sum: 0, count: 6005, min: 0, max: 0)
Number of assumptions:                                 3260
Number of deterministic assumptions:                      0
Level of Determinism:                              0%

ValueAnalysisPrecisionAdjustment statistics
-------------------------------------------
Number of abstraction computations:                    6094
Total time for liveness abstraction:                   0.000s
Total time for abstraction computation:                0.042s
Total time for path thresholds:                        0.000s

ConstraintsStrengthenOperator statistics
----------------------------------------
Total time for strengthening by ConstraintsCPA:     0.000s
Replaced symbolic expressions: 0

AutomatonAnalysis (SVCOMP) statistics
-------------------------------------
Number of states:                                  1
Total time for successor computation:                  0.073s
Automaton transfers with branching:                0
Automaton transfer successors:                     0.99 (sum: 6094, count: 6184, min: 0, max: 1) [0 x 90, 1 x 6094]
Number of states with assumption transitions:      0

CPA algorithm statistics
------------------------
Number of iterations:            6095
Max size of waitlist:            20
Average size of waitlist:        10
LoopstackSortedWaitlist:                           11.05 (sum: 5589, count: 506, min: 0, max: 5589)
ReversePostorderSortedWaitlist:                    1.11 (sum: 642, count: 576, min: 0, max: 156)
LoopIterationSortedWaitlist:                       10.91 (sum: 5519, count: 506, min: 0, max: 5519)
CallstackSortedWaitlist:                           5589.00 (sum: 5589, count: 1, min: 5589, max: 5589)
Number of computed successors:   6094
Max successors for one state:    2
Number of times merged:          0
Number of times stopped:         0
Number of times breaked:         0

Total time for CPA algorithm:         1.611s (Max:     1.611s)
  Time for choose from waitlist:      0.024s
  Time for precision adjustment:      0.257s
  Time for transfer relation:         1.187s
  Time for stop operator:             0.020s
  Time for adding to reached set:     0.059s

BMC algorithm statistics
------------------------
Time for BMC formula creation:                       1.613s
Time for final sat check:                           27.065s
Time for bounding assertions check:                  3.325s

CPAchecker general statistics
-----------------------------
Number of program locations:                       76
Number of CFA edges (per node):                          75 (count: 76, min: 0, max: 2, avg: 0.99)
Number of relevant variables:                      5
Number of functions:                               3
Number of loops (and loop nodes):                         5 (sum: 40, min: 8, max: 8, avg: 8.00)
Size of reached set:             6005
  Number of reached locations:   68 (89%)
    Avg states per location:     88
    Max states per location:     550 (at node N58)
  Number of reached functions:   2 (67%)
  Number of partitions:          6005
    Avg size of partitions:      1
    Max size of partitions:      1
  Number of target states:       0

Time for analysis setup:          2.094s
  Time for loading CPAs:          1.191s
  Time for loading parser:        0.262s
  Time for CFA construction:      0.552s
    Time for parsing file(s):     0.321s
    Time for AST to CFA:          0.095s
    Time for CFA sanity check:    0.000s
    Time for post-processing:     0.090s
    Time for loop structure:      0.006s
    Time for AST structure:       0.000s
      Time for function pointers resolving:            0.002s
        Function calls via function pointers:             0 (count: 1, min: 0, max: 0, avg: 0.00)
        Instrumented function pointer calls:              0 (count: 1, min: 0, max: 0, avg: 0.00)
        Function calls with function pointer arguments:        0 (count: 1, min: 0, max: 0, avg: 0.00)
        Instrumented function pointer arguments:          0 (count: 1, min: 0, max: 0, avg: 0.00)
      Time for classifying variables:                  0.053s
        Time for collecting variables:                 0.032s
        Time for solving dependencies:                 0.001s
        Time for building hierarchy:                   0.000s
        Time for building classification:              0.020s
        Time for exporting data:                       0.000s
Time for Analysis:               32.113s
CPU time for analysis:           36.470s
Time for analyzing result:        0.004s
Total time for CPAchecker:       34.208s
Total CPU time for CPAchecker:   40.440s
Time for statistics:              0.084s

Time for Garbage Collector:       0.145s (in 11 runs)
Garbage Collector(s) used:    G1 Old Generation, G1 Young Generation

Verification result: UNKNOWN, incomplete analysis.
More details about the verification run can be found in the directory "./output".
