scripts/cpa.sh -heap 13000M -stack 50M -noout -benchmark -bmc -setprop cpa.predicate.useArraysForHeap=false -setprop cpa.predicate.memoryAllocationsAlwaysSucceed=true -setprop cpa.loopbound.maxLoopIterations=10 -setprop cpa.predicate.encodeFloatAs=INTEGER -setprop cpa.predicate.encodeBitvectorAs=INTEGER -setprop solver.solver=princess -timelimit 900s -stats -spec test/programs/benchmarks/properties/unreach-call.prp -64 test/programs/benchmarks/ldv-linux-3.4-simple/43_1a_cilled_ok_nondet_linux-43_1a-drivers--rtc--rtc-m48t86.ko-ldv_main0_sequence_infinite_withcheck_stateful.cil.out.i


--------------------------------------------------------------------------------


Running CPAchecker with Java heap of size 13000M.
Running CPAchecker with Java stack of size 50M.
Language C detected and set for analysis (CPAMain.detectFrontendLanguageIfNecessary, INFO)

Using the following resource limits: CPU-time limit of 900s (ResourceLimitChecker.fromConfiguration, INFO)

CPAchecker 2.3.1-svn-45350M / bmc (OpenJDK 64-Bit Server VM 17.0.8.1) started (CPAchecker.run, INFO)

Parsing CFA from file(s) "test/programs/benchmarks/ldv-linux-3.4-simple/43_1a_cilled_ok_nondet_linux-43_1a-drivers--rtc--rtc-m48t86.ko-ldv_main0_sequence_infinite_withcheck_stateful.cil.out.i" (CPAchecker.parse, INFO)

Dead code detected: Label switch_break is not reachable. (CFAFunctionBuilder.leave, INFO)

line 2535: Function pointer *__cil_tmp21 with type unsigned char (*)(unsigned long) is called, but no possible target functions were found. (CFunctionPointerResolver.getTargets, WARNING)

line 2438: Function pointer *__cil_tmp16 with type unsigned char (*)(unsigned long) is called, but no possible target functions were found. (CFunctionPointerResolver.getTargets, WARNING)

line 2454: Function pointer *__cil_tmp21 with type unsigned char (*)(unsigned long) is called, but no possible target functions were found. (CFunctionPointerResolver.getTargets, WARNING)

line 1941: Function pointer *__cil_tmp37 with type unsigned char (*)(unsigned long) is called, but no possible target functions were found. (CFunctionPointerResolver.getTargets, WARNING)

line 2004: Function pointer *__cil_tmp78 with type unsigned char (*)(unsigned long) is called, but no possible target functions were found. (CFunctionPointerResolver.getTargets, WARNING)

line 2012: Function pointer *__cil_tmp83 with type unsigned char (*)(unsigned long) is called, but no possible target functions were found. (CFunctionPointerResolver.getTargets, WARNING)

line 2022: Function pointer *__cil_tmp90 with type unsigned char (*)(unsigned long) is called, but no possible target functions were found. (CFunctionPointerResolver.getTargets, WARNING)

line 2033: Function pointer *__cil_tmp98 with type unsigned char (*)(unsigned long) is called, but no possible target functions were found. (CFunctionPointerResolver.getTargets, WARNING)

line 2043: Function pointer *__cil_tmp105 with type unsigned char (*)(unsigned long) is called, but no possible target functions were found. (CFunctionPointerResolver.getTargets, WARNING)

line 2054: Function pointer *__cil_tmp113 with type unsigned char (*)(unsigned long) is called, but no possible target functions were found. (CFunctionPointerResolver.getTargets, WARNING)

line 2065: Function pointer *__cil_tmp121 with type unsigned char (*)(unsigned long) is called, but no possible target functions were found. (CFunctionPointerResolver.getTargets, WARNING)

line 2083: Function pointer *__cil_tmp130 with type unsigned char (*)(unsigned long) is called, but no possible target functions were found. (CFunctionPointerResolver.getTargets, WARNING)

line 1951: Function pointer *__cil_tmp42 with type unsigned char (*)(unsigned long) is called, but no possible target functions were found. (CFunctionPointerResolver.getTargets, WARNING)

line 1956: Function pointer *__cil_tmp45 with type unsigned char (*)(unsigned long) is called, but no possible target functions were found. (CFunctionPointerResolver.getTargets, WARNING)

line 1963: Function pointer *__cil_tmp50 with type unsigned char (*)(unsigned long) is called, but no possible target functions were found. (CFunctionPointerResolver.getTargets, WARNING)

line 1971: Function pointer *__cil_tmp56 with type unsigned char (*)(unsigned long) is called, but no possible target functions were found. (CFunctionPointerResolver.getTargets, WARNING)

line 1978: Function pointer *__cil_tmp61 with type unsigned char (*)(unsigned long) is called, but no possible target functions were found. (CFunctionPointerResolver.getTargets, WARNING)

line 1986: Function pointer *__cil_tmp67 with type unsigned char (*)(unsigned long) is called, but no possible target functions were found. (CFunctionPointerResolver.getTargets, WARNING)

line 1994: Function pointer *__cil_tmp73 with type unsigned char (*)(unsigned long) is called, but no possible target functions were found. (CFunctionPointerResolver.getTargets, WARNING)

line 2251: Function pointer *__cil_tmp21 with type unsigned char (*)(unsigned long) is called, but no possible target functions were found. (CFunctionPointerResolver.getTargets, WARNING)

line 2258: Function pointer *__cil_tmp24 with type void (*)(unsigned char, unsigned long) is called, but no possible target functions were found. (CFunctionPointerResolver.getTargets, WARNING)

line 2331: Function pointer *__cil_tmp81 with type void (*)(unsigned char, unsigned long) is called, but no possible target functions were found. (CFunctionPointerResolver.getTargets, WARNING)

line 2340: Function pointer *__cil_tmp88 with type void (*)(unsigned char, unsigned long) is called, but no possible target functions were found. (CFunctionPointerResolver.getTargets, WARNING)

line 2349: Function pointer *__cil_tmp95 with type void (*)(unsigned char, unsigned long) is called, but no possible target functions were found. (CFunctionPointerResolver.getTargets, WARNING)

line 2358: Function pointer *__cil_tmp102 with type void (*)(unsigned char, unsigned long) is called, but no possible target functions were found. (CFunctionPointerResolver.getTargets, WARNING)

line 2368: Function pointer *__cil_tmp110 with type void (*)(unsigned char, unsigned long) is called, but no possible target functions were found. (CFunctionPointerResolver.getTargets, WARNING)

line 2378: Function pointer *__cil_tmp118 with type void (*)(unsigned char, unsigned long) is called, but no possible target functions were found. (CFunctionPointerResolver.getTargets, WARNING)

line 2387: Function pointer *__cil_tmp125 with type void (*)(unsigned char, unsigned long) is called, but no possible target functions were found. (CFunctionPointerResolver.getTargets, WARNING)

line 2398: Function pointer *__cil_tmp130 with type void (*)(unsigned char, unsigned long) is called, but no possible target functions were found. (CFunctionPointerResolver.getTargets, WARNING)

line 2270: Function pointer *__cil_tmp29 with type void (*)(unsigned char, unsigned long) is called, but no possible target functions were found. (CFunctionPointerResolver.getTargets, WARNING)

line 2278: Function pointer *__cil_tmp34 with type void (*)(unsigned char, unsigned long) is called, but no possible target functions were found. (CFunctionPointerResolver.getTargets, WARNING)

line 2286: Function pointer *__cil_tmp41 with type void (*)(unsigned char, unsigned long) is called, but no possible target functions were found. (CFunctionPointerResolver.getTargets, WARNING)

line 2294: Function pointer *__cil_tmp48 with type void (*)(unsigned char, unsigned long) is called, but no possible target functions were found. (CFunctionPointerResolver.getTargets, WARNING)

line 2304: Function pointer *__cil_tmp55 with type void (*)(unsigned char, unsigned long) is called, but no possible target functions were found. (CFunctionPointerResolver.getTargets, WARNING)

line 2313: Function pointer *__cil_tmp64 with type void (*)(unsigned char, unsigned long) is called, but no possible target functions were found. (CFunctionPointerResolver.getTargets, WARNING)

line 2321: Function pointer *__cil_tmp72 with type void (*)(unsigned char, unsigned long) is called, but no possible target functions were found. (CFunctionPointerResolver.getTargets, WARNING)

Using unsound approximation of ints with unbounded integers and floats with unbounded integers for encoding program semantics. (PredicateCPA:FormulaManagerView.<init>, WARNING)

Using predicate analysis with Princess 2023-04-07. (PredicateCPA:PredicateCPA.<init>, INFO)

Using unsound approximation of ints with unbounded integers and floats with unbounded integers for encoding program semantics. (AssumptionStorageCPA:FormulaManagerView.<init>, WARNING)

Starting analysis ... (CPAchecker.runAlgorithm, INFO)

line 2535: Ignoring call via function pointer m48t86_rtc_probe::__cil_tmp21 for which no suitable target was found in line: reg = (*__cil_tmp21)(13UL); (TargetLocationProvider:FunctionPointerCPA:FunctionPointerTransferRelation.getAbstractSuccessorsForEdge, WARNING)

line 2438: Ignoring call via function pointer m48t86_rtc_proc::__cil_tmp16 for which no suitable target was found in line: reg = (*__cil_tmp16)(11UL); (TargetLocationProvider:FunctionPointerCPA:FunctionPointerTransferRelation.getAbstractSuccessorsForEdge, WARNING)

line 2454: Ignoring call via function pointer m48t86_rtc_proc::__cil_tmp21 for which no suitable target was found in line: reg = (*__cil_tmp21)(13UL); (TargetLocationProvider:FunctionPointerCPA:FunctionPointerTransferRelation.getAbstractSuccessorsForEdge, WARNING)

line 2251: Ignoring call via function pointer m48t86_rtc_set_time::__cil_tmp21 for which no suitable target was found in line: reg = (*__cil_tmp21)(11UL); (TargetLocationProvider:FunctionPointerCPA:FunctionPointerTransferRelation.getAbstractSuccessorsForEdge, WARNING)

line 2258: Ignoring call via function pointer m48t86_rtc_set_time::__cil_tmp24 for which no suitable target was found in line: (*__cil_tmp24)(__cil_tmp26, 11UL); (TargetLocationProvider:FunctionPointerCPA:FunctionPointerTransferRelation.getAbstractSuccessorsForEdge, WARNING)

line 2331: Ignoring call via function pointer m48t86_rtc_set_time::__cil_tmp81 for which no suitable target was found in line: (*__cil_tmp81)(__cil_tmp83, 0UL); (TargetLocationProvider:FunctionPointerCPA:FunctionPointerTransferRelation.getAbstractSuccessorsForEdge, WARNING)

line 2340: Ignoring call via function pointer m48t86_rtc_set_time::__cil_tmp88 for which no suitable target was found in line: (*__cil_tmp88)(__cil_tmp90, 2UL); (TargetLocationProvider:FunctionPointerCPA:FunctionPointerTransferRelation.getAbstractSuccessorsForEdge, WARNING)

line 2349: Ignoring call via function pointer m48t86_rtc_set_time::__cil_tmp95 for which no suitable target was found in line: (*__cil_tmp95)(__cil_tmp97, 4UL); (TargetLocationProvider:FunctionPointerCPA:FunctionPointerTransferRelation.getAbstractSuccessorsForEdge, WARNING)

line 2358: Ignoring call via function pointer m48t86_rtc_set_time::__cil_tmp102 for which no suitable target was found in line: (*__cil_tmp102)(__cil_tmp104, 7UL); (TargetLocationProvider:FunctionPointerCPA:FunctionPointerTransferRelation.getAbstractSuccessorsForEdge, WARNING)

line 2368: Ignoring call via function pointer m48t86_rtc_set_time::__cil_tmp110 for which no suitable target was found in line: (*__cil_tmp110)(__cil_tmp112, 8UL); (TargetLocationProvider:FunctionPointerCPA:FunctionPointerTransferRelation.getAbstractSuccessorsForEdge, WARNING)

line 2378: Ignoring call via function pointer m48t86_rtc_set_time::__cil_tmp118 for which no suitable target was found in line: (*__cil_tmp118)(__cil_tmp120, 9UL); (TargetLocationProvider:FunctionPointerCPA:FunctionPointerTransferRelation.getAbstractSuccessorsForEdge, WARNING)

line 2387: Ignoring call via function pointer m48t86_rtc_set_time::__cil_tmp125 for which no suitable target was found in line: (*__cil_tmp125)(__cil_tmp127, 6UL); (TargetLocationProvider:FunctionPointerCPA:FunctionPointerTransferRelation.getAbstractSuccessorsForEdge, WARNING)

line 2398: Ignoring call via function pointer m48t86_rtc_set_time::__cil_tmp130 for which no suitable target was found in line: (*__cil_tmp130)(__cil_tmp132, 11UL); (TargetLocationProvider:FunctionPointerCPA:FunctionPointerTransferRelation.getAbstractSuccessorsForEdge, WARNING)

line 2270: Ignoring call via function pointer m48t86_rtc_set_time::__cil_tmp29 for which no suitable target was found in line: (*__cil_tmp29)(__cil_tmp33, 0UL); (TargetLocationProvider:FunctionPointerCPA:FunctionPointerTransferRelation.getAbstractSuccessorsForEdge, WARNING)

line 2278: Ignoring call via function pointer m48t86_rtc_set_time::__cil_tmp34 for which no suitable target was found in line: (*__cil_tmp34)(__cil_tmp40, 2UL); (TargetLocationProvider:FunctionPointerCPA:FunctionPointerTransferRelation.getAbstractSuccessorsForEdge, WARNING)

line 2286: Ignoring call via function pointer m48t86_rtc_set_time::__cil_tmp41 for which no suitable target was found in line: (*__cil_tmp41)(__cil_tmp47, 4UL); (TargetLocationProvider:FunctionPointerCPA:FunctionPointerTransferRelation.getAbstractSuccessorsForEdge, WARNING)

line 2294: Ignoring call via function pointer m48t86_rtc_set_time::__cil_tmp48 for which no suitable target was found in line: (*__cil_tmp48)(__cil_tmp54, 7UL); (TargetLocationProvider:FunctionPointerCPA:FunctionPointerTransferRelation.getAbstractSuccessorsForEdge, WARNING)

line 2304: Ignoring call via function pointer m48t86_rtc_set_time::__cil_tmp55 for which no suitable target was found in line: (*__cil_tmp55)(__cil_tmp63, 8UL); (TargetLocationProvider:FunctionPointerCPA:FunctionPointerTransferRelation.getAbstractSuccessorsForEdge, WARNING)

line 2313: Ignoring call via function pointer m48t86_rtc_set_time::__cil_tmp64 for which no suitable target was found in line: (*__cil_tmp64)(__cil_tmp71, 9UL); (TargetLocationProvider:FunctionPointerCPA:FunctionPointerTransferRelation.getAbstractSuccessorsForEdge, WARNING)

line 2321: Ignoring call via function pointer m48t86_rtc_set_time::__cil_tmp72 for which no suitable target was found in line: (*__cil_tmp72)(__cil_tmp78, 6UL); (TargetLocationProvider:FunctionPointerCPA:FunctionPointerTransferRelation.getAbstractSuccessorsForEdge, WARNING)

line 1941: Ignoring call via function pointer m48t86_rtc_read_time::__cil_tmp37 for which no suitable target was found in line: reg = (*__cil_tmp37)(11UL); (TargetLocationProvider:FunctionPointerCPA:FunctionPointerTransferRelation.getAbstractSuccessorsForEdge, WARNING)

line 2004: Ignoring call via function pointer m48t86_rtc_read_time::__cil_tmp78 for which no suitable target was found in line: tmp___6 = (*__cil_tmp78)(0UL); (TargetLocationProvider:FunctionPointerCPA:FunctionPointerTransferRelation.getAbstractSuccessorsForEdge, WARNING)

line 2012: Ignoring call via function pointer m48t86_rtc_read_time::__cil_tmp83 for which no suitable target was found in line: tmp___8 = (*__cil_tmp83)(2UL); (TargetLocationProvider:FunctionPointerCPA:FunctionPointerTransferRelation.getAbstractSuccessorsForEdge, WARNING)

line 2022: Ignoring call via function pointer m48t86_rtc_read_time::__cil_tmp90 for which no suitable target was found in line: tmp___10 = (*__cil_tmp90)(4UL); (TargetLocationProvider:FunctionPointerCPA:FunctionPointerTransferRelation.getAbstractSuccessorsForEdge, WARNING)

line 2033: Ignoring call via function pointer m48t86_rtc_read_time::__cil_tmp98 for which no suitable target was found in line: tmp___12 = (*__cil_tmp98)(7UL); (TargetLocationProvider:FunctionPointerCPA:FunctionPointerTransferRelation.getAbstractSuccessorsForEdge, WARNING)

line 2043: Ignoring call via function pointer m48t86_rtc_read_time::__cil_tmp105 for which no suitable target was found in line: tmp___14 = (*__cil_tmp105)(8UL); (TargetLocationProvider:FunctionPointerCPA:FunctionPointerTransferRelation.getAbstractSuccessorsForEdge, WARNING)

line 2054: Ignoring call via function pointer m48t86_rtc_read_time::__cil_tmp113 for which no suitable target was found in line: tmp___16 = (*__cil_tmp113)(9UL); (TargetLocationProvider:FunctionPointerCPA:FunctionPointerTransferRelation.getAbstractSuccessorsForEdge, WARNING)

line 2065: Ignoring call via function pointer m48t86_rtc_read_time::__cil_tmp121 for which no suitable target was found in line: tmp___18 = (*__cil_tmp121)(6UL); (TargetLocationProvider:FunctionPointerCPA:FunctionPointerTransferRelation.getAbstractSuccessorsForEdge, WARNING)

line 2083: Ignoring call via function pointer m48t86_rtc_read_time::__cil_tmp130 for which no suitable target was found in line: tmp___20 = (*__cil_tmp130)(4UL); (TargetLocationProvider:FunctionPointerCPA:FunctionPointerTransferRelation.getAbstractSuccessorsForEdge, WARNING)

line 1951: Ignoring call via function pointer m48t86_rtc_read_time::__cil_tmp42 for which no suitable target was found in line: tmp = (*__cil_tmp42)(0UL); (TargetLocationProvider:FunctionPointerCPA:FunctionPointerTransferRelation.getAbstractSuccessorsForEdge, WARNING)

line 1956: Ignoring call via function pointer m48t86_rtc_read_time::__cil_tmp45 for which no suitable target was found in line: tmp___0 = (*__cil_tmp45)(2UL); (TargetLocationProvider:FunctionPointerCPA:FunctionPointerTransferRelation.getAbstractSuccessorsForEdge, WARNING)

line 1963: Ignoring call via function pointer m48t86_rtc_read_time::__cil_tmp50 for which no suitable target was found in line: tmp___1 = (*__cil_tmp50)(4UL); (TargetLocationProvider:FunctionPointerCPA:FunctionPointerTransferRelation.getAbstractSuccessorsForEdge, WARNING)

line 1971: Ignoring call via function pointer m48t86_rtc_read_time::__cil_tmp56 for which no suitable target was found in line: tmp___2 = (*__cil_tmp56)(7UL); (TargetLocationProvider:FunctionPointerCPA:FunctionPointerTransferRelation.getAbstractSuccessorsForEdge, WARNING)

line 1978: Ignoring call via function pointer m48t86_rtc_read_time::__cil_tmp61 for which no suitable target was found in line: tmp___3 = (*__cil_tmp61)(8UL); (TargetLocationProvider:FunctionPointerCPA:FunctionPointerTransferRelation.getAbstractSuccessorsForEdge, WARNING)

line 1986: Ignoring call via function pointer m48t86_rtc_read_time::__cil_tmp67 for which no suitable target was found in line: tmp___4 = (*__cil_tmp67)(9UL); (TargetLocationProvider:FunctionPointerCPA:FunctionPointerTransferRelation.getAbstractSuccessorsForEdge, WARNING)

line 1994: Ignoring call via function pointer m48t86_rtc_read_time::__cil_tmp73 for which no suitable target was found in line: tmp___5 = (*__cil_tmp73)(6UL); (TargetLocationProvider:FunctionPointerCPA:FunctionPointerTransferRelation.getAbstractSuccessorsForEdge, WARNING)

Stopping analysis ... (CPAchecker.runAlgorithm, INFO)


PredicateCPA statistics
-----------------------
Number of abstractions:            0 (NaN% of all post computations)
Number of strengthen sat checks:   0
Number of coverage checks:         0
  BDD entailment checks:           0
Number of SMT sat checks:          0
  trivial:                         0
  cached:                          0

Max ABE block size:                       0
Avg ABE block size:                                0.00 (sum: 0, count: 0, min: 0, max: 0)
Number of predicates discovered:          0

Time for post operator:                                0.000s
  Time for path formula creation:                      0.000s
Time for strengthen operator:                          0.000s
Time for prec operator:                                0.000s
Time for coverage checks:                              0.000s
Total time for SMT solver (w/o itp):     0.000s

Total number of created targets for pointer analysis: 0



KeyValue statistics
-------------------
Init. function predicates:                         0
Init. global predicates:                           0
Init. location predicates:                         0

Invariant Generation statistics
-------------------------------

Bounds CPA statistics
---------------------
Bound k:                                           10
Maximum loop iteration reached:                    0


ValueAnalysisCPA statistics
---------------------------
Number of variables per state:                     0.00 (sum: 0, count: 1, min: 0, max: 0)
Number of global variables per state:              0.00 (sum: 0, count: 1, min: 0, max: 0)
Number of assumptions:                                    0
Number of deterministic assumptions:                      0
Level of Determinism:                              100%

ValueAnalysisPrecisionAdjustment statistics
-------------------------------------------
Number of abstraction computations:                       0
Total time for liveness abstraction:                   0.000s
Total time for abstraction computation:                0.000s
Total time for path thresholds:                        0.000s

ConstraintsStrengthenOperator statistics
----------------------------------------
Total time for strengthening by ConstraintsCPA:     0.000s
Replaced symbolic expressions: 0

AutomatonAnalysis (SVCOMP) statistics
-------------------------------------
Number of states:                                  1
Total time for successor computation:                  0.000s
Automaton transfers with branching:                0
Automaton transfer successors:                     0.00 (sum: 0, count: 0, min: 0, max: 0) []
Number of states with assumption transitions:      0

CPA algorithm statistics
------------------------
Number of iterations:            0

BMC algorithm statistics
------------------------

CPAchecker general statistics
-----------------------------
Number of program locations:                       1308
Number of CFA edges (per node):                        1327 (count: 1308, min: 0, max: 7, avg: 1.01)
Number of relevant variables:                      269
Number of functions:                               32
Number of loops (and loop nodes):                         1 (sum: 38, min: 38, max: 38, avg: 38.00)
Size of reached set:             1
  Number of reached locations:   1 (0%)
    Avg states per location:     1
    Max states per location:     1 (at node N742)
  Number of reached functions:   1 (3%)
  Number of partitions:          1
    Avg size of partitions:      1
    Max size of partitions:      1
  Number of target states:       0

Time for analysis setup:          3.139s
  Time for loading CPAs:          1.450s
  Time for loading parser:        0.206s
  Time for CFA construction:      1.407s
    Time for parsing file(s):     0.579s
    Time for AST to CFA:          0.479s
    Time for CFA sanity check:    0.001s
    Time for post-processing:     0.265s
    Time for loop structure:      0.024s
    Time for AST structure:       0.000s
      Time for function pointers resolving:            0.022s
        Function calls via function pointers:            36 (count: 1, min: 36, max: 36, avg: 36.00)
        Instrumented function pointer calls:              0 (count: 1, min: 0, max: 0, avg: 0.00)
        Function calls with function pointer arguments:        0 (count: 1, min: 0, max: 0, avg: 0.00)
        Instrumented function pointer arguments:          0 (count: 1, min: 0, max: 0, avg: 0.00)
      Time for classifying variables:                  0.156s
        Time for collecting variables:                 0.119s
        Time for solving dependencies:                 0.002s
        Time for building hierarchy:                   0.000s
        Time for building classification:              0.035s
        Time for exporting data:                       0.000s
Time for Analysis:                0.197s
CPU time for analysis:            0.390s
Time for analyzing result:        0.001s
Total time for CPAchecker:        3.338s
Total CPU time for CPAchecker:    6.530s
Time for statistics:              0.045s

Time for Garbage Collector:       0.080s (in 8 runs)
Garbage Collector(s) used:    G1 Old Generation, G1 Young Generation

Verification result: TRUE. No property violation found by chosen configuration.
More details about the verification run can be found in the directory "./output".
