scripts/cpa.sh -heap 13000M -stack 50M -noout -benchmark -bmc -setprop cpa.predicate.useArraysForHeap=false -setprop cpa.predicate.memoryAllocationsAlwaysSucceed=true -setprop cpa.loopbound.maxLoopIterations=10 -setprop cpa.predicate.encodeFloatAs=INTEGER -setprop cpa.predicate.encodeBitvectorAs=INTEGER -setprop solver.solver=princess -timelimit 900s -stats -spec test/programs/benchmarks/properties/unreach-call.prp -32 test/programs/benchmarks/nla-digbench-scaling/divbin_unwindbound2.i


--------------------------------------------------------------------------------


Running CPAchecker with Java heap of size 13000M.
Running CPAchecker with Java stack of size 50M.
Language C detected and set for analysis (CPAMain.detectFrontendLanguageIfNecessary, INFO)

Using the following resource limits: CPU-time limit of 900s (ResourceLimitChecker.fromConfiguration, INFO)

CPAchecker 2.3.1-svn-45350M / bmc (OpenJDK 64-Bit Server VM 17.0.8.1) started (CPAchecker.run, INFO)

Parsing CFA from file(s) "test/programs/benchmarks/nla-digbench-scaling/divbin_unwindbound2.i" (CPAchecker.parse, INFO)

Using unsound approximation of ints with unbounded integers and floats with unbounded integers for encoding program semantics. (PredicateCPA:FormulaManagerView.<init>, WARNING)

Using predicate analysis with Princess 2023-04-07. (PredicateCPA:PredicateCPA.<init>, INFO)

Using unsound approximation of ints with unbounded integers and floats with unbounded integers for encoding program semantics. (AssumptionStorageCPA:FormulaManagerView.<init>, WARNING)

Starting analysis ... (CPAchecker.runAlgorithm, INFO)

Creating formula for program (AbstractBMCAlgorithm.run, INFO)

Starting satisfiability check... (AbstractBMCAlgorithm.boundedModelCheck, INFO)

Error found, creating error path (AbstractBMCAlgorithm.analyzeCounterexample0, INFO)

{counter@5 -> 3, main::__CPAchecker_TMP_0@3 -> 1, main::b@4 -> 2, __VERIFIER_assert::cond@2 -> 0, counter@4 -> 2, main::__CPAchecker_TMP_1@2 -> 2, counter@3 -> 1, main::__CPAchecker_TMP_0@2 -> 0, main::b@3 -> 1, main::r@3 -> 1, main::q@3 -> 0, assume_abort_if_not::cond@3 -> 1, assume_abort_if_not::cond@2 -> 1, main::B@3 -> 1, __VERIFIER_nondet_uint!3@ -> 1, main::A@3 -> 1, __VERIFIER_nondet_uint!2@ -> 1, counter@2 -> 0, abbrev_16_def -> true, abbrev_16 -> true, Integer_*_(0, 2) -> 3, abbrev_14_def -> false, abbrev_14 -> false}
{main::b@6 -> 2, main::r@5 -> 1, assume_abort_if_not::cond@4 -> 1, main::__CPAchecker_TMP_0@3 -> 1, main::__CPAchecker_TMP_1@2 -> 2, main::A@3 -> 1, main::__CPAchecker_TMP_0@2 -> 0, main::B@3 -> 1, counter@2 -> 0, counter@3 -> 1, __VERIFIER_nondet_uint!3@ -> 1, main::q@5 -> 0, counter@4 -> 2, counter@5 -> 3, main::b@5 -> 1, assume_abort_if_not::cond@2 -> 1, __VERIFIER_nondet_uint!2@ -> 1, __VERIFIER_assert::cond@2 -> 0, Integer_*_(0, 2) -> 3}
[main::b@6: 2, main::r@5: 1, assume_abort_if_not::cond@4: 1, main::__CPAchecker_TMP_0@3: 1, main::__CPAchecker_TMP_1@2: 2, main::A@3: 1, main::__CPAchecker_TMP_0@2: 0, main::B@3: 1, counter@2: 0, counter@3: 1, __VERIFIER_nondet_uint!3@: 1, main::q@5: 0, counter@4: 2, counter@5: 3, main::b@5: 1, assume_abort_if_not::cond@2: 1, __VERIFIER_nondet_uint!2@: 1, __VERIFIER_assert::cond@2: 0, Integer_*_(0, 2): 3]
Stopping analysis ... (CPAchecker.runAlgorithm, INFO)


PredicateCPA statistics
-----------------------
Number of abstractions:            5 (4% of all post computations)
  Times abstraction was reused:    0
  Because of function entry/exit:  0 (0%)
  Because of loop head:            0 (0%)
  Because of join nodes:           0 (0%)
  Because of threshold:            0 (0%)
  Because of target state:         5 (100%)
  Times precision was empty:       5 (100%)
  Times precision was {false}:     0 (0%)
  Times result was cached:         0 (0%)
  Times cartesian abs was used:    0 (0%)
  Times boolean abs was used:      0 (0%)
  Times result was 'false':        0 (0%)
Number of strengthen sat checks:   0
Number of coverage checks:         2
  BDD entailment checks:           0
Number of SMT sat checks:          0
  trivial:                         0
  cached:                          0

Max ABE block size:                       35
Avg ABE block size:                                29.60 (sum: 148, count: 5, min: 24, max: 35)
Number of predicates discovered:          0

Time for post operator:                                0.103s
  Time for path formula creation:                      0.102s
Time for strengthen operator:                          0.003s
Time for prec operator:                                0.007s
  Time for abstraction:                  0.001s (Max:     0.001s, Count: 5)
    Solving time:                        0.000s (Max:     0.000s)
    Model enumeration time:              0.000s
    Time for BDD construction:           0.000s (Max:     0.000s)
Time for merge operator:                               0.004s
Time for coverage checks:                              0.000s
Total time for SMT solver (w/o itp):     0.000s

Total number of created targets for pointer analysis: 0



KeyValue statistics
-------------------
Init. function predicates:                         0
Init. global predicates:                           0
Init. location predicates:                         0

Invariant Generation statistics
-------------------------------

Bounds CPA statistics
---------------------
Bound k:                                           10
Maximum loop iteration reached:                    3


ValueAnalysisCPA statistics
---------------------------
Number of variables per state:                     2.87 (sum: 356, count: 124, min: 0, max: 5)
Number of global variables per state:              0.92 (sum: 114, count: 124, min: 0, max: 1)
Number of assumptions:                                   50
Number of deterministic assumptions:                      0
Level of Determinism:                              0%

ValueAnalysisPrecisionAdjustment statistics
-------------------------------------------
Number of abstraction computations:                     124
Total time for liveness abstraction:                   0.000s
Total time for abstraction computation:                0.007s
Total time for path thresholds:                        0.000s

ConstraintsStrengthenOperator statistics
----------------------------------------
Total time for strengthening by ConstraintsCPA:     0.000s
Replaced symbolic expressions: 0

AutomatonAnalysis (SVCOMP) statistics
-------------------------------------
Number of states:                                  1
Total time for successor computation:                  0.007s
Automaton transfers with branching:                0
Automaton transfer successors:                     0.95 (sum: 124, count: 131, min: 0, max: 1) [0 x 7, 1 x 124]
Number of states with assumption transitions:      0

CPA algorithm statistics
------------------------
Number of iterations:            124
Max size of waitlist:            4
Average size of waitlist:        2
LoopstackSortedWaitlist:                           0.68 (sum: 50, count: 74, min: 0, max: 38)
ReversePostorderSortedWaitlist:                    0.08 (sum: 6, count: 76, min: 0, max: 6)
LoopIterationSortedWaitlist:                       0.65 (sum: 48, count: 74, min: 0, max: 36)
CallstackSortedWaitlist:                           50.00 (sum: 50, count: 1, min: 50, max: 50)
Number of computed successors:   124
Max successors for one state:    2
Number of times merged:          1
Number of times stopped:         1
Number of times breaked:         0

Total time for CPA algorithm:         0.229s (Max:     0.229s)
  Time for choose from waitlist:      0.008s
  Time for precision adjustment:      0.035s
  Time for transfer relation:         0.168s
  Time for merge operator:            0.005s
  Time for stop operator:             0.002s
  Time for adding to reached set:     0.007s

BMC algorithm statistics
------------------------
Time for BMC formula creation:                       0.230s
Time for final sat check:                            0.575s
Time for error-path creation:                        0.080s
Time for error-path post-processing:                 0.148s

CPAchecker general statistics
-----------------------------
Number of program locations:                       71
Number of CFA edges (per node):                          72 (count: 71, min: 0, max: 2, avg: 1.01)
Number of relevant variables:                      10
Number of functions:                               4
Number of loops (and loop nodes):                         2 (sum: 18, min: 6, max: 12, avg: 9.00)
Size of reached set:             124
  Number of reached locations:   61 (86%)
    Avg states per location:     2
    Max states per location:     5 (at node N1)
  Number of reached functions:   4 (100%)
  Number of partitions:          124
    Avg size of partitions:      1
    Max size of partitions:      1
  Number of target states:       5

Time for analysis setup:          2.082s
  Time for loading CPAs:          1.232s
  Time for loading parser:        0.191s
  Time for CFA construction:      0.597s
    Time for parsing file(s):     0.362s
    Time for AST to CFA:          0.106s
    Time for CFA sanity check:    0.000s
    Time for post-processing:     0.081s
    Time for loop structure:      0.005s
    Time for AST structure:       0.000s
      Time for function pointers resolving:            0.003s
        Function calls via function pointers:             0 (count: 1, min: 0, max: 0, avg: 0.00)
        Instrumented function pointer calls:              0 (count: 1, min: 0, max: 0, avg: 0.00)
        Function calls with function pointer arguments:        0 (count: 1, min: 0, max: 0, avg: 0.00)
        Instrumented function pointer arguments:          0 (count: 1, min: 0, max: 0, avg: 0.00)
      Time for classifying variables:                  0.049s
        Time for collecting variables:                 0.029s
        Time for solving dependencies:                 0.001s
        Time for building hierarchy:                   0.000s
        Time for building classification:              0.019s
        Time for exporting data:                       0.000s
Time for Analysis:                1.116s
CPU time for analysis:            2.170s
Time for analyzing result:        0.000s
Total time for CPAchecker:        3.199s
Total CPU time for CPAchecker:    6.170s
Time for statistics:              0.033s

Time for Garbage Collector:       0.069s (in 8 runs)
Garbage Collector(s) used:    G1 Old Generation, G1 Young Generation

Verification result: FALSE. Property violation (unreach-call: reach_error(); called in line 21) found by chosen configuration.
More details about the verification run can be found in the directory "./output".
