scripts/cpa.sh -heap 13000M -stack 50M -noout -benchmark -bmc -setprop cpa.predicate.useArraysForHeap=false -setprop cpa.predicate.memoryAllocationsAlwaysSucceed=true -setprop cpa.loopbound.maxLoopIterations=10 -setprop cpa.predicate.encodeFloatAs=INTEGER -setprop cpa.predicate.encodeBitvectorAs=INTEGER -setprop solver.solver=princess -timelimit 900s -stats -spec test/programs/benchmarks/properties/unreach-call.prp -64 test/programs/benchmarks/ldv-challenges/linux-3.8-rc1-32_7a-drivers--media--dvb-frontends--stv090x.ko-ldv_main0_sequence_infinite_withcheck_stateful.cil.out.i


--------------------------------------------------------------------------------


Running CPAchecker with Java heap of size 13000M.
Running CPAchecker with Java stack of size 50M.
Language C detected and set for analysis (CPAMain.detectFrontendLanguageIfNecessary, INFO)

Using the following resource limits: CPU-time limit of 900s (ResourceLimitChecker.fromConfiguration, INFO)

CPAchecker 2.3.1-svn-45350M / bmc (OpenJDK 64-Bit Server VM 17.0.8.1) started (CPAchecker.run, INFO)

Parsing CFA from file(s) "test/programs/benchmarks/ldv-challenges/linux-3.8-rc1-32_7a-drivers--media--dvb-frontends--stv090x.ko-ldv_main0_sequence_infinite_withcheck_stateful.cil.out.i" (CPAchecker.parse, INFO)

line 10221: Dead code detected: return (5); (CFACreationUtils.addEdgeToCFA, INFO)

line 12490: Dead code detected: return ((-0x7FFFFFFF-1)); (CFACreationUtils.addEdgeToCFA, INFO)

line 15791: Dead code detected: return (ldv_func_res); (CFACreationUtils.addEdgeToCFA, INFO)

line 11920: Function pointer *(state->config->tuner_set_bandwidth) with type int (*)(struct dvb_frontend *, u32 ) is called, but no possible target functions were found. (CFunctionPointerResolver.getTargets, WARNING)

line 11911: Function pointer *(state->config->tuner_set_frequency) with type int (*)(struct dvb_frontend *, u32 ) is called, but no possible target functions were found. (CFunctionPointerResolver.getTargets, WARNING)

line 11902: Function pointer *(state->config->tuner_set_bbgain) with type int (*)(struct dvb_frontend *, u32 ) is called, but no possible target functions were found. (CFunctionPointerResolver.getTargets, WARNING)

line 9174: Function pointer *(state->config->tuner_set_bandwidth) with type int (*)(struct dvb_frontend *, u32 ) is called, but no possible target functions were found. (CFunctionPointerResolver.getTargets, WARNING)

line 9165: Function pointer *(state->config->tuner_set_frequency) with type int (*)(struct dvb_frontend *, u32 ) is called, but no possible target functions were found. (CFunctionPointerResolver.getTargets, WARNING)

line 4347: Function pointer *(state->config->tuner_i2c_lock) with type void (*)(struct dvb_frontend *, int) is called, but no possible target functions were found. (CFunctionPointerResolver.getTargets, WARNING)

line 4324: Function pointer *(state->config->tuner_i2c_lock) with type void (*)(struct dvb_frontend *, int) is called, but no possible target functions were found. (CFunctionPointerResolver.getTargets, WARNING)

line 4254: Function pointer *(state->config->tuner_i2c_lock) with type void (*)(struct dvb_frontend *, int) is called, but no possible target functions were found. (CFunctionPointerResolver.getTargets, WARNING)

line 15143: Function pointer *(config->tuner_set_mode) with type int (*)(struct dvb_frontend *, enum tuner_mode ) is called, but no possible target functions were found. (CFunctionPointerResolver.getTargets, WARNING)

line 11205: Function pointer *(state->config->tuner_set_bandwidth) with type int (*)(struct dvb_frontend *, u32 ) is called, but no possible target functions were found. (CFunctionPointerResolver.getTargets, WARNING)

line 7873: Function pointer *(state->config->tuner_set_bandwidth) with type int (*)(struct dvb_frontend *, u32 ) is called, but no possible target functions were found. (CFunctionPointerResolver.getTargets, WARNING)

line 7864: Function pointer *(state->config->tuner_set_frequency) with type int (*)(struct dvb_frontend *, u32 ) is called, but no possible target functions were found. (CFunctionPointerResolver.getTargets, WARNING)

Using unsound approximation of ints with unbounded integers and floats with unbounded integers for encoding program semantics. (PredicateCPA:FormulaManagerView.<init>, WARNING)

Using predicate analysis with Princess 2023-04-07. (PredicateCPA:PredicateCPA.<init>, INFO)

Using unsound approximation of ints with unbounded integers and floats with unbounded integers for encoding program semantics. (AssumptionStorageCPA:FormulaManagerView.<init>, WARNING)

Starting analysis ... (CPAchecker.runAlgorithm, INFO)

Recursion detected, aborting. To ignore recursion, add -skipRecursion to the command line. (TargetLocationProvider:CallstackCPA:CallstackTransferRelation.getAbstractSuccessorsForEdge, INFO)

Recursion detected. Defaulting to selecting all locations as potential target locations. (TargetLocationProvider:TargetLocationProviderImpl.tryGetAutomatonTargetLocations, INFO)

Creating formula for program (AbstractBMCAlgorithm.run, INFO)

Exception in thread "main" org.sosy_lab.java_smt.basicimpl.GeneratorException: Modular Congruence is not available in SMTLIB2. 
	at org.sosy_lab.java_smt.basicimpl.AbstractNumeralFormulaManager.modularCongruence(AbstractNumeralFormulaManager.java:361)
	at org.sosy_lab.java_smt.solvers.princess.PrincessIntegerFormulaManager.modularCongruence(PrincessIntegerFormulaManager.java:22)
	at org.sosy_lab.cpachecker.util.predicates.smt.IntegerFormulaManagerView.modularCongruence(IntegerFormulaManagerView.java:35)
	at org.sosy_lab.cpachecker.util.predicates.smt.FormulaManagerView.makeModularCongruence(FormulaManagerView.java:688)
	at org.sosy_lab.cpachecker.util.predicates.smt.FormulaManagerView.makeModularCongruence(FormulaManagerView.java:670)
	at org.sosy_lab.cpachecker.util.predicates.pathformula.pointeraliasing.PointerTargetSetManager.makeBaseAddressConstraints(PointerTargetSetManager.java:653)
	at org.sosy_lab.cpachecker.util.predicates.pathformula.pointeraliasing.PointerTargetSetBuilder$RealPointerTargetSetBuilder.addNextBaseAddressConstraints(PointerTargetSetBuilder.java:286)
	at org.sosy_lab.cpachecker.util.predicates.pathformula.pointeraliasing.CToFormulaConverterWithPointerAliasing.declareSharedBase(CToFormulaConverterWithPointerAliasing.java:442)
	at org.sosy_lab.cpachecker.util.predicates.pathformula.pointeraliasing.CToFormulaConverterWithPointerAliasing.makeDeclaration(CToFormulaConverterWithPointerAliasing.java:1001)
	at org.sosy_lab.cpachecker.util.predicates.pathformula.ctoformula.CtoFormulaConverter.createFormulaForEdge(CtoFormulaConverter.java:1231)
	at org.sosy_lab.cpachecker.util.predicates.pathformula.ctoformula.CtoFormulaConverter.makeAnd(CtoFormulaConverter.java:1049)
	at org.sosy_lab.cpachecker.util.predicates.pathformula.PathFormulaManagerImpl.makeAnd(PathFormulaManagerImpl.java:246)
	at org.sosy_lab.cpachecker.util.predicates.pathformula.PathFormulaManagerImpl.makeAnd(PathFormulaManagerImpl.java:300)
	at org.sosy_lab.cpachecker.cpa.predicate.PredicateTransferRelation.convertEdgeToPathFormula(PredicateTransferRelation.java:203)
	at org.sosy_lab.cpachecker.cpa.predicate.PredicateTransferRelation.getAbstractSuccessorsForEdge(PredicateTransferRelation.java:113)
	at org.sosy_lab.cpachecker.cpa.composite.CompositeTransferRelation.callTransferRelation(CompositeTransferRelation.java:297)
	at org.sosy_lab.cpachecker.cpa.composite.CompositeTransferRelation.getAbstractSuccessorForSimpleEdge(CompositeTransferRelation.java:264)
	at org.sosy_lab.cpachecker.cpa.composite.CompositeTransferRelation.getAbstractSuccessorForEdge(CompositeTransferRelation.java:196)
	at org.sosy_lab.cpachecker.cpa.composite.CompositeTransferRelation.getAbstractSuccessors(CompositeTransferRelation.java:88)
	at org.sosy_lab.cpachecker.cpa.arg.ARGTransferRelation.getAbstractSuccessors(ARGTransferRelation.java:45)
	at org.sosy_lab.cpachecker.core.algorithm.CPAAlgorithm.handleState(CPAAlgorithm.java:334)
	at org.sosy_lab.cpachecker.core.algorithm.CPAAlgorithm.run0(CPAAlgorithm.java:289)
	at org.sosy_lab.cpachecker.core.algorithm.CPAAlgorithm.run(CPAAlgorithm.java:260)
	at org.sosy_lab.cpachecker.core.algorithm.bmc.BMCHelper.unroll(BMCHelper.java:192)
	at org.sosy_lab.cpachecker.core.algorithm.bmc.AbstractBMCAlgorithm.run(AbstractBMCAlgorithm.java:427)
	at org.sosy_lab.cpachecker.core.algorithm.bmc.BMCAlgorithm.run(BMCAlgorithm.java:130)
	at org.sosy_lab.cpachecker.core.CPAchecker.runAlgorithm(CPAchecker.java:507)
	at org.sosy_lab.cpachecker.core.CPAchecker.run(CPAchecker.java:369)
	at org.sosy_lab.cpachecker.cmdline.CPAMain.main(CPAMain.java:170)
