scripts/cpa.sh -heap 13000M -stack 50M -noout -benchmark -bmc -setprop cpa.predicate.useArraysForHeap=false -setprop cpa.predicate.memoryAllocationsAlwaysSucceed=true -setprop cpa.loopbound.maxLoopIterations=10 -setprop cpa.predicate.encodeFloatAs=INTEGER -setprop cpa.predicate.encodeBitvectorAs=INTEGER -setprop solver.solver=princess_binary -setprop proveroptions.option=use_binary -timelimit 900s -stats -spec test/programs/benchmarks/properties/unreach-call.prp -64 test/programs/benchmarks/ldv-linux-3.4-simple/43_1a_cilled_ok_nondet_linux-43_1a-drivers--watchdog--pc87413_wdt.ko-ldv_main0_sequence_infinite_withcheck_stateful.cil.out.i


--------------------------------------------------------------------------------


Running CPAchecker with Java heap of size 13000M.
Running CPAchecker with Java stack of size 50M.
Language C detected and set for analysis (CPAMain.detectFrontendLanguageIfNecessary, INFO)

Using the following resource limits: CPU-time limit of 900s (ResourceLimitChecker.fromConfiguration, INFO)

CPAchecker 2.3.1-svn-45350M / bmc (OpenJDK 64-Bit Server VM 17.0.8.1) started (CPAchecker.run, INFO)

Parsing CFA from file(s) "test/programs/benchmarks/ldv-linux-3.4-simple/43_1a_cilled_ok_nondet_linux-43_1a-drivers--watchdog--pc87413_wdt.ko-ldv_main0_sequence_infinite_withcheck_stateful.cil.out.i" (CPAchecker.parse, INFO)

line 2095: Dead code detected: goto case_2; (CFACreationUtils.addEdgeToCFA, INFO)

line 2098: Dead code detected: goto case_4; (CFACreationUtils.addEdgeToCFA, INFO)

line 2101: Dead code detected: goto case_8; (CFACreationUtils.addEdgeToCFA, INFO)

line 2104: Dead code detected: goto switch_default; (CFACreationUtils.addEdgeToCFA, INFO)

Dead code detected: Label case_8 is not reachable. (CFAFunctionBuilder.leave, INFO)

Dead code detected: Label switch_break is not reachable. (CFAFunctionBuilder.leave, INFO)

Dead code detected: Label switch_default is not reachable. (CFAFunctionBuilder.leave, INFO)

Dead code detected: Label case_4 is not reachable. (CFAFunctionBuilder.leave, INFO)

Dead code detected: Label case_2 is not reachable. (CFAFunctionBuilder.leave, INFO)

line 2457: Dead code detected: goto case_1; (CFACreationUtils.addEdgeToCFA, INFO)

line 2460: Dead code detected: goto case_2; (CFACreationUtils.addEdgeToCFA, INFO)

line 2466: Dead code detected: goto case_8; (CFACreationUtils.addEdgeToCFA, INFO)

line 2469: Dead code detected: goto switch_default; (CFACreationUtils.addEdgeToCFA, INFO)

line 2504: Dead code detected: goto case_1___0; (CFACreationUtils.addEdgeToCFA, INFO)

line 2507: Dead code detected: goto case_2___0; (CFACreationUtils.addEdgeToCFA, INFO)

line 2513: Dead code detected: goto case_8___0; (CFACreationUtils.addEdgeToCFA, INFO)

line 2516: Dead code detected: goto switch_default___0; (CFACreationUtils.addEdgeToCFA, INFO)

line 2551: Dead code detected: goto case_1___1; (CFACreationUtils.addEdgeToCFA, INFO)

line 2554: Dead code detected: goto case_2___1; (CFACreationUtils.addEdgeToCFA, INFO)

line 2560: Dead code detected: goto case_8___1; (CFACreationUtils.addEdgeToCFA, INFO)

line 2563: Dead code detected: goto switch_default___1; (CFACreationUtils.addEdgeToCFA, INFO)

line 2619: Dead code detected: goto case_1___2; (CFACreationUtils.addEdgeToCFA, INFO)

line 2622: Dead code detected: goto case_2___2; (CFACreationUtils.addEdgeToCFA, INFO)

line 2628: Dead code detected: goto case_8___2; (CFACreationUtils.addEdgeToCFA, INFO)

line 2631: Dead code detected: goto switch_default___2; (CFACreationUtils.addEdgeToCFA, INFO)

line 2681: Dead code detected: goto case_1___3; (CFACreationUtils.addEdgeToCFA, INFO)

line 2684: Dead code detected: goto case_2___3; (CFACreationUtils.addEdgeToCFA, INFO)

line 2690: Dead code detected: goto case_8___3; (CFACreationUtils.addEdgeToCFA, INFO)

line 2693: Dead code detected: goto switch_default___3; (CFACreationUtils.addEdgeToCFA, INFO)

Dead code detected: Label case_8___3 is not reachable. (CFAFunctionBuilder.leave, INFO)

Dead code detected: Label case_8___2 is not reachable. (CFAFunctionBuilder.leave, INFO)

Dead code detected: Label case_8___1 is not reachable. (CFAFunctionBuilder.leave, INFO)

Dead code detected: Label case_8 is not reachable. (CFAFunctionBuilder.leave, INFO)

Dead code detected: Label case_8___0 is not reachable. (CFAFunctionBuilder.leave, INFO)

Dead code detected: Label case_1 is not reachable. (CFAFunctionBuilder.leave, INFO)

Dead code detected: Label case_2 is not reachable. (CFAFunctionBuilder.leave, INFO)

Dead code detected: Label switch_break is not reachable. (CFAFunctionBuilder.leave, INFO)

Dead code detected: Label switch_default is not reachable. (CFAFunctionBuilder.leave, INFO)

Dead code detected: Label case_2___2 is not reachable. (CFAFunctionBuilder.leave, INFO)

Dead code detected: Label case_2___3 is not reachable. (CFAFunctionBuilder.leave, INFO)

Dead code detected: Label case_2___0 is not reachable. (CFAFunctionBuilder.leave, INFO)

Dead code detected: Label case_2___1 is not reachable. (CFAFunctionBuilder.leave, INFO)

Dead code detected: Label case_1___1 is not reachable. (CFAFunctionBuilder.leave, INFO)

Dead code detected: Label case_1___2 is not reachable. (CFAFunctionBuilder.leave, INFO)

Dead code detected: Label case_1___3 is not reachable. (CFAFunctionBuilder.leave, INFO)

Dead code detected: Label case_1___0 is not reachable. (CFAFunctionBuilder.leave, INFO)

Dead code detected: Label switch_break is not reachable. (CFAFunctionBuilder.leave, INFO)

Inline assembler ignored, analysis is probably unsound! (CFABuilder.createCFA, WARNING)

line 1557: Function pointer *__cil_tmp2 with type void (*)() is called, but no possible target functions were found. (CFunctionPointerResolver.getTargets, WARNING)

Using unsound approximation of ints with unbounded integers and floats with unbounded integers for encoding program semantics. (PredicateCPA:FormulaManagerView.<init>, WARNING)

Using predicate analysis with Princess 2023-04-07. (PredicateCPA:PredicateCPA.<init>, INFO)

Using unsound approximation of ints with unbounded integers and floats with unbounded integers for encoding program semantics. (AssumptionStorageCPA:FormulaManagerView.<init>, WARNING)

The following configuration options were specified but are not used:
 proveroptions.option 
 (CPAchecker.printConfigurationWarnings, WARNING)

Starting analysis ... (CPAchecker.runAlgorithm, INFO)

line 1557: Ignoring call via function pointer slow_down_io::__cil_tmp2 for which no suitable target was found in line: (*__cil_tmp2)(); (TargetLocationProvider:FunctionPointerCPA:FunctionPointerTransferRelation.getAbstractSuccessorsForEdge, WARNING)

Stopping analysis ... (CPAchecker.runAlgorithm, INFO)


PredicateCPA statistics
-----------------------
Number of abstractions:            0 (NaN% of all post computations)
Number of strengthen sat checks:   0
Number of coverage checks:         0
  BDD entailment checks:           0
Number of SMT sat checks:          0
  trivial:                         0
  cached:                          0

Max ABE block size:                       0
Avg ABE block size:                                0.00 (sum: 0, count: 0, min: 0, max: 0)
Number of predicates discovered:          0

Time for post operator:                                0.000s
  Time for path formula creation:                      0.000s
Time for strengthen operator:                          0.000s
Time for prec operator:                                0.000s
Time for coverage checks:                              0.000s
Total time for SMT solver (w/o itp):     0.000s

Total number of created targets for pointer analysis: 0



KeyValue statistics
-------------------
Init. function predicates:                         0
Init. global predicates:                           0
Init. location predicates:                         0

Invariant Generation statistics
-------------------------------

Bounds CPA statistics
---------------------
Bound k:                                           10
Maximum loop iteration reached:                    0


ValueAnalysisCPA statistics
---------------------------
Number of variables per state:                     0.00 (sum: 0, count: 1, min: 0, max: 0)
Number of global variables per state:              0.00 (sum: 0, count: 1, min: 0, max: 0)
Number of assumptions:                                    0
Number of deterministic assumptions:                      0
Level of Determinism:                              100%

ValueAnalysisPrecisionAdjustment statistics
-------------------------------------------
Number of abstraction computations:                       0
Total time for liveness abstraction:                   0.000s
Total time for abstraction computation:                0.000s
Total time for path thresholds:                        0.000s

ConstraintsStrengthenOperator statistics
----------------------------------------
Total time for strengthening by ConstraintsCPA:     0.000s
Replaced symbolic expressions: 0

AutomatonAnalysis (SVCOMP) statistics
-------------------------------------
Number of states:                                  1
Total time for successor computation:                  0.000s
Automaton transfers with branching:                0
Automaton transfer successors:                     0.00 (sum: 0, count: 0, min: 0, max: 0) []
Number of states with assumption transitions:      0

CPA algorithm statistics
------------------------
Number of iterations:            0

BMC algorithm statistics
------------------------

CPAchecker general statistics
-----------------------------
Number of program locations:                       1556
Number of CFA edges (per node):                        1658 (count: 1556, min: 0, max: 17, avg: 1.07)
Number of relevant variables:                      181
Number of functions:                               62
Number of loops (and loop nodes):                         2 (sum: 75, min: 20, max: 55, avg: 37.50)
Size of reached set:             1
  Number of reached locations:   1 (0%)
    Avg states per location:     1
    Max states per location:     1 (at node N1218)
  Number of reached functions:   1 (2%)
  Number of partitions:          1
    Avg size of partitions:      1
    Max size of partitions:      1
  Number of target states:       0

Time for analysis setup:          2.992s
  Time for loading CPAs:          1.354s
  Time for loading parser:        0.198s
  Time for CFA construction:      1.382s
    Time for parsing file(s):     0.520s
    Time for AST to CFA:          0.520s
    Time for CFA sanity check:    0.001s
    Time for post-processing:     0.258s
    Time for loop structure:      0.009s
    Time for AST structure:       0.000s
      Time for function pointers resolving:            0.005s
        Function calls via function pointers:             1 (count: 1, min: 1, max: 1, avg: 1.00)
        Instrumented function pointer calls:              0 (count: 1, min: 0, max: 0, avg: 0.00)
        Function calls with function pointer arguments:        0 (count: 1, min: 0, max: 0, avg: 0.00)
        Instrumented function pointer arguments:          0 (count: 1, min: 0, max: 0, avg: 0.00)
      Time for classifying variables:                  0.183s
        Time for collecting variables:                 0.129s
        Time for solving dependencies:                 0.006s
        Time for building hierarchy:                   0.001s
        Time for building classification:              0.047s
        Time for exporting data:                       0.000s
Time for Analysis:                0.266s
CPU time for analysis:            0.540s
Time for analyzing result:        0.000s
Total time for CPAchecker:        3.259s
Total CPU time for CPAchecker:    6.400s
Time for statistics:              0.027s

Time for Garbage Collector:       0.074s (in 8 runs)
Garbage Collector(s) used:    G1 Old Generation, G1 Young Generation

Verification result: TRUE. No property violation found by chosen configuration.
More details about the verification run can be found in the directory "./output".
