scripts/cpa.sh -heap 13000M -stack 50M -noout -benchmark -bmc -setprop cpa.predicate.useArraysForHeap=false -setprop cpa.predicate.memoryAllocationsAlwaysSucceed=true -setprop cpa.loopbound.maxLoopIterations=10 -setprop cpa.predicate.encodeFloatAs=INTEGER -setprop cpa.predicate.encodeBitvectorAs=INTEGER -setprop solver.solver=princess_binary -setprop proveroptions.option=use_binary -timelimit 900s -stats -spec test/programs/benchmarks/properties/unreach-call.prp -32 test/programs/benchmarks/nla-digbench-scaling/lcm1_unwindbound1.c


--------------------------------------------------------------------------------


Running CPAchecker with Java heap of size 13000M.
Running CPAchecker with Java stack of size 50M.
Language C detected and set for analysis (CPAMain.detectFrontendLanguageIfNecessary, INFO)

Using the following resource limits: CPU-time limit of 900s (ResourceLimitChecker.fromConfiguration, INFO)

CPAchecker 2.3.1-svn-45350M / bmc (OpenJDK 64-Bit Server VM 17.0.8.1) started (CPAchecker.run, INFO)

Parsing CFA from file(s) "test/programs/benchmarks/nla-digbench-scaling/lcm1_unwindbound1.c" (CPAchecker.parse, INFO)

Using unsound approximation of ints with unbounded integers and floats with unbounded integers for encoding program semantics. (PredicateCPA:FormulaManagerView.<init>, WARNING)

Using predicate analysis with Princess 2023-04-07. (PredicateCPA:PredicateCPA.<init>, INFO)

Using unsound approximation of ints with unbounded integers and floats with unbounded integers for encoding program semantics. (AssumptionStorageCPA:FormulaManagerView.<init>, WARNING)

The following configuration options were specified but are not used:
 proveroptions.option 
 (CPAchecker.printConfigurationWarnings, WARNING)

Starting analysis ... (CPAchecker.runAlgorithm, INFO)

Creating formula for program (AbstractBMCAlgorithm.run, INFO)

Starting satisfiability check... (AbstractBMCAlgorithm.boundedModelCheck, INFO)

Error found, creating error path (AbstractBMCAlgorithm.analyzeCounterexample0, INFO)

{__VERIFIER_assert::cond@2 -> 0, counter@3 -> 1, main::__CPAchecker_TMP_0@2 -> 0, main::v@3 -> 0, main::u@3 -> 65535, main::y@3 -> 65535, main::x@3 -> 65535, assume_abort_if_not::cond@5 -> 1, assume_abort_if_not::cond@4 -> 1, assume_abort_if_not::cond@3 -> 1, assume_abort_if_not::cond@2 -> 1, main::b@3 -> 65535, __VERIFIER_nondet_uint!3@ -> 65535, main::a@3 -> 65535, __VERIFIER_nondet_uint!2@ -> 65535, counter@2 -> 0, abbrev_14_def -> true, abbrev_14 -> true, Integer_*_(65535, 65535) -> 65536, Integer_*_(65535, 0) -> 65537}
{main::v@7 -> 0, main::u@7 -> 65535, main::y@7 -> 65535, main::x@7 -> 65535, assume_abort_if_not::cond@8 -> 1, assume_abort_if_not::cond@6 -> 1, main::__CPAchecker_TMP_0@2 -> 0, counter@2 -> 0, counter@3 -> 1, __VERIFIER_nondet_uint!3@ -> 65535, main::a@3 -> 65535, main::b@3 -> 65535, assume_abort_if_not::cond@2 -> 1, assume_abort_if_not::cond@4 -> 1, __VERIFIER_nondet_uint!2@ -> 65535, __VERIFIER_assert::cond@2 -> 0, Integer_*_(65535, 65535) -> 65536, Integer_*_(65535, 0) -> 65537}
[main::v@7: 0, main::u@7: 65535, main::y@7: 65535, main::x@7: 65535, assume_abort_if_not::cond@8: 1, assume_abort_if_not::cond@6: 1, main::__CPAchecker_TMP_0@2: 0, counter@2: 0, counter@3: 1, __VERIFIER_nondet_uint!3@: 65535, main::a@3: 65535, main::b@3: 65535, assume_abort_if_not::cond@2: 1, assume_abort_if_not::cond@4: 1, __VERIFIER_nondet_uint!2@: 65535, __VERIFIER_assert::cond@2: 0, Integer_*_(65535, 65535): 65536, Integer_*_(65535, 0): 65537]
Stopping analysis ... (CPAchecker.runAlgorithm, INFO)


PredicateCPA statistics
-----------------------
Number of abstractions:            5 (4% of all post computations)
  Times abstraction was reused:    0
  Because of function entry/exit:  0 (0%)
  Because of loop head:            0 (0%)
  Because of join nodes:           0 (0%)
  Because of threshold:            0 (0%)
  Because of target state:         5 (100%)
  Times precision was empty:       5 (100%)
  Times precision was {false}:     0 (0%)
  Times result was cached:         0 (0%)
  Times cartesian abs was used:    0 (0%)
  Times boolean abs was used:      0 (0%)
  Times result was 'false':        0 (0%)
Number of strengthen sat checks:   0
Number of coverage checks:         0
  BDD entailment checks:           0
Number of SMT sat checks:          0
  trivial:                         0
  cached:                          0

Max ABE block size:                       40
Avg ABE block size:                                32.80 (sum: 164, count: 5, min: 26, max: 40)
Number of predicates discovered:          0

Time for post operator:                                0.075s
  Time for path formula creation:                      0.075s
Time for strengthen operator:                          0.005s
Time for prec operator:                                0.001s
  Time for abstraction:                  0.000s (Max:     0.000s, Count: 5)
    Solving time:                        0.000s (Max:     0.000s)
    Model enumeration time:              0.000s
    Time for BDD construction:           0.000s (Max:     0.000s)
Time for coverage checks:                              0.000s
Total time for SMT solver (w/o itp):     0.000s

Total number of created targets for pointer analysis: 0



KeyValue statistics
-------------------
Init. function predicates:                         0
Init. global predicates:                           0
Init. location predicates:                         0

Invariant Generation statistics
-------------------------------

Bounds CPA statistics
---------------------
Bound k:                                           10
Maximum loop iteration reached:                    2


ValueAnalysisCPA statistics
---------------------------
Number of variables per state:                     2.68 (sum: 289, count: 108, min: 0, max: 6)
Number of global variables per state:              0.93 (sum: 100, count: 108, min: 0, max: 1)
Number of assumptions:                                   36
Number of deterministic assumptions:                      0
Level of Determinism:                              0%

ValueAnalysisPrecisionAdjustment statistics
-------------------------------------------
Number of abstraction computations:                     107
Total time for liveness abstraction:                   0.000s
Total time for abstraction computation:                0.005s
Total time for path thresholds:                        0.000s

ConstraintsStrengthenOperator statistics
----------------------------------------
Total time for strengthening by ConstraintsCPA:     0.000s
Replaced symbolic expressions: 0

AutomatonAnalysis (SVCOMP) statistics
-------------------------------------
Number of states:                                  1
Total time for successor computation:                  0.005s
Automaton transfers with branching:                0
Automaton transfer successors:                     0.92 (sum: 107, count: 116, min: 0, max: 1) [0 x 9, 1 x 107]
Number of states with assumption transitions:      0

CPA algorithm statistics
------------------------
Number of iterations:            108
Max size of waitlist:            3
Average size of waitlist:        1
LoopstackSortedWaitlist:                           0.21 (sum: 19, count: 89, min: 0, max: 5)
ReversePostorderSortedWaitlist:                    0.00 (sum: 0, count: 89, min: 0, max: 0)
LoopIterationSortedWaitlist:                       0.21 (sum: 19, count: 89, min: 0, max: 5)
CallstackSortedWaitlist:                           19.00 (sum: 19, count: 1, min: 19, max: 19)
Number of computed successors:   107
Max successors for one state:    2
Number of times merged:          0
Number of times stopped:         0
Number of times breaked:         0

Total time for CPA algorithm:         0.166s (Max:     0.166s)
  Time for choose from waitlist:      0.007s
  Time for precision adjustment:      0.018s
  Time for transfer relation:         0.127s
  Time for stop operator:             0.002s
  Time for adding to reached set:     0.007s

BMC algorithm statistics
------------------------
Time for BMC formula creation:                       0.168s
Time for final sat check:                            0.622s
Time for error-path creation:                        0.116s
Time for error-path post-processing:                 0.137s

CPAchecker general statistics
-----------------------------
Number of program locations:                       77
Number of CFA edges (per node):                          85 (count: 77, min: 0, max: 5, avg: 1.10)
Number of relevant variables:                      12
Number of functions:                               4
Number of loops (and loop nodes):                         3 (sum: 42, min: 8, max: 26, avg: 14.00)
Size of reached set:             108
  Number of reached locations:   58 (75%)
    Avg states per location:     1
    Max states per location:     5 (at node N1)
  Number of reached functions:   4 (100%)
  Number of partitions:          108
    Avg size of partitions:      1
    Max size of partitions:      1
  Number of target states:       5

Time for analysis setup:          2.177s
  Time for loading CPAs:          1.284s
  Time for loading parser:        0.262s
  Time for CFA construction:      0.557s
    Time for parsing file(s):     0.310s
    Time for AST to CFA:          0.101s
    Time for CFA sanity check:    0.001s
    Time for post-processing:     0.088s
    Time for loop structure:      0.007s
    Time for AST structure:       0.000s
      Time for function pointers resolving:            0.003s
        Function calls via function pointers:             0 (count: 1, min: 0, max: 0, avg: 0.00)
        Instrumented function pointer calls:              0 (count: 1, min: 0, max: 0, avg: 0.00)
        Function calls with function pointer arguments:        0 (count: 1, min: 0, max: 0, avg: 0.00)
        Instrumented function pointer arguments:          0 (count: 1, min: 0, max: 0, avg: 0.00)
      Time for classifying variables:                  0.052s
        Time for collecting variables:                 0.031s
        Time for solving dependencies:                 0.001s
        Time for building hierarchy:                   0.000s
        Time for building classification:              0.020s
        Time for exporting data:                       0.000s
Time for Analysis:                1.173s
CPU time for analysis:            2.300s
Time for analyzing result:        0.001s
Total time for CPAchecker:        3.352s
Total CPU time for CPAchecker:    6.550s
Time for statistics:              0.035s

Time for Garbage Collector:       0.065s (in 8 runs)
Garbage Collector(s) used:    G1 Old Generation, G1 Young Generation

Verification result: FALSE. Property violation (unreach-call: reach_error(); called in line 17) found by chosen configuration.
More details about the verification run can be found in the directory "./output".
