scripts/cpa.sh -heap 13000M -stack 50M -noout -benchmark -bmc -setprop cpa.predicate.useArraysForHeap=false -setprop cpa.predicate.memoryAllocationsAlwaysSucceed=true -setprop cpa.loopbound.maxLoopIterations=10 -setprop cpa.predicate.encodeFloatAs=INTEGER -setprop cpa.predicate.encodeBitvectorAs=INTEGER -setprop solver.solver=princess -timelimit 900s -stats -spec test/programs/benchmarks/properties/unreach-call.prp -64 test/programs/benchmarks/ldv-linux-4.2-rc1/linux-4.2-rc1.tar.xz-32_7a-drivers--usb--serial--usbserial.ko-entry_point.cil.out.i


--------------------------------------------------------------------------------


Running CPAchecker with Java heap of size 13000M.
Running CPAchecker with Java stack of size 50M.
Language C detected and set for analysis (CPAMain.detectFrontendLanguageIfNecessary, INFO)

Using the following resource limits: CPU-time limit of 900s (ResourceLimitChecker.fromConfiguration, INFO)

CPAchecker 2.3.1-svn-45350M / bmc (OpenJDK 64-Bit Server VM 17.0.8.1) started (CPAchecker.run, INFO)

Parsing CFA from file(s) "test/programs/benchmarks/ldv-linux-4.2-rc1/linux-4.2-rc1.tar.xz-32_7a-drivers--usb--serial--usbserial.ko-entry_point.cil.out.i" (CPAchecker.parse, INFO)

lines 4011-4012: Dead code detected: __asm__ volatile (".pushsection .smp_locks,\"a\"\n.balign 4\n.long 671f - .\n.popsection\n671:\n\tlock; xaddb %b0, %1\n": "+q" (__ret),
                       "+m" (v->counter): : "memory", "cc"); (CFACreationUtils.addEdgeToCFA, INFO)

lines 4015-4016: Dead code detected: __asm__ volatile (".pushsection .smp_locks,\"a\"\n.balign 4\n.long 671f - .\n.popsection\n671:\n\tlock; xaddw %w0, %1\n": "+r" (__ret),
                       "+m" (v->counter): : "memory", "cc"); (CFACreationUtils.addEdgeToCFA, INFO)

lines 4023-4024: Dead code detected: __asm__ volatile (".pushsection .smp_locks,\"a\"\n.balign 4\n.long 671f - .\n.popsection\n671:\n\tlock; xaddq %q0, %1\n": "+r" (__ret),
                       "+m" (v->counter): : "memory", "cc"); (CFACreationUtils.addEdgeToCFA, INFO)

line 4026: Dead code detected: switch (4UL) {
  case 1UL:
  __asm__ volatile (".pushsection .smp_locks,\"a\"\n.balign 4\n.long 671f - .\n.popsection\n671:\n\tlock; xaddb %b0, %1\n": "+q" (__ret),
                       "+m" (v->counter): : "memory", "cc");
  goto ldv_5596;
  case 2UL:
  __asm__ volatile (".pushsection .smp_locks,\"a\"\n.balign 4\n.long 671f - .\n.popsection\n671:\n\tlock; xaddw %w0, %1\n": "+r" (__ret),
                       "+m" (v->counter): : "memory", "cc");
  goto ldv_5596;
  case 4UL:
  __asm__ volatile (".pushsection .smp_locks,\"a\"\n.balign 4\n.long 671f - .\n.popsection\n671:\n\tlock; xaddl %0, %1\n": "+r" (__ret),
                       "+m" (v->counter): : "memory", "cc");
  goto ldv_5596;
  case 8UL:
  __asm__ volatile (".pushsection .smp_locks,\"a\"\n.balign 4\n.long 671f - .\n.popsection\n671:\n\tlock; xaddq %q0, %1\n": "+r" (__ret),
                       "+m" (v->counter): : "memory", "cc");
  goto ldv_5596;
  default:
  __xadd_wrong_size();
  } (CFACreationUtils.addEdgeToCFA, INFO)

line 8010: Dead code detected: return (ldv_func_res); (CFACreationUtils.addEdgeToCFA, INFO)

line 8383: Dead code detected: __asm__ ("movb %%gs:%P1,%0": "=q" (pfo_ret__): "p" (& current_task)); (CFACreationUtils.addEdgeToCFA, INFO)

line 8386: Dead code detected: __asm__ ("movw %%gs:%P1,%0": "=r" (pfo_ret__): "p" (& current_task)); (CFACreationUtils.addEdgeToCFA, INFO)

line 8389: Dead code detected: __asm__ ("movl %%gs:%P1,%0": "=r" (pfo_ret__): "p" (& current_task)); (CFACreationUtils.addEdgeToCFA, INFO)

line 8394: Dead code detected: switch (8UL) {
  case 1UL:
  __asm__ ("movb %%gs:%P1,%0": "=q" (pfo_ret__): "p" (& current_task));
  goto ldv_2696;
  case 2UL:
  __asm__ ("movw %%gs:%P1,%0": "=r" (pfo_ret__): "p" (& current_task));
  goto ldv_2696;
  case 4UL:
  __asm__ ("movl %%gs:%P1,%0": "=r" (pfo_ret__): "p" (& current_task));
  goto ldv_2696;
  case 8UL:
  __asm__ ("movq %%gs:%P1,%0": "=r" (pfo_ret__): "p" (& current_task));
  goto ldv_2696;
  default:
  __bad_percpu_size();
  } (CFACreationUtils.addEdgeToCFA, INFO)

line 9972: Dead code detected: return (ldv_func_res); (CFACreationUtils.addEdgeToCFA, INFO)

line 10434: Dead code detected: return (ldv_func_res); (CFACreationUtils.addEdgeToCFA, INFO)

Inline assembler ignored, analysis is probably unsound! (CFABuilder.createCFA, WARNING)

line 4912: Function pointer *(serial->type->release) with type void (*)(struct usb_serial *) is called, but no possible target functions were found. (CFunctionPointerResolver.getTargets, WARNING)

line 5848: Function pointer *(drv->dtr_rts) with type void (*)(struct usb_serial_port *, int) is called, but no possible target functions were found. (CFunctionPointerResolver.getTargets, WARNING)

line 5374: Function pointer *(port->serial->type->set_termios) with type void (*)(struct tty_struct *, struct usb_serial_port *, struct ktermios *) is called, but no possible target functions were found. (CFunctionPointerResolver.getTargets, WARNING)

line 6552: Function pointer *(serial->type->disconnect) with type void (*)(struct usb_serial *) is called, but no possible target functions were found. (CFunctionPointerResolver.getTargets, WARNING)

line 9048: Function pointer *(port->serial->type->tx_empty) with type bool (*)(struct usb_serial_port *) is called, but no possible target functions were found. (CFunctionPointerResolver.getTargets, WARNING)

line 6009: Function pointer *(type->probe) with type int (*)(struct usb_serial *, const struct usb_device_id *) is called, but no possible target functions were found. (CFunctionPointerResolver.getTargets, WARNING)

line 6573: Function pointer *(serial->type->suspend) with type int (*)(struct usb_serial *, pm_message_t ) is called, but no possible target functions were found. (CFunctionPointerResolver.getTargets, WARNING)

Using unsound approximation of ints with unbounded integers and floats with unbounded integers for encoding program semantics. (PredicateCPA:FormulaManagerView.<init>, WARNING)

Using predicate analysis with Princess 2023-04-07. (PredicateCPA:PredicateCPA.<init>, INFO)

Using unsound approximation of ints with unbounded integers and floats with unbounded integers for encoding program semantics. (AssumptionStorageCPA:FormulaManagerView.<init>, WARNING)

Starting analysis ... (CPAchecker.runAlgorithm, INFO)

Recursion detected, aborting. To ignore recursion, add -skipRecursion to the command line. (TargetLocationProvider:CallstackCPA:CallstackTransferRelation.getAbstractSuccessorsForEdge, INFO)

Recursion detected. Defaulting to selecting all locations as potential target locations. (TargetLocationProvider:TargetLocationProviderImpl.tryGetAutomatonTargetLocations, INFO)

Creating formula for program (AbstractBMCAlgorithm.run, INFO)

Exception in thread "main" org.sosy_lab.java_smt.basicimpl.GeneratorException: Modular Congruence is not available in SMTLIB2. 
	at org.sosy_lab.java_smt.basicimpl.AbstractNumeralFormulaManager.modularCongruence(AbstractNumeralFormulaManager.java:361)
	at org.sosy_lab.java_smt.solvers.princess.PrincessIntegerFormulaManager.modularCongruence(PrincessIntegerFormulaManager.java:22)
	at org.sosy_lab.cpachecker.util.predicates.smt.IntegerFormulaManagerView.modularCongruence(IntegerFormulaManagerView.java:35)
	at org.sosy_lab.cpachecker.util.predicates.smt.FormulaManagerView.makeModularCongruence(FormulaManagerView.java:688)
	at org.sosy_lab.cpachecker.util.predicates.smt.FormulaManagerView.makeModularCongruence(FormulaManagerView.java:670)
	at org.sosy_lab.cpachecker.util.predicates.pathformula.pointeraliasing.PointerTargetSetManager.makeBaseAddressConstraints(PointerTargetSetManager.java:653)
	at org.sosy_lab.cpachecker.util.predicates.pathformula.pointeraliasing.PointerTargetSetBuilder$RealPointerTargetSetBuilder.addNextBaseAddressConstraints(PointerTargetSetBuilder.java:286)
	at org.sosy_lab.cpachecker.util.predicates.pathformula.pointeraliasing.CToFormulaConverterWithPointerAliasing.declareSharedBase(CToFormulaConverterWithPointerAliasing.java:437)
	at org.sosy_lab.cpachecker.util.predicates.pathformula.pointeraliasing.CToFormulaConverterWithPointerAliasing.makeDeclaration(CToFormulaConverterWithPointerAliasing.java:1001)
	at org.sosy_lab.cpachecker.util.predicates.pathformula.ctoformula.CtoFormulaConverter.createFormulaForEdge(CtoFormulaConverter.java:1231)
	at org.sosy_lab.cpachecker.util.predicates.pathformula.ctoformula.CtoFormulaConverter.makeAnd(CtoFormulaConverter.java:1049)
	at org.sosy_lab.cpachecker.util.predicates.pathformula.PathFormulaManagerImpl.makeAnd(PathFormulaManagerImpl.java:246)
	at org.sosy_lab.cpachecker.util.predicates.pathformula.PathFormulaManagerImpl.makeAnd(PathFormulaManagerImpl.java:300)
	at org.sosy_lab.cpachecker.cpa.predicate.PredicateTransferRelation.convertEdgeToPathFormula(PredicateTransferRelation.java:203)
	at org.sosy_lab.cpachecker.cpa.predicate.PredicateTransferRelation.getAbstractSuccessorsForEdge(PredicateTransferRelation.java:113)
	at org.sosy_lab.cpachecker.cpa.composite.CompositeTransferRelation.callTransferRelation(CompositeTransferRelation.java:297)
	at org.sosy_lab.cpachecker.cpa.composite.CompositeTransferRelation.getAbstractSuccessorForSimpleEdge(CompositeTransferRelation.java:264)
	at org.sosy_lab.cpachecker.cpa.composite.CompositeTransferRelation.getAbstractSuccessorForEdge(CompositeTransferRelation.java:196)
	at org.sosy_lab.cpachecker.cpa.composite.CompositeTransferRelation.getAbstractSuccessors(CompositeTransferRelation.java:88)
	at org.sosy_lab.cpachecker.cpa.arg.ARGTransferRelation.getAbstractSuccessors(ARGTransferRelation.java:45)
	at org.sosy_lab.cpachecker.core.algorithm.CPAAlgorithm.handleState(CPAAlgorithm.java:334)
	at org.sosy_lab.cpachecker.core.algorithm.CPAAlgorithm.run0(CPAAlgorithm.java:289)
	at org.sosy_lab.cpachecker.core.algorithm.CPAAlgorithm.run(CPAAlgorithm.java:260)
	at org.sosy_lab.cpachecker.core.algorithm.bmc.BMCHelper.unroll(BMCHelper.java:192)
	at org.sosy_lab.cpachecker.core.algorithm.bmc.AbstractBMCAlgorithm.run(AbstractBMCAlgorithm.java:427)
	at org.sosy_lab.cpachecker.core.algorithm.bmc.BMCAlgorithm.run(BMCAlgorithm.java:130)
	at org.sosy_lab.cpachecker.core.CPAchecker.runAlgorithm(CPAchecker.java:507)
	at org.sosy_lab.cpachecker.core.CPAchecker.run(CPAchecker.java:369)
	at org.sosy_lab.cpachecker.cmdline.CPAMain.main(CPAMain.java:170)
