scripts/cpa.sh -heap 13000M -stack 50M -noout -benchmark -bmc -setprop cpa.predicate.useArraysForHeap=false -setprop cpa.predicate.memoryAllocationsAlwaysSucceed=true -setprop cpa.loopbound.maxLoopIterations=10 -setprop cpa.predicate.encodeFloatAs=INTEGER -setprop cpa.predicate.encodeBitvectorAs=INTEGER -setprop solver.solver=princess_binary -setprop proveroptions.option=use_binary -timelimit 900s -stats -spec test/programs/benchmarks/properties/unreach-call.prp -64 test/programs/benchmarks/ldv-consumption/32_7a_cilled_linux-3.8-rc1-32_7a-drivers--block--cciss.ko-ldv_main0_sequence_infinite_withcheck_stateful.cil.out.i


--------------------------------------------------------------------------------


Running CPAchecker with Java heap of size 13000M.
Running CPAchecker with Java stack of size 50M.
Language C detected and set for analysis (CPAMain.detectFrontendLanguageIfNecessary, INFO)

Using the following resource limits: CPU-time limit of 900s (ResourceLimitChecker.fromConfiguration, INFO)

CPAchecker 2.3.1-svn-45350M / bmc (OpenJDK 64-Bit Server VM 17.0.8.1) started (CPAchecker.run, INFO)

Parsing CFA from file(s) "test/programs/benchmarks/ldv-consumption/32_7a_cilled_linux-3.8-rc1-32_7a-drivers--block--cciss.ko-ldv_main0_sequence_infinite_withcheck_stateful.cil.out.i" (CPAchecker.parse, INFO)

line 4577: Dead code detected: __asm__ ("movb %%gs:%P1,%0": "=q" (pfo_ret__): "p" (& current_task)); (CFACreationUtils.addEdgeToCFA, INFO)

line 4580: Dead code detected: __asm__ ("movw %%gs:%P1,%0": "=r" (pfo_ret__): "p" (& current_task)); (CFACreationUtils.addEdgeToCFA, INFO)

line 4583: Dead code detected: __asm__ ("movl %%gs:%P1,%0": "=r" (pfo_ret__): "p" (& current_task)); (CFACreationUtils.addEdgeToCFA, INFO)

line 4588: Dead code detected: switch (8UL) {
  case 1UL:
  __asm__ ("movb %%gs:%P1,%0": "=q" (pfo_ret__): "p" (& current_task));
  goto ldv_2861;
  case 2UL:
  __asm__ ("movw %%gs:%P1,%0": "=r" (pfo_ret__): "p" (& current_task));
  goto ldv_2861;
  case 4UL:
  __asm__ ("movl %%gs:%P1,%0": "=r" (pfo_ret__): "p" (& current_task));
  goto ldv_2861;
  case 8UL:
  __asm__ ("movq %%gs:%P1,%0": "=r" (pfo_ret__): "p" (& current_task));
  goto ldv_2861;
  default:
  __bad_percpu_size();
  } (CFACreationUtils.addEdgeToCFA, INFO)

line 10699: Dead code detected: __asm__ volatile ("call __get_user_1": "=a" (__ret_gu), "=d" (__val_gu): "0" (& arg32->buf_size)); (CFACreationUtils.addEdgeToCFA, INFO)

line 10705: Dead code detected: __asm__ volatile ("call __get_user_4": "=a" (__ret_gu), "=d" (__val_gu): "0" (& arg32->buf_size)); (CFACreationUtils.addEdgeToCFA, INFO)

line 10708: Dead code detected: __asm__ volatile ("call __get_user_8": "=a" (__ret_gu), "=d" (__val_gu): "0" (& arg32->buf_size)); (CFACreationUtils.addEdgeToCFA, INFO)

line 10710: Dead code detected: switch (2UL) {
  case 1UL:
  __asm__ volatile ("call __get_user_1": "=a" (__ret_gu), "=d" (__val_gu): "0" (& arg32->buf_size));
  goto ldv_36809;
  case 2UL:
  __asm__ volatile ("call __get_user_2": "=a" (__ret_gu), "=d" (__val_gu): "0" (& arg32->buf_size));
  goto ldv_36809;
  case 4UL:
  __asm__ volatile ("call __get_user_4": "=a" (__ret_gu), "=d" (__val_gu): "0" (& arg32->buf_size));
  goto ldv_36809;
  case 8UL:
  __asm__ volatile ("call __get_user_8": "=a" (__ret_gu), "=d" (__val_gu): "0" (& arg32->buf_size));
  goto ldv_36809;
  default:
  __asm__ volatile ("call __get_user_X": "=a" (__ret_gu), "=d" (__val_gu): "0" (& arg32->buf_size));
  goto ldv_36809;
  } (CFACreationUtils.addEdgeToCFA, INFO)

line 10720: Dead code detected: __asm__ volatile ("call __get_user_1": "=a" (__ret_gu___0), "=d" (__val_gu___0): "0" (& arg32->buf)); (CFACreationUtils.addEdgeToCFA, INFO)

line 10723: Dead code detected: __asm__ volatile ("call __get_user_2": "=a" (__ret_gu___0), "=d" (__val_gu___0): "0" (& arg32->buf)); (CFACreationUtils.addEdgeToCFA, INFO)

line 10729: Dead code detected: __asm__ volatile ("call __get_user_8": "=a" (__ret_gu___0), "=d" (__val_gu___0): "0" (& arg32->buf)); (CFACreationUtils.addEdgeToCFA, INFO)

line 10731: Dead code detected: switch (4UL) {
  case 1UL:
  __asm__ volatile ("call __get_user_1": "=a" (__ret_gu___0), "=d" (__val_gu___0): "0" (& arg32->buf));
  goto ldv_36818;
  case 2UL:
  __asm__ volatile ("call __get_user_2": "=a" (__ret_gu___0), "=d" (__val_gu___0): "0" (& arg32->buf));
  goto ldv_36818;
  case 4UL:
  __asm__ volatile ("call __get_user_4": "=a" (__ret_gu___0), "=d" (__val_gu___0): "0" (& arg32->buf));
  goto ldv_36818;
  case 8UL:
  __asm__ volatile ("call __get_user_8": "=a" (__ret_gu___0), "=d" (__val_gu___0): "0" (& arg32->buf));
  goto ldv_36818;
  default:
  __asm__ volatile ("call __get_user_X": "=a" (__ret_gu___0), "=d" (__val_gu___0): "0" (& arg32->buf));
  goto ldv_36818;
  } (CFACreationUtils.addEdgeToCFA, INFO)

line 10800: Dead code detected: __asm__ volatile ("call __get_user_1": "=a" (__ret_gu), "=d" (__val_gu): "0" (& arg32->buf_size)); (CFACreationUtils.addEdgeToCFA, INFO)

line 10803: Dead code detected: __asm__ volatile ("call __get_user_2": "=a" (__ret_gu), "=d" (__val_gu): "0" (& arg32->buf_size)); (CFACreationUtils.addEdgeToCFA, INFO)

line 10809: Dead code detected: __asm__ volatile ("call __get_user_8": "=a" (__ret_gu), "=d" (__val_gu): "0" (& arg32->buf_size)); (CFACreationUtils.addEdgeToCFA, INFO)

line 10811: Dead code detected: switch (4UL) {
  case 1UL:
  __asm__ volatile ("call __get_user_1": "=a" (__ret_gu), "=d" (__val_gu): "0" (& arg32->buf_size));
  goto ldv_36838;
  case 2UL:
  __asm__ volatile ("call __get_user_2": "=a" (__ret_gu), "=d" (__val_gu): "0" (& arg32->buf_size));
  goto ldv_36838;
  case 4UL:
  __asm__ volatile ("call __get_user_4": "=a" (__ret_gu), "=d" (__val_gu): "0" (& arg32->buf_size));
  goto ldv_36838;
  case 8UL:
  __asm__ volatile ("call __get_user_8": "=a" (__ret_gu), "=d" (__val_gu): "0" (& arg32->buf_size));
  goto ldv_36838;
  default:
  __asm__ volatile ("call __get_user_X": "=a" (__ret_gu), "=d" (__val_gu): "0" (& arg32->buf_size));
  goto ldv_36838;
  } (CFACreationUtils.addEdgeToCFA, INFO)

line 10821: Dead code detected: __asm__ volatile ("call __get_user_1": "=a" (__ret_gu___0), "=d" (__val_gu___0): "0" (& arg32->malloc_size)); (CFACreationUtils.addEdgeToCFA, INFO)

line 10824: Dead code detected: __asm__ volatile ("call __get_user_2": "=a" (__ret_gu___0), "=d" (__val_gu___0): "0" (& arg32->malloc_size)); (CFACreationUtils.addEdgeToCFA, INFO)

line 10830: Dead code detected: __asm__ volatile ("call __get_user_8": "=a" (__ret_gu___0), "=d" (__val_gu___0): "0" (& arg32->malloc_size)); (CFACreationUtils.addEdgeToCFA, INFO)

line 10832: Dead code detected: switch (4UL) {
  case 1UL:
  __asm__ volatile ("call __get_user_1": "=a" (__ret_gu___0), "=d" (__val_gu___0): "0" (& arg32->malloc_size));
  goto ldv_36847;
  case 2UL:
  __asm__ volatile ("call __get_user_2": "=a" (__ret_gu___0), "=d" (__val_gu___0): "0" (& arg32->malloc_size));
  goto ldv_36847;
  case 4UL:
  __asm__ volatile ("call __get_user_4": "=a" (__ret_gu___0), "=d" (__val_gu___0): "0" (& arg32->malloc_size));
  goto ldv_36847;
  case 8UL:
  __asm__ volatile ("call __get_user_8": "=a" (__ret_gu___0), "=d" (__val_gu___0): "0" (& arg32->malloc_size));
  goto ldv_36847;
  default:
  __asm__ volatile ("call __get_user_X": "=a" (__ret_gu___0), "=d" (__val_gu___0): "0" (& arg32->malloc_size));
  goto ldv_36847;
  } (CFACreationUtils.addEdgeToCFA, INFO)

line 10842: Dead code detected: __asm__ volatile ("call __get_user_1": "=a" (__ret_gu___1), "=d" (__val_gu___1): "0" (& arg32->buf)); (CFACreationUtils.addEdgeToCFA, INFO)

line 10845: Dead code detected: __asm__ volatile ("call __get_user_2": "=a" (__ret_gu___1), "=d" (__val_gu___1): "0" (& arg32->buf)); (CFACreationUtils.addEdgeToCFA, INFO)

line 10851: Dead code detected: __asm__ volatile ("call __get_user_8": "=a" (__ret_gu___1), "=d" (__val_gu___1): "0" (& arg32->buf)); (CFACreationUtils.addEdgeToCFA, INFO)

line 10853: Dead code detected: switch (4UL) {
  case 1UL:
  __asm__ volatile ("call __get_user_1": "=a" (__ret_gu___1), "=d" (__val_gu___1): "0" (& arg32->buf));
  goto ldv_36856;
  case 2UL:
  __asm__ volatile ("call __get_user_2": "=a" (__ret_gu___1), "=d" (__val_gu___1): "0" (& arg32->buf));
  goto ldv_36856;
  case 4UL:
  __asm__ volatile ("call __get_user_4": "=a" (__ret_gu___1), "=d" (__val_gu___1): "0" (& arg32->buf));
  goto ldv_36856;
  case 8UL:
  __asm__ volatile ("call __get_user_8": "=a" (__ret_gu___1), "=d" (__val_gu___1): "0" (& arg32->buf));
  goto ldv_36856;
  default:
  __asm__ volatile ("call __get_user_X": "=a" (__ret_gu___1), "=d" (__val_gu___1): "0" (& arg32->buf));
  goto ldv_36856;
  } (CFACreationUtils.addEdgeToCFA, INFO)

line 14005: Dead code detected: tmp = get_current(); (CFACreationUtils.addEdgeToCFA, INFO)

line 14010: Dead code detected: tmp___0 = get_current(); (CFACreationUtils.addEdgeToCFA, INFO)

line 14015: Dead code detected: tmp___1 = get_current(); (CFACreationUtils.addEdgeToCFA, INFO)

line 14024: Dead code detected: switch (8UL) {
  case 1UL:
  tmp = get_current();
  __asm__ volatile ("xchgb %b0, %1\n": "+q" (__ret), "+m" (tmp->state): : "memory",
                       "cc");
  goto ldv_37632;
  case 2UL:
  tmp___0 = get_current();
  __asm__ volatile ("xchgw %w0, %1\n": "+r" (__ret), "+m" (tmp___0->state): : "memory",
                       "cc");
  goto ldv_37632;
  case 4UL:
  tmp___1 = get_current();
  __asm__ volatile ("xchgl %0, %1\n": "+r" (__ret), "+m" (tmp___1->state): : "memory",
                       "cc");
  goto ldv_37632;
  case 8UL:
  tmp___2 = get_current();
  __asm__ volatile ("xchgq %q0, %1\n": "+r" (__ret), "+m" (tmp___2->state): : "memory",
                       "cc");
  goto ldv_37632;
  default:
  __xchg_wrong_size();
  } (CFACreationUtils.addEdgeToCFA, INFO)

line 16288: Dead code detected: return (ldv_func_res); (CFACreationUtils.addEdgeToCFA, INFO)

line 16373: Dead code detected: return (ldv_func_res); (CFACreationUtils.addEdgeToCFA, INFO)

Inline assembler ignored, analysis is probably unsound! (CFABuilder.createCFA, WARNING)

line 9415: Function pointer *done with type void (*)(struct scsi_cmnd *) is called, but no possible target functions were found. (CFunctionPointerResolver.getTargets, WARNING)

line 9404: Function pointer *done with type void (*)(struct scsi_cmnd *) is called, but no possible target functions were found. (CFunctionPointerResolver.getTargets, WARNING)

line 8777: Function pointer *(cmd->scsi_done) with type void (*)(struct scsi_cmnd *) is called, but no possible target functions were found. (CFunctionPointerResolver.getTargets, WARNING)

line 5251: Function pointer *(ops->alloc) with type void *(*)(struct device *, size_t , dma_addr_t *, gfp_t , struct dma_attrs *) is called, but no possible target functions were found. (CFunctionPointerResolver.getTargets, WARNING)

line 5282: Function pointer *(ops->free) with type void (*)(struct device *, size_t , void *, dma_addr_t , struct dma_attrs *) is called, but no possible target functions were found. (CFunctionPointerResolver.getTargets, WARNING)

line 5155: Function pointer *(ops->map_page) with type dma_addr_t (*)(struct device *, struct page *, unsigned long, size_t , enum dma_data_direction , struct dma_attrs *) is called, but no possible target functions were found. (CFunctionPointerResolver.getTargets, WARNING)

line 5093: Function pointer *(ops->map_page) with type dma_addr_t (*)(struct device *, struct page *, unsigned long, size_t , enum dma_data_direction , struct dma_attrs *) is called, but no possible target functions were found. (CFunctionPointerResolver.getTargets, WARNING)

line 5183: Function pointer *(ops->unmap_page) with type void (*)(struct device *, dma_addr_t , size_t , enum dma_data_direction , struct dma_attrs *) is called, but no possible target functions were found. (CFunctionPointerResolver.getTargets, WARNING)

line 5125: Function pointer *(ops->unmap_page) with type void (*)(struct device *, dma_addr_t , size_t , enum dma_data_direction , struct dma_attrs *) is called, but no possible target functions were found. (CFunctionPointerResolver.getTargets, WARNING)

Using unsound approximation of ints with unbounded integers and floats with unbounded integers for encoding program semantics. (PredicateCPA:FormulaManagerView.<init>, WARNING)

Using predicate analysis with Princess 2023-04-07. (PredicateCPA:PredicateCPA.<init>, INFO)

Using unsound approximation of ints with unbounded integers and floats with unbounded integers for encoding program semantics. (AssumptionStorageCPA:FormulaManagerView.<init>, WARNING)

The following configuration options were specified but are not used:
 proveroptions.option 
 (CPAchecker.printConfigurationWarnings, WARNING)

Starting analysis ... (CPAchecker.runAlgorithm, INFO)

Creating formula for program (AbstractBMCAlgorithm.run, INFO)

Exception in thread "main" org.sosy_lab.java_smt.basicimpl.GeneratorException: Modular Congruence is not available in SMTLIB2. 
	at org.sosy_lab.java_smt.basicimpl.AbstractNumeralFormulaManager.modularCongruence(AbstractNumeralFormulaManager.java:361)
	at org.sosy_lab.java_smt.solvers.princess.PrincessIntegerFormulaManager.modularCongruence(PrincessIntegerFormulaManager.java:22)
	at org.sosy_lab.cpachecker.util.predicates.smt.IntegerFormulaManagerView.modularCongruence(IntegerFormulaManagerView.java:35)
	at org.sosy_lab.cpachecker.util.predicates.smt.FormulaManagerView.makeModularCongruence(FormulaManagerView.java:688)
	at org.sosy_lab.cpachecker.util.predicates.smt.FormulaManagerView.makeModularCongruence(FormulaManagerView.java:670)
	at org.sosy_lab.cpachecker.util.predicates.pathformula.pointeraliasing.PointerTargetSetManager.makeBaseAddressConstraints(PointerTargetSetManager.java:653)
	at org.sosy_lab.cpachecker.util.predicates.pathformula.pointeraliasing.PointerTargetSetBuilder$RealPointerTargetSetBuilder.addNextBaseAddressConstraints(PointerTargetSetBuilder.java:286)
	at org.sosy_lab.cpachecker.util.predicates.pathformula.pointeraliasing.CToFormulaConverterWithPointerAliasing.declareSharedBase(CToFormulaConverterWithPointerAliasing.java:442)
	at org.sosy_lab.cpachecker.util.predicates.pathformula.pointeraliasing.CToFormulaConverterWithPointerAliasing.makeDeclaration(CToFormulaConverterWithPointerAliasing.java:1001)
	at org.sosy_lab.cpachecker.util.predicates.pathformula.ctoformula.CtoFormulaConverter.createFormulaForEdge(CtoFormulaConverter.java:1231)
	at org.sosy_lab.cpachecker.util.predicates.pathformula.ctoformula.CtoFormulaConverter.makeAnd(CtoFormulaConverter.java:1049)
	at org.sosy_lab.cpachecker.util.predicates.pathformula.PathFormulaManagerImpl.makeAnd(PathFormulaManagerImpl.java:246)
	at org.sosy_lab.cpachecker.util.predicates.pathformula.PathFormulaManagerImpl.makeAnd(PathFormulaManagerImpl.java:300)
	at org.sosy_lab.cpachecker.cpa.predicate.PredicateTransferRelation.convertEdgeToPathFormula(PredicateTransferRelation.java:203)
	at org.sosy_lab.cpachecker.cpa.predicate.PredicateTransferRelation.getAbstractSuccessorsForEdge(PredicateTransferRelation.java:113)
	at org.sosy_lab.cpachecker.cpa.composite.CompositeTransferRelation.callTransferRelation(CompositeTransferRelation.java:297)
	at org.sosy_lab.cpachecker.cpa.composite.CompositeTransferRelation.getAbstractSuccessorForSimpleEdge(CompositeTransferRelation.java:264)
	at org.sosy_lab.cpachecker.cpa.composite.CompositeTransferRelation.getAbstractSuccessorForEdge(CompositeTransferRelation.java:196)
	at org.sosy_lab.cpachecker.cpa.composite.CompositeTransferRelation.getAbstractSuccessors(CompositeTransferRelation.java:88)
	at org.sosy_lab.cpachecker.cpa.arg.ARGTransferRelation.getAbstractSuccessors(ARGTransferRelation.java:45)
	at org.sosy_lab.cpachecker.core.algorithm.CPAAlgorithm.handleState(CPAAlgorithm.java:334)
	at org.sosy_lab.cpachecker.core.algorithm.CPAAlgorithm.run0(CPAAlgorithm.java:289)
	at org.sosy_lab.cpachecker.core.algorithm.CPAAlgorithm.run(CPAAlgorithm.java:260)
	at org.sosy_lab.cpachecker.core.algorithm.bmc.BMCHelper.unroll(BMCHelper.java:192)
	at org.sosy_lab.cpachecker.core.algorithm.bmc.AbstractBMCAlgorithm.run(AbstractBMCAlgorithm.java:427)
	at org.sosy_lab.cpachecker.core.algorithm.bmc.BMCAlgorithm.run(BMCAlgorithm.java:130)
	at org.sosy_lab.cpachecker.core.CPAchecker.runAlgorithm(CPAchecker.java:507)
	at org.sosy_lab.cpachecker.core.CPAchecker.run(CPAchecker.java:369)
	at org.sosy_lab.cpachecker.cmdline.CPAMain.main(CPAMain.java:170)
