scripts/cpa.sh -heap 13000M -stack 50M -noout -benchmark -bmc -setprop cpa.predicate.useArraysForHeap=false -setprop cpa.predicate.memoryAllocationsAlwaysSucceed=true -setprop cpa.loopbound.maxLoopIterations=10 -setprop cpa.predicate.encodeFloatAs=INTEGER -setprop cpa.predicate.encodeBitvectorAs=INTEGER -setprop solver.solver=princess -timelimit 900s -stats -spec test/programs/benchmarks/properties/unreach-call.prp -32 test/programs/benchmarks/nla-digbench-scaling/bresenham-ll_unwindbound2.c


--------------------------------------------------------------------------------


Running CPAchecker with Java heap of size 13000M.
Running CPAchecker with Java stack of size 50M.
Language C detected and set for analysis (CPAMain.detectFrontendLanguageIfNecessary, INFO)

Using the following resource limits: CPU-time limit of 900s (ResourceLimitChecker.fromConfiguration, INFO)

CPAchecker 2.3.1-svn-45350M / bmc (OpenJDK 64-Bit Server VM 17.0.8.1) started (CPAchecker.run, INFO)

Parsing CFA from file(s) "test/programs/benchmarks/nla-digbench-scaling/bresenham-ll_unwindbound2.c" (CPAchecker.parse, INFO)

Using unsound approximation of ints with unbounded integers and floats with unbounded integers for encoding program semantics. (PredicateCPA:FormulaManagerView.<init>, WARNING)

Using predicate analysis with Princess 2023-04-07. (PredicateCPA:PredicateCPA.<init>, INFO)

Using unsound approximation of ints with unbounded integers and floats with unbounded integers for encoding program semantics. (AssumptionStorageCPA:FormulaManagerView.<init>, WARNING)

Starting analysis ... (CPAchecker.runAlgorithm, INFO)

Creating formula for program (AbstractBMCAlgorithm.run, INFO)

Starting satisfiability check... (AbstractBMCAlgorithm.boundedModelCheck, INFO)

Error found, creating error path (AbstractBMCAlgorithm.analyzeCounterexample0, INFO)

{__VERIFIER_assert::cond@3 -> 0, main::yx@4 -> 2, main::xy@4 -> 3, __VERIFIER_assert::cond@2 -> 1, main::xy@3 -> 2, main::yx@3 -> 2, counter@3 -> 1, main::__CPAchecker_TMP_0@2 -> 0, main::x@3 -> 0, main::y@3 -> 0, main::v@3 -> 3, main::Y@3 -> 1, __VERIFIER_nondet_int!3@ -> 1, main::X@3 -> -1, __VERIFIER_nondet_int!2@ -> -1, counter@2 -> 0, Integer_*_(-1, 0) -> 2, Integer_*_(1, 0) -> 2, Integer_*_(0, 0) -> 3, abbrev_14_def -> false, abbrev_14 -> false}
{main::__CPAchecker_TMP_0@2 -> 0, counter@2 -> 0, counter@3 -> 1, main::v@3 -> 5, main::y@3 -> 0, main::x@3 -> 0, main::xy@3 -> 1, main::xy@5 -> 3, __VERIFIER_nondet_int!2@ -> -1, main::X@3 -> -1, main::Y@3 -> 2, __VERIFIER_nondet_int!3@ -> 2, main::yx@3 -> 1, main::yx@5 -> 1, __VERIFIER_assert::cond@4 -> 0, __VERIFIER_assert::cond@2 -> 1, Integer_*_(2, 0) -> 1, Integer_*_(-1, 0) -> 1, Integer_*_(0, 0) -> 3}
[main::__CPAchecker_TMP_0@2: 0, counter@2: 0, counter@3: 1, main::v@3: 5, main::y@3: 0, main::x@3: 0, main::xy@3: 1, main::xy@5: 3, __VERIFIER_nondet_int!2@: -1, main::X@3: -1, main::Y@3: 2, __VERIFIER_nondet_int!3@: 2, main::yx@3: 1, main::yx@5: 1, __VERIFIER_assert::cond@4: 0, __VERIFIER_assert::cond@2: 1, Integer_*_(2, 0): 1, Integer_*_(-1, 0): 1, Integer_*_(0, 0): 3]
Stopping analysis ... (CPAchecker.runAlgorithm, INFO)


PredicateCPA statistics
-----------------------
Number of abstractions:            5 (4% of all post computations)
  Times abstraction was reused:    0
  Because of function entry/exit:  0 (0%)
  Because of loop head:            0 (0%)
  Because of join nodes:           0 (0%)
  Because of threshold:            0 (0%)
  Because of target state:         5 (100%)
  Times precision was empty:       5 (100%)
  Times precision was {false}:     0 (0%)
  Times result was cached:         0 (0%)
  Times cartesian abs was used:    0 (0%)
  Times boolean abs was used:      0 (0%)
  Times result was 'false':        0 (0%)
Number of strengthen sat checks:   0
Number of coverage checks:         4
  BDD entailment checks:           0
Number of SMT sat checks:          0
  trivial:                         0
  cached:                          0

Max ABE block size:                       44
Avg ABE block size:                                31.60 (sum: 158, count: 5, min: 20, max: 44)
Number of predicates discovered:          0

Time for post operator:                                0.068s
  Time for path formula creation:                      0.066s
Time for strengthen operator:                          0.003s
Time for prec operator:                                0.002s
  Time for abstraction:                  0.000s (Max:     0.000s, Count: 5)
    Solving time:                        0.000s (Max:     0.000s)
    Model enumeration time:              0.000s
    Time for BDD construction:           0.000s (Max:     0.000s)
Time for merge operator:                               0.004s
Time for coverage checks:                              0.000s
Total time for SMT solver (w/o itp):     0.000s

Total number of created targets for pointer analysis: 0



KeyValue statistics
-------------------
Init. function predicates:                         0
Init. global predicates:                           0
Init. location predicates:                         0

Invariant Generation statistics
-------------------------------

Bounds CPA statistics
---------------------
Bound k:                                           10
Maximum loop iteration reached:                    3


ValueAnalysisCPA statistics
---------------------------
Number of variables per state:                     3.53 (sum: 410, count: 116, min: 0, max: 6)
Number of global variables per state:              0.93 (sum: 108, count: 116, min: 0, max: 1)
Number of assumptions:                                   30
Number of deterministic assumptions:                      0
Level of Determinism:                              0%

ValueAnalysisPrecisionAdjustment statistics
-------------------------------------------
Number of abstraction computations:                     117
Total time for liveness abstraction:                   0.000s
Total time for abstraction computation:                0.004s
Total time for path thresholds:                        0.000s

ConstraintsStrengthenOperator statistics
----------------------------------------
Total time for strengthening by ConstraintsCPA:     0.000s
Replaced symbolic expressions: 0

AutomatonAnalysis (SVCOMP) statistics
-------------------------------------
Number of states:                                  1
Total time for successor computation:                  0.001s
Automaton transfers with branching:                0
Automaton transfer successors:                     0.96 (sum: 117, count: 122, min: 0, max: 1) [0 x 5, 1 x 117]
Number of states with assumption transitions:      0

CPA algorithm statistics
------------------------
Number of iterations:            116
Max size of waitlist:            3
Average size of waitlist:        1
LoopstackSortedWaitlist:                           0.28 (sum: 22, count: 80, min: 0, max: 6)
ReversePostorderSortedWaitlist:                    0.00 (sum: 0, count: 80, min: 0, max: 0)
LoopIterationSortedWaitlist:                       0.28 (sum: 22, count: 80, min: 0, max: 6)
CallstackSortedWaitlist:                           36.00 (sum: 36, count: 1, min: 36, max: 36)
Number of computed successors:   117
Max successors for one state:    2
Number of times merged:          2
Number of times stopped:         2
Number of times breaked:         0

Total time for CPA algorithm:         0.136s (Max:     0.136s)
  Time for choose from waitlist:      0.002s
  Time for precision adjustment:      0.011s
  Time for transfer relation:         0.111s
  Time for merge operator:            0.005s
  Time for stop operator:             0.001s
  Time for adding to reached set:     0.003s

BMC algorithm statistics
------------------------
Time for BMC formula creation:                       0.138s
Time for final sat check:                            0.829s
Time for error-path creation:                        0.104s
Time for error-path post-processing:                 0.195s

CPAchecker general statistics
-----------------------------
Number of program locations:                       67
Number of CFA edges (per node):                          65 (count: 67, min: 0, max: 2, avg: 0.97)
Number of relevant variables:                      11
Number of functions:                               4
Number of loops (and loop nodes):                         1 (sum: 19, min: 19, max: 19, avg: 19.00)
Size of reached set:             116
  Number of reached locations:   55 (82%)
    Avg states per location:     2
    Max states per location:     5 (at node N1)
  Number of reached functions:   3 (75%)
  Number of partitions:          116
    Avg size of partitions:      1
    Max size of partitions:      1
  Number of target states:       5

Time for analysis setup:          1.972s
  Time for loading CPAs:          1.170s
  Time for loading parser:        0.214s
  Time for CFA construction:      0.528s
    Time for parsing file(s):     0.286s
    Time for AST to CFA:          0.119s
    Time for CFA sanity check:    0.000s
    Time for post-processing:     0.084s
    Time for loop structure:      0.007s
    Time for AST structure:       0.000s
      Time for function pointers resolving:            0.002s
        Function calls via function pointers:             0 (count: 1, min: 0, max: 0, avg: 0.00)
        Instrumented function pointer calls:              0 (count: 1, min: 0, max: 0, avg: 0.00)
        Function calls with function pointer arguments:        0 (count: 1, min: 0, max: 0, avg: 0.00)
        Instrumented function pointer arguments:          0 (count: 1, min: 0, max: 0, avg: 0.00)
      Time for classifying variables:                  0.049s
        Time for collecting variables:                 0.030s
        Time for solving dependencies:                 0.001s
        Time for building hierarchy:                   0.000s
        Time for building classification:              0.018s
        Time for exporting data:                       0.000s
Time for Analysis:                1.350s
CPU time for analysis:            2.670s
Time for analyzing result:        0.000s
Total time for CPAchecker:        3.323s
Total CPU time for CPAchecker:    6.440s
Time for statistics:              0.043s

Time for Garbage Collector:       0.074s (in 7 runs)
Garbage Collector(s) used:    G1 Old Generation, G1 Young Generation

Verification result: FALSE. Property violation (unreach-call: reach_error(); called in line 16) found by chosen configuration.
More details about the verification run can be found in the directory "./output".
