scripts/cpa.sh -heap 13000M -stack 50M -noout -benchmark -bmc -setprop cpa.predicate.useArraysForHeap=false -setprop cpa.predicate.memoryAllocationsAlwaysSucceed=true -setprop cpa.loopbound.maxLoopIterations=10 -setprop cpa.predicate.encodeFloatAs=INTEGER -setprop cpa.predicate.encodeBitvectorAs=INTEGER -setprop solver.solver=princess -timelimit 900s -stats -spec test/programs/benchmarks/properties/unreach-call.prp -32 test/programs/benchmarks/nla-digbench-scaling/hard-ll_valuebound100.c


--------------------------------------------------------------------------------


Running CPAchecker with Java heap of size 13000M.
Running CPAchecker with Java stack of size 50M.
Language C detected and set for analysis (CPAMain.detectFrontendLanguageIfNecessary, INFO)

Using the following resource limits: CPU-time limit of 900s (ResourceLimitChecker.fromConfiguration, INFO)

CPAchecker 2.3.1-svn-45350M / bmc (OpenJDK 64-Bit Server VM 17.0.8.1) started (CPAchecker.run, INFO)

Parsing CFA from file(s) "test/programs/benchmarks/nla-digbench-scaling/hard-ll_valuebound100.c" (CPAchecker.parse, INFO)

Using unsound approximation of ints with unbounded integers and floats with unbounded integers for encoding program semantics. (PredicateCPA:FormulaManagerView.<init>, WARNING)

Using predicate analysis with Princess 2023-04-07. (PredicateCPA:PredicateCPA.<init>, INFO)

Using unsound approximation of ints with unbounded integers and floats with unbounded integers for encoding program semantics. (AssumptionStorageCPA:FormulaManagerView.<init>, WARNING)

Starting analysis ... (CPAchecker.runAlgorithm, INFO)

Creating formula for program (AbstractBMCAlgorithm.run, INFO)

Starting satisfiability check... (AbstractBMCAlgorithm.boundedModelCheck, INFO)

Error found, creating error path (AbstractBMCAlgorithm.analyzeCounterexample0, INFO)

{main::p@16 -> 30, main::d@16 -> 30, __VERIFIER_assert::cond@38 -> 0, __VERIFIER_assert::cond@37 -> 1, __VERIFIER_assert::cond@36 -> 1, __VERIFIER_assert::cond@35 -> 1, main::q@9 -> 2, main::r@9 -> 95, main::p@15 -> 127, main::d@15 -> 127, __VERIFIER_assert::cond@34 -> 1, main::p@14 -> -1, main::d@14 -> -1, __VERIFIER_assert::cond@33 -> 1, __VERIFIER_assert::cond@32 -> 1, __VERIFIER_assert::cond@31 -> 1, __VERIFIER_assert::cond@30 -> 1, main::q@8 -> -28, main::r@8 -> 125, main::p@13 -> -9, main::d@13 -> -9, __VERIFIER_assert::cond@29 -> 1, main::p@12 -> -6, main::d@12 -> -6, __VERIFIER_assert::cond@28 -> 1, __VERIFIER_assert::cond@27 -> 1, __VERIFIER_assert::cond@26 -> 1, __VERIFIER_assert::cond@25 -> 1, main::q@7 -> -28, main::r@7 -> 125, main::p@11 -> -12, main::d@11 -> -12, __VERIFIER_assert::cond@24 -> 1, main::p@10 -> 128, main::d@10 -> 128, __VERIFIER_assert::cond@23 -> 1, __VERIFIER_assert::cond@22 -> 1, __VERIFIER_assert::cond@21 -> 1, __VERIFIER_assert::cond@20 -> 1, main::q@6 -> -27, main::r@6 -> 124, main::p@9 -> 64, main::d@9 -> 64, __VERIFIER_assert::cond@19 -> 1, main::p@8 -> 32, main::d@8 -> 32, __VERIFIER_assert::cond@18 -> 1, __VERIFIER_assert::cond@17 -> 1, __VERIFIER_assert::cond@16 -> 1, __VERIFIER_assert::cond@15 -> 1, main::q@5 -> -18, main::r@5 -> 115, main::p@7 -> 16, main::d@7 -> 16, __VERIFIER_assert::cond@14 -> 1, main::p@6 -> 8, main::d@6 -> 8, __VERIFIER_assert::cond@13 -> 1, __VERIFIER_assert::cond@12 -> 1, __VERIFIER_assert::cond@11 -> 1, __VERIFIER_assert::cond@10 -> 1, main::q@4 -> -12, main::r@4 -> 109, main::p@5 -> 4, main::d@5 -> 4, __VERIFIER_assert::cond@9 -> 1, main::p@4 -> 2, main::d@4 -> 2, __VERIFIER_assert::cond@8 -> 1, __VERIFIER_assert::cond@7 -> 1, __VERIFIER_assert::cond@6 -> 1, __VERIFIER_assert::cond@5 -> 1, __VERIFIER_assert::cond@4 -> 1, __VERIFIER_assert::cond@3 -> 1, __VERIFIER_assert::cond@2 -> 1, main::q@3 -> 0, main::p@3 -> 1, main::d@3 -> 1, main::r@3 -> 97, assume_abort_if_not::cond@4 -> 1, assume_abort_if_not::cond@3 -> 1, main::__CPAchecker_TMP_1@3 -> 1, main::B@3 -> 1, __VERIFIER_nondet_uint!3@ -> 1, assume_abort_if_not::cond@2 -> 1, main::__CPAchecker_TMP_0@3 -> 1, main::A@3 -> 97, __VERIFIER_nondet_uint!2@ -> 97, abbrev_82_def -> true, abbrev_82 -> true, abbrev_80_def -> true, abbrev_80 -> true, abbrev_78_def -> true, abbrev_78 -> true, abbrev_76_def -> true, abbrev_76 -> true, abbrev_74_def -> true, abbrev_74 -> true, abbrev_72_def -> true, abbrev_72 -> true, abbrev_70_def -> true, abbrev_70 -> true, abbrev_56_def -> true, abbrev_56 -> true, abbrev_34_def -> true, abbrev_34 -> true, abbrev_20_def -> true, abbrev_20 -> true, abbrev_14_def -> true, abbrev_14 -> true, Integer_/_(128, 2) -> -12, Integer_/_(127, 2) -> 30, Integer_/_(-12, 2) -> -6, Integer_/_(-9, 2) -> -2, Integer_/_(-6, 2) -> -10, Integer_/_(-1, 2) -> 126, Integer_*_(-28, 1) -> -28, Integer_*_(-27, 1) -> -27, Integer_*_(-18, 1) -> -18, Integer_*_(-12, 1) -> -12, Integer_*_(2, 1) -> 3, Integer_*_(1, 128) -> 128, Integer_*_(1, 127) -> 127, Integer_*_(1, 64) -> 64, Integer_*_(1, 32) -> 32, Integer_*_(1, 16) -> 16, Integer_*_(1, -12) -> -12, Integer_*_(1, -9) -> -9, Integer_*_(1, 8) -> 8, Integer_*_(1, -6) -> -6, Integer_*_(1, 4) -> 4, Integer_*_(1, 2) -> 2, Integer_*_(1, -1) -> -1, Integer_*_(1, 1) -> 1, Integer_*_(0, 1) -> 0, abbrev_122_def -> false, abbrev_122 -> false, abbrev_120_def -> false, abbrev_120 -> false, abbrev_118_def -> false, abbrev_118 -> false, abbrev_116_def -> false, abbrev_116 -> false, abbrev_114_def -> false, abbrev_114 -> false, abbrev_112_def -> false, abbrev_112 -> false, abbrev_110_def -> false, abbrev_110 -> false, abbrev_108_def -> false, abbrev_108 -> false, abbrev_106_def -> false, abbrev_106 -> false, abbrev_104_def -> false, abbrev_104 -> false, abbrev_102_def -> false, abbrev_102 -> false, abbrev_100_def -> false, abbrev_100 -> false, abbrev_98_def -> false, abbrev_98 -> false, abbrev_96_def -> false, abbrev_96 -> false, abbrev_94_def -> false, abbrev_94 -> false, abbrev_92_def -> false, abbrev_92 -> false, abbrev_90_def -> false, abbrev_90 -> false, abbrev_88_def -> false, abbrev_88 -> false, abbrev_86_def -> false, abbrev_86 -> false, abbrev_84_def -> false, abbrev_84 -> false, abbrev_68_def -> false, abbrev_68 -> false, abbrev_66_def -> false, abbrev_66 -> false, abbrev_64_def -> false, abbrev_64 -> false, abbrev_62_def -> false, abbrev_62 -> false, abbrev_60_def -> false, abbrev_60 -> false, abbrev_58_def -> false, abbrev_58 -> false, abbrev_54_def -> false, abbrev_54 -> false, abbrev_52_def -> false, abbrev_52 -> false, abbrev_50_def -> false, abbrev_50 -> false, abbrev_48_def -> false, abbrev_48 -> false, abbrev_46_def -> false, abbrev_46 -> false, abbrev_44_def -> false, abbrev_44 -> false, abbrev_42_def -> false, abbrev_42 -> false, abbrev_40_def -> false, abbrev_40 -> false, abbrev_38_def -> false, abbrev_38 -> false, abbrev_36_def -> false, abbrev_36 -> false, abbrev_32_def -> false, abbrev_32 -> false, abbrev_30_def -> false, abbrev_30 -> false, abbrev_28_def -> false, abbrev_28 -> false, abbrev_26_def -> false, abbrev_26 -> false, abbrev_24_def -> false, abbrev_24 -> false, abbrev_22_def -> false, abbrev_22 -> false, abbrev_18_def -> false, abbrev_18 -> false, abbrev_16_def -> false, abbrev_16 -> false}
{__VERIFIER_assert::cond@74 -> 0, main::q@47 -> -9, main::r@47 -> 73, main::p@55 -> -21, main::d@55 -> -21, __VERIFIER_assert::cond@72 -> 1, __VERIFIER_assert::cond@70 -> 1, main::p@52 -> 53, main::d@52 -> 53, __VERIFIER_assert::cond@68 -> 1, __VERIFIER_assert::cond@66 -> 1, main::q@42 -> 12, main::r@42 -> 52, main::p@49 -> -10, main::d@49 -> -10, __VERIFIER_assert::cond@64 -> 1, __VERIFIER_assert::cond@62 -> 1, main::q@39 -> 22, main::r@39 -> 42, main::p@46 -> -21, main::d@46 -> -21, __VERIFIER_assert::cond@60 -> 1, __VERIFIER_assert::cond@58 -> 1, main::q@36 -> 43, main::r@36 -> 21, main::p@43 -> 53, main::d@43 -> 53, __VERIFIER_assert::cond@56 -> 1, __VERIFIER_assert::cond@54 -> 1, main::q@33 -> -10, main::r@33 -> 74, main::p@40 -> -10, main::d@40 -> -10, main::p@34 -> 128, main::d@34 -> 128, main::p@30 -> 64, main::d@30 -> 64, main::p@26 -> 32, main::d@26 -> 32, main::p@22 -> 16, main::d@22 -> 16, assume_abort_if_not::cond@6 -> 1, main::B@4 -> 1, main::__CPAchecker_TMP_1@3 -> 1, main::p@14 -> 4, main::p@10 -> 2, main::p@6 -> 1, main::p@18 -> 8, main::d@6 -> 1, assume_abort_if_not::cond@2 -> 1, assume_abort_if_not::cond@4 -> 1, main::__CPAchecker_TMP_0@3 -> 1, __VERIFIER_assert::cond@46 -> 1, __VERIFIER_assert::cond@48 -> 1, __VERIFIER_assert::cond@40 -> 1, __VERIFIER_assert::cond@42 -> 1, __VERIFIER_assert::cond@44 -> 1, __VERIFIER_assert::cond@50 -> 1, __VERIFIER_assert::cond@52 -> 1, main::A@3 -> 64, __VERIFIER_assert::cond@24 -> 1, __VERIFIER_assert::cond@26 -> 1, __VERIFIER_assert::cond@28 -> 1, main::d@14 -> 4, __VERIFIER_assert::cond@20 -> 1, main::r@6 -> 64, main::d@18 -> 8, __VERIFIER_assert::cond@22 -> 1, main::d@10 -> 2, __VERIFIER_assert::cond@34 -> 1, __VERIFIER_assert::cond@36 -> 1, __VERIFIER_assert::cond@38 -> 1, __VERIFIER_nondet_uint!2@ -> 64, __VERIFIER_assert::cond@6 -> 1, __VERIFIER_assert::cond@4 -> 1, __VERIFIER_assert::cond@30 -> 1, __VERIFIER_assert::cond@2 -> 1, __VERIFIER_assert::cond@32 -> 1, __VERIFIER_assert::cond@8 -> 1, __VERIFIER_nondet_uint!3@ -> 1, main::q@6 -> 0, __VERIFIER_assert::cond@12 -> 1, __VERIFIER_assert::cond@14 -> 1, __VERIFIER_assert::cond@16 -> 1, __VERIFIER_assert::cond@18 -> 1, __VERIFIER_assert::cond@10 -> 1, Integer_/_(128, 2) -> -10, Integer_/_(53, 2) -> -21, Integer_/_(-21, 2) -> -11, Integer_/_(-10, 2) -> 52, Integer_*_(43, 1) -> 43, Integer_*_(22, 1) -> 22, Integer_*_(12, 1) -> 12, Integer_*_(-10, 1) -> -10, Integer_*_(-9, 1) -> -10, Integer_*_(1, 128) -> 128, Integer_*_(1, 64) -> 64, Integer_*_(1, 53) -> 53, Integer_*_(1, 32) -> 32, Integer_*_(1, -21) -> -21, Integer_*_(1, 16) -> 16, Integer_*_(1, -10) -> -10, Integer_*_(1, 8) -> 8, Integer_*_(1, 4) -> 4, Integer_*_(1, 2) -> 2, Integer_*_(1, 1) -> 1, Integer_*_(0, 1) -> 0}
[__VERIFIER_assert::cond@74: 0, main::q@47: -9, main::r@47: 73, main::p@55: -21, main::d@55: -21, __VERIFIER_assert::cond@72: 1, __VERIFIER_assert::cond@70: 1, main::p@52: 53, main::d@52: 53, __VERIFIER_assert::cond@68: 1, __VERIFIER_assert::cond@66: 1, main::q@42: 12, main::r@42: 52, main::p@49: -10, main::d@49: -10, __VERIFIER_assert::cond@64: 1, __VERIFIER_assert::cond@62: 1, main::q@39: 22, main::r@39: 42, main::p@46: -21, main::d@46: -21, __VERIFIER_assert::cond@60: 1, __VERIFIER_assert::cond@58: 1, main::q@36: 43, main::r@36: 21, main::p@43: 53, main::d@43: 53, __VERIFIER_assert::cond@56: 1, __VERIFIER_assert::cond@54: 1, main::q@33: -10, main::r@33: 74, main::p@40: -10, main::d@40: -10, main::p@34: 128, main::d@34: 128, main::p@30: 64, main::d@30: 64, main::p@26: 32, main::d@26: 32, main::p@22: 16, main::d@22: 16, assume_abort_if_not::cond@6: 1, main::B@4: 1, main::__CPAchecker_TMP_1@3: 1, main::p@14: 4, main::p@10: 2, main::p@6: 1, main::p@18: 8, main::d@6: 1, assume_abort_if_not::cond@2: 1, assume_abort_if_not::cond@4: 1, main::__CPAchecker_TMP_0@3: 1, __VERIFIER_assert::cond@46: 1, __VERIFIER_assert::cond@48: 1, __VERIFIER_assert::cond@40: 1, __VERIFIER_assert::cond@42: 1, __VERIFIER_assert::cond@44: 1, __VERIFIER_assert::cond@50: 1, __VERIFIER_assert::cond@52: 1, main::A@3: 64, __VERIFIER_assert::cond@24: 1, __VERIFIER_assert::cond@26: 1, __VERIFIER_assert::cond@28: 1, main::d@14: 4, __VERIFIER_assert::cond@20: 1, main::r@6: 64, main::d@18: 8, __VERIFIER_assert::cond@22: 1, main::d@10: 2, __VERIFIER_assert::cond@34: 1, __VERIFIER_assert::cond@36: 1, __VERIFIER_assert::cond@38: 1, __VERIFIER_nondet_uint!2@: 64, __VERIFIER_assert::cond@6: 1, __VERIFIER_assert::cond@4: 1, __VERIFIER_assert::cond@30: 1, __VERIFIER_assert::cond@2: 1, __VERIFIER_assert::cond@32: 1, __VERIFIER_assert::cond@8: 1, __VERIFIER_nondet_uint!3@: 1, main::q@6: 0, __VERIFIER_assert::cond@12: 1, __VERIFIER_assert::cond@14: 1, __VERIFIER_assert::cond@16: 1, __VERIFIER_assert::cond@18: 1, __VERIFIER_assert::cond@10: 1, Integer_/_(128, 2): -10, Integer_/_(53, 2): -21, Integer_/_(-21, 2): -11, Integer_/_(-10, 2): 52, Integer_*_(43, 1): 43, Integer_*_(22, 1): 22, Integer_*_(12, 1): 12, Integer_*_(-10, 1): -10, Integer_*_(-9, 1): -10, Integer_*_(1, 128): 128, Integer_*_(1, 64): 64, Integer_*_(1, 53): 53, Integer_*_(1, 32): 32, Integer_*_(1, -21): -21, Integer_*_(1, 16): 16, Integer_*_(1, -10): -10, Integer_*_(1, 8): 8, Integer_*_(1, 4): 4, Integer_*_(1, 2): 2, Integer_*_(1, 1): 1, Integer_*_(0, 1): 0]
Stopping analysis ... (CPAchecker.runAlgorithm, INFO)


PredicateCPA statistics
-----------------------
Number of abstractions:            150 (7% of all post computations)
  Times abstraction was reused:    0
  Because of function entry/exit:  0 (0%)
  Because of loop head:            0 (0%)
  Because of join nodes:           0 (0%)
  Because of threshold:            0 (0%)
  Because of target state:         150 (100%)
  Times precision was empty:       150 (100%)
  Times precision was {false}:     0 (0%)
  Times result was cached:         0 (0%)
  Times cartesian abs was used:    0 (0%)
  Times boolean abs was used:      0 (0%)
  Times result was 'false':        0 (0%)
Number of strengthen sat checks:   0
Number of coverage checks:         98
  BDD entailment checks:           0
Number of SMT sat checks:          0
  trivial:                         0
  cached:                          0

Max ABE block size:                       213
Avg ABE block size:                                114.40 (sum: 17160, count: 150, min: 30, max: 213)
Number of predicates discovered:          0

Time for post operator:                                0.434s
  Time for path formula creation:                      0.414s
Time for strengthen operator:                          0.015s
Time for prec operator:                                0.031s
  Time for abstraction:                  0.004s (Max:     0.001s, Count: 150)
    Solving time:                        0.000s (Max:     0.000s)
    Model enumeration time:              0.000s
    Time for BDD construction:           0.000s (Max:     0.000s)
Time for merge operator:                               0.008s
Time for coverage checks:                              0.001s
Total time for SMT solver (w/o itp):     0.000s

Total number of created targets for pointer analysis: 0



KeyValue statistics
-------------------
Init. function predicates:                         0
Init. global predicates:                           0
Init. location predicates:                         0

Invariant Generation statistics
-------------------------------

Bounds CPA statistics
---------------------
Bound k:                                           10
Maximum loop iteration reached:                    11


ValueAnalysisCPA statistics
---------------------------
Number of variables per state:                     1.53 (sum: 2795, count: 1826, min: 0, max: 3)
Number of global variables per state:              0.00 (sum: 0, count: 1826, min: 0, max: 0)
Number of assumptions:                                  684
Number of deterministic assumptions:                      0
Level of Determinism:                              0%

ValueAnalysisPrecisionAdjustment statistics
-------------------------------------------
Number of abstraction computations:                    1874
Total time for liveness abstraction:                   0.000s
Total time for abstraction computation:                0.010s
Total time for path thresholds:                        0.000s

ConstraintsStrengthenOperator statistics
----------------------------------------
Total time for strengthening by ConstraintsCPA:     0.000s
Replaced symbolic expressions: 0

AutomatonAnalysis (SVCOMP) statistics
-------------------------------------
Number of states:                                  1
Total time for successor computation:                  0.062s
Automaton transfers with branching:                0
Automaton transfer successors:                     0.92 (sum: 1874, count: 2027, min: 0, max: 1) [0 x 153, 1 x 1874]
Number of states with assumption transitions:      0

CPA algorithm statistics
------------------------
Number of iterations:            1826
Max size of waitlist:            3
Average size of waitlist:        2
LoopstackSortedWaitlist:                           1.00 (sum: 908, count: 912, min: 0, max: 110)
ReversePostorderSortedWaitlist:                    0.00 (sum: 0, count: 912, min: 0, max: 0)
LoopIterationSortedWaitlist:                       1.00 (sum: 908, count: 912, min: 0, max: 110)
CallstackSortedWaitlist:                           914.00 (sum: 914, count: 1, min: 914, max: 914)
Number of computed successors:   1874
Max successors for one state:    2
Number of times merged:          49
Number of times stopped:         49
Number of times breaked:         0

Total time for CPA algorithm:         1.012s (Max:     1.012s)
  Time for choose from waitlist:      0.019s
  Time for precision adjustment:      0.148s
  Time for transfer relation:         0.738s
  Time for merge operator:            0.019s
  Time for stop operator:             0.023s
  Time for adding to reached set:     0.040s

BMC algorithm statistics
------------------------
Time for BMC formula creation:                       1.014s
Time for final sat check:                          670.292s
Time for error-path creation:                        0.149s
Time for error-path post-processing:                 3.316s

CPAchecker general statistics
-----------------------------
Number of program locations:                       80
Number of CFA edges (per node):                          90 (count: 80, min: 0, max: 7, avg: 1.13)
Number of relevant variables:                      10
Number of functions:                               4
Number of loops (and loop nodes):                         2 (sum: 19, min: 8, max: 11, avg: 9.50)
Size of reached set:             1826
  Number of reached locations:   73 (91%)
    Avg states per location:     25
    Max states per location:     160 (at node N10)
  Number of reached functions:   4 (100%)
  Number of partitions:          1826
    Avg size of partitions:      1
    Max size of partitions:      1
  Number of target states:       150

Time for analysis setup:          2.082s
  Time for loading CPAs:          1.195s
  Time for loading parser:        0.241s
  Time for CFA construction:      0.582s
    Time for parsing file(s):     0.329s
    Time for AST to CFA:          0.116s
    Time for CFA sanity check:    0.001s
    Time for post-processing:     0.090s
    Time for loop structure:      0.007s
    Time for AST structure:       0.000s
      Time for function pointers resolving:            0.003s
        Function calls via function pointers:             0 (count: 1, min: 0, max: 0, avg: 0.00)
        Instrumented function pointer calls:              0 (count: 1, min: 0, max: 0, avg: 0.00)
        Function calls with function pointer arguments:        0 (count: 1, min: 0, max: 0, avg: 0.00)
        Instrumented function pointer arguments:          0 (count: 1, min: 0, max: 0, avg: 0.00)
      Time for classifying variables:                  0.054s
        Time for collecting variables:                 0.032s
        Time for solving dependencies:                 0.001s
        Time for building hierarchy:                   0.000s
        Time for building classification:              0.021s
        Time for exporting data:                       0.000s
Time for Analysis:              674.872s
CPU time for analysis:          693.760s
Time for analyzing result:        0.003s
Total time for CPAchecker:      676.955s
Total CPU time for CPAchecker:  697.780s
Time for statistics:              0.069s

Time for Garbage Collector:       0.525s (in 188 runs)
Garbage Collector(s) used:    G1 Old Generation, G1 Young Generation

Verification result: FALSE. Property violation (unreach-call: reach_error(); called in line 17) found by chosen configuration.
More details about the verification run can be found in the directory "./output".
