scripts/cpa.sh -heap 13000M -stack 50M -noout -benchmark -bmc -setprop cpa.predicate.useArraysForHeap=false -setprop cpa.predicate.memoryAllocationsAlwaysSucceed=true -setprop cpa.loopbound.maxLoopIterations=10 -setprop cpa.predicate.encodeFloatAs=INTEGER -setprop cpa.predicate.encodeBitvectorAs=INTEGER -setprop solver.solver=princess -timelimit 900s -stats -spec test/programs/benchmarks/properties/unreach-call.prp -64 test/programs/benchmarks/ldv-consumption/32_7a_cilled_linux-3.8-rc1-32_7a-net--netfilter--ipvs--ip_vs.ko-ldv_main1_sequence_infinite_withcheck_stateful.cil.out.i


--------------------------------------------------------------------------------


Running CPAchecker with Java heap of size 13000M.
Running CPAchecker with Java stack of size 50M.
Language C detected and set for analysis (CPAMain.detectFrontendLanguageIfNecessary, INFO)

Using the following resource limits: CPU-time limit of 900s (ResourceLimitChecker.fromConfiguration, INFO)

CPAchecker 2.3.1-svn-45350M / bmc (OpenJDK 64-Bit Server VM 17.0.8.1) started (CPAchecker.run, INFO)

Parsing CFA from file(s) "test/programs/benchmarks/ldv-consumption/32_7a_cilled_linux-3.8-rc1-32_7a-net--netfilter--ipvs--ip_vs.ko-ldv_main1_sequence_infinite_withcheck_stateful.cil.out.i" (CPAchecker.parse, INFO)

line 9172: Dead code detected: e = e->next; (CFACreationUtils.addEdgeToCFA, INFO)

line 9805: Dead code detected: return (ldv_func_res); (CFACreationUtils.addEdgeToCFA, INFO)

lines 9867-9868: Dead code detected: __asm__ volatile (".pushsection .smp_locks,\"a\"\n.balign 4\n.long 671f - .\n.popsection\n671:\n\tlock; xaddb %b0, %1\n": "+q" (__ret),
                       "+m" (v->counter): : "memory", "cc"); (CFACreationUtils.addEdgeToCFA, INFO)

lines 9871-9872: Dead code detected: __asm__ volatile (".pushsection .smp_locks,\"a\"\n.balign 4\n.long 671f - .\n.popsection\n671:\n\tlock; xaddw %w0, %1\n": "+r" (__ret),
                       "+m" (v->counter): : "memory", "cc"); (CFACreationUtils.addEdgeToCFA, INFO)

lines 9879-9880: Dead code detected: __asm__ volatile (".pushsection .smp_locks,\"a\"\n.balign 4\n.long 671f - .\n.popsection\n671:\n\tlock; xaddq %q0, %1\n": "+r" (__ret),
                       "+m" (v->counter): : "memory", "cc"); (CFACreationUtils.addEdgeToCFA, INFO)

line 9882: Dead code detected: switch (4UL) {
  case 1UL:
  __asm__ volatile (".pushsection .smp_locks,\"a\"\n.balign 4\n.long 671f - .\n.popsection\n671:\n\tlock; xaddb %b0, %1\n": "+q" (__ret),
                       "+m" (v->counter): : "memory", "cc");
  goto ldv_5474;
  case 2UL:
  __asm__ volatile (".pushsection .smp_locks,\"a\"\n.balign 4\n.long 671f - .\n.popsection\n671:\n\tlock; xaddw %w0, %1\n": "+r" (__ret),
                       "+m" (v->counter): : "memory", "cc");
  goto ldv_5474;
  case 4UL:
  __asm__ volatile (".pushsection .smp_locks,\"a\"\n.balign 4\n.long 671f - .\n.popsection\n671:\n\tlock; xaddl %0, %1\n": "+r" (__ret),
                       "+m" (v->counter): : "memory", "cc");
  goto ldv_5474;
  case 8UL:
  __asm__ volatile (".pushsection .smp_locks,\"a\"\n.balign 4\n.long 671f - .\n.popsection\n671:\n\tlock; xaddq %q0, %1\n": "+r" (__ret),
                       "+m" (v->counter): : "memory", "cc");
  goto ldv_5474;
  default:
  __xadd_wrong_size();
  } (CFACreationUtils.addEdgeToCFA, INFO)

line 9908: Dead code detected: __asm__ ("movb %%gs:%P1,%0": "=q" (pfo_ret__): "p" (& kernel_stack)); (CFACreationUtils.addEdgeToCFA, INFO)

line 9911: Dead code detected: __asm__ ("movw %%gs:%P1,%0": "=r" (pfo_ret__): "p" (& kernel_stack)); (CFACreationUtils.addEdgeToCFA, INFO)

line 9914: Dead code detected: __asm__ ("movl %%gs:%P1,%0": "=r" (pfo_ret__): "p" (& kernel_stack)); (CFACreationUtils.addEdgeToCFA, INFO)

line 9919: Dead code detected: switch (8UL) {
  case 1UL:
  __asm__ ("movb %%gs:%P1,%0": "=q" (pfo_ret__): "p" (& kernel_stack));
  goto ldv_6234;
  case 2UL:
  __asm__ ("movw %%gs:%P1,%0": "=r" (pfo_ret__): "p" (& kernel_stack));
  goto ldv_6234;
  case 4UL:
  __asm__ ("movl %%gs:%P1,%0": "=r" (pfo_ret__): "p" (& kernel_stack));
  goto ldv_6234;
  case 8UL:
  __asm__ ("movq %%gs:%P1,%0": "=r" (pfo_ret__): "p" (& kernel_stack));
  goto ldv_6234;
  default:
  __bad_percpu_size();
  } (CFACreationUtils.addEdgeToCFA, INFO)

line 13088: Dead code detected: return (ldv_func_res); (CFACreationUtils.addEdgeToCFA, INFO)

line 13155: Dead code detected: __asm__ ("movb %%gs:%P1,%0": "=q" (pfo_ret__): "p" (& current_task)); (CFACreationUtils.addEdgeToCFA, INFO)

line 13158: Dead code detected: __asm__ ("movw %%gs:%P1,%0": "=r" (pfo_ret__): "p" (& current_task)); (CFACreationUtils.addEdgeToCFA, INFO)

line 13161: Dead code detected: __asm__ ("movl %%gs:%P1,%0": "=r" (pfo_ret__): "p" (& current_task)); (CFACreationUtils.addEdgeToCFA, INFO)

line 13166: Dead code detected: switch (8UL) {
  case 1UL:
  __asm__ ("movb %%gs:%P1,%0": "=q" (pfo_ret__): "p" (& current_task));
  goto ldv_2861;
  case 2UL:
  __asm__ ("movw %%gs:%P1,%0": "=r" (pfo_ret__): "p" (& current_task));
  goto ldv_2861;
  case 4UL:
  __asm__ ("movl %%gs:%P1,%0": "=r" (pfo_ret__): "p" (& current_task));
  goto ldv_2861;
  case 8UL:
  __asm__ ("movq %%gs:%P1,%0": "=r" (pfo_ret__): "p" (& current_task));
  goto ldv_2861;
  default:
  __bad_percpu_size();
  } (CFACreationUtils.addEdgeToCFA, INFO)

line 16018: Dead code detected: __mptr___1 = (struct list_head const *)svc->s_list.next; (CFACreationUtils.addEdgeToCFA, INFO)

line 16050: Dead code detected: __mptr___4 = (struct list_head const *)svc->f_list.next; (CFACreationUtils.addEdgeToCFA, INFO)

line 18546: Dead code detected: return (ldv_func_res); (CFACreationUtils.addEdgeToCFA, INFO)

line 18599: Dead code detected: return (ldv_func_res); (CFACreationUtils.addEdgeToCFA, INFO)

line 18620: Dead code detected: return (ldv_func_res); (CFACreationUtils.addEdgeToCFA, INFO)

line 18641: Dead code detected: return (ldv_func_res); (CFACreationUtils.addEdgeToCFA, INFO)

line 18662: Dead code detected: return (ldv_func_res); (CFACreationUtils.addEdgeToCFA, INFO)

line 19056: Dead code detected: return (ldv_func_res); (CFACreationUtils.addEdgeToCFA, INFO)

line 19109: Dead code detected: __asm__ ("movb %%gs:%P1,%0": "=q" (pfo_ret__): "p" (& kernel_stack)); (CFACreationUtils.addEdgeToCFA, INFO)

line 19112: Dead code detected: __asm__ ("movw %%gs:%P1,%0": "=r" (pfo_ret__): "p" (& kernel_stack)); (CFACreationUtils.addEdgeToCFA, INFO)

line 19115: Dead code detected: __asm__ ("movl %%gs:%P1,%0": "=r" (pfo_ret__): "p" (& kernel_stack)); (CFACreationUtils.addEdgeToCFA, INFO)

line 19120: Dead code detected: switch (8UL) {
  case 1UL:
  __asm__ ("movb %%gs:%P1,%0": "=q" (pfo_ret__): "p" (& kernel_stack));
  goto ldv_6203;
  case 2UL:
  __asm__ ("movw %%gs:%P1,%0": "=r" (pfo_ret__): "p" (& kernel_stack));
  goto ldv_6203;
  case 4UL:
  __asm__ ("movl %%gs:%P1,%0": "=r" (pfo_ret__): "p" (& kernel_stack));
  goto ldv_6203;
  case 8UL:
  __asm__ ("movq %%gs:%P1,%0": "=r" (pfo_ret__): "p" (& kernel_stack));
  goto ldv_6203;
  default:
  __bad_percpu_size();
  } (CFACreationUtils.addEdgeToCFA, INFO)

line 20268: Dead code detected: skb_forward_csum(skb); (CFACreationUtils.addEdgeToCFA, INFO)

line 20970: Dead code detected: skb_forward_csum(skb); (CFACreationUtils.addEdgeToCFA, INFO)

line 21174: Dead code detected: skb_forward_csum(skb); (CFACreationUtils.addEdgeToCFA, INFO)

line 21355: Dead code detected: skb_forward_csum(skb); (CFACreationUtils.addEdgeToCFA, INFO)

line 21467: Dead code detected: skb_forward_csum(skb); (CFACreationUtils.addEdgeToCFA, INFO)

line 21938: Dead code detected: return (ldv_func_res); (CFACreationUtils.addEdgeToCFA, INFO)

line 22661: Dead code detected: __mptr___2 = (struct list_head const *)inc->a_list.next; (CFACreationUtils.addEdgeToCFA, INFO)

line 22835: Dead code detected: return (ldv_func_res); (CFACreationUtils.addEdgeToCFA, INFO)

line 23461: Dead code detected: __ptr = (u8 volatile *)(& cp->sync_endtime); (CFACreationUtils.addEdgeToCFA, INFO)

line 23466: Dead code detected: __ptr___0 = (u16 volatile *)(& cp->sync_endtime); (CFACreationUtils.addEdgeToCFA, INFO)

line 23471: Dead code detected: __ptr___1 = (u32 volatile *)(& cp->sync_endtime); (CFACreationUtils.addEdgeToCFA, INFO)

line 23480: Dead code detected: switch (8UL) {
  case 1UL:
  __ptr = (u8 volatile *)(& cp->sync_endtime);
  __asm__ volatile (".pushsection .smp_locks,\"a\"\n.balign 4\n.long 671f - .\n.popsection\n671:\n\tlock; cmpxchgb %2,%1": "=a" (__ret),
                       "+m" (*__ptr): "q" (__new), "0" (__old): "memory");
  goto ldv_46316;
  case 2UL:
  __ptr___0 = (u16 volatile *)(& cp->sync_endtime);
  __asm__ volatile (".pushsection .smp_locks,\"a\"\n.balign 4\n.long 671f - .\n.popsection\n671:\n\tlock; cmpxchgw %2,%1": "=a" (__ret),
                       "+m" (*__ptr___0): "r" (__new), "0" (__old): "memory");
  goto ldv_46316;
  case 4UL:
  __ptr___1 = (u32 volatile *)(& cp->sync_endtime);
  __asm__ volatile (".pushsection .smp_locks,\"a\"\n.balign 4\n.long 671f - .\n.popsection\n671:\n\tlock; cmpxchgl %2,%1": "=a" (__ret),
                       "+m" (*__ptr___1): "r" (__new), "0" (__old): "memory");
  goto ldv_46316;
  case 8UL:
  __ptr___2 = (u64 volatile *)(& cp->sync_endtime);
  __asm__ volatile (".pushsection .smp_locks,\"a\"\n.balign 4\n.long 671f - .\n.popsection\n671:\n\tlock; cmpxchgq %2,%1": "=a" (__ret),
                       "+m" (*__ptr___2): "r" (__new), "0" (__old): "memory");
  goto ldv_46316;
  default:
  __cmpxchg_wrong_size();
  } (CFACreationUtils.addEdgeToCFA, INFO)

line 25548: Dead code detected: return (ldv_func_res); (CFACreationUtils.addEdgeToCFA, INFO)

line 25846: Dead code detected: return (ldv_func_res); (CFACreationUtils.addEdgeToCFA, INFO)

line 26398: Dead code detected: return (ldv_func_res); (CFACreationUtils.addEdgeToCFA, INFO)

line 26617: Dead code detected: return (ldv_func_res); (CFACreationUtils.addEdgeToCFA, INFO)

line 27721: Dead code detected: return (ldv_func_res); (CFACreationUtils.addEdgeToCFA, INFO)

line 28564: Dead code detected: return (ldv_func_res); (CFACreationUtils.addEdgeToCFA, INFO)

line 28899: Dead code detected: return (ldv_func_res); (CFACreationUtils.addEdgeToCFA, INFO)

line 30013: Dead code detected: return (ldv_func_res); (CFACreationUtils.addEdgeToCFA, INFO)

line 30584: Dead code detected: return (ldv_func_res); (CFACreationUtils.addEdgeToCFA, INFO)

Inline assembler ignored, analysis is probably unsound! (CFABuilder.createCFA, WARNING)

line 19739: Function pointer *(dst->ops->check) with type struct dst_entry *(*)(struct dst_entry *, __u32 ) is called, but no possible target functions were found. (CFunctionPointerResolver.getTargets, WARNING)

line 22515: Function pointer *(app->pkt_in) with type int (*)(struct ip_vs_app *, struct ip_vs_conn *, struct sk_buff *, int *) is called, but no possible target functions were found. (CFunctionPointerResolver.getTargets, WARNING)

line 22438: Function pointer *(app->pkt_out) with type int (*)(struct ip_vs_app *, struct ip_vs_conn *, struct sk_buff *, int *) is called, but no possible target functions were found. (CFunctionPointerResolver.getTargets, WARNING)

line 24635: Function pointer *(sock->ops->bind) with type int (*)(struct socket *, struct sockaddr *, int) is called, but no possible target functions were found. (CFunctionPointerResolver.getTargets, WARNING)

line 19533: Function pointer *(dst->ops->link_failure) with type void (*)(struct sk_buff *) is called, but no possible target functions were found. (CFunctionPointerResolver.getTargets, WARNING)

line 22550: Function pointer *(app->pkt_in) with type int (*)(struct ip_vs_app *, struct ip_vs_conn *, struct sk_buff *, int *) is called, but no possible target functions were found. (CFunctionPointerResolver.getTargets, WARNING)

line 22473: Function pointer *(app->pkt_out) with type int (*)(struct ip_vs_app *, struct ip_vs_conn *, struct sk_buff *, int *) is called, but no possible target functions were found. (CFunctionPointerResolver.getTargets, WARNING)

line 10824: Function pointer *(p->pe->fill_param) with type int (*)(struct ip_vs_conn_param *, struct sk_buff *) is called, but no possible target functions were found. (CFunctionPointerResolver.getTargets, WARNING)

line 8081: Function pointer *(p->pe->hashkey_raw) with type u32 (*)(const struct ip_vs_conn_param *, u32 , bool ) is called, but no possible target functions were found. (CFunctionPointerResolver.getTargets, WARNING)

line 9250: Function pointer *(cp->pe->show_pe_data) with type int (*)(const struct ip_vs_conn *, char *) is called, but no possible target functions were found. (CFunctionPointerResolver.getTargets, WARNING)

line 8337: Function pointer *(p->pe->ct_match) with type bool (*)(const struct ip_vs_conn_param *, struct ip_vs_conn *) is called, but no possible target functions were found. (CFunctionPointerResolver.getTargets, WARNING)

line 10912: Function pointer *(svc->scheduler->schedule) with type struct ip_vs_dest *(*)(struct ip_vs_service *, const struct sk_buff *) is called, but no possible target functions were found. (CFunctionPointerResolver.getTargets, WARNING)

line 11042: Function pointer *(svc->scheduler->schedule) with type struct ip_vs_dest *(*)(struct ip_vs_service *, const struct sk_buff *) is called, but no possible target functions were found. (CFunctionPointerResolver.getTargets, WARNING)

line 20992: Function pointer *(tmp___7->ops->update_pmtu) with type void (*)(struct dst_entry *, struct sock *, struct sk_buff *, u32 ) is called, but no possible target functions were found. (CFunctionPointerResolver.getTargets, WARNING)

line 21195: Function pointer *(tmp___6->ops->update_pmtu) with type void (*)(struct dst_entry *, struct sock *, struct sk_buff *, u32 ) is called, but no possible target functions were found. (CFunctionPointerResolver.getTargets, WARNING)

line 22299: Function pointer *(inc->done_conn) with type int (*)(struct ip_vs_app *, struct ip_vs_conn *) is called, but no possible target functions were found. (CFunctionPointerResolver.getTargets, WARNING)

line 22294: Function pointer *(inc->unbind_conn) with type void (*)(struct ip_vs_app *, struct ip_vs_conn *) is called, but no possible target functions were found. (CFunctionPointerResolver.getTargets, WARNING)

line 24744: Function pointer *(sock->ops->bind) with type int (*)(struct socket *, struct sockaddr *, int) is called, but no possible target functions were found. (CFunctionPointerResolver.getTargets, WARNING)

line 24691: Function pointer *(sock->ops->connect) with type int (*)(struct socket *, struct sockaddr *, int, int) is called, but no possible target functions were found. (CFunctionPointerResolver.getTargets, WARNING)

line 25900: Function pointer *(pp->init) with type void (*)(struct ip_vs_protocol *) is called, but no possible target functions were found. (CFunctionPointerResolver.getTargets, WARNING)

line 29835: Function pointer *(inc->init_conn) with type int (*)(struct ip_vs_app *, struct ip_vs_conn *) is called, but no possible target functions were found. (CFunctionPointerResolver.getTargets, WARNING)

line 27524: Function pointer *(inc->init_conn) with type int (*)(struct ip_vs_app *, struct ip_vs_conn *) is called, but no possible target functions were found. (CFunctionPointerResolver.getTargets, WARNING)

line 28359: Function pointer *(inc->init_conn) with type int (*)(struct ip_vs_app *, struct ip_vs_conn *) is called, but no possible target functions were found. (CFunctionPointerResolver.getTargets, WARNING)

line 25955: Function pointer *(pp->exit) with type void (*)(struct ip_vs_protocol *) is called, but no possible target functions were found. (CFunctionPointerResolver.getTargets, WARNING)

Using unsound approximation of ints with unbounded integers and floats with unbounded integers for encoding program semantics. (PredicateCPA:FormulaManagerView.<init>, WARNING)

Using predicate analysis with Princess 2023-04-07. (PredicateCPA:PredicateCPA.<init>, INFO)

Using unsound approximation of ints with unbounded integers and floats with unbounded integers for encoding program semantics. (AssumptionStorageCPA:FormulaManagerView.<init>, WARNING)

Starting analysis ... (CPAchecker.runAlgorithm, INFO)

Recursion detected, aborting. To ignore recursion, add -skipRecursion to the command line. (TargetLocationProvider:CallstackCPA:CallstackTransferRelation.getAbstractSuccessorsForEdge, INFO)

Recursion detected. Defaulting to selecting all locations as potential target locations. (TargetLocationProvider:TargetLocationProviderImpl.tryGetAutomatonTargetLocations, INFO)

Creating formula for program (AbstractBMCAlgorithm.run, INFO)

Exception in thread "main" org.sosy_lab.java_smt.basicimpl.GeneratorException: Modular Congruence is not available in SMTLIB2. 
	at org.sosy_lab.java_smt.basicimpl.AbstractNumeralFormulaManager.modularCongruence(AbstractNumeralFormulaManager.java:361)
	at org.sosy_lab.java_smt.solvers.princess.PrincessIntegerFormulaManager.modularCongruence(PrincessIntegerFormulaManager.java:22)
	at org.sosy_lab.cpachecker.util.predicates.smt.IntegerFormulaManagerView.modularCongruence(IntegerFormulaManagerView.java:35)
	at org.sosy_lab.cpachecker.util.predicates.smt.FormulaManagerView.makeModularCongruence(FormulaManagerView.java:688)
	at org.sosy_lab.cpachecker.util.predicates.smt.FormulaManagerView.makeModularCongruence(FormulaManagerView.java:670)
	at org.sosy_lab.cpachecker.util.predicates.pathformula.pointeraliasing.PointerTargetSetManager.makeBaseAddressConstraints(PointerTargetSetManager.java:653)
	at org.sosy_lab.cpachecker.util.predicates.pathformula.pointeraliasing.PointerTargetSetBuilder$RealPointerTargetSetBuilder.addNextBaseAddressConstraints(PointerTargetSetBuilder.java:286)
	at org.sosy_lab.cpachecker.util.predicates.pathformula.pointeraliasing.CToFormulaConverterWithPointerAliasing.declareSharedBase(CToFormulaConverterWithPointerAliasing.java:437)
	at org.sosy_lab.cpachecker.util.predicates.pathformula.pointeraliasing.CToFormulaConverterWithPointerAliasing.makeDeclaration(CToFormulaConverterWithPointerAliasing.java:1001)
	at org.sosy_lab.cpachecker.util.predicates.pathformula.ctoformula.CtoFormulaConverter.createFormulaForEdge(CtoFormulaConverter.java:1231)
	at org.sosy_lab.cpachecker.util.predicates.pathformula.ctoformula.CtoFormulaConverter.makeAnd(CtoFormulaConverter.java:1049)
	at org.sosy_lab.cpachecker.util.predicates.pathformula.PathFormulaManagerImpl.makeAnd(PathFormulaManagerImpl.java:246)
	at org.sosy_lab.cpachecker.util.predicates.pathformula.PathFormulaManagerImpl.makeAnd(PathFormulaManagerImpl.java:300)
	at org.sosy_lab.cpachecker.cpa.predicate.PredicateTransferRelation.convertEdgeToPathFormula(PredicateTransferRelation.java:203)
	at org.sosy_lab.cpachecker.cpa.predicate.PredicateTransferRelation.getAbstractSuccessorsForEdge(PredicateTransferRelation.java:113)
	at org.sosy_lab.cpachecker.cpa.composite.CompositeTransferRelation.callTransferRelation(CompositeTransferRelation.java:297)
	at org.sosy_lab.cpachecker.cpa.composite.CompositeTransferRelation.getAbstractSuccessorForSimpleEdge(CompositeTransferRelation.java:264)
	at org.sosy_lab.cpachecker.cpa.composite.CompositeTransferRelation.getAbstractSuccessorForEdge(CompositeTransferRelation.java:196)
	at org.sosy_lab.cpachecker.cpa.composite.CompositeTransferRelation.getAbstractSuccessors(CompositeTransferRelation.java:88)
	at org.sosy_lab.cpachecker.cpa.arg.ARGTransferRelation.getAbstractSuccessors(ARGTransferRelation.java:45)
	at org.sosy_lab.cpachecker.core.algorithm.CPAAlgorithm.handleState(CPAAlgorithm.java:334)
	at org.sosy_lab.cpachecker.core.algorithm.CPAAlgorithm.run0(CPAAlgorithm.java:289)
	at org.sosy_lab.cpachecker.core.algorithm.CPAAlgorithm.run(CPAAlgorithm.java:260)
	at org.sosy_lab.cpachecker.core.algorithm.bmc.BMCHelper.unroll(BMCHelper.java:192)
	at org.sosy_lab.cpachecker.core.algorithm.bmc.AbstractBMCAlgorithm.run(AbstractBMCAlgorithm.java:427)
	at org.sosy_lab.cpachecker.core.algorithm.bmc.BMCAlgorithm.run(BMCAlgorithm.java:130)
	at org.sosy_lab.cpachecker.core.CPAchecker.runAlgorithm(CPAchecker.java:507)
	at org.sosy_lab.cpachecker.core.CPAchecker.run(CPAchecker.java:369)
	at org.sosy_lab.cpachecker.cmdline.CPAMain.main(CPAMain.java:170)
