scripts/cpa.sh -heap 13000M -stack 50M -noout -benchmark -bmc -setprop cpa.predicate.useArraysForHeap=false -setprop cpa.predicate.memoryAllocationsAlwaysSucceed=true -setprop cpa.loopbound.maxLoopIterations=10 -setprop cpa.predicate.encodeFloatAs=INTEGER -setprop cpa.predicate.encodeBitvectorAs=INTEGER -setprop solver.solver=princess -timelimit 900s -stats -spec test/programs/benchmarks/properties/unreach-call.prp -64 test/programs/benchmarks/ldv-linux-3.0/usb_urb-drivers-media-video-c-qcam.ko.cil.out.i


--------------------------------------------------------------------------------


Running CPAchecker with Java heap of size 13000M.
Running CPAchecker with Java stack of size 50M.
Language C detected and set for analysis (CPAMain.detectFrontendLanguageIfNecessary, INFO)

Using the following resource limits: CPU-time limit of 900s (ResourceLimitChecker.fromConfiguration, INFO)

CPAchecker 2.3.1-svn-45350M / bmc (OpenJDK 64-Bit Server VM 17.0.8.1) started (CPAchecker.run, INFO)

Parsing CFA from file(s) "test/programs/benchmarks/ldv-linux-3.0/usb_urb-drivers-media-video-c-qcam.ko.cil.out.i" (CPAchecker.parse, INFO)

line 4587: Dead code detected: goto case_1; (CFACreationUtils.addEdgeToCFA, INFO)

line 4590: Dead code detected: goto case_2; (CFACreationUtils.addEdgeToCFA, INFO)

line 4593: Dead code detected: goto case_4; (CFACreationUtils.addEdgeToCFA, INFO)

line 4598: Dead code detected: goto switch_default; (CFACreationUtils.addEdgeToCFA, INFO)

Dead code detected: Label switch_default is not reachable. (CFAFunctionBuilder.leave, INFO)

Dead code detected: Label case_4 is not reachable. (CFAFunctionBuilder.leave, INFO)

Dead code detected: Label case_1 is not reachable. (CFAFunctionBuilder.leave, INFO)

Dead code detected: Label case_2 is not reachable. (CFAFunctionBuilder.leave, INFO)

line 4768: Dead code detected: [(int )size == 1] (CFACreationUtils.addEdgeToCFA, INFO)

line 4768: Dead code detected: [!((int )size == 1)] (CFACreationUtils.addEdgeToCFA, INFO)

line 4771: Dead code detected: [!((int )size == 2)] (CFACreationUtils.addEdgeToCFA, INFO)

line 4774: Dead code detected: [!((int )size == 4)] (CFACreationUtils.addEdgeToCFA, INFO)

line 4777: Dead code detected: [!((int )size == 8)] (CFACreationUtils.addEdgeToCFA, INFO)

line 4780: Dead code detected: [!((int )size == 10)] (CFACreationUtils.addEdgeToCFA, INFO)

line 4783: Dead code detected: [!((int )size == 16)] (CFACreationUtils.addEdgeToCFA, INFO)

line 4769: Dead code detected: goto case_1; (CFACreationUtils.addEdgeToCFA, INFO)

line 4772: Dead code detected: goto case_2; (CFACreationUtils.addEdgeToCFA, INFO)

line 4775: Dead code detected: goto case_4; (CFACreationUtils.addEdgeToCFA, INFO)

line 4778: Dead code detected: goto case_8; (CFACreationUtils.addEdgeToCFA, INFO)

line 4781: Dead code detected: goto case_10; (CFACreationUtils.addEdgeToCFA, INFO)

line 4784: Dead code detected: goto case_16; (CFACreationUtils.addEdgeToCFA, INFO)

line 4786: Dead code detected: goto switch_default; (CFACreationUtils.addEdgeToCFA, INFO)

Dead code detected: Label case_8 is not reachable. (CFAFunctionBuilder.leave, INFO)

Dead code detected: Label case_16 is not reachable. (CFAFunctionBuilder.leave, INFO)

Dead code detected: Label switch_default is not reachable. (CFAFunctionBuilder.leave, INFO)

Dead code detected: Label case_4 is not reachable. (CFAFunctionBuilder.leave, INFO)

Dead code detected: Label case_10 is not reachable. (CFAFunctionBuilder.leave, INFO)

Dead code detected: Label case_1 is not reachable. (CFAFunctionBuilder.leave, INFO)

Dead code detected: Label case_2 is not reachable. (CFAFunctionBuilder.leave, INFO)

line 7136: Dead code detected: goto while_break; (CFACreationUtils.addEdgeToCFA, INFO)

Dead code detected: Label while_break is not reachable. (CFAFunctionBuilder.leave, INFO)

line 7193: Dead code detected: goto while_break; (CFACreationUtils.addEdgeToCFA, INFO)

Dead code detected: Label while_break is not reachable. (CFAFunctionBuilder.leave, INFO)

Inline assembler ignored, analysis is probably unsound! (CFABuilder.createCFA, WARNING)

line 5508: Function pointer *(qcam->pport->ops->write_control) with type void (*)(struct parport *, unsigned char) is called, but no possible target functions were found. (CFunctionPointerResolver.getTargets, WARNING)

line 5509: Function pointer *(qcam->pport->ops->read_status) with type unsigned char (*)(struct parport *) is called, but no possible target functions were found. (CFunctionPointerResolver.getTargets, WARNING)

line 5541: Function pointer *(qcam->pport->ops->write_control) with type void (*)(struct parport *, unsigned char) is called, but no possible target functions were found. (CFunctionPointerResolver.getTargets, WARNING)

line 5542: Function pointer *(qcam->pport->ops->write_control) with type void (*)(struct parport *, unsigned char) is called, but no possible target functions were found. (CFunctionPointerResolver.getTargets, WARNING)

line 5544: Function pointer *(qcam->pport->ops->write_control) with type void (*)(struct parport *, unsigned char) is called, but no possible target functions were found. (CFunctionPointerResolver.getTargets, WARNING)

line 5547: Function pointer *(qcam->pport->ops->read_status) with type unsigned char (*)(struct parport *) is called, but no possible target functions were found. (CFunctionPointerResolver.getTargets, WARNING)

line 5561: Function pointer *(qcam->pport->ops->read_status) with type unsigned char (*)(struct parport *) is called, but no possible target functions were found. (CFunctionPointerResolver.getTargets, WARNING)

line 5523: Function pointer *(qcam->pport->ops->read_status) with type unsigned char (*)(struct parport *) is called, but no possible target functions were found. (CFunctionPointerResolver.getTargets, WARNING)

line 5585: Function pointer *(qcam->pport->ops->write_control) with type void (*)(struct parport *, unsigned char) is called, but no possible target functions were found. (CFunctionPointerResolver.getTargets, WARNING)

line 5586: Function pointer *(qcam->pport->ops->write_control) with type void (*)(struct parport *, unsigned char) is called, but no possible target functions were found. (CFunctionPointerResolver.getTargets, WARNING)

line 5588: Function pointer *(qcam->pport->ops->write_control) with type void (*)(struct parport *, unsigned char) is called, but no possible target functions were found. (CFunctionPointerResolver.getTargets, WARNING)

line 5308: Function pointer *(qcam->pport->ops->read_control) with type unsigned char (*)(struct parport *) is called, but no possible target functions were found. (CFunctionPointerResolver.getTargets, WARNING)

line 5309: Function pointer *(qcam->pport->ops->read_status) with type unsigned char (*)(struct parport *) is called, but no possible target functions were found. (CFunctionPointerResolver.getTargets, WARNING)

line 5375: Function pointer *(qcam->pport->ops->read_data) with type unsigned char (*)(struct parport *) is called, but no possible target functions were found. (CFunctionPointerResolver.getTargets, WARNING)

line 5376: Function pointer *(qcam->pport->ops->read_control) with type unsigned char (*)(struct parport *) is called, but no possible target functions were found. (CFunctionPointerResolver.getTargets, WARNING)

line 5377: Function pointer *(qcam->pport->ops->read_status) with type unsigned char (*)(struct parport *) is called, but no possible target functions were found. (CFunctionPointerResolver.getTargets, WARNING)

line 5669: Function pointer *(qcam->pport->ops->read_data) with type unsigned char (*)(struct parport *) is called, but no possible target functions were found. (CFunctionPointerResolver.getTargets, WARNING)

line 5671: Function pointer *(qcam->pport->ops->read_status) with type unsigned char (*)(struct parport *) is called, but no possible target functions were found. (CFunctionPointerResolver.getTargets, WARNING)

line 5681: Function pointer *(qcam->pport->ops->read_data) with type unsigned char (*)(struct parport *) is called, but no possible target functions were found. (CFunctionPointerResolver.getTargets, WARNING)

line 5683: Function pointer *(qcam->pport->ops->read_status) with type unsigned char (*)(struct parport *) is called, but no possible target functions were found. (CFunctionPointerResolver.getTargets, WARNING)

line 5733: Function pointer *(qcam->pport->ops->read_status) with type unsigned char (*)(struct parport *) is called, but no possible target functions were found. (CFunctionPointerResolver.getTargets, WARNING)

line 5743: Function pointer *(qcam->pport->ops->read_status) with type unsigned char (*)(struct parport *) is called, but no possible target functions were found. (CFunctionPointerResolver.getTargets, WARNING)

line 5400: Function pointer *(qcam->pport->ops->read_status) with type unsigned char (*)(struct parport *) is called, but no possible target functions were found. (CFunctionPointerResolver.getTargets, WARNING)

line 5410: Function pointer *(qcam->pport->ops->read_status) with type unsigned char (*)(struct parport *) is called, but no possible target functions were found. (CFunctionPointerResolver.getTargets, WARNING)

line 5225: Function pointer *(qcam->pport->ops->read_status) with type unsigned char (*)(struct parport *) is called, but no possible target functions were found. (CFunctionPointerResolver.getTargets, WARNING)

line 5240: Function pointer *(qcam->pport->ops->read_data) with type unsigned char (*)(struct parport *) is called, but no possible target functions were found. (CFunctionPointerResolver.getTargets, WARNING)

line 5215: Function pointer *(qcam->pport->ops->frob_control) with type unsigned char (*)(struct parport *, unsigned char mask, unsigned char val) is called, but no possible target functions were found. (CFunctionPointerResolver.getTargets, WARNING)

line 5423: Function pointer *(qcam->pport->ops->write_data) with type void (*)(struct parport *, unsigned char) is called, but no possible target functions were found. (CFunctionPointerResolver.getTargets, WARNING)

Using unsound approximation of ints with unbounded integers and floats with unbounded integers for encoding program semantics. (PredicateCPA:FormulaManagerView.<init>, WARNING)

Using predicate analysis with Princess 2023-04-07. (PredicateCPA:PredicateCPA.<init>, INFO)

Using unsound approximation of ints with unbounded integers and floats with unbounded integers for encoding program semantics. (AssumptionStorageCPA:FormulaManagerView.<init>, WARNING)

Starting analysis ... (CPAchecker.runAlgorithm, INFO)

Creating formula for program (AbstractBMCAlgorithm.run, INFO)

Exception in thread "main" org.sosy_lab.java_smt.basicimpl.GeneratorException: Modular Congruence is not available in SMTLIB2. 
	at org.sosy_lab.java_smt.basicimpl.AbstractNumeralFormulaManager.modularCongruence(AbstractNumeralFormulaManager.java:361)
	at org.sosy_lab.java_smt.solvers.princess.PrincessIntegerFormulaManager.modularCongruence(PrincessIntegerFormulaManager.java:22)
	at org.sosy_lab.cpachecker.util.predicates.smt.IntegerFormulaManagerView.modularCongruence(IntegerFormulaManagerView.java:35)
	at org.sosy_lab.cpachecker.util.predicates.smt.FormulaManagerView.makeModularCongruence(FormulaManagerView.java:688)
	at org.sosy_lab.cpachecker.util.predicates.smt.FormulaManagerView.makeModularCongruence(FormulaManagerView.java:670)
	at org.sosy_lab.cpachecker.util.predicates.pathformula.pointeraliasing.PointerTargetSetManager.makeBaseAddressConstraints(PointerTargetSetManager.java:653)
	at org.sosy_lab.cpachecker.util.predicates.pathformula.pointeraliasing.PointerTargetSetBuilder$RealPointerTargetSetBuilder.addNextBaseAddressConstraints(PointerTargetSetBuilder.java:286)
	at org.sosy_lab.cpachecker.util.predicates.pathformula.pointeraliasing.CToFormulaConverterWithPointerAliasing.declareSharedBase(CToFormulaConverterWithPointerAliasing.java:442)
	at org.sosy_lab.cpachecker.util.predicates.pathformula.pointeraliasing.CToFormulaConverterWithPointerAliasing.makeDeclaration(CToFormulaConverterWithPointerAliasing.java:1001)
	at org.sosy_lab.cpachecker.util.predicates.pathformula.ctoformula.CtoFormulaConverter.createFormulaForEdge(CtoFormulaConverter.java:1231)
	at org.sosy_lab.cpachecker.util.predicates.pathformula.ctoformula.CtoFormulaConverter.makeAnd(CtoFormulaConverter.java:1049)
	at org.sosy_lab.cpachecker.util.predicates.pathformula.PathFormulaManagerImpl.makeAnd(PathFormulaManagerImpl.java:246)
	at org.sosy_lab.cpachecker.util.predicates.pathformula.PathFormulaManagerImpl.makeAnd(PathFormulaManagerImpl.java:300)
	at org.sosy_lab.cpachecker.cpa.predicate.PredicateTransferRelation.convertEdgeToPathFormula(PredicateTransferRelation.java:203)
	at org.sosy_lab.cpachecker.cpa.predicate.PredicateTransferRelation.getAbstractSuccessorsForEdge(PredicateTransferRelation.java:113)
	at org.sosy_lab.cpachecker.cpa.composite.CompositeTransferRelation.callTransferRelation(CompositeTransferRelation.java:297)
	at org.sosy_lab.cpachecker.cpa.composite.CompositeTransferRelation.getAbstractSuccessorForSimpleEdge(CompositeTransferRelation.java:264)
	at org.sosy_lab.cpachecker.cpa.composite.CompositeTransferRelation.getAbstractSuccessorForEdge(CompositeTransferRelation.java:196)
	at org.sosy_lab.cpachecker.cpa.composite.CompositeTransferRelation.getAbstractSuccessors(CompositeTransferRelation.java:88)
	at org.sosy_lab.cpachecker.cpa.arg.ARGTransferRelation.getAbstractSuccessors(ARGTransferRelation.java:45)
	at org.sosy_lab.cpachecker.core.algorithm.CPAAlgorithm.handleState(CPAAlgorithm.java:334)
	at org.sosy_lab.cpachecker.core.algorithm.CPAAlgorithm.run0(CPAAlgorithm.java:289)
	at org.sosy_lab.cpachecker.core.algorithm.CPAAlgorithm.run(CPAAlgorithm.java:260)
	at org.sosy_lab.cpachecker.core.algorithm.bmc.BMCHelper.unroll(BMCHelper.java:192)
	at org.sosy_lab.cpachecker.core.algorithm.bmc.AbstractBMCAlgorithm.run(AbstractBMCAlgorithm.java:427)
	at org.sosy_lab.cpachecker.core.algorithm.bmc.BMCAlgorithm.run(BMCAlgorithm.java:130)
	at org.sosy_lab.cpachecker.core.CPAchecker.runAlgorithm(CPAchecker.java:507)
	at org.sosy_lab.cpachecker.core.CPAchecker.run(CPAchecker.java:369)
	at org.sosy_lab.cpachecker.cmdline.CPAMain.main(CPAMain.java:170)
