scripts/cpa.sh -heap 13000M -stack 50M -noout -benchmark -bmc -setprop cpa.predicate.useArraysForHeap=false -setprop cpa.predicate.memoryAllocationsAlwaysSucceed=true -setprop cpa.loopbound.maxLoopIterations=10 -setprop cpa.predicate.encodeFloatAs=INTEGER -setprop cpa.predicate.encodeBitvectorAs=INTEGER -setprop solver.solver=princess -timelimit 900s -stats -spec test/programs/benchmarks/properties/unreach-call.prp -64 test/programs/benchmarks/ldv-linux-4.2-rc1/linux-4.2-rc1.tar.xz-32_7a-drivers--gpu--drm--amd--amdkfd--amdkfd.ko-entry_point.cil.out.i


--------------------------------------------------------------------------------


Running CPAchecker with Java heap of size 13000M.
Running CPAchecker with Java stack of size 50M.
Language C detected and set for analysis (CPAMain.detectFrontendLanguageIfNecessary, INFO)

Using the following resource limits: CPU-time limit of 900s (ResourceLimitChecker.fromConfiguration, INFO)

CPAchecker 2.3.1-svn-45350M / bmc (OpenJDK 64-Bit Server VM 17.0.8.1) started (CPAchecker.run, INFO)

Parsing CFA from file(s) "test/programs/benchmarks/ldv-linux-4.2-rc1/linux-4.2-rc1.tar.xz-32_7a-drivers--gpu--drm--amd--amdkfd--amdkfd.ko-entry_point.cil.out.i" (CPAchecker.parse, INFO)

line 5852: Dead code detected: return (ldv_func_res); (CFACreationUtils.addEdgeToCFA, INFO)

line 6805: Dead code detected: return (ldv_func_res); (CFACreationUtils.addEdgeToCFA, INFO)

line 6877: Dead code detected: __asm__ ("movb %%gs:%P1,%0": "=q" (pfo_ret__): "p" (& current_task)); (CFACreationUtils.addEdgeToCFA, INFO)

line 6880: Dead code detected: __asm__ ("movw %%gs:%P1,%0": "=r" (pfo_ret__): "p" (& current_task)); (CFACreationUtils.addEdgeToCFA, INFO)

line 6883: Dead code detected: __asm__ ("movl %%gs:%P1,%0": "=r" (pfo_ret__): "p" (& current_task)); (CFACreationUtils.addEdgeToCFA, INFO)

line 6888: Dead code detected: switch (8UL) {
  case 1UL:
  __asm__ ("movb %%gs:%P1,%0": "=q" (pfo_ret__): "p" (& current_task));
  goto ldv_2696;
  case 2UL:
  __asm__ ("movw %%gs:%P1,%0": "=r" (pfo_ret__): "p" (& current_task));
  goto ldv_2696;
  case 4UL:
  __asm__ ("movl %%gs:%P1,%0": "=r" (pfo_ret__): "p" (& current_task));
  goto ldv_2696;
  case 8UL:
  __asm__ ("movq %%gs:%P1,%0": "=r" (pfo_ret__): "p" (& current_task));
  goto ldv_2696;
  default:
  __bad_percpu_size();
  } (CFACreationUtils.addEdgeToCFA, INFO)

line 6904: Dead code detected: __asm__ ("movb %%gs:%P1,%0": "=q" (pfo_ret__): "p" (& cpu_tss.x86_tss.sp0)); (CFACreationUtils.addEdgeToCFA, INFO)

line 6907: Dead code detected: __asm__ ("movw %%gs:%P1,%0": "=r" (pfo_ret__): "p" (& cpu_tss.x86_tss.sp0)); (CFACreationUtils.addEdgeToCFA, INFO)

line 6910: Dead code detected: __asm__ ("movl %%gs:%P1,%0": "=r" (pfo_ret__): "p" (& cpu_tss.x86_tss.sp0)); (CFACreationUtils.addEdgeToCFA, INFO)

line 6915: Dead code detected: switch (8UL) {
  case 1UL:
  __asm__ ("movb %%gs:%P1,%0": "=q" (pfo_ret__): "p" (& cpu_tss.x86_tss.sp0));
  goto ldv_5374;
  case 2UL:
  __asm__ ("movw %%gs:%P1,%0": "=r" (pfo_ret__): "p" (& cpu_tss.x86_tss.sp0));
  goto ldv_5374;
  case 4UL:
  __asm__ ("movl %%gs:%P1,%0": "=r" (pfo_ret__): "p" (& cpu_tss.x86_tss.sp0));
  goto ldv_5374;
  case 8UL:
  __asm__ ("movq %%gs:%P1,%0": "=r" (pfo_ret__): "p" (& cpu_tss.x86_tss.sp0));
  goto ldv_5374;
  default:
  __bad_percpu_size();
  } (CFACreationUtils.addEdgeToCFA, INFO)

line 8928: Dead code detected: return (ldv_func_res); (CFACreationUtils.addEdgeToCFA, INFO)

line 11087: Dead code detected: return (ldv_func_res); (CFACreationUtils.addEdgeToCFA, INFO)

line 12089: Dead code detected: return (ldv_func_res); (CFACreationUtils.addEdgeToCFA, INFO)

line 20077: Dead code detected: return (ldv_func_res); (CFACreationUtils.addEdgeToCFA, INFO)

line 21655: Dead code detected: return (ldv_func_res); (CFACreationUtils.addEdgeToCFA, INFO)

line 23686: Dead code detected: return (ldv_func_res); (CFACreationUtils.addEdgeToCFA, INFO)

line 24041: Dead code detected: return (ldv_func_res); (CFACreationUtils.addEdgeToCFA, INFO)

Undefined function ldv_xmalloc found, first called in line 26111 (CheckBindingVisitor.visit, WARNING)

Inline assembler ignored, analysis is probably unsound! (CFABuilder.createCFA, WARNING)

line 22714: Function pointer *(dbgdev->dev->kfd2kgd->address_watch_get_offset) with type uint32_t (*)(struct kgd_dev *, unsigned int, unsigned int) is called, but no possible target functions were found. (CFunctionPointerResolver.getTargets, WARNING)

line 22719: Function pointer *(dbgdev->dev->kfd2kgd->address_watch_get_offset) with type uint32_t (*)(struct kgd_dev *, unsigned int, unsigned int) is called, but no possible target functions were found. (CFunctionPointerResolver.getTargets, WARNING)

line 22724: Function pointer *(dbgdev->dev->kfd2kgd->address_watch_get_offset) with type uint32_t (*)(struct kgd_dev *, unsigned int, unsigned int) is called, but no possible target functions were found. (CFunctionPointerResolver.getTargets, WARNING)

line 22734: Function pointer *(dbgdev->dev->kfd2kgd->address_watch_get_offset) with type uint32_t (*)(struct kgd_dev *, unsigned int, unsigned int) is called, but no possible target functions were found. (CFunctionPointerResolver.getTargets, WARNING)

line 22022: Function pointer *(dev->kfd2kgd->address_watch_disable) with type int (*)(struct kgd_dev *) is called, but no possible target functions were found. (CFunctionPointerResolver.getTargets, WARNING)

line 22473: Function pointer *(pdd->dev->kfd2kgd->address_watch_execute) with type int (*)(struct kgd_dev *, unsigned int, uint32_t , uint32_t , uint32_t ) is called, but no possible target functions were found. (CFunctionPointerResolver.getTargets, WARNING)

line 23460: Function pointer *(dbgdev->dev->kfd2kgd->wave_control_execute) with type int (*)(struct kgd_dev *, uint32_t , uint32_t ) is called, but no possible target functions were found. (CFunctionPointerResolver.getTargets, WARNING)

line 23556: Function pointer *(dev->kfd2kgd->wave_control_execute) with type int (*)(struct kgd_dev *, uint32_t , uint32_t ) is called, but no possible target functions were found. (CFunctionPointerResolver.getTargets, WARNING)

line 23512: Function pointer *(dev->kfd2kgd->get_atc_vmid_pasid_mapping_valid) with type bool (*)(struct kgd_dev *, uint8_t ) is called, but no possible target functions were found. (CFunctionPointerResolver.getTargets, WARNING)

line 23514: Function pointer *(dev->kfd2kgd->get_atc_vmid_pasid_mapping_valid) with type bool (*)(struct kgd_dev *, uint8_t ) is called, but no possible target functions were found. (CFunctionPointerResolver.getTargets, WARNING)

line 14411: Function pointer *(mm->dev->kfd2kgd->hqd_destroy) with type int (*)(struct kgd_dev *, uint32_t , unsigned int, uint32_t , uint32_t ) is called, but no possible target functions were found. (CFunctionPointerResolver.getTargets, WARNING)

line 14421: Function pointer *(mm->dev->kfd2kgd->hqd_sdma_destroy) with type int (*)(struct kgd_dev *, void *, unsigned int) is called, but no possible target functions were found. (CFunctionPointerResolver.getTargets, WARNING)

line 17902: Function pointer *(dqm->dev->kfd2kgd->init_interrupts) with type int (*)(struct kgd_dev *, uint32_t ) is called, but no possible target functions were found. (CFunctionPointerResolver.getTargets, WARNING)

line 17872: Function pointer *(dqm->dev->kfd2kgd->init_pipeline) with type int (*)(struct kgd_dev *, uint32_t , uint32_t , uint64_t ) is called, but no possible target functions were found. (CFunctionPointerResolver.getTargets, WARNING)

line 14430: Function pointer *(mm->dev->kfd2kgd->hqd_is_occupied) with type bool (*)(struct kgd_dev *, uint64_t , uint32_t , uint32_t ) is called, but no possible target functions were found. (CFunctionPointerResolver.getTargets, WARNING)

line 14440: Function pointer *(mm->dev->kfd2kgd->hqd_sdma_is_occupied) with type bool (*)(struct kgd_dev *, void *) is called, but no possible target functions were found. (CFunctionPointerResolver.getTargets, WARNING)

line 10620: Function pointer *(gpu->kfd2kgd->get_vmem_size) with type uint64_t (*)(struct kgd_dev *) is called, but no possible target functions were found. (CFunctionPointerResolver.getTargets, WARNING)

line 10622: Function pointer *(gpu->kfd2kgd->get_vmem_size) with type uint64_t (*)(struct kgd_dev *) is called, but no possible target functions were found. (CFunctionPointerResolver.getTargets, WARNING)

line 8279: Function pointer *(dev->kfd2kgd->get_gpu_clock_counter) with type uint64_t (*)(struct kgd_dev *) is called, but no possible target functions were found. (CFunctionPointerResolver.getTargets, WARNING)

line 6293: Function pointer *(kfd->kfd2kgd->free_gtt_mem) with type void (*)(struct kgd_dev *, void *) is called, but no possible target functions were found. (CFunctionPointerResolver.getTargets, WARNING)

line 6190: Function pointer *(kfd->kfd2kgd->init_gtt_mem_allocation) with type int (*)(struct kgd_dev *, size_t , void **, uint64_t *, void **) is called, but no possible target functions were found. (CFunctionPointerResolver.getTargets, WARNING)

line 6277: Function pointer *(kfd->kfd2kgd->free_gtt_mem) with type void (*)(struct kgd_dev *, void *) is called, but no possible target functions were found. (CFunctionPointerResolver.getTargets, WARNING)

line 14305: Function pointer *(mm->dev->kfd2kgd->hqd_load) with type int (*)(struct kgd_dev *, void *, uint32_t , uint32_t , uint32_t *) is called, but no possible target functions were found. (CFunctionPointerResolver.getTargets, WARNING)

line 14315: Function pointer *(mm->dev->kfd2kgd->hqd_sdma_load) with type int (*)(struct kgd_dev *, void *) is called, but no possible target functions were found. (CFunctionPointerResolver.getTargets, WARNING)

line 10077: Function pointer *(dev->gpu->kfd2kgd->get_max_engine_clock_in_mhz) with type uint32_t (*)(struct kgd_dev *) is called, but no possible target functions were found. (CFunctionPointerResolver.getTargets, WARNING)

line 10081: Function pointer *(dev->gpu->kfd2kgd->get_fw_version) with type uint16_t (*)(struct kgd_dev *, enum kgd_engine_type ) is called, but no possible target functions were found. (CFunctionPointerResolver.getTargets, WARNING)

line 17800: Function pointer *(dqm->dev->kfd2kgd->set_pasid_vmid_mapping) with type int (*)(struct kgd_dev *, unsigned int, unsigned int) is called, but no possible target functions were found. (CFunctionPointerResolver.getTargets, WARNING)

Using unsound approximation of ints with unbounded integers and floats with unbounded integers for encoding program semantics. (PredicateCPA:FormulaManagerView.<init>, WARNING)

Using predicate analysis with Princess 2023-04-07. (PredicateCPA:PredicateCPA.<init>, INFO)

Using unsound approximation of ints with unbounded integers and floats with unbounded integers for encoding program semantics. (AssumptionStorageCPA:FormulaManagerView.<init>, WARNING)

Starting analysis ... (CPAchecker.runAlgorithm, INFO)

Recursion detected, aborting. To ignore recursion, add -skipRecursion to the command line. (TargetLocationProvider:CallstackCPA:CallstackTransferRelation.getAbstractSuccessorsForEdge, INFO)

Recursion detected. Defaulting to selecting all locations as potential target locations. (TargetLocationProvider:TargetLocationProviderImpl.tryGetAutomatonTargetLocations, INFO)

Creating formula for program (AbstractBMCAlgorithm.run, INFO)

Exception in thread "main" org.sosy_lab.java_smt.basicimpl.GeneratorException: Modular Congruence is not available in SMTLIB2. 
	at org.sosy_lab.java_smt.basicimpl.AbstractNumeralFormulaManager.modularCongruence(AbstractNumeralFormulaManager.java:361)
	at org.sosy_lab.java_smt.solvers.princess.PrincessIntegerFormulaManager.modularCongruence(PrincessIntegerFormulaManager.java:22)
	at org.sosy_lab.cpachecker.util.predicates.smt.IntegerFormulaManagerView.modularCongruence(IntegerFormulaManagerView.java:35)
	at org.sosy_lab.cpachecker.util.predicates.smt.FormulaManagerView.makeModularCongruence(FormulaManagerView.java:688)
	at org.sosy_lab.cpachecker.util.predicates.smt.FormulaManagerView.makeModularCongruence(FormulaManagerView.java:670)
	at org.sosy_lab.cpachecker.util.predicates.pathformula.pointeraliasing.PointerTargetSetManager.makeBaseAddressConstraints(PointerTargetSetManager.java:653)
	at org.sosy_lab.cpachecker.util.predicates.pathformula.pointeraliasing.PointerTargetSetBuilder$RealPointerTargetSetBuilder.addNextBaseAddressConstraints(PointerTargetSetBuilder.java:286)
	at org.sosy_lab.cpachecker.util.predicates.pathformula.pointeraliasing.CToFormulaConverterWithPointerAliasing.declareSharedBase(CToFormulaConverterWithPointerAliasing.java:442)
	at org.sosy_lab.cpachecker.util.predicates.pathformula.pointeraliasing.CToFormulaConverterWithPointerAliasing.makeDeclaration(CToFormulaConverterWithPointerAliasing.java:1001)
	at org.sosy_lab.cpachecker.util.predicates.pathformula.ctoformula.CtoFormulaConverter.createFormulaForEdge(CtoFormulaConverter.java:1231)
	at org.sosy_lab.cpachecker.util.predicates.pathformula.ctoformula.CtoFormulaConverter.makeAnd(CtoFormulaConverter.java:1049)
	at org.sosy_lab.cpachecker.util.predicates.pathformula.PathFormulaManagerImpl.makeAnd(PathFormulaManagerImpl.java:246)
	at org.sosy_lab.cpachecker.util.predicates.pathformula.PathFormulaManagerImpl.makeAnd(PathFormulaManagerImpl.java:300)
	at org.sosy_lab.cpachecker.cpa.predicate.PredicateTransferRelation.convertEdgeToPathFormula(PredicateTransferRelation.java:203)
	at org.sosy_lab.cpachecker.cpa.predicate.PredicateTransferRelation.getAbstractSuccessorsForEdge(PredicateTransferRelation.java:113)
	at org.sosy_lab.cpachecker.cpa.composite.CompositeTransferRelation.callTransferRelation(CompositeTransferRelation.java:297)
	at org.sosy_lab.cpachecker.cpa.composite.CompositeTransferRelation.getAbstractSuccessorForSimpleEdge(CompositeTransferRelation.java:264)
	at org.sosy_lab.cpachecker.cpa.composite.CompositeTransferRelation.getAbstractSuccessorForEdge(CompositeTransferRelation.java:196)
	at org.sosy_lab.cpachecker.cpa.composite.CompositeTransferRelation.getAbstractSuccessors(CompositeTransferRelation.java:88)
	at org.sosy_lab.cpachecker.cpa.arg.ARGTransferRelation.getAbstractSuccessors(ARGTransferRelation.java:45)
	at org.sosy_lab.cpachecker.core.algorithm.CPAAlgorithm.handleState(CPAAlgorithm.java:334)
	at org.sosy_lab.cpachecker.core.algorithm.CPAAlgorithm.run0(CPAAlgorithm.java:289)
	at org.sosy_lab.cpachecker.core.algorithm.CPAAlgorithm.run(CPAAlgorithm.java:260)
	at org.sosy_lab.cpachecker.core.algorithm.bmc.BMCHelper.unroll(BMCHelper.java:192)
	at org.sosy_lab.cpachecker.core.algorithm.bmc.AbstractBMCAlgorithm.run(AbstractBMCAlgorithm.java:427)
	at org.sosy_lab.cpachecker.core.algorithm.bmc.BMCAlgorithm.run(BMCAlgorithm.java:130)
	at org.sosy_lab.cpachecker.core.CPAchecker.runAlgorithm(CPAchecker.java:507)
	at org.sosy_lab.cpachecker.core.CPAchecker.run(CPAchecker.java:369)
	at org.sosy_lab.cpachecker.cmdline.CPAMain.main(CPAMain.java:170)
