scripts/cpa.sh -heap 13000M -stack 50M -noout -benchmark -bmc -setprop cpa.predicate.useArraysForHeap=false -setprop cpa.predicate.memoryAllocationsAlwaysSucceed=true -setprop cpa.loopbound.maxLoopIterations=10 -setprop cpa.predicate.encodeFloatAs=INTEGER -setprop cpa.predicate.encodeBitvectorAs=INTEGER -setprop solver.solver=princess -timelimit 900s -stats -spec test/programs/benchmarks/properties/unreach-call.prp -32 test/programs/benchmarks/product-lines/minepump_spec3_product52.cil.c


--------------------------------------------------------------------------------


Running CPAchecker with Java heap of size 13000M.
Running CPAchecker with Java stack of size 50M.
Language C detected and set for analysis (CPAMain.detectFrontendLanguageIfNecessary, INFO)

Using the following resource limits: CPU-time limit of 900s (ResourceLimitChecker.fromConfiguration, INFO)

CPAchecker 2.3.1-svn-45350M / bmc (OpenJDK 64-Bit Server VM 17.0.8.1) started (CPAchecker.run, INFO)

Parsing CFA from file(s) "test/programs/benchmarks/product-lines/minepump_spec3_product52.cil.c" (CPAchecker.parse, INFO)

line 138: Dead code detected: return (retValue_acc); (CFACreationUtils.addEdgeToCFA, INFO)

line 170: Dead code detected: return (retValue_acc); (CFACreationUtils.addEdgeToCFA, INFO)

line 184: Dead code detected: return (retValue_acc); (CFACreationUtils.addEdgeToCFA, INFO)

line 193: Dead code detected: return (retValue_acc); (CFACreationUtils.addEdgeToCFA, INFO)

line 513: Dead code detected: return (retValue_acc); (CFACreationUtils.addEdgeToCFA, INFO)

line 559: Dead code detected: return (retValue_acc); (CFACreationUtils.addEdgeToCFA, INFO)

line 679: Dead code detected: return (retValue_acc); (CFACreationUtils.addEdgeToCFA, INFO)

line 688: Dead code detected: return (retValue_acc); (CFACreationUtils.addEdgeToCFA, INFO)

line 743: Dead code detected: return (retValue_acc); (CFACreationUtils.addEdgeToCFA, INFO)

line 762: Dead code detected: return (retValue_acc); (CFACreationUtils.addEdgeToCFA, INFO)

line 879: Dead code detected: return (retValue_acc); (CFACreationUtils.addEdgeToCFA, INFO)

line 902: Dead code detected: return (retValue_acc); (CFACreationUtils.addEdgeToCFA, INFO)

line 998: Dead code detected: return (retValue_acc); (CFACreationUtils.addEdgeToCFA, INFO)

line 350: Function pointer *__cil_tmp10 with type int (*)(int, int) is called, but no possible target functions were found. (CFunctionPointerResolver.getTargets, WARNING)

Using unsound approximation of ints with unbounded integers and floats with unbounded integers for encoding program semantics. (PredicateCPA:FormulaManagerView.<init>, WARNING)

Using predicate analysis with Princess 2023-04-07. (PredicateCPA:PredicateCPA.<init>, INFO)

Using unsound approximation of ints with unbounded integers and floats with unbounded integers for encoding program semantics. (AssumptionStorageCPA:FormulaManagerView.<init>, WARNING)

Starting analysis ... (CPAchecker.runAlgorithm, INFO)

Creating formula for program (AbstractBMCAlgorithm.run, INFO)

Starting satisfiability check... (AbstractBMCAlgorithm.boundedModelCheck, INFO)

Shutdown requested (The CPU-time limit of 900s has elapsed.), waiting for termination. (ForceTerminationOnShutdown$1.shutdownRequested, WARNING)

Shutdown was requested but CPAchecker is still running after 10s, forcing immediate termination now. (ForceTerminationOnShutdown.run, WARNING)

For your information: CPAchecker is currently hanging at
 app//org.sosy_lab.java_smt.basicimpl.AbstractFormula.equals(AbstractFormula.java:52)
app//org.sosy_l... <REMAINING ARGUMENT OMITTED BECAUSE 12223 CHARACTERS LONG> 
 (ForceTerminationOnShutdown.run, INFO)

