scripts/cpa.sh -heap 13000M -stack 50M -noout -benchmark -bmc -setprop cpa.predicate.useArraysForHeap=false -setprop cpa.predicate.memoryAllocationsAlwaysSucceed=true -setprop cpa.loopbound.maxLoopIterations=10 -setprop cpa.predicate.encodeFloatAs=INTEGER -setprop cpa.predicate.encodeBitvectorAs=INTEGER -setprop solver.solver=princess_binary -setprop proveroptions.option=use_binary -timelimit 900s -stats -spec test/programs/benchmarks/properties/unreach-call.prp -64 test/programs/benchmarks/ldv-consumption/32_7a_cilled_linux-3.8-rc1-32_7a-drivers--net--arcnet--arcnet.ko-ldv_main0_sequence_infinite_withcheck_stateful.cil.out.i


--------------------------------------------------------------------------------


Running CPAchecker with Java heap of size 13000M.
Running CPAchecker with Java stack of size 50M.
Language C detected and set for analysis (CPAMain.detectFrontendLanguageIfNecessary, INFO)

Using the following resource limits: CPU-time limit of 900s (ResourceLimitChecker.fromConfiguration, INFO)

CPAchecker 2.3.1-svn-45350M / bmc (OpenJDK 64-Bit Server VM 17.0.8.1) started (CPAchecker.run, INFO)

Parsing CFA from file(s) "test/programs/benchmarks/ldv-consumption/32_7a_cilled_linux-3.8-rc1-32_7a-drivers--net--arcnet--arcnet.ko-ldv_main0_sequence_infinite_withcheck_stateful.cil.out.i" (CPAchecker.parse, INFO)

line 5044: Dead code detected: i = lp->next_buf; (CFACreationUtils.addEdgeToCFA, INFO)

line 5096: Dead code detected: i = lp->next_buf; (CFACreationUtils.addEdgeToCFA, INFO)

line 5335: Dead code detected: __ms = 1UL; (CFACreationUtils.addEdgeToCFA, INFO)

line 6104: Dead code detected: return (ldv_func_res); (CFACreationUtils.addEdgeToCFA, INFO)

Inline assembler ignored, analysis is probably unsound! (CFABuilder.createCFA, WARNING)

line 5329: Function pointer *(lp->hw.intmask) with type void (*)(struct net_device *, int) is called, but no possible target functions were found. (CFunctionPointerResolver.getTargets, WARNING)

line 5330: Function pointer *(lp->hw.command) with type void (*)(struct net_device *, int) is called, but no possible target functions were found. (CFunctionPointerResolver.getTargets, WARNING)

line 5331: Function pointer *(lp->hw.command) with type void (*)(struct net_device *, int) is called, but no possible target functions were found. (CFunctionPointerResolver.getTargets, WARNING)

line 5650: Function pointer *(lp->hw.intmask) with type void (*)(struct net_device *, int) is called, but no possible target functions were found. (CFunctionPointerResolver.getTargets, WARNING)

line 5647: Function pointer *(lp->hw.command) with type void (*)(struct net_device *, int) is called, but no possible target functions were found. (CFunctionPointerResolver.getTargets, WARNING)

line 5836: Function pointer *(lp->hw.intmask) with type void (*)(struct net_device *, int) is called, but no possible target functions were found. (CFunctionPointerResolver.getTargets, WARNING)

line 5838: Function pointer *(lp->hw.intmask) with type void (*)(struct net_device *, int) is called, but no possible target functions were found. (CFunctionPointerResolver.getTargets, WARNING)

line 5763: Function pointer *(lp->hw.command) with type void (*)(struct net_device *, int) is called, but no possible target functions were found. (CFunctionPointerResolver.getTargets, WARNING)

line 5734: Function pointer *(lp->outgoing.proto->continue_tx) with type int (*)(struct net_device *, int) is called, but no possible target functions were found. (CFunctionPointerResolver.getTargets, WARNING)

line 5716: Function pointer *(lp->outgoing.proto->ack_tx) with type int (*)(struct net_device *, int) is called, but no possible target functions were found. (CFunctionPointerResolver.getTargets, WARNING)

line 5683: Function pointer *(lp->hw.command) with type void (*)(struct net_device *, int) is called, but no possible target functions were found. (CFunctionPointerResolver.getTargets, WARNING)

line 5685: Function pointer *(lp->hw.command) with type void (*)(struct net_device *, int) is called, but no possible target functions were found. (CFunctionPointerResolver.getTargets, WARNING)

line 5676: Function pointer *(lp->hw.command) with type void (*)(struct net_device *, int) is called, but no possible target functions were found. (CFunctionPointerResolver.getTargets, WARNING)

line 5236: Function pointer *(lp->hw.reset) with type int (*)(struct net_device *, int) is called, but no possible target functions were found. (CFunctionPointerResolver.getTargets, WARNING)

line 5308: Function pointer *(lp->hw.intmask) with type void (*)(struct net_device *, int) is called, but no possible target functions were found. (CFunctionPointerResolver.getTargets, WARNING)

line 5311: Function pointer *(lp->hw.intmask) with type void (*)(struct net_device *, int) is called, but no possible target functions were found. (CFunctionPointerResolver.getTargets, WARNING)

line 5305: Function pointer *(lp->hw.command) with type void (*)(struct net_device *, int) is called, but no possible target functions were found. (CFunctionPointerResolver.getTargets, WARNING)

line 5238: Function pointer *(lp->hw.reset) with type int (*)(struct net_device *, int) is called, but no possible target functions were found. (CFunctionPointerResolver.getTargets, WARNING)

line 5857: Function pointer *(lp->hw.copy_from_card) with type void (*)(struct net_device *, int, int, void *, int) is called, but no possible target functions were found. (CFunctionPointerResolver.getTargets, WARNING)

line 5869: Function pointer *(lp->hw.copy_from_card) with type void (*)(struct net_device *, int, int, void *, int) is called, but no possible target functions were found. (CFunctionPointerResolver.getTargets, WARNING)

line 5866: Function pointer *(lp->hw.copy_from_card) with type void (*)(struct net_device *, int, int, void *, int) is called, but no possible target functions were found. (CFunctionPointerResolver.getTargets, WARNING)

line 5485: Function pointer *(lp->hw.intmask) with type void (*)(struct net_device *, int) is called, but no possible target functions were found. (CFunctionPointerResolver.getTargets, WARNING)

line 5522: Function pointer *(lp->hw.intmask) with type void (*)(struct net_device *, int) is called, but no possible target functions were found. (CFunctionPointerResolver.getTargets, WARNING)

line 5524: Function pointer *(lp->hw.intmask) with type void (*)(struct net_device *, int) is called, but no possible target functions were found. (CFunctionPointerResolver.getTargets, WARNING)

line 5504: Function pointer *(proto->continue_tx) with type int (*)(struct net_device *, int) is called, but no possible target functions were found. (CFunctionPointerResolver.getTargets, WARNING)

line 5580: Function pointer *(lp->hw.intmask) with type void (*)(struct net_device *, int) is called, but no possible target functions were found. (CFunctionPointerResolver.getTargets, WARNING)

line 5582: Function pointer *(lp->hw.intmask) with type void (*)(struct net_device *, int) is called, but no possible target functions were found. (CFunctionPointerResolver.getTargets, WARNING)

line 5577: Function pointer *(lp->hw.command) with type void (*)(struct net_device *, int) is called, but no possible target functions were found. (CFunctionPointerResolver.getTargets, WARNING)

line 5546: Function pointer *(lp->hw.command) with type void (*)(struct net_device *, int) is called, but no possible target functions were found. (CFunctionPointerResolver.getTargets, WARNING)

line 5942: Function pointer *(lp->hw.copy_to_card) with type void (*)(struct net_device *, int, int, void *, int) is called, but no possible target functions were found. (CFunctionPointerResolver.getTargets, WARNING)

Using unsound approximation of ints with unbounded integers and floats with unbounded integers for encoding program semantics. (PredicateCPA:FormulaManagerView.<init>, WARNING)

Using predicate analysis with Princess 2023-04-07. (PredicateCPA:PredicateCPA.<init>, INFO)

Using unsound approximation of ints with unbounded integers and floats with unbounded integers for encoding program semantics. (AssumptionStorageCPA:FormulaManagerView.<init>, WARNING)

The following configuration options were specified but are not used:
 proveroptions.option 
 (CPAchecker.printConfigurationWarnings, WARNING)

Starting analysis ... (CPAchecker.runAlgorithm, INFO)

Recursion detected, aborting. To ignore recursion, add -skipRecursion to the command line. (TargetLocationProvider:CallstackCPA:CallstackTransferRelation.getAbstractSuccessorsForEdge, INFO)

Recursion detected. Defaulting to selecting all locations as potential target locations. (TargetLocationProvider:TargetLocationProviderImpl.tryGetAutomatonTargetLocations, INFO)

Creating formula for program (AbstractBMCAlgorithm.run, INFO)

Exception in thread "main" org.sosy_lab.java_smt.basicimpl.GeneratorException: Modular Congruence is not available in SMTLIB2. 
	at org.sosy_lab.java_smt.basicimpl.AbstractNumeralFormulaManager.modularCongruence(AbstractNumeralFormulaManager.java:361)
	at org.sosy_lab.java_smt.solvers.princess.PrincessIntegerFormulaManager.modularCongruence(PrincessIntegerFormulaManager.java:22)
	at org.sosy_lab.cpachecker.util.predicates.smt.IntegerFormulaManagerView.modularCongruence(IntegerFormulaManagerView.java:35)
	at org.sosy_lab.cpachecker.util.predicates.smt.FormulaManagerView.makeModularCongruence(FormulaManagerView.java:688)
	at org.sosy_lab.cpachecker.util.predicates.smt.FormulaManagerView.makeModularCongruence(FormulaManagerView.java:670)
	at org.sosy_lab.cpachecker.util.predicates.pathformula.pointeraliasing.PointerTargetSetManager.makeBaseAddressConstraints(PointerTargetSetManager.java:653)
	at org.sosy_lab.cpachecker.util.predicates.pathformula.pointeraliasing.PointerTargetSetBuilder$RealPointerTargetSetBuilder.addNextBaseAddressConstraints(PointerTargetSetBuilder.java:286)
	at org.sosy_lab.cpachecker.util.predicates.pathformula.pointeraliasing.CToFormulaConverterWithPointerAliasing.declareSharedBase(CToFormulaConverterWithPointerAliasing.java:437)
	at org.sosy_lab.cpachecker.util.predicates.pathformula.pointeraliasing.CToFormulaConverterWithPointerAliasing.makeDeclaration(CToFormulaConverterWithPointerAliasing.java:1001)
	at org.sosy_lab.cpachecker.util.predicates.pathformula.ctoformula.CtoFormulaConverter.createFormulaForEdge(CtoFormulaConverter.java:1231)
	at org.sosy_lab.cpachecker.util.predicates.pathformula.ctoformula.CtoFormulaConverter.makeAnd(CtoFormulaConverter.java:1049)
	at org.sosy_lab.cpachecker.util.predicates.pathformula.PathFormulaManagerImpl.makeAnd(PathFormulaManagerImpl.java:246)
	at org.sosy_lab.cpachecker.util.predicates.pathformula.PathFormulaManagerImpl.makeAnd(PathFormulaManagerImpl.java:300)
	at org.sosy_lab.cpachecker.cpa.predicate.PredicateTransferRelation.convertEdgeToPathFormula(PredicateTransferRelation.java:203)
	at org.sosy_lab.cpachecker.cpa.predicate.PredicateTransferRelation.getAbstractSuccessorsForEdge(PredicateTransferRelation.java:113)
	at org.sosy_lab.cpachecker.cpa.composite.CompositeTransferRelation.callTransferRelation(CompositeTransferRelation.java:297)
	at org.sosy_lab.cpachecker.cpa.composite.CompositeTransferRelation.getAbstractSuccessorForSimpleEdge(CompositeTransferRelation.java:264)
	at org.sosy_lab.cpachecker.cpa.composite.CompositeTransferRelation.getAbstractSuccessorForEdge(CompositeTransferRelation.java:196)
	at org.sosy_lab.cpachecker.cpa.composite.CompositeTransferRelation.getAbstractSuccessors(CompositeTransferRelation.java:88)
	at org.sosy_lab.cpachecker.cpa.arg.ARGTransferRelation.getAbstractSuccessors(ARGTransferRelation.java:45)
	at org.sosy_lab.cpachecker.core.algorithm.CPAAlgorithm.handleState(CPAAlgorithm.java:334)
	at org.sosy_lab.cpachecker.core.algorithm.CPAAlgorithm.run0(CPAAlgorithm.java:289)
	at org.sosy_lab.cpachecker.core.algorithm.CPAAlgorithm.run(CPAAlgorithm.java:260)
	at org.sosy_lab.cpachecker.core.algorithm.bmc.BMCHelper.unroll(BMCHelper.java:192)
	at org.sosy_lab.cpachecker.core.algorithm.bmc.AbstractBMCAlgorithm.run(AbstractBMCAlgorithm.java:427)
	at org.sosy_lab.cpachecker.core.algorithm.bmc.BMCAlgorithm.run(BMCAlgorithm.java:130)
	at org.sosy_lab.cpachecker.core.CPAchecker.runAlgorithm(CPAchecker.java:507)
	at org.sosy_lab.cpachecker.core.CPAchecker.run(CPAchecker.java:369)
	at org.sosy_lab.cpachecker.cmdline.CPAMain.main(CPAMain.java:170)
