scripts/cpa.sh -heap 13000M -stack 50M -noout -benchmark -bmc -setprop cpa.predicate.useArraysForHeap=false -setprop cpa.predicate.memoryAllocationsAlwaysSucceed=true -setprop cpa.loopbound.maxLoopIterations=10 -setprop cpa.predicate.encodeFloatAs=INTEGER -setprop cpa.predicate.encodeBitvectorAs=INTEGER -setprop solver.solver=princess -timelimit 900s -stats -spec test/programs/benchmarks/properties/unreach-call.prp -32 test/programs/benchmarks/nla-digbench-scaling/cohendiv-ll_unwindbound50.c


--------------------------------------------------------------------------------


Running CPAchecker with Java heap of size 13000M.
Running CPAchecker with Java stack of size 50M.
Language C detected and set for analysis (CPAMain.detectFrontendLanguageIfNecessary, INFO)

Using the following resource limits: CPU-time limit of 900s (ResourceLimitChecker.fromConfiguration, INFO)

CPAchecker 2.3.1-svn-45350M / bmc (OpenJDK 64-Bit Server VM 17.0.8.1) started (CPAchecker.run, INFO)

Parsing CFA from file(s) "test/programs/benchmarks/nla-digbench-scaling/cohendiv-ll_unwindbound50.c" (CPAchecker.parse, INFO)

Using unsound approximation of ints with unbounded integers and floats with unbounded integers for encoding program semantics. (PredicateCPA:FormulaManagerView.<init>, WARNING)

Using predicate analysis with Princess 2023-04-07. (PredicateCPA:PredicateCPA.<init>, INFO)

Using unsound approximation of ints with unbounded integers and floats with unbounded integers for encoding program semantics. (AssumptionStorageCPA:FormulaManagerView.<init>, WARNING)

Starting analysis ... (CPAchecker.runAlgorithm, INFO)

Creating formula for program (AbstractBMCAlgorithm.run, INFO)

Starting satisfiability check... (AbstractBMCAlgorithm.boundedModelCheck, INFO)

Error found, creating error path (AbstractBMCAlgorithm.analyzeCounterexample0, INFO)

{__VERIFIER_assert::cond@2 -> 0, counter@3 -> 1, main::__CPAchecker_TMP_0@2 -> 0, main::b@3 -> 0, main::a@3 -> 0, main::r@3 -> 0, main::q@3 -> 0, assume_abort_if_not::cond@2 -> 1, main::y@3 -> 1, __VERIFIER_nondet_int!3@ -> 1, main::x@3 -> 0, __VERIFIER_nondet_int!2@ -> 0, counter@2 -> 0, Integer_*_(1, 0) -> 2, abbrev_212_def -> false, abbrev_212 -> false, abbrev_210_def -> false, abbrev_210 -> false, abbrev_208_def -> false, abbrev_208 -> false, abbrev_206_def -> false, abbrev_206 -> false, abbrev_204_def -> false, abbrev_204 -> false, abbrev_202_def -> false, abbrev_202 -> false, abbrev_200_def -> false, abbrev_200 -> false, abbrev_198_def -> false, abbrev_198 -> false, abbrev_196_def -> false, abbrev_196 -> false, abbrev_194_def -> false, abbrev_194 -> false, abbrev_192_def -> false, abbrev_192 -> false, abbrev_190_def -> false, abbrev_190 -> false, abbrev_188_def -> false, abbrev_188 -> false, abbrev_186_def -> false, abbrev_186 -> false, abbrev_184_def -> false, abbrev_184 -> false, abbrev_182_def -> false, abbrev_182 -> false, abbrev_180_def -> false, abbrev_180 -> false, abbrev_178_def -> false, abbrev_178 -> false, abbrev_176_def -> false, abbrev_176 -> false, abbrev_174_def -> false, abbrev_174 -> false, abbrev_172_def -> false, abbrev_172 -> false, abbrev_170_def -> false, abbrev_170 -> false, abbrev_168_def -> false, abbrev_168 -> false, abbrev_166_def -> false, abbrev_166 -> false, abbrev_164_def -> false, abbrev_164 -> false, abbrev_162_def -> false, abbrev_162 -> false, abbrev_160_def -> false, abbrev_160 -> false, abbrev_158_def -> false, abbrev_158 -> false, abbrev_156_def -> false, abbrev_156 -> false, abbrev_154_def -> false, abbrev_154 -> false, abbrev_152_def -> false, abbrev_152 -> false, abbrev_150_def -> false, abbrev_150 -> false, abbrev_148_def -> false, abbrev_148 -> false, abbrev_146_def -> false, abbrev_146 -> false, abbrev_144_def -> false, abbrev_144 -> false, abbrev_142_def -> false, abbrev_142 -> false, abbrev_140_def -> false, abbrev_140 -> false, abbrev_138_def -> false, abbrev_138 -> false, abbrev_136_def -> false, abbrev_136 -> false, abbrev_134_def -> false, abbrev_134 -> false, abbrev_132_def -> false, abbrev_132 -> false, abbrev_130_def -> false, abbrev_130 -> false, abbrev_128_def -> false, abbrev_128 -> false, abbrev_126_def -> false, abbrev_126 -> false, abbrev_124_def -> false, abbrev_124 -> false, abbrev_122_def -> false, abbrev_122 -> false, abbrev_120_def -> false, abbrev_120 -> false, abbrev_118_def -> false, abbrev_118 -> false, abbrev_116_def -> false, abbrev_116 -> false, abbrev_114_def -> false, abbrev_114 -> false, abbrev_112_def -> false, abbrev_112 -> false, abbrev_110_def -> false, abbrev_110 -> false, abbrev_108_def -> false, abbrev_108 -> false, abbrev_106_def -> false, abbrev_106 -> false, abbrev_104_def -> false, abbrev_104 -> false, abbrev_102_def -> false, abbrev_102 -> false, abbrev_100_def -> false, abbrev_100 -> false, abbrev_98_def -> false, abbrev_98 -> false, abbrev_96_def -> false, abbrev_96 -> false, abbrev_94_def -> false, abbrev_94 -> false, abbrev_92_def -> false, abbrev_92 -> false, abbrev_90_def -> false, abbrev_90 -> false, abbrev_88_def -> false, abbrev_88 -> false, abbrev_86_def -> false, abbrev_86 -> false, abbrev_84_def -> false, abbrev_84 -> false, abbrev_82_def -> false, abbrev_82 -> false, abbrev_80_def -> false, abbrev_80 -> false, abbrev_78_def -> false, abbrev_78 -> false, abbrev_76_def -> false, abbrev_76 -> false, abbrev_74_def -> false, abbrev_74 -> false, abbrev_72_def -> false, abbrev_72 -> false, abbrev_70_def -> false, abbrev_70 -> false, abbrev_68_def -> false, abbrev_68 -> false, abbrev_66_def -> false, abbrev_66 -> false, abbrev_64_def -> false, abbrev_64 -> false, abbrev_62_def -> false, abbrev_62 -> false, abbrev_60_def -> false, abbrev_60 -> false, abbrev_58_def -> false, abbrev_58 -> false, abbrev_56_def -> false, abbrev_56 -> false, abbrev_54_def -> false, abbrev_54 -> false, abbrev_52_def -> false, abbrev_52 -> false, abbrev_50_def -> false, abbrev_50 -> false, abbrev_48_def -> false, abbrev_48 -> false, abbrev_46_def -> false, abbrev_46 -> false, abbrev_44_def -> false, abbrev_44 -> false, abbrev_42_def -> false, abbrev_42 -> false, abbrev_40_def -> false, abbrev_40 -> false, abbrev_38_def -> false, abbrev_38 -> false, abbrev_36_def -> false, abbrev_36 -> false, abbrev_34_def -> false, abbrev_34 -> false, abbrev_32_def -> false, abbrev_32 -> false, abbrev_30_def -> false, abbrev_30 -> false, abbrev_28_def -> false, abbrev_28 -> false, abbrev_26_def -> false, abbrev_26 -> false, abbrev_24_def -> false, abbrev_24 -> false, abbrev_22_def -> false, abbrev_22 -> false, abbrev_20_def -> false, abbrev_20 -> false, abbrev_18_def -> false, abbrev_18 -> false, abbrev_16_def -> false, abbrev_16 -> false, abbrev_14_def -> false, abbrev_14 -> false}
{main::x@3 -> 0, assume_abort_if_not::cond@2 -> 1, main::__CPAchecker_TMP_0@2 -> 0, __VERIFIER_nondet_int!2@ -> 0, main::b@4 -> 0, __VERIFIER_nondet_int!3@ -> 1, counter@2 -> 0, counter@3 -> 1, main::r@4 -> 0, main::a@4 -> 0, __VERIFIER_assert::cond@2 -> 0, main::y@3 -> 1, main::q@4 -> 0, Integer_*_(1, 0) -> 2}
[main::x@3: 0, assume_abort_if_not::cond@2: 1, main::__CPAchecker_TMP_0@2: 0, __VERIFIER_nondet_int!2@: 0, main::b@4: 0, __VERIFIER_nondet_int!3@: 1, counter@2: 0, counter@3: 1, main::r@4: 0, main::a@4: 0, __VERIFIER_assert::cond@2: 0, main::y@3: 1, main::q@4: 0, Integer_*_(1, 0): 2]
Stopping analysis ... (CPAchecker.runAlgorithm, INFO)


PredicateCPA statistics
-----------------------
Number of abstractions:            385 (8% of all post computations)
  Times abstraction was reused:    0
  Because of function entry/exit:  0 (0%)
  Because of loop head:            0 (0%)
  Because of join nodes:           0 (0%)
  Because of threshold:            0 (0%)
  Because of target state:         385 (100%)
  Times precision was empty:       385 (100%)
  Times precision was {false}:     0 (0%)
  Times result was cached:         0 (0%)
  Times cartesian abs was used:    0 (0%)
  Times boolean abs was used:      0 (0%)
  Times result was 'false':        0 (0%)
Number of strengthen sat checks:   0
Number of coverage checks:         90
  BDD entailment checks:           0
Number of SMT sat checks:          0
  trivial:                         0
  cached:                          0

Max ABE block size:                       237
Avg ABE block size:                                144.29 (sum: 55550, count: 385, min: 20, max: 237)
Number of predicates discovered:          0

Time for post operator:                                0.634s
  Time for path formula creation:                      0.619s
Time for strengthen operator:                          0.045s
Time for prec operator:                                0.053s
  Time for abstraction:                  0.019s (Max:     0.006s, Count: 385)
    Solving time:                        0.000s (Max:     0.000s)
    Model enumeration time:              0.000s
    Time for BDD construction:           0.000s (Max:     0.000s)
Time for merge operator:                               0.004s
Time for coverage checks:                              0.000s
Total time for SMT solver (w/o itp):     0.000s

Total number of created targets for pointer analysis: 0



KeyValue statistics
-------------------
Init. function predicates:                         0
Init. global predicates:                           0
Init. location predicates:                         0

Invariant Generation statistics
-------------------------------

Bounds CPA statistics
---------------------
Bound k:                                           10
Maximum loop iteration reached:                    11


ValueAnalysisCPA statistics
---------------------------
Number of variables per state:                     3.55 (sum: 15190, count: 4275, min: 0, max: 6)
Number of global variables per state:              1.00 (sum: 4267, count: 4275, min: 0, max: 1)
Number of assumptions:                                 1432
Number of deterministic assumptions:                      0
Level of Determinism:                              0%

ValueAnalysisPrecisionAdjustment statistics
-------------------------------------------
Number of abstraction computations:                    4319
Total time for liveness abstraction:                   0.000s
Total time for abstraction computation:                0.046s
Total time for path thresholds:                        0.000s

ConstraintsStrengthenOperator statistics
----------------------------------------
Total time for strengthening by ConstraintsCPA:     0.000s
Replaced symbolic expressions: 0

AutomatonAnalysis (SVCOMP) statistics
-------------------------------------
Number of states:                                  1
Total time for successor computation:                  0.104s
Automaton transfers with branching:                0
Automaton transfer successors:                     0.92 (sum: 4319, count: 4705, min: 0, max: 1) [0 x 386, 1 x 4319]
Number of states with assumption transitions:      0

CPA algorithm statistics
------------------------
Number of iterations:            4275
Max size of waitlist:            22
Average size of waitlist:        11
LoopstackSortedWaitlist:                           1.17 (sum: 2305, count: 1970, min: 0, max: 1530)
ReversePostorderSortedWaitlist:                    0.34 (sum: 684, count: 1983, min: 0, max: 135)
LoopIterationSortedWaitlist:                       1.16 (sum: 2292, count: 1970, min: 0, max: 1517)
CallstackSortedWaitlist:                           2305.00 (sum: 2305, count: 1, min: 2305, max: 2305)
Number of computed successors:   4319
Max successors for one state:    2
Number of times merged:          45
Number of times stopped:         45
Number of times breaked:         0

Total time for CPA algorithm:         1.641s (Max:     1.641s)
  Time for choose from waitlist:      0.052s
  Time for precision adjustment:      0.217s
  Time for transfer relation:         1.189s
  Time for merge operator:            0.018s
  Time for stop operator:             0.036s
  Time for adding to reached set:     0.065s

BMC algorithm statistics
------------------------
Time for BMC formula creation:                       1.649s
Time for final sat check:                          427.174s
Time for error-path creation:                        0.105s
Time for error-path post-processing:                 0.314s

CPAchecker general statistics
-----------------------------
Number of program locations:                       71
Number of CFA edges (per node):                          76 (count: 71, min: 0, max: 7, avg: 1.07)
Number of relevant variables:                      11
Number of functions:                               4
Number of loops (and loop nodes):                         2 (sum: 35, min: 11, max: 24, avg: 17.50)
Size of reached set:             4275
  Number of reached locations:   64 (90%)
    Avg states per location:     66
    Max states per location:     385 (at node N1)
  Number of reached functions:   4 (100%)
  Number of partitions:          4275
    Avg size of partitions:      1
    Max size of partitions:      1
  Number of target states:       385

Time for analysis setup:          2.000s
  Time for loading CPAs:          1.133s
  Time for loading parser:        0.204s
  Time for CFA construction:      0.569s
    Time for parsing file(s):     0.334s
    Time for AST to CFA:          0.098s
    Time for CFA sanity check:    0.000s
    Time for post-processing:     0.095s
    Time for loop structure:      0.006s
    Time for AST structure:       0.000s
      Time for function pointers resolving:            0.003s
        Function calls via function pointers:             0 (count: 1, min: 0, max: 0, avg: 0.00)
        Instrumented function pointer calls:              0 (count: 1, min: 0, max: 0, avg: 0.00)
        Function calls with function pointer arguments:        0 (count: 1, min: 0, max: 0, avg: 0.00)
        Instrumented function pointer arguments:          0 (count: 1, min: 0, max: 0, avg: 0.00)
      Time for classifying variables:                  0.059s
        Time for collecting variables:                 0.030s
        Time for solving dependencies:                 0.000s
        Time for building hierarchy:                   0.000s
        Time for building classification:              0.028s
        Time for exporting data:                       0.000s
Time for Analysis:              429.370s
CPU time for analysis:          440.530s
Time for analyzing result:        0.009s
Total time for CPAchecker:      431.371s
Total CPU time for CPAchecker:  444.400s
Time for statistics:              0.083s

Time for Garbage Collector:       0.328s (in 118 runs)
Garbage Collector(s) used:    G1 Old Generation, G1 Young Generation

Verification result: FALSE. Property violation (unreach-call: reach_error(); called in line 17) found by chosen configuration.
More details about the verification run can be found in the directory "./output".
