scripts/cpa.sh -heap 13000M -stack 50M -noout -benchmark -bmc -setprop cpa.predicate.useArraysForHeap=false -setprop cpa.predicate.memoryAllocationsAlwaysSucceed=true -setprop cpa.loopbound.maxLoopIterations=10 -setprop cpa.predicate.encodeFloatAs=INTEGER -setprop cpa.predicate.encodeBitvectorAs=INTEGER -setprop solver.solver=princess -timelimit 900s -stats -spec test/programs/benchmarks/properties/unreach-call.prp -64 test/programs/benchmarks/ldv-linux-4.2-rc1/linux-4.2-rc1.tar.xz-08_1a-drivers--net--ethernet--intel--e1000--e1000.ko-entry_point.cil.out.i


--------------------------------------------------------------------------------


Running CPAchecker with Java heap of size 13000M.
Running CPAchecker with Java stack of size 50M.
Language C detected and set for analysis (CPAMain.detectFrontendLanguageIfNecessary, INFO)

Using the following resource limits: CPU-time limit of 900s (ResourceLimitChecker.fromConfiguration, INFO)

CPAchecker 2.3.1-svn-45350M / bmc (OpenJDK 64-Bit Server VM 17.0.8.1) started (CPAchecker.run, INFO)

Parsing CFA from file(s) "test/programs/benchmarks/ldv-linux-4.2-rc1/linux-4.2-rc1.tar.xz-08_1a-drivers--net--ethernet--intel--e1000--e1000.ko-entry_point.cil.out.i" (CPAchecker.parse, INFO)

line 7100: Dead code detected: __asm__ ("movb %%gs:%P1,%0": "=q" (pfo_ret__): "p" (& current_task)); (CFACreationUtils.addEdgeToCFA, INFO)

line 7103: Dead code detected: __asm__ ("movw %%gs:%P1,%0": "=r" (pfo_ret__): "p" (& current_task)); (CFACreationUtils.addEdgeToCFA, INFO)

line 7106: Dead code detected: __asm__ ("movl %%gs:%P1,%0": "=r" (pfo_ret__): "p" (& current_task)); (CFACreationUtils.addEdgeToCFA, INFO)

line 7111: Dead code detected: switch (8UL) {
  case 1UL:
  __asm__ ("movb %%gs:%P1,%0": "=q" (pfo_ret__): "p" (& current_task));
  goto ldv_3129;
  case 2UL:
  __asm__ ("movw %%gs:%P1,%0": "=r" (pfo_ret__): "p" (& current_task));
  goto ldv_3129;
  case 4UL:
  __asm__ ("movl %%gs:%P1,%0": "=r" (pfo_ret__): "p" (& current_task));
  goto ldv_3129;
  case 8UL:
  __asm__ ("movq %%gs:%P1,%0": "=r" (pfo_ret__): "p" (& current_task));
  goto ldv_3129;
  default:
  __bad_percpu_size();
  } (CFACreationUtils.addEdgeToCFA, INFO)

line 7144: Dead code detected: __asm__ ("movb %%gs:%1,%0": "=q" (pfo_ret__): "m" (__preempt_count)); (CFACreationUtils.addEdgeToCFA, INFO)

line 7147: Dead code detected: __asm__ ("movw %%gs:%1,%0": "=r" (pfo_ret__): "m" (__preempt_count)); (CFACreationUtils.addEdgeToCFA, INFO)

line 7153: Dead code detected: __asm__ ("movq %%gs:%1,%0": "=r" (pfo_ret__): "m" (__preempt_count)); (CFACreationUtils.addEdgeToCFA, INFO)

line 7155: Dead code detected: switch (4UL) {
  case 1UL:
  __asm__ ("movb %%gs:%1,%0": "=q" (pfo_ret__): "m" (__preempt_count));
  goto ldv_6002;
  case 2UL:
  __asm__ ("movw %%gs:%1,%0": "=r" (pfo_ret__): "m" (__preempt_count));
  goto ldv_6002;
  case 4UL:
  __asm__ ("movl %%gs:%1,%0": "=r" (pfo_ret__): "m" (__preempt_count));
  goto ldv_6002;
  case 8UL:
  __asm__ ("movq %%gs:%1,%0": "=r" (pfo_ret__): "m" (__preempt_count));
  goto ldv_6002;
  default:
  __bad_percpu_size();
  } (CFACreationUtils.addEdgeToCFA, INFO)

line 7169: Dead code detected: [pao_ID__ == 1] (CFACreationUtils.addEdgeToCFA, INFO)

line 7169: Dead code detected: [!(pao_ID__ == 1)] (CFACreationUtils.addEdgeToCFA, INFO)

line 7170: Dead code detected: __asm__ ("incb %%gs:%0": "+m" (__preempt_count)); (CFACreationUtils.addEdgeToCFA, INFO)

line 7172: Dead code detected: [pao_ID__ == -1] (CFACreationUtils.addEdgeToCFA, INFO)

line 7172: Dead code detected: [!(pao_ID__ == -1)] (CFACreationUtils.addEdgeToCFA, INFO)

line 7173: Dead code detected: __asm__ ("decb %%gs:%0": "+m" (__preempt_count)); (CFACreationUtils.addEdgeToCFA, INFO)

line 7175: Dead code detected: __asm__ ("addb %1, %%gs:%0": "+m" (__preempt_count): "qi" (val)); (CFACreationUtils.addEdgeToCFA, INFO)

line 7179: Dead code detected: [pao_ID__ == 1] (CFACreationUtils.addEdgeToCFA, INFO)

line 7179: Dead code detected: [!(pao_ID__ == 1)] (CFACreationUtils.addEdgeToCFA, INFO)

line 7180: Dead code detected: __asm__ ("incw %%gs:%0": "+m" (__preempt_count)); (CFACreationUtils.addEdgeToCFA, INFO)

line 7182: Dead code detected: [pao_ID__ == -1] (CFACreationUtils.addEdgeToCFA, INFO)

line 7182: Dead code detected: [!(pao_ID__ == -1)] (CFACreationUtils.addEdgeToCFA, INFO)

line 7183: Dead code detected: __asm__ ("decw %%gs:%0": "+m" (__preempt_count)); (CFACreationUtils.addEdgeToCFA, INFO)

line 7185: Dead code detected: __asm__ ("addw %1, %%gs:%0": "+m" (__preempt_count): "ri" (val)); (CFACreationUtils.addEdgeToCFA, INFO)

line 7199: Dead code detected: [pao_ID__ == 1] (CFACreationUtils.addEdgeToCFA, INFO)

line 7199: Dead code detected: [!(pao_ID__ == 1)] (CFACreationUtils.addEdgeToCFA, INFO)

line 7200: Dead code detected: __asm__ ("incq %%gs:%0": "+m" (__preempt_count)); (CFACreationUtils.addEdgeToCFA, INFO)

line 7202: Dead code detected: [pao_ID__ == -1] (CFACreationUtils.addEdgeToCFA, INFO)

line 7202: Dead code detected: [!(pao_ID__ == -1)] (CFACreationUtils.addEdgeToCFA, INFO)

line 7203: Dead code detected: __asm__ ("decq %%gs:%0": "+m" (__preempt_count)); (CFACreationUtils.addEdgeToCFA, INFO)

line 7205: Dead code detected: __asm__ ("addq %1, %%gs:%0": "+m" (__preempt_count): "re" (val)); (CFACreationUtils.addEdgeToCFA, INFO)

line 7208: Dead code detected: switch (4UL) {
  case 1UL: ;
  if (pao_ID__ == 1) {
    __asm__ ("incb %%gs:%0": "+m" (__preempt_count));
  } else
  if (pao_ID__ == -1) {
    __asm__ ("decb %%gs:%0": "+m" (__preempt_count));
  } else {
    __asm__ ("addb %1, %%gs:%0": "+m" (__preempt_count): "qi" (val));
  }
  goto ldv_6059;
  case 2UL: ;
  if (pao_ID__ == 1) {
    __asm__ ("incw %%gs:%0": "+m" (__preempt_count));
  } else
  if (pao_ID__ == -1) {
    __asm__ ("decw %%gs:%0": "+m" (__preempt_count));
  } else {
    __asm__ ("addw %1, %%gs:%0": "+m" (__preempt_count): "ri" (val));
  }
  goto ldv_6059;
  case 4UL: ;
  if (pao_ID__ == 1) {
    __asm__ ("incl %%gs:%0": "+m" (__preempt_count));
  } else
  if (pao_ID__ == -1) {
    __asm__ ("decl %%gs:%0": "+m" (__preempt_count));
  } else {
    __asm__ ("addl %1, %%gs:%0": "+m" (__preempt_count): "ri" (val));
  }
  goto ldv_6059;
  case 8UL: ;
  if (pao_ID__ == 1) {
    __asm__ ("incq %%gs:%0": "+m" (__preempt_count));
  } else
  if (pao_ID__ == -1) {
    __asm__ ("decq %%gs:%0": "+m" (__preempt_count));
  } else {
    __asm__ ("addq %1, %%gs:%0": "+m" (__preempt_count): "re" (val));
  }
  goto ldv_6059;
  default:
  __bad_percpu_size();
  } (CFACreationUtils.addEdgeToCFA, INFO)

line 7222: Dead code detected: [pao_ID__ == 1] (CFACreationUtils.addEdgeToCFA, INFO)

line 7222: Dead code detected: [!(pao_ID__ == 1)] (CFACreationUtils.addEdgeToCFA, INFO)

line 7223: Dead code detected: __asm__ ("incb %%gs:%0": "+m" (__preempt_count)); (CFACreationUtils.addEdgeToCFA, INFO)

line 7225: Dead code detected: [pao_ID__ == -1] (CFACreationUtils.addEdgeToCFA, INFO)

line 7225: Dead code detected: [!(pao_ID__ == -1)] (CFACreationUtils.addEdgeToCFA, INFO)

line 7226: Dead code detected: __asm__ ("decb %%gs:%0": "+m" (__preempt_count)); (CFACreationUtils.addEdgeToCFA, INFO)

line 7228: Dead code detected: __asm__ ("addb %1, %%gs:%0": "+m" (__preempt_count): "qi" (- val)); (CFACreationUtils.addEdgeToCFA, INFO)

line 7232: Dead code detected: [pao_ID__ == 1] (CFACreationUtils.addEdgeToCFA, INFO)

line 7232: Dead code detected: [!(pao_ID__ == 1)] (CFACreationUtils.addEdgeToCFA, INFO)

line 7233: Dead code detected: __asm__ ("incw %%gs:%0": "+m" (__preempt_count)); (CFACreationUtils.addEdgeToCFA, INFO)

line 7235: Dead code detected: [pao_ID__ == -1] (CFACreationUtils.addEdgeToCFA, INFO)

line 7235: Dead code detected: [!(pao_ID__ == -1)] (CFACreationUtils.addEdgeToCFA, INFO)

line 7236: Dead code detected: __asm__ ("decw %%gs:%0": "+m" (__preempt_count)); (CFACreationUtils.addEdgeToCFA, INFO)

line 7238: Dead code detected: __asm__ ("addw %1, %%gs:%0": "+m" (__preempt_count): "ri" (- val)); (CFACreationUtils.addEdgeToCFA, INFO)

line 7252: Dead code detected: [pao_ID__ == 1] (CFACreationUtils.addEdgeToCFA, INFO)

line 7252: Dead code detected: [!(pao_ID__ == 1)] (CFACreationUtils.addEdgeToCFA, INFO)

line 7253: Dead code detected: __asm__ ("incq %%gs:%0": "+m" (__preempt_count)); (CFACreationUtils.addEdgeToCFA, INFO)

line 7255: Dead code detected: [pao_ID__ == -1] (CFACreationUtils.addEdgeToCFA, INFO)

line 7255: Dead code detected: [!(pao_ID__ == -1)] (CFACreationUtils.addEdgeToCFA, INFO)

line 7256: Dead code detected: __asm__ ("decq %%gs:%0": "+m" (__preempt_count)); (CFACreationUtils.addEdgeToCFA, INFO)

line 7258: Dead code detected: __asm__ ("addq %1, %%gs:%0": "+m" (__preempt_count): "re" (- val)); (CFACreationUtils.addEdgeToCFA, INFO)

line 7261: Dead code detected: switch (4UL) {
  case 1UL: ;
  if (pao_ID__ == 1) {
    __asm__ ("incb %%gs:%0": "+m" (__preempt_count));
  } else
  if (pao_ID__ == -1) {
    __asm__ ("decb %%gs:%0": "+m" (__preempt_count));
  } else {
    __asm__ ("addb %1, %%gs:%0": "+m" (__preempt_count): "qi" (- val));
  }
  goto ldv_6071;
  case 2UL: ;
  if (pao_ID__ == 1) {
    __asm__ ("incw %%gs:%0": "+m" (__preempt_count));
  } else
  if (pao_ID__ == -1) {
    __asm__ ("decw %%gs:%0": "+m" (__preempt_count));
  } else {
    __asm__ ("addw %1, %%gs:%0": "+m" (__preempt_count): "ri" (- val));
  }
  goto ldv_6071;
  case 4UL: ;
  if (pao_ID__ == 1) {
    __asm__ ("incl %%gs:%0": "+m" (__preempt_count));
  } else
  if (pao_ID__ == -1) {
    __asm__ ("decl %%gs:%0": "+m" (__preempt_count));
  } else {
    __asm__ ("addl %1, %%gs:%0": "+m" (__preempt_count): "ri" (- val));
  }
  goto ldv_6071;
  case 8UL: ;
  if (pao_ID__ == 1) {
    __asm__ ("incq %%gs:%0": "+m" (__preempt_count));
  } else
  if (pao_ID__ == -1) {
    __asm__ ("decq %%gs:%0": "+m" (__preempt_count));
  } else {
    __asm__ ("addq %1, %%gs:%0": "+m" (__preempt_count): "re" (- val));
  }
  goto ldv_6071;
  default:
  __bad_percpu_size();
  } (CFACreationUtils.addEdgeToCFA, INFO)

line 8852: Dead code detected: switch (4UL) (CFACreationUtils.addEdgeToCFA, INFO)

line 8854: Dead code detected: __asm__ ("movb %%gs:%1,%0": "=q" (pfo_ret__): "m" (cpu_number)); (CFACreationUtils.addEdgeToCFA, INFO)

line 8857: Dead code detected: __asm__ ("movw %%gs:%1,%0": "=r" (pfo_ret__): "m" (cpu_number)); (CFACreationUtils.addEdgeToCFA, INFO)

line 8859: Dead code detected:  (CFACreationUtils.addEdgeToCFA, INFO)

line 8863: Dead code detected: __asm__ ("movq %%gs:%1,%0": "=r" (pfo_ret__): "m" (cpu_number)); (CFACreationUtils.addEdgeToCFA, INFO)

line 8865: Dead code detected: switch (4UL) {
  case 1UL:
  __asm__ ("movb %%gs:%1,%0": "=q" (pfo_ret__): "m" (cpu_number));
  goto ldv_44840;
  case 2UL:
  __asm__ ("movw %%gs:%1,%0": "=r" (pfo_ret__): "m" (cpu_number));
  goto ldv_44840;
  case 4UL:
  __asm__ ("movl %%gs:%1,%0": "=r" (pfo_ret__): "m" (cpu_number));
  goto ldv_44840;
  case 8UL:
  __asm__ ("movq %%gs:%1,%0": "=r" (pfo_ret__): "m" (cpu_number));
  goto ldv_44840;
  default:
  __bad_percpu_size();
  } (CFACreationUtils.addEdgeToCFA, INFO)

line 8872: Dead code detected: switch (4UL) (CFACreationUtils.addEdgeToCFA, INFO)

line 8874: Dead code detected: __asm__ ("movb %%gs:%1,%0": "=q" (pfo_ret_____0): "m" (cpu_number)); (CFACreationUtils.addEdgeToCFA, INFO)

line 8877: Dead code detected: __asm__ ("movw %%gs:%1,%0": "=r" (pfo_ret_____0): "m" (cpu_number)); (CFACreationUtils.addEdgeToCFA, INFO)

line 8879: Dead code detected:  (CFACreationUtils.addEdgeToCFA, INFO)

line 8883: Dead code detected: __asm__ ("movq %%gs:%1,%0": "=r" (pfo_ret_____0): "m" (cpu_number)); (CFACreationUtils.addEdgeToCFA, INFO)

line 8885: Dead code detected: switch (4UL) {
  case 1UL:
  __asm__ ("movb %%gs:%1,%0": "=q" (pfo_ret_____0): "m" (cpu_number));
  goto ldv_44850;
  case 2UL:
  __asm__ ("movw %%gs:%1,%0": "=r" (pfo_ret_____0): "m" (cpu_number));
  goto ldv_44850;
  case 4UL:
  __asm__ ("movl %%gs:%1,%0": "=r" (pfo_ret_____0): "m" (cpu_number));
  goto ldv_44850;
  case 8UL:
  __asm__ ("movq %%gs:%1,%0": "=r" (pfo_ret_____0): "m" (cpu_number));
  goto ldv_44850;
  default:
  __bad_percpu_size();
  } (CFACreationUtils.addEdgeToCFA, INFO)

line 8894: Dead code detected: __asm__ ("movb %%gs:%1,%0": "=q" (pfo_ret_____1): "m" (cpu_number)); (CFACreationUtils.addEdgeToCFA, INFO)

line 8897: Dead code detected: __asm__ ("movw %%gs:%1,%0": "=r" (pfo_ret_____1): "m" (cpu_number)); (CFACreationUtils.addEdgeToCFA, INFO)

line 8903: Dead code detected: __asm__ ("movq %%gs:%1,%0": "=r" (pfo_ret_____1): "m" (cpu_number)); (CFACreationUtils.addEdgeToCFA, INFO)

line 8905: Dead code detected: switch (4UL) {
  case 1UL:
  __asm__ ("movb %%gs:%1,%0": "=q" (pfo_ret_____1): "m" (cpu_number));
  goto ldv_44859;
  case 2UL:
  __asm__ ("movw %%gs:%1,%0": "=r" (pfo_ret_____1): "m" (cpu_number));
  goto ldv_44859;
  case 4UL:
  __asm__ ("movl %%gs:%1,%0": "=r" (pfo_ret_____1): "m" (cpu_number));
  goto ldv_44859;
  case 8UL:
  __asm__ ("movq %%gs:%1,%0": "=r" (pfo_ret_____1): "m" (cpu_number));
  goto ldv_44859;
  default:
  __bad_percpu_size();
  } (CFACreationUtils.addEdgeToCFA, INFO)

line 8912: Dead code detected: switch (4UL) (CFACreationUtils.addEdgeToCFA, INFO)

line 8914: Dead code detected: __asm__ ("movb %%gs:%1,%0": "=q" (pfo_ret_____2): "m" (cpu_number)); (CFACreationUtils.addEdgeToCFA, INFO)

line 8917: Dead code detected: __asm__ ("movw %%gs:%1,%0": "=r" (pfo_ret_____2): "m" (cpu_number)); (CFACreationUtils.addEdgeToCFA, INFO)

line 8919: Dead code detected:  (CFACreationUtils.addEdgeToCFA, INFO)

line 8923: Dead code detected: __asm__ ("movq %%gs:%1,%0": "=r" (pfo_ret_____2): "m" (cpu_number)); (CFACreationUtils.addEdgeToCFA, INFO)

line 8925: Dead code detected: switch (4UL) {
  case 1UL:
  __asm__ ("movb %%gs:%1,%0": "=q" (pfo_ret_____2): "m" (cpu_number));
  goto ldv_44868;
  case 2UL:
  __asm__ ("movw %%gs:%1,%0": "=r" (pfo_ret_____2): "m" (cpu_number));
  goto ldv_44868;
  case 4UL:
  __asm__ ("movl %%gs:%1,%0": "=r" (pfo_ret_____2): "m" (cpu_number));
  goto ldv_44868;
  case 8UL:
  __asm__ ("movq %%gs:%1,%0": "=r" (pfo_ret_____2): "m" (cpu_number));
  goto ldv_44868;
  default:
  __bad_percpu_size();
  } (CFACreationUtils.addEdgeToCFA, INFO)

line 8931: Dead code detected: switch (4UL) {
  case 1UL: ;
  switch (4UL) {
  case 1UL:
  __asm__ ("movb %%gs:%1,%0": "=q" (pfo_ret__): "m" (cpu_number));
  goto ldv_44840;
  case 2UL:
  __asm__ ("movw %%gs:%1,%0": "=r" (pfo_ret__): "m" (cpu_number));
  goto ldv_44840;
  case 4UL:
  __asm__ ("movl %%gs:%1,%0": "=r" (pfo_ret__): "m" (cpu_number));
  goto ldv_44840;
  case 8UL:
  __asm__ ("movq %%gs:%1,%0": "=r" (pfo_ret__): "m" (cpu_number));
  goto ldv_44840;
  default:
  __bad_percpu_size();
  }
  ldv_44840:
  pscr_ret__ = pfo_ret__;
  goto ldv_44846;
  case 2UL: ;
  switch (4UL) {
  case 1UL:
  __asm__ ("movb %%gs:%1,%0": "=q" (pfo_ret_____0): "m" (cpu_number));
  goto ldv_44850;
  case 2UL:
  __asm__ ("movw %%gs:%1,%0": "=r" (pfo_ret_____0): "m" (cpu_number));
  goto ldv_44850;
  case 4UL:
  __asm__ ("movl %%gs:%1,%0": "=r" (pfo_ret_____0): "m" (cpu_number));
  goto ldv_44850;
  case 8UL:
  __asm__ ("movq %%gs:%1,%0": "=r" (pfo_ret_____0): "m" (cpu_number));
  goto ldv_44850;
  default:
  __bad_percpu_size();
  }
  ldv_44850:
  pscr_ret__ = pfo_ret_____0;
  goto ldv_44846;
  case 4UL: ;
  switch (4UL) {
  case 1UL:
  __asm__ ("movb %%gs:%1,%0": "=q" (pfo_ret_____1): "m" (cpu_number));
  goto ldv_44859;
  case 2UL:
  __asm__ ("movw %%gs:%1,%0": "=r" (pfo_ret_____1): "m" (cpu_number));
  goto ldv_44859;
  case 4UL:
  __asm__ ("movl %%gs:%1,%0": "=r" (pfo_ret_____1): "m" (cpu_number));
  goto ldv_44859;
  case 8UL:
  __asm__ ("movq %%gs:%1,%0": "=r" (pfo_ret_____1): "m" (cpu_number));
  goto ldv_44859;
  default:
  __bad_percpu_size();
  }
  ldv_44859:
  pscr_ret__ = pfo_ret_____1;
  goto ldv_44846;
  case 8UL: ;
  switch (4UL) {
  case 1UL:
  __asm__ ("movb %%gs:%1,%0": "=q" (pfo_ret_____2): "m" (cpu_number));
  goto ldv_44868;
  case 2UL:
  __asm__ ("movw %%gs:%1,%0": "=r" (pfo_ret_____2): "m" (cpu_number));
  goto ldv_44868;
  case 4UL:
  __asm__ ("movl %%gs:%1,%0": "=r" (pfo_ret_____2): "m" (cpu_number));
  goto ldv_44868;
  case 8UL:
  __asm__ ("movq %%gs:%1,%0": "=r" (pfo_ret_____2): "m" (cpu_number));
  goto ldv_44868;
  default:
  __bad_percpu_size();
  }
  ldv_44868:
  pscr_ret__ = pfo_ret_____2;
  goto ldv_44846;
  default:
  __bad_size_call_parameter();
  goto ldv_44846;
  } (CFACreationUtils.addEdgeToCFA, INFO)

line 11301: Dead code detected: __ms = 5UL; (CFACreationUtils.addEdgeToCFA, INFO)

line 11340: Dead code detected: __ms = 5UL; (CFACreationUtils.addEdgeToCFA, INFO)

lines 14598-14599: Dead code detected: tmp___0 = find_next_bit((unsigned long const *)(& adapter->active_vlans), 4096UL,
                          (unsigned long )((int )vid + 1)); (CFACreationUtils.addEdgeToCFA, INFO)

Inline assembler ignored, analysis is probably unsound! (CFABuilder.createCFA, WARNING)

line 7902: Function pointer *(ops->map_page) with type dma_addr_t (*)(struct device *, struct page *, unsigned long, size_t , enum dma_data_direction , struct dma_attrs *) is called, but no possible target functions were found. (CFunctionPointerResolver.getTargets, WARNING)

line 7840: Function pointer *(ops->map_page) with type dma_addr_t (*)(struct device *, struct page *, unsigned long, size_t , enum dma_data_direction , struct dma_attrs *) is called, but no possible target functions were found. (CFunctionPointerResolver.getTargets, WARNING)

line 23040: Function pointer *(ops->map_page) with type dma_addr_t (*)(struct device *, struct page *, unsigned long, size_t , enum dma_data_direction , struct dma_attrs *) is called, but no possible target functions were found. (CFunctionPointerResolver.getTargets, WARNING)

line 7978: Function pointer *(ops->mapping_error) with type int (*)(struct device *, dma_addr_t ) is called, but no possible target functions were found. (CFunctionPointerResolver.getTargets, WARNING)

line 7960: Function pointer *(ops->sync_single_for_cpu) with type void (*)(struct device *, dma_addr_t , size_t , enum dma_data_direction ) is called, but no possible target functions were found. (CFunctionPointerResolver.getTargets, WARNING)

line 23102: Function pointer *(ops->sync_single_for_cpu) with type void (*)(struct device *, dma_addr_t , size_t , enum dma_data_direction ) is called, but no possible target functions were found. (CFunctionPointerResolver.getTargets, WARNING)

line 23132: Function pointer *(ops->sync_single_for_device) with type void (*)(struct device *, dma_addr_t , size_t , enum dma_data_direction ) is called, but no possible target functions were found. (CFunctionPointerResolver.getTargets, WARNING)

line 7930: Function pointer *(ops->unmap_page) with type void (*)(struct device *, dma_addr_t , size_t , enum dma_data_direction , struct dma_attrs *) is called, but no possible target functions were found. (CFunctionPointerResolver.getTargets, WARNING)

line 7872: Function pointer *(ops->unmap_page) with type void (*)(struct device *, dma_addr_t , size_t , enum dma_data_direction , struct dma_attrs *) is called, but no possible target functions were found. (CFunctionPointerResolver.getTargets, WARNING)

line 23072: Function pointer *(ops->unmap_page) with type void (*)(struct device *, dma_addr_t , size_t , enum dma_data_direction , struct dma_attrs *) is called, but no possible target functions were found. (CFunctionPointerResolver.getTargets, WARNING)

Using unsound approximation of ints with unbounded integers and floats with unbounded integers for encoding program semantics. (PredicateCPA:FormulaManagerView.<init>, WARNING)

Using predicate analysis with Princess 2023-04-07. (PredicateCPA:PredicateCPA.<init>, INFO)

Using unsound approximation of ints with unbounded integers and floats with unbounded integers for encoding program semantics. (AssumptionStorageCPA:FormulaManagerView.<init>, WARNING)

Starting analysis ... (CPAchecker.runAlgorithm, INFO)

Recursion detected, aborting. To ignore recursion, add -skipRecursion to the command line. (TargetLocationProvider:CallstackCPA:CallstackTransferRelation.getAbstractSuccessorsForEdge, INFO)

Recursion detected. Defaulting to selecting all locations as potential target locations. (TargetLocationProvider:TargetLocationProviderImpl.tryGetAutomatonTargetLocations, INFO)

Creating formula for program (AbstractBMCAlgorithm.run, INFO)

Exception in thread "main" org.sosy_lab.java_smt.basicimpl.GeneratorException: Modular Congruence is not available in SMTLIB2. 
	at org.sosy_lab.java_smt.basicimpl.AbstractNumeralFormulaManager.modularCongruence(AbstractNumeralFormulaManager.java:361)
	at org.sosy_lab.java_smt.solvers.princess.PrincessIntegerFormulaManager.modularCongruence(PrincessIntegerFormulaManager.java:22)
	at org.sosy_lab.cpachecker.util.predicates.smt.IntegerFormulaManagerView.modularCongruence(IntegerFormulaManagerView.java:35)
	at org.sosy_lab.cpachecker.util.predicates.smt.FormulaManagerView.makeModularCongruence(FormulaManagerView.java:688)
	at org.sosy_lab.cpachecker.util.predicates.smt.FormulaManagerView.makeModularCongruence(FormulaManagerView.java:670)
	at org.sosy_lab.cpachecker.util.predicates.pathformula.pointeraliasing.PointerTargetSetManager.makeBaseAddressConstraints(PointerTargetSetManager.java:653)
	at org.sosy_lab.cpachecker.util.predicates.pathformula.pointeraliasing.PointerTargetSetBuilder$RealPointerTargetSetBuilder.addNextBaseAddressConstraints(PointerTargetSetBuilder.java:286)
	at org.sosy_lab.cpachecker.util.predicates.pathformula.pointeraliasing.CToFormulaConverterWithPointerAliasing.declareSharedBase(CToFormulaConverterWithPointerAliasing.java:437)
	at org.sosy_lab.cpachecker.util.predicates.pathformula.pointeraliasing.CToFormulaConverterWithPointerAliasing.makeDeclaration(CToFormulaConverterWithPointerAliasing.java:1001)
	at org.sosy_lab.cpachecker.util.predicates.pathformula.ctoformula.CtoFormulaConverter.createFormulaForEdge(CtoFormulaConverter.java:1231)
	at org.sosy_lab.cpachecker.util.predicates.pathformula.ctoformula.CtoFormulaConverter.makeAnd(CtoFormulaConverter.java:1049)
	at org.sosy_lab.cpachecker.util.predicates.pathformula.PathFormulaManagerImpl.makeAnd(PathFormulaManagerImpl.java:246)
	at org.sosy_lab.cpachecker.util.predicates.pathformula.PathFormulaManagerImpl.makeAnd(PathFormulaManagerImpl.java:300)
	at org.sosy_lab.cpachecker.cpa.predicate.PredicateTransferRelation.convertEdgeToPathFormula(PredicateTransferRelation.java:203)
	at org.sosy_lab.cpachecker.cpa.predicate.PredicateTransferRelation.getAbstractSuccessorsForEdge(PredicateTransferRelation.java:113)
	at org.sosy_lab.cpachecker.cpa.composite.CompositeTransferRelation.callTransferRelation(CompositeTransferRelation.java:297)
	at org.sosy_lab.cpachecker.cpa.composite.CompositeTransferRelation.getAbstractSuccessorForSimpleEdge(CompositeTransferRelation.java:264)
	at org.sosy_lab.cpachecker.cpa.composite.CompositeTransferRelation.getAbstractSuccessorForEdge(CompositeTransferRelation.java:196)
	at org.sosy_lab.cpachecker.cpa.composite.CompositeTransferRelation.getAbstractSuccessors(CompositeTransferRelation.java:88)
	at org.sosy_lab.cpachecker.cpa.arg.ARGTransferRelation.getAbstractSuccessors(ARGTransferRelation.java:45)
	at org.sosy_lab.cpachecker.core.algorithm.CPAAlgorithm.handleState(CPAAlgorithm.java:334)
	at org.sosy_lab.cpachecker.core.algorithm.CPAAlgorithm.run0(CPAAlgorithm.java:289)
	at org.sosy_lab.cpachecker.core.algorithm.CPAAlgorithm.run(CPAAlgorithm.java:260)
	at org.sosy_lab.cpachecker.core.algorithm.bmc.BMCHelper.unroll(BMCHelper.java:192)
	at org.sosy_lab.cpachecker.core.algorithm.bmc.AbstractBMCAlgorithm.run(AbstractBMCAlgorithm.java:427)
	at org.sosy_lab.cpachecker.core.algorithm.bmc.BMCAlgorithm.run(BMCAlgorithm.java:130)
	at org.sosy_lab.cpachecker.core.CPAchecker.runAlgorithm(CPAchecker.java:507)
	at org.sosy_lab.cpachecker.core.CPAchecker.run(CPAchecker.java:369)
	at org.sosy_lab.cpachecker.cmdline.CPAMain.main(CPAMain.java:170)
