scripts/cpa.sh -heap 13000M -stack 50M -noout -benchmark -bmc -setprop cpa.predicate.useArraysForHeap=false -setprop cpa.predicate.memoryAllocationsAlwaysSucceed=true -setprop cpa.loopbound.maxLoopIterations=10 -setprop cpa.predicate.encodeFloatAs=INTEGER -setprop cpa.predicate.encodeBitvectorAs=INTEGER -setprop solver.solver=princess_binary -setprop proveroptions.option=use_binary -timelimit 900s -stats -spec test/programs/benchmarks/properties/unreach-call.prp -32 test/programs/benchmarks/nla-digbench-scaling/ps4-ll_unwindbound20.c


--------------------------------------------------------------------------------


Running CPAchecker with Java heap of size 13000M.
Running CPAchecker with Java stack of size 50M.
Language C detected and set for analysis (CPAMain.detectFrontendLanguageIfNecessary, INFO)

Using the following resource limits: CPU-time limit of 900s (ResourceLimitChecker.fromConfiguration, INFO)

CPAchecker 2.3.1-svn-45350M / bmc (OpenJDK 64-Bit Server VM 17.0.8.1) started (CPAchecker.run, INFO)

Parsing CFA from file(s) "test/programs/benchmarks/nla-digbench-scaling/ps4-ll_unwindbound20.c" (CPAchecker.parse, INFO)

Using unsound approximation of ints with unbounded integers and floats with unbounded integers for encoding program semantics. (PredicateCPA:FormulaManagerView.<init>, WARNING)

Using predicate analysis with Princess 2023-04-07. (PredicateCPA:PredicateCPA.<init>, INFO)

Using unsound approximation of ints with unbounded integers and floats with unbounded integers for encoding program semantics. (AssumptionStorageCPA:FormulaManagerView.<init>, WARNING)

The following configuration options were specified but are not used:
 proveroptions.option 
 (CPAchecker.printConfigurationWarnings, WARNING)

Starting analysis ... (CPAchecker.runAlgorithm, INFO)

Creating formula for program (AbstractBMCAlgorithm.run, INFO)

Starting satisfiability check... (AbstractBMCAlgorithm.boundedModelCheck, INFO)

Error found, creating error path (AbstractBMCAlgorithm.analyzeCounterexample0, INFO)

{__VERIFIER_assert::cond@3 -> 0, __VERIFIER_assert::cond@2 -> 1, counter@3 -> 1, main::__CPAchecker_TMP_0@2 -> 0, main::c@3 -> 0, main::x@3 -> 0, main::y@3 -> 0, main::k@3 -> -1, __VERIFIER_nondet_short!2@ -> -1, counter@2 -> 0, Integer_*_(3, 0) -> -5, Integer_*_(2, 0) -> 3, Integer_*_(-1, 0) -> 4, Integer_*_(0, 0) -> 2, abbrev_20_def -> false, abbrev_20 -> false, abbrev_18_def -> false, abbrev_18 -> false, abbrev_16_def -> false, abbrev_16 -> false, abbrev_14_def -> false, abbrev_14 -> false}
{counter@2 -> 0, counter@3 -> 1, main::x@3 -> 0, main::c@3 -> 0, __VERIFIER_assert::cond@4 -> 0, __VERIFIER_assert::cond@2 -> 1, main::__CPAchecker_TMP_0@2 -> 0, main::y@3 -> 0, main::k@3 -> -1, __VERIFIER_nondet_short!2@ -> -1, Integer_*_(3, 0) -> -5, Integer_*_(2, 0) -> 3, Integer_*_(-1, 0) -> 4, Integer_*_(0, 0) -> 2}
[counter@2: 0, counter@3: 1, main::x@3: 0, main::c@3: 0, __VERIFIER_assert::cond@4: 0, __VERIFIER_assert::cond@2: 1, main::__CPAchecker_TMP_0@2: 0, main::y@3: 0, main::k@3: -1, __VERIFIER_nondet_short!2@: -1, Integer_*_(3, 0): -5, Integer_*_(2, 0): 3, Integer_*_(-1, 0): 4, Integer_*_(0, 0): 2]
Stopping analysis ... (CPAchecker.runAlgorithm, INFO)


PredicateCPA statistics
-----------------------
Number of abstractions:            10 (3% of all post computations)
  Times abstraction was reused:    0
  Because of function entry/exit:  0 (0%)
  Because of loop head:            0 (0%)
  Because of join nodes:           0 (0%)
  Because of threshold:            0 (0%)
  Because of target state:         10 (100%)
  Times precision was empty:       10 (100%)
  Times precision was {false}:     0 (0%)
  Times result was cached:         0 (0%)
  Times cartesian abs was used:    0 (0%)
  Times boolean abs was used:      0 (0%)
  Times result was 'false':        0 (0%)
Number of strengthen sat checks:   0
Number of coverage checks:         0
  BDD entailment checks:           0
Number of SMT sat checks:          0
  trivial:                         0
  cached:                          0

Max ABE block size:                       98
Avg ABE block size:                                57.50 (sum: 575, count: 10, min: 17, max: 98)
Number of predicates discovered:          0

Time for post operator:                                0.184s
  Time for path formula creation:                      0.181s
Time for strengthen operator:                          0.006s
Time for prec operator:                                0.005s
  Time for abstraction:                  0.000s (Max:     0.000s, Count: 10)
    Solving time:                        0.000s (Max:     0.000s)
    Model enumeration time:              0.000s
    Time for BDD construction:           0.000s (Max:     0.000s)
Time for coverage checks:                              0.000s
Total time for SMT solver (w/o itp):     0.000s

Total number of created targets for pointer analysis: 0



KeyValue statistics
-------------------
Init. function predicates:                         0
Init. global predicates:                           0
Init. location predicates:                         0

Invariant Generation statistics
-------------------------------

Bounds CPA statistics
---------------------
Bound k:                                           10
Maximum loop iteration reached:                    11


ValueAnalysisCPA statistics
---------------------------
Number of variables per state:                     4.94 (sum: 1531, count: 310, min: 0, max: 6)
Number of global variables per state:              0.97 (sum: 302, count: 310, min: 0, max: 1)
Number of assumptions:                                  160
Number of deterministic assumptions:                      0
Level of Determinism:                              0%

ValueAnalysisPrecisionAdjustment statistics
-------------------------------------------
Number of abstraction computations:                     309
Total time for liveness abstraction:                   0.000s
Total time for abstraction computation:                0.006s
Total time for path thresholds:                        0.000s

ConstraintsStrengthenOperator statistics
----------------------------------------
Total time for strengthening by ConstraintsCPA:     0.000s
Replaced symbolic expressions: 0

AutomatonAnalysis (SVCOMP) statistics
-------------------------------------
Number of states:                                  1
Total time for successor computation:                  0.012s
Automaton transfers with branching:                0
Automaton transfer successors:                     0.97 (sum: 309, count: 319, min: 0, max: 1) [0 x 10, 1 x 309]
Number of states with assumption transitions:      0

CPA algorithm statistics
------------------------
Number of iterations:            310
Max size of waitlist:            3
Average size of waitlist:        1
LoopstackSortedWaitlist:                           0.29 (sum: 70, count: 240, min: 0, max: 5)
ReversePostorderSortedWaitlist:                    0.00 (sum: 0, count: 240, min: 0, max: 0)
LoopIterationSortedWaitlist:                       0.29 (sum: 70, count: 240, min: 0, max: 5)
CallstackSortedWaitlist:                           70.00 (sum: 70, count: 1, min: 70, max: 70)
Number of computed successors:   309
Max successors for one state:    2
Number of times merged:          0
Number of times stopped:         0
Number of times breaked:         0

Total time for CPA algorithm:         0.377s (Max:     0.377s)
  Time for choose from waitlist:      0.011s
  Time for precision adjustment:      0.039s
  Time for transfer relation:         0.302s
  Time for stop operator:             0.001s
  Time for adding to reached set:     0.016s

BMC algorithm statistics
------------------------
Time for BMC formula creation:                       0.379s
Time for final sat check:                            1.350s
Time for error-path creation:                        0.119s
Time for error-path post-processing:                 0.168s

CPAchecker general statistics
-----------------------------
Number of program locations:                       52
Number of CFA edges (per node):                          50 (count: 52, min: 0, max: 3, avg: 0.96)
Number of relevant variables:                      8
Number of functions:                               4
Number of loops (and loop nodes):                         1 (sum: 9, min: 9, max: 9, avg: 9.00)
Size of reached set:             310
  Number of reached locations:   40 (77%)
    Avg states per location:     7
    Max states per location:     30 (at node N10)
  Number of reached functions:   3 (75%)
  Number of partitions:          310
    Avg size of partitions:      1
    Max size of partitions:      1
  Number of target states:       10

Time for analysis setup:          2.097s
  Time for loading CPAs:          1.198s
  Time for loading parser:        0.218s
  Time for CFA construction:      0.583s
    Time for parsing file(s):     0.338s
    Time for AST to CFA:          0.115s
    Time for CFA sanity check:    0.001s
    Time for post-processing:     0.084s
    Time for loop structure:      0.005s
    Time for AST structure:       0.000s
      Time for function pointers resolving:            0.003s
        Function calls via function pointers:             0 (count: 1, min: 0, max: 0, avg: 0.00)
        Instrumented function pointer calls:              0 (count: 1, min: 0, max: 0, avg: 0.00)
        Function calls with function pointer arguments:        0 (count: 1, min: 0, max: 0, avg: 0.00)
        Instrumented function pointer arguments:          0 (count: 1, min: 0, max: 0, avg: 0.00)
      Time for classifying variables:                  0.049s
        Time for collecting variables:                 0.031s
        Time for solving dependencies:                 0.000s
        Time for building hierarchy:                   0.000s
        Time for building classification:              0.018s
        Time for exporting data:                       0.000s
Time for Analysis:                2.091s
CPU time for analysis:            4.060s
Time for analyzing result:        0.002s
Total time for CPAchecker:        4.189s
Total CPU time for CPAchecker:    8.070s
Time for statistics:              0.062s

Time for Garbage Collector:       0.084s (in 8 runs)
Garbage Collector(s) used:    G1 Old Generation, G1 Young Generation

Verification result: FALSE. Property violation (unreach-call: reach_error(); called in line 12) found by chosen configuration.
More details about the verification run can be found in the directory "./output".
