scripts/cpa.sh -heap 13000M -stack 50M -noout -benchmark -bmc -setprop cpa.predicate.useArraysForHeap=false -setprop cpa.predicate.memoryAllocationsAlwaysSucceed=true -setprop cpa.loopbound.maxLoopIterations=10 -setprop cpa.predicate.encodeFloatAs=INTEGER -setprop cpa.predicate.encodeBitvectorAs=INTEGER -setprop solver.solver=princess_binary -setprop proveroptions.option=use_binary -timelimit 900s -stats -spec test/programs/benchmarks/properties/unreach-call.prp -64 test/programs/benchmarks/ldv-linux-4.2-rc1/linux-4.2-rc1.tar.xz-43_2a-drivers--staging--rts5208--rts5208.ko-entry_point.cil.out.i


--------------------------------------------------------------------------------


Running CPAchecker with Java heap of size 13000M.
Running CPAchecker with Java stack of size 50M.
Language C detected and set for analysis (CPAMain.detectFrontendLanguageIfNecessary, INFO)

Using the following resource limits: CPU-time limit of 900s (ResourceLimitChecker.fromConfiguration, INFO)

CPAchecker 2.3.1-svn-45350M / bmc (OpenJDK 64-Bit Server VM 17.0.8.1) started (CPAchecker.run, INFO)

Parsing CFA from file(s) "test/programs/benchmarks/ldv-linux-4.2-rc1/linux-4.2-rc1.tar.xz-43_2a-drivers--staging--rts5208--rts5208.ko-entry_point.cil.out.i" (CPAchecker.parse, INFO)

line 4865: Dead code detected: __asm__ ("movb %%gs:%P1,%0": "=q" (pfo_ret__): "p" (& current_task)); (CFACreationUtils.addEdgeToCFA, INFO)

line 4868: Dead code detected: __asm__ ("movw %%gs:%P1,%0": "=r" (pfo_ret__): "p" (& current_task)); (CFACreationUtils.addEdgeToCFA, INFO)

line 4871: Dead code detected: __asm__ ("movl %%gs:%P1,%0": "=r" (pfo_ret__): "p" (& current_task)); (CFACreationUtils.addEdgeToCFA, INFO)

line 4876: Dead code detected: switch (8UL) {
  case 1UL:
  __asm__ ("movb %%gs:%P1,%0": "=q" (pfo_ret__): "p" (& current_task));
  goto ldv_3233;
  case 2UL:
  __asm__ ("movw %%gs:%P1,%0": "=r" (pfo_ret__): "p" (& current_task));
  goto ldv_3233;
  case 4UL:
  __asm__ ("movl %%gs:%P1,%0": "=r" (pfo_ret__): "p" (& current_task));
  goto ldv_3233;
  case 8UL:
  __asm__ ("movq %%gs:%P1,%0": "=r" (pfo_ret__): "p" (& current_task));
  goto ldv_3233;
  default:
  __bad_percpu_size();
  } (CFACreationUtils.addEdgeToCFA, INFO)

line 5555: Dead code detected: tmp___0 = get_current(); (CFACreationUtils.addEdgeToCFA, INFO)

line 5560: Dead code detected: tmp___1 = get_current(); (CFACreationUtils.addEdgeToCFA, INFO)

line 5565: Dead code detected: tmp___2 = get_current(); (CFACreationUtils.addEdgeToCFA, INFO)

line 5574: Dead code detected: switch (8UL) {
  case 1UL:
  tmp___0 = get_current();
  __asm__ volatile ("xchgb %b0, %1\n": "+q" (__ret), "+m" (tmp___0->state): : "memory",
                       "cc");
  goto ldv_38635;
  case 2UL:
  tmp___1 = get_current();
  __asm__ volatile ("xchgw %w0, %1\n": "+r" (__ret), "+m" (tmp___1->state): : "memory",
                       "cc");
  goto ldv_38635;
  case 4UL:
  tmp___2 = get_current();
  __asm__ volatile ("xchgl %0, %1\n": "+r" (__ret), "+m" (tmp___2->state): : "memory",
                       "cc");
  goto ldv_38635;
  case 8UL:
  tmp___3 = get_current();
  __asm__ volatile ("xchgq %q0, %1\n": "+r" (__ret), "+m" (tmp___3->state): : "memory",
                       "cc");
  goto ldv_38635;
  default:
  __xchg_wrong_size();
  } (CFACreationUtils.addEdgeToCFA, INFO)

line 5585: Dead code detected: tmp___5 = get_current(); (CFACreationUtils.addEdgeToCFA, INFO)

line 5590: Dead code detected: tmp___6 = get_current(); (CFACreationUtils.addEdgeToCFA, INFO)

line 5595: Dead code detected: tmp___7 = get_current(); (CFACreationUtils.addEdgeToCFA, INFO)

line 5604: Dead code detected: switch (8UL) {
  case 1UL:
  tmp___5 = get_current();
  __asm__ volatile ("xchgb %b0, %1\n": "+q" (__ret___0), "+m" (tmp___5->state): : "memory",
                       "cc");
  goto ldv_38643;
  case 2UL:
  tmp___6 = get_current();
  __asm__ volatile ("xchgw %w0, %1\n": "+r" (__ret___0), "+m" (tmp___6->state): : "memory",
                       "cc");
  goto ldv_38643;
  case 4UL:
  tmp___7 = get_current();
  __asm__ volatile ("xchgl %0, %1\n": "+r" (__ret___0), "+m" (tmp___7->state): : "memory",
                       "cc");
  goto ldv_38643;
  case 8UL:
  tmp___8 = get_current();
  __asm__ volatile ("xchgq %q0, %1\n": "+r" (__ret___0), "+m" (tmp___8->state): : "memory",
                       "cc");
  goto ldv_38643;
  default:
  __xchg_wrong_size();
  } (CFACreationUtils.addEdgeToCFA, INFO)

line 5728: Dead code detected: tmp___0 = get_current(); (CFACreationUtils.addEdgeToCFA, INFO)

line 5733: Dead code detected: tmp___1 = get_current(); (CFACreationUtils.addEdgeToCFA, INFO)

line 5738: Dead code detected: tmp___2 = get_current(); (CFACreationUtils.addEdgeToCFA, INFO)

line 5747: Dead code detected: switch (8UL) {
  case 1UL:
  tmp___0 = get_current();
  __asm__ volatile ("xchgb %b0, %1\n": "+q" (__ret), "+m" (tmp___0->state): : "memory",
                       "cc");
  goto ldv_38666;
  case 2UL:
  tmp___1 = get_current();
  __asm__ volatile ("xchgw %w0, %1\n": "+r" (__ret), "+m" (tmp___1->state): : "memory",
                       "cc");
  goto ldv_38666;
  case 4UL:
  tmp___2 = get_current();
  __asm__ volatile ("xchgl %0, %1\n": "+r" (__ret), "+m" (tmp___2->state): : "memory",
                       "cc");
  goto ldv_38666;
  case 8UL:
  tmp___3 = get_current();
  __asm__ volatile ("xchgq %q0, %1\n": "+r" (__ret), "+m" (tmp___3->state): : "memory",
                       "cc");
  goto ldv_38666;
  default:
  __xchg_wrong_size();
  } (CFACreationUtils.addEdgeToCFA, INFO)

line 5806: Dead code detected: tmp___1 = get_current(); (CFACreationUtils.addEdgeToCFA, INFO)

line 5811: Dead code detected: tmp___2 = get_current(); (CFACreationUtils.addEdgeToCFA, INFO)

line 5816: Dead code detected: tmp___3 = get_current(); (CFACreationUtils.addEdgeToCFA, INFO)

line 5825: Dead code detected: switch (8UL) {
  case 1UL:
  tmp___1 = get_current();
  __asm__ volatile ("xchgb %b0, %1\n": "+q" (__ret), "+m" (tmp___1->state): : "memory",
                       "cc");
  goto ldv_38679;
  case 2UL:
  tmp___2 = get_current();
  __asm__ volatile ("xchgw %w0, %1\n": "+r" (__ret), "+m" (tmp___2->state): : "memory",
                       "cc");
  goto ldv_38679;
  case 4UL:
  tmp___3 = get_current();
  __asm__ volatile ("xchgl %0, %1\n": "+r" (__ret), "+m" (tmp___3->state): : "memory",
                       "cc");
  goto ldv_38679;
  case 8UL:
  tmp___4 = get_current();
  __asm__ volatile ("xchgq %q0, %1\n": "+r" (__ret), "+m" (tmp___4->state): : "memory",
                       "cc");
  goto ldv_38679;
  default:
  __xchg_wrong_size();
  } (CFACreationUtils.addEdgeToCFA, INFO)

line 7000: Dead code detected: tmp___0 = get_current(); (CFACreationUtils.addEdgeToCFA, INFO)

line 7005: Dead code detected: tmp___1 = get_current(); (CFACreationUtils.addEdgeToCFA, INFO)

line 7010: Dead code detected: tmp___2 = get_current(); (CFACreationUtils.addEdgeToCFA, INFO)

line 7019: Dead code detected: switch (8UL) {
  case 1UL:
  tmp___0 = get_current();
  __asm__ volatile ("xchgb %b0, %1\n": "+q" (__ret), "+m" (tmp___0->state): : "memory",
                       "cc");
  goto ldv_38525;
  case 2UL:
  tmp___1 = get_current();
  __asm__ volatile ("xchgw %w0, %1\n": "+r" (__ret), "+m" (tmp___1->state): : "memory",
                       "cc");
  goto ldv_38525;
  case 4UL:
  tmp___2 = get_current();
  __asm__ volatile ("xchgl %0, %1\n": "+r" (__ret), "+m" (tmp___2->state): : "memory",
                       "cc");
  goto ldv_38525;
  case 8UL:
  tmp___3 = get_current();
  __asm__ volatile ("xchgq %q0, %1\n": "+r" (__ret), "+m" (tmp___3->state): : "memory",
                       "cc");
  goto ldv_38525;
  default:
  __xchg_wrong_size();
  } (CFACreationUtils.addEdgeToCFA, INFO)

line 7926: Dead code detected: tmp___6 = get_current(); (CFACreationUtils.addEdgeToCFA, INFO)

line 7931: Dead code detected: tmp___7 = get_current(); (CFACreationUtils.addEdgeToCFA, INFO)

line 7936: Dead code detected: tmp___8 = get_current(); (CFACreationUtils.addEdgeToCFA, INFO)

line 7945: Dead code detected: switch (8UL) {
    case 1UL:
    tmp___6 = get_current();
    __asm__ volatile ("xchgb %b0, %1\n": "+q" (__ret), "+m" (tmp___6->state): : "memory",
                         "cc");
    goto ldv_38596;
    case 2UL:
    tmp___7 = get_current();
    __asm__ volatile ("xchgw %w0, %1\n": "+r" (__ret), "+m" (tmp___7->state): : "memory",
                         "cc");
    goto ldv_38596;
    case 4UL:
    tmp___8 = get_current();
    __asm__ volatile ("xchgl %0, %1\n": "+r" (__ret), "+m" (tmp___8->state): : "memory",
                         "cc");
    goto ldv_38596;
    case 8UL:
    tmp___9 = get_current();
    __asm__ volatile ("xchgq %q0, %1\n": "+r" (__ret), "+m" (tmp___9->state): : "memory",
                         "cc");
    goto ldv_38596;
    default:
    __xchg_wrong_size();
    } (CFACreationUtils.addEdgeToCFA, INFO)

line 8420: Dead code detected: tmp___8 = get_current(); (CFACreationUtils.addEdgeToCFA, INFO)

line 8425: Dead code detected: tmp___9 = get_current(); (CFACreationUtils.addEdgeToCFA, INFO)

line 8430: Dead code detected: tmp___10 = get_current(); (CFACreationUtils.addEdgeToCFA, INFO)

line 8439: Dead code detected: switch (8UL) {
  case 1UL:
  tmp___8 = get_current();
  __asm__ volatile ("xchgb %b0, %1\n": "+q" (__ret), "+m" (tmp___8->state): : "memory",
                       "cc");
  goto ldv_38657;
  case 2UL:
  tmp___9 = get_current();
  __asm__ volatile ("xchgw %w0, %1\n": "+r" (__ret), "+m" (tmp___9->state): : "memory",
                       "cc");
  goto ldv_38657;
  case 4UL:
  tmp___10 = get_current();
  __asm__ volatile ("xchgl %0, %1\n": "+r" (__ret), "+m" (tmp___10->state): : "memory",
                       "cc");
  goto ldv_38657;
  case 8UL:
  tmp___11 = get_current();
  __asm__ volatile ("xchgq %q0, %1\n": "+r" (__ret), "+m" (tmp___11->state): : "memory",
                       "cc");
  goto ldv_38657;
  default:
  __xchg_wrong_size();
  } (CFACreationUtils.addEdgeToCFA, INFO)

line 9978: Dead code detected: tmp___3 = get_current(); (CFACreationUtils.addEdgeToCFA, INFO)

line 9983: Dead code detected: tmp___4 = get_current(); (CFACreationUtils.addEdgeToCFA, INFO)

line 9988: Dead code detected: tmp___5 = get_current(); (CFACreationUtils.addEdgeToCFA, INFO)

line 9997: Dead code detected: switch (8UL) {
  case 1UL:
  tmp___3 = get_current();
  __asm__ volatile ("xchgb %b0, %1\n": "+q" (__ret), "+m" (tmp___3->state): : "memory",
                       "cc");
  goto ldv_38937;
  case 2UL:
  tmp___4 = get_current();
  __asm__ volatile ("xchgw %w0, %1\n": "+r" (__ret), "+m" (tmp___4->state): : "memory",
                       "cc");
  goto ldv_38937;
  case 4UL:
  tmp___5 = get_current();
  __asm__ volatile ("xchgl %0, %1\n": "+r" (__ret), "+m" (tmp___5->state): : "memory",
                       "cc");
  goto ldv_38937;
  case 8UL:
  tmp___6 = get_current();
  __asm__ volatile ("xchgq %q0, %1\n": "+r" (__ret), "+m" (tmp___6->state): : "memory",
                       "cc");
  goto ldv_38937;
  default:
  __xchg_wrong_size();
  } (CFACreationUtils.addEdgeToCFA, INFO)

line 10020: Dead code detected: tmp___8 = get_current(); (CFACreationUtils.addEdgeToCFA, INFO)

line 10025: Dead code detected: tmp___9 = get_current(); (CFACreationUtils.addEdgeToCFA, INFO)

line 10030: Dead code detected: tmp___10 = get_current(); (CFACreationUtils.addEdgeToCFA, INFO)

line 10039: Dead code detected: switch (8UL) {
  case 1UL:
  tmp___8 = get_current();
  __asm__ volatile ("xchgb %b0, %1\n": "+q" (__ret___0), "+m" (tmp___8->state): : "memory",
                       "cc");
  goto ldv_38947;
  case 2UL:
  tmp___9 = get_current();
  __asm__ volatile ("xchgw %w0, %1\n": "+r" (__ret___0), "+m" (tmp___9->state): : "memory",
                       "cc");
  goto ldv_38947;
  case 4UL:
  tmp___10 = get_current();
  __asm__ volatile ("xchgl %0, %1\n": "+r" (__ret___0), "+m" (tmp___10->state): : "memory",
                       "cc");
  goto ldv_38947;
  case 8UL:
  tmp___11 = get_current();
  __asm__ volatile ("xchgq %q0, %1\n": "+r" (__ret___0), "+m" (tmp___11->state): : "memory",
                       "cc");
  goto ldv_38947;
  default:
  __xchg_wrong_size();
  } (CFACreationUtils.addEdgeToCFA, INFO)

line 10478: Dead code detected: tmp___4 = get_current(); (CFACreationUtils.addEdgeToCFA, INFO)

line 10483: Dead code detected: tmp___5 = get_current(); (CFACreationUtils.addEdgeToCFA, INFO)

line 10488: Dead code detected: tmp___6 = get_current(); (CFACreationUtils.addEdgeToCFA, INFO)

line 10497: Dead code detected: switch (8UL) {
      case 1UL:
      tmp___4 = get_current();
      __asm__ volatile ("xchgb %b0, %1\n": "+q" (__ret), "+m" (tmp___4->state): : "memory",
                           "cc");
      goto ldv_39023;
      case 2UL:
      tmp___5 = get_current();
      __asm__ volatile ("xchgw %w0, %1\n": "+r" (__ret), "+m" (tmp___5->state): : "memory",
                           "cc");
      goto ldv_39023;
      case 4UL:
      tmp___6 = get_current();
      __asm__ volatile ("xchgl %0, %1\n": "+r" (__ret), "+m" (tmp___6->state): : "memory",
                           "cc");
      goto ldv_39023;
      case 8UL:
      tmp___7 = get_current();
      __asm__ volatile ("xchgq %q0, %1\n": "+r" (__ret), "+m" (tmp___7->state): : "memory",
                           "cc");
      goto ldv_39023;
      default:
      __xchg_wrong_size();
      } (CFACreationUtils.addEdgeToCFA, INFO)

line 10615: Dead code detected: tmp___2 = get_current(); (CFACreationUtils.addEdgeToCFA, INFO)

line 10620: Dead code detected: tmp___3 = get_current(); (CFACreationUtils.addEdgeToCFA, INFO)

line 10625: Dead code detected: tmp___4 = get_current(); (CFACreationUtils.addEdgeToCFA, INFO)

line 10634: Dead code detected: switch (8UL) {
    case 1UL:
    tmp___2 = get_current();
    __asm__ volatile ("xchgb %b0, %1\n": "+q" (__ret), "+m" (tmp___2->state): : "memory",
                         "cc");
    goto ldv_39043;
    case 2UL:
    tmp___3 = get_current();
    __asm__ volatile ("xchgw %w0, %1\n": "+r" (__ret), "+m" (tmp___3->state): : "memory",
                         "cc");
    goto ldv_39043;
    case 4UL:
    tmp___4 = get_current();
    __asm__ volatile ("xchgl %0, %1\n": "+r" (__ret), "+m" (tmp___4->state): : "memory",
                         "cc");
    goto ldv_39043;
    case 8UL:
    tmp___5 = get_current();
    __asm__ volatile ("xchgq %q0, %1\n": "+r" (__ret), "+m" (tmp___5->state): : "memory",
                         "cc");
    goto ldv_39043;
    default:
    __xchg_wrong_size();
    } (CFACreationUtils.addEdgeToCFA, INFO)

line 10851: Dead code detected: tmp___0 = get_current(); (CFACreationUtils.addEdgeToCFA, INFO)

line 10856: Dead code detected: tmp___1 = get_current(); (CFACreationUtils.addEdgeToCFA, INFO)

line 10861: Dead code detected: tmp___2 = get_current(); (CFACreationUtils.addEdgeToCFA, INFO)

line 10870: Dead code detected: switch (8UL) {
      case 1UL:
      tmp___0 = get_current();
      __asm__ volatile ("xchgb %b0, %1\n": "+q" (__ret), "+m" (tmp___0->state): : "memory",
                           "cc");
      goto ldv_39102;
      case 2UL:
      tmp___1 = get_current();
      __asm__ volatile ("xchgw %w0, %1\n": "+r" (__ret), "+m" (tmp___1->state): : "memory",
                           "cc");
      goto ldv_39102;
      case 4UL:
      tmp___2 = get_current();
      __asm__ volatile ("xchgl %0, %1\n": "+r" (__ret), "+m" (tmp___2->state): : "memory",
                           "cc");
      goto ldv_39102;
      case 8UL:
      tmp___3 = get_current();
      __asm__ volatile ("xchgq %q0, %1\n": "+r" (__ret), "+m" (tmp___3->state): : "memory",
                           "cc");
      goto ldv_39102;
      default:
      __xchg_wrong_size();
      } (CFACreationUtils.addEdgeToCFA, INFO)

line 13362: Dead code detected: tmp___0 = get_current(); (CFACreationUtils.addEdgeToCFA, INFO)

line 13367: Dead code detected: tmp___1 = get_current(); (CFACreationUtils.addEdgeToCFA, INFO)

line 13372: Dead code detected: tmp___2 = get_current(); (CFACreationUtils.addEdgeToCFA, INFO)

line 13381: Dead code detected: switch (8UL) {
    case 1UL:
    tmp___0 = get_current();
    __asm__ volatile ("xchgb %b0, %1\n": "+q" (__ret), "+m" (tmp___0->state): : "memory",
                         "cc");
    goto ldv_38813;
    case 2UL:
    tmp___1 = get_current();
    __asm__ volatile ("xchgw %w0, %1\n": "+r" (__ret), "+m" (tmp___1->state): : "memory",
                         "cc");
    goto ldv_38813;
    case 4UL:
    tmp___2 = get_current();
    __asm__ volatile ("xchgl %0, %1\n": "+r" (__ret), "+m" (tmp___2->state): : "memory",
                         "cc");
    goto ldv_38813;
    case 8UL:
    tmp___3 = get_current();
    __asm__ volatile ("xchgq %q0, %1\n": "+r" (__ret), "+m" (tmp___3->state): : "memory",
                         "cc");
    goto ldv_38813;
    default:
    __xchg_wrong_size();
    } (CFACreationUtils.addEdgeToCFA, INFO)

line 13801: Dead code detected: tmp___0 = get_current(); (CFACreationUtils.addEdgeToCFA, INFO)

line 13806: Dead code detected: tmp___1 = get_current(); (CFACreationUtils.addEdgeToCFA, INFO)

line 13811: Dead code detected: tmp___2 = get_current(); (CFACreationUtils.addEdgeToCFA, INFO)

line 13820: Dead code detected: switch (8UL) {
    case 1UL:
    tmp___0 = get_current();
    __asm__ volatile ("xchgb %b0, %1\n": "+q" (__ret), "+m" (tmp___0->state): : "memory",
                         "cc");
    goto ldv_38861;
    case 2UL:
    tmp___1 = get_current();
    __asm__ volatile ("xchgw %w0, %1\n": "+r" (__ret), "+m" (tmp___1->state): : "memory",
                         "cc");
    goto ldv_38861;
    case 4UL:
    tmp___2 = get_current();
    __asm__ volatile ("xchgl %0, %1\n": "+r" (__ret), "+m" (tmp___2->state): : "memory",
                         "cc");
    goto ldv_38861;
    case 8UL:
    tmp___3 = get_current();
    __asm__ volatile ("xchgq %q0, %1\n": "+r" (__ret), "+m" (tmp___3->state): : "memory",
                         "cc");
    goto ldv_38861;
    default:
    __xchg_wrong_size();
    } (CFACreationUtils.addEdgeToCFA, INFO)

line 13902: Dead code detected: tmp___0 = get_current(); (CFACreationUtils.addEdgeToCFA, INFO)

line 13907: Dead code detected: tmp___1 = get_current(); (CFACreationUtils.addEdgeToCFA, INFO)

line 13912: Dead code detected: tmp___2 = get_current(); (CFACreationUtils.addEdgeToCFA, INFO)

line 13921: Dead code detected: switch (8UL) {
    case 1UL:
    tmp___0 = get_current();
    __asm__ volatile ("xchgb %b0, %1\n": "+q" (__ret), "+m" (tmp___0->state): : "memory",
                         "cc");
    goto ldv_38884;
    case 2UL:
    tmp___1 = get_current();
    __asm__ volatile ("xchgw %w0, %1\n": "+r" (__ret), "+m" (tmp___1->state): : "memory",
                         "cc");
    goto ldv_38884;
    case 4UL:
    tmp___2 = get_current();
    __asm__ volatile ("xchgl %0, %1\n": "+r" (__ret), "+m" (tmp___2->state): : "memory",
                         "cc");
    goto ldv_38884;
    case 8UL:
    tmp___3 = get_current();
    __asm__ volatile ("xchgq %q0, %1\n": "+r" (__ret), "+m" (tmp___3->state): : "memory",
                         "cc");
    goto ldv_38884;
    default:
    __xchg_wrong_size();
    } (CFACreationUtils.addEdgeToCFA, INFO)

line 14014: Dead code detected: tmp___0 = get_current(); (CFACreationUtils.addEdgeToCFA, INFO)

line 14019: Dead code detected: tmp___1 = get_current(); (CFACreationUtils.addEdgeToCFA, INFO)

line 14024: Dead code detected: tmp___2 = get_current(); (CFACreationUtils.addEdgeToCFA, INFO)

line 14033: Dead code detected: switch (8UL) {
    case 1UL:
    tmp___0 = get_current();
    __asm__ volatile ("xchgb %b0, %1\n": "+q" (__ret), "+m" (tmp___0->state): : "memory",
                         "cc");
    goto ldv_38908;
    case 2UL:
    tmp___1 = get_current();
    __asm__ volatile ("xchgw %w0, %1\n": "+r" (__ret), "+m" (tmp___1->state): : "memory",
                         "cc");
    goto ldv_38908;
    case 4UL:
    tmp___2 = get_current();
    __asm__ volatile ("xchgl %0, %1\n": "+r" (__ret), "+m" (tmp___2->state): : "memory",
                         "cc");
    goto ldv_38908;
    case 8UL:
    tmp___3 = get_current();
    __asm__ volatile ("xchgq %q0, %1\n": "+r" (__ret), "+m" (tmp___3->state): : "memory",
                         "cc");
    goto ldv_38908;
    default:
    __xchg_wrong_size();
    } (CFACreationUtils.addEdgeToCFA, INFO)

line 14124: Dead code detected: tmp___0 = get_current(); (CFACreationUtils.addEdgeToCFA, INFO)

line 14129: Dead code detected: tmp___1 = get_current(); (CFACreationUtils.addEdgeToCFA, INFO)

line 14134: Dead code detected: tmp___2 = get_current(); (CFACreationUtils.addEdgeToCFA, INFO)

line 14143: Dead code detected: switch (8UL) {
    case 1UL:
    tmp___0 = get_current();
    __asm__ volatile ("xchgb %b0, %1\n": "+q" (__ret), "+m" (tmp___0->state): : "memory",
                         "cc");
    goto ldv_38932;
    case 2UL:
    tmp___1 = get_current();
    __asm__ volatile ("xchgw %w0, %1\n": "+r" (__ret), "+m" (tmp___1->state): : "memory",
                         "cc");
    goto ldv_38932;
    case 4UL:
    tmp___2 = get_current();
    __asm__ volatile ("xchgl %0, %1\n": "+r" (__ret), "+m" (tmp___2->state): : "memory",
                         "cc");
    goto ldv_38932;
    case 8UL:
    tmp___3 = get_current();
    __asm__ volatile ("xchgq %q0, %1\n": "+r" (__ret), "+m" (tmp___3->state): : "memory",
                         "cc");
    goto ldv_38932;
    default:
    __xchg_wrong_size();
    } (CFACreationUtils.addEdgeToCFA, INFO)

line 14258: Dead code detected: tmp___0 = get_current(); (CFACreationUtils.addEdgeToCFA, INFO)

line 14263: Dead code detected: tmp___1 = get_current(); (CFACreationUtils.addEdgeToCFA, INFO)

line 14268: Dead code detected: tmp___2 = get_current(); (CFACreationUtils.addEdgeToCFA, INFO)

line 14277: Dead code detected: switch (8UL) {
    case 1UL:
    tmp___0 = get_current();
    __asm__ volatile ("xchgb %b0, %1\n": "+q" (__ret), "+m" (tmp___0->state): : "memory",
                         "cc");
    goto ldv_38959;
    case 2UL:
    tmp___1 = get_current();
    __asm__ volatile ("xchgw %w0, %1\n": "+r" (__ret), "+m" (tmp___1->state): : "memory",
                         "cc");
    goto ldv_38959;
    case 4UL:
    tmp___2 = get_current();
    __asm__ volatile ("xchgl %0, %1\n": "+r" (__ret), "+m" (tmp___2->state): : "memory",
                         "cc");
    goto ldv_38959;
    case 8UL:
    tmp___3 = get_current();
    __asm__ volatile ("xchgq %q0, %1\n": "+r" (__ret), "+m" (tmp___3->state): : "memory",
                         "cc");
    goto ldv_38959;
    default:
    __xchg_wrong_size();
    } (CFACreationUtils.addEdgeToCFA, INFO)

line 14486: Dead code detected: tmp___0 = get_current(); (CFACreationUtils.addEdgeToCFA, INFO)

line 14491: Dead code detected: tmp___1 = get_current(); (CFACreationUtils.addEdgeToCFA, INFO)

line 14496: Dead code detected: tmp___2 = get_current(); (CFACreationUtils.addEdgeToCFA, INFO)

line 14505: Dead code detected: switch (8UL) {
    case 1UL:
    tmp___0 = get_current();
    __asm__ volatile ("xchgb %b0, %1\n": "+q" (__ret), "+m" (tmp___0->state): : "memory",
                         "cc");
    goto ldv_39004;
    case 2UL:
    tmp___1 = get_current();
    __asm__ volatile ("xchgw %w0, %1\n": "+r" (__ret), "+m" (tmp___1->state): : "memory",
                         "cc");
    goto ldv_39004;
    case 4UL:
    tmp___2 = get_current();
    __asm__ volatile ("xchgl %0, %1\n": "+r" (__ret), "+m" (tmp___2->state): : "memory",
                         "cc");
    goto ldv_39004;
    case 8UL:
    tmp___3 = get_current();
    __asm__ volatile ("xchgq %q0, %1\n": "+r" (__ret), "+m" (tmp___3->state): : "memory",
                         "cc");
    goto ldv_39004;
    default:
    __xchg_wrong_size();
    } (CFACreationUtils.addEdgeToCFA, INFO)

line 14568: Dead code detected: tmp___0 = get_current(); (CFACreationUtils.addEdgeToCFA, INFO)

line 14573: Dead code detected: tmp___1 = get_current(); (CFACreationUtils.addEdgeToCFA, INFO)

line 14578: Dead code detected: tmp___2 = get_current(); (CFACreationUtils.addEdgeToCFA, INFO)

line 14587: Dead code detected: switch (8UL) {
    case 1UL:
    tmp___0 = get_current();
    __asm__ volatile ("xchgb %b0, %1\n": "+q" (__ret), "+m" (tmp___0->state): : "memory",
                         "cc");
    goto ldv_39025;
    case 2UL:
    tmp___1 = get_current();
    __asm__ volatile ("xchgw %w0, %1\n": "+r" (__ret), "+m" (tmp___1->state): : "memory",
                         "cc");
    goto ldv_39025;
    case 4UL:
    tmp___2 = get_current();
    __asm__ volatile ("xchgl %0, %1\n": "+r" (__ret), "+m" (tmp___2->state): : "memory",
                         "cc");
    goto ldv_39025;
    case 8UL:
    tmp___3 = get_current();
    __asm__ volatile ("xchgq %q0, %1\n": "+r" (__ret), "+m" (tmp___3->state): : "memory",
                         "cc");
    goto ldv_39025;
    default:
    __xchg_wrong_size();
    } (CFACreationUtils.addEdgeToCFA, INFO)

line 14659: Dead code detected: tmp___0 = get_current(); (CFACreationUtils.addEdgeToCFA, INFO)

line 14664: Dead code detected: tmp___1 = get_current(); (CFACreationUtils.addEdgeToCFA, INFO)

line 14669: Dead code detected: tmp___2 = get_current(); (CFACreationUtils.addEdgeToCFA, INFO)

line 14678: Dead code detected: switch (8UL) {
        case 1UL:
        tmp___0 = get_current();
        __asm__ volatile ("xchgb %b0, %1\n": "+q" (__ret), "+m" (tmp___0->state): : "memory",
                             "cc");
        goto ldv_39051;
        case 2UL:
        tmp___1 = get_current();
        __asm__ volatile ("xchgw %w0, %1\n": "+r" (__ret), "+m" (tmp___1->state): : "memory",
                             "cc");
        goto ldv_39051;
        case 4UL:
        tmp___2 = get_current();
        __asm__ volatile ("xchgl %0, %1\n": "+r" (__ret), "+m" (tmp___2->state): : "memory",
                             "cc");
        goto ldv_39051;
        case 8UL:
        tmp___3 = get_current();
        __asm__ volatile ("xchgq %q0, %1\n": "+r" (__ret), "+m" (tmp___3->state): : "memory",
                             "cc");
        goto ldv_39051;
        default:
        __xchg_wrong_size();
        } (CFACreationUtils.addEdgeToCFA, INFO)

line 14783: Dead code detected: tmp___0 = get_current(); (CFACreationUtils.addEdgeToCFA, INFO)

line 14788: Dead code detected: tmp___1 = get_current(); (CFACreationUtils.addEdgeToCFA, INFO)

line 14793: Dead code detected: tmp___2 = get_current(); (CFACreationUtils.addEdgeToCFA, INFO)

line 14802: Dead code detected: switch (8UL) {
    case 1UL:
    tmp___0 = get_current();
    __asm__ volatile ("xchgb %b0, %1\n": "+q" (__ret), "+m" (tmp___0->state): : "memory",
                         "cc");
    goto ldv_39082;
    case 2UL:
    tmp___1 = get_current();
    __asm__ volatile ("xchgw %w0, %1\n": "+r" (__ret), "+m" (tmp___1->state): : "memory",
                         "cc");
    goto ldv_39082;
    case 4UL:
    tmp___2 = get_current();
    __asm__ volatile ("xchgl %0, %1\n": "+r" (__ret), "+m" (tmp___2->state): : "memory",
                         "cc");
    goto ldv_39082;
    case 8UL:
    tmp___3 = get_current();
    __asm__ volatile ("xchgq %q0, %1\n": "+r" (__ret), "+m" (tmp___3->state): : "memory",
                         "cc");
    goto ldv_39082;
    default:
    __xchg_wrong_size();
    } (CFACreationUtils.addEdgeToCFA, INFO)

line 15121: Dead code detected: tmp___0 = get_current(); (CFACreationUtils.addEdgeToCFA, INFO)

line 15126: Dead code detected: tmp___1 = get_current(); (CFACreationUtils.addEdgeToCFA, INFO)

line 15131: Dead code detected: tmp___2 = get_current(); (CFACreationUtils.addEdgeToCFA, INFO)

line 15140: Dead code detected: switch (8UL) {
    case 1UL:
    tmp___0 = get_current();
    __asm__ volatile ("xchgb %b0, %1\n": "+q" (__ret), "+m" (tmp___0->state): : "memory",
                         "cc");
    goto ldv_39132;
    case 2UL:
    tmp___1 = get_current();
    __asm__ volatile ("xchgw %w0, %1\n": "+r" (__ret), "+m" (tmp___1->state): : "memory",
                         "cc");
    goto ldv_39132;
    case 4UL:
    tmp___2 = get_current();
    __asm__ volatile ("xchgl %0, %1\n": "+r" (__ret), "+m" (tmp___2->state): : "memory",
                         "cc");
    goto ldv_39132;
    case 8UL:
    tmp___3 = get_current();
    __asm__ volatile ("xchgq %q0, %1\n": "+r" (__ret), "+m" (tmp___3->state): : "memory",
                         "cc");
    goto ldv_39132;
    default:
    __xchg_wrong_size();
    } (CFACreationUtils.addEdgeToCFA, INFO)

line 15248: Dead code detected: tmp___0 = get_current(); (CFACreationUtils.addEdgeToCFA, INFO)

line 15253: Dead code detected: tmp___1 = get_current(); (CFACreationUtils.addEdgeToCFA, INFO)

line 15258: Dead code detected: tmp___2 = get_current(); (CFACreationUtils.addEdgeToCFA, INFO)

line 15267: Dead code detected: switch (8UL) {
    case 1UL:
    tmp___0 = get_current();
    __asm__ volatile ("xchgb %b0, %1\n": "+q" (__ret), "+m" (tmp___0->state): : "memory",
                         "cc");
    goto ldv_39168;
    case 2UL:
    tmp___1 = get_current();
    __asm__ volatile ("xchgw %w0, %1\n": "+r" (__ret), "+m" (tmp___1->state): : "memory",
                         "cc");
    goto ldv_39168;
    case 4UL:
    tmp___2 = get_current();
    __asm__ volatile ("xchgl %0, %1\n": "+r" (__ret), "+m" (tmp___2->state): : "memory",
                         "cc");
    goto ldv_39168;
    case 8UL:
    tmp___3 = get_current();
    __asm__ volatile ("xchgq %q0, %1\n": "+r" (__ret), "+m" (tmp___3->state): : "memory",
                         "cc");
    goto ldv_39168;
    default:
    __xchg_wrong_size();
    } (CFACreationUtils.addEdgeToCFA, INFO)

line 15361: Dead code detected: tmp___0 = get_current(); (CFACreationUtils.addEdgeToCFA, INFO)

line 15366: Dead code detected: tmp___1 = get_current(); (CFACreationUtils.addEdgeToCFA, INFO)

line 15371: Dead code detected: tmp___2 = get_current(); (CFACreationUtils.addEdgeToCFA, INFO)

line 15380: Dead code detected: switch (8UL) {
    case 1UL:
    tmp___0 = get_current();
    __asm__ volatile ("xchgb %b0, %1\n": "+q" (__ret), "+m" (tmp___0->state): : "memory",
                         "cc");
    goto ldv_39193;
    case 2UL:
    tmp___1 = get_current();
    __asm__ volatile ("xchgw %w0, %1\n": "+r" (__ret), "+m" (tmp___1->state): : "memory",
                         "cc");
    goto ldv_39193;
    case 4UL:
    tmp___2 = get_current();
    __asm__ volatile ("xchgl %0, %1\n": "+r" (__ret), "+m" (tmp___2->state): : "memory",
                         "cc");
    goto ldv_39193;
    case 8UL:
    tmp___3 = get_current();
    __asm__ volatile ("xchgq %q0, %1\n": "+r" (__ret), "+m" (tmp___3->state): : "memory",
                         "cc");
    goto ldv_39193;
    default:
    __xchg_wrong_size();
    } (CFACreationUtils.addEdgeToCFA, INFO)

line 15465: Dead code detected: tmp___0 = get_current(); (CFACreationUtils.addEdgeToCFA, INFO)

line 15470: Dead code detected: tmp___1 = get_current(); (CFACreationUtils.addEdgeToCFA, INFO)

line 15475: Dead code detected: tmp___2 = get_current(); (CFACreationUtils.addEdgeToCFA, INFO)

line 15484: Dead code detected: switch (8UL) {
    case 1UL:
    tmp___0 = get_current();
    __asm__ volatile ("xchgb %b0, %1\n": "+q" (__ret), "+m" (tmp___0->state): : "memory",
                         "cc");
    goto ldv_39215;
    case 2UL:
    tmp___1 = get_current();
    __asm__ volatile ("xchgw %w0, %1\n": "+r" (__ret), "+m" (tmp___1->state): : "memory",
                         "cc");
    goto ldv_39215;
    case 4UL:
    tmp___2 = get_current();
    __asm__ volatile ("xchgl %0, %1\n": "+r" (__ret), "+m" (tmp___2->state): : "memory",
                         "cc");
    goto ldv_39215;
    case 8UL:
    tmp___3 = get_current();
    __asm__ volatile ("xchgq %q0, %1\n": "+r" (__ret), "+m" (tmp___3->state): : "memory",
                         "cc");
    goto ldv_39215;
    default:
    __xchg_wrong_size();
    } (CFACreationUtils.addEdgeToCFA, INFO)

line 15558: Dead code detected: tmp___0 = get_current(); (CFACreationUtils.addEdgeToCFA, INFO)

line 15563: Dead code detected: tmp___1 = get_current(); (CFACreationUtils.addEdgeToCFA, INFO)

line 15568: Dead code detected: tmp___2 = get_current(); (CFACreationUtils.addEdgeToCFA, INFO)

line 15577: Dead code detected: switch (8UL) {
    case 1UL:
    tmp___0 = get_current();
    __asm__ volatile ("xchgb %b0, %1\n": "+q" (__ret), "+m" (tmp___0->state): : "memory",
                         "cc");
    goto ldv_39233;
    case 2UL:
    tmp___1 = get_current();
    __asm__ volatile ("xchgw %w0, %1\n": "+r" (__ret), "+m" (tmp___1->state): : "memory",
                         "cc");
    goto ldv_39233;
    case 4UL:
    tmp___2 = get_current();
    __asm__ volatile ("xchgl %0, %1\n": "+r" (__ret), "+m" (tmp___2->state): : "memory",
                         "cc");
    goto ldv_39233;
    case 8UL:
    tmp___3 = get_current();
    __asm__ volatile ("xchgq %q0, %1\n": "+r" (__ret), "+m" (tmp___3->state): : "memory",
                         "cc");
    goto ldv_39233;
    default:
    __xchg_wrong_size();
    } (CFACreationUtils.addEdgeToCFA, INFO)

line 15661: Dead code detected: tmp___0 = get_current(); (CFACreationUtils.addEdgeToCFA, INFO)

line 15666: Dead code detected: tmp___1 = get_current(); (CFACreationUtils.addEdgeToCFA, INFO)

line 15671: Dead code detected: tmp___2 = get_current(); (CFACreationUtils.addEdgeToCFA, INFO)

line 15680: Dead code detected: switch (8UL) {
    case 1UL:
    tmp___0 = get_current();
    __asm__ volatile ("xchgb %b0, %1\n": "+q" (__ret), "+m" (tmp___0->state): : "memory",
                         "cc");
    goto ldv_39257;
    case 2UL:
    tmp___1 = get_current();
    __asm__ volatile ("xchgw %w0, %1\n": "+r" (__ret), "+m" (tmp___1->state): : "memory",
                         "cc");
    goto ldv_39257;
    case 4UL:
    tmp___2 = get_current();
    __asm__ volatile ("xchgl %0, %1\n": "+r" (__ret), "+m" (tmp___2->state): : "memory",
                         "cc");
    goto ldv_39257;
    case 8UL:
    tmp___3 = get_current();
    __asm__ volatile ("xchgq %q0, %1\n": "+r" (__ret), "+m" (tmp___3->state): : "memory",
                         "cc");
    goto ldv_39257;
    default:
    __xchg_wrong_size();
    } (CFACreationUtils.addEdgeToCFA, INFO)

line 15764: Dead code detected: tmp___0 = get_current(); (CFACreationUtils.addEdgeToCFA, INFO)

line 15769: Dead code detected: tmp___1 = get_current(); (CFACreationUtils.addEdgeToCFA, INFO)

line 15774: Dead code detected: tmp___2 = get_current(); (CFACreationUtils.addEdgeToCFA, INFO)

line 15783: Dead code detected: switch (8UL) {
    case 1UL:
    tmp___0 = get_current();
    __asm__ volatile ("xchgb %b0, %1\n": "+q" (__ret), "+m" (tmp___0->state): : "memory",
                         "cc");
    goto ldv_39281;
    case 2UL:
    tmp___1 = get_current();
    __asm__ volatile ("xchgw %w0, %1\n": "+r" (__ret), "+m" (tmp___1->state): : "memory",
                         "cc");
    goto ldv_39281;
    case 4UL:
    tmp___2 = get_current();
    __asm__ volatile ("xchgl %0, %1\n": "+r" (__ret), "+m" (tmp___2->state): : "memory",
                         "cc");
    goto ldv_39281;
    case 8UL:
    tmp___3 = get_current();
    __asm__ volatile ("xchgq %q0, %1\n": "+r" (__ret), "+m" (tmp___3->state): : "memory",
                         "cc");
    goto ldv_39281;
    default:
    __xchg_wrong_size();
    } (CFACreationUtils.addEdgeToCFA, INFO)

line 15894: Dead code detected: tmp___0 = get_current(); (CFACreationUtils.addEdgeToCFA, INFO)

line 15899: Dead code detected: tmp___1 = get_current(); (CFACreationUtils.addEdgeToCFA, INFO)

line 15904: Dead code detected: tmp___2 = get_current(); (CFACreationUtils.addEdgeToCFA, INFO)

line 15913: Dead code detected: switch (8UL) {
    case 1UL:
    tmp___0 = get_current();
    __asm__ volatile ("xchgb %b0, %1\n": "+q" (__ret), "+m" (tmp___0->state): : "memory",
                         "cc");
    goto ldv_39307;
    case 2UL:
    tmp___1 = get_current();
    __asm__ volatile ("xchgw %w0, %1\n": "+r" (__ret), "+m" (tmp___1->state): : "memory",
                         "cc");
    goto ldv_39307;
    case 4UL:
    tmp___2 = get_current();
    __asm__ volatile ("xchgl %0, %1\n": "+r" (__ret), "+m" (tmp___2->state): : "memory",
                         "cc");
    goto ldv_39307;
    case 8UL:
    tmp___3 = get_current();
    __asm__ volatile ("xchgq %q0, %1\n": "+r" (__ret), "+m" (tmp___3->state): : "memory",
                         "cc");
    goto ldv_39307;
    default:
    __xchg_wrong_size();
    } (CFACreationUtils.addEdgeToCFA, INFO)

line 15969: Dead code detected: tmp___8 = get_current(); (CFACreationUtils.addEdgeToCFA, INFO)

line 15974: Dead code detected: tmp___9 = get_current(); (CFACreationUtils.addEdgeToCFA, INFO)

line 15979: Dead code detected: tmp___10 = get_current(); (CFACreationUtils.addEdgeToCFA, INFO)

line 15988: Dead code detected: switch (8UL) {
    case 1UL:
    tmp___8 = get_current();
    __asm__ volatile ("xchgb %b0, %1\n": "+q" (__ret___0), "+m" (tmp___8->state): : "memory",
                         "cc");
    goto ldv_39319;
    case 2UL:
    tmp___9 = get_current();
    __asm__ volatile ("xchgw %w0, %1\n": "+r" (__ret___0), "+m" (tmp___9->state): : "memory",
                         "cc");
    goto ldv_39319;
    case 4UL:
    tmp___10 = get_current();
    __asm__ volatile ("xchgl %0, %1\n": "+r" (__ret___0), "+m" (tmp___10->state): : "memory",
                         "cc");
    goto ldv_39319;
    case 8UL:
    tmp___11 = get_current();
    __asm__ volatile ("xchgq %q0, %1\n": "+r" (__ret___0), "+m" (tmp___11->state): : "memory",
                         "cc");
    goto ldv_39319;
    default:
    __xchg_wrong_size();
    } (CFACreationUtils.addEdgeToCFA, INFO)

line 16014: Dead code detected: tmp___13 = get_current(); (CFACreationUtils.addEdgeToCFA, INFO)

line 16019: Dead code detected: tmp___14 = get_current(); (CFACreationUtils.addEdgeToCFA, INFO)

line 16024: Dead code detected: tmp___15 = get_current(); (CFACreationUtils.addEdgeToCFA, INFO)

line 16033: Dead code detected: switch (8UL) {
    case 1UL:
    tmp___13 = get_current();
    __asm__ volatile ("xchgb %b0, %1\n": "+q" (__ret___1), "+m" (tmp___13->state): : "memory",
                         "cc");
    goto ldv_39327;
    case 2UL:
    tmp___14 = get_current();
    __asm__ volatile ("xchgw %w0, %1\n": "+r" (__ret___1), "+m" (tmp___14->state): : "memory",
                         "cc");
    goto ldv_39327;
    case 4UL:
    tmp___15 = get_current();
    __asm__ volatile ("xchgl %0, %1\n": "+r" (__ret___1), "+m" (tmp___15->state): : "memory",
                         "cc");
    goto ldv_39327;
    case 8UL:
    tmp___16 = get_current();
    __asm__ volatile ("xchgq %q0, %1\n": "+r" (__ret___1), "+m" (tmp___16->state): : "memory",
                         "cc");
    goto ldv_39327;
    default:
    __xchg_wrong_size();
    } (CFACreationUtils.addEdgeToCFA, INFO)

line 16053: Dead code detected: tmp___18 = get_current(); (CFACreationUtils.addEdgeToCFA, INFO)

line 16058: Dead code detected: tmp___19 = get_current(); (CFACreationUtils.addEdgeToCFA, INFO)

line 16063: Dead code detected: tmp___20 = get_current(); (CFACreationUtils.addEdgeToCFA, INFO)

line 16072: Dead code detected: switch (8UL) {
  case 1UL:
  tmp___18 = get_current();
  __asm__ volatile ("xchgb %b0, %1\n": "+q" (__ret___2), "+m" (tmp___18->state): : "memory",
                       "cc");
  goto ldv_39335;
  case 2UL:
  tmp___19 = get_current();
  __asm__ volatile ("xchgw %w0, %1\n": "+r" (__ret___2), "+m" (tmp___19->state): : "memory",
                       "cc");
  goto ldv_39335;
  case 4UL:
  tmp___20 = get_current();
  __asm__ volatile ("xchgl %0, %1\n": "+r" (__ret___2), "+m" (tmp___20->state): : "memory",
                       "cc");
  goto ldv_39335;
  case 8UL:
  tmp___21 = get_current();
  __asm__ volatile ("xchgq %q0, %1\n": "+r" (__ret___2), "+m" (tmp___21->state): : "memory",
                       "cc");
  goto ldv_39335;
  default:
  __xchg_wrong_size();
  } (CFACreationUtils.addEdgeToCFA, INFO)

line 16117: Dead code detected: tmp___23 = get_current(); (CFACreationUtils.addEdgeToCFA, INFO)

line 16122: Dead code detected: tmp___24 = get_current(); (CFACreationUtils.addEdgeToCFA, INFO)

line 16127: Dead code detected: tmp___25 = get_current(); (CFACreationUtils.addEdgeToCFA, INFO)

line 16136: Dead code detected: switch (8UL) {
    case 1UL:
    tmp___23 = get_current();
    __asm__ volatile ("xchgb %b0, %1\n": "+q" (__ret___3), "+m" (tmp___23->state): : "memory",
                         "cc");
    goto ldv_39347;
    case 2UL:
    tmp___24 = get_current();
    __asm__ volatile ("xchgw %w0, %1\n": "+r" (__ret___3), "+m" (tmp___24->state): : "memory",
                         "cc");
    goto ldv_39347;
    case 4UL:
    tmp___25 = get_current();
    __asm__ volatile ("xchgl %0, %1\n": "+r" (__ret___3), "+m" (tmp___25->state): : "memory",
                         "cc");
    goto ldv_39347;
    case 8UL:
    tmp___26 = get_current();
    __asm__ volatile ("xchgq %q0, %1\n": "+r" (__ret___3), "+m" (tmp___26->state): : "memory",
                         "cc");
    goto ldv_39347;
    default:
    __xchg_wrong_size();
    } (CFACreationUtils.addEdgeToCFA, INFO)

line 16191: Dead code detected: tmp___0 = get_current(); (CFACreationUtils.addEdgeToCFA, INFO)

line 16196: Dead code detected: tmp___1 = get_current(); (CFACreationUtils.addEdgeToCFA, INFO)

line 16201: Dead code detected: tmp___2 = get_current(); (CFACreationUtils.addEdgeToCFA, INFO)

line 16210: Dead code detected: switch (8UL) {
    case 1UL:
    tmp___0 = get_current();
    __asm__ volatile ("xchgb %b0, %1\n": "+q" (__ret), "+m" (tmp___0->state): : "memory",
                         "cc");
    goto ldv_39365;
    case 2UL:
    tmp___1 = get_current();
    __asm__ volatile ("xchgw %w0, %1\n": "+r" (__ret), "+m" (tmp___1->state): : "memory",
                         "cc");
    goto ldv_39365;
    case 4UL:
    tmp___2 = get_current();
    __asm__ volatile ("xchgl %0, %1\n": "+r" (__ret), "+m" (tmp___2->state): : "memory",
                         "cc");
    goto ldv_39365;
    case 8UL:
    tmp___3 = get_current();
    __asm__ volatile ("xchgq %q0, %1\n": "+r" (__ret), "+m" (tmp___3->state): : "memory",
                         "cc");
    goto ldv_39365;
    default:
    __xchg_wrong_size();
    } (CFACreationUtils.addEdgeToCFA, INFO)

line 16306: Dead code detected: tmp___0 = get_current(); (CFACreationUtils.addEdgeToCFA, INFO)

line 16311: Dead code detected: tmp___1 = get_current(); (CFACreationUtils.addEdgeToCFA, INFO)

line 16316: Dead code detected: tmp___2 = get_current(); (CFACreationUtils.addEdgeToCFA, INFO)

line 16325: Dead code detected: switch (8UL) {
    case 1UL:
    tmp___0 = get_current();
    __asm__ volatile ("xchgb %b0, %1\n": "+q" (__ret), "+m" (tmp___0->state): : "memory",
                         "cc");
    goto ldv_39388;
    case 2UL:
    tmp___1 = get_current();
    __asm__ volatile ("xchgw %w0, %1\n": "+r" (__ret), "+m" (tmp___1->state): : "memory",
                         "cc");
    goto ldv_39388;
    case 4UL:
    tmp___2 = get_current();
    __asm__ volatile ("xchgl %0, %1\n": "+r" (__ret), "+m" (tmp___2->state): : "memory",
                         "cc");
    goto ldv_39388;
    case 8UL:
    tmp___3 = get_current();
    __asm__ volatile ("xchgq %q0, %1\n": "+r" (__ret), "+m" (tmp___3->state): : "memory",
                         "cc");
    goto ldv_39388;
    default:
    __xchg_wrong_size();
    } (CFACreationUtils.addEdgeToCFA, INFO)

line 16672: Dead code detected: tmp___0 = get_current(); (CFACreationUtils.addEdgeToCFA, INFO)

line 16677: Dead code detected: tmp___1 = get_current(); (CFACreationUtils.addEdgeToCFA, INFO)

line 16682: Dead code detected: tmp___2 = get_current(); (CFACreationUtils.addEdgeToCFA, INFO)

line 16691: Dead code detected: switch (8UL) {
    case 1UL:
    tmp___0 = get_current();
    __asm__ volatile ("xchgb %b0, %1\n": "+q" (__ret), "+m" (tmp___0->state): : "memory",
                         "cc");
    goto ldv_39457;
    case 2UL:
    tmp___1 = get_current();
    __asm__ volatile ("xchgw %w0, %1\n": "+r" (__ret), "+m" (tmp___1->state): : "memory",
                         "cc");
    goto ldv_39457;
    case 4UL:
    tmp___2 = get_current();
    __asm__ volatile ("xchgl %0, %1\n": "+r" (__ret), "+m" (tmp___2->state): : "memory",
                         "cc");
    goto ldv_39457;
    case 8UL:
    tmp___3 = get_current();
    __asm__ volatile ("xchgq %q0, %1\n": "+r" (__ret), "+m" (tmp___3->state): : "memory",
                         "cc");
    goto ldv_39457;
    default:
    __xchg_wrong_size();
    } (CFACreationUtils.addEdgeToCFA, INFO)

line 16832: Dead code detected: tmp___1 = get_current(); (CFACreationUtils.addEdgeToCFA, INFO)

line 16837: Dead code detected: tmp___2 = get_current(); (CFACreationUtils.addEdgeToCFA, INFO)

line 16842: Dead code detected: tmp___3 = get_current(); (CFACreationUtils.addEdgeToCFA, INFO)

line 16851: Dead code detected: switch (8UL) {
    case 1UL:
    tmp___1 = get_current();
    __asm__ volatile ("xchgb %b0, %1\n": "+q" (__ret), "+m" (tmp___1->state): : "memory",
                         "cc");
    goto ldv_39502;
    case 2UL:
    tmp___2 = get_current();
    __asm__ volatile ("xchgw %w0, %1\n": "+r" (__ret), "+m" (tmp___2->state): : "memory",
                         "cc");
    goto ldv_39502;
    case 4UL:
    tmp___3 = get_current();
    __asm__ volatile ("xchgl %0, %1\n": "+r" (__ret), "+m" (tmp___3->state): : "memory",
                         "cc");
    goto ldv_39502;
    case 8UL:
    tmp___4 = get_current();
    __asm__ volatile ("xchgq %q0, %1\n": "+r" (__ret), "+m" (tmp___4->state): : "memory",
                         "cc");
    goto ldv_39502;
    default:
    __xchg_wrong_size();
    } (CFACreationUtils.addEdgeToCFA, INFO)

line 17094: Dead code detected: tmp___0 = get_current(); (CFACreationUtils.addEdgeToCFA, INFO)

line 17099: Dead code detected: tmp___1 = get_current(); (CFACreationUtils.addEdgeToCFA, INFO)

line 17104: Dead code detected: tmp___2 = get_current(); (CFACreationUtils.addEdgeToCFA, INFO)

line 17113: Dead code detected: switch (8UL) {
    case 1UL:
    tmp___0 = get_current();
    __asm__ volatile ("xchgb %b0, %1\n": "+q" (__ret), "+m" (tmp___0->state): : "memory",
                         "cc");
    goto ldv_39533;
    case 2UL:
    tmp___1 = get_current();
    __asm__ volatile ("xchgw %w0, %1\n": "+r" (__ret), "+m" (tmp___1->state): : "memory",
                         "cc");
    goto ldv_39533;
    case 4UL:
    tmp___2 = get_current();
    __asm__ volatile ("xchgl %0, %1\n": "+r" (__ret), "+m" (tmp___2->state): : "memory",
                         "cc");
    goto ldv_39533;
    case 8UL:
    tmp___3 = get_current();
    __asm__ volatile ("xchgq %q0, %1\n": "+r" (__ret), "+m" (tmp___3->state): : "memory",
                         "cc");
    goto ldv_39533;
    default:
    __xchg_wrong_size();
    } (CFACreationUtils.addEdgeToCFA, INFO)

line 17199: Dead code detected: tmp___0 = get_current(); (CFACreationUtils.addEdgeToCFA, INFO)

line 17204: Dead code detected: tmp___1 = get_current(); (CFACreationUtils.addEdgeToCFA, INFO)

line 17209: Dead code detected: tmp___2 = get_current(); (CFACreationUtils.addEdgeToCFA, INFO)

line 17218: Dead code detected: switch (8UL) {
    case 1UL:
    tmp___0 = get_current();
    __asm__ volatile ("xchgb %b0, %1\n": "+q" (__ret), "+m" (tmp___0->state): : "memory",
                         "cc");
    goto ldv_39558;
    case 2UL:
    tmp___1 = get_current();
    __asm__ volatile ("xchgw %w0, %1\n": "+r" (__ret), "+m" (tmp___1->state): : "memory",
                         "cc");
    goto ldv_39558;
    case 4UL:
    tmp___2 = get_current();
    __asm__ volatile ("xchgl %0, %1\n": "+r" (__ret), "+m" (tmp___2->state): : "memory",
                         "cc");
    goto ldv_39558;
    case 8UL:
    tmp___3 = get_current();
    __asm__ volatile ("xchgq %q0, %1\n": "+r" (__ret), "+m" (tmp___3->state): : "memory",
                         "cc");
    goto ldv_39558;
    default:
    __xchg_wrong_size();
    } (CFACreationUtils.addEdgeToCFA, INFO)

line 17369: Dead code detected: tmp___0 = get_current(); (CFACreationUtils.addEdgeToCFA, INFO)

line 17374: Dead code detected: tmp___1 = get_current(); (CFACreationUtils.addEdgeToCFA, INFO)

line 17379: Dead code detected: tmp___2 = get_current(); (CFACreationUtils.addEdgeToCFA, INFO)

line 17388: Dead code detected: switch (8UL) {
    case 1UL:
    tmp___0 = get_current();
    __asm__ volatile ("xchgb %b0, %1\n": "+q" (__ret), "+m" (tmp___0->state): : "memory",
                         "cc");
    goto ldv_39581;
    case 2UL:
    tmp___1 = get_current();
    __asm__ volatile ("xchgw %w0, %1\n": "+r" (__ret), "+m" (tmp___1->state): : "memory",
                         "cc");
    goto ldv_39581;
    case 4UL:
    tmp___2 = get_current();
    __asm__ volatile ("xchgl %0, %1\n": "+r" (__ret), "+m" (tmp___2->state): : "memory",
                         "cc");
    goto ldv_39581;
    case 8UL:
    tmp___3 = get_current();
    __asm__ volatile ("xchgq %q0, %1\n": "+r" (__ret), "+m" (tmp___3->state): : "memory",
                         "cc");
    goto ldv_39581;
    default:
    __xchg_wrong_size();
    } (CFACreationUtils.addEdgeToCFA, INFO)

line 18347: Dead code detected: tmp___0 = get_current(); (CFACreationUtils.addEdgeToCFA, INFO)

line 18352: Dead code detected: tmp___1 = get_current(); (CFACreationUtils.addEdgeToCFA, INFO)

line 18357: Dead code detected: tmp___2 = get_current(); (CFACreationUtils.addEdgeToCFA, INFO)

line 18366: Dead code detected: switch (8UL) {
    case 1UL:
    tmp___0 = get_current();
    __asm__ volatile ("xchgb %b0, %1\n": "+q" (__ret), "+m" (tmp___0->state): : "memory",
                         "cc");
    goto ldv_38416;
    case 2UL:
    tmp___1 = get_current();
    __asm__ volatile ("xchgw %w0, %1\n": "+r" (__ret), "+m" (tmp___1->state): : "memory",
                         "cc");
    goto ldv_38416;
    case 4UL:
    tmp___2 = get_current();
    __asm__ volatile ("xchgl %0, %1\n": "+r" (__ret), "+m" (tmp___2->state): : "memory",
                         "cc");
    goto ldv_38416;
    case 8UL:
    tmp___3 = get_current();
    __asm__ volatile ("xchgq %q0, %1\n": "+r" (__ret), "+m" (tmp___3->state): : "memory",
                         "cc");
    goto ldv_38416;
    default:
    __xchg_wrong_size();
    } (CFACreationUtils.addEdgeToCFA, INFO)

line 18382: Dead code detected: tmp___5 = get_current(); (CFACreationUtils.addEdgeToCFA, INFO)

line 18387: Dead code detected: tmp___6 = get_current(); (CFACreationUtils.addEdgeToCFA, INFO)

line 18392: Dead code detected: tmp___7 = get_current(); (CFACreationUtils.addEdgeToCFA, INFO)

line 18401: Dead code detected: switch (8UL) {
    case 1UL:
    tmp___5 = get_current();
    __asm__ volatile ("xchgb %b0, %1\n": "+q" (__ret___0), "+m" (tmp___5->state): : "memory",
                         "cc");
    goto ldv_38424;
    case 2UL:
    tmp___6 = get_current();
    __asm__ volatile ("xchgw %w0, %1\n": "+r" (__ret___0), "+m" (tmp___6->state): : "memory",
                         "cc");
    goto ldv_38424;
    case 4UL:
    tmp___7 = get_current();
    __asm__ volatile ("xchgl %0, %1\n": "+r" (__ret___0), "+m" (tmp___7->state): : "memory",
                         "cc");
    goto ldv_38424;
    case 8UL:
    tmp___8 = get_current();
    __asm__ volatile ("xchgq %q0, %1\n": "+r" (__ret___0), "+m" (tmp___8->state): : "memory",
                         "cc");
    goto ldv_38424;
    default:
    __xchg_wrong_size();
    } (CFACreationUtils.addEdgeToCFA, INFO)

line 18417: Dead code detected: tmp___10 = get_current(); (CFACreationUtils.addEdgeToCFA, INFO)

line 18422: Dead code detected: tmp___11 = get_current(); (CFACreationUtils.addEdgeToCFA, INFO)

line 18427: Dead code detected: tmp___12 = get_current(); (CFACreationUtils.addEdgeToCFA, INFO)

line 18436: Dead code detected: switch (8UL) {
    case 1UL:
    tmp___10 = get_current();
    __asm__ volatile ("xchgb %b0, %1\n": "+q" (__ret___1), "+m" (tmp___10->state): : "memory",
                         "cc");
    goto ldv_38432;
    case 2UL:
    tmp___11 = get_current();
    __asm__ volatile ("xchgw %w0, %1\n": "+r" (__ret___1), "+m" (tmp___11->state): : "memory",
                         "cc");
    goto ldv_38432;
    case 4UL:
    tmp___12 = get_current();
    __asm__ volatile ("xchgl %0, %1\n": "+r" (__ret___1), "+m" (tmp___12->state): : "memory",
                         "cc");
    goto ldv_38432;
    case 8UL:
    tmp___13 = get_current();
    __asm__ volatile ("xchgq %q0, %1\n": "+r" (__ret___1), "+m" (tmp___13->state): : "memory",
                         "cc");
    goto ldv_38432;
    default:
    __xchg_wrong_size();
    } (CFACreationUtils.addEdgeToCFA, INFO)

line 19223: Dereferencing of non-pointer type card_rw_func  in expression *(chip->rw_card[lun]) (ASTConverter.convert, WARNING)

line 19915: Dead code detected: tmp___7 = get_current(); (CFACreationUtils.addEdgeToCFA, INFO)

line 19920: Dead code detected: tmp___8 = get_current(); (CFACreationUtils.addEdgeToCFA, INFO)

line 19925: Dead code detected: tmp___9 = get_current(); (CFACreationUtils.addEdgeToCFA, INFO)

line 19934: Dead code detected: switch (8UL) {
        case 1UL:
        tmp___7 = get_current();
        __asm__ volatile ("xchgb %b0, %1\n": "+q" (__ret), "+m" (tmp___7->state): : "memory",
                             "cc");
        goto ldv_38367;
        case 2UL:
        tmp___8 = get_current();
        __asm__ volatile ("xchgw %w0, %1\n": "+r" (__ret), "+m" (tmp___8->state): : "memory",
                             "cc");
        goto ldv_38367;
        case 4UL:
        tmp___9 = get_current();
        __asm__ volatile ("xchgl %0, %1\n": "+r" (__ret), "+m" (tmp___9->state): : "memory",
                             "cc");
        goto ldv_38367;
        case 8UL:
        tmp___10 = get_current();
        __asm__ volatile ("xchgq %q0, %1\n": "+r" (__ret), "+m" (tmp___10->state): : "memory",
                             "cc");
        goto ldv_38367;
        default:
        __xchg_wrong_size();
        } (CFACreationUtils.addEdgeToCFA, INFO)

line 20756: Dead code detected: tmp___0 = get_current(); (CFACreationUtils.addEdgeToCFA, INFO)

line 20761: Dead code detected: tmp___1 = get_current(); (CFACreationUtils.addEdgeToCFA, INFO)

line 20766: Dead code detected: tmp___2 = get_current(); (CFACreationUtils.addEdgeToCFA, INFO)

line 20775: Dead code detected: switch (8UL) {
  case 1UL:
  tmp___0 = get_current();
  __asm__ volatile ("xchgb %b0, %1\n": "+q" (__ret), "+m" (tmp___0->state): : "memory",
                       "cc");
  goto ldv_38509;
  case 2UL:
  tmp___1 = get_current();
  __asm__ volatile ("xchgw %w0, %1\n": "+r" (__ret), "+m" (tmp___1->state): : "memory",
                       "cc");
  goto ldv_38509;
  case 4UL:
  tmp___2 = get_current();
  __asm__ volatile ("xchgl %0, %1\n": "+r" (__ret), "+m" (tmp___2->state): : "memory",
                       "cc");
  goto ldv_38509;
  case 8UL:
  tmp___3 = get_current();
  __asm__ volatile ("xchgq %q0, %1\n": "+r" (__ret), "+m" (tmp___3->state): : "memory",
                       "cc");
  goto ldv_38509;
  default:
  __xchg_wrong_size();
  } (CFACreationUtils.addEdgeToCFA, INFO)

line 20792: Dead code detected: tmp___5 = get_current(); (CFACreationUtils.addEdgeToCFA, INFO)

line 20797: Dead code detected: tmp___6 = get_current(); (CFACreationUtils.addEdgeToCFA, INFO)

line 20802: Dead code detected: tmp___7 = get_current(); (CFACreationUtils.addEdgeToCFA, INFO)

line 20811: Dead code detected: switch (8UL) {
  case 1UL:
  tmp___5 = get_current();
  __asm__ volatile ("xchgb %b0, %1\n": "+q" (__ret___0), "+m" (tmp___5->state): : "memory",
                       "cc");
  goto ldv_38517;
  case 2UL:
  tmp___6 = get_current();
  __asm__ volatile ("xchgw %w0, %1\n": "+r" (__ret___0), "+m" (tmp___6->state): : "memory",
                       "cc");
  goto ldv_38517;
  case 4UL:
  tmp___7 = get_current();
  __asm__ volatile ("xchgl %0, %1\n": "+r" (__ret___0), "+m" (tmp___7->state): : "memory",
                       "cc");
  goto ldv_38517;
  case 8UL:
  tmp___8 = get_current();
  __asm__ volatile ("xchgq %q0, %1\n": "+r" (__ret___0), "+m" (tmp___8->state): : "memory",
                       "cc");
  goto ldv_38517;
  default:
  __xchg_wrong_size();
  } (CFACreationUtils.addEdgeToCFA, INFO)

line 21142: Dead code detected: tmp___11 = get_current(); (CFACreationUtils.addEdgeToCFA, INFO)

line 21147: Dead code detected: tmp___12 = get_current(); (CFACreationUtils.addEdgeToCFA, INFO)

line 21152: Dead code detected: tmp___13 = get_current(); (CFACreationUtils.addEdgeToCFA, INFO)

line 21161: Dead code detected: switch (8UL) {
  case 1UL:
  tmp___11 = get_current();
  __asm__ volatile ("xchgb %b0, %1\n": "+q" (__ret), "+m" (tmp___11->state): : "memory",
                       "cc");
  goto ldv_38550;
  case 2UL:
  tmp___12 = get_current();
  __asm__ volatile ("xchgw %w0, %1\n": "+r" (__ret), "+m" (tmp___12->state): : "memory",
                       "cc");
  goto ldv_38550;
  case 4UL:
  tmp___13 = get_current();
  __asm__ volatile ("xchgl %0, %1\n": "+r" (__ret), "+m" (tmp___13->state): : "memory",
                       "cc");
  goto ldv_38550;
  case 8UL:
  tmp___14 = get_current();
  __asm__ volatile ("xchgq %q0, %1\n": "+r" (__ret), "+m" (tmp___14->state): : "memory",
                       "cc");
  goto ldv_38550;
  default:
  __xchg_wrong_size();
  } (CFACreationUtils.addEdgeToCFA, INFO)

line 21619: Dead code detected: tmp___3 = get_current(); (CFACreationUtils.addEdgeToCFA, INFO)

line 21624: Dead code detected: tmp___4 = get_current(); (CFACreationUtils.addEdgeToCFA, INFO)

line 21629: Dead code detected: tmp___5 = get_current(); (CFACreationUtils.addEdgeToCFA, INFO)

line 21638: Dead code detected: switch (8UL) {
  case 1UL:
  tmp___3 = get_current();
  __asm__ volatile ("xchgb %b0, %1\n": "+q" (__ret), "+m" (tmp___3->state): : "memory",
                       "cc");
  goto ldv_38634;
  case 2UL:
  tmp___4 = get_current();
  __asm__ volatile ("xchgw %w0, %1\n": "+r" (__ret), "+m" (tmp___4->state): : "memory",
                       "cc");
  goto ldv_38634;
  case 4UL:
  tmp___5 = get_current();
  __asm__ volatile ("xchgl %0, %1\n": "+r" (__ret), "+m" (tmp___5->state): : "memory",
                       "cc");
  goto ldv_38634;
  case 8UL:
  tmp___6 = get_current();
  __asm__ volatile ("xchgq %q0, %1\n": "+r" (__ret), "+m" (tmp___6->state): : "memory",
                       "cc");
  goto ldv_38634;
  default:
  __xchg_wrong_size();
  } (CFACreationUtils.addEdgeToCFA, INFO)

line 23145: Dead code detected: tmp___0 = get_current(); (CFACreationUtils.addEdgeToCFA, INFO)

line 23150: Dead code detected: tmp___1 = get_current(); (CFACreationUtils.addEdgeToCFA, INFO)

line 23155: Dead code detected: tmp___2 = get_current(); (CFACreationUtils.addEdgeToCFA, INFO)

line 23164: Dead code detected: switch (8UL) {
    case 1UL:
    tmp___0 = get_current();
    __asm__ volatile ("xchgb %b0, %1\n": "+q" (__ret), "+m" (tmp___0->state): : "memory",
                         "cc");
    goto ldv_38873;
    case 2UL:
    tmp___1 = get_current();
    __asm__ volatile ("xchgw %w0, %1\n": "+r" (__ret), "+m" (tmp___1->state): : "memory",
                         "cc");
    goto ldv_38873;
    case 4UL:
    tmp___2 = get_current();
    __asm__ volatile ("xchgl %0, %1\n": "+r" (__ret), "+m" (tmp___2->state): : "memory",
                         "cc");
    goto ldv_38873;
    case 8UL:
    tmp___3 = get_current();
    __asm__ volatile ("xchgq %q0, %1\n": "+r" (__ret), "+m" (tmp___3->state): : "memory",
                         "cc");
    goto ldv_38873;
    default:
    __xchg_wrong_size();
    } (CFACreationUtils.addEdgeToCFA, INFO)

line 23208: Dead code detected: tmp___5 = get_current(); (CFACreationUtils.addEdgeToCFA, INFO)

line 23213: Dead code detected: tmp___6 = get_current(); (CFACreationUtils.addEdgeToCFA, INFO)

line 23218: Dead code detected: tmp___7 = get_current(); (CFACreationUtils.addEdgeToCFA, INFO)

line 23227: Dead code detected: switch (8UL) {
    case 1UL:
    tmp___5 = get_current();
    __asm__ volatile ("xchgb %b0, %1\n": "+q" (__ret___0), "+m" (tmp___5->state): : "memory",
                         "cc");
    goto ldv_38881;
    case 2UL:
    tmp___6 = get_current();
    __asm__ volatile ("xchgw %w0, %1\n": "+r" (__ret___0), "+m" (tmp___6->state): : "memory",
                         "cc");
    goto ldv_38881;
    case 4UL:
    tmp___7 = get_current();
    __asm__ volatile ("xchgl %0, %1\n": "+r" (__ret___0), "+m" (tmp___7->state): : "memory",
                         "cc");
    goto ldv_38881;
    case 8UL:
    tmp___8 = get_current();
    __asm__ volatile ("xchgq %q0, %1\n": "+r" (__ret___0), "+m" (tmp___8->state): : "memory",
                         "cc");
    goto ldv_38881;
    default:
    __xchg_wrong_size();
    } (CFACreationUtils.addEdgeToCFA, INFO)

line 23285: Dead code detected: tmp___0 = get_current(); (CFACreationUtils.addEdgeToCFA, INFO)

line 23290: Dead code detected: tmp___1 = get_current(); (CFACreationUtils.addEdgeToCFA, INFO)

line 23295: Dead code detected: tmp___2 = get_current(); (CFACreationUtils.addEdgeToCFA, INFO)

line 23304: Dead code detected: switch (8UL) {
  case 1UL:
  tmp___0 = get_current();
  __asm__ volatile ("xchgb %b0, %1\n": "+q" (__ret), "+m" (tmp___0->state): : "memory",
                       "cc");
  goto ldv_38895;
  case 2UL:
  tmp___1 = get_current();
  __asm__ volatile ("xchgw %w0, %1\n": "+r" (__ret), "+m" (tmp___1->state): : "memory",
                       "cc");
  goto ldv_38895;
  case 4UL:
  tmp___2 = get_current();
  __asm__ volatile ("xchgl %0, %1\n": "+r" (__ret), "+m" (tmp___2->state): : "memory",
                       "cc");
  goto ldv_38895;
  case 8UL:
  tmp___3 = get_current();
  __asm__ volatile ("xchgq %q0, %1\n": "+r" (__ret), "+m" (tmp___3->state): : "memory",
                       "cc");
  goto ldv_38895;
  default:
  __xchg_wrong_size();
  } (CFACreationUtils.addEdgeToCFA, INFO)

line 23602: Dead code detected: tmp___5 = get_current(); (CFACreationUtils.addEdgeToCFA, INFO)

line 23607: Dead code detected: tmp___6 = get_current(); (CFACreationUtils.addEdgeToCFA, INFO)

line 23612: Dead code detected: tmp___7 = get_current(); (CFACreationUtils.addEdgeToCFA, INFO)

line 23621: Dead code detected: switch (8UL) {
  case 1UL:
  tmp___5 = get_current();
  __asm__ volatile ("xchgb %b0, %1\n": "+q" (__ret), "+m" (tmp___5->state): : "memory",
                       "cc");
  goto ldv_38951;
  case 2UL:
  tmp___6 = get_current();
  __asm__ volatile ("xchgw %w0, %1\n": "+r" (__ret), "+m" (tmp___6->state): : "memory",
                       "cc");
  goto ldv_38951;
  case 4UL:
  tmp___7 = get_current();
  __asm__ volatile ("xchgl %0, %1\n": "+r" (__ret), "+m" (tmp___7->state): : "memory",
                       "cc");
  goto ldv_38951;
  case 8UL:
  tmp___8 = get_current();
  __asm__ volatile ("xchgq %q0, %1\n": "+r" (__ret), "+m" (tmp___8->state): : "memory",
                       "cc");
  goto ldv_38951;
  default:
  __xchg_wrong_size();
  } (CFACreationUtils.addEdgeToCFA, INFO)

line 23649: Dead code detected: tmp___10 = get_current(); (CFACreationUtils.addEdgeToCFA, INFO)

line 23654: Dead code detected: tmp___11 = get_current(); (CFACreationUtils.addEdgeToCFA, INFO)

line 23659: Dead code detected: tmp___12 = get_current(); (CFACreationUtils.addEdgeToCFA, INFO)

line 23668: Dead code detected: switch (8UL) {
    case 1UL:
    tmp___10 = get_current();
    __asm__ volatile ("xchgb %b0, %1\n": "+q" (__ret___0), "+m" (tmp___10->state): : "memory",
                         "cc");
    goto ldv_38959;
    case 2UL:
    tmp___11 = get_current();
    __asm__ volatile ("xchgw %w0, %1\n": "+r" (__ret___0), "+m" (tmp___11->state): : "memory",
                         "cc");
    goto ldv_38959;
    case 4UL:
    tmp___12 = get_current();
    __asm__ volatile ("xchgl %0, %1\n": "+r" (__ret___0), "+m" (tmp___12->state): : "memory",
                         "cc");
    goto ldv_38959;
    case 8UL:
    tmp___13 = get_current();
    __asm__ volatile ("xchgq %q0, %1\n": "+r" (__ret___0), "+m" (tmp___13->state): : "memory",
                         "cc");
    goto ldv_38959;
    default:
    __xchg_wrong_size();
    } (CFACreationUtils.addEdgeToCFA, INFO)

line 23714: Dead code detected: tmp___16 = get_current(); (CFACreationUtils.addEdgeToCFA, INFO)

line 23719: Dead code detected: tmp___17 = get_current(); (CFACreationUtils.addEdgeToCFA, INFO)

line 23724: Dead code detected: tmp___18 = get_current(); (CFACreationUtils.addEdgeToCFA, INFO)

line 23733: Dead code detected: switch (8UL) {
  case 1UL:
  tmp___16 = get_current();
  __asm__ volatile ("xchgb %b0, %1\n": "+q" (__ret___1), "+m" (tmp___16->state): : "memory",
                       "cc");
  goto ldv_38967;
  case 2UL:
  tmp___17 = get_current();
  __asm__ volatile ("xchgw %w0, %1\n": "+r" (__ret___1), "+m" (tmp___17->state): : "memory",
                       "cc");
  goto ldv_38967;
  case 4UL:
  tmp___18 = get_current();
  __asm__ volatile ("xchgl %0, %1\n": "+r" (__ret___1), "+m" (tmp___18->state): : "memory",
                       "cc");
  goto ldv_38967;
  case 8UL:
  tmp___19 = get_current();
  __asm__ volatile ("xchgq %q0, %1\n": "+r" (__ret___1), "+m" (tmp___19->state): : "memory",
                       "cc");
  goto ldv_38967;
  default:
  __xchg_wrong_size();
  } (CFACreationUtils.addEdgeToCFA, INFO)

line 24446: Dead code detected: tmp___3 = get_current(); (CFACreationUtils.addEdgeToCFA, INFO)

line 24451: Dead code detected: tmp___4 = get_current(); (CFACreationUtils.addEdgeToCFA, INFO)

line 24456: Dead code detected: tmp___5 = get_current(); (CFACreationUtils.addEdgeToCFA, INFO)

line 24465: Dead code detected: switch (8UL) {
  case 1UL:
  tmp___3 = get_current();
  __asm__ volatile ("xchgb %b0, %1\n": "+q" (__ret), "+m" (tmp___3->state): : "memory",
                       "cc");
  goto ldv_39029;
  case 2UL:
  tmp___4 = get_current();
  __asm__ volatile ("xchgw %w0, %1\n": "+r" (__ret), "+m" (tmp___4->state): : "memory",
                       "cc");
  goto ldv_39029;
  case 4UL:
  tmp___5 = get_current();
  __asm__ volatile ("xchgl %0, %1\n": "+r" (__ret), "+m" (tmp___5->state): : "memory",
                       "cc");
  goto ldv_39029;
  case 8UL:
  tmp___6 = get_current();
  __asm__ volatile ("xchgq %q0, %1\n": "+r" (__ret), "+m" (tmp___6->state): : "memory",
                       "cc");
  goto ldv_39029;
  default:
  __xchg_wrong_size();
  } (CFACreationUtils.addEdgeToCFA, INFO)

line 25476: Dead code detected: tmp___3 = get_current(); (CFACreationUtils.addEdgeToCFA, INFO)

line 25481: Dead code detected: tmp___4 = get_current(); (CFACreationUtils.addEdgeToCFA, INFO)

line 25486: Dead code detected: tmp___5 = get_current(); (CFACreationUtils.addEdgeToCFA, INFO)

line 25495: Dead code detected: switch (8UL) {
        case 1UL:
        tmp___3 = get_current();
        __asm__ volatile ("xchgb %b0, %1\n": "+q" (__ret), "+m" (tmp___3->state): : "memory",
                             "cc");
        goto ldv_39129;
        case 2UL:
        tmp___4 = get_current();
        __asm__ volatile ("xchgw %w0, %1\n": "+r" (__ret), "+m" (tmp___4->state): : "memory",
                             "cc");
        goto ldv_39129;
        case 4UL:
        tmp___5 = get_current();
        __asm__ volatile ("xchgl %0, %1\n": "+r" (__ret), "+m" (tmp___5->state): : "memory",
                             "cc");
        goto ldv_39129;
        case 8UL:
        tmp___6 = get_current();
        __asm__ volatile ("xchgq %q0, %1\n": "+r" (__ret), "+m" (tmp___6->state): : "memory",
                             "cc");
        goto ldv_39129;
        default:
        __xchg_wrong_size();
        } (CFACreationUtils.addEdgeToCFA, INFO)

line 26893: Dead code detected: tmp___0 = get_current(); (CFACreationUtils.addEdgeToCFA, INFO)

line 26898: Dead code detected: tmp___1 = get_current(); (CFACreationUtils.addEdgeToCFA, INFO)

line 26903: Dead code detected: tmp___2 = get_current(); (CFACreationUtils.addEdgeToCFA, INFO)

line 26912: Dead code detected: switch (8UL) {
    case 1UL:
    tmp___0 = get_current();
    __asm__ volatile ("xchgb %b0, %1\n": "+q" (__ret), "+m" (tmp___0->state): : "memory",
                         "cc");
    goto ldv_39305;
    case 2UL:
    tmp___1 = get_current();
    __asm__ volatile ("xchgw %w0, %1\n": "+r" (__ret), "+m" (tmp___1->state): : "memory",
                         "cc");
    goto ldv_39305;
    case 4UL:
    tmp___2 = get_current();
    __asm__ volatile ("xchgl %0, %1\n": "+r" (__ret), "+m" (tmp___2->state): : "memory",
                         "cc");
    goto ldv_39305;
    case 8UL:
    tmp___3 = get_current();
    __asm__ volatile ("xchgq %q0, %1\n": "+r" (__ret), "+m" (tmp___3->state): : "memory",
                         "cc");
    goto ldv_39305;
    default:
    __xchg_wrong_size();
    } (CFACreationUtils.addEdgeToCFA, INFO)

line 27659: Dead code detected: tmp___0 = get_current(); (CFACreationUtils.addEdgeToCFA, INFO)

line 27664: Dead code detected: tmp___1 = get_current(); (CFACreationUtils.addEdgeToCFA, INFO)

line 27669: Dead code detected: tmp___2 = get_current(); (CFACreationUtils.addEdgeToCFA, INFO)

line 27678: Dead code detected: switch (8UL) {
    case 1UL:
    tmp___0 = get_current();
    __asm__ volatile ("xchgb %b0, %1\n": "+q" (__ret), "+m" (tmp___0->state): : "memory",
                         "cc");
    goto ldv_38498;
    case 2UL:
    tmp___1 = get_current();
    __asm__ volatile ("xchgw %w0, %1\n": "+r" (__ret), "+m" (tmp___1->state): : "memory",
                         "cc");
    goto ldv_38498;
    case 4UL:
    tmp___2 = get_current();
    __asm__ volatile ("xchgl %0, %1\n": "+r" (__ret), "+m" (tmp___2->state): : "memory",
                         "cc");
    goto ldv_38498;
    case 8UL:
    tmp___3 = get_current();
    __asm__ volatile ("xchgq %q0, %1\n": "+r" (__ret), "+m" (tmp___3->state): : "memory",
                         "cc");
    goto ldv_38498;
    default:
    __xchg_wrong_size();
    } (CFACreationUtils.addEdgeToCFA, INFO)

line 27708: Dead code detected: tmp___5 = get_current(); (CFACreationUtils.addEdgeToCFA, INFO)

line 27713: Dead code detected: tmp___6 = get_current(); (CFACreationUtils.addEdgeToCFA, INFO)

line 27718: Dead code detected: tmp___7 = get_current(); (CFACreationUtils.addEdgeToCFA, INFO)

line 27727: Dead code detected: switch (8UL) {
    case 1UL:
    tmp___5 = get_current();
    __asm__ volatile ("xchgb %b0, %1\n": "+q" (__ret___0), "+m" (tmp___5->state): : "memory",
                         "cc");
    goto ldv_38506;
    case 2UL:
    tmp___6 = get_current();
    __asm__ volatile ("xchgw %w0, %1\n": "+r" (__ret___0), "+m" (tmp___6->state): : "memory",
                         "cc");
    goto ldv_38506;
    case 4UL:
    tmp___7 = get_current();
    __asm__ volatile ("xchgl %0, %1\n": "+r" (__ret___0), "+m" (tmp___7->state): : "memory",
                         "cc");
    goto ldv_38506;
    case 8UL:
    tmp___8 = get_current();
    __asm__ volatile ("xchgq %q0, %1\n": "+r" (__ret___0), "+m" (tmp___8->state): : "memory",
                         "cc");
    goto ldv_38506;
    default:
    __xchg_wrong_size();
    } (CFACreationUtils.addEdgeToCFA, INFO)

line 27777: Dead code detected: tmp___12 = get_current(); (CFACreationUtils.addEdgeToCFA, INFO)

line 27782: Dead code detected: tmp___13 = get_current(); (CFACreationUtils.addEdgeToCFA, INFO)

line 27787: Dead code detected: tmp___14 = get_current(); (CFACreationUtils.addEdgeToCFA, INFO)

line 27796: Dead code detected: switch (8UL) {
    case 1UL:
    tmp___12 = get_current();
    __asm__ volatile ("xchgb %b0, %1\n": "+q" (__ret___1), "+m" (tmp___12->state): : "memory",
                         "cc");
    goto ldv_38515;
    case 2UL:
    tmp___13 = get_current();
    __asm__ volatile ("xchgw %w0, %1\n": "+r" (__ret___1), "+m" (tmp___13->state): : "memory",
                         "cc");
    goto ldv_38515;
    case 4UL:
    tmp___14 = get_current();
    __asm__ volatile ("xchgl %0, %1\n": "+r" (__ret___1), "+m" (tmp___14->state): : "memory",
                         "cc");
    goto ldv_38515;
    case 8UL:
    tmp___15 = get_current();
    __asm__ volatile ("xchgq %q0, %1\n": "+r" (__ret___1), "+m" (tmp___15->state): : "memory",
                         "cc");
    goto ldv_38515;
    default:
    __xchg_wrong_size();
    } (CFACreationUtils.addEdgeToCFA, INFO)

line 28838: Dead code detected: tmp___3 = get_current(); (CFACreationUtils.addEdgeToCFA, INFO)

line 28843: Dead code detected: tmp___4 = get_current(); (CFACreationUtils.addEdgeToCFA, INFO)

line 28848: Dead code detected: tmp___5 = get_current(); (CFACreationUtils.addEdgeToCFA, INFO)

line 28857: Dead code detected: switch (8UL) {
      case 1UL:
      tmp___3 = get_current();
      __asm__ volatile ("xchgb %b0, %1\n": "+q" (__ret), "+m" (tmp___3->state): : "memory",
                           "cc");
      goto ldv_38681;
      case 2UL:
      tmp___4 = get_current();
      __asm__ volatile ("xchgw %w0, %1\n": "+r" (__ret), "+m" (tmp___4->state): : "memory",
                           "cc");
      goto ldv_38681;
      case 4UL:
      tmp___5 = get_current();
      __asm__ volatile ("xchgl %0, %1\n": "+r" (__ret), "+m" (tmp___5->state): : "memory",
                           "cc");
      goto ldv_38681;
      case 8UL:
      tmp___6 = get_current();
      __asm__ volatile ("xchgq %q0, %1\n": "+r" (__ret), "+m" (tmp___6->state): : "memory",
                           "cc");
      goto ldv_38681;
      default:
      __xchg_wrong_size();
      } (CFACreationUtils.addEdgeToCFA, INFO)

line 29504: Dead code detected: tmp___2 = get_current(); (CFACreationUtils.addEdgeToCFA, INFO)

line 29509: Dead code detected: tmp___3 = get_current(); (CFACreationUtils.addEdgeToCFA, INFO)

line 29514: Dead code detected: tmp___4 = get_current(); (CFACreationUtils.addEdgeToCFA, INFO)

line 29523: Dead code detected: switch (8UL) {
    case 1UL:
    tmp___2 = get_current();
    __asm__ volatile ("xchgb %b0, %1\n": "+q" (__ret), "+m" (tmp___2->state): : "memory",
                         "cc");
    goto ldv_38781;
    case 2UL:
    tmp___3 = get_current();
    __asm__ volatile ("xchgw %w0, %1\n": "+r" (__ret), "+m" (tmp___3->state): : "memory",
                         "cc");
    goto ldv_38781;
    case 4UL:
    tmp___4 = get_current();
    __asm__ volatile ("xchgl %0, %1\n": "+r" (__ret), "+m" (tmp___4->state): : "memory",
                         "cc");
    goto ldv_38781;
    case 8UL:
    tmp___5 = get_current();
    __asm__ volatile ("xchgq %q0, %1\n": "+r" (__ret), "+m" (tmp___5->state): : "memory",
                         "cc");
    goto ldv_38781;
    default:
    __xchg_wrong_size();
    } (CFACreationUtils.addEdgeToCFA, INFO)

line 30240: Dead code detected: tmp___0 = get_current(); (CFACreationUtils.addEdgeToCFA, INFO)

line 30245: Dead code detected: tmp___1 = get_current(); (CFACreationUtils.addEdgeToCFA, INFO)

line 30250: Dead code detected: tmp___2 = get_current(); (CFACreationUtils.addEdgeToCFA, INFO)

line 30259: Dead code detected: switch (8UL) {
    case 1UL:
    tmp___0 = get_current();
    __asm__ volatile ("xchgb %b0, %1\n": "+q" (__ret), "+m" (tmp___0->state): : "memory",
                         "cc");
    goto ldv_38888;
    case 2UL:
    tmp___1 = get_current();
    __asm__ volatile ("xchgw %w0, %1\n": "+r" (__ret), "+m" (tmp___1->state): : "memory",
                         "cc");
    goto ldv_38888;
    case 4UL:
    tmp___2 = get_current();
    __asm__ volatile ("xchgl %0, %1\n": "+r" (__ret), "+m" (tmp___2->state): : "memory",
                         "cc");
    goto ldv_38888;
    case 8UL:
    tmp___3 = get_current();
    __asm__ volatile ("xchgq %q0, %1\n": "+r" (__ret), "+m" (tmp___3->state): : "memory",
                         "cc");
    goto ldv_38888;
    default:
    __xchg_wrong_size();
    } (CFACreationUtils.addEdgeToCFA, INFO)

line 31040: Dead code detected: tmp___0 = get_current(); (CFACreationUtils.addEdgeToCFA, INFO)

line 31045: Dead code detected: tmp___1 = get_current(); (CFACreationUtils.addEdgeToCFA, INFO)

line 31050: Dead code detected: tmp___2 = get_current(); (CFACreationUtils.addEdgeToCFA, INFO)

line 31059: Dead code detected: switch (8UL) {
    case 1UL:
    tmp___0 = get_current();
    __asm__ volatile ("xchgb %b0, %1\n": "+q" (__ret), "+m" (tmp___0->state): : "memory",
                         "cc");
    goto ldv_38532;
    case 2UL:
    tmp___1 = get_current();
    __asm__ volatile ("xchgw %w0, %1\n": "+r" (__ret), "+m" (tmp___1->state): : "memory",
                         "cc");
    goto ldv_38532;
    case 4UL:
    tmp___2 = get_current();
    __asm__ volatile ("xchgl %0, %1\n": "+r" (__ret), "+m" (tmp___2->state): : "memory",
                         "cc");
    goto ldv_38532;
    case 8UL:
    tmp___3 = get_current();
    __asm__ volatile ("xchgq %q0, %1\n": "+r" (__ret), "+m" (tmp___3->state): : "memory",
                         "cc");
    goto ldv_38532;
    default:
    __xchg_wrong_size();
    } (CFACreationUtils.addEdgeToCFA, INFO)

line 31103: Dead code detected: tmp___5 = get_current(); (CFACreationUtils.addEdgeToCFA, INFO)

line 31108: Dead code detected: tmp___6 = get_current(); (CFACreationUtils.addEdgeToCFA, INFO)

line 31113: Dead code detected: tmp___7 = get_current(); (CFACreationUtils.addEdgeToCFA, INFO)

line 31122: Dead code detected: switch (8UL) {
    case 1UL:
    tmp___5 = get_current();
    __asm__ volatile ("xchgb %b0, %1\n": "+q" (__ret___0), "+m" (tmp___5->state): : "memory",
                         "cc");
    goto ldv_38540;
    case 2UL:
    tmp___6 = get_current();
    __asm__ volatile ("xchgw %w0, %1\n": "+r" (__ret___0), "+m" (tmp___6->state): : "memory",
                         "cc");
    goto ldv_38540;
    case 4UL:
    tmp___7 = get_current();
    __asm__ volatile ("xchgl %0, %1\n": "+r" (__ret___0), "+m" (tmp___7->state): : "memory",
                         "cc");
    goto ldv_38540;
    case 8UL:
    tmp___8 = get_current();
    __asm__ volatile ("xchgq %q0, %1\n": "+r" (__ret___0), "+m" (tmp___8->state): : "memory",
                         "cc");
    goto ldv_38540;
    default:
    __xchg_wrong_size();
    } (CFACreationUtils.addEdgeToCFA, INFO)

line 31443: Dead code detected: tmp___1 = get_current(); (CFACreationUtils.addEdgeToCFA, INFO)

line 31448: Dead code detected: tmp___2 = get_current(); (CFACreationUtils.addEdgeToCFA, INFO)

line 31453: Dead code detected: tmp___3 = get_current(); (CFACreationUtils.addEdgeToCFA, INFO)

line 31462: Dead code detected: switch (8UL) {
  case 1UL:
  tmp___1 = get_current();
  __asm__ volatile ("xchgb %b0, %1\n": "+q" (__ret), "+m" (tmp___1->state): : "memory",
                       "cc");
  goto ldv_38576;
  case 2UL:
  tmp___2 = get_current();
  __asm__ volatile ("xchgw %w0, %1\n": "+r" (__ret), "+m" (tmp___2->state): : "memory",
                       "cc");
  goto ldv_38576;
  case 4UL:
  tmp___3 = get_current();
  __asm__ volatile ("xchgl %0, %1\n": "+r" (__ret), "+m" (tmp___3->state): : "memory",
                       "cc");
  goto ldv_38576;
  case 8UL:
  tmp___4 = get_current();
  __asm__ volatile ("xchgq %q0, %1\n": "+r" (__ret), "+m" (tmp___4->state): : "memory",
                       "cc");
  goto ldv_38576;
  default:
  __xchg_wrong_size();
  } (CFACreationUtils.addEdgeToCFA, INFO)

line 34661: Dead code detected: tmp___7 = get_current(); (CFACreationUtils.addEdgeToCFA, INFO)

line 34666: Dead code detected: tmp___8 = get_current(); (CFACreationUtils.addEdgeToCFA, INFO)

line 34671: Dead code detected: tmp___9 = get_current(); (CFACreationUtils.addEdgeToCFA, INFO)

line 34680: Dead code detected: switch (8UL) {
  case 1UL:
  tmp___7 = get_current();
  __asm__ volatile ("xchgb %b0, %1\n": "+q" (__ret), "+m" (tmp___7->state): : "memory",
                       "cc");
  goto ldv_39020;
  case 2UL:
  tmp___8 = get_current();
  __asm__ volatile ("xchgw %w0, %1\n": "+r" (__ret), "+m" (tmp___8->state): : "memory",
                       "cc");
  goto ldv_39020;
  case 4UL:
  tmp___9 = get_current();
  __asm__ volatile ("xchgl %0, %1\n": "+r" (__ret), "+m" (tmp___9->state): : "memory",
                       "cc");
  goto ldv_39020;
  case 8UL:
  tmp___10 = get_current();
  __asm__ volatile ("xchgq %q0, %1\n": "+r" (__ret), "+m" (tmp___10->state): : "memory",
                       "cc");
  goto ldv_39020;
  default:
  __xchg_wrong_size();
  } (CFACreationUtils.addEdgeToCFA, INFO)

line 36794: Dead code detected: tmp___0 = get_current(); (CFACreationUtils.addEdgeToCFA, INFO)

line 36799: Dead code detected: tmp___1 = get_current(); (CFACreationUtils.addEdgeToCFA, INFO)

line 36804: Dead code detected: tmp___2 = get_current(); (CFACreationUtils.addEdgeToCFA, INFO)

line 36813: Dead code detected: switch (8UL) {
  case 1UL:
  tmp___0 = get_current();
  __asm__ volatile ("xchgb %b0, %1\n": "+q" (__ret), "+m" (tmp___0->state): : "memory",
                       "cc");
  goto ldv_38240;
  case 2UL:
  tmp___1 = get_current();
  __asm__ volatile ("xchgw %w0, %1\n": "+r" (__ret), "+m" (tmp___1->state): : "memory",
                       "cc");
  goto ldv_38240;
  case 4UL:
  tmp___2 = get_current();
  __asm__ volatile ("xchgl %0, %1\n": "+r" (__ret), "+m" (tmp___2->state): : "memory",
                       "cc");
  goto ldv_38240;
  case 8UL:
  tmp___3 = get_current();
  __asm__ volatile ("xchgq %q0, %1\n": "+r" (__ret), "+m" (tmp___3->state): : "memory",
                       "cc");
  goto ldv_38240;
  default:
  __xchg_wrong_size();
  } (CFACreationUtils.addEdgeToCFA, INFO)

line 37013: Dead code detected: tmp___0 = get_current(); (CFACreationUtils.addEdgeToCFA, INFO)

line 37018: Dead code detected: tmp___1 = get_current(); (CFACreationUtils.addEdgeToCFA, INFO)

line 37023: Dead code detected: tmp___2 = get_current(); (CFACreationUtils.addEdgeToCFA, INFO)

line 37032: Dead code detected: switch (8UL) {
  case 1UL:
  tmp___0 = get_current();
  __asm__ volatile ("xchgb %b0, %1\n": "+q" (__ret), "+m" (tmp___0->state): : "memory",
                       "cc");
  goto ldv_38289;
  case 2UL:
  tmp___1 = get_current();
  __asm__ volatile ("xchgw %w0, %1\n": "+r" (__ret), "+m" (tmp___1->state): : "memory",
                       "cc");
  goto ldv_38289;
  case 4UL:
  tmp___2 = get_current();
  __asm__ volatile ("xchgl %0, %1\n": "+r" (__ret), "+m" (tmp___2->state): : "memory",
                       "cc");
  goto ldv_38289;
  case 8UL:
  tmp___3 = get_current();
  __asm__ volatile ("xchgq %q0, %1\n": "+r" (__ret), "+m" (tmp___3->state): : "memory",
                       "cc");
  goto ldv_38289;
  default:
  __xchg_wrong_size();
  } (CFACreationUtils.addEdgeToCFA, INFO)

line 37199: Dead code detected: tmp___0 = get_current(); (CFACreationUtils.addEdgeToCFA, INFO)

line 37204: Dead code detected: tmp___1 = get_current(); (CFACreationUtils.addEdgeToCFA, INFO)

line 37209: Dead code detected: tmp___2 = get_current(); (CFACreationUtils.addEdgeToCFA, INFO)

line 37218: Dead code detected: switch (8UL) {
  case 1UL:
  tmp___0 = get_current();
  __asm__ volatile ("xchgb %b0, %1\n": "+q" (__ret), "+m" (tmp___0->state): : "memory",
                       "cc");
  goto ldv_38321;
  case 2UL:
  tmp___1 = get_current();
  __asm__ volatile ("xchgw %w0, %1\n": "+r" (__ret), "+m" (tmp___1->state): : "memory",
                       "cc");
  goto ldv_38321;
  case 4UL:
  tmp___2 = get_current();
  __asm__ volatile ("xchgl %0, %1\n": "+r" (__ret), "+m" (tmp___2->state): : "memory",
                       "cc");
  goto ldv_38321;
  case 8UL:
  tmp___3 = get_current();
  __asm__ volatile ("xchgq %q0, %1\n": "+r" (__ret), "+m" (tmp___3->state): : "memory",
                       "cc");
  goto ldv_38321;
  default:
  __xchg_wrong_size();
  } (CFACreationUtils.addEdgeToCFA, INFO)

Inline assembler ignored, analysis is probably unsound! (CFABuilder.createCFA, WARNING)

line 11154: Function pointer *(ops->map_sg) with type int (*)(struct device *, struct scatterlist *, int, enum dma_data_direction , struct dma_attrs *) is called, but no possible target functions were found. (CFunctionPointerResolver.getTargets, WARNING)

line 11078: Function pointer *(ops->map_page) with type dma_addr_t (*)(struct device *, struct page *, unsigned long, size_t , enum dma_data_direction , struct dma_attrs *) is called, but no possible target functions were found. (CFunctionPointerResolver.getTargets, WARNING)

line 11192: Function pointer *(ops->unmap_sg) with type void (*)(struct device *, struct scatterlist *, int, enum dma_data_direction , struct dma_attrs *) is called, but no possible target functions were found. (CFunctionPointerResolver.getTargets, WARNING)

line 11110: Function pointer *(ops->unmap_page) with type void (*)(struct device *, dma_addr_t , size_t , enum dma_data_direction , struct dma_attrs *) is called, but no possible target functions were found. (CFunctionPointerResolver.getTargets, WARNING)

line 5213: Function pointer *done with type void (*)(struct scsi_cmnd *) is called, but no possible target functions were found. (CFunctionPointerResolver.getTargets, WARNING)

line 5834: Function pointer *(chip->srb->scsi_done) with type void (*)(struct scsi_cmnd *) is called, but no possible target functions were found. (CFunctionPointerResolver.getTargets, WARNING)

line 5502: Function pointer *(chip->srb->scsi_done) with type void (*)(struct scsi_cmnd *) is called, but no possible target functions were found. (CFunctionPointerResolver.getTargets, WARNING)

Using unsound approximation of ints with unbounded integers and floats with unbounded integers for encoding program semantics. (PredicateCPA:FormulaManagerView.<init>, WARNING)

Using predicate analysis with Princess 2023-04-07. (PredicateCPA:PredicateCPA.<init>, INFO)

Using unsound approximation of ints with unbounded integers and floats with unbounded integers for encoding program semantics. (AssumptionStorageCPA:FormulaManagerView.<init>, WARNING)

The following configuration options were specified but are not used:
 proveroptions.option 
 (CPAchecker.printConfigurationWarnings, WARNING)

Starting analysis ... (CPAchecker.runAlgorithm, INFO)

Recursion detected, aborting. To ignore recursion, add -skipRecursion to the command line. (TargetLocationProvider:CallstackCPA:CallstackTransferRelation.getAbstractSuccessorsForEdge, INFO)

Recursion detected. Defaulting to selecting all locations as potential target locations. (TargetLocationProvider:TargetLocationProviderImpl.tryGetAutomatonTargetLocations, INFO)

Creating formula for program (AbstractBMCAlgorithm.run, INFO)

Exception in thread "main" org.sosy_lab.java_smt.basicimpl.GeneratorException: Modular Congruence is not available in SMTLIB2. 
	at org.sosy_lab.java_smt.basicimpl.AbstractNumeralFormulaManager.modularCongruence(AbstractNumeralFormulaManager.java:361)
	at org.sosy_lab.java_smt.solvers.princess.PrincessIntegerFormulaManager.modularCongruence(PrincessIntegerFormulaManager.java:22)
	at org.sosy_lab.cpachecker.util.predicates.smt.IntegerFormulaManagerView.modularCongruence(IntegerFormulaManagerView.java:35)
	at org.sosy_lab.cpachecker.util.predicates.smt.FormulaManagerView.makeModularCongruence(FormulaManagerView.java:688)
	at org.sosy_lab.cpachecker.util.predicates.smt.FormulaManagerView.makeModularCongruence(FormulaManagerView.java:670)
	at org.sosy_lab.cpachecker.util.predicates.pathformula.pointeraliasing.PointerTargetSetManager.makeBaseAddressConstraints(PointerTargetSetManager.java:653)
	at org.sosy_lab.cpachecker.util.predicates.pathformula.pointeraliasing.PointerTargetSetBuilder$RealPointerTargetSetBuilder.addNextBaseAddressConstraints(PointerTargetSetBuilder.java:286)
	at org.sosy_lab.cpachecker.util.predicates.pathformula.pointeraliasing.CToFormulaConverterWithPointerAliasing.declareSharedBase(CToFormulaConverterWithPointerAliasing.java:437)
	at org.sosy_lab.cpachecker.util.predicates.pathformula.pointeraliasing.CToFormulaConverterWithPointerAliasing.makeDeclaration(CToFormulaConverterWithPointerAliasing.java:1001)
	at org.sosy_lab.cpachecker.util.predicates.pathformula.ctoformula.CtoFormulaConverter.createFormulaForEdge(CtoFormulaConverter.java:1231)
	at org.sosy_lab.cpachecker.util.predicates.pathformula.ctoformula.CtoFormulaConverter.makeAnd(CtoFormulaConverter.java:1049)
	at org.sosy_lab.cpachecker.util.predicates.pathformula.PathFormulaManagerImpl.makeAnd(PathFormulaManagerImpl.java:246)
	at org.sosy_lab.cpachecker.util.predicates.pathformula.PathFormulaManagerImpl.makeAnd(PathFormulaManagerImpl.java:300)
	at org.sosy_lab.cpachecker.cpa.predicate.PredicateTransferRelation.convertEdgeToPathFormula(PredicateTransferRelation.java:203)
	at org.sosy_lab.cpachecker.cpa.predicate.PredicateTransferRelation.getAbstractSuccessorsForEdge(PredicateTransferRelation.java:113)
	at org.sosy_lab.cpachecker.cpa.composite.CompositeTransferRelation.callTransferRelation(CompositeTransferRelation.java:297)
	at org.sosy_lab.cpachecker.cpa.composite.CompositeTransferRelation.getAbstractSuccessorForSimpleEdge(CompositeTransferRelation.java:264)
	at org.sosy_lab.cpachecker.cpa.composite.CompositeTransferRelation.getAbstractSuccessorForEdge(CompositeTransferRelation.java:196)
	at org.sosy_lab.cpachecker.cpa.composite.CompositeTransferRelation.getAbstractSuccessors(CompositeTransferRelation.java:88)
	at org.sosy_lab.cpachecker.cpa.arg.ARGTransferRelation.getAbstractSuccessors(ARGTransferRelation.java:45)
	at org.sosy_lab.cpachecker.core.algorithm.CPAAlgorithm.handleState(CPAAlgorithm.java:334)
	at org.sosy_lab.cpachecker.core.algorithm.CPAAlgorithm.run0(CPAAlgorithm.java:289)
	at org.sosy_lab.cpachecker.core.algorithm.CPAAlgorithm.run(CPAAlgorithm.java:260)
	at org.sosy_lab.cpachecker.core.algorithm.bmc.BMCHelper.unroll(BMCHelper.java:192)
	at org.sosy_lab.cpachecker.core.algorithm.bmc.AbstractBMCAlgorithm.run(AbstractBMCAlgorithm.java:427)
	at org.sosy_lab.cpachecker.core.algorithm.bmc.BMCAlgorithm.run(BMCAlgorithm.java:130)
	at org.sosy_lab.cpachecker.core.CPAchecker.runAlgorithm(CPAchecker.java:507)
	at org.sosy_lab.cpachecker.core.CPAchecker.run(CPAchecker.java:369)
	at org.sosy_lab.cpachecker.cmdline.CPAMain.main(CPAMain.java:170)
