scripts/cpa.sh -heap 13000M -stack 50M -noout -benchmark -bmc -setprop cpa.predicate.useArraysForHeap=false -setprop cpa.predicate.memoryAllocationsAlwaysSucceed=true -setprop cpa.loopbound.maxLoopIterations=10 -setprop cpa.predicate.encodeFloatAs=INTEGER -setprop cpa.predicate.encodeBitvectorAs=INTEGER -setprop solver.solver=princess_binary -setprop proveroptions.option=use_binary -timelimit 900s -stats -spec test/programs/benchmarks/properties/unreach-call.prp -64 test/programs/benchmarks/ldv-linux-3.14/linux-3.14_linux-alloc-spinlock_drivers-net-wireless-rtlwifi-rtl8723ae-rtl8723ae.cil.i


--------------------------------------------------------------------------------


Running CPAchecker with Java heap of size 13000M.
Running CPAchecker with Java stack of size 50M.
Language C detected and set for analysis (CPAMain.detectFrontendLanguageIfNecessary, INFO)

Using the following resource limits: CPU-time limit of 900s (ResourceLimitChecker.fromConfiguration, INFO)

CPAchecker 2.3.1-svn-45350M / bmc (OpenJDK 64-Bit Server VM 17.0.8.1) started (CPAchecker.run, INFO)

Parsing CFA from file(s) "test/programs/benchmarks/ldv-linux-3.14/linux-3.14_linux-alloc-spinlock_drivers-net-wireless-rtlwifi-rtl8723ae-rtl8723ae.cil.i" (CPAchecker.parse, INFO)

line 7804: Dead code detected: goto case_1; (CFACreationUtils.addEdgeToCFA, INFO)

line 7808: Dead code detected: goto case_2; (CFACreationUtils.addEdgeToCFA, INFO)

line 7816: Dead code detected: goto case_8; (CFACreationUtils.addEdgeToCFA, INFO)

line 7819: Dead code detected: goto switch_default; (CFACreationUtils.addEdgeToCFA, INFO)

Dead code detected: Label case_8 is not reachable. (CFAFunctionBuilder.leave, INFO)

Dead code detected: Label switch_break is not reachable. (CFAFunctionBuilder.leave, INFO)

Dead code detected: Label switch_default is not reachable. (CFAFunctionBuilder.leave, INFO)

Dead code detected: Label case_1 is not reachable. (CFAFunctionBuilder.leave, INFO)

Dead code detected: Label case_2 is not reachable. (CFAFunctionBuilder.leave, INFO)

line 7849: Dead code detected: goto case_1; (CFACreationUtils.addEdgeToCFA, INFO)

line 7853: Dead code detected: goto case_2; (CFACreationUtils.addEdgeToCFA, INFO)

line 7861: Dead code detected: goto case_8; (CFACreationUtils.addEdgeToCFA, INFO)

line 7864: Dead code detected: goto switch_default; (CFACreationUtils.addEdgeToCFA, INFO)

Dead code detected: Label case_8 is not reachable. (CFAFunctionBuilder.leave, INFO)

Dead code detected: Label switch_break is not reachable. (CFAFunctionBuilder.leave, INFO)

Dead code detected: Label switch_default is not reachable. (CFAFunctionBuilder.leave, INFO)

Dead code detected: Label case_1 is not reachable. (CFAFunctionBuilder.leave, INFO)

Dead code detected: Label case_2 is not reachable. (CFAFunctionBuilder.leave, INFO)

line 7922: Dead code detected: goto case_1; (CFACreationUtils.addEdgeToCFA, INFO)

line 7926: Dead code detected: goto case_2; (CFACreationUtils.addEdgeToCFA, INFO)

line 7934: Dead code detected: goto case_8; (CFACreationUtils.addEdgeToCFA, INFO)

line 7937: Dead code detected: goto switch_default; (CFACreationUtils.addEdgeToCFA, INFO)

Dead code detected: Label case_8 is not reachable. (CFAFunctionBuilder.leave, INFO)

Dead code detected: Label switch_break is not reachable. (CFAFunctionBuilder.leave, INFO)

Dead code detected: Label switch_default is not reachable. (CFAFunctionBuilder.leave, INFO)

Dead code detected: Label case_1 is not reachable. (CFAFunctionBuilder.leave, INFO)

Dead code detected: Label case_2 is not reachable. (CFAFunctionBuilder.leave, INFO)

Dead code detected: Label switch_break is not reachable. (CFAFunctionBuilder.leave, INFO)

line 9792: Dead code detected: goto case_1; (CFACreationUtils.addEdgeToCFA, INFO)

line 9796: Dead code detected: goto case_2; (CFACreationUtils.addEdgeToCFA, INFO)

line 9800: Dead code detected: goto case_4; (CFACreationUtils.addEdgeToCFA, INFO)

line 9807: Dead code detected: goto switch_default; (CFACreationUtils.addEdgeToCFA, INFO)

Dead code detected: Label switch_break is not reachable. (CFAFunctionBuilder.leave, INFO)

Dead code detected: Label switch_default is not reachable. (CFAFunctionBuilder.leave, INFO)

Dead code detected: Label case_4 is not reachable. (CFAFunctionBuilder.leave, INFO)

Dead code detected: Label case_1 is not reachable. (CFAFunctionBuilder.leave, INFO)

Dead code detected: Label case_2 is not reachable. (CFAFunctionBuilder.leave, INFO)

line 9847: Dead code detected: goto case_1; (CFACreationUtils.addEdgeToCFA, INFO)

line 9851: Dead code detected: goto case_2; (CFACreationUtils.addEdgeToCFA, INFO)

line 9859: Dead code detected: goto case_8; (CFACreationUtils.addEdgeToCFA, INFO)

line 9862: Dead code detected: goto switch_default; (CFACreationUtils.addEdgeToCFA, INFO)

Dead code detected: Label case_8 is not reachable. (CFAFunctionBuilder.leave, INFO)

Dead code detected: Label switch_break is not reachable. (CFAFunctionBuilder.leave, INFO)

Dead code detected: Label switch_default is not reachable. (CFAFunctionBuilder.leave, INFO)

Dead code detected: Label case_1 is not reachable. (CFAFunctionBuilder.leave, INFO)

Dead code detected: Label case_2 is not reachable. (CFAFunctionBuilder.leave, INFO)

line 10357: Dead code detected: __ms = 5UL; (CFACreationUtils.addEdgeToCFA, INFO)

Dead code detected: Label switch_break is not reachable. (CFAFunctionBuilder.leave, INFO)

Dead code detected: Label switch_break is not reachable. (CFAFunctionBuilder.leave, INFO)

Dead code detected: Label switch_break is not reachable. (CFAFunctionBuilder.leave, INFO)

Dead code detected: Label switch_break is not reachable. (CFAFunctionBuilder.leave, INFO)

Dead code detected: Label switch_break is not reachable. (CFAFunctionBuilder.leave, INFO)

Dead code detected: Label switch_break is not reachable. (CFAFunctionBuilder.leave, INFO)

Dead code detected: Label switch_break is not reachable. (CFAFunctionBuilder.leave, INFO)

Dead code detected: Label switch_break is not reachable. (CFAFunctionBuilder.leave, INFO)

Dead code detected: Label switch_break is not reachable. (CFAFunctionBuilder.leave, INFO)

Dead code detected: Label switch_break is not reachable. (CFAFunctionBuilder.leave, INFO)

Dead code detected: Label switch_break is not reachable. (CFAFunctionBuilder.leave, INFO)

Dead code detected: Label switch_break is not reachable. (CFAFunctionBuilder.leave, INFO)

Dead code detected: Label switch_break is not reachable. (CFAFunctionBuilder.leave, INFO)

Dead code detected: Label switch_break is not reachable. (CFAFunctionBuilder.leave, INFO)

Dead code detected: Label switch_break is not reachable. (CFAFunctionBuilder.leave, INFO)

Dead code detected: Label switch_break is not reachable. (CFAFunctionBuilder.leave, INFO)

line 24286: Dead code detected: goto case_1; (CFACreationUtils.addEdgeToCFA, INFO)

line 24290: Dead code detected: goto case_2; (CFACreationUtils.addEdgeToCFA, INFO)

line 24298: Dead code detected: goto case_8; (CFACreationUtils.addEdgeToCFA, INFO)

line 24301: Dead code detected: goto switch_default; (CFACreationUtils.addEdgeToCFA, INFO)

Dead code detected: Label case_8 is not reachable. (CFAFunctionBuilder.leave, INFO)

Dead code detected: Label switch_break is not reachable. (CFAFunctionBuilder.leave, INFO)

Dead code detected: Label switch_default is not reachable. (CFAFunctionBuilder.leave, INFO)

Dead code detected: Label case_1 is not reachable. (CFAFunctionBuilder.leave, INFO)

Dead code detected: Label case_2 is not reachable. (CFAFunctionBuilder.leave, INFO)

line 24749: Dead code detected: __ms = 1UL; (CFACreationUtils.addEdgeToCFA, INFO)

line 24771: Dead code detected: __ms___0 = 1UL; (CFACreationUtils.addEdgeToCFA, INFO)

line 24793: Dead code detected: __ms___1 = 1UL; (CFACreationUtils.addEdgeToCFA, INFO)

line 25280: Dead code detected: __ms___0 = 5UL; (CFACreationUtils.addEdgeToCFA, INFO)

line 25301: Dead code detected: __ms___1 = 1UL; (CFACreationUtils.addEdgeToCFA, INFO)

line 25956: Dead code detected: __ms___0 = 5UL; (CFACreationUtils.addEdgeToCFA, INFO)

line 25977: Dead code detected: __ms___1 = 1UL; (CFACreationUtils.addEdgeToCFA, INFO)

line 26113: Dead code detected: __ms___0 = 5UL; (CFACreationUtils.addEdgeToCFA, INFO)

line 26134: Dead code detected: __ms___1 = 1UL; (CFACreationUtils.addEdgeToCFA, INFO)

Dead code detected: Label switch_break is not reachable. (CFAFunctionBuilder.leave, INFO)

Dead code detected: Label switch_break is not reachable. (CFAFunctionBuilder.leave, INFO)

Dead code detected: Label switch_break is not reachable. (CFAFunctionBuilder.leave, INFO)

line 27398: Dead code detected: __ms = 1UL; (CFACreationUtils.addEdgeToCFA, INFO)

line 27451: Dead code detected: __ms = 1UL; (CFACreationUtils.addEdgeToCFA, INFO)

Dead code detected: Label switch_break is not reachable. (CFAFunctionBuilder.leave, INFO)

Dead code detected: Label switch_break is not reachable. (CFAFunctionBuilder.leave, INFO)

Dead code detected: Label switch_break is not reachable. (CFAFunctionBuilder.leave, INFO)

line 29409: Dead code detected: return (1); (CFACreationUtils.addEdgeToCFA, INFO)

Dead code detected: Label switch_break is not reachable. (CFAFunctionBuilder.leave, INFO)

Dead code detected: Label switch_break is not reachable. (CFAFunctionBuilder.leave, INFO)

Dead code detected: Label switch_break is not reachable. (CFAFunctionBuilder.leave, INFO)

line 30722: Dead code detected: return (arg0); (CFACreationUtils.addEdgeToCFA, INFO)

line 30843: Dead code detected: return; (CFACreationUtils.addEdgeToCFA, INFO)

line 30995: Dead code detected: return; (CFACreationUtils.addEdgeToCFA, INFO)

line 31030: Dead code detected: return; (CFACreationUtils.addEdgeToCFA, INFO)

line 31562: Dead code detected: return; (CFACreationUtils.addEdgeToCFA, INFO)

line 32150: Dead code detected: return; (CFACreationUtils.addEdgeToCFA, INFO)

line 32181: Dead code detected: return; (CFACreationUtils.addEdgeToCFA, INFO)

line 32267: Dead code detected: return; (CFACreationUtils.addEdgeToCFA, INFO)

line 32510: Dead code detected: return; (CFACreationUtils.addEdgeToCFA, INFO)

line 32547: Dead code detected: return; (CFACreationUtils.addEdgeToCFA, INFO)

line 32590: Dead code detected: goto ldv_call_3; (CFACreationUtils.addEdgeToCFA, INFO)

line 32611: Dead code detected: return; (CFACreationUtils.addEdgeToCFA, INFO)

line 32850: Dead code detected: return (ldv_func_res); (CFACreationUtils.addEdgeToCFA, INFO)

Dead code detected: Label switch_break is not reachable. (CFAFunctionBuilder.leave, INFO)

Dead code detected: Label switch_break is not reachable. (CFAFunctionBuilder.leave, INFO)

Dead code detected: Label switch_break is not reachable. (CFAFunctionBuilder.leave, INFO)

Inline assembler ignored, analysis is probably unsound! (CFABuilder.createCFA, WARNING)

line 33301: Function pointer *(ops->map_page) with type dma_addr_t (*)(struct device *, struct page *, unsigned long, size_t , enum dma_data_direction , struct dma_attrs *) is called, but no possible target functions were found. (CFunctionPointerResolver.getTargets, WARNING)

line 33324: Function pointer *(ops->mapping_error) with type int (*)(struct device *, dma_addr_t ) is called, but no possible target functions were found. (CFunctionPointerResolver.getTargets, WARNING)

line 32075: Function pointer *arg0 with type int (*)(struct pci_dev *) is called, but no possible target functions were found. (CFunctionPointerResolver.getTargets, WARNING)

line 32084: Function pointer *arg0 with type int (*)(struct pci_dev *) is called, but no possible target functions were found. (CFunctionPointerResolver.getTargets, WARNING)

line 32104: Function pointer *arg0 with type int (*)(struct pci_dev *, struct pm_message ) is called, but no possible target functions were found. (CFunctionPointerResolver.getTargets, WARNING)

line 32115: Function pointer *arg0 with type int (*)(struct pci_dev *, struct pm_message ) is called, but no possible target functions were found. (CFunctionPointerResolver.getTargets, WARNING)

line 32275: Function pointer *arg0 with type int (*)(struct platform_device *) is called, but no possible target functions were found. (CFunctionPointerResolver.getTargets, WARNING)

line 32284: Function pointer *arg0 with type int (*)(struct platform_device *) is called, but no possible target functions were found. (CFunctionPointerResolver.getTargets, WARNING)

line 32293: Function pointer *arg0 with type void (*)(struct device *) is called, but no possible target functions were found. (CFunctionPointerResolver.getTargets, WARNING)

line 8103: Function pointer *(rtlpriv->io.read8_sync) with type u8 (*)(struct rtl_priv *, u32 ) is called, but no possible target functions were found. (CFunctionPointerResolver.getTargets, WARNING)

line 10011: Function pointer *(rtlpriv->io.read32_sync) with type u32 (*)(struct rtl_priv *, u32 ) is called, but no possible target functions were found. (CFunctionPointerResolver.getTargets, WARNING)

line 18998: Function pointer *(rtlpriv->io.read16_sync) with type u16 (*)(struct rtl_priv *, u32 ) is called, but no possible target functions were found. (CFunctionPointerResolver.getTargets, WARNING)

line 8112: Function pointer *(rtlpriv->io.write8_async) with type void (*)(struct rtl_priv *, u32 , u8 ) is called, but no possible target functions were found. (CFunctionPointerResolver.getTargets, WARNING)

line 8116: Function pointer *(rtlpriv->io.read8_sync) with type u8 (*)(struct rtl_priv *, u32 ) is called, but no possible target functions were found. (CFunctionPointerResolver.getTargets, WARNING)

line 8127: Function pointer *(rtlpriv->io.write32_async) with type void (*)(struct rtl_priv *, u32 , u32 ) is called, but no possible target functions were found. (CFunctionPointerResolver.getTargets, WARNING)

line 8131: Function pointer *(rtlpriv->io.read32_sync) with type u32 (*)(struct rtl_priv *, u32 ) is called, but no possible target functions were found. (CFunctionPointerResolver.getTargets, WARNING)

line 19007: Function pointer *(rtlpriv->io.write16_async) with type void (*)(struct rtl_priv *, u32 , u16 ) is called, but no possible target functions were found. (CFunctionPointerResolver.getTargets, WARNING)

line 19011: Function pointer *(rtlpriv->io.read16_sync) with type u16 (*)(struct rtl_priv *, u32 ) is called, but no possible target functions were found. (CFunctionPointerResolver.getTargets, WARNING)

Using unsound approximation of ints with unbounded integers and floats with unbounded integers for encoding program semantics. (PredicateCPA:FormulaManagerView.<init>, WARNING)

Using predicate analysis with Princess 2023-04-07. (PredicateCPA:PredicateCPA.<init>, INFO)

Using unsound approximation of ints with unbounded integers and floats with unbounded integers for encoding program semantics. (AssumptionStorageCPA:FormulaManagerView.<init>, WARNING)

The following configuration options were specified but are not used:
 proveroptions.option 
 (CPAchecker.printConfigurationWarnings, WARNING)

Starting analysis ... (CPAchecker.runAlgorithm, INFO)

Recursion detected, aborting. To ignore recursion, add -skipRecursion to the command line. (TargetLocationProvider:CallstackCPA:CallstackTransferRelation.getAbstractSuccessorsForEdge, INFO)

Recursion detected. Defaulting to selecting all locations as potential target locations. (TargetLocationProvider:TargetLocationProviderImpl.tryGetAutomatonTargetLocations, INFO)

Creating formula for program (AbstractBMCAlgorithm.run, INFO)

Exception in thread "main" org.sosy_lab.java_smt.basicimpl.GeneratorException: Modular Congruence is not available in SMTLIB2. 
	at org.sosy_lab.java_smt.basicimpl.AbstractNumeralFormulaManager.modularCongruence(AbstractNumeralFormulaManager.java:361)
	at org.sosy_lab.java_smt.solvers.princess.PrincessIntegerFormulaManager.modularCongruence(PrincessIntegerFormulaManager.java:22)
	at org.sosy_lab.cpachecker.util.predicates.smt.IntegerFormulaManagerView.modularCongruence(IntegerFormulaManagerView.java:35)
	at org.sosy_lab.cpachecker.util.predicates.smt.FormulaManagerView.makeModularCongruence(FormulaManagerView.java:688)
	at org.sosy_lab.cpachecker.util.predicates.smt.FormulaManagerView.makeModularCongruence(FormulaManagerView.java:670)
	at org.sosy_lab.cpachecker.util.predicates.pathformula.pointeraliasing.PointerTargetSetManager.makeBaseAddressConstraints(PointerTargetSetManager.java:653)
	at org.sosy_lab.cpachecker.util.predicates.pathformula.pointeraliasing.PointerTargetSetBuilder$RealPointerTargetSetBuilder.addNextBaseAddressConstraints(PointerTargetSetBuilder.java:286)
	at org.sosy_lab.cpachecker.util.predicates.pathformula.pointeraliasing.CToFormulaConverterWithPointerAliasing.declareSharedBase(CToFormulaConverterWithPointerAliasing.java:437)
	at org.sosy_lab.cpachecker.util.predicates.pathformula.pointeraliasing.CToFormulaConverterWithPointerAliasing.makeDeclaration(CToFormulaConverterWithPointerAliasing.java:1001)
	at org.sosy_lab.cpachecker.util.predicates.pathformula.ctoformula.CtoFormulaConverter.createFormulaForEdge(CtoFormulaConverter.java:1231)
	at org.sosy_lab.cpachecker.util.predicates.pathformula.ctoformula.CtoFormulaConverter.makeAnd(CtoFormulaConverter.java:1049)
	at org.sosy_lab.cpachecker.util.predicates.pathformula.PathFormulaManagerImpl.makeAnd(PathFormulaManagerImpl.java:246)
	at org.sosy_lab.cpachecker.util.predicates.pathformula.PathFormulaManagerImpl.makeAnd(PathFormulaManagerImpl.java:300)
	at org.sosy_lab.cpachecker.cpa.predicate.PredicateTransferRelation.convertEdgeToPathFormula(PredicateTransferRelation.java:203)
	at org.sosy_lab.cpachecker.cpa.predicate.PredicateTransferRelation.getAbstractSuccessorsForEdge(PredicateTransferRelation.java:113)
	at org.sosy_lab.cpachecker.cpa.composite.CompositeTransferRelation.callTransferRelation(CompositeTransferRelation.java:297)
	at org.sosy_lab.cpachecker.cpa.composite.CompositeTransferRelation.getAbstractSuccessorForSimpleEdge(CompositeTransferRelation.java:264)
	at org.sosy_lab.cpachecker.cpa.composite.CompositeTransferRelation.getAbstractSuccessorForEdge(CompositeTransferRelation.java:196)
	at org.sosy_lab.cpachecker.cpa.composite.CompositeTransferRelation.getAbstractSuccessors(CompositeTransferRelation.java:88)
	at org.sosy_lab.cpachecker.cpa.arg.ARGTransferRelation.getAbstractSuccessors(ARGTransferRelation.java:45)
	at org.sosy_lab.cpachecker.core.algorithm.CPAAlgorithm.handleState(CPAAlgorithm.java:334)
	at org.sosy_lab.cpachecker.core.algorithm.CPAAlgorithm.run0(CPAAlgorithm.java:289)
	at org.sosy_lab.cpachecker.core.algorithm.CPAAlgorithm.run(CPAAlgorithm.java:260)
	at org.sosy_lab.cpachecker.core.algorithm.bmc.BMCHelper.unroll(BMCHelper.java:192)
	at org.sosy_lab.cpachecker.core.algorithm.bmc.AbstractBMCAlgorithm.run(AbstractBMCAlgorithm.java:427)
	at org.sosy_lab.cpachecker.core.algorithm.bmc.BMCAlgorithm.run(BMCAlgorithm.java:130)
	at org.sosy_lab.cpachecker.core.CPAchecker.runAlgorithm(CPAchecker.java:507)
	at org.sosy_lab.cpachecker.core.CPAchecker.run(CPAchecker.java:369)
	at org.sosy_lab.cpachecker.cmdline.CPAMain.main(CPAMain.java:170)
