scripts/cpa.sh -heap 13000M -stack 50M -noout -benchmark -bmc -setprop cpa.predicate.useArraysForHeap=false -setprop cpa.predicate.memoryAllocationsAlwaysSucceed=true -setprop cpa.loopbound.maxLoopIterations=10 -setprop cpa.predicate.encodeFloatAs=INTEGER -setprop cpa.predicate.encodeBitvectorAs=INTEGER -setprop solver.solver=princess -timelimit 900s -stats -spec test/programs/benchmarks/properties/unreach-call.prp -64 test/programs/benchmarks/aws-c-common/aws_string_destroy_harness.i


--------------------------------------------------------------------------------


Running CPAchecker with Java heap of size 13000M.
Running CPAchecker with Java stack of size 50M.
Language C detected and set for analysis (CPAMain.detectFrontendLanguageIfNecessary, INFO)

Using the following resource limits: CPU-time limit of 900s (ResourceLimitChecker.fromConfiguration, INFO)

CPAchecker 2.3.1-svn-45350M / bmc (OpenJDK 64-Bit Server VM 17.0.8.1) started (CPAchecker.run, INFO)

Parsing CFA from file(s) "test/programs/benchmarks/aws-c-common/aws_string_destroy_harness.i" (CPAchecker.parse, INFO)

line 2876: Dead code detected:  (CFACreationUtils.addEdgeToCFA, INFO)

line 2983: Dead code detected:  (CFACreationUtils.addEdgeToCFA, INFO)

line 4629: Dead code detected:  (CFACreationUtils.addEdgeToCFA, INFO)

line 7117: Dead code detected:  (CFACreationUtils.addEdgeToCFA, INFO)

line 7120: Dead code detected:  (CFACreationUtils.addEdgeToCFA, INFO)

line 7132: Dead code detected:  (CFACreationUtils.addEdgeToCFA, INFO)

line 7256: Dead code detected:  (CFACreationUtils.addEdgeToCFA, INFO)

line 7258: Dead code detected:  (CFACreationUtils.addEdgeToCFA, INFO)

line 7301: Dead code detected:  (CFACreationUtils.addEdgeToCFA, INFO)

line 7314: Dead code detected:  (CFACreationUtils.addEdgeToCFA, INFO)

line 7700: Dead code detected:  (CFACreationUtils.addEdgeToCFA, INFO)

line 7786: Dead code detected:  (CFACreationUtils.addEdgeToCFA, INFO)

line 7787: Dead code detected:  (CFACreationUtils.addEdgeToCFA, INFO)

line 7806: Dead code detected:  (CFACreationUtils.addEdgeToCFA, INFO)

line 7807: Dead code detected:  (CFACreationUtils.addEdgeToCFA, INFO)

line 8270: Dead code detected:  (CFACreationUtils.addEdgeToCFA, INFO)

line 8975: Dead code detected:  (CFACreationUtils.addEdgeToCFA, INFO)

Inline assembler ignored, analysis is probably unsound! (CFABuilder.createCFA, WARNING)

line 7844: Function pointer *predicate with type aws_byte_predicate_fn * is called, but no possible target functions were found. (CFunctionPointerResolver.getTargets, WARNING)

line 7827: Function pointer *predicate with type aws_byte_predicate_fn * is called, but no possible target functions were found. (CFunctionPointerResolver.getTargets, WARNING)

line 8832: Function pointer *tl_thread_handler with type aws_error_handler_fn * is called, but no possible target functions were found. (CFunctionPointerResolver.getTargets, WARNING)

line 8834: Function pointer *s_global_handler with type aws_error_handler_fn * is called, but no possible target functions were found. (CFunctionPointerResolver.getTargets, WARNING)

Using unsound approximation of ints with unbounded integers and floats with unbounded integers for encoding program semantics. (PredicateCPA:FormulaManagerView.<init>, WARNING)

Using predicate analysis with Princess 2023-04-07. (PredicateCPA:PredicateCPA.<init>, INFO)

Using unsound approximation of ints with unbounded integers and floats with unbounded integers for encoding program semantics. (AssumptionStorageCPA:FormulaManagerView.<init>, WARNING)

Starting analysis ... (CPAchecker.runAlgorithm, INFO)

Stopping analysis ... (CPAchecker.runAlgorithm, INFO)


PredicateCPA statistics
-----------------------
Number of abstractions:            0 (NaN% of all post computations)
Number of strengthen sat checks:   0
Number of coverage checks:         0
  BDD entailment checks:           0
Number of SMT sat checks:          0
  trivial:                         0
  cached:                          0

Max ABE block size:                       0
Avg ABE block size:                                0.00 (sum: 0, count: 0, min: 0, max: 0)
Number of predicates discovered:          0

Time for post operator:                                0.000s
  Time for path formula creation:                      0.000s
Time for strengthen operator:                          0.000s
Time for prec operator:                                0.000s
Time for coverage checks:                              0.000s
Total time for SMT solver (w/o itp):     0.000s

Total number of created targets for pointer analysis: 0



KeyValue statistics
-------------------
Init. function predicates:                         0
Init. global predicates:                           0
Init. location predicates:                         0

Invariant Generation statistics
-------------------------------

Bounds CPA statistics
---------------------
Bound k:                                           10
Maximum loop iteration reached:                    0


ValueAnalysisCPA statistics
---------------------------
Number of variables per state:                     0.00 (sum: 0, count: 1, min: 0, max: 0)
Number of global variables per state:              0.00 (sum: 0, count: 1, min: 0, max: 0)
Number of assumptions:                                    0
Number of deterministic assumptions:                      0
Level of Determinism:                              100%

ValueAnalysisPrecisionAdjustment statistics
-------------------------------------------
Number of abstraction computations:                       0
Total time for liveness abstraction:                   0.000s
Total time for abstraction computation:                0.000s
Total time for path thresholds:                        0.000s

ConstraintsStrengthenOperator statistics
----------------------------------------
Total time for strengthening by ConstraintsCPA:     0.000s
Replaced symbolic expressions: 0

AutomatonAnalysis (SVCOMP) statistics
-------------------------------------
Number of states:                                  1
Total time for successor computation:                  0.000s
Automaton transfers with branching:                0
Automaton transfer successors:                     0.00 (sum: 0, count: 0, min: 0, max: 0) []
Number of states with assumption transitions:      0

CPA algorithm statistics
------------------------
Number of iterations:            0

BMC algorithm statistics
------------------------

CPAchecker general statistics
-----------------------------
Number of program locations:                       4679
Number of CFA edges (per node):                        5769 (count: 4679, min: 0, max: 217, avg: 1.23)
Number of relevant variables:                      1097
Number of functions:                               268
Number of loops (and loop nodes):                        14 (sum: 112, min: 4, max: 19, avg: 8.00)
Size of reached set:             1
  Number of reached locations:   1 (0%)
    Avg states per location:     1
    Max states per location:     1 (at node N4065)
  Number of reached functions:   1 (0%)
  Number of partitions:          1
    Avg size of partitions:      1
    Max size of partitions:      1
  Number of target states:       0

Time for analysis setup:          4.035s
  Time for loading CPAs:          1.625s
  Time for loading parser:        0.248s
  Time for CFA construction:      2.094s
    Time for parsing file(s):     0.605s
    Time for AST to CFA:          0.898s
    Time for CFA sanity check:    0.000s
    Time for post-processing:     0.479s
    Time for loop structure:      0.033s
    Time for AST structure:       0.000s
      Time for function pointers resolving:            0.011s
        Function calls via function pointers:             4 (count: 1, min: 4, max: 4, avg: 4.00)
        Instrumented function pointer calls:              0 (count: 1, min: 0, max: 0, avg: 0.00)
        Function calls with function pointer arguments:        0 (count: 1, min: 0, max: 0, avg: 0.00)
        Instrumented function pointer arguments:          0 (count: 1, min: 0, max: 0, avg: 0.00)
      Time for classifying variables:                  0.296s
        Time for collecting variables:                 0.226s
        Time for solving dependencies:                 0.006s
        Time for building hierarchy:                   0.001s
        Time for building classification:              0.062s
        Time for exporting data:                       0.000s
Time for Analysis:                0.188s
CPU time for analysis:            0.390s
Time for analyzing result:        0.001s
Total time for CPAchecker:        4.224s
Total CPU time for CPAchecker:    8.310s
Time for statistics:              0.048s

Time for Garbage Collector:       0.094s (in 9 runs)
Garbage Collector(s) used:    G1 Old Generation, G1 Young Generation

Verification result: TRUE. No property violation found by chosen configuration.
More details about the verification run can be found in the directory "./output".
