scripts/cpa.sh -heap 13000M -stack 50M -noout -benchmark -bmc -setprop cpa.predicate.useArraysForHeap=false -setprop cpa.predicate.memoryAllocationsAlwaysSucceed=true -setprop cpa.loopbound.maxLoopIterations=10 -setprop cpa.predicate.encodeFloatAs=INTEGER -setprop cpa.predicate.encodeBitvectorAs=INTEGER -setprop solver.solver=princess_binary -setprop proveroptions.option=use_binary -timelimit 900s -stats -spec test/programs/benchmarks/properties/unreach-call.prp -32 test/programs/benchmarks/nla-digbench-scaling/ps3-ll_unwindbound100.c


--------------------------------------------------------------------------------


Running CPAchecker with Java heap of size 13000M.
Running CPAchecker with Java stack of size 50M.
Language C detected and set for analysis (CPAMain.detectFrontendLanguageIfNecessary, INFO)

Using the following resource limits: CPU-time limit of 900s (ResourceLimitChecker.fromConfiguration, INFO)

CPAchecker 2.3.1-svn-45350M / bmc (OpenJDK 64-Bit Server VM 17.0.8.1) started (CPAchecker.run, INFO)

Parsing CFA from file(s) "test/programs/benchmarks/nla-digbench-scaling/ps3-ll_unwindbound100.c" (CPAchecker.parse, INFO)

Using unsound approximation of ints with unbounded integers and floats with unbounded integers for encoding program semantics. (PredicateCPA:FormulaManagerView.<init>, WARNING)

Using predicate analysis with Princess 2023-04-07. (PredicateCPA:PredicateCPA.<init>, INFO)

Using unsound approximation of ints with unbounded integers and floats with unbounded integers for encoding program semantics. (AssumptionStorageCPA:FormulaManagerView.<init>, WARNING)

The following configuration options were specified but are not used:
 proveroptions.option 
 (CPAchecker.printConfigurationWarnings, WARNING)

Starting analysis ... (CPAchecker.runAlgorithm, INFO)

Creating formula for program (AbstractBMCAlgorithm.run, INFO)

Starting satisfiability check... (AbstractBMCAlgorithm.boundedModelCheck, INFO)

Starting assertions check... (AbstractBMCAlgorithm.checkBoundingAssertions, INFO)

Terminating because none of the following CPAs' precision can be adjusted any further  LoopBoundCPA (AbstractBMCAlgorithm.adjustConditions, INFO)

Stopping analysis ... (CPAchecker.runAlgorithm, INFO)

Analysis incomplete: no errors found, but not everything could be checked. (CPAchecker.analyzeResult, WARNING)


PredicateCPA statistics
-----------------------
Number of abstractions:            0 (0% of all post computations)
Number of strengthen sat checks:   0
Number of coverage checks:         0
  BDD entailment checks:           0
Number of SMT sat checks:          0
  trivial:                         0
  cached:                          0

Max ABE block size:                       0
Avg ABE block size:                                0.00 (sum: 0, count: 0, min: 0, max: 0)
Number of predicates discovered:          0

Time for post operator:                                0.205s
  Time for path formula creation:                      0.204s
Time for strengthen operator:                          0.004s
Time for prec operator:                                0.006s
Time for coverage checks:                              0.000s
Total time for SMT solver (w/o itp):     0.000s

Total number of created targets for pointer analysis: 0



KeyValue statistics
-------------------
Init. function predicates:                         0
Init. global predicates:                           0
Init. location predicates:                         0

Invariant Generation statistics
-------------------------------

Bounds CPA statistics
---------------------
Bound k:                                           10
Maximum loop iteration reached:                    11


ValueAnalysisCPA statistics
---------------------------
Number of variables per state:                     4.79 (sum: 1101, count: 230, min: 0, max: 6)
Number of global variables per state:              0.97 (sum: 222, count: 230, min: 0, max: 1)
Number of assumptions:                                  140
Number of deterministic assumptions:                      0
Level of Determinism:                              0%

ValueAnalysisPrecisionAdjustment statistics
-------------------------------------------
Number of abstraction computations:                     229
Total time for liveness abstraction:                   0.000s
Total time for abstraction computation:                0.011s
Total time for path thresholds:                        0.000s

ConstraintsStrengthenOperator statistics
----------------------------------------
Total time for strengthening by ConstraintsCPA:     0.000s
Replaced symbolic expressions: 0

AutomatonAnalysis (SVCOMP) statistics
-------------------------------------
Number of states:                                  1
Total time for successor computation:                  0.005s
Automaton transfers with branching:                0
Automaton transfer successors:                     1.00 (sum: 229, count: 229, min: 1, max: 1) [1 x 229]
Number of states with assumption transitions:      0

CPA algorithm statistics
------------------------
Number of iterations:            230
Max size of waitlist:            2
Average size of waitlist:        1
LoopstackSortedWaitlist:                           0.21 (sum: 40, count: 190, min: 0, max: 4)
ReversePostorderSortedWaitlist:                    0.00 (sum: 0, count: 190, min: 0, max: 0)
LoopIterationSortedWaitlist:                       0.21 (sum: 40, count: 190, min: 0, max: 4)
CallstackSortedWaitlist:                           40.00 (sum: 40, count: 1, min: 40, max: 40)
Number of computed successors:   229
Max successors for one state:    2
Number of times merged:          0
Number of times stopped:         0
Number of times breaked:         0

Total time for CPA algorithm:         0.402s (Max:     0.402s)
  Time for choose from waitlist:      0.010s
  Time for precision adjustment:      0.037s
  Time for transfer relation:         0.331s
  Time for stop operator:             0.005s
  Time for adding to reached set:     0.015s

BMC algorithm statistics
------------------------
Time for BMC formula creation:                       0.406s
Time for final sat check:                            0.182s
Time for bounding assertions check:                  0.480s

CPAchecker general statistics
-----------------------------
Number of program locations:                       51
Number of CFA edges (per node):                          48 (count: 51, min: 0, max: 2, avg: 0.94)
Number of relevant variables:                      8
Number of functions:                               4
Number of loops (and loop nodes):                         1 (sum: 9, min: 9, max: 9, avg: 9.00)
Size of reached set:             230
  Number of reached locations:   36 (71%)
    Avg states per location:     6
    Max states per location:     20 (at node N10)
  Number of reached functions:   2 (50%)
  Number of partitions:          230
    Avg size of partitions:      1
    Max size of partitions:      1
  Number of target states:       0

Time for analysis setup:          1.987s
  Time for loading CPAs:          1.122s
  Time for loading parser:        0.247s
  Time for CFA construction:      0.516s
    Time for parsing file(s):     0.295s
    Time for AST to CFA:          0.098s
    Time for CFA sanity check:    0.000s
    Time for post-processing:     0.084s
    Time for loop structure:      0.004s
    Time for AST structure:       0.000s
      Time for function pointers resolving:            0.003s
        Function calls via function pointers:             0 (count: 1, min: 0, max: 0, avg: 0.00)
        Instrumented function pointer calls:              0 (count: 1, min: 0, max: 0, avg: 0.00)
        Function calls with function pointer arguments:        0 (count: 1, min: 0, max: 0, avg: 0.00)
        Instrumented function pointer arguments:          0 (count: 1, min: 0, max: 0, avg: 0.00)
      Time for classifying variables:                  0.049s
        Time for collecting variables:                 0.029s
        Time for solving dependencies:                 0.000s
        Time for building hierarchy:                   0.000s
        Time for building classification:              0.020s
        Time for exporting data:                       0.000s
Time for Analysis:                1.191s
CPU time for analysis:            2.330s
Time for analyzing result:        0.001s
Total time for CPAchecker:        3.179s
Total CPU time for CPAchecker:    6.100s
Time for statistics:              0.046s

Time for Garbage Collector:       0.056s (in 7 runs)
Garbage Collector(s) used:    G1 Old Generation, G1 Young Generation

Verification result: UNKNOWN, incomplete analysis.
More details about the verification run can be found in the directory "./output".
