scripts/cpa.sh -heap 13000M -stack 50M -noout -benchmark -bmc -setprop cpa.predicate.useArraysForHeap=false -setprop cpa.predicate.memoryAllocationsAlwaysSucceed=true -setprop cpa.loopbound.maxLoopIterations=10 -setprop cpa.predicate.encodeFloatAs=INTEGER -setprop cpa.predicate.encodeBitvectorAs=INTEGER -setprop solver.solver=princess_binary -setprop proveroptions.option=use_binary -timelimit 900s -stats -spec test/programs/benchmarks/properties/unreach-call.prp -64 test/programs/benchmarks/ldv-linux-4.2-rc1/linux-4.2-rc1.tar.xz-32_7a-drivers--usb--gadget--libcomposite.ko-entry_point.cil.out.i


--------------------------------------------------------------------------------


Running CPAchecker with Java heap of size 13000M.
Running CPAchecker with Java stack of size 50M.
Language C detected and set for analysis (CPAMain.detectFrontendLanguageIfNecessary, INFO)

Using the following resource limits: CPU-time limit of 900s (ResourceLimitChecker.fromConfiguration, INFO)

CPAchecker 2.3.1-svn-45350M / bmc (OpenJDK 64-Bit Server VM 17.0.8.1) started (CPAchecker.run, INFO)

Parsing CFA from file(s) "test/programs/benchmarks/ldv-linux-4.2-rc1/linux-4.2-rc1.tar.xz-32_7a-drivers--usb--gadget--libcomposite.ko-entry_point.cil.out.i" (CPAchecker.parse, INFO)

line 3049: Dead code detected: return (ldv_func_res); (CFACreationUtils.addEdgeToCFA, INFO)

line 3346: Dead code detected: return (ldv_func_res); (CFACreationUtils.addEdgeToCFA, INFO)

line 3789: Dead code detected: return (ldv_func_res); (CFACreationUtils.addEdgeToCFA, INFO)

line 7642: Dead code detected: return (ldv_func_res); (CFACreationUtils.addEdgeToCFA, INFO)

line 7948: Dead code detected: return (ldv_func_res); (CFACreationUtils.addEdgeToCFA, INFO)

line 13849: Dead code detected: return (ldv_func_res); (CFACreationUtils.addEdgeToCFA, INFO)

line 14197: Dead code detected: return (ldv_func_res); (CFACreationUtils.addEdgeToCFA, INFO)

Inline assembler ignored, analysis is probably unsound! (CFABuilder.createCFA, WARNING)

line 4877: Function pointer *(cdev->gadget->ops->get_config_params) with type void (*)(struct usb_dcd_config_params *) is called, but no possible target functions were found. (CFunctionPointerResolver.getTargets, WARNING)

line 6758: Function pointer *(f->setup) with type int (*)(struct usb_function *, const struct usb_ctrlrequest *) is called, but no possible target functions were found. (CFunctionPointerResolver.getTargets, WARNING)

line 6745: Function pointer *(c->setup) with type int (*)(struct usb_configuration *, const struct usb_ctrlrequest *) is called, but no possible target functions were found. (CFunctionPointerResolver.getTargets, WARNING)

line 6736: Function pointer *(f->setup) with type int (*)(struct usb_function *, const struct usb_ctrlrequest *) is called, but no possible target functions were found. (CFunctionPointerResolver.getTargets, WARNING)

line 6684: Function pointer *(f->req_match) with type bool (*)(struct usb_function *, const struct usb_ctrlrequest *) is called, but no possible target functions were found. (CFunctionPointerResolver.getTargets, WARNING)

line 6563: Function pointer *(f->func_suspend) with type int (*)(struct usb_function *, u8 ) is called, but no possible target functions were found. (CFunctionPointerResolver.getTargets, WARNING)

line 6491: Function pointer *(f->get_alt) with type int (*)(struct usb_function *, unsigned int) is called, but no possible target functions were found. (CFunctionPointerResolver.getTargets, WARNING)

line 6444: Function pointer *(f->set_alt) with type int (*)(struct usb_function *, unsigned int, unsigned int) is called, but no possible target functions were found. (CFunctionPointerResolver.getTargets, WARNING)

line 10038: Function pointer *(fi->set_inst_name) with type int (*)(struct usb_function_instance *, const char *) is called, but no possible target functions were found. (CFunctionPointerResolver.getTargets, WARNING)

line 5365: Function pointer *(config->unbind) with type void (*)(struct usb_configuration *) is called, but no possible target functions were found. (CFunctionPointerResolver.getTargets, WARNING)

line 5052: Function pointer *(f->set_alt) with type int (*)(struct usb_function *, unsigned int, unsigned int) is called, but no possible target functions were found. (CFunctionPointerResolver.getTargets, WARNING)

line 7720: Function pointer *(fd->alloc_inst) with type struct usb_function_instance *(*)() is called, but no possible target functions were found. (CFunctionPointerResolver.getTargets, WARNING)

line 5203: Function pointer *bind with type int (*)(struct usb_configuration *) is called, but no possible target functions were found. (CFunctionPointerResolver.getTargets, WARNING)

line 3976: Function pointer *(ep->ops->alloc_request) with type struct usb_request *(*)(struct usb_ep *, gfp_t ) is called, but no possible target functions were found. (CFunctionPointerResolver.getTargets, WARNING)

line 3999: Function pointer *(ep->ops->dequeue) with type int (*)(struct usb_ep *, struct usb_request *) is called, but no possible target functions were found. (CFunctionPointerResolver.getTargets, WARNING)

line 3991: Function pointer *(ep->ops->queue) with type int (*)(struct usb_ep *, struct usb_request *, gfp_t ) is called, but no possible target functions were found. (CFunctionPointerResolver.getTargets, WARNING)

line 4067: Function pointer *(gadget->ops->pullup) with type int (*)(struct usb_gadget *, int) is called, but no possible target functions were found. (CFunctionPointerResolver.getTargets, WARNING)

line 4080: Function pointer *(gadget->ops->pullup) with type int (*)(struct usb_gadget *, int) is called, but no possible target functions were found. (CFunctionPointerResolver.getTargets, WARNING)

line 4041: Function pointer *(gadget->ops->set_selfpowered) with type int (*)(struct usb_gadget *, int) is called, but no possible target functions were found. (CFunctionPointerResolver.getTargets, WARNING)

line 4054: Function pointer *(gadget->ops->vbus_draw) with type int (*)(struct usb_gadget *, unsigned int) is called, but no possible target functions were found. (CFunctionPointerResolver.getTargets, WARNING)

Using unsound approximation of ints with unbounded integers and floats with unbounded integers for encoding program semantics. (PredicateCPA:FormulaManagerView.<init>, WARNING)

Using predicate analysis with Princess 2023-04-07. (PredicateCPA:PredicateCPA.<init>, INFO)

Using unsound approximation of ints with unbounded integers and floats with unbounded integers for encoding program semantics. (AssumptionStorageCPA:FormulaManagerView.<init>, WARNING)

The following configuration options were specified but are not used:
 proveroptions.option 
 (CPAchecker.printConfigurationWarnings, WARNING)

Starting analysis ... (CPAchecker.runAlgorithm, INFO)

Recursion detected, aborting. To ignore recursion, add -skipRecursion to the command line. (TargetLocationProvider:CallstackCPA:CallstackTransferRelation.getAbstractSuccessorsForEdge, INFO)

Recursion detected. Defaulting to selecting all locations as potential target locations. (TargetLocationProvider:TargetLocationProviderImpl.tryGetAutomatonTargetLocations, INFO)

Creating formula for program (AbstractBMCAlgorithm.run, INFO)

Exception in thread "main" org.sosy_lab.java_smt.basicimpl.GeneratorException: Modular Congruence is not available in SMTLIB2. 
	at org.sosy_lab.java_smt.basicimpl.AbstractNumeralFormulaManager.modularCongruence(AbstractNumeralFormulaManager.java:361)
	at org.sosy_lab.java_smt.solvers.princess.PrincessIntegerFormulaManager.modularCongruence(PrincessIntegerFormulaManager.java:22)
	at org.sosy_lab.cpachecker.util.predicates.smt.IntegerFormulaManagerView.modularCongruence(IntegerFormulaManagerView.java:35)
	at org.sosy_lab.cpachecker.util.predicates.smt.FormulaManagerView.makeModularCongruence(FormulaManagerView.java:688)
	at org.sosy_lab.cpachecker.util.predicates.smt.FormulaManagerView.makeModularCongruence(FormulaManagerView.java:670)
	at org.sosy_lab.cpachecker.util.predicates.pathformula.pointeraliasing.PointerTargetSetManager.makeBaseAddressConstraints(PointerTargetSetManager.java:653)
	at org.sosy_lab.cpachecker.util.predicates.pathformula.pointeraliasing.PointerTargetSetBuilder$RealPointerTargetSetBuilder.addNextBaseAddressConstraints(PointerTargetSetBuilder.java:286)
	at org.sosy_lab.cpachecker.util.predicates.pathformula.pointeraliasing.CToFormulaConverterWithPointerAliasing.declareSharedBase(CToFormulaConverterWithPointerAliasing.java:437)
	at org.sosy_lab.cpachecker.util.predicates.pathformula.pointeraliasing.CToFormulaConverterWithPointerAliasing.makeDeclaration(CToFormulaConverterWithPointerAliasing.java:1001)
	at org.sosy_lab.cpachecker.util.predicates.pathformula.ctoformula.CtoFormulaConverter.createFormulaForEdge(CtoFormulaConverter.java:1231)
	at org.sosy_lab.cpachecker.util.predicates.pathformula.ctoformula.CtoFormulaConverter.makeAnd(CtoFormulaConverter.java:1049)
	at org.sosy_lab.cpachecker.util.predicates.pathformula.PathFormulaManagerImpl.makeAnd(PathFormulaManagerImpl.java:246)
	at org.sosy_lab.cpachecker.util.predicates.pathformula.PathFormulaManagerImpl.makeAnd(PathFormulaManagerImpl.java:300)
	at org.sosy_lab.cpachecker.cpa.predicate.PredicateTransferRelation.convertEdgeToPathFormula(PredicateTransferRelation.java:203)
	at org.sosy_lab.cpachecker.cpa.predicate.PredicateTransferRelation.getAbstractSuccessorsForEdge(PredicateTransferRelation.java:113)
	at org.sosy_lab.cpachecker.cpa.composite.CompositeTransferRelation.callTransferRelation(CompositeTransferRelation.java:297)
	at org.sosy_lab.cpachecker.cpa.composite.CompositeTransferRelation.getAbstractSuccessorForSimpleEdge(CompositeTransferRelation.java:264)
	at org.sosy_lab.cpachecker.cpa.composite.CompositeTransferRelation.getAbstractSuccessorForEdge(CompositeTransferRelation.java:196)
	at org.sosy_lab.cpachecker.cpa.composite.CompositeTransferRelation.getAbstractSuccessors(CompositeTransferRelation.java:88)
	at org.sosy_lab.cpachecker.cpa.arg.ARGTransferRelation.getAbstractSuccessors(ARGTransferRelation.java:45)
	at org.sosy_lab.cpachecker.core.algorithm.CPAAlgorithm.handleState(CPAAlgorithm.java:334)
	at org.sosy_lab.cpachecker.core.algorithm.CPAAlgorithm.run0(CPAAlgorithm.java:289)
	at org.sosy_lab.cpachecker.core.algorithm.CPAAlgorithm.run(CPAAlgorithm.java:260)
	at org.sosy_lab.cpachecker.core.algorithm.bmc.BMCHelper.unroll(BMCHelper.java:192)
	at org.sosy_lab.cpachecker.core.algorithm.bmc.AbstractBMCAlgorithm.run(AbstractBMCAlgorithm.java:427)
	at org.sosy_lab.cpachecker.core.algorithm.bmc.BMCAlgorithm.run(BMCAlgorithm.java:130)
	at org.sosy_lab.cpachecker.core.CPAchecker.runAlgorithm(CPAchecker.java:507)
	at org.sosy_lab.cpachecker.core.CPAchecker.run(CPAchecker.java:369)
	at org.sosy_lab.cpachecker.cmdline.CPAMain.main(CPAMain.java:170)
