scripts/cpa.sh -heap 13000M -stack 50M -noout -benchmark -bmc -setprop cpa.predicate.useArraysForHeap=false -setprop cpa.predicate.memoryAllocationsAlwaysSucceed=true -setprop cpa.loopbound.maxLoopIterations=10 -setprop cpa.predicate.encodeFloatAs=INTEGER -setprop cpa.predicate.encodeBitvectorAs=INTEGER -setprop solver.solver=princess -timelimit 900s -stats -spec test/programs/benchmarks/properties/unreach-call.prp -64 test/programs/benchmarks/ldv-linux-3.16-rc1/43_2a_consumption_linux-3.16-rc1.tar.xz-43_2a-drivers--usb--host--xhci-hcd.ko-entry_point.cil.out.i


--------------------------------------------------------------------------------


Running CPAchecker with Java heap of size 13000M.
Running CPAchecker with Java stack of size 50M.
Language C detected and set for analysis (CPAMain.detectFrontendLanguageIfNecessary, INFO)

Using the following resource limits: CPU-time limit of 900s (ResourceLimitChecker.fromConfiguration, INFO)

CPAchecker 2.3.1-svn-45350M / bmc (OpenJDK 64-Bit Server VM 17.0.8.1) started (CPAchecker.run, INFO)

Parsing CFA from file(s) "test/programs/benchmarks/ldv-linux-3.16-rc1/43_2a_consumption_linux-3.16-rc1.tar.xz-43_2a-drivers--usb--host--xhci-hcd.ko-entry_point.cil.out.i" (CPAchecker.parse, INFO)

line 5064: Dead code detected: __asm__ ("movb %%gs:%P1,%0": "=q" (pfo_ret__): "m" (__preempt_count)); (CFACreationUtils.addEdgeToCFA, INFO)

line 5067: Dead code detected: __asm__ ("movw %%gs:%P1,%0": "=r" (pfo_ret__): "m" (__preempt_count)); (CFACreationUtils.addEdgeToCFA, INFO)

line 5073: Dead code detected: __asm__ ("movq %%gs:%P1,%0": "=r" (pfo_ret__): "m" (__preempt_count)); (CFACreationUtils.addEdgeToCFA, INFO)

line 5075: Dead code detected: switch (4UL) {
  case 1UL:
  __asm__ ("movb %%gs:%P1,%0": "=q" (pfo_ret__): "m" (__preempt_count));
  goto ldv_6004;
  case 2UL:
  __asm__ ("movw %%gs:%P1,%0": "=r" (pfo_ret__): "m" (__preempt_count));
  goto ldv_6004;
  case 4UL:
  __asm__ ("movl %%gs:%P1,%0": "=r" (pfo_ret__): "m" (__preempt_count));
  goto ldv_6004;
  case 8UL:
  __asm__ ("movq %%gs:%P1,%0": "=r" (pfo_ret__): "m" (__preempt_count));
  goto ldv_6004;
  default:
  __bad_percpu_size();
  } (CFACreationUtils.addEdgeToCFA, INFO)

line 5089: Dead code detected: [pao_ID__ == 1] (CFACreationUtils.addEdgeToCFA, INFO)

line 5089: Dead code detected: [!(pao_ID__ == 1)] (CFACreationUtils.addEdgeToCFA, INFO)

line 5090: Dead code detected: __asm__ ("incb %%gs:%P0": "+m" (__preempt_count)); (CFACreationUtils.addEdgeToCFA, INFO)

line 5092: Dead code detected: [pao_ID__ == -1] (CFACreationUtils.addEdgeToCFA, INFO)

line 5092: Dead code detected: [!(pao_ID__ == -1)] (CFACreationUtils.addEdgeToCFA, INFO)

line 5093: Dead code detected: __asm__ ("decb %%gs:%P0": "+m" (__preempt_count)); (CFACreationUtils.addEdgeToCFA, INFO)

line 5095: Dead code detected: __asm__ ("addb %1, %%gs:%P0": "+m" (__preempt_count): "qi" (val)); (CFACreationUtils.addEdgeToCFA, INFO)

line 5099: Dead code detected: [pao_ID__ == 1] (CFACreationUtils.addEdgeToCFA, INFO)

line 5099: Dead code detected: [!(pao_ID__ == 1)] (CFACreationUtils.addEdgeToCFA, INFO)

line 5100: Dead code detected: __asm__ ("incw %%gs:%P0": "+m" (__preempt_count)); (CFACreationUtils.addEdgeToCFA, INFO)

line 5102: Dead code detected: [pao_ID__ == -1] (CFACreationUtils.addEdgeToCFA, INFO)

line 5102: Dead code detected: [!(pao_ID__ == -1)] (CFACreationUtils.addEdgeToCFA, INFO)

line 5103: Dead code detected: __asm__ ("decw %%gs:%P0": "+m" (__preempt_count)); (CFACreationUtils.addEdgeToCFA, INFO)

line 5105: Dead code detected: __asm__ ("addw %1, %%gs:%P0": "+m" (__preempt_count): "ri" (val)); (CFACreationUtils.addEdgeToCFA, INFO)

line 5119: Dead code detected: [pao_ID__ == 1] (CFACreationUtils.addEdgeToCFA, INFO)

line 5119: Dead code detected: [!(pao_ID__ == 1)] (CFACreationUtils.addEdgeToCFA, INFO)

line 5120: Dead code detected: __asm__ ("incq %%gs:%P0": "+m" (__preempt_count)); (CFACreationUtils.addEdgeToCFA, INFO)

line 5122: Dead code detected: [pao_ID__ == -1] (CFACreationUtils.addEdgeToCFA, INFO)

line 5122: Dead code detected: [!(pao_ID__ == -1)] (CFACreationUtils.addEdgeToCFA, INFO)

line 5123: Dead code detected: __asm__ ("decq %%gs:%P0": "+m" (__preempt_count)); (CFACreationUtils.addEdgeToCFA, INFO)

line 5125: Dead code detected: __asm__ ("addq %1, %%gs:%P0": "+m" (__preempt_count): "re" (val)); (CFACreationUtils.addEdgeToCFA, INFO)

line 5128: Dead code detected: switch (4UL) {
  case 1UL: ;
  if (pao_ID__ == 1) {
    __asm__ ("incb %%gs:%P0": "+m" (__preempt_count));
  } else
  if (pao_ID__ == -1) {
    __asm__ ("decb %%gs:%P0": "+m" (__preempt_count));
  } else {
    __asm__ ("addb %1, %%gs:%P0": "+m" (__preempt_count): "qi" (val));
  }
  goto ldv_6061;
  case 2UL: ;
  if (pao_ID__ == 1) {
    __asm__ ("incw %%gs:%P0": "+m" (__preempt_count));
  } else
  if (pao_ID__ == -1) {
    __asm__ ("decw %%gs:%P0": "+m" (__preempt_count));
  } else {
    __asm__ ("addw %1, %%gs:%P0": "+m" (__preempt_count): "ri" (val));
  }
  goto ldv_6061;
  case 4UL: ;
  if (pao_ID__ == 1) {
    __asm__ ("incl %%gs:%P0": "+m" (__preempt_count));
  } else
  if (pao_ID__ == -1) {
    __asm__ ("decl %%gs:%P0": "+m" (__preempt_count));
  } else {
    __asm__ ("addl %1, %%gs:%P0": "+m" (__preempt_count): "ri" (val));
  }
  goto ldv_6061;
  case 8UL: ;
  if (pao_ID__ == 1) {
    __asm__ ("incq %%gs:%P0": "+m" (__preempt_count));
  } else
  if (pao_ID__ == -1) {
    __asm__ ("decq %%gs:%P0": "+m" (__preempt_count));
  } else {
    __asm__ ("addq %1, %%gs:%P0": "+m" (__preempt_count): "re" (val));
  }
  goto ldv_6061;
  default:
  __bad_percpu_size();
  } (CFACreationUtils.addEdgeToCFA, INFO)

line 5142: Dead code detected: [pao_ID__ == 1] (CFACreationUtils.addEdgeToCFA, INFO)

line 5142: Dead code detected: [!(pao_ID__ == 1)] (CFACreationUtils.addEdgeToCFA, INFO)

line 5143: Dead code detected: __asm__ ("incb %%gs:%P0": "+m" (__preempt_count)); (CFACreationUtils.addEdgeToCFA, INFO)

line 5145: Dead code detected: [pao_ID__ == -1] (CFACreationUtils.addEdgeToCFA, INFO)

line 5145: Dead code detected: [!(pao_ID__ == -1)] (CFACreationUtils.addEdgeToCFA, INFO)

line 5146: Dead code detected: __asm__ ("decb %%gs:%P0": "+m" (__preempt_count)); (CFACreationUtils.addEdgeToCFA, INFO)

line 5148: Dead code detected: __asm__ ("addb %1, %%gs:%P0": "+m" (__preempt_count): "qi" (- val)); (CFACreationUtils.addEdgeToCFA, INFO)

line 5152: Dead code detected: [pao_ID__ == 1] (CFACreationUtils.addEdgeToCFA, INFO)

line 5152: Dead code detected: [!(pao_ID__ == 1)] (CFACreationUtils.addEdgeToCFA, INFO)

line 5153: Dead code detected: __asm__ ("incw %%gs:%P0": "+m" (__preempt_count)); (CFACreationUtils.addEdgeToCFA, INFO)

line 5155: Dead code detected: [pao_ID__ == -1] (CFACreationUtils.addEdgeToCFA, INFO)

line 5155: Dead code detected: [!(pao_ID__ == -1)] (CFACreationUtils.addEdgeToCFA, INFO)

line 5156: Dead code detected: __asm__ ("decw %%gs:%P0": "+m" (__preempt_count)); (CFACreationUtils.addEdgeToCFA, INFO)

line 5158: Dead code detected: __asm__ ("addw %1, %%gs:%P0": "+m" (__preempt_count): "ri" (- val)); (CFACreationUtils.addEdgeToCFA, INFO)

line 5172: Dead code detected: [pao_ID__ == 1] (CFACreationUtils.addEdgeToCFA, INFO)

line 5172: Dead code detected: [!(pao_ID__ == 1)] (CFACreationUtils.addEdgeToCFA, INFO)

line 5173: Dead code detected: __asm__ ("incq %%gs:%P0": "+m" (__preempt_count)); (CFACreationUtils.addEdgeToCFA, INFO)

line 5175: Dead code detected: [pao_ID__ == -1] (CFACreationUtils.addEdgeToCFA, INFO)

line 5175: Dead code detected: [!(pao_ID__ == -1)] (CFACreationUtils.addEdgeToCFA, INFO)

line 5176: Dead code detected: __asm__ ("decq %%gs:%P0": "+m" (__preempt_count)); (CFACreationUtils.addEdgeToCFA, INFO)

line 5178: Dead code detected: __asm__ ("addq %1, %%gs:%P0": "+m" (__preempt_count): "re" (- val)); (CFACreationUtils.addEdgeToCFA, INFO)

line 5181: Dead code detected: switch (4UL) {
  case 1UL: ;
  if (pao_ID__ == 1) {
    __asm__ ("incb %%gs:%P0": "+m" (__preempt_count));
  } else
  if (pao_ID__ == -1) {
    __asm__ ("decb %%gs:%P0": "+m" (__preempt_count));
  } else {
    __asm__ ("addb %1, %%gs:%P0": "+m" (__preempt_count): "qi" (- val));
  }
  goto ldv_6073;
  case 2UL: ;
  if (pao_ID__ == 1) {
    __asm__ ("incw %%gs:%P0": "+m" (__preempt_count));
  } else
  if (pao_ID__ == -1) {
    __asm__ ("decw %%gs:%P0": "+m" (__preempt_count));
  } else {
    __asm__ ("addw %1, %%gs:%P0": "+m" (__preempt_count): "ri" (- val));
  }
  goto ldv_6073;
  case 4UL: ;
  if (pao_ID__ == 1) {
    __asm__ ("incl %%gs:%P0": "+m" (__preempt_count));
  } else
  if (pao_ID__ == -1) {
    __asm__ ("decl %%gs:%P0": "+m" (__preempt_count));
  } else {
    __asm__ ("addl %1, %%gs:%P0": "+m" (__preempt_count): "ri" (- val));
  }
  goto ldv_6073;
  case 8UL: ;
  if (pao_ID__ == 1) {
    __asm__ ("incq %%gs:%P0": "+m" (__preempt_count));
  } else
  if (pao_ID__ == -1) {
    __asm__ ("decq %%gs:%P0": "+m" (__preempt_count));
  } else {
    __asm__ ("addq %1, %%gs:%P0": "+m" (__preempt_count): "re" (- val));
  }
  goto ldv_6073;
  default:
  __bad_percpu_size();
  } (CFACreationUtils.addEdgeToCFA, INFO)

line 21882: Dead code detected: *((u8 *)__gu_p) = (unsigned char )status; (CFACreationUtils.addEdgeToCFA, INFO)

line 21885: Dead code detected: put_unaligned_le16((int )((unsigned short )status), __gu_p); (CFACreationUtils.addEdgeToCFA, INFO)

line 21891: Dead code detected: put_unaligned_le64((unsigned long long )status, __gu_p); (CFACreationUtils.addEdgeToCFA, INFO)

line 21893: Dead code detected: switch (4UL) {
  case 1UL:
  *((u8 *)__gu_p) = (unsigned char )status;
  goto ldv_29053;
  case 2UL:
  put_unaligned_le16((int )((unsigned short )status), __gu_p);
  goto ldv_29053;
  case 4UL:
  put_unaligned_le32(status, __gu_p);
  goto ldv_29053;
  case 8UL:
  put_unaligned_le64((unsigned long long )status, __gu_p);
  goto ldv_29053;
  default:
  __bad_unaligned_access_size();
  goto ldv_29053;
  } (CFACreationUtils.addEdgeToCFA, INFO)

line 24937: Dead code detected: __ptr = (u8 volatile *)(& v->counter); (CFACreationUtils.addEdgeToCFA, INFO)

line 24942: Dead code detected: __ptr___0 = (u16 volatile *)(& v->counter); (CFACreationUtils.addEdgeToCFA, INFO)

line 24952: Dead code detected: __ptr___2 = (u64 volatile *)(& v->counter); (CFACreationUtils.addEdgeToCFA, INFO)

line 24956: Dead code detected: switch (4UL) {
  case 1UL:
  __ptr = (u8 volatile *)(& v->counter);
  __asm__ volatile (".pushsection .smp_locks,\"a\"\n.balign 4\n.long 671f - .\n.popsection\n671:\n\tlock; cmpxchgb %2,%1": "=a" (__ret),
                       "+m" (*__ptr): "q" (__new), "0" (__old): "memory");
  goto ldv_5646;
  case 2UL:
  __ptr___0 = (u16 volatile *)(& v->counter);
  __asm__ volatile (".pushsection .smp_locks,\"a\"\n.balign 4\n.long 671f - .\n.popsection\n671:\n\tlock; cmpxchgw %2,%1": "=a" (__ret),
                       "+m" (*__ptr___0): "r" (__new), "0" (__old): "memory");
  goto ldv_5646;
  case 4UL:
  __ptr___1 = (u32 volatile *)(& v->counter);
  __asm__ volatile (".pushsection .smp_locks,\"a\"\n.balign 4\n.long 671f - .\n.popsection\n671:\n\tlock; cmpxchgl %2,%1": "=a" (__ret),
                       "+m" (*__ptr___1): "r" (__new), "0" (__old): "memory");
  goto ldv_5646;
  case 8UL:
  __ptr___2 = (u64 volatile *)(& v->counter);
  __asm__ volatile (".pushsection .smp_locks,\"a\"\n.balign 4\n.long 671f - .\n.popsection\n671:\n\tlock; cmpxchgq %2,%1": "=a" (__ret),
                       "+m" (*__ptr___2): "r" (__new), "0" (__old): "memory");
  goto ldv_5646;
  default:
  __cmpxchg_wrong_size();
  } (CFACreationUtils.addEdgeToCFA, INFO)

Inline assembler ignored, analysis is probably unsound! (CFABuilder.createCFA, WARNING)

line 12873: Function pointer *(ops->alloc) with type void *(*)(struct device *, size_t , dma_addr_t *, gfp_t , struct dma_attrs *) is called, but no possible target functions were found. (CFunctionPointerResolver.getTargets, WARNING)

line 12903: Function pointer *(ops->free) with type void (*)(struct device *, size_t , void *, dma_addr_t , struct dma_attrs *) is called, but no possible target functions were found. (CFunctionPointerResolver.getTargets, WARNING)

line 6224: Function pointer *((void (*)(void *, struct xhci_hcd *, struct xhci_container_ctx *, unsigned int))it_func) with type void (*)(void *, struct xhci_hcd *, struct xhci_container_ctx *, unsigned int) is called, but no possible target functions were found. (CFunctionPointerResolver.getTargets, WARNING)

line 16400: Function pointer *((void (*)(void *, void *, struct xhci_generic_trb *))it_func) with type void (*)(void *, void *, struct xhci_generic_trb *) is called, but no possible target functions were found. (CFunctionPointerResolver.getTargets, WARNING)

line 5947: Function pointer *((void (*)(void *, struct va_format *))it_func) with type void (*)(void *, struct va_format *) is called, but no possible target functions were found. (CFunctionPointerResolver.getTargets, WARNING)

line 6131: Function pointer *((void (*)(void *, struct va_format *))it_func) with type void (*)(void *, struct va_format *) is called, but no possible target functions were found. (CFunctionPointerResolver.getTargets, WARNING)

line 16309: Function pointer *((void (*)(void *, struct va_format *))it_func) with type void (*)(void *, struct va_format *) is called, but no possible target functions were found. (CFunctionPointerResolver.getTargets, WARNING)

line 5993: Function pointer *((void (*)(void *, struct va_format *))it_func) with type void (*)(void *, struct va_format *) is called, but no possible target functions were found. (CFunctionPointerResolver.getTargets, WARNING)

line 12958: Function pointer *((void (*)(void *, struct va_format *))it_func) with type void (*)(void *, struct va_format *) is called, but no possible target functions were found. (CFunctionPointerResolver.getTargets, WARNING)

line 6177: Function pointer *((void (*)(void *, struct va_format *))it_func) with type void (*)(void *, struct va_format *) is called, but no possible target functions were found. (CFunctionPointerResolver.getTargets, WARNING)

line 13003: Function pointer *((void (*)(void *, struct va_format *))it_func) with type void (*)(void *, struct va_format *) is called, but no possible target functions were found. (CFunctionPointerResolver.getTargets, WARNING)

line 6039: Function pointer *((void (*)(void *, struct va_format *))it_func) with type void (*)(void *, struct va_format *) is called, but no possible target functions were found. (CFunctionPointerResolver.getTargets, WARNING)

line 16219: Function pointer *((void (*)(void *, struct va_format *))it_func) with type void (*)(void *, struct va_format *) is called, but no possible target functions were found. (CFunctionPointerResolver.getTargets, WARNING)

line 21039: Function pointer *((void (*)(void *, struct va_format *))it_func) with type void (*)(void *, struct va_format *) is called, but no possible target functions were found. (CFunctionPointerResolver.getTargets, WARNING)

line 25108: Function pointer *((void (*)(void *, struct va_format *))it_func) with type void (*)(void *, struct va_format *) is called, but no possible target functions were found. (CFunctionPointerResolver.getTargets, WARNING)

line 6085: Function pointer *((void (*)(void *, struct va_format *))it_func) with type void (*)(void *, struct va_format *) is called, but no possible target functions were found. (CFunctionPointerResolver.getTargets, WARNING)

line 16264: Function pointer *((void (*)(void *, struct va_format *))it_func) with type void (*)(void *, struct va_format *) is called, but no possible target functions were found. (CFunctionPointerResolver.getTargets, WARNING)

line 13049: Function pointer *((void (*)(void *, struct va_format *))it_func) with type void (*)(void *, struct va_format *) is called, but no possible target functions were found. (CFunctionPointerResolver.getTargets, WARNING)

line 16354: Function pointer *((void (*)(void *, struct va_format *))it_func) with type void (*)(void *, struct va_format *) is called, but no possible target functions were found. (CFunctionPointerResolver.getTargets, WARNING)

Using unsound approximation of ints with unbounded integers and floats with unbounded integers for encoding program semantics. (PredicateCPA:FormulaManagerView.<init>, WARNING)

Using predicate analysis with Princess 2023-04-07. (PredicateCPA:PredicateCPA.<init>, INFO)

Using unsound approximation of ints with unbounded integers and floats with unbounded integers for encoding program semantics. (AssumptionStorageCPA:FormulaManagerView.<init>, WARNING)

Starting analysis ... (CPAchecker.runAlgorithm, INFO)

line 6177: Ignoring call via function pointer trace_xhci_dbg_init::it_func for which no suitable target was found in line: (*((void (*)(void *, struct va_format *))it_func))(__data, vaf); (TargetLocationProvider:FunctionPointerCPA:FunctionPointerTransferRelation.getAbstractSuccessorsForEdge, WARNING)

line 16309: Ignoring call via function pointer trace_xhci_dbg_cancel_urb___0::it_func for which no suitable target was found in line: (*((void (*)(void *, struct va_format *))it_func))(__data, vaf); (TargetLocationProvider:FunctionPointerCPA:FunctionPointerTransferRelation.getAbstractSuccessorsForEdge, WARNING)

line 6039: Ignoring call via function pointer trace_xhci_dbg_quirks::it_func for which no suitable target was found in line: (*((void (*)(void *, struct va_format *))it_func))(__data, vaf); (TargetLocationProvider:FunctionPointerCPA:FunctionPointerTransferRelation.getAbstractSuccessorsForEdge, WARNING)

line 13049: Ignoring call via function pointer trace_xhci_dbg_ring_expansion::it_func for which no suitable target was found in line: (*((void (*)(void *, struct va_format *))it_func))(__data, vaf); (TargetLocationProvider:FunctionPointerCPA:FunctionPointerTransferRelation.getAbstractSuccessorsForEdge, WARNING)

line 16354: Ignoring call via function pointer trace_xhci_dbg_ring_expansion___0::it_func for which no suitable target was found in line: (*((void (*)(void *, struct va_format *))it_func))(__data, vaf); (TargetLocationProvider:FunctionPointerCPA:FunctionPointerTransferRelation.getAbstractSuccessorsForEdge, WARNING)

line 13003: Ignoring call via function pointer trace_xhci_dbg_init___0::it_func for which no suitable target was found in line: (*((void (*)(void *, struct va_format *))it_func))(__data, vaf); (TargetLocationProvider:FunctionPointerCPA:FunctionPointerTransferRelation.getAbstractSuccessorsForEdge, WARNING)

line 5993: Ignoring call via function pointer trace_xhci_dbg_context_change::it_func for which no suitable target was found in line: (*((void (*)(void *, struct va_format *))it_func))(__data, vaf); (TargetLocationProvider:FunctionPointerCPA:FunctionPointerTransferRelation.getAbstractSuccessorsForEdge, WARNING)

line 6085: Ignoring call via function pointer trace_xhci_dbg_reset_ep::it_func for which no suitable target was found in line: (*((void (*)(void *, struct va_format *))it_func))(__data, vaf); (TargetLocationProvider:FunctionPointerCPA:FunctionPointerTransferRelation.getAbstractSuccessorsForEdge, WARNING)

line 5947: Ignoring call via function pointer trace_xhci_dbg_address::it_func for which no suitable target was found in line: (*((void (*)(void *, struct va_format *))it_func))(__data, vaf); (TargetLocationProvider:FunctionPointerCPA:FunctionPointerTransferRelation.getAbstractSuccessorsForEdge, WARNING)

lines 6224-6227: Ignoring call via function pointer trace_xhci_address_ctx::it_func for which no suitable target was found in line: (*((void (*)(void *, struct xhci_hcd *, struct xhci_container_ctx *, unsigned int))it_func))(__data, xhci, ctx, ep_num); (TargetLocationProvider:FunctionPointerCPA:FunctionPointerTransferRelation.getAbstractSuccessorsForEdge, WARNING)

line 6131: Ignoring call via function pointer trace_xhci_dbg_cancel_urb::it_func for which no suitable target was found in line: (*((void (*)(void *, struct va_format *))it_func))(__data, vaf); (TargetLocationProvider:FunctionPointerCPA:FunctionPointerTransferRelation.getAbstractSuccessorsForEdge, WARNING)

line 21039: Ignoring call via function pointer trace_xhci_dbg_quirks___1::it_func for which no suitable target was found in line: (*((void (*)(void *, struct va_format *))it_func))(__data, vaf); (TargetLocationProvider:FunctionPointerCPA:FunctionPointerTransferRelation.getAbstractSuccessorsForEdge, WARNING)

line 16219: Ignoring call via function pointer trace_xhci_dbg_quirks___0::it_func for which no suitable target was found in line: (*((void (*)(void *, struct va_format *))it_func))(__data, vaf); (TargetLocationProvider:FunctionPointerCPA:FunctionPointerTransferRelation.getAbstractSuccessorsForEdge, WARNING)

line 16264: Ignoring call via function pointer trace_xhci_dbg_reset_ep___0::it_func for which no suitable target was found in line: (*((void (*)(void *, struct va_format *))it_func))(__data, vaf); (TargetLocationProvider:FunctionPointerCPA:FunctionPointerTransferRelation.getAbstractSuccessorsForEdge, WARNING)

lines 16400-16402: Ignoring call via function pointer trace_xhci_cmd_completion::it_func for which no suitable target was found in line: (*((void (*)(void *, void *, struct xhci_generic_trb *))it_func))(__data, trb_va, ev); (TargetLocationProvider:FunctionPointerCPA:FunctionPointerTransferRelation.getAbstractSuccessorsForEdge, WARNING)

line 12958: Ignoring call via function pointer trace_xhci_dbg_context_change___0::it_func for which no suitable target was found in line: (*((void (*)(void *, struct va_format *))it_func))(__data, vaf); (TargetLocationProvider:FunctionPointerCPA:FunctionPointerTransferRelation.getAbstractSuccessorsForEdge, WARNING)

line 25108: Ignoring call via function pointer trace_xhci_dbg_quirks___2::it_func for which no suitable target was found in line: (*((void (*)(void *, struct va_format *))it_func))(__data, vaf); (TargetLocationProvider:FunctionPointerCPA:FunctionPointerTransferRelation.getAbstractSuccessorsForEdge, WARNING)

Creating formula for program (AbstractBMCAlgorithm.run, INFO)

Exception in thread "main" org.sosy_lab.java_smt.basicimpl.GeneratorException: Modular Congruence is not available in SMTLIB2. 
	at org.sosy_lab.java_smt.basicimpl.AbstractNumeralFormulaManager.modularCongruence(AbstractNumeralFormulaManager.java:361)
	at org.sosy_lab.java_smt.solvers.princess.PrincessIntegerFormulaManager.modularCongruence(PrincessIntegerFormulaManager.java:22)
	at org.sosy_lab.cpachecker.util.predicates.smt.IntegerFormulaManagerView.modularCongruence(IntegerFormulaManagerView.java:35)
	at org.sosy_lab.cpachecker.util.predicates.smt.FormulaManagerView.makeModularCongruence(FormulaManagerView.java:688)
	at org.sosy_lab.cpachecker.util.predicates.smt.FormulaManagerView.makeModularCongruence(FormulaManagerView.java:670)
	at org.sosy_lab.cpachecker.util.predicates.pathformula.pointeraliasing.PointerTargetSetManager.makeBaseAddressConstraints(PointerTargetSetManager.java:653)
	at org.sosy_lab.cpachecker.util.predicates.pathformula.pointeraliasing.PointerTargetSetBuilder$RealPointerTargetSetBuilder.addNextBaseAddressConstraints(PointerTargetSetBuilder.java:286)
	at org.sosy_lab.cpachecker.util.predicates.pathformula.pointeraliasing.CToFormulaConverterWithPointerAliasing.declareSharedBase(CToFormulaConverterWithPointerAliasing.java:442)
	at org.sosy_lab.cpachecker.util.predicates.pathformula.pointeraliasing.CToFormulaConverterWithPointerAliasing.makeDeclaration(CToFormulaConverterWithPointerAliasing.java:1001)
	at org.sosy_lab.cpachecker.util.predicates.pathformula.ctoformula.CtoFormulaConverter.createFormulaForEdge(CtoFormulaConverter.java:1231)
	at org.sosy_lab.cpachecker.util.predicates.pathformula.ctoformula.CtoFormulaConverter.makeAnd(CtoFormulaConverter.java:1049)
	at org.sosy_lab.cpachecker.util.predicates.pathformula.PathFormulaManagerImpl.makeAnd(PathFormulaManagerImpl.java:246)
	at org.sosy_lab.cpachecker.util.predicates.pathformula.PathFormulaManagerImpl.makeAnd(PathFormulaManagerImpl.java:300)
	at org.sosy_lab.cpachecker.cpa.predicate.PredicateTransferRelation.convertEdgeToPathFormula(PredicateTransferRelation.java:203)
	at org.sosy_lab.cpachecker.cpa.predicate.PredicateTransferRelation.getAbstractSuccessorsForEdge(PredicateTransferRelation.java:113)
	at org.sosy_lab.cpachecker.cpa.composite.CompositeTransferRelation.callTransferRelation(CompositeTransferRelation.java:297)
	at org.sosy_lab.cpachecker.cpa.composite.CompositeTransferRelation.getAbstractSuccessorForSimpleEdge(CompositeTransferRelation.java:264)
	at org.sosy_lab.cpachecker.cpa.composite.CompositeTransferRelation.getAbstractSuccessorForEdge(CompositeTransferRelation.java:196)
	at org.sosy_lab.cpachecker.cpa.composite.CompositeTransferRelation.getAbstractSuccessors(CompositeTransferRelation.java:88)
	at org.sosy_lab.cpachecker.cpa.arg.ARGTransferRelation.getAbstractSuccessors(ARGTransferRelation.java:45)
	at org.sosy_lab.cpachecker.core.algorithm.CPAAlgorithm.handleState(CPAAlgorithm.java:334)
	at org.sosy_lab.cpachecker.core.algorithm.CPAAlgorithm.run0(CPAAlgorithm.java:289)
	at org.sosy_lab.cpachecker.core.algorithm.CPAAlgorithm.run(CPAAlgorithm.java:260)
	at org.sosy_lab.cpachecker.core.algorithm.bmc.BMCHelper.unroll(BMCHelper.java:192)
	at org.sosy_lab.cpachecker.core.algorithm.bmc.AbstractBMCAlgorithm.run(AbstractBMCAlgorithm.java:427)
	at org.sosy_lab.cpachecker.core.algorithm.bmc.BMCAlgorithm.run(BMCAlgorithm.java:130)
	at org.sosy_lab.cpachecker.core.CPAchecker.runAlgorithm(CPAchecker.java:507)
	at org.sosy_lab.cpachecker.core.CPAchecker.run(CPAchecker.java:369)
	at org.sosy_lab.cpachecker.cmdline.CPAMain.main(CPAMain.java:170)
