scripts/cpa.sh -heap 13000M -stack 50M -noout -benchmark -bmc -setprop cpa.predicate.useArraysForHeap=false -setprop cpa.predicate.memoryAllocationsAlwaysSucceed=true -setprop cpa.loopbound.maxLoopIterations=10 -setprop cpa.predicate.encodeFloatAs=INTEGER -setprop cpa.predicate.encodeBitvectorAs=INTEGER -setprop solver.solver=princess_binary -setprop proveroptions.option=use_binary -timelimit 900s -stats -spec test/programs/benchmarks/properties/unreach-call.prp -32 test/programs/benchmarks/product-lines/minepump_spec1_product28.cil.c


--------------------------------------------------------------------------------


Running CPAchecker with Java heap of size 13000M.
Running CPAchecker with Java stack of size 50M.
Language C detected and set for analysis (CPAMain.detectFrontendLanguageIfNecessary, INFO)

Using the following resource limits: CPU-time limit of 900s (ResourceLimitChecker.fromConfiguration, INFO)

CPAchecker 2.3.1-svn-45350M / bmc (OpenJDK 64-Bit Server VM 17.0.8.1) started (CPAchecker.run, INFO)

Parsing CFA from file(s) "test/programs/benchmarks/product-lines/minepump_spec1_product28.cil.c" (CPAchecker.parse, INFO)

line 375: Dead code detected: return (retValue_acc); (CFACreationUtils.addEdgeToCFA, INFO)

line 421: Dead code detected: return (retValue_acc); (CFACreationUtils.addEdgeToCFA, INFO)

line 476: Dead code detected: return (retValue_acc); (CFACreationUtils.addEdgeToCFA, INFO)

line 508: Dead code detected: return (retValue_acc); (CFACreationUtils.addEdgeToCFA, INFO)

line 517: Dead code detected: return (retValue_acc); (CFACreationUtils.addEdgeToCFA, INFO)

line 701: Dead code detected: return (retValue_acc); (CFACreationUtils.addEdgeToCFA, INFO)

line 710: Dead code detected: return (retValue_acc); (CFACreationUtils.addEdgeToCFA, INFO)

line 765: Dead code detected: return (retValue_acc); (CFACreationUtils.addEdgeToCFA, INFO)

line 829: Dead code detected: return (retValue_acc); (CFACreationUtils.addEdgeToCFA, INFO)

line 852: Dead code detected: return (retValue_acc); (CFACreationUtils.addEdgeToCFA, INFO)

line 948: Dead code detected: return (retValue_acc); (CFACreationUtils.addEdgeToCFA, INFO)

line 212: Function pointer *__cil_tmp10 with type int (*)(int, int) is called, but no possible target functions were found. (CFunctionPointerResolver.getTargets, WARNING)

Using unsound approximation of ints with unbounded integers and floats with unbounded integers for encoding program semantics. (PredicateCPA:FormulaManagerView.<init>, WARNING)

Using predicate analysis with Princess 2023-04-07. (PredicateCPA:PredicateCPA.<init>, INFO)

Using unsound approximation of ints with unbounded integers and floats with unbounded integers for encoding program semantics. (AssumptionStorageCPA:FormulaManagerView.<init>, WARNING)

The following configuration options were specified but are not used:
 proveroptions.option 
 (CPAchecker.printConfigurationWarnings, WARNING)

Starting analysis ... (CPAchecker.runAlgorithm, INFO)

Creating formula for program (AbstractBMCAlgorithm.run, INFO)

Starting satisfiability check... (AbstractBMCAlgorithm.boundedModelCheck, INFO)

Starting assertions check... (AbstractBMCAlgorithm.checkBoundingAssertions, INFO)

Shutdown requested (The CPU-time limit of 900s has elapsed.), waiting for termination. (ForceTerminationOnShutdown$1.shutdownRequested, WARNING)

Shutdown was requested but CPAchecker is still running after 10s, forcing immediate termination now. (ForceTerminationOnShutdown.run, WARNING)

For your information: CPAchecker is currently hanging at
 java.base@17.0.8.1/java.util.stream.ReferencePipeline.forEachWithCancel(ReferencePipeline.java:129)
... <REMAINING ARGUMENT OMITTED BECAUSE 24987 CHARACTERS LONG> 
 (ForceTerminationOnShutdown.run, INFO)

