scripts/cpa.sh -heap 13000M -stack 50M -noout -benchmark -bmc -setprop cpa.predicate.useArraysForHeap=false -setprop cpa.predicate.memoryAllocationsAlwaysSucceed=true -setprop cpa.loopbound.maxLoopIterations=10 -setprop cpa.predicate.encodeFloatAs=INTEGER -setprop cpa.predicate.encodeBitvectorAs=INTEGER -setprop solver.solver=princess_binary -setprop proveroptions.option=use_binary -timelimit 900s -stats -spec test/programs/benchmarks/properties/unreach-call.prp -32 test/programs/benchmarks/product-lines/elevator_spec3_product21.cil.c


--------------------------------------------------------------------------------


Running CPAchecker with Java heap of size 13000M.
Running CPAchecker with Java stack of size 50M.
Language C detected and set for analysis (CPAMain.detectFrontendLanguageIfNecessary, INFO)

Using the following resource limits: CPU-time limit of 900s (ResourceLimitChecker.fromConfiguration, INFO)

CPAchecker 2.3.1-svn-45350M / bmc (OpenJDK 64-Bit Server VM 17.0.8.1) started (CPAchecker.run, INFO)

Parsing CFA from file(s) "test/programs/benchmarks/product-lines/elevator_spec3_product21.cil.c" (CPAchecker.parse, INFO)

line 405: Dead code detected: return (retValue_acc); (CFACreationUtils.addEdgeToCFA, INFO)

line 447: Dead code detected: return (retValue_acc); (CFACreationUtils.addEdgeToCFA, INFO)

line 486: Dead code detected: return (retValue_acc); (CFACreationUtils.addEdgeToCFA, INFO)

line 525: Dead code detected: return (retValue_acc); (CFACreationUtils.addEdgeToCFA, INFO)

line 702: Dead code detected: return (retValue_acc); (CFACreationUtils.addEdgeToCFA, INFO)

line 855: Dead code detected: return (retValue_acc); (CFACreationUtils.addEdgeToCFA, INFO)

line 864: Dead code detected: return (retValue_acc); (CFACreationUtils.addEdgeToCFA, INFO)

line 898: Dead code detected: return (retValue_acc); (CFACreationUtils.addEdgeToCFA, INFO)

line 907: Dead code detected: return (retValue_acc); (CFACreationUtils.addEdgeToCFA, INFO)

line 947: Dead code detected: return (retValue_acc); (CFACreationUtils.addEdgeToCFA, INFO)

line 1027: Dead code detected: return (retValue_acc); (CFACreationUtils.addEdgeToCFA, INFO)

line 1040: Dead code detected: return (retValue_acc); (CFACreationUtils.addEdgeToCFA, INFO)

line 1392: Dead code detected: return (retValue_acc); (CFACreationUtils.addEdgeToCFA, INFO)

line 1431: Dead code detected: return (retValue_acc); (CFACreationUtils.addEdgeToCFA, INFO)

line 1465: Dead code detected: return (retValue_acc); (CFACreationUtils.addEdgeToCFA, INFO)

line 1521: Dead code detected: return (retValue_acc); (CFACreationUtils.addEdgeToCFA, INFO)

line 1549: Dead code detected: return (retValue_acc); (CFACreationUtils.addEdgeToCFA, INFO)

line 1563: Dead code detected: return (retValue_acc); (CFACreationUtils.addEdgeToCFA, INFO)

line 2138: Dead code detected: return (retValue_acc); (CFACreationUtils.addEdgeToCFA, INFO)

line 2252: Dead code detected: return (retValue_acc); (CFACreationUtils.addEdgeToCFA, INFO)

line 2488: Dead code detected: return (retValue_acc); (CFACreationUtils.addEdgeToCFA, INFO)

line 2799: Dead code detected: return (retValue_acc); (CFACreationUtils.addEdgeToCFA, INFO)

line 3330: Dead code detected: return (retValue_acc); (CFACreationUtils.addEdgeToCFA, INFO)

line 3376: Dead code detected: return (retValue_acc); (CFACreationUtils.addEdgeToCFA, INFO)

line 3388: Dead code detected: return (retValue_acc); (CFACreationUtils.addEdgeToCFA, INFO)

line 3411: Dead code detected: return (retValue_acc); (CFACreationUtils.addEdgeToCFA, INFO)

line 3167: Function pointer *__cil_tmp10 with type int (*)(int, int) is called, but no possible target functions were found. (CFunctionPointerResolver.getTargets, WARNING)

Using unsound approximation of ints with unbounded integers and floats with unbounded integers for encoding program semantics. (PredicateCPA:FormulaManagerView.<init>, WARNING)

Using predicate analysis with Princess 2023-04-07. (PredicateCPA:PredicateCPA.<init>, INFO)

Using unsound approximation of ints with unbounded integers and floats with unbounded integers for encoding program semantics. (AssumptionStorageCPA:FormulaManagerView.<init>, WARNING)

The following configuration options were specified but are not used:
 proveroptions.option 
 (CPAchecker.printConfigurationWarnings, WARNING)

Starting analysis ... (CPAchecker.runAlgorithm, INFO)

Creating formula for program (AbstractBMCAlgorithm.run, INFO)

Starting satisfiability check... (AbstractBMCAlgorithm.boundedModelCheck, INFO)

Starting assertions check... (AbstractBMCAlgorithm.checkBoundingAssertions, INFO)

Terminating because none of the following CPAs' precision can be adjusted any further  LoopBoundCPA (AbstractBMCAlgorithm.adjustConditions, INFO)

Stopping analysis ... (CPAchecker.runAlgorithm, INFO)

Analysis incomplete: no errors found, but not everything could be checked. (CPAchecker.analyzeResult, WARNING)


PredicateCPA statistics
-----------------------
Number of abstractions:            0 (0% of all post computations)
Number of strengthen sat checks:   0
Number of coverage checks:         0
  BDD entailment checks:           0
Number of SMT sat checks:          0
  trivial:                         0
  cached:                          0

Max ABE block size:                       0
Avg ABE block size:                                0.00 (sum: 0, count: 0, min: 0, max: 0)
Number of predicates discovered:          0

Time for post operator:                                0.792s
  Time for path formula creation:                      0.781s
Time for strengthen operator:                          0.048s
Time for prec operator:                                0.016s
Time for coverage checks:                              0.000s
Total time for SMT solver (w/o itp):     0.000s

Total number of created targets for pointer analysis: 0



KeyValue statistics
-------------------
Init. function predicates:                         0
Init. global predicates:                           0
Init. location predicates:                         0

Invariant Generation statistics
-------------------------------

Bounds CPA statistics
---------------------
Bound k:                                           10
Maximum loop iteration reached:                    11


ValueAnalysisCPA statistics
---------------------------
Number of variables per state:                     60.84 (sum: 263612, count: 4333, min: 0, max: 79)
Number of global variables per state:              52.81 (sum: 228820, count: 4333, min: 0, max: 54)
Number of assumptions:                                 3964
Number of deterministic assumptions:                      0
Level of Determinism:                              0%

ValueAnalysisPrecisionAdjustment statistics
-------------------------------------------
Number of abstraction computations:                    4332
Total time for liveness abstraction:                   0.000s
Total time for abstraction computation:                0.079s
Total time for path thresholds:                        0.000s

ConstraintsStrengthenOperator statistics
----------------------------------------
Total time for strengthening by ConstraintsCPA:     0.000s
Replaced symbolic expressions: 0

AutomatonAnalysis (SVCOMP) statistics
-------------------------------------
Number of states:                                  1
Total time for successor computation:                  0.016s
Automaton transfers with branching:                0
Automaton transfer successors:                     1.00 (sum: 4332, count: 4332, min: 1, max: 1) [1 x 4332]
Number of states with assumption transitions:      0

CPA algorithm statistics
------------------------
Number of iterations:            4333
Max size of waitlist:            1
Average size of waitlist:        1
LoopstackSortedWaitlist:                           0.00 (sum: 0, count: 4333, min: 0, max: 0)
ReversePostorderSortedWaitlist:                    0.00 (sum: 0, count: 4333, min: 0, max: 0)
LoopIterationSortedWaitlist:                       0.00 (sum: 0, count: 4333, min: 0, max: 0)
CallstackSortedWaitlist:                           0.00 (sum: 0, count: 1, min: 0, max: 0)
Number of computed successors:   4332
Max successors for one state:    1
Number of times merged:          0
Number of times stopped:         0
Number of times breaked:         0

Total time for CPA algorithm:         1.596s (Max:     1.596s)
  Time for choose from waitlist:      0.061s
  Time for precision adjustment:      0.218s
  Time for transfer relation:         1.212s
  Time for stop operator:             0.008s
  Time for adding to reached set:     0.059s

BMC algorithm statistics
------------------------
Time for BMC formula creation:                       1.598s
Time for final sat check:                            0.220s
Time for bounding assertions check:                 85.054s

CPAchecker general statistics
-----------------------------
Number of program locations:                       2263
Number of CFA edges (per node):                        2754 (count: 2263, min: 0, max: 21, avg: 1.22)
Number of relevant variables:                      337
Number of functions:                               72
Number of loops (and loop nodes):                         9 (sum: 175, min: 11, max: 37, avg: 19.44)
Size of reached set:             4333
  Number of reached locations:   831 (37%)
    Avg states per location:     5
    Max states per location:     61 (at node N1674)
  Number of reached functions:   45 (63%)
  Number of partitions:          4333
    Avg size of partitions:      1
    Max size of partitions:      1
  Number of target states:       0

Time for analysis setup:          2.694s
  Time for loading CPAs:          1.320s
  Time for loading parser:        0.255s
  Time for CFA construction:      1.060s
    Time for parsing file(s):     0.372s
    Time for AST to CFA:          0.402s
    Time for CFA sanity check:    0.000s
    Time for post-processing:     0.213s
    Time for loop structure:      0.013s
    Time for AST structure:       0.000s
      Time for function pointers resolving:            0.005s
        Function calls via function pointers:             1 (count: 1, min: 1, max: 1, avg: 1.00)
        Instrumented function pointer calls:              0 (count: 1, min: 0, max: 0, avg: 0.00)
        Function calls with function pointer arguments:        0 (count: 1, min: 0, max: 0, avg: 0.00)
        Instrumented function pointer arguments:          0 (count: 1, min: 0, max: 0, avg: 0.00)
      Time for classifying variables:                  0.146s
        Time for collecting variables:                 0.086s
        Time for solving dependencies:                 0.002s
        Time for building hierarchy:                   0.000s
        Time for building classification:              0.058s
        Time for exporting data:                       0.000s
Time for Analysis:               87.658s
CPU time for analysis:           91.530s
Time for analyzing result:        0.004s
Total time for CPAchecker:       90.353s
Total CPU time for CPAchecker:   96.780s
Time for statistics:              0.096s

Time for Garbage Collector:       0.132s (in 13 runs)
Garbage Collector(s) used:    G1 Old Generation, G1 Young Generation

Verification result: UNKNOWN, incomplete analysis.
More details about the verification run can be found in the directory "./output".
