scripts/cpa.sh -heap 13000M -stack 50M -noout -benchmark -bmc -setprop cpa.predicate.useArraysForHeap=false -setprop cpa.predicate.memoryAllocationsAlwaysSucceed=true -setprop cpa.loopbound.maxLoopIterations=10 -setprop cpa.predicate.encodeFloatAs=INTEGER -setprop cpa.predicate.encodeBitvectorAs=INTEGER -setprop solver.solver=princess -timelimit 900s -stats -spec test/programs/benchmarks/properties/unreach-call.prp -32 test/programs/benchmarks/nla-digbench/hard2.c


--------------------------------------------------------------------------------


Running CPAchecker with Java heap of size 13000M.
Running CPAchecker with Java stack of size 50M.
Language C detected and set for analysis (CPAMain.detectFrontendLanguageIfNecessary, INFO)

Using the following resource limits: CPU-time limit of 900s (ResourceLimitChecker.fromConfiguration, INFO)

CPAchecker 2.3.1-svn-45350M / bmc (OpenJDK 64-Bit Server VM 17.0.8.1) started (CPAchecker.run, INFO)

Parsing CFA from file(s) "test/programs/benchmarks/nla-digbench/hard2.c" (CPAchecker.parse, INFO)

Using unsound approximation of ints with unbounded integers and floats with unbounded integers for encoding program semantics. (PredicateCPA:FormulaManagerView.<init>, WARNING)

Using predicate analysis with Princess 2023-04-07. (PredicateCPA:PredicateCPA.<init>, INFO)

Using unsound approximation of ints with unbounded integers and floats with unbounded integers for encoding program semantics. (AssumptionStorageCPA:FormulaManagerView.<init>, WARNING)

Starting analysis ... (CPAchecker.runAlgorithm, INFO)

Creating formula for program (AbstractBMCAlgorithm.run, INFO)

Starting satisfiability check... (AbstractBMCAlgorithm.boundedModelCheck, INFO)

Error found, creating error path (AbstractBMCAlgorithm.analyzeCounterexample0, INFO)

{main::p@4 -> 0, __VERIFIER_assert::cond@5 -> 0, __VERIFIER_assert::cond@4 -> 1, __VERIFIER_assert::cond@3 -> 1, __VERIFIER_assert::cond@2 -> 1, main::q@3 -> 0, main::p@3 -> 1, main::d@3 -> 1, main::r@3 -> 0, main::B@3 -> 1, main::A@3 -> 0, __VERIFIER_nondet_int!2@ -> 0, Integer_*_(1, 1) -> 1, Integer_*_(0, 1) -> 2, abbrev_120_def -> false, abbrev_120 -> false, abbrev_118_def -> false, abbrev_118 -> false, abbrev_116_def -> false, abbrev_116 -> false, abbrev_114_def -> false, abbrev_114 -> false, abbrev_112_def -> false, abbrev_112 -> false, abbrev_110_def -> false, abbrev_110 -> false, abbrev_108_def -> false, abbrev_108 -> false, abbrev_106_def -> false, abbrev_106 -> false, abbrev_104_def -> false, abbrev_104 -> false, abbrev_102_def -> false, abbrev_102 -> false, abbrev_100_def -> false, abbrev_100 -> false, abbrev_98_def -> false, abbrev_98 -> false, abbrev_96_def -> false, abbrev_96 -> false, abbrev_94_def -> false, abbrev_94 -> false, abbrev_92_def -> false, abbrev_92 -> false, abbrev_90_def -> false, abbrev_90 -> false, abbrev_88_def -> false, abbrev_88 -> false, abbrev_86_def -> false, abbrev_86 -> false, abbrev_84_def -> false, abbrev_84 -> false, abbrev_82_def -> false, abbrev_82 -> false, abbrev_80_def -> false, abbrev_80 -> false, abbrev_78_def -> false, abbrev_78 -> false, abbrev_76_def -> false, abbrev_76 -> false, abbrev_74_def -> false, abbrev_74 -> false, abbrev_72_def -> false, abbrev_72 -> false, abbrev_70_def -> false, abbrev_70 -> false, abbrev_68_def -> false, abbrev_68 -> false, abbrev_66_def -> false, abbrev_66 -> false, abbrev_64_def -> false, abbrev_64 -> false, abbrev_62_def -> false, abbrev_62 -> false, abbrev_60_def -> false, abbrev_60 -> false, abbrev_58_def -> false, abbrev_58 -> false, abbrev_56_def -> false, abbrev_56 -> false, abbrev_54_def -> false, abbrev_54 -> false, abbrev_52_def -> false, abbrev_52 -> false, abbrev_50_def -> false, abbrev_50 -> false, abbrev_48_def -> false, abbrev_48 -> false, abbrev_46_def -> false, abbrev_46 -> false, abbrev_44_def -> false, abbrev_44 -> false, abbrev_42_def -> false, abbrev_42 -> false, abbrev_40_def -> false, abbrev_40 -> false, abbrev_38_def -> false, abbrev_38 -> false, abbrev_36_def -> false, abbrev_36 -> false, abbrev_34_def -> false, abbrev_34 -> false, abbrev_32_def -> false, abbrev_32 -> false, abbrev_30_def -> false, abbrev_30 -> false, abbrev_28_def -> false, abbrev_28 -> false, abbrev_26_def -> false, abbrev_26 -> false, abbrev_24_def -> false, abbrev_24 -> false, abbrev_22_def -> false, abbrev_22 -> false, abbrev_20_def -> false, abbrev_20 -> false, abbrev_18_def -> false, abbrev_18 -> false, abbrev_16_def -> false, abbrev_16 -> false, abbrev_14_def -> false, abbrev_14 -> false}
{main::p@3 -> 1, main::B@3 -> 1, __VERIFIER_nondet_int!2@ -> 0, main::A@3 -> 0, main::r@3 -> 0, __VERIFIER_assert::cond@6 -> 1, __VERIFIER_assert::cond@4 -> 1, __VERIFIER_assert::cond@2 -> 1, __VERIFIER_assert::cond@8 -> 0, main::q@3 -> 0, main::d@3 -> 1, Integer_*_(1, 1) -> 1, Integer_*_(0, 1) -> 2}
[main::p@3: 1, main::B@3: 1, __VERIFIER_nondet_int!2@: 0, main::A@3: 0, main::r@3: 0, __VERIFIER_assert::cond@6: 1, __VERIFIER_assert::cond@4: 1, __VERIFIER_assert::cond@2: 1, __VERIFIER_assert::cond@8: 0, main::q@3: 0, main::d@3: 1, Integer_*_(1, 1): 1, Integer_*_(0, 1): 2]
Stopping analysis ... (CPAchecker.runAlgorithm, INFO)


PredicateCPA statistics
-----------------------
Number of abstractions:            75 (4% of all post computations)
  Times abstraction was reused:    0
  Because of function entry/exit:  0 (0%)
  Because of loop head:            0 (0%)
  Because of join nodes:           0 (0%)
  Because of threshold:            0 (0%)
  Because of target state:         75 (100%)
  Times precision was empty:       75 (100%)
  Times precision was {false}:     0 (0%)
  Times result was cached:         0 (0%)
  Times cartesian abs was used:    0 (0%)
  Times boolean abs was used:      0 (0%)
  Times result was 'false':        0 (0%)
Number of strengthen sat checks:   0
Number of coverage checks:         90
  BDD entailment checks:           0
Number of SMT sat checks:          0
  trivial:                         0
  cached:                          0

Max ABE block size:                       197
Avg ABE block size:                                99.40 (sum: 7455, count: 75, min: 16, max: 197)
Number of predicates discovered:          0

Time for post operator:                                0.362s
  Time for path formula creation:                      0.356s
Time for strengthen operator:                          0.012s
Time for prec operator:                                0.015s
  Time for abstraction:                  0.002s (Max:     0.001s, Count: 75)
    Solving time:                        0.000s (Max:     0.000s)
    Model enumeration time:              0.000s
    Time for BDD construction:           0.000s (Max:     0.000s)
Time for merge operator:                               0.008s
Time for coverage checks:                              0.004s
Total time for SMT solver (w/o itp):     0.000s

Total number of created targets for pointer analysis: 0



KeyValue statistics
-------------------
Init. function predicates:                         0
Init. global predicates:                           0
Init. location predicates:                         0

Invariant Generation statistics
-------------------------------

Bounds CPA statistics
---------------------
Bound k:                                           10
Maximum loop iteration reached:                    11


ValueAnalysisCPA statistics
---------------------------
Number of variables per state:                     3.56 (sum: 5594, count: 1573, min: 0, max: 5)
Number of global variables per state:              0.00 (sum: 0, count: 1573, min: 0, max: 0)
Number of assumptions:                                  820
Number of deterministic assumptions:                      0
Level of Determinism:                              0%

ValueAnalysisPrecisionAdjustment statistics
-------------------------------------------
Number of abstraction computations:                    1617
Total time for liveness abstraction:                   0.000s
Total time for abstraction computation:                0.019s
Total time for path thresholds:                        0.000s

ConstraintsStrengthenOperator statistics
----------------------------------------
Total time for strengthening by ConstraintsCPA:     0.000s
Replaced symbolic expressions: 0

AutomatonAnalysis (SVCOMP) statistics
-------------------------------------
Number of states:                                  1
Total time for successor computation:                  0.050s
Automaton transfers with branching:                0
Automaton transfer successors:                     0.96 (sum: 1617, count: 1692, min: 0, max: 1) [0 x 75, 1 x 1617]
Number of states with assumption transitions:      0

CPA algorithm statistics
------------------------
Number of iterations:            1573
Max size of waitlist:            3
Average size of waitlist:        2
LoopstackSortedWaitlist:                           0.92 (sum: 755, count: 818, min: 0, max: 110)
ReversePostorderSortedWaitlist:                    0.00 (sum: 0, count: 818, min: 0, max: 0)
LoopIterationSortedWaitlist:                       0.92 (sum: 755, count: 818, min: 0, max: 110)
CallstackSortedWaitlist:                           755.00 (sum: 755, count: 1, min: 755, max: 755)
Number of computed successors:   1617
Max successors for one state:    2
Number of times merged:          45
Number of times stopped:         45
Number of times breaked:         0

Total time for CPA algorithm:         0.858s (Max:     0.858s)
  Time for choose from waitlist:      0.018s
  Time for precision adjustment:      0.089s
  Time for transfer relation:         0.645s
  Time for merge operator:            0.024s
  Time for stop operator:             0.007s
  Time for adding to reached set:     0.040s

BMC algorithm statistics
------------------------
Time for BMC formula creation:                       0.860s
Time for final sat check:                          337.769s
Time for error-path creation:                        0.106s
Time for error-path post-processing:                 0.214s

CPAchecker general statistics
-----------------------------
Number of program locations:                       67
Number of CFA edges (per node):                          70 (count: 67, min: 0, max: 7, avg: 1.04)
Number of relevant variables:                      8
Number of functions:                               4
Number of loops (and loop nodes):                         2 (sum: 19, min: 8, max: 11, avg: 9.50)
Size of reached set:             1573
  Number of reached locations:   55 (82%)
    Avg states per location:     28
    Max states per location:     160 (at node N10)
  Number of reached functions:   3 (75%)
  Number of partitions:          1573
    Avg size of partitions:      1
    Max size of partitions:      1
  Number of target states:       75

Time for analysis setup:          2.081s
  Time for loading CPAs:          1.238s
  Time for loading parser:        0.204s
  Time for CFA construction:      0.553s
    Time for parsing file(s):     0.328s
    Time for AST to CFA:          0.093s
    Time for CFA sanity check:    0.000s
    Time for post-processing:     0.089s
    Time for loop structure:      0.005s
    Time for AST structure:       0.000s
      Time for function pointers resolving:            0.003s
        Function calls via function pointers:             0 (count: 1, min: 0, max: 0, avg: 0.00)
        Instrumented function pointer calls:              0 (count: 1, min: 0, max: 0, avg: 0.00)
        Function calls with function pointer arguments:        0 (count: 1, min: 0, max: 0, avg: 0.00)
        Instrumented function pointer arguments:          0 (count: 1, min: 0, max: 0, avg: 0.00)
      Time for classifying variables:                  0.051s
        Time for collecting variables:                 0.030s
        Time for solving dependencies:                 0.001s
        Time for building hierarchy:                   0.000s
        Time for building classification:              0.020s
        Time for exporting data:                       0.000s
Time for Analysis:              339.084s
CPU time for analysis:          343.900s
Time for analyzing result:        0.003s
Total time for CPAchecker:      341.166s
Total CPU time for CPAchecker:  347.840s
Time for statistics:              0.062s

Time for Garbage Collector:       0.212s (in 67 runs)
Garbage Collector(s) used:    G1 Old Generation, G1 Young Generation

Verification result: FALSE. Property violation (unreach-call: reach_error(); called in line 17) found by chosen configuration.
More details about the verification run can be found in the directory "./output".
