scripts/cpa.sh -heap 13000M -stack 50M -noout -benchmark -bmc -setprop cpa.predicate.useArraysForHeap=false -setprop cpa.predicate.memoryAllocationsAlwaysSucceed=true -setprop cpa.loopbound.maxLoopIterations=10 -setprop cpa.predicate.encodeFloatAs=INTEGER -setprop cpa.predicate.encodeBitvectorAs=INTEGER -setprop solver.solver=princess_binary -setprop proveroptions.option=use_binary -timelimit 900s -stats -spec test/programs/benchmarks/properties/unreach-call.prp -32 test/programs/benchmarks/product-lines/minepump_spec4_product57.cil.c


--------------------------------------------------------------------------------


Running CPAchecker with Java heap of size 13000M.
Running CPAchecker with Java stack of size 50M.
Language C detected and set for analysis (CPAMain.detectFrontendLanguageIfNecessary, INFO)

Using the following resource limits: CPU-time limit of 900s (ResourceLimitChecker.fromConfiguration, INFO)

CPAchecker 2.3.1-svn-45350M / bmc (OpenJDK 64-Bit Server VM 17.0.8.1) started (CPAchecker.run, INFO)

Parsing CFA from file(s) "test/programs/benchmarks/product-lines/minepump_spec4_product57.cil.c" (CPAchecker.parse, INFO)

line 257: Dead code detected: return (retValue_acc); (CFACreationUtils.addEdgeToCFA, INFO)

line 266: Dead code detected: return (retValue_acc); (CFACreationUtils.addEdgeToCFA, INFO)

line 321: Dead code detected: return (retValue_acc); (CFACreationUtils.addEdgeToCFA, INFO)

line 340: Dead code detected: return (retValue_acc); (CFACreationUtils.addEdgeToCFA, INFO)

line 416: Dead code detected: return (retValue_acc); (CFACreationUtils.addEdgeToCFA, INFO)

line 448: Dead code detected: return (retValue_acc); (CFACreationUtils.addEdgeToCFA, INFO)

line 462: Dead code detected: return (retValue_acc); (CFACreationUtils.addEdgeToCFA, INFO)

line 471: Dead code detected: return (retValue_acc); (CFACreationUtils.addEdgeToCFA, INFO)

line 486: Dead code detected: return (retValue_acc); (CFACreationUtils.addEdgeToCFA, INFO)

line 509: Dead code detected: return (retValue_acc); (CFACreationUtils.addEdgeToCFA, INFO)

line 605: Dead code detected: return (retValue_acc); (CFACreationUtils.addEdgeToCFA, INFO)

line 925: Dead code detected: return (retValue_acc); (CFACreationUtils.addEdgeToCFA, INFO)

line 971: Dead code detected: return (retValue_acc); (CFACreationUtils.addEdgeToCFA, INFO)

line 762: Function pointer *__cil_tmp10 with type int (*)(int, int) is called, but no possible target functions were found. (CFunctionPointerResolver.getTargets, WARNING)

Using unsound approximation of ints with unbounded integers and floats with unbounded integers for encoding program semantics. (PredicateCPA:FormulaManagerView.<init>, WARNING)

Using predicate analysis with Princess 2023-04-07. (PredicateCPA:PredicateCPA.<init>, INFO)

Using unsound approximation of ints with unbounded integers and floats with unbounded integers for encoding program semantics. (AssumptionStorageCPA:FormulaManagerView.<init>, WARNING)

The following configuration options were specified but are not used:
 proveroptions.option 
 (CPAchecker.printConfigurationWarnings, WARNING)

Starting analysis ... (CPAchecker.runAlgorithm, INFO)

Creating formula for program (AbstractBMCAlgorithm.run, INFO)

Starting satisfiability check... (AbstractBMCAlgorithm.boundedModelCheck, INFO)

Shutdown requested (The CPU-time limit of 900s has elapsed.), waiting for termination. (ForceTerminationOnShutdown$1.shutdownRequested, WARNING)

Shutdown was requested but CPAchecker is still running after 10s, forcing immediate termination now. (ForceTerminationOnShutdown.run, WARNING)

For your information: CPAchecker is currently hanging at
 java.base@17.0.8.1/java.util.stream.StreamOpFlag.fromCharacteristics(StreamOpFlag.java:750)
java.base@17.0.8.1/java.util.stream.StreamSupport.stream(StreamSupport.java:70)
java.base@17.0.8.1/java.util.Collection.stream(Collection.java:743)
app//org.sosy_lab.java_smt.basicimpl.Generator.evaluateRecursive(Generator.java:72)
app//org.sosy_lab.java_smt.basicimpl.Generator.evaluateRecursive(Generator.java:81)
app//org.sosy_lab.java_smt.basicimpl.Generator.evaluateRecursive(Generator.java:81)
app//org.sosy_lab.java_smt.basicimpl.Generator.evaluateRecursive(Generator.java:81)
app//org.sosy_lab.java_smt.basicimpl.Generator.evaluateRecursive(Generator.java:81)
app//org.sosy_lab.java_smt.basicimpl.Generator.evaluateRecursive(Generator.java:81)
app//org.sosy_lab.java_smt.basicimpl.Generator.evaluateRecursive(Generator.java:81)
app//org.sosy_lab.java_smt.basicimpl.Generator.evaluateRecursive(Generator.java:81)
app//org.sosy_lab.java_smt.basicimpl.Generator.evaluateRecursive(Generator.java:81)
app//org.sosy_lab.java_smt.basicimpl.Generator.evaluateRecursive(Generator.java:81)
app//org.sosy_lab.java_smt.basicimpl.Generator.evaluateRecursive(Generator.java:81)
app//org.sosy_lab.java_smt.basicimpl.Generator.evaluateRecursive(Generator.java:81)
app//org.sosy_lab.java_smt.basicimpl.Generator.evaluateRecursive(Generator.java:81)
app//org.sosy_lab.java_smt.basicimpl.Generator.evaluateRecursive(Generator.java:81)
app//org.sosy_lab.java_smt.basicimpl.Generator.evaluateRecursive(Generator.java:81)
app//org.sosy_lab.java_smt.basicimpl.Generator.evaluateRecursive(Generator.java:81)
app//org.sosy_lab.java_smt.basicimpl.Generator.evaluateRecursive(Generator.java:81)
app//org.sosy_lab.java_smt.basicimpl.Generator.evaluateRecursive(Generator.java:81)
app//org.sosy_lab.java_smt.basicimpl.Generator.evaluateRecursive(Generator.java:81)
app//org.sosy_lab.java_smt.basicimpl.Generator.evaluateRecursive(Generator.java:81)
app//org.sosy_lab.java_smt.basicimpl.Generator.evaluateRecursive(Generator.java:81)
app//org.sosy_lab.java_smt.basicimpl.Generator.evaluateRecursive(Generator.java:81)
app//org.sosy_lab.java_smt.basicimpl.Generator.evaluateRecursive(Generator.java:81)
app//org.sosy_lab.java_smt.basicimpl.Generator.evaluateRecursive(Generator.java:81)
app//org.sosy_lab.java_smt.basicimpl.Generator.evaluateRecursive(Generator.java:81)
app//org.sosy_lab.java_smt.basicimpl.Generator.evaluateRecursive(Generator.java:81)
app//org.sosy_lab.java_smt.basicimpl.Generator.evaluateRecursive(Generator.java:81)
app//org.sosy_lab.java_smt.basicimpl.Generator.evaluateRecursive(Generator.java:81)
app//org.sosy_lab.java_smt.basicimpl.Generator.evaluateRecursive(Generator.java:81)
app//org.sosy_lab.java_smt.basicimpl.Generator.evaluateRecursive(Generator.java:81)
app//org.sosy_lab.java_smt.basicimpl.Generator.evaluateRecursive(Generator.java:81)
app//org.sosy_lab.java_smt.basicimpl.Generator.evaluateRecursive(Generator.java:81)
app//org.sosy_lab.java_smt.basicimpl.Generator.evaluateRecursive(Generator.java:81)
app//org.sosy_lab.java_smt.basicimpl.Generator.evaluateRecursive(Generator.java:81)
app//org.sosy_lab.java_smt.basicimpl.Generator.evaluateRecursive(Generator.java:81)
app//org.sosy_lab.java_smt.basicimpl.Generator.evaluateRecursive(Generator.java:81)
app//org.sosy_lab.java_smt.basicimpl.Generator.evaluateRecursive(Generator.java:81)
app//org.sosy_lab.java_smt.basicimpl.Generator.evaluateRecursive(Generator.java:81)
app//org.sosy_lab.java_smt.basicimpl.Generator.evaluateRecursive(Generator.java:81)
app//org.sosy_lab.java_smt.basicimpl.Generator.evaluateRecursive(Generator.java:81)
app//org.sosy_lab.java_smt.basicimpl.Generator.evaluateRecursive(Generator.java:81)
app//org.sosy_lab.java_smt.basicimpl.Generator.evaluateRecursive(Generator.java:81)
app//org.sosy_lab.java_smt.basicimpl.Generator.evaluateRecursive(Generator.java:81)
app//org.sosy_lab.java_smt.basicimpl.Generator.evaluateRecursive(Generator.java:81)
app//org.sosy_lab.java_smt.basicimpl.Generator.evaluateRecursive(Generator.java:81)
app//org.sosy_lab.java_smt.basicimpl.Generator.evaluateRecursive(Generator.java:81)
app//org.sosy_lab.java_smt.basicimpl.Generator.evaluateRecursive(Generator.java:81)
app//org.sosy_lab.java_smt.basicimpl.Generator.evaluateRecursive(Generator.java:81)
app//org.sosy_lab.java_smt.basicimpl.Generator.evaluateRecursive(Generator.java:81)
app//org.sosy_lab.java_smt.basicimpl.Generator.evaluateRecursive(Generator.java:81)
app//org.sosy_lab.java_smt.basicimpl.Generator.evaluateRecursive(Generator.java:81)
app//org.sosy_lab.java_smt.basicimpl.Generator.evaluateRecursive(Generator.java:81)
app//org.sosy_lab.java_smt.basicimpl.Generator.evaluateRecursive(Generator.java:81)
app//org.sosy_lab.java_smt.basicimpl.Generator.evaluateRecursive(Generator.java:81)
app//org.sosy_lab.java_smt.basicimpl.Generator.evaluateRecursive(Generator.java:81)
app//org.sosy_lab.java_smt.basicimpl.Generator.evaluateRecursive(Generator.java:81)
app//org.sosy_lab.java_smt.basicimpl.Generator.evaluateRecursive(Generator.java:81)
app//org.sosy_lab.java_smt.basicimpl.Generator.evaluateRecursive(Generator.java:81)
app//org.sosy_lab.java_smt.basicimpl.Generator.evaluateRecursive(Generator.java:81)
app//org.sosy_lab.java_smt.basicimpl.Generator.evaluateRecursive(Generator.java:81)
app//org.sosy_lab.java_smt.basicimpl.Generator.evaluateRecursive(Generator.java:81)
app//org.sosy_lab.java_smt.basicimpl.Generator.evaluateRecursive(Generator.java:81)
app//org.sosy_lab.java_smt.basicimpl.Generator.evaluateRecursive(Generator.java:81)
app//org.sosy_lab.java_smt.basicimpl.Generator.evaluateRecursive(Generator.java:81)
app//org.sosy_lab.java_smt.basicimpl.Generator.evaluateRecursive(Generator.java:81)
app//org.sosy_lab.java_smt.basicimpl.Generator.evaluateRecursive(Generator.java:81)
app//org.sosy_lab.java_smt.basicimpl.Generator.evaluateRecursive(Generator.java:81)
app//org.sosy_lab.java_smt.basicimpl.Generator.evaluateRecursive(Generator.java:81)
app//org.sosy_lab.java_smt.basicimpl.Generator.evaluateRecursive(Generator.java:81)
app//org.sosy_lab.java_smt.basicimpl.Generator.evaluateRecursive(Generator.java:81)
app//org.sosy_lab.java_smt.basicimpl.Generator.evaluateRecursive(Generator.java:81)
app//org.sosy_lab.java_smt.basicimpl.Generator.evaluateRecursive(Generator.java:81)
app//org.sosy_lab.java_smt.basicimpl.Generator.evaluateRecursive(Generator.java:81)
app//org.sosy_lab.java_smt.basicimpl.Generator.evaluateRecursive(Generator.java:81)
app//org.sosy_lab.java_smt.basicimpl.Generator.evaluateRecursive(Generator.java:81)
app//org.sosy_lab.java_smt.basicimpl.Generator.evaluateRecursive(Generator.java:81)
app//org.sosy_lab.java_smt.basicimpl.Generator.evaluateRecursive(Generator.java:81)
app//org.sosy_lab.java_smt.basicimpl.Generator.evaluateRecursive(Generator.java:81)
app//org.sosy_lab.java_smt.basicimpl.Generator.evaluateRecursive(Generator.java:81)
app//org.sosy_lab.java_smt.basicimpl.Generator.evaluateRecursive(Generator.java:81)
app//org.sosy_lab.java_smt.basicimpl.Generator.logAddConstraint(Generator.java:90)
app//org.sosy_lab.java_smt.basicimpl.AbstractProver.addConstraint(AbstractProver.java:108)
app//org.sosy_lab.java_smt.solvers.princess.PrincessAbstractProver.addConstraint0(PrincessAbstractProver.java:111)
app//org.sosy_lab.java_smt.solvers.princess.PrincessTheoremProver.addConstraint(PrincessTheoremProver.java:33)
app//org.sosy_lab.java_smt.solvers.princess.PrincessTheoremProver.addConstraint(PrincessTheoremProver.java:19)
app//org.sosy_lab.java_smt.basicimpl.withAssumptionsWrapper.BasicProverWithAssumptionsWrapper.addConstraint(BasicProverWithAssumptionsWrapper.java:49)
app//org.sosy_lab.java_smt.api.BasicProverEnvironment.push(BasicProverEnvironment.java:38)
app//org.sosy_lab.cpachecker.util.predicates.smt.BasicProverEnvironmentView.push(BasicProverEnvironmentView.java:37)
app//org.sosy_lab.cpachecker.core.algorithm.bmc.AbstractBMCAlgorithm.boundedModelCheck(AbstractBMCAlgorithm.java:710)
app//org.sosy_lab.cpachecker.core.algorithm.bmc.AbstractBMCAlgorithm.boundedModelCheck(AbstractBMCAlgorithm.java:687)
app//org.sosy_lab.cpachecker.core.algorithm.bmc.BMCAlgorithm.boundedModelCheck(BMCAlgorithm.java:158)
app//org.sosy_lab.cpachecker.core.algorithm.bmc.AbstractBMCAlgorithm.run(AbstractBMCAlgorithm.java:455)
app//org.sosy_lab.cpachecker.core.algorithm.bmc.BMCAlgorithm.run(BMCAlgorithm.java:130)
app//org.sosy_lab.cpachecker.core.CPAchecker.runAlgorithm(CPAchecker.java:507)
app//org.sosy_lab.cpachecker.core.CPAchecker.run(CPAchecker.java:369)
app//org.sosy_lab.cpachecker.cmdline.CPAMain.main(CPAMain.java:170) 
 (ForceTerminationOnShutdown.run, INFO)

