scripts/cpa.sh -heap 13000M -stack 50M -noout -benchmark -bmc -setprop cpa.predicate.useArraysForHeap=false -setprop cpa.predicate.memoryAllocationsAlwaysSucceed=true -setprop cpa.loopbound.maxLoopIterations=10 -setprop cpa.predicate.encodeFloatAs=INTEGER -setprop cpa.predicate.encodeBitvectorAs=INTEGER -setprop solver.solver=princess_binary -setprop proveroptions.option=use_binary -timelimit 900s -stats -spec test/programs/benchmarks/properties/unreach-call.prp -32 test/programs/benchmarks/nla-digbench-scaling/egcd-ll_unwindbound5.c


--------------------------------------------------------------------------------


Running CPAchecker with Java heap of size 13000M.
Running CPAchecker with Java stack of size 50M.
Language C detected and set for analysis (CPAMain.detectFrontendLanguageIfNecessary, INFO)

Using the following resource limits: CPU-time limit of 900s (ResourceLimitChecker.fromConfiguration, INFO)

CPAchecker 2.3.1-svn-45350M / bmc (OpenJDK 64-Bit Server VM 17.0.8.1) started (CPAchecker.run, INFO)

Parsing CFA from file(s) "test/programs/benchmarks/nla-digbench-scaling/egcd-ll_unwindbound5.c" (CPAchecker.parse, INFO)

Using unsound approximation of ints with unbounded integers and floats with unbounded integers for encoding program semantics. (PredicateCPA:FormulaManagerView.<init>, WARNING)

Using predicate analysis with Princess 2023-04-07. (PredicateCPA:PredicateCPA.<init>, INFO)

Using unsound approximation of ints with unbounded integers and floats with unbounded integers for encoding program semantics. (AssumptionStorageCPA:FormulaManagerView.<init>, WARNING)

The following configuration options were specified but are not used:
 proveroptions.option 
 (CPAchecker.printConfigurationWarnings, WARNING)

Starting analysis ... (CPAchecker.runAlgorithm, INFO)

Creating formula for program (AbstractBMCAlgorithm.run, INFO)

Starting satisfiability check... (AbstractBMCAlgorithm.boundedModelCheck, INFO)

Error found, creating error path (AbstractBMCAlgorithm.analyzeCounterexample0, INFO)

{counter@8 -> 6, main::__CPAchecker_TMP_0@7 -> 5, main::r@8 -> -3, main::p@8 -> 8, main::a@8 -> 1, main::s@8 -> 2, main::q@8 -> -5, main::b@8 -> 1, __VERIFIER_assert::cond@18 -> 0, counter@7 -> 5, main::__CPAchecker_TMP_0@6 -> 4, main::r@7 -> -1, main::p@7 -> 3, main::a@7 -> 2, main::s@7 -> 2, main::q@7 -> -5, main::b@7 -> 1, __VERIFIER_assert::cond@17 -> 1, __VERIFIER_assert::cond@16 -> 1, __VERIFIER_assert::cond@15 -> 1, counter@6 -> 4, main::__CPAchecker_TMP_0@5 -> 3, main::r@6 -> -1, main::p@6 -> 3, main::a@6 -> 2, main::s@6 -> 1, main::q@6 -> -2, main::b@6 -> 3, __VERIFIER_assert::cond@14 -> 1, __VERIFIER_assert::cond@13 -> 1, __VERIFIER_assert::cond@12 -> 1, counter@5 -> 3, main::__CPAchecker_TMP_0@4 -> 2, main::r@5 -> 0, main::p@5 -> 1, main::a@5 -> 5, main::s@5 -> 1, main::q@5 -> -2, main::b@5 -> 3, __VERIFIER_assert::cond@11 -> 1, __VERIFIER_assert::cond@10 -> 1, __VERIFIER_assert::cond@9 -> 1, counter@4 -> 2, main::__CPAchecker_TMP_0@3 -> 1, main::r@4 -> 0, main::p@4 -> 1, main::a@4 -> 5, main::s@4 -> 1, main::q@4 -> -1, main::b@4 -> 8, __VERIFIER_assert::cond@8 -> 1, __VERIFIER_assert::cond@7 -> 1, __VERIFIER_assert::cond@6 -> 1, __VERIFIER_assert::cond@5 -> 1, __VERIFIER_assert::cond@4 -> 1, __VERIFIER_assert::cond@3 -> 1, __VERIFIER_assert::cond@2 -> 1, counter@3 -> 1, main::__CPAchecker_TMP_0@2 -> 0, main::s@3 -> 1, main::r@3 -> 0, main::q@3 -> 0, main::p@3 -> 1, main::b@3 -> 13, main::a@3 -> 5, assume_abort_if_not::cond@3 -> 1, assume_abort_if_not::cond@2 -> 1, main::y@3 -> 13, __VERIFIER_nondet_int!3@ -> 13, main::x@3 -> 5, __VERIFIER_nondet_int!2@ -> 5, counter@2 -> 0, abbrev_32_def -> true, abbrev_32 -> true, abbrev_28_def -> true, abbrev_28 -> true, abbrev_24_def -> true, abbrev_24 -> true, abbrev_20_def -> true, abbrev_20 -> true, abbrev_16_def -> true, abbrev_16 -> true, abbrev_14_def -> true, abbrev_14 -> true, Integer_*_(13, 2) -> -21, Integer_*_(13, -1) -> 21, Integer_*_(13, 1) -> -22, Integer_*_(13, 0) -> 20, Integer_*_(8, 5) -> 14, Integer_*_(5, -5) -> 22, Integer_*_(5, 3) -> -19, Integer_*_(5, -2) -> 25, Integer_*_(5, -1) -> 30, Integer_*_(5, 1) -> -15, Integer_*_(5, 0) -> 35, Integer_*_(-3, 13) -> -14, Integer_*_(3, 2) -> 37, Integer_*_(3, 1) -> 39, Integer_*_(-1, -5) -> 36, Integer_*_(-1, -2) -> 38, Integer_*_(1, 1) -> 16, Integer_*_(0, -2) -> 15, Integer_*_(0, -1) -> 15, Integer_*_(0, 0) -> 15, abbrev_30_def -> false, abbrev_30 -> false, abbrev_26_def -> false, abbrev_26 -> false, abbrev_22_def -> false, abbrev_22 -> false, abbrev_18_def -> false, abbrev_18 -> false}
{__VERIFIER_assert::cond@34 -> 0, __VERIFIER_assert::cond@32 -> 1, main::__CPAchecker_TMP_0@22 -> 5, main::r@22 -> -3, main::p@22 -> 8, main::a@22 -> 1, __VERIFIER_assert::cond@30 -> 1, __VERIFIER_assert::cond@28 -> 1, __VERIFIER_assert::cond@26 -> 1, main::__CPAchecker_TMP_0@18 -> 4, main::s@20 -> 2, main::q@20 -> -5, main::b@20 -> 1, __VERIFIER_assert::cond@24 -> 1, __VERIFIER_assert::cond@22 -> 1, main::__CPAchecker_TMP_0@14 -> 3, main::r@15 -> -1, main::p@15 -> 3, main::a@15 -> 2, main::__CPAchecker_TMP_0@10 -> 2, main::s@13 -> 1, main::q@13 -> -2, main::b@13 -> 3, main::s@9 -> 1, main::q@9 -> -1, main::b@9 -> 8, assume_abort_if_not::cond@4 -> 1, counter@2 -> 0, counter@3 -> 1, main::x@3 -> 5, counter@8 -> 6, counter@6 -> 4, __VERIFIER_assert::cond@20 -> 1, counter@7 -> 5, main::p@5 -> 1, counter@4 -> 2, counter@5 -> 3, main::r@5 -> 0, main::a@5 -> 5, assume_abort_if_not::cond@2 -> 1, __VERIFIER_assert::cond@6 -> 1, __VERIFIER_assert::cond@4 -> 1, __VERIFIER_assert::cond@2 -> 1, __VERIFIER_assert::cond@8 -> 1, main::__CPAchecker_TMP_0@2 -> 0, main::y@3 -> 13, main::__CPAchecker_TMP_0@6 -> 1, main::q@5 -> 0, __VERIFIER_nondet_int!2@ -> 5, main::s@5 -> 1, main::b@5 -> 13, __VERIFIER_assert::cond@12 -> 1, __VERIFIER_assert::cond@14 -> 1, __VERIFIER_nondet_int!3@ -> 13, __VERIFIER_assert::cond@16 -> 1, __VERIFIER_assert::cond@18 -> 1, __VERIFIER_assert::cond@10 -> 1, Integer_*_(13, 2) -> -32, Integer_*_(13, -1) -> 30, Integer_*_(13, 1) -> -14, Integer_*_(13, 0) -> 16, Integer_*_(8, 5) -> 35, Integer_*_(5, -5) -> 33, Integer_*_(5, 3) -> -28, Integer_*_(5, -2) -> 17, Integer_*_(5, -1) -> 22, Integer_*_(5, 1) -> -11, Integer_*_(5, 0) -> 27, Integer_*_(-3, 13) -> -33, Integer_*_(3, 2) -> 32, Integer_*_(3, 1) -> 29, Integer_*_(-1, -5) -> 31, Integer_*_(-1, -2) -> 28, Integer_*_(1, 1) -> 15, Integer_*_(0, -2) -> 14, Integer_*_(0, -1) -> 14, Integer_*_(0, 0) -> 14}
[__VERIFIER_assert::cond@34: 0, __VERIFIER_assert::cond@32: 1, main::__CPAchecker_TMP_0@22: 5, main::r@22: -3, main::p@22: 8, main::a@22: 1, __VERIFIER_assert::cond@30: 1, __VERIFIER_assert::cond@28: 1, __VERIFIER_assert::cond@26: 1, main::__CPAchecker_TMP_0@18: 4, main::s@20: 2, main::q@20: -5, main::b@20: 1, __VERIFIER_assert::cond@24: 1, __VERIFIER_assert::cond@22: 1, main::__CPAchecker_TMP_0@14: 3, main::r@15: -1, main::p@15: 3, main::a@15: 2, main::__CPAchecker_TMP_0@10: 2, main::s@13: 1, main::q@13: -2, main::b@13: 3, main::s@9: 1, main::q@9: -1, main::b@9: 8, assume_abort_if_not::cond@4: 1, counter@2: 0, counter@3: 1, main::x@3: 5, counter@8: 6, counter@6: 4, __VERIFIER_assert::cond@20: 1, counter@7: 5, main::p@5: 1, counter@4: 2, counter@5: 3, main::r@5: 0, main::a@5: 5, assume_abort_if_not::cond@2: 1, __VERIFIER_assert::cond@6: 1, __VERIFIER_assert::cond@4: 1, __VERIFIER_assert::cond@2: 1, __VERIFIER_assert::cond@8: 1, main::__CPAchecker_TMP_0@2: 0, main::y@3: 13, main::__CPAchecker_TMP_0@6: 1, main::q@5: 0, __VERIFIER_nondet_int!2@: 5, main::s@5: 1, main::b@5: 13, __VERIFIER_assert::cond@12: 1, __VERIFIER_assert::cond@14: 1, __VERIFIER_nondet_int!3@: 13, __VERIFIER_assert::cond@16: 1, __VERIFIER_assert::cond@18: 1, __VERIFIER_assert::cond@10: 1, Integer_*_(13, 2): -32, Integer_*_(13, -1): 30, Integer_*_(13, 1): -14, Integer_*_(13, 0): 16, Integer_*_(8, 5): 35, Integer_*_(5, -5): 33, Integer_*_(5, 3): -28, Integer_*_(5, -2): 17, Integer_*_(5, -1): 22, Integer_*_(5, 1): -11, Integer_*_(5, 0): 27, Integer_*_(-3, 13): -33, Integer_*_(3, 2): 32, Integer_*_(3, 1): 29, Integer_*_(-1, -5): 31, Integer_*_(-1, -2): 28, Integer_*_(1, 1): 15, Integer_*_(0, -2): 14, Integer_*_(0, -1): 14, Integer_*_(0, 0): 14]
Stopping analysis ... (CPAchecker.runAlgorithm, INFO)


PredicateCPA statistics
-----------------------
Number of abstractions:            37 (8% of all post computations)
  Times abstraction was reused:    0
  Because of function entry/exit:  0 (0%)
  Because of loop head:            0 (0%)
  Because of join nodes:           0 (0%)
  Because of threshold:            0 (0%)
  Because of target state:         37 (100%)
  Times precision was empty:       37 (100%)
  Times precision was {false}:     0 (0%)
  Times result was cached:         0 (0%)
  Times cartesian abs was used:    0 (0%)
  Times boolean abs was used:      0 (0%)
  Times result was 'false':        0 (0%)
Number of strengthen sat checks:   0
Number of coverage checks:         10
  BDD entailment checks:           0
Number of SMT sat checks:          0
  trivial:                         0
  cached:                          0

Max ABE block size:                       102
Avg ABE block size:                                66.30 (sum: 2453, count: 37, min: 28, max: 102)
Number of predicates discovered:          0

Time for post operator:                                0.175s
  Time for path formula creation:                      0.172s
Time for strengthen operator:                          0.013s
Time for prec operator:                                0.009s
  Time for abstraction:                  0.005s (Max:     0.004s, Count: 37)
    Solving time:                        0.000s (Max:     0.000s)
    Model enumeration time:              0.000s
    Time for BDD construction:           0.000s (Max:     0.000s)
Time for merge operator:                               0.006s
Time for coverage checks:                              0.000s
Total time for SMT solver (w/o itp):     0.000s

Total number of created targets for pointer analysis: 0



KeyValue statistics
-------------------
Init. function predicates:                         0
Init. global predicates:                           0
Init. location predicates:                         0

Invariant Generation statistics
-------------------------------

Bounds CPA statistics
---------------------
Bound k:                                           10
Maximum loop iteration reached:                    6


ValueAnalysisCPA statistics
---------------------------
Number of variables per state:                     3.11 (sum: 1352, count: 435, min: 0, max: 7)
Number of global variables per state:              0.98 (sum: 427, count: 435, min: 0, max: 1)
Number of assumptions:                                  130
Number of deterministic assumptions:                      0
Level of Determinism:                              0%

ValueAnalysisPrecisionAdjustment statistics
-------------------------------------------
Number of abstraction computations:                     439
Total time for liveness abstraction:                   0.000s
Total time for abstraction computation:                0.021s
Total time for path thresholds:                        0.000s

ConstraintsStrengthenOperator statistics
----------------------------------------
Total time for strengthening by ConstraintsCPA:     0.000s
Replaced symbolic expressions: 0

AutomatonAnalysis (SVCOMP) statistics
-------------------------------------
Number of states:                                  1
Total time for successor computation:                  0.025s
Automaton transfers with branching:                0
Automaton transfer successors:                     0.92 (sum: 439, count: 478, min: 0, max: 1) [0 x 39, 1 x 439]
Number of states with assumption transitions:      0

CPA algorithm statistics
------------------------
Number of iterations:            435
Max size of waitlist:            3
Average size of waitlist:        1
LoopstackSortedWaitlist:                           0.39 (sum: 111, count: 284, min: 0, max: 7)
ReversePostorderSortedWaitlist:                    0.00 (sum: 0, count: 284, min: 0, max: 0)
LoopIterationSortedWaitlist:                       0.39 (sum: 111, count: 284, min: 0, max: 7)
CallstackSortedWaitlist:                           151.00 (sum: 151, count: 1, min: 151, max: 151)
Number of computed successors:   439
Max successors for one state:    2
Number of times merged:          5
Number of times stopped:         5
Number of times breaked:         0

Total time for CPA algorithm:         0.441s (Max:     0.441s)
  Time for choose from waitlist:      0.013s
  Time for precision adjustment:      0.072s
  Time for transfer relation:         0.312s
  Time for merge operator:            0.008s
  Time for stop operator:             0.008s
  Time for adding to reached set:     0.016s

BMC algorithm statistics
------------------------
Time for BMC formula creation:                       0.443s
Time for final sat check:                            4.949s
Time for error-path creation:                        0.115s
Time for error-path post-processing:                 0.422s

CPAchecker general statistics
-----------------------------
Number of program locations:                       72
Number of CFA edges (per node):                          77 (count: 72, min: 0, max: 7, avg: 1.07)
Number of relevant variables:                      12
Number of functions:                               4
Number of loops (and loop nodes):                         1 (sum: 17, min: 17, max: 17, avg: 17.00)
Size of reached set:             435
  Number of reached locations:   65 (90%)
    Avg states per location:     6
    Max states per location:     39 (at node N10)
  Number of reached functions:   4 (100%)
  Number of partitions:          435
    Avg size of partitions:      1
    Max size of partitions:      1
  Number of target states:       37

Time for analysis setup:          2.081s
  Time for loading CPAs:          1.208s
  Time for loading parser:        0.209s
  Time for CFA construction:      0.593s
    Time for parsing file(s):     0.352s
    Time for AST to CFA:          0.105s
    Time for CFA sanity check:    0.000s
    Time for post-processing:     0.089s
    Time for loop structure:      0.005s
    Time for AST structure:       0.000s
      Time for function pointers resolving:            0.003s
        Function calls via function pointers:             0 (count: 1, min: 0, max: 0, avg: 0.00)
        Instrumented function pointer calls:              0 (count: 1, min: 0, max: 0, avg: 0.00)
        Function calls with function pointer arguments:        0 (count: 1, min: 0, max: 0, avg: 0.00)
        Instrumented function pointer arguments:          0 (count: 1, min: 0, max: 0, avg: 0.00)
      Time for classifying variables:                  0.054s
        Time for collecting variables:                 0.032s
        Time for solving dependencies:                 0.001s
        Time for building hierarchy:                   0.000s
        Time for building classification:              0.021s
        Time for exporting data:                       0.000s
Time for Analysis:                6.021s
CPU time for analysis:            9.250s
Time for analyzing result:        0.002s
Total time for CPAchecker:        8.103s
Total CPU time for CPAchecker:   13.230s
Time for statistics:              0.067s

Time for Garbage Collector:       0.095s (in 10 runs)
Garbage Collector(s) used:    G1 Old Generation, G1 Young Generation

Verification result: FALSE. Property violation (unreach-call: reach_error(); called in line 13) found by chosen configuration.
More details about the verification run can be found in the directory "./output".
