scripts/cpa.sh -heap 13000M -stack 50M -noout -benchmark -bmc -setprop cpa.predicate.useArraysForHeap=false -setprop cpa.predicate.memoryAllocationsAlwaysSucceed=true -setprop cpa.loopbound.maxLoopIterations=10 -setprop cpa.predicate.encodeFloatAs=INTEGER -setprop cpa.predicate.encodeBitvectorAs=INTEGER -setprop solver.solver=princess_binary -setprop proveroptions.option=use_binary -timelimit 900s -stats -spec test/programs/benchmarks/properties/unreach-call.prp -32 test/programs/benchmarks/ddv-machzwd/ddv_machzwd_outw_p.i


--------------------------------------------------------------------------------


Running CPAchecker with Java heap of size 13000M.
Running CPAchecker with Java stack of size 50M.
Language C detected and set for analysis (CPAMain.detectFrontendLanguageIfNecessary, INFO)

Using the following resource limits: CPU-time limit of 900s (ResourceLimitChecker.fromConfiguration, INFO)

CPAchecker 2.3.1-svn-45350M / bmc (OpenJDK 64-Bit Server VM 17.0.8.1) started (CPAchecker.run, INFO)

Parsing CFA from file(s) "test/programs/benchmarks/ddv-machzwd/ddv_machzwd_outw_p.i" (CPAchecker.parse, INFO)

line 952: Dead code detected: switch ((64 / 32)) {
 default:
  memset(set, -1, sizeof(sigset_t));
  break;
 case 2: set->sig[1] = -1;
 case 1: set->sig[0] = -1;
  break;
 } (CFACreationUtils.addEdgeToCFA, INFO)

line 3037: Dereferencing of non-pointer type irq_handler_t  in expression * registered_irq[i].handler (ASTConverter.convert, WARNING)

line 4095: Dead code detected: __VERIFIER_atomic_end(); (CFACreationUtils.addEdgeToCFA, INFO)

line 3020: Function pointer *((genhd_registered[genhd_no]).gd->fops->getgeo) with type int (*)(struct block_device *, struct hd_geometry *) is called, but no possible target functions were found. (CFunctionPointerResolver.getTargets, WARNING)

line 3009: Function pointer *((genhd_registered[genhd_no]).gd->fops->revalidate_disk) with type int (*)(struct gendisk *) is called, but no possible target functions were found. (CFunctionPointerResolver.getTargets, WARNING)

line 3003: Function pointer *((genhd_registered[genhd_no]).gd->fops->media_changed) with type int (*)(struct gendisk *) is called, but no possible target functions were found. (CFunctionPointerResolver.getTargets, WARNING)

line 3037: Function pointer *((registered_irq[i]).handler) with type irqreturn_t (*)(int, void *, struct pt_regs *) is called, but no possible target functions were found. (CFunctionPointerResolver.getTargets, WARNING)

line 2938: Function pointer *((genhd_registered[genhd_no]).gd->queue->request_fn) with type request_fn_proc * is called, but no possible target functions were found. (CFunctionPointerResolver.getTargets, WARNING)

line 3055: Function pointer *(registered_pci_driver.pci_driver->probe) with type int (*)(struct pci_dev *dev, const struct pci_device_id *id) is called, but no possible target functions were found. (CFunctionPointerResolver.getTargets, WARNING)

line 3067: Function pointer *(registered_pci_driver.pci_driver->remove) with type void (*)(struct pci_dev *dev) is called, but no possible target functions were found. (CFunctionPointerResolver.getTargets, WARNING)

Using unsound approximation of ints with unbounded integers and floats with unbounded integers for encoding program semantics. (PredicateCPA:FormulaManagerView.<init>, WARNING)

Using predicate analysis with Princess 2023-04-07. (PredicateCPA:PredicateCPA.<init>, INFO)

Using unsound approximation of ints with unbounded integers and floats with unbounded integers for encoding program semantics. (AssumptionStorageCPA:FormulaManagerView.<init>, WARNING)

The following configuration options were specified but are not used:
 proveroptions.option 
 (CPAchecker.printConfigurationWarnings, WARNING)

Starting analysis ... (CPAchecker.runAlgorithm, INFO)

Stopping analysis ... (CPAchecker.runAlgorithm, INFO)


PredicateCPA statistics
-----------------------
Number of abstractions:            0 (NaN% of all post computations)
Number of strengthen sat checks:   0
Number of coverage checks:         0
  BDD entailment checks:           0
Number of SMT sat checks:          0
  trivial:                         0
  cached:                          0

Max ABE block size:                       0
Avg ABE block size:                                0.00 (sum: 0, count: 0, min: 0, max: 0)
Number of predicates discovered:          0

Time for post operator:                                0.000s
  Time for path formula creation:                      0.000s
Time for strengthen operator:                          0.000s
Time for prec operator:                                0.000s
Time for coverage checks:                              0.000s
Total time for SMT solver (w/o itp):     0.000s

Total number of created targets for pointer analysis: 0



KeyValue statistics
-------------------
Init. function predicates:                         0
Init. global predicates:                           0
Init. location predicates:                         0

Invariant Generation statistics
-------------------------------

Bounds CPA statistics
---------------------
Bound k:                                           10
Maximum loop iteration reached:                    0


ValueAnalysisCPA statistics
---------------------------
Number of variables per state:                     0.00 (sum: 0, count: 1, min: 0, max: 0)
Number of global variables per state:              0.00 (sum: 0, count: 1, min: 0, max: 0)
Number of assumptions:                                    0
Number of deterministic assumptions:                      0
Level of Determinism:                              100%

ValueAnalysisPrecisionAdjustment statistics
-------------------------------------------
Number of abstraction computations:                       0
Total time for liveness abstraction:                   0.000s
Total time for abstraction computation:                0.000s
Total time for path thresholds:                        0.000s

ConstraintsStrengthenOperator statistics
----------------------------------------
Total time for strengthening by ConstraintsCPA:     0.000s
Replaced symbolic expressions: 0

AutomatonAnalysis (SVCOMP) statistics
-------------------------------------
Number of states:                                  1
Total time for successor computation:                  0.000s
Automaton transfers with branching:                0
Automaton transfer successors:                     0.00 (sum: 0, count: 0, min: 0, max: 0) []
Number of states with assumption transitions:      0

CPA algorithm statistics
------------------------
Number of iterations:            0

BMC algorithm statistics
------------------------

CPAchecker general statistics
-----------------------------
Number of program locations:                       2452
Number of CFA edges (per node):                        2645 (count: 2452, min: 0, max: 22, avg: 1.08)
Number of relevant variables:                      236
Number of functions:                               184
Number of loops (and loop nodes):                        12 (sum: 91, min: 4, max: 27, avg: 7.58)
Size of reached set:             1
  Number of reached locations:   1 (0%)
    Avg states per location:     1
    Max states per location:     1 (at node N474)
  Number of reached functions:   1 (1%)
  Number of partitions:          1
    Avg size of partitions:      1
    Max size of partitions:      1
  Number of target states:       0

Time for analysis setup:          3.406s
  Time for loading CPAs:          1.416s
  Time for loading parser:        0.267s
  Time for CFA construction:      1.651s
    Time for parsing file(s):     0.563s
    Time for AST to CFA:          0.624s
    Time for CFA sanity check:    0.000s
    Time for post-processing:     0.365s
    Time for loop structure:      0.010s
    Time for AST structure:       0.000s
      Time for function pointers resolving:            0.017s
        Function calls via function pointers:            21 (count: 1, min: 21, max: 21, avg: 21.00)
        Instrumented function pointer calls:             14 (count: 1, min: 14, max: 14, avg: 14.00)
        Function calls with function pointer arguments:        0 (count: 1, min: 0, max: 0, avg: 0.00)
        Instrumented function pointer arguments:          0 (count: 1, min: 0, max: 0, avg: 0.00)
      Time for classifying variables:                  0.276s
        Time for collecting variables:                 0.205s
        Time for solving dependencies:                 0.004s
        Time for building hierarchy:                   0.000s
        Time for building classification:              0.067s
        Time for exporting data:                       0.000s
Time for Analysis:                0.230s
CPU time for analysis:            0.460s
Time for analyzing result:        0.001s
Total time for CPAchecker:        3.637s
Total CPU time for CPAchecker:    7.090s
Time for statistics:              0.032s

Time for Garbage Collector:       0.082s (in 8 runs)
Garbage Collector(s) used:    G1 Old Generation, G1 Young Generation

Verification result: TRUE. No property violation found by chosen configuration.
More details about the verification run can be found in the directory "./output".
