scripts/cpa.sh -heap 13000M -stack 50M -noout -benchmark -bmc -setprop cpa.predicate.useArraysForHeap=false -setprop cpa.predicate.memoryAllocationsAlwaysSucceed=true -setprop cpa.loopbound.maxLoopIterations=10 -setprop cpa.predicate.encodeFloatAs=INTEGER -setprop cpa.predicate.encodeBitvectorAs=INTEGER -setprop solver.solver=princess -timelimit 900s -stats -spec test/programs/benchmarks/properties/unreach-call.prp -64 test/programs/benchmarks/ldv-consumption/32_7a_cilled_linux-3.8-rc1-drivers--net--wireless--hostap--hostap.ko-main.cil.out.i


--------------------------------------------------------------------------------


Running CPAchecker with Java heap of size 13000M.
Running CPAchecker with Java stack of size 50M.
Language C detected and set for analysis (CPAMain.detectFrontendLanguageIfNecessary, INFO)

Using the following resource limits: CPU-time limit of 900s (ResourceLimitChecker.fromConfiguration, INFO)

CPAchecker 2.3.1-svn-45350M / bmc (OpenJDK 64-Bit Server VM 17.0.8.1) started (CPAchecker.run, INFO)

Parsing CFA from file(s) "test/programs/benchmarks/ldv-consumption/32_7a_cilled_linux-3.8-rc1-drivers--net--wireless--hostap--hostap.ko-main.cil.out.i" (CPAchecker.parse, INFO)

line 7229: Dead code detected: return (ldv_func_res); (CFACreationUtils.addEdgeToCFA, INFO)

line 8000: Dead code detected: return (ldv_func_res); (CFACreationUtils.addEdgeToCFA, INFO)

line 12208: Dead code detected: return (ldv_func_res); (CFACreationUtils.addEdgeToCFA, INFO)

line 12845: Dead code detected: return (ldv_func_res); (CFACreationUtils.addEdgeToCFA, INFO)

line 12889: Dead code detected: __asm__ ("movb %%gs:%P1,%0": "=q" (pfo_ret__): "p" (& current_task)); (CFACreationUtils.addEdgeToCFA, INFO)

line 12892: Dead code detected: __asm__ ("movw %%gs:%P1,%0": "=r" (pfo_ret__): "p" (& current_task)); (CFACreationUtils.addEdgeToCFA, INFO)

line 12895: Dead code detected: __asm__ ("movl %%gs:%P1,%0": "=r" (pfo_ret__): "p" (& current_task)); (CFACreationUtils.addEdgeToCFA, INFO)

line 12900: Dead code detected: switch (8UL) {
  case 1:
  __asm__ ("movb %%gs:%P1,%0": "=q" (pfo_ret__): "p" (& current_task));
  goto ldv_2861;
  case 2:
  __asm__ ("movw %%gs:%P1,%0": "=r" (pfo_ret__): "p" (& current_task));
  goto ldv_2861;
  case 4:
  __asm__ ("movl %%gs:%P1,%0": "=r" (pfo_ret__): "p" (& current_task));
  goto ldv_2861;
  case 8:
  __asm__ ("movq %%gs:%P1,%0": "=r" (pfo_ret__): "p" (& current_task));
  goto ldv_2861;
  default:
  __bad_percpu_size();
  } (CFACreationUtils.addEdgeToCFA, INFO)

line 12929: Dead code detected: __asm__ ("movb %%gs:%P1,%0": "=q" (pfo_ret__): "p" (& kernel_stack)); (CFACreationUtils.addEdgeToCFA, INFO)

line 12932: Dead code detected: __asm__ ("movw %%gs:%P1,%0": "=r" (pfo_ret__): "p" (& kernel_stack)); (CFACreationUtils.addEdgeToCFA, INFO)

line 12935: Dead code detected: __asm__ ("movl %%gs:%P1,%0": "=r" (pfo_ret__): "p" (& kernel_stack)); (CFACreationUtils.addEdgeToCFA, INFO)

line 12940: Dead code detected: switch (8UL) {
  case 1:
  __asm__ ("movb %%gs:%P1,%0": "=q" (pfo_ret__): "p" (& kernel_stack));
  goto ldv_6160;
  case 2:
  __asm__ ("movw %%gs:%P1,%0": "=r" (pfo_ret__): "p" (& kernel_stack));
  goto ldv_6160;
  case 4:
  __asm__ ("movl %%gs:%P1,%0": "=r" (pfo_ret__): "p" (& kernel_stack));
  goto ldv_6160;
  case 8:
  __asm__ ("movq %%gs:%P1,%0": "=r" (pfo_ret__): "p" (& kernel_stack));
  goto ldv_6160;
  default:
  __bad_percpu_size();
  } (CFACreationUtils.addEdgeToCFA, INFO)

line 15782: Dead code detected: tmp___19 = get_current(); (CFACreationUtils.addEdgeToCFA, INFO)

line 15787: Dead code detected: tmp___20 = get_current(); (CFACreationUtils.addEdgeToCFA, INFO)

line 15792: Dead code detected: tmp___21 = get_current(); (CFACreationUtils.addEdgeToCFA, INFO)

line 15801: Dead code detected: switch (8UL) {
    case 1:
    tmp___19 = get_current();
    __asm__ volatile ("xchgb %b0, %1\n": "+q" (__ret), "+m" (tmp___19->state): : "memory",
                         "cc");
    goto ldv_41219;
    case 2:
    tmp___20 = get_current();
    __asm__ volatile ("xchgw %w0, %1\n": "+r" (__ret), "+m" (tmp___20->state): : "memory",
                         "cc");
    goto ldv_41219;
    case 4:
    tmp___21 = get_current();
    __asm__ volatile ("xchgl %0, %1\n": "+r" (__ret), "+m" (tmp___21->state): : "memory",
                         "cc");
    goto ldv_41219;
    case 8:
    tmp___22 = get_current();
    __asm__ volatile ("xchgq %q0, %1\n": "+r" (__ret), "+m" (tmp___22->state): : "memory",
                         "cc");
    goto ldv_41219;
    default:
    __xchg_wrong_size();
    } (CFACreationUtils.addEdgeToCFA, INFO)

line 15815: Dead code detected: tmp___25 = get_current(); (CFACreationUtils.addEdgeToCFA, INFO)

line 15820: Dead code detected: tmp___26 = get_current(); (CFACreationUtils.addEdgeToCFA, INFO)

line 15825: Dead code detected: tmp___27 = get_current(); (CFACreationUtils.addEdgeToCFA, INFO)

line 15834: Dead code detected: switch (8UL) {
    case 1:
    tmp___25 = get_current();
    __asm__ volatile ("xchgb %b0, %1\n": "+q" (__ret___0), "+m" (tmp___25->state): : "memory",
                         "cc");
    goto ldv_41227;
    case 2:
    tmp___26 = get_current();
    __asm__ volatile ("xchgw %w0, %1\n": "+r" (__ret___0), "+m" (tmp___26->state): : "memory",
                         "cc");
    goto ldv_41227;
    case 4:
    tmp___27 = get_current();
    __asm__ volatile ("xchgl %0, %1\n": "+r" (__ret___0), "+m" (tmp___27->state): : "memory",
                         "cc");
    goto ldv_41227;
    case 8:
    tmp___28 = get_current();
    __asm__ volatile ("xchgq %q0, %1\n": "+r" (__ret___0), "+m" (tmp___28->state): : "memory",
                         "cc");
    goto ldv_41227;
    default:
    __xchg_wrong_size();
    } (CFACreationUtils.addEdgeToCFA, INFO)

line 17644: Dead code detected: return (ldv_func_res); (CFACreationUtils.addEdgeToCFA, INFO)

line 19842: Dead code detected: return (ldv_func_res); (CFACreationUtils.addEdgeToCFA, INFO)

line 20510: Dead code detected: return (ldv_func_res); (CFACreationUtils.addEdgeToCFA, INFO)

Inline assembler ignored, analysis is probably unsound! (CFABuilder.createCFA, WARNING)

line 10010: Function pointer *(ap->crypt->encrypt_mpdu) with type int (*)(struct sk_buff *, int, void *) is called, but no possible target functions were found. (CFunctionPointerResolver.getTargets, WARNING)

line 9961: Function pointer *(ap->crypt->init) with type void *(*)(int) is called, but no possible target functions were found. (CFunctionPointerResolver.getTargets, WARNING)

line 9966: Function pointer *(ap->crypt->set_key) with type int (*)(void *, int, u8 *, void *) is called, but no possible target functions were found. (CFunctionPointerResolver.getTargets, WARNING)

line 12716: Function pointer *(local->func->get_rid) with type int (*)(struct net_device *, u16 , void *, int, int) is called, but no possible target functions were found. (CFunctionPointerResolver.getTargets, WARNING)

line 13849: Function pointer *(local->func->set_rid) with type int (*)(struct net_device *, u16 , void *, int) is called, but no possible target functions were found. (CFunctionPointerResolver.getTargets, WARNING)

line 7944: Function pointer *(local->func->tx) with type int (*)(struct sk_buff *, struct net_device *) is called, but no possible target functions were found. (CFunctionPointerResolver.getTargets, WARNING)

line 14401: Function pointer *(local->func->cmd) with type int (*)(struct net_device *, u16 , u16 , u16 *, u16 *) is called, but no possible target functions were found. (CFunctionPointerResolver.getTargets, WARNING)

line 14379: Function pointer *(local->func->cmd) with type int (*)(struct net_device *, u16 , u16 , u16 *, u16 *) is called, but no possible target functions were found. (CFunctionPointerResolver.getTargets, WARNING)

line 6651: Function pointer *(crypt->ops->decrypt_mpdu) with type int (*)(struct sk_buff *, int, void *) is called, but no possible target functions were found. (CFunctionPointerResolver.getTargets, WARNING)

line 6679: Function pointer *(crypt->ops->decrypt_msdu) with type int (*)(struct sk_buff *, int, int, void *) is called, but no possible target functions were found. (CFunctionPointerResolver.getTargets, WARNING)

line 18357: Function pointer *(local->func->cmd) with type int (*)(struct net_device *, u16 , u16 , u16 *, u16 *) is called, but no possible target functions were found. (CFunctionPointerResolver.getTargets, WARNING)

line 18371: Function pointer *(local->func->cmd) with type int (*)(struct net_device *, u16 , u16 , u16 *, u16 *) is called, but no possible target functions were found. (CFunctionPointerResolver.getTargets, WARNING)

line 18332: Function pointer *(local->func->cmd) with type int (*)(struct net_device *, u16 , u16 , u16 *, u16 *) is called, but no possible target functions were found. (CFunctionPointerResolver.getTargets, WARNING)

line 18346: Function pointer *(local->func->cmd) with type int (*)(struct net_device *, u16 , u16 , u16 *, u16 *) is called, but no possible target functions were found. (CFunctionPointerResolver.getTargets, WARNING)

line 18240: Function pointer *(local->func->get_rid) with type int (*)(struct net_device *, u16 , void *, int, int) is called, but no possible target functions were found. (CFunctionPointerResolver.getTargets, WARNING)

line 18281: Function pointer *(((local->crypt_info.crypt)[idx])->ops->get_key) with type int (*)(void *, int, u8 *, void *) is called, but no possible target functions were found. (CFunctionPointerResolver.getTargets, WARNING)

line 18295: Function pointer *(local->func->set_rid) with type int (*)(struct net_device *, u16 , void *, int) is called, but no possible target functions were found. (CFunctionPointerResolver.getTargets, WARNING)

line 18292: Function pointer *(((local->crypt_info.crypt)[i])->ops->get_key) with type int (*)(void *, int, u8 *, void *) is called, but no possible target functions were found. (CFunctionPointerResolver.getTargets, WARNING)

line 18183: Function pointer *(iface->local->func->set_rid) with type int (*)(struct net_device *, u16 , void *, int) is called, but no possible target functions were found. (CFunctionPointerResolver.getTargets, WARNING)

line 8479: Function pointer *(local->func->set_tim) with type int (*)(struct net_device *, int, int) is called, but no possible target functions were found. (CFunctionPointerResolver.getTargets, WARNING)

line 18156: Function pointer *(iface->local->func->set_rid) with type int (*)(struct net_device *, u16 , void *, int) is called, but no possible target functions were found. (CFunctionPointerResolver.getTargets, WARNING)

line 7775: Function pointer *(crypt->ops->encrypt_mpdu) with type int (*)(struct sk_buff *, int, void *) is called, but no possible target functions were found. (CFunctionPointerResolver.getTargets, WARNING)

line 7769: Function pointer *(crypt->ops->encrypt_msdu) with type int (*)(struct sk_buff *, int, void *) is called, but no possible target functions were found. (CFunctionPointerResolver.getTargets, WARNING)

line 20292: Function pointer *(local->func->read_aux) with type int (*)(struct net_device *, unsigned int, int, u8 *) is called, but no possible target functions were found. (CFunctionPointerResolver.getTargets, WARNING)

line 18578: Function pointer *(local->func->hw_shutdown) with type void (*)(struct net_device *, int) is called, but no possible target functions were found. (CFunctionPointerResolver.getTargets, WARNING)

line 18559: Function pointer *(local->func->card_present) with type int (*)(local_info_t *) is called, but no possible target functions were found. (CFunctionPointerResolver.getTargets, WARNING)

line 20236: Function pointer *(((local->crypt_info.crypt)[i])->ops->print_stats) with type char *(*)(char *, void *) is called, but no possible target functions were found. (CFunctionPointerResolver.getTargets, WARNING)

line 13166: Function pointer *(local->func->get_rid) with type int (*)(struct net_device *, u16 , void *, int, int) is called, but no possible target functions were found. (CFunctionPointerResolver.getTargets, WARNING)

line 12492: Function pointer *(local->func->set_rid) with type int (*)(struct net_device *, u16 , void *, int) is called, but no possible target functions were found. (CFunctionPointerResolver.getTargets, WARNING)

line 17014: Function pointer *((*crypt)->ops->get_key) with type int (*)(void *, int, u8 *, void *) is called, but no possible target functions were found. (CFunctionPointerResolver.getTargets, WARNING)

line 17037: Function pointer *(local->func->get_rid) with type int (*)(struct net_device *, u16 , void *, int, int) is called, but no possible target functions were found. (CFunctionPointerResolver.getTargets, WARNING)

line 13956: Function pointer *(local->func->get_rid) with type int (*)(struct net_device *, u16 , void *, int, int) is called, but no possible target functions were found. (CFunctionPointerResolver.getTargets, WARNING)

line 13392: Function pointer *(crypt->ops->get_key) with type int (*)(void *, int, u8 *, void *) is called, but no possible target functions were found. (CFunctionPointerResolver.getTargets, WARNING)

line 13399: Function pointer *(local->func->get_rid) with type int (*)(struct net_device *, u16 , void *, int, int) is called, but no possible target functions were found. (CFunctionPointerResolver.getTargets, WARNING)

line 16776: Function pointer *((*crypt)->ops->get_key) with type int (*)(void *, int, u8 *, void *) is called, but no possible target functions were found. (CFunctionPointerResolver.getTargets, WARNING)

line 14215: Function pointer *(local->func->get_rid) with type int (*)(struct net_device *, u16 , void *, int, int) is called, but no possible target functions were found. (CFunctionPointerResolver.getTargets, WARNING)

line 13786: Function pointer *(local->func->get_rid) with type int (*)(struct net_device *, u16 , void *, int, int) is called, but no possible target functions were found. (CFunctionPointerResolver.getTargets, WARNING)

line 14096: Function pointer *(local->func->get_rid) with type int (*)(struct net_device *, u16 , void *, int, int) is called, but no possible target functions were found. (CFunctionPointerResolver.getTargets, WARNING)

line 14020: Function pointer *(local->func->get_rid) with type int (*)(struct net_device *, u16 , void *, int, int) is called, but no possible target functions were found. (CFunctionPointerResolver.getTargets, WARNING)

line 14597: Function pointer *(local->func->get_rid) with type int (*)(struct net_device *, u16 , void *, int, int) is called, but no possible target functions were found. (CFunctionPointerResolver.getTargets, WARNING)

line 14617: Function pointer *(local->func->get_rid) with type int (*)(struct net_device *, u16 , void *, int, int) is called, but no possible target functions were found. (CFunctionPointerResolver.getTargets, WARNING)

line 14625: Function pointer *(local->func->get_rid) with type int (*)(struct net_device *, u16 , void *, int, int) is called, but no possible target functions were found. (CFunctionPointerResolver.getTargets, WARNING)

line 14609: Function pointer *(local->func->get_rid) with type int (*)(struct net_device *, u16 , void *, int, int) is called, but no possible target functions were found. (CFunctionPointerResolver.getTargets, WARNING)

line 13542: Function pointer *(local->func->get_rid) with type int (*)(struct net_device *, u16 , void *, int, int) is called, but no possible target functions were found. (CFunctionPointerResolver.getTargets, WARNING)

line 13561: Function pointer *(local->func->get_rid) with type int (*)(struct net_device *, u16 , void *, int, int) is called, but no possible target functions were found. (CFunctionPointerResolver.getTargets, WARNING)

line 14690: Function pointer *(local->func->get_rid) with type int (*)(struct net_device *, u16 , void *, int, int) is called, but no possible target functions were found. (CFunctionPointerResolver.getTargets, WARNING)

line 14694: Function pointer *(local->func->get_rid) with type int (*)(struct net_device *, u16 , void *, int, int) is called, but no possible target functions were found. (CFunctionPointerResolver.getTargets, WARNING)

line 14698: Function pointer *(local->func->get_rid) with type int (*)(struct net_device *, u16 , void *, int, int) is called, but no possible target functions were found. (CFunctionPointerResolver.getTargets, WARNING)

line 14712: Function pointer *(local->func->get_rid) with type int (*)(struct net_device *, u16 , void *, int, int) is called, but no possible target functions were found. (CFunctionPointerResolver.getTargets, WARNING)

line 13730: Function pointer *(local->func->get_rid) with type int (*)(struct net_device *, u16 , void *, int, int) is called, but no possible target functions were found. (CFunctionPointerResolver.getTargets, WARNING)

line 13627: Function pointer *(local->func->get_rid) with type int (*)(struct net_device *, u16 , void *, int, int) is called, but no possible target functions were found. (CFunctionPointerResolver.getTargets, WARNING)

line 16319: Function pointer *(local->func->download) with type int (*)(local_info_t *, struct prism2_download_param *) is called, but no possible target functions were found. (CFunctionPointerResolver.getTargets, WARNING)

line 15444: Function pointer *(local->func->cmd) with type int (*)(struct net_device *, u16 , u16 , u16 *, u16 *) is called, but no possible target functions were found. (CFunctionPointerResolver.getTargets, WARNING)

line 15769: Function pointer *(local->func->set_rid) with type int (*)(struct net_device *, u16 , void *, int) is called, but no possible target functions were found. (CFunctionPointerResolver.getTargets, WARNING)

line 15570: Function pointer *(local->func->cmd) with type int (*)(struct net_device *, u16 , u16 , u16 *, u16 *) is called, but no possible target functions were found. (CFunctionPointerResolver.getTargets, WARNING)

line 16125: Function pointer *(local->func->cmd) with type int (*)(struct net_device *, u16 , u16 , u16 *, u16 *) is called, but no possible target functions were found. (CFunctionPointerResolver.getTargets, WARNING)

line 16232: Function pointer *(local->func->cmd) with type int (*)(struct net_device *, u16 , u16 , u16 *, u16 *) is called, but no possible target functions were found. (CFunctionPointerResolver.getTargets, WARNING)

line 16225: Function pointer *(local->func->cmd) with type int (*)(struct net_device *, u16 , u16 , u16 *, u16 *) is called, but no possible target functions were found. (CFunctionPointerResolver.getTargets, WARNING)

line 16214: Function pointer *(local->func->hw_shutdown) with type void (*)(struct net_device *, int) is called, but no possible target functions were found. (CFunctionPointerResolver.getTargets, WARNING)

line 16148: Function pointer *(local->func->cmd) with type int (*)(struct net_device *, u16 , u16 , u16 *, u16 *) is called, but no possible target functions were found. (CFunctionPointerResolver.getTargets, WARNING)

line 16914: Function pointer *((*crypt)->ops->set_key) with type int (*)(void *, int, u8 *, void *) is called, but no possible target functions were found. (CFunctionPointerResolver.getTargets, WARNING)

line 16899: Function pointer *(new_crypt->ops->init) with type void *(*)(int) is called, but no possible target functions were found. (CFunctionPointerResolver.getTargets, WARNING)

line 17057: Function pointer *(local->func->set_rid) with type int (*)(struct net_device *, u16 , void *, int) is called, but no possible target functions were found. (CFunctionPointerResolver.getTargets, WARNING)

line 13885: Function pointer *(local->func->set_rid) with type int (*)(struct net_device *, u16 , void *, int) is called, but no possible target functions were found. (CFunctionPointerResolver.getTargets, WARNING)

line 13307: Function pointer *((*crypt)->ops->set_key) with type int (*)(void *, int, u8 *, void *) is called, but no possible target functions were found. (CFunctionPointerResolver.getTargets, WARNING)

line 13280: Function pointer *(new_crypt->ops->init) with type void *(*)(int) is called, but no possible target functions were found. (CFunctionPointerResolver.getTargets, WARNING)

line 16639: Function pointer *((*crypt)->ops->set_key) with type int (*)(void *, int, u8 *, void *) is called, but no possible target functions were found. (CFunctionPointerResolver.getTargets, WARNING)

line 16621: Function pointer *(new_crypt->ops->init) with type void *(*)(int) is called, but no possible target functions were found. (CFunctionPointerResolver.getTargets, WARNING)

line 13762: Function pointer *(local->func->set_rid) with type int (*)(struct net_device *, u16 , void *, int) is called, but no possible target functions were found. (CFunctionPointerResolver.getTargets, WARNING)

line 13705: Function pointer *(local->func->set_rid) with type int (*)(struct net_device *, u16 , void *, int) is called, but no possible target functions were found. (CFunctionPointerResolver.getTargets, WARNING)

line 14771: Function pointer *(local->func->cmd) with type int (*)(struct net_device *, u16 , u16 , u16 *, u16 *) is called, but no possible target functions were found. (CFunctionPointerResolver.getTargets, WARNING)

line 14751: Function pointer *(local->func->cmd) with type int (*)(struct net_device *, u16 , u16 , u16 *, u16 *) is called, but no possible target functions were found. (CFunctionPointerResolver.getTargets, WARNING)

line 18619: Function pointer *(local->func->card_present) with type int (*)(local_info_t *) is called, but no possible target functions were found. (CFunctionPointerResolver.getTargets, WARNING)

line 14821: Function pointer *(local->func->set_rid) with type int (*)(struct net_device *, u16 , void *, int) is called, but no possible target functions were found. (CFunctionPointerResolver.getTargets, WARNING)

line 14849: Function pointer *(local->func->set_rid) with type int (*)(struct net_device *, u16 , void *, int) is called, but no possible target functions were found. (CFunctionPointerResolver.getTargets, WARNING)

line 16350: Function pointer *(local->func->set_rid) with type int (*)(struct net_device *, u16 , void *, int) is called, but no possible target functions were found. (CFunctionPointerResolver.getTargets, WARNING)

line 18681: Function pointer *(local->func->set_rid) with type int (*)(struct net_device *, u16 , void *, int) is called, but no possible target functions were found. (CFunctionPointerResolver.getTargets, WARNING)

line 9716: Function pointer *(sta->crypt->ops->print_stats) with type char *(*)(char *, void *) is called, but no possible target functions were found. (CFunctionPointerResolver.getTargets, WARNING)

line 18776: Function pointer *(local->func->read_regs) with type void (*)(struct net_device *, struct hfa384x_regs *) is called, but no possible target functions were found. (CFunctionPointerResolver.getTargets, WARNING)

line 18780: Function pointer *(local->func->schedule_reset) with type void (*)(local_info_t *) is called, but no possible target functions were found. (CFunctionPointerResolver.getTargets, WARNING)

line 18975: Function pointer *(local->func->get_rid) with type int (*)(struct net_device *, u16 , void *, int, int) is called, but no possible target functions were found. (CFunctionPointerResolver.getTargets, WARNING)

line 18965: Function pointer *(local->func->get_rid) with type int (*)(struct net_device *, u16 , void *, int, int) is called, but no possible target functions were found. (CFunctionPointerResolver.getTargets, WARNING)

Using unsound approximation of ints with unbounded integers and floats with unbounded integers for encoding program semantics. (PredicateCPA:FormulaManagerView.<init>, WARNING)

Using predicate analysis with Princess 2023-04-07. (PredicateCPA:PredicateCPA.<init>, INFO)

Using unsound approximation of ints with unbounded integers and floats with unbounded integers for encoding program semantics. (AssumptionStorageCPA:FormulaManagerView.<init>, WARNING)

Starting analysis ... (CPAchecker.runAlgorithm, INFO)

Creating formula for program (AbstractBMCAlgorithm.run, INFO)

Exception in thread "main" org.sosy_lab.java_smt.basicimpl.GeneratorException: Modular Congruence is not available in SMTLIB2. 
	at org.sosy_lab.java_smt.basicimpl.AbstractNumeralFormulaManager.modularCongruence(AbstractNumeralFormulaManager.java:361)
	at org.sosy_lab.java_smt.solvers.princess.PrincessIntegerFormulaManager.modularCongruence(PrincessIntegerFormulaManager.java:22)
	at org.sosy_lab.cpachecker.util.predicates.smt.IntegerFormulaManagerView.modularCongruence(IntegerFormulaManagerView.java:35)
	at org.sosy_lab.cpachecker.util.predicates.smt.FormulaManagerView.makeModularCongruence(FormulaManagerView.java:688)
	at org.sosy_lab.cpachecker.util.predicates.smt.FormulaManagerView.makeModularCongruence(FormulaManagerView.java:670)
	at org.sosy_lab.cpachecker.util.predicates.pathformula.pointeraliasing.PointerTargetSetManager.makeBaseAddressConstraints(PointerTargetSetManager.java:653)
	at org.sosy_lab.cpachecker.util.predicates.pathformula.pointeraliasing.PointerTargetSetBuilder$RealPointerTargetSetBuilder.addNextBaseAddressConstraints(PointerTargetSetBuilder.java:286)
	at org.sosy_lab.cpachecker.util.predicates.pathformula.pointeraliasing.CToFormulaConverterWithPointerAliasing.declareSharedBase(CToFormulaConverterWithPointerAliasing.java:437)
	at org.sosy_lab.cpachecker.util.predicates.pathformula.pointeraliasing.CToFormulaConverterWithPointerAliasing.makeDeclaration(CToFormulaConverterWithPointerAliasing.java:1001)
	at org.sosy_lab.cpachecker.util.predicates.pathformula.ctoformula.CtoFormulaConverter.createFormulaForEdge(CtoFormulaConverter.java:1231)
	at org.sosy_lab.cpachecker.util.predicates.pathformula.ctoformula.CtoFormulaConverter.makeAnd(CtoFormulaConverter.java:1049)
	at org.sosy_lab.cpachecker.util.predicates.pathformula.PathFormulaManagerImpl.makeAnd(PathFormulaManagerImpl.java:246)
	at org.sosy_lab.cpachecker.util.predicates.pathformula.PathFormulaManagerImpl.makeAnd(PathFormulaManagerImpl.java:300)
	at org.sosy_lab.cpachecker.cpa.predicate.PredicateTransferRelation.convertEdgeToPathFormula(PredicateTransferRelation.java:203)
	at org.sosy_lab.cpachecker.cpa.predicate.PredicateTransferRelation.getAbstractSuccessorsForEdge(PredicateTransferRelation.java:113)
	at org.sosy_lab.cpachecker.cpa.composite.CompositeTransferRelation.callTransferRelation(CompositeTransferRelation.java:297)
	at org.sosy_lab.cpachecker.cpa.composite.CompositeTransferRelation.getAbstractSuccessorForSimpleEdge(CompositeTransferRelation.java:264)
	at org.sosy_lab.cpachecker.cpa.composite.CompositeTransferRelation.getAbstractSuccessorForEdge(CompositeTransferRelation.java:196)
	at org.sosy_lab.cpachecker.cpa.composite.CompositeTransferRelation.getAbstractSuccessors(CompositeTransferRelation.java:88)
	at org.sosy_lab.cpachecker.cpa.arg.ARGTransferRelation.getAbstractSuccessors(ARGTransferRelation.java:45)
	at org.sosy_lab.cpachecker.core.algorithm.CPAAlgorithm.handleState(CPAAlgorithm.java:334)
	at org.sosy_lab.cpachecker.core.algorithm.CPAAlgorithm.run0(CPAAlgorithm.java:289)
	at org.sosy_lab.cpachecker.core.algorithm.CPAAlgorithm.run(CPAAlgorithm.java:260)
	at org.sosy_lab.cpachecker.core.algorithm.bmc.BMCHelper.unroll(BMCHelper.java:192)
	at org.sosy_lab.cpachecker.core.algorithm.bmc.AbstractBMCAlgorithm.run(AbstractBMCAlgorithm.java:427)
	at org.sosy_lab.cpachecker.core.algorithm.bmc.BMCAlgorithm.run(BMCAlgorithm.java:130)
	at org.sosy_lab.cpachecker.core.CPAchecker.runAlgorithm(CPAchecker.java:507)
	at org.sosy_lab.cpachecker.core.CPAchecker.run(CPAchecker.java:369)
	at org.sosy_lab.cpachecker.cmdline.CPAMain.main(CPAMain.java:170)
