scripts/cpa.sh -heap 13000M -stack 50M -noout -benchmark -bmc -setprop cpa.predicate.useArraysForHeap=false -setprop cpa.predicate.memoryAllocationsAlwaysSucceed=true -setprop cpa.loopbound.maxLoopIterations=10 -setprop cpa.predicate.encodeFloatAs=INTEGER -setprop cpa.predicate.encodeBitvectorAs=INTEGER -setprop solver.solver=princess_binary -setprop proveroptions.option=use_binary -timelimit 900s -stats -spec test/programs/benchmarks/properties/unreach-call.prp -64 test/programs/benchmarks/ldv-consumption/32_7a_cilled_linux-3.8-rc1-32_7a-drivers--media--dvb-core--dvb-core.ko-ldv_main5_sequence_infinite_withcheck_stateful.cil.out.i


--------------------------------------------------------------------------------


Running CPAchecker with Java heap of size 13000M.
Running CPAchecker with Java stack of size 50M.
Language C detected and set for analysis (CPAMain.detectFrontendLanguageIfNecessary, INFO)

Using the following resource limits: CPU-time limit of 900s (ResourceLimitChecker.fromConfiguration, INFO)

CPAchecker 2.3.1-svn-45350M / bmc (OpenJDK 64-Bit Server VM 17.0.8.1) started (CPAchecker.run, INFO)

Parsing CFA from file(s) "test/programs/benchmarks/ldv-consumption/32_7a_cilled_linux-3.8-rc1-32_7a-drivers--media--dvb-core--dvb-core.ko-ldv_main5_sequence_infinite_withcheck_stateful.cil.out.i" (CPAchecker.parse, INFO)

line 6542: Dead code detected: return (ldv_func_res); (CFACreationUtils.addEdgeToCFA, INFO)

line 6711: Dead code detected: __asm__ ("movb %%gs:%P1,%0": "=q" (pfo_ret__): "p" (& current_task)); (CFACreationUtils.addEdgeToCFA, INFO)

line 6714: Dead code detected: __asm__ ("movw %%gs:%P1,%0": "=r" (pfo_ret__): "p" (& current_task)); (CFACreationUtils.addEdgeToCFA, INFO)

line 6717: Dead code detected: __asm__ ("movl %%gs:%P1,%0": "=r" (pfo_ret__): "p" (& current_task)); (CFACreationUtils.addEdgeToCFA, INFO)

line 6722: Dead code detected: switch (8UL) {
  case 1UL:
  __asm__ ("movb %%gs:%P1,%0": "=q" (pfo_ret__): "p" (& current_task));
  goto ldv_2861;
  case 2UL:
  __asm__ ("movw %%gs:%P1,%0": "=r" (pfo_ret__): "p" (& current_task));
  goto ldv_2861;
  case 4UL:
  __asm__ ("movl %%gs:%P1,%0": "=r" (pfo_ret__): "p" (& current_task));
  goto ldv_2861;
  case 8UL:
  __asm__ ("movq %%gs:%P1,%0": "=r" (pfo_ret__): "p" (& current_task));
  goto ldv_2861;
  default:
  __bad_percpu_size();
  } (CFACreationUtils.addEdgeToCFA, INFO)

line 8739: Dead code detected: return (ldv_func_res); (CFACreationUtils.addEdgeToCFA, INFO)

line 8832: Dead code detected: return (ldv_func_res); (CFACreationUtils.addEdgeToCFA, INFO)

line 8861: Dead code detected: return (ldv_func_res); (CFACreationUtils.addEdgeToCFA, INFO)

line 8922: Dead code detected: return (ldv_func_res); (CFACreationUtils.addEdgeToCFA, INFO)

line 8943: Dead code detected: return (ldv_func_res); (CFACreationUtils.addEdgeToCFA, INFO)

line 8956: Dead code detected: return (ldv_func_res); (CFACreationUtils.addEdgeToCFA, INFO)

line 8985: Dead code detected: return (ldv_func_res); (CFACreationUtils.addEdgeToCFA, INFO)

line 9014: Dead code detected: return (ldv_func_res); (CFACreationUtils.addEdgeToCFA, INFO)

line 9043: Dead code detected: return (ldv_func_res); (CFACreationUtils.addEdgeToCFA, INFO)

line 9072: Dead code detected: return (ldv_func_res); (CFACreationUtils.addEdgeToCFA, INFO)

line 9101: Dead code detected: return (ldv_func_res); (CFACreationUtils.addEdgeToCFA, INFO)

line 9122: Dead code detected: return (ldv_func_res); (CFACreationUtils.addEdgeToCFA, INFO)

line 9175: Dead code detected: return (ldv_func_res); (CFACreationUtils.addEdgeToCFA, INFO)

line 10774: Dead code detected: return (ldv_func_res); (CFACreationUtils.addEdgeToCFA, INFO)

line 10811: Dead code detected: return (ldv_func_res); (CFACreationUtils.addEdgeToCFA, INFO)

line 10888: Dead code detected: return (ldv_func_res); (CFACreationUtils.addEdgeToCFA, INFO)

line 10949: Dead code detected: return (ldv_func_res); (CFACreationUtils.addEdgeToCFA, INFO)

line 10978: Dead code detected: return (ldv_func_res); (CFACreationUtils.addEdgeToCFA, INFO)

line 10999: Dead code detected: return (ldv_func_res); (CFACreationUtils.addEdgeToCFA, INFO)

line 11100: Dead code detected: return (ldv_func_res); (CFACreationUtils.addEdgeToCFA, INFO)

line 11153: Dead code detected: return (ldv_func_res); (CFACreationUtils.addEdgeToCFA, INFO)

line 12341: Dead code detected: tmp = get_current(); (CFACreationUtils.addEdgeToCFA, INFO)

line 12346: Dead code detected: tmp___0 = get_current(); (CFACreationUtils.addEdgeToCFA, INFO)

line 12351: Dead code detected: tmp___1 = get_current(); (CFACreationUtils.addEdgeToCFA, INFO)

line 12360: Dead code detected: switch (8UL) {
    case 1UL:
    tmp = get_current();
    __asm__ volatile ("xchgb %b0, %1\n": "+q" (__ret), "+m" (tmp->state): : "memory",
                         "cc");
    goto ldv_22284;
    case 2UL:
    tmp___0 = get_current();
    __asm__ volatile ("xchgw %w0, %1\n": "+r" (__ret), "+m" (tmp___0->state): : "memory",
                         "cc");
    goto ldv_22284;
    case 4UL:
    tmp___1 = get_current();
    __asm__ volatile ("xchgl %0, %1\n": "+r" (__ret), "+m" (tmp___1->state): : "memory",
                         "cc");
    goto ldv_22284;
    case 8UL:
    tmp___2 = get_current();
    __asm__ volatile ("xchgq %q0, %1\n": "+r" (__ret), "+m" (tmp___2->state): : "memory",
                         "cc");
    goto ldv_22284;
    default:
    __xchg_wrong_size();
    } (CFACreationUtils.addEdgeToCFA, INFO)

line 17132: Dead code detected: return (ldv_func_res); (CFACreationUtils.addEdgeToCFA, INFO)

line 17249: Dead code detected: return (ldv_func_res); (CFACreationUtils.addEdgeToCFA, INFO)

line 19124: Dead code detected: return (ldv_func_res); (CFACreationUtils.addEdgeToCFA, INFO)

Undefined function ldv_xmalloc found, first called in line 20871 (CheckBindingVisitor.visit, WARNING)

Inline assembler ignored, analysis is probably unsound! (CFABuilder.createCFA, WARNING)

line 15359: Function pointer *(fe->ops.get_property) with type int (*)(struct dvb_frontend *, struct dtv_property *) is called, but no possible target functions were found. (CFunctionPointerResolver.getTargets, WARNING)

line 15673: Function pointer *(fe->ops.set_property) with type int (*)(struct dvb_frontend *, struct dtv_property *) is called, but no possible target functions were found. (CFunctionPointerResolver.getTargets, WARNING)

line 16136: Function pointer *(fe->ops.get_tune_settings) with type int (*)(struct dvb_frontend *, struct dvb_frontend_tune_settings *) is called, but no possible target functions were found. (CFunctionPointerResolver.getTargets, WARNING)

line 11532: Function pointer *(ca->pub->poll_slot_status) with type int (*)(struct dvb_ca_en50221 *, int, int) is called, but no possible target functions were found. (CFunctionPointerResolver.getTargets, WARNING)

line 12209: Function pointer *(ca->pub->read_cam_control) with type int (*)(struct dvb_ca_en50221 *, int, u8 ) is called, but no possible target functions were found. (CFunctionPointerResolver.getTargets, WARNING)

line 11610: Function pointer *(ca->pub->write_cam_control) with type int (*)(struct dvb_ca_en50221 *, int, u8 , u8 ) is called, but no possible target functions were found. (CFunctionPointerResolver.getTargets, WARNING)

line 11625: Function pointer *(ca->pub->write_cam_control) with type int (*)(struct dvb_ca_en50221 *, int, u8 , u8 ) is called, but no possible target functions were found. (CFunctionPointerResolver.getTargets, WARNING)

line 11642: Function pointer *(ca->pub->write_cam_control) with type int (*)(struct dvb_ca_en50221 *, int, u8 , u8 ) is called, but no possible target functions were found. (CFunctionPointerResolver.getTargets, WARNING)

line 11657: Function pointer *(ca->pub->write_cam_control) with type int (*)(struct dvb_ca_en50221 *, int, u8 , u8 ) is called, but no possible target functions were found. (CFunctionPointerResolver.getTargets, WARNING)

line 11951: Function pointer *(ca->pub->read_cam_control) with type int (*)(struct dvb_ca_en50221 *, int, u8 ) is called, but no possible target functions were found. (CFunctionPointerResolver.getTargets, WARNING)

line 11961: Function pointer *(ca->pub->read_cam_control) with type int (*)(struct dvb_ca_en50221 *, int, u8 ) is called, but no possible target functions were found. (CFunctionPointerResolver.getTargets, WARNING)

line 11967: Function pointer *(ca->pub->read_cam_control) with type int (*)(struct dvb_ca_en50221 *, int, u8 ) is called, but no possible target functions were found. (CFunctionPointerResolver.getTargets, WARNING)

line 12013: Function pointer *(ca->pub->read_cam_control) with type int (*)(struct dvb_ca_en50221 *, int, u8 ) is called, but no possible target functions were found. (CFunctionPointerResolver.getTargets, WARNING)

line 12001: Function pointer *(ca->pub->read_cam_control) with type int (*)(struct dvb_ca_en50221 *, int, u8 ) is called, but no possible target functions were found. (CFunctionPointerResolver.getTargets, WARNING)

line 11675: Function pointer *(ca->pub->read_attribute_mem) with type int (*)(struct dvb_ca_en50221 *, int, int) is called, but no possible target functions were found. (CFunctionPointerResolver.getTargets, WARNING)

line 11691: Function pointer *(ca->pub->read_attribute_mem) with type int (*)(struct dvb_ca_en50221 *, int, int) is called, but no possible target functions were found. (CFunctionPointerResolver.getTargets, WARNING)

line 11704: Function pointer *(ca->pub->read_attribute_mem) with type int (*)(struct dvb_ca_en50221 *, int, int) is called, but no possible target functions were found. (CFunctionPointerResolver.getTargets, WARNING)

line 11909: Function pointer *(ca->pub->write_attribute_mem) with type int (*)(struct dvb_ca_en50221 *, int, int, u8 ) is called, but no possible target functions were found. (CFunctionPointerResolver.getTargets, WARNING)

line 11911: Function pointer *(ca->pub->read_attribute_mem) with type int (*)(struct dvb_ca_en50221 *, int, int) is called, but no possible target functions were found. (CFunctionPointerResolver.getTargets, WARNING)

line 12147: Function pointer *(ca->pub->slot_shutdown) with type int (*)(struct dvb_ca_en50221 *, int) is called, but no possible target functions were found. (CFunctionPointerResolver.getTargets, WARNING)

line 12507: Function pointer *(ca->pub->slot_ts_enable) with type int (*)(struct dvb_ca_en50221 *, int) is called, but no possible target functions were found. (CFunctionPointerResolver.getTargets, WARNING)

line 12479: Function pointer *(ca->pub->poll_slot_status) with type int (*)(struct dvb_ca_en50221 *, int, int) is called, but no possible target functions were found. (CFunctionPointerResolver.getTargets, WARNING)

line 12466: Function pointer *(ca->pub->read_cam_control) with type int (*)(struct dvb_ca_en50221 *, int, u8 ) is called, but no possible target functions were found. (CFunctionPointerResolver.getTargets, WARNING)

line 12442: Function pointer *(ca->pub->write_cam_control) with type int (*)(struct dvb_ca_en50221 *, int, u8 , u8 ) is called, but no possible target functions were found. (CFunctionPointerResolver.getTargets, WARNING)

line 12419: Function pointer *(ca->pub->poll_slot_status) with type int (*)(struct dvb_ca_en50221 *, int, int) is called, but no possible target functions were found. (CFunctionPointerResolver.getTargets, WARNING)

line 12401: Function pointer *(ca->pub->slot_reset) with type int (*)(struct dvb_ca_en50221 *, int) is called, but no possible target functions were found. (CFunctionPointerResolver.getTargets, WARNING)

line 11570: Function pointer *(ca->pub->read_cam_control) with type int (*)(struct dvb_ca_en50221 *, int, u8 ) is called, but no possible target functions were found. (CFunctionPointerResolver.getTargets, WARNING)

line 12064: Function pointer *(ca->pub->read_cam_control) with type int (*)(struct dvb_ca_en50221 *, int, u8 ) is called, but no possible target functions were found. (CFunctionPointerResolver.getTargets, WARNING)

line 12078: Function pointer *(ca->pub->write_cam_control) with type int (*)(struct dvb_ca_en50221 *, int, u8 , u8 ) is called, but no possible target functions were found. (CFunctionPointerResolver.getTargets, WARNING)

line 12083: Function pointer *(ca->pub->read_cam_control) with type int (*)(struct dvb_ca_en50221 *, int, u8 ) is called, but no possible target functions were found. (CFunctionPointerResolver.getTargets, WARNING)

line 12093: Function pointer *(ca->pub->write_cam_control) with type int (*)(struct dvb_ca_en50221 *, int, u8 , u8 ) is called, but no possible target functions were found. (CFunctionPointerResolver.getTargets, WARNING)

line 12098: Function pointer *(ca->pub->write_cam_control) with type int (*)(struct dvb_ca_en50221 *, int, u8 , u8 ) is called, but no possible target functions were found. (CFunctionPointerResolver.getTargets, WARNING)

line 12117: Function pointer *(ca->pub->read_cam_control) with type int (*)(struct dvb_ca_en50221 *, int, u8 ) is called, but no possible target functions were found. (CFunctionPointerResolver.getTargets, WARNING)

line 12135: Function pointer *(ca->pub->write_cam_control) with type int (*)(struct dvb_ca_en50221 *, int, u8 , u8 ) is called, but no possible target functions were found. (CFunctionPointerResolver.getTargets, WARNING)

line 12106: Function pointer *(ca->pub->write_cam_control) with type int (*)(struct dvb_ca_en50221 *, int, u8 , u8 ) is called, but no possible target functions were found. (CFunctionPointerResolver.getTargets, WARNING)

line 8254: Function pointer *(dmxdev->demux->get_stc) with type int (*)(struct dmx_demux *, unsigned int, u64 *, unsigned int *) is called, but no possible target functions were found. (CFunctionPointerResolver.getTargets, WARNING)

line 8243: Function pointer *(dmxdev->demux->set_source) with type int (*)(struct dmx_demux *, const dmx_source_t *) is called, but no possible target functions were found. (CFunctionPointerResolver.getTargets, WARNING)

line 8234: Function pointer *(dmxdev->demux->get_caps) with type int (*)(struct dmx_demux *, struct dmx_caps *) is called, but no possible target functions were found. (CFunctionPointerResolver.getTargets, WARNING)

line 16936: Function pointer *(fe->ops.release) with type void (*)(struct dvb_frontend *) is called, but no possible target functions were found. (CFunctionPointerResolver.getTargets, WARNING)

line 16930: Function pointer *(fe->ops.analog_ops.release) with type void (*)(struct dvb_frontend *) is called, but no possible target functions were found. (CFunctionPointerResolver.getTargets, WARNING)

line 16920: Function pointer *(fe->ops.release_sec) with type void (*)(struct dvb_frontend *) is called, but no possible target functions were found. (CFunctionPointerResolver.getTargets, WARNING)

line 13777: Function pointer *(fe->ops.i2c_gate_ctrl) with type int (*)(struct dvb_frontend *, int) is called, but no possible target functions were found. (CFunctionPointerResolver.getTargets, WARNING)

line 13771: Function pointer *(fe->ops.i2c_gate_ctrl) with type int (*)(struct dvb_frontend *, int) is called, but no possible target functions were found. (CFunctionPointerResolver.getTargets, WARNING)

line 16447: Function pointer *(fe->ops.enable_high_lnb_voltage) with type int (*)(struct dvb_frontend *, long) is called, but no possible target functions were found. (CFunctionPointerResolver.getTargets, WARNING)

line 16440: Function pointer *(fe->ops.diseqc_recv_slave_reply) with type int (*)(struct dvb_frontend *, struct dvb_diseqc_slave_reply *) is called, but no possible target functions were found. (CFunctionPointerResolver.getTargets, WARNING)

line 16390: Function pointer *(fe->ops.set_voltage) with type int (*)(struct dvb_frontend *, fe_sec_voltage_t ) is called, but no possible target functions were found. (CFunctionPointerResolver.getTargets, WARNING)

line 16400: Function pointer *(fe->ops.set_voltage) with type int (*)(struct dvb_frontend *, fe_sec_voltage_t ) is called, but no possible target functions were found. (CFunctionPointerResolver.getTargets, WARNING)

line 16367: Function pointer *(fe->ops.dishnetwork_send_legacy_command) with type int (*)(struct dvb_frontend *, unsigned long) is called, but no possible target functions were found. (CFunctionPointerResolver.getTargets, WARNING)

line 16357: Function pointer *(fe->ops.set_voltage) with type int (*)(struct dvb_frontend *, fe_sec_voltage_t ) is called, but no possible target functions were found. (CFunctionPointerResolver.getTargets, WARNING)

line 16347: Function pointer *(fe->ops.set_tone) with type int (*)(struct dvb_frontend *, fe_sec_tone_mode_t ) is called, but no possible target functions were found. (CFunctionPointerResolver.getTargets, WARNING)

line 16338: Function pointer *(fe->ops.diseqc_send_burst) with type int (*)(struct dvb_frontend *, fe_sec_mini_cmd_t ) is called, but no possible target functions were found. (CFunctionPointerResolver.getTargets, WARNING)

line 16329: Function pointer *(fe->ops.diseqc_send_master_cmd) with type int (*)(struct dvb_frontend *, struct dvb_diseqc_master_cmd *) is called, but no possible target functions were found. (CFunctionPointerResolver.getTargets, WARNING)

line 16311: Function pointer *(fe->ops.read_ucblocks) with type int (*)(struct dvb_frontend *, u32 *) is called, but no possible target functions were found. (CFunctionPointerResolver.getTargets, WARNING)

line 16300: Function pointer *(fe->ops.read_snr) with type int (*)(struct dvb_frontend *, u16 *) is called, but no possible target functions were found. (CFunctionPointerResolver.getTargets, WARNING)

line 16289: Function pointer *(fe->ops.read_signal_strength) with type int (*)(struct dvb_frontend *, u16 *) is called, but no possible target functions were found. (CFunctionPointerResolver.getTargets, WARNING)

line 16278: Function pointer *(fe->ops.read_ber) with type int (*)(struct dvb_frontend *, u32 *) is called, but no possible target functions were found. (CFunctionPointerResolver.getTargets, WARNING)

line 16270: Function pointer *(fe->ops.read_status) with type int (*)(struct dvb_frontend *, fe_status_t *) is called, but no possible target functions were found. (CFunctionPointerResolver.getTargets, WARNING)

line 16655: Function pointer *(fe->ops.ts_bus_ctrl) with type int (*)(struct dvb_frontend *, int) is called, but no possible target functions were found. (CFunctionPointerResolver.getTargets, WARNING)

line 16618: Function pointer *(fe->ops.ts_bus_ctrl) with type int (*)(struct dvb_frontend *, int) is called, but no possible target functions were found. (CFunctionPointerResolver.getTargets, WARNING)

line 16709: Function pointer *(fe->ops.ts_bus_ctrl) with type int (*)(struct dvb_frontend *, int) is called, but no possible target functions were found. (CFunctionPointerResolver.getTargets, WARNING)

line 13986: Function pointer *(fe->ops.read_status) with type int (*)(struct dvb_frontend *, fe_status_t *) is called, but no possible target functions were found. (CFunctionPointerResolver.getTargets, WARNING)

line 14445: Function pointer *(fe->ops.i2c_gate_ctrl) with type int (*)(struct dvb_frontend *, int) is called, but no possible target functions were found. (CFunctionPointerResolver.getTargets, WARNING)

line 14439: Function pointer *(fe->ops.i2c_gate_ctrl) with type int (*)(struct dvb_frontend *, int) is called, but no possible target functions were found. (CFunctionPointerResolver.getTargets, WARNING)

line 14433: Function pointer *(fe->ops.set_voltage) with type int (*)(struct dvb_frontend *, fe_sec_voltage_t ) is called, but no possible target functions were found. (CFunctionPointerResolver.getTargets, WARNING)

line 14278: Function pointer *(fe->ops.get_frontend_algo) with type enum dvbfe_algo (*)(struct dvb_frontend *) is called, but no possible target functions were found. (CFunctionPointerResolver.getTargets, WARNING)

line 14396: Function pointer *(fe->ops.read_status) with type int (*)(struct dvb_frontend *, fe_status_t *) is called, but no possible target functions were found. (CFunctionPointerResolver.getTargets, WARNING)

line 14384: Function pointer *(fe->ops.search) with type enum dvbfe_search (*)(struct dvb_frontend *) is called, but no possible target functions were found. (CFunctionPointerResolver.getTargets, WARNING)

line 14315: Function pointer *(fe->ops.tune) with type int (*)(struct dvb_frontend *, bool , unsigned int, unsigned int *, fe_status_t *) is called, but no possible target functions were found. (CFunctionPointerResolver.getTargets, WARNING)

line 14271: Function pointer *(fe->ops.set_voltage) with type int (*)(struct dvb_frontend *, fe_sec_voltage_t ) is called, but no possible target functions were found. (CFunctionPointerResolver.getTargets, WARNING)

line 14266: Function pointer *(fe->ops.set_tone) with type int (*)(struct dvb_frontend *, fe_sec_tone_mode_t ) is called, but no possible target functions were found. (CFunctionPointerResolver.getTargets, WARNING)

line 6871: Function pointer *(p->_qproc) with type void (*)(struct file *, wait_queue_head_t *, struct poll_table_struct *) is called, but no possible target functions were found. (CFunctionPointerResolver.getTargets, WARNING)

Using unsound approximation of ints with unbounded integers and floats with unbounded integers for encoding program semantics. (PredicateCPA:FormulaManagerView.<init>, WARNING)

Using predicate analysis with Princess 2023-04-07. (PredicateCPA:PredicateCPA.<init>, INFO)

Using unsound approximation of ints with unbounded integers and floats with unbounded integers for encoding program semantics. (AssumptionStorageCPA:FormulaManagerView.<init>, WARNING)

The following configuration options were specified but are not used:
 proveroptions.option 
 (CPAchecker.printConfigurationWarnings, WARNING)

Starting analysis ... (CPAchecker.runAlgorithm, INFO)

Recursion detected, aborting. To ignore recursion, add -skipRecursion to the command line. (TargetLocationProvider:CallstackCPA:CallstackTransferRelation.getAbstractSuccessorsForEdge, INFO)

Recursion detected. Defaulting to selecting all locations as potential target locations. (TargetLocationProvider:TargetLocationProviderImpl.tryGetAutomatonTargetLocations, INFO)

Creating formula for program (AbstractBMCAlgorithm.run, INFO)

Exception in thread "main" org.sosy_lab.java_smt.basicimpl.GeneratorException: Modular Congruence is not available in SMTLIB2. 
	at org.sosy_lab.java_smt.basicimpl.AbstractNumeralFormulaManager.modularCongruence(AbstractNumeralFormulaManager.java:361)
	at org.sosy_lab.java_smt.solvers.princess.PrincessIntegerFormulaManager.modularCongruence(PrincessIntegerFormulaManager.java:22)
	at org.sosy_lab.cpachecker.util.predicates.smt.IntegerFormulaManagerView.modularCongruence(IntegerFormulaManagerView.java:35)
	at org.sosy_lab.cpachecker.util.predicates.smt.FormulaManagerView.makeModularCongruence(FormulaManagerView.java:688)
	at org.sosy_lab.cpachecker.util.predicates.smt.FormulaManagerView.makeModularCongruence(FormulaManagerView.java:670)
	at org.sosy_lab.cpachecker.util.predicates.pathformula.pointeraliasing.PointerTargetSetManager.makeBaseAddressConstraints(PointerTargetSetManager.java:653)
	at org.sosy_lab.cpachecker.util.predicates.pathformula.pointeraliasing.PointerTargetSetBuilder$RealPointerTargetSetBuilder.addNextBaseAddressConstraints(PointerTargetSetBuilder.java:286)
	at org.sosy_lab.cpachecker.util.predicates.pathformula.pointeraliasing.CToFormulaConverterWithPointerAliasing.declareSharedBase(CToFormulaConverterWithPointerAliasing.java:437)
	at org.sosy_lab.cpachecker.util.predicates.pathformula.pointeraliasing.CToFormulaConverterWithPointerAliasing.makeDeclaration(CToFormulaConverterWithPointerAliasing.java:1001)
	at org.sosy_lab.cpachecker.util.predicates.pathformula.ctoformula.CtoFormulaConverter.createFormulaForEdge(CtoFormulaConverter.java:1231)
	at org.sosy_lab.cpachecker.util.predicates.pathformula.ctoformula.CtoFormulaConverter.makeAnd(CtoFormulaConverter.java:1049)
	at org.sosy_lab.cpachecker.util.predicates.pathformula.PathFormulaManagerImpl.makeAnd(PathFormulaManagerImpl.java:246)
	at org.sosy_lab.cpachecker.util.predicates.pathformula.PathFormulaManagerImpl.makeAnd(PathFormulaManagerImpl.java:300)
	at org.sosy_lab.cpachecker.cpa.predicate.PredicateTransferRelation.convertEdgeToPathFormula(PredicateTransferRelation.java:203)
	at org.sosy_lab.cpachecker.cpa.predicate.PredicateTransferRelation.getAbstractSuccessorsForEdge(PredicateTransferRelation.java:113)
	at org.sosy_lab.cpachecker.cpa.composite.CompositeTransferRelation.callTransferRelation(CompositeTransferRelation.java:297)
	at org.sosy_lab.cpachecker.cpa.composite.CompositeTransferRelation.getAbstractSuccessorForSimpleEdge(CompositeTransferRelation.java:264)
	at org.sosy_lab.cpachecker.cpa.composite.CompositeTransferRelation.getAbstractSuccessorForEdge(CompositeTransferRelation.java:196)
	at org.sosy_lab.cpachecker.cpa.composite.CompositeTransferRelation.getAbstractSuccessors(CompositeTransferRelation.java:88)
	at org.sosy_lab.cpachecker.cpa.arg.ARGTransferRelation.getAbstractSuccessors(ARGTransferRelation.java:45)
	at org.sosy_lab.cpachecker.core.algorithm.CPAAlgorithm.handleState(CPAAlgorithm.java:334)
	at org.sosy_lab.cpachecker.core.algorithm.CPAAlgorithm.run0(CPAAlgorithm.java:289)
	at org.sosy_lab.cpachecker.core.algorithm.CPAAlgorithm.run(CPAAlgorithm.java:260)
	at org.sosy_lab.cpachecker.core.algorithm.bmc.BMCHelper.unroll(BMCHelper.java:192)
	at org.sosy_lab.cpachecker.core.algorithm.bmc.AbstractBMCAlgorithm.run(AbstractBMCAlgorithm.java:427)
	at org.sosy_lab.cpachecker.core.algorithm.bmc.BMCAlgorithm.run(BMCAlgorithm.java:130)
	at org.sosy_lab.cpachecker.core.CPAchecker.runAlgorithm(CPAchecker.java:507)
	at org.sosy_lab.cpachecker.core.CPAchecker.run(CPAchecker.java:369)
	at org.sosy_lab.cpachecker.cmdline.CPAMain.main(CPAMain.java:170)
