scripts/cpa.sh -heap 13000M -stack 50M -noout -benchmark -bmc -setprop cpa.predicate.useArraysForHeap=false -setprop cpa.predicate.memoryAllocationsAlwaysSucceed=true -setprop cpa.loopbound.maxLoopIterations=10 -setprop cpa.predicate.encodeFloatAs=INTEGER -setprop cpa.predicate.encodeBitvectorAs=INTEGER -setprop solver.solver=princess -timelimit 900s -stats -spec test/programs/benchmarks/properties/unreach-call.prp -64 test/programs/benchmarks/ldv-consumption/32_7a_cilled_linux-3.8-rc1-drivers--vfio--pci--vfio-pci.ko-main.cil.out.i


--------------------------------------------------------------------------------


Running CPAchecker with Java heap of size 13000M.
Running CPAchecker with Java stack of size 50M.
Language C detected and set for analysis (CPAMain.detectFrontendLanguageIfNecessary, INFO)

Using the following resource limits: CPU-time limit of 900s (ResourceLimitChecker.fromConfiguration, INFO)

CPAchecker 2.3.1-svn-45350M / bmc (OpenJDK 64-Bit Server VM 17.0.8.1) started (CPAchecker.run, INFO)

Parsing CFA from file(s) "test/programs/benchmarks/ldv-consumption/32_7a_cilled_linux-3.8-rc1-drivers--vfio--pci--vfio-pci.ko-main.cil.out.i" (CPAchecker.parse, INFO)

lines 2246-2247: Dead code detected: __asm__ volatile (".pushsection .smp_locks,\"a\"\n.balign 4\n.long 671f - .\n.popsection\n671:\n\tlock; xaddb %b0, %1\n": "+q" (__ret),
                       "+m" (v->counter): : "memory", "cc"); (CFACreationUtils.addEdgeToCFA, INFO)

lines 2250-2251: Dead code detected: __asm__ volatile (".pushsection .smp_locks,\"a\"\n.balign 4\n.long 671f - .\n.popsection\n671:\n\tlock; xaddw %w0, %1\n": "+r" (__ret),
                       "+m" (v->counter): : "memory", "cc"); (CFACreationUtils.addEdgeToCFA, INFO)

lines 2258-2259: Dead code detected: __asm__ volatile (".pushsection .smp_locks,\"a\"\n.balign 4\n.long 671f - .\n.popsection\n671:\n\tlock; xaddq %q0, %1\n": "+r" (__ret),
                       "+m" (v->counter): : "memory", "cc"); (CFACreationUtils.addEdgeToCFA, INFO)

line 2261: Dead code detected: switch (4UL) {
  case 1:
  __asm__ volatile (".pushsection .smp_locks,\"a\"\n.balign 4\n.long 671f - .\n.popsection\n671:\n\tlock; xaddb %b0, %1\n": "+q" (__ret),
                       "+m" (v->counter): : "memory", "cc");
  goto ldv_5474;
  case 2:
  __asm__ volatile (".pushsection .smp_locks,\"a\"\n.balign 4\n.long 671f - .\n.popsection\n671:\n\tlock; xaddw %w0, %1\n": "+r" (__ret),
                       "+m" (v->counter): : "memory", "cc");
  goto ldv_5474;
  case 4:
  __asm__ volatile (".pushsection .smp_locks,\"a\"\n.balign 4\n.long 671f - .\n.popsection\n671:\n\tlock; xaddl %0, %1\n": "+r" (__ret),
                       "+m" (v->counter): : "memory", "cc");
  goto ldv_5474;
  case 8:
  __asm__ volatile (".pushsection .smp_locks,\"a\"\n.balign 4\n.long 671f - .\n.popsection\n671:\n\tlock; xaddq %q0, %1\n": "+r" (__ret),
                       "+m" (v->counter): : "memory", "cc");
  goto ldv_5474;
  default:
  __xadd_wrong_size();
  } (CFACreationUtils.addEdgeToCFA, INFO)

line 2753: Dead code detected: info___0.offset = (unsigned long long )info___0.index << 40; (CFACreationUtils.addEdgeToCFA, INFO)

line 2754: Dead code detected: [!(pdev->resource[info___0.index].start != 0ULL || pdev->resource[info___0.index].end != pdev->resource[info___0.index].start)] (CFACreationUtils.addEdgeToCFA, INFO)

line 2754: Dead code detected: [!(pdev->resource[info___0.index].start != 0ULL || pdev->resource[info___0.index].end != pdev->resource[info___0.index].start)] (CFACreationUtils.addEdgeToCFA, INFO)

line 2755: Dead code detected: info___0.size = (pdev->resource[info___0.index].end - pdev->resource[info___0.index].start) + 1ULL; (CFACreationUtils.addEdgeToCFA, INFO)

line 2757: Dead code detected: info___0.size = 0ULL; (CFACreationUtils.addEdgeToCFA, INFO)

line 2759: Dead code detected: [info___0.size == 0ULL] (CFACreationUtils.addEdgeToCFA, INFO)

line 2759: Dead code detected: [!(info___0.size == 0ULL)] (CFACreationUtils.addEdgeToCFA, INFO)

line 2760: Dead code detected: info___0.flags = 0U; (CFACreationUtils.addEdgeToCFA, INFO)

line 2764: Dead code detected: info___0.flags = 3U; (CFACreationUtils.addEdgeToCFA, INFO)

line 2765: Dead code detected: [!((pdev->resource[info___0.index].flags & 512UL) != 0UL && info___0.size > 4095ULL)] (CFACreationUtils.addEdgeToCFA, INFO)

line 2765: Dead code detected: [(pdev->resource[info___0.index].flags & 512UL) != 0UL && info___0.size > 4095ULL] (CFACreationUtils.addEdgeToCFA, INFO)

line 2765: Dead code detected: [!((pdev->resource[info___0.index].flags & 512UL) != 0UL && info___0.size > 4095ULL)] (CFACreationUtils.addEdgeToCFA, INFO)

line 2766: Dead code detected: info___0.flags = info___0.flags | 4U; (CFACreationUtils.addEdgeToCFA, INFO)

line 3337: Dead code detected: return (ldv_func_res); (CFACreationUtils.addEdgeToCFA, INFO)

line 4457: Dead code detected: return (ldv_func_res); (CFACreationUtils.addEdgeToCFA, INFO)

line 4769: Dead code detected: __asm__ volatile ("call __put_user_2": "=a" (__ret_pu): "0" (__pu_val), "c" (buf + i): "ebx"); (CFACreationUtils.addEdgeToCFA, INFO)

line 4772: Dead code detected: __asm__ volatile ("call __put_user_4": "=a" (__ret_pu): "0" (__pu_val), "c" (buf + i): "ebx"); (CFACreationUtils.addEdgeToCFA, INFO)

line 4775: Dead code detected: __asm__ volatile ("call __put_user_8": "=a" (__ret_pu): "0" (__pu_val), "c" (buf + i): "ebx"); (CFACreationUtils.addEdgeToCFA, INFO)

line 4777: Dead code detected: switch (1UL) {
      case 1:
      __asm__ volatile ("call __put_user_1": "=a" (__ret_pu): "0" (__pu_val), "c" (buf + i): "ebx");
      goto ldv_23048;
      case 2:
      __asm__ volatile ("call __put_user_2": "=a" (__ret_pu): "0" (__pu_val), "c" (buf + i): "ebx");
      goto ldv_23048;
      case 4:
      __asm__ volatile ("call __put_user_4": "=a" (__ret_pu): "0" (__pu_val), "c" (buf + i): "ebx");
      goto ldv_23048;
      case 8:
      __asm__ volatile ("call __put_user_8": "=a" (__ret_pu): "0" (__pu_val), "c" (buf + i): "ebx");
      goto ldv_23048;
      default:
      __asm__ volatile ("call __put_user_X": "=a" (__ret_pu): "0" (__pu_val), "c" (buf + i): "ebx");
      goto ldv_23048;
      } (CFACreationUtils.addEdgeToCFA, INFO)

line 4856: Dead code detected: return (ldv_func_res); (CFACreationUtils.addEdgeToCFA, INFO)

line 6568: Dead code detected: return (ldv_func_res); (CFACreationUtils.addEdgeToCFA, INFO)

Inline assembler ignored, analysis is probably unsound! (CFABuilder.createCFA, WARNING)

line 3671: Function pointer *(file->f_op->poll) with type unsigned int (*)(struct file *, struct poll_table_struct *) is called, but no possible target functions were found. (CFunctionPointerResolver.getTargets, WARNING)

Using unsound approximation of ints with unbounded integers and floats with unbounded integers for encoding program semantics. (PredicateCPA:FormulaManagerView.<init>, WARNING)

Using predicate analysis with Princess 2023-04-07. (PredicateCPA:PredicateCPA.<init>, INFO)

Using unsound approximation of ints with unbounded integers and floats with unbounded integers for encoding program semantics. (AssumptionStorageCPA:FormulaManagerView.<init>, WARNING)

Starting analysis ... (CPAchecker.runAlgorithm, INFO)

line 4420: Ignoring call via function pointer vfio_pci_set_irqs_ioctl::func for which no suitable target was found in line: tmp = (*func)(vdev, index, start, count, flags, data); (TargetLocationProvider:FunctionPointerCPA:FunctionPointerTransferRelation.getAbstractSuccessorsForEdge, WARNING)

Creating formula for program (AbstractBMCAlgorithm.run, INFO)

Exception in thread "main" org.sosy_lab.java_smt.basicimpl.GeneratorException: Modular Congruence is not available in SMTLIB2. 
	at org.sosy_lab.java_smt.basicimpl.AbstractNumeralFormulaManager.modularCongruence(AbstractNumeralFormulaManager.java:361)
	at org.sosy_lab.java_smt.solvers.princess.PrincessIntegerFormulaManager.modularCongruence(PrincessIntegerFormulaManager.java:22)
	at org.sosy_lab.cpachecker.util.predicates.smt.IntegerFormulaManagerView.modularCongruence(IntegerFormulaManagerView.java:35)
	at org.sosy_lab.cpachecker.util.predicates.smt.FormulaManagerView.makeModularCongruence(FormulaManagerView.java:688)
	at org.sosy_lab.cpachecker.util.predicates.smt.FormulaManagerView.makeModularCongruence(FormulaManagerView.java:670)
	at org.sosy_lab.cpachecker.util.predicates.pathformula.pointeraliasing.PointerTargetSetManager.makeBaseAddressConstraints(PointerTargetSetManager.java:653)
	at org.sosy_lab.cpachecker.util.predicates.pathformula.pointeraliasing.PointerTargetSetBuilder$RealPointerTargetSetBuilder.addNextBaseAddressConstraints(PointerTargetSetBuilder.java:286)
	at org.sosy_lab.cpachecker.util.predicates.pathformula.pointeraliasing.CToFormulaConverterWithPointerAliasing.declareSharedBase(CToFormulaConverterWithPointerAliasing.java:437)
	at org.sosy_lab.cpachecker.util.predicates.pathformula.pointeraliasing.CToFormulaConverterWithPointerAliasing.makeDeclaration(CToFormulaConverterWithPointerAliasing.java:1001)
	at org.sosy_lab.cpachecker.util.predicates.pathformula.ctoformula.CtoFormulaConverter.createFormulaForEdge(CtoFormulaConverter.java:1231)
	at org.sosy_lab.cpachecker.util.predicates.pathformula.ctoformula.CtoFormulaConverter.makeAnd(CtoFormulaConverter.java:1049)
	at org.sosy_lab.cpachecker.util.predicates.pathformula.PathFormulaManagerImpl.makeAnd(PathFormulaManagerImpl.java:246)
	at org.sosy_lab.cpachecker.util.predicates.pathformula.PathFormulaManagerImpl.makeAnd(PathFormulaManagerImpl.java:300)
	at org.sosy_lab.cpachecker.cpa.predicate.PredicateTransferRelation.convertEdgeToPathFormula(PredicateTransferRelation.java:203)
	at org.sosy_lab.cpachecker.cpa.predicate.PredicateTransferRelation.getAbstractSuccessorsForEdge(PredicateTransferRelation.java:113)
	at org.sosy_lab.cpachecker.cpa.composite.CompositeTransferRelation.callTransferRelation(CompositeTransferRelation.java:297)
	at org.sosy_lab.cpachecker.cpa.composite.CompositeTransferRelation.getAbstractSuccessorForSimpleEdge(CompositeTransferRelation.java:264)
	at org.sosy_lab.cpachecker.cpa.composite.CompositeTransferRelation.getAbstractSuccessorForEdge(CompositeTransferRelation.java:196)
	at org.sosy_lab.cpachecker.cpa.composite.CompositeTransferRelation.getAbstractSuccessors(CompositeTransferRelation.java:88)
	at org.sosy_lab.cpachecker.cpa.arg.ARGTransferRelation.getAbstractSuccessors(ARGTransferRelation.java:45)
	at org.sosy_lab.cpachecker.core.algorithm.CPAAlgorithm.handleState(CPAAlgorithm.java:334)
	at org.sosy_lab.cpachecker.core.algorithm.CPAAlgorithm.run0(CPAAlgorithm.java:289)
	at org.sosy_lab.cpachecker.core.algorithm.CPAAlgorithm.run(CPAAlgorithm.java:260)
	at org.sosy_lab.cpachecker.core.algorithm.bmc.BMCHelper.unroll(BMCHelper.java:192)
	at org.sosy_lab.cpachecker.core.algorithm.bmc.AbstractBMCAlgorithm.run(AbstractBMCAlgorithm.java:427)
	at org.sosy_lab.cpachecker.core.algorithm.bmc.BMCAlgorithm.run(BMCAlgorithm.java:130)
	at org.sosy_lab.cpachecker.core.CPAchecker.runAlgorithm(CPAchecker.java:507)
	at org.sosy_lab.cpachecker.core.CPAchecker.run(CPAchecker.java:369)
	at org.sosy_lab.cpachecker.cmdline.CPAMain.main(CPAMain.java:170)
