scripts/cpa.sh -heap 13000M -stack 50M -noout -benchmark -bmc -setprop cpa.predicate.useArraysForHeap=false -setprop cpa.predicate.memoryAllocationsAlwaysSucceed=true -setprop cpa.loopbound.maxLoopIterations=10 -setprop cpa.predicate.encodeFloatAs=INTEGER -setprop cpa.predicate.encodeBitvectorAs=INTEGER -setprop solver.solver=princess_binary -setprop proveroptions.option=use_binary -timelimit 900s -stats -spec test/programs/benchmarks/properties/unreach-call.prp -32 test/programs/benchmarks/nla-digbench-scaling/egcd2-ll_unwindbound1.c


--------------------------------------------------------------------------------


Running CPAchecker with Java heap of size 13000M.
Running CPAchecker with Java stack of size 50M.
Language C detected and set for analysis (CPAMain.detectFrontendLanguageIfNecessary, INFO)

Using the following resource limits: CPU-time limit of 900s (ResourceLimitChecker.fromConfiguration, INFO)

CPAchecker 2.3.1-svn-45350M / bmc (OpenJDK 64-Bit Server VM 17.0.8.1) started (CPAchecker.run, INFO)

Parsing CFA from file(s) "test/programs/benchmarks/nla-digbench-scaling/egcd2-ll_unwindbound1.c" (CPAchecker.parse, INFO)

Using unsound approximation of ints with unbounded integers and floats with unbounded integers for encoding program semantics. (PredicateCPA:FormulaManagerView.<init>, WARNING)

Using predicate analysis with Princess 2023-04-07. (PredicateCPA:PredicateCPA.<init>, INFO)

Using unsound approximation of ints with unbounded integers and floats with unbounded integers for encoding program semantics. (AssumptionStorageCPA:FormulaManagerView.<init>, WARNING)

The following configuration options were specified but are not used:
 proveroptions.option 
 (CPAchecker.printConfigurationWarnings, WARNING)

Starting analysis ... (CPAchecker.runAlgorithm, INFO)

Creating formula for program (AbstractBMCAlgorithm.run, INFO)

Starting satisfiability check... (AbstractBMCAlgorithm.boundedModelCheck, INFO)

Error found, creating error path (AbstractBMCAlgorithm.analyzeCounterexample0, INFO)

{counter@5 -> 3, main::__CPAchecker_TMP_0@3 -> 2, main::s@4 -> 2147483649, main::r@4 -> 1, main::temp@4 -> 0, main::q@4 -> 2147483648, main::p@4 -> 0, main::temp@3 -> 1, main::b@4 -> 2, main::a@4 -> 1, counter@4 -> 2, main::__CPAchecker_TMP_1@2 -> 1, main::k@4 -> 0, main::c@4 -> 2, __VERIFIER_assert::cond@3 -> 0, __VERIFIER_assert::cond@2 -> 1, counter@3 -> 1, main::__CPAchecker_TMP_0@2 -> 0, assume_abort_if_not::cond@5 -> 1, assume_abort_if_not::cond@4 -> 1, main::yy@3 -> 2147483646, main::xy@3 -> 2147483646, main::k@3 -> 0, main::c@3 -> 0, main::s@3 -> 1, main::r@3 -> 0, main::q@3 -> 0, main::p@3 -> 1, main::b@3 -> 1, main::a@3 -> 2, assume_abort_if_not::cond@3 -> 1, assume_abort_if_not::cond@2 -> 1, main::y@3 -> 1, __VERIFIER_nondet_int!3@ -> 1, main::x@3 -> 2, __VERIFIER_nondet_int!2@ -> 2, counter@2 -> 0, abbrev_16_def -> true, abbrev_16 -> true, abbrev_14_def -> true, abbrev_14 -> true, Integer_*_(2147483649, 1) -> -2147483650, Integer_*_(2147483648, 2) -> 2147483650, Integer_*_(2, 1) -> 2147483646, Integer_*_(1, 1) -> 2147483646, Integer_*_(1, 0) -> -2147483649, Integer_*_(0, 2) -> -2147483646, Integer_*_(0, 0) -> -2147483647}
{__VERIFIER_assert::cond@4 -> 0, main::s@8 -> 2147483648, main::r@8 -> 1, main::q@8 -> 2147483647, main::p@8 -> 0, main::b@8 -> 2, main::a@8 -> 1, main::k@8 -> 0, main::c@8 -> 2, assume_abort_if_not::cond@8 -> 1, assume_abort_if_not::cond@6 -> 1, main::yy@5 -> 2147483646, main::xy@5 -> 2147483646, main::k@5 -> 0, main::c@5 -> 0, main::s@5 -> 1, main::r@5 -> 0, main::q@5 -> 0, main::p@5 -> 1, main::b@5 -> 1, main::a@5 -> 2, main::__CPAchecker_TMP_0@3 -> 2, main::__CPAchecker_TMP_1@2 -> 1, main::__CPAchecker_TMP_0@2 -> 0, counter@2 -> 0, counter@3 -> 1, main::temp@4 -> 0, main::y@3 -> 1, main::temp@3 -> 1, main::x@3 -> 2, __VERIFIER_nondet_int!2@ -> 2, counter@4 -> 2, counter@5 -> 3, assume_abort_if_not::cond@2 -> 1, assume_abort_if_not::cond@4 -> 1, __VERIFIER_nondet_int!3@ -> 1, __VERIFIER_assert::cond@2 -> 1, Integer_*_(2147483648, 1) -> -2147483649, Integer_*_(2147483647, 2) -> 2147483649, Integer_*_(2, 1) -> 2147483646, Integer_*_(1, 1) -> 2147483646, Integer_*_(1, 0) -> -2147483648, Integer_*_(0, 2) -> -2147483644, Integer_*_(0, 0) -> -2147483646}
[__VERIFIER_assert::cond@4: 0, main::s@8: 2147483648, main::r@8: 1, main::q@8: 2147483647, main::p@8: 0, main::b@8: 2, main::a@8: 1, main::k@8: 0, main::c@8: 2, assume_abort_if_not::cond@8: 1, assume_abort_if_not::cond@6: 1, main::yy@5: 2147483646, main::xy@5: 2147483646, main::k@5: 0, main::c@5: 0, main::s@5: 1, main::r@5: 0, main::q@5: 0, main::p@5: 1, main::b@5: 1, main::a@5: 2, main::__CPAchecker_TMP_0@3: 2, main::__CPAchecker_TMP_1@2: 1, main::__CPAchecker_TMP_0@2: 0, counter@2: 0, counter@3: 1, main::temp@4: 0, main::y@3: 1, main::temp@3: 1, main::x@3: 2, __VERIFIER_nondet_int!2@: 2, counter@4: 2, counter@5: 3, assume_abort_if_not::cond@2: 1, assume_abort_if_not::cond@4: 1, __VERIFIER_nondet_int!3@: 1, __VERIFIER_assert::cond@2: 1, Integer_*_(2147483648, 1): -2147483649, Integer_*_(2147483647, 2): 2147483649, Integer_*_(2, 1): 2147483646, Integer_*_(1, 1): 2147483646, Integer_*_(1, 0): -2147483648, Integer_*_(0, 2): -2147483644, Integer_*_(0, 0): -2147483646]
Stopping analysis ... (CPAchecker.runAlgorithm, INFO)


PredicateCPA statistics
-----------------------
Number of abstractions:            4 (3% of all post computations)
  Times abstraction was reused:    0
  Because of function entry/exit:  0 (0%)
  Because of loop head:            0 (0%)
  Because of join nodes:           0 (0%)
  Because of threshold:            0 (0%)
  Because of target state:         4 (100%)
  Times precision was empty:       4 (100%)
  Times precision was {false}:     0 (0%)
  Times result was cached:         0 (0%)
  Times cartesian abs was used:    0 (0%)
  Times boolean abs was used:      0 (0%)
  Times result was 'false':        0 (0%)
Number of strengthen sat checks:   0
Number of coverage checks:         0
  BDD entailment checks:           0
Number of SMT sat checks:          0
  trivial:                         0
  cached:                          0

Max ABE block size:                       58
Avg ABE block size:                                48.50 (sum: 194, count: 4, min: 39, max: 58)
Number of predicates discovered:          0

Time for post operator:                                0.078s
  Time for path formula creation:                      0.078s
Time for strengthen operator:                          0.004s
Time for prec operator:                                0.004s
  Time for abstraction:                  0.000s (Max:     0.000s, Count: 4)
    Solving time:                        0.000s (Max:     0.000s)
    Model enumeration time:              0.000s
    Time for BDD construction:           0.000s (Max:     0.000s)
Time for coverage checks:                              0.000s
Total time for SMT solver (w/o itp):     0.000s

Total number of created targets for pointer analysis: 0



KeyValue statistics
-------------------
Init. function predicates:                         0
Init. global predicates:                           0
Init. location predicates:                         0

Invariant Generation statistics
-------------------------------

Bounds CPA statistics
---------------------
Bound k:                                           10
Maximum loop iteration reached:                    2


ValueAnalysisCPA statistics
---------------------------
Number of variables per state:                     5.70 (sum: 678, count: 119, min: 0, max: 10)
Number of global variables per state:              0.93 (sum: 111, count: 119, min: 0, max: 1)
Number of assumptions:                                   30
Number of deterministic assumptions:                      0
Level of Determinism:                              0%

ValueAnalysisPrecisionAdjustment statistics
-------------------------------------------
Number of abstraction computations:                     118
Total time for liveness abstraction:                   0.000s
Total time for abstraction computation:                0.005s
Total time for path thresholds:                        0.000s

ConstraintsStrengthenOperator statistics
----------------------------------------
Total time for strengthening by ConstraintsCPA:     0.000s
Replaced symbolic expressions: 0

AutomatonAnalysis (SVCOMP) statistics
-------------------------------------
Number of states:                                  1
Total time for successor computation:                  0.005s
Automaton transfers with branching:                0
Automaton transfer successors:                     0.94 (sum: 118, count: 126, min: 0, max: 1) [0 x 8, 1 x 118]
Number of states with assumption transitions:      0

CPA algorithm statistics
------------------------
Number of iterations:            119
Max size of waitlist:            3
Average size of waitlist:        1
LoopstackSortedWaitlist:                           0.17 (sum: 17, count: 102, min: 0, max: 5)
ReversePostorderSortedWaitlist:                    0.00 (sum: 0, count: 102, min: 0, max: 0)
LoopIterationSortedWaitlist:                       0.17 (sum: 17, count: 102, min: 0, max: 5)
CallstackSortedWaitlist:                           17.00 (sum: 17, count: 1, min: 17, max: 17)
Number of computed successors:   118
Max successors for one state:    2
Number of times merged:          0
Number of times stopped:         0
Number of times breaked:         0

Total time for CPA algorithm:         0.156s (Max:     0.156s)
  Time for choose from waitlist:      0.006s
  Time for precision adjustment:      0.019s
  Time for transfer relation:         0.122s
  Time for stop operator:             0.000s
  Time for adding to reached set:     0.005s

BMC algorithm statistics
------------------------
Time for BMC formula creation:                       0.158s
Time for final sat check:                            0.728s
Time for error-path creation:                        0.131s
Time for error-path post-processing:                 0.366s

CPAchecker general statistics
-----------------------------
Number of program locations:                       92
Number of CFA edges (per node):                          99 (count: 92, min: 0, max: 6, avg: 1.08)
Number of relevant variables:                      18
Number of functions:                               4
Number of loops (and loop nodes):                         2 (sum: 40, min: 11, max: 29, avg: 20.00)
Size of reached set:             119
  Number of reached locations:   76 (83%)
    Avg states per location:     1
    Max states per location:     4 (at node N1)
  Number of reached functions:   4 (100%)
  Number of partitions:          119
    Avg size of partitions:      1
    Max size of partitions:      1
  Number of target states:       4

Time for analysis setup:          2.042s
  Time for loading CPAs:          1.139s
  Time for loading parser:        0.187s
  Time for CFA construction:      0.648s
    Time for parsing file(s):     0.384s
    Time for AST to CFA:          0.126s
    Time for CFA sanity check:    0.000s
    Time for post-processing:     0.088s
    Time for loop structure:      0.006s
    Time for AST structure:       0.000s
      Time for function pointers resolving:            0.003s
        Function calls via function pointers:             0 (count: 1, min: 0, max: 0, avg: 0.00)
        Instrumented function pointer calls:              0 (count: 1, min: 0, max: 0, avg: 0.00)
        Function calls with function pointer arguments:        0 (count: 1, min: 0, max: 0, avg: 0.00)
        Instrumented function pointer arguments:          0 (count: 1, min: 0, max: 0, avg: 0.00)
      Time for classifying variables:                  0.053s
        Time for collecting variables:                 0.032s
        Time for solving dependencies:                 0.001s
        Time for building hierarchy:                   0.000s
        Time for building classification:              0.020s
        Time for exporting data:                       0.000s
Time for Analysis:                1.472s
CPU time for analysis:            2.880s
Time for analyzing result:        0.001s
Total time for CPAchecker:        3.515s
Total CPU time for CPAchecker:    6.850s
Time for statistics:              0.055s

Time for Garbage Collector:       0.055s (in 7 runs)
Garbage Collector(s) used:    G1 Old Generation, G1 Young Generation

Verification result: FALSE. Property violation (unreach-call: reach_error(); called in line 13) found by chosen configuration.
More details about the verification run can be found in the directory "./output".
