scripts/cpa.sh -heap 13000M -stack 50M -noout -benchmark -bmc -setprop cpa.predicate.useArraysForHeap=false -setprop cpa.predicate.memoryAllocationsAlwaysSucceed=true -setprop cpa.loopbound.maxLoopIterations=10 -setprop cpa.predicate.encodeFloatAs=INTEGER -setprop cpa.predicate.encodeBitvectorAs=INTEGER -setprop solver.solver=princess -timelimit 900s -stats -spec test/programs/benchmarks/properties/unreach-call.prp -64 test/programs/benchmarks/ldv-consumption/32_7a_cilled_linux-3.8-rc1-drivers--gpu--drm--gma500--gma500_gfx.ko-main.cil.out.i


--------------------------------------------------------------------------------


Running CPAchecker with Java heap of size 13000M.
Running CPAchecker with Java stack of size 50M.
Language C detected and set for analysis (CPAMain.detectFrontendLanguageIfNecessary, INFO)

Using the following resource limits: CPU-time limit of 900s (ResourceLimitChecker.fromConfiguration, INFO)

CPAchecker 2.3.1-svn-45350M / bmc (OpenJDK 64-Bit Server VM 17.0.8.1) started (CPAchecker.run, INFO)

Parsing CFA from file(s) "test/programs/benchmarks/ldv-consumption/32_7a_cilled_linux-3.8-rc1-drivers--gpu--drm--gma500--gma500_gfx.ko-main.cil.out.i" (CPAchecker.parse, INFO)

line 7005: Dead code detected: return (ldv_func_res); (CFACreationUtils.addEdgeToCFA, INFO)

line 7152: Dead code detected: return (ldv_func_res); (CFACreationUtils.addEdgeToCFA, INFO)

line 8686: Dead code detected: return (ldv_func_res); (CFACreationUtils.addEdgeToCFA, INFO)

line 9084: Dead code detected: return (ldv_func_res); (CFACreationUtils.addEdgeToCFA, INFO)

line 9927: Dead code detected: return (ldv_func_res); (CFACreationUtils.addEdgeToCFA, INFO)

line 10717: Dead code detected: return (ldv_func_res); (CFACreationUtils.addEdgeToCFA, INFO)

line 10982: Dead code detected: return (ldv_func_res); (CFACreationUtils.addEdgeToCFA, INFO)

line 11077: Dead code detected: __asm__ ("movb %%gs:%P1,%0": "=q" (pfo_ret__): "p" (& kernel_stack)); (CFACreationUtils.addEdgeToCFA, INFO)

line 11080: Dead code detected: __asm__ ("movw %%gs:%P1,%0": "=r" (pfo_ret__): "p" (& kernel_stack)); (CFACreationUtils.addEdgeToCFA, INFO)

line 11083: Dead code detected: __asm__ ("movl %%gs:%P1,%0": "=r" (pfo_ret__): "p" (& kernel_stack)); (CFACreationUtils.addEdgeToCFA, INFO)

line 11088: Dead code detected: switch (8UL) {
  case 1:
  __asm__ ("movb %%gs:%P1,%0": "=q" (pfo_ret__): "p" (& kernel_stack));
  goto ldv_6382;
  case 2:
  __asm__ ("movw %%gs:%P1,%0": "=r" (pfo_ret__): "p" (& kernel_stack));
  goto ldv_6382;
  case 4:
  __asm__ ("movl %%gs:%P1,%0": "=r" (pfo_ret__): "p" (& kernel_stack));
  goto ldv_6382;
  case 8:
  __asm__ ("movq %%gs:%P1,%0": "=r" (pfo_ret__): "p" (& kernel_stack));
  goto ldv_6382;
  default:
  __bad_percpu_size();
  } (CFACreationUtils.addEdgeToCFA, INFO)

line 11395: Dead code detected: switch (4UL) (CFACreationUtils.addEdgeToCFA, INFO)

line 11397: Dead code detected: __asm__ ("movb %%gs:%P1,%0": "=q" (pfo_ret__): "m" (cpu_number)); (CFACreationUtils.addEdgeToCFA, INFO)

line 11400: Dead code detected: __asm__ ("movw %%gs:%P1,%0": "=r" (pfo_ret__): "m" (cpu_number)); (CFACreationUtils.addEdgeToCFA, INFO)

line 11402: Dead code detected:  (CFACreationUtils.addEdgeToCFA, INFO)

line 11406: Dead code detected: __asm__ ("movq %%gs:%P1,%0": "=r" (pfo_ret__): "m" (cpu_number)); (CFACreationUtils.addEdgeToCFA, INFO)

line 11408: Dead code detected: switch (4UL) {
      case 1:
      __asm__ ("movb %%gs:%P1,%0": "=q" (pfo_ret__): "m" (cpu_number));
      goto ldv_38927;
      case 2:
      __asm__ ("movw %%gs:%P1,%0": "=r" (pfo_ret__): "m" (cpu_number));
      goto ldv_38927;
      case 4:
      __asm__ ("movl %%gs:%P1,%0": "=r" (pfo_ret__): "m" (cpu_number));
      goto ldv_38927;
      case 8:
      __asm__ ("movq %%gs:%P1,%0": "=r" (pfo_ret__): "m" (cpu_number));
      goto ldv_38927;
      default:
      __bad_percpu_size();
      } (CFACreationUtils.addEdgeToCFA, INFO)

line 11415: Dead code detected: switch (4UL) (CFACreationUtils.addEdgeToCFA, INFO)

line 11417: Dead code detected: __asm__ ("movb %%gs:%P1,%0": "=q" (pfo_ret_____0): "m" (cpu_number)); (CFACreationUtils.addEdgeToCFA, INFO)

line 11420: Dead code detected: __asm__ ("movw %%gs:%P1,%0": "=r" (pfo_ret_____0): "m" (cpu_number)); (CFACreationUtils.addEdgeToCFA, INFO)

line 11422: Dead code detected:  (CFACreationUtils.addEdgeToCFA, INFO)

line 11426: Dead code detected: __asm__ ("movq %%gs:%P1,%0": "=r" (pfo_ret_____0): "m" (cpu_number)); (CFACreationUtils.addEdgeToCFA, INFO)

line 11428: Dead code detected: switch (4UL) {
      case 1:
      __asm__ ("movb %%gs:%P1,%0": "=q" (pfo_ret_____0): "m" (cpu_number));
      goto ldv_38937;
      case 2:
      __asm__ ("movw %%gs:%P1,%0": "=r" (pfo_ret_____0): "m" (cpu_number));
      goto ldv_38937;
      case 4:
      __asm__ ("movl %%gs:%P1,%0": "=r" (pfo_ret_____0): "m" (cpu_number));
      goto ldv_38937;
      case 8:
      __asm__ ("movq %%gs:%P1,%0": "=r" (pfo_ret_____0): "m" (cpu_number));
      goto ldv_38937;
      default:
      __bad_percpu_size();
      } (CFACreationUtils.addEdgeToCFA, INFO)

line 11437: Dead code detected: __asm__ ("movb %%gs:%P1,%0": "=q" (pfo_ret_____1): "m" (cpu_number)); (CFACreationUtils.addEdgeToCFA, INFO)

line 11440: Dead code detected: __asm__ ("movw %%gs:%P1,%0": "=r" (pfo_ret_____1): "m" (cpu_number)); (CFACreationUtils.addEdgeToCFA, INFO)

line 11446: Dead code detected: __asm__ ("movq %%gs:%P1,%0": "=r" (pfo_ret_____1): "m" (cpu_number)); (CFACreationUtils.addEdgeToCFA, INFO)

line 11448: Dead code detected: switch (4UL) {
      case 1:
      __asm__ ("movb %%gs:%P1,%0": "=q" (pfo_ret_____1): "m" (cpu_number));
      goto ldv_38946;
      case 2:
      __asm__ ("movw %%gs:%P1,%0": "=r" (pfo_ret_____1): "m" (cpu_number));
      goto ldv_38946;
      case 4:
      __asm__ ("movl %%gs:%P1,%0": "=r" (pfo_ret_____1): "m" (cpu_number));
      goto ldv_38946;
      case 8:
      __asm__ ("movq %%gs:%P1,%0": "=r" (pfo_ret_____1): "m" (cpu_number));
      goto ldv_38946;
      default:
      __bad_percpu_size();
      } (CFACreationUtils.addEdgeToCFA, INFO)

line 11455: Dead code detected: switch (4UL) (CFACreationUtils.addEdgeToCFA, INFO)

line 11457: Dead code detected: __asm__ ("movb %%gs:%P1,%0": "=q" (pfo_ret_____2): "m" (cpu_number)); (CFACreationUtils.addEdgeToCFA, INFO)

line 11460: Dead code detected: __asm__ ("movw %%gs:%P1,%0": "=r" (pfo_ret_____2): "m" (cpu_number)); (CFACreationUtils.addEdgeToCFA, INFO)

line 11462: Dead code detected:  (CFACreationUtils.addEdgeToCFA, INFO)

line 11466: Dead code detected: __asm__ ("movq %%gs:%P1,%0": "=r" (pfo_ret_____2): "m" (cpu_number)); (CFACreationUtils.addEdgeToCFA, INFO)

line 11468: Dead code detected: switch (4UL) {
      case 1:
      __asm__ ("movb %%gs:%P1,%0": "=q" (pfo_ret_____2): "m" (cpu_number));
      goto ldv_38955;
      case 2:
      __asm__ ("movw %%gs:%P1,%0": "=r" (pfo_ret_____2): "m" (cpu_number));
      goto ldv_38955;
      case 4:
      __asm__ ("movl %%gs:%P1,%0": "=r" (pfo_ret_____2): "m" (cpu_number));
      goto ldv_38955;
      case 8:
      __asm__ ("movq %%gs:%P1,%0": "=r" (pfo_ret_____2): "m" (cpu_number));
      goto ldv_38955;
      default:
      __bad_percpu_size();
      } (CFACreationUtils.addEdgeToCFA, INFO)

line 11474: Dead code detected: switch (4UL) {
      case 1: ;
      switch (4UL) {
      case 1:
      __asm__ ("movb %%gs:%P1,%0": "=q" (pfo_ret__): "m" (cpu_number));
      goto ldv_38927;
      case 2:
      __asm__ ("movw %%gs:%P1,%0": "=r" (pfo_ret__): "m" (cpu_number));
      goto ldv_38927;
      case 4:
      __asm__ ("movl %%gs:%P1,%0": "=r" (pfo_ret__): "m" (cpu_number));
      goto ldv_38927;
      case 8:
      __asm__ ("movq %%gs:%P1,%0": "=r" (pfo_ret__): "m" (cpu_number));
      goto ldv_38927;
      default:
      __bad_percpu_size();
      }
      ldv_38927:
      pscr_ret__ = pfo_ret__;
      goto ldv_38933;
      case 2: ;
      switch (4UL) {
      case 1:
      __asm__ ("movb %%gs:%P1,%0": "=q" (pfo_ret_____0): "m" (cpu_number));
      goto ldv_38937;
      case 2:
      __asm__ ("movw %%gs:%P1,%0": "=r" (pfo_ret_____0): "m" (cpu_number));
      goto ldv_38937;
      case 4:
      __asm__ ("movl %%gs:%P1,%0": "=r" (pfo_ret_____0): "m" (cpu_number));
      goto ldv_38937;
      case 8:
      __asm__ ("movq %%gs:%P1,%0": "=r" (pfo_ret_____0): "m" (cpu_number));
      goto ldv_38937;
      default:
      __bad_percpu_size();
      }
      ldv_38937:
      pscr_ret__ = pfo_ret_____0;
      goto ldv_38933;
      case 4: ;
      switch (4UL) {
      case 1:
      __asm__ ("movb %%gs:%P1,%0": "=q" (pfo_ret_____1): "m" (cpu_number));
      goto ldv_38946;
      case 2:
      __asm__ ("movw %%gs:%P1,%0": "=r" (pfo_ret_____1): "m" (cpu_number));
      goto ldv_38946;
      case 4:
      __asm__ ("movl %%gs:%P1,%0": "=r" (pfo_ret_____1): "m" (cpu_number));
      goto ldv_38946;
      case 8:
      __asm__ ("movq %%gs:%P1,%0": "=r" (pfo_ret_____1): "m" (cpu_number));
      goto ldv_38946;
      default:
      __bad_percpu_size();
      }
      ldv_38946:
      pscr_ret__ = pfo_ret_____1;
      goto ldv_38933;
      case 8: ;
      switch (4UL) {
      case 1:
      __asm__ ("movb %%gs:%P1,%0": "=q" (pfo_ret_____2): "m" (cpu_number));
      goto ldv_38955;
      case 2:
      __asm__ ("movw %%gs:%P1,%0": "=r" (pfo_ret_____2): "m" (cpu_number));
      goto ldv_38955;
      case 4:
      __asm__ ("movl %%gs:%P1,%0": "=r" (pfo_ret_____2): "m" (cpu_number));
      goto ldv_38955;
      case 8:
      __asm__ ("movq %%gs:%P1,%0": "=r" (pfo_ret_____2): "m" (cpu_number));
      goto ldv_38955;
      default:
      __bad_percpu_size();
      }
      ldv_38955:
      pscr_ret__ = pfo_ret_____2;
      goto ldv_38933;
      default:
      __bad_size_call_parameter();
      goto ldv_38933;
      } (CFACreationUtils.addEdgeToCFA, INFO)

line 11571: Dead code detected: switch (4UL) (CFACreationUtils.addEdgeToCFA, INFO)

line 11573: Dead code detected: __asm__ ("movb %%gs:%P1,%0": "=q" (pfo_ret_____3): "m" (cpu_number)); (CFACreationUtils.addEdgeToCFA, INFO)

line 11576: Dead code detected: __asm__ ("movw %%gs:%P1,%0": "=r" (pfo_ret_____3): "m" (cpu_number)); (CFACreationUtils.addEdgeToCFA, INFO)

line 11578: Dead code detected:  (CFACreationUtils.addEdgeToCFA, INFO)

line 11582: Dead code detected: __asm__ ("movq %%gs:%P1,%0": "=r" (pfo_ret_____3): "m" (cpu_number)); (CFACreationUtils.addEdgeToCFA, INFO)

line 11584: Dead code detected: switch (4UL) {
      case 1:
      __asm__ ("movb %%gs:%P1,%0": "=q" (pfo_ret_____3): "m" (cpu_number));
      goto ldv_38990;
      case 2:
      __asm__ ("movw %%gs:%P1,%0": "=r" (pfo_ret_____3): "m" (cpu_number));
      goto ldv_38990;
      case 4:
      __asm__ ("movl %%gs:%P1,%0": "=r" (pfo_ret_____3): "m" (cpu_number));
      goto ldv_38990;
      case 8:
      __asm__ ("movq %%gs:%P1,%0": "=r" (pfo_ret_____3): "m" (cpu_number));
      goto ldv_38990;
      default:
      __bad_percpu_size();
      } (CFACreationUtils.addEdgeToCFA, INFO)

line 11591: Dead code detected: switch (4UL) (CFACreationUtils.addEdgeToCFA, INFO)

line 11593: Dead code detected: __asm__ ("movb %%gs:%P1,%0": "=q" (pfo_ret_____4): "m" (cpu_number)); (CFACreationUtils.addEdgeToCFA, INFO)

line 11596: Dead code detected: __asm__ ("movw %%gs:%P1,%0": "=r" (pfo_ret_____4): "m" (cpu_number)); (CFACreationUtils.addEdgeToCFA, INFO)

line 11598: Dead code detected:  (CFACreationUtils.addEdgeToCFA, INFO)

line 11602: Dead code detected: __asm__ ("movq %%gs:%P1,%0": "=r" (pfo_ret_____4): "m" (cpu_number)); (CFACreationUtils.addEdgeToCFA, INFO)

line 11604: Dead code detected: switch (4UL) {
      case 1:
      __asm__ ("movb %%gs:%P1,%0": "=q" (pfo_ret_____4): "m" (cpu_number));
      goto ldv_39000;
      case 2:
      __asm__ ("movw %%gs:%P1,%0": "=r" (pfo_ret_____4): "m" (cpu_number));
      goto ldv_39000;
      case 4:
      __asm__ ("movl %%gs:%P1,%0": "=r" (pfo_ret_____4): "m" (cpu_number));
      goto ldv_39000;
      case 8:
      __asm__ ("movq %%gs:%P1,%0": "=r" (pfo_ret_____4): "m" (cpu_number));
      goto ldv_39000;
      default:
      __bad_percpu_size();
      } (CFACreationUtils.addEdgeToCFA, INFO)

line 11613: Dead code detected: __asm__ ("movb %%gs:%P1,%0": "=q" (pfo_ret_____5): "m" (cpu_number)); (CFACreationUtils.addEdgeToCFA, INFO)

line 11616: Dead code detected: __asm__ ("movw %%gs:%P1,%0": "=r" (pfo_ret_____5): "m" (cpu_number)); (CFACreationUtils.addEdgeToCFA, INFO)

line 11622: Dead code detected: __asm__ ("movq %%gs:%P1,%0": "=r" (pfo_ret_____5): "m" (cpu_number)); (CFACreationUtils.addEdgeToCFA, INFO)

line 11624: Dead code detected: switch (4UL) {
      case 1:
      __asm__ ("movb %%gs:%P1,%0": "=q" (pfo_ret_____5): "m" (cpu_number));
      goto ldv_39009;
      case 2:
      __asm__ ("movw %%gs:%P1,%0": "=r" (pfo_ret_____5): "m" (cpu_number));
      goto ldv_39009;
      case 4:
      __asm__ ("movl %%gs:%P1,%0": "=r" (pfo_ret_____5): "m" (cpu_number));
      goto ldv_39009;
      case 8:
      __asm__ ("movq %%gs:%P1,%0": "=r" (pfo_ret_____5): "m" (cpu_number));
      goto ldv_39009;
      default:
      __bad_percpu_size();
      } (CFACreationUtils.addEdgeToCFA, INFO)

line 11631: Dead code detected: switch (4UL) (CFACreationUtils.addEdgeToCFA, INFO)

line 11633: Dead code detected: __asm__ ("movb %%gs:%P1,%0": "=q" (pfo_ret_____6): "m" (cpu_number)); (CFACreationUtils.addEdgeToCFA, INFO)

line 11636: Dead code detected: __asm__ ("movw %%gs:%P1,%0": "=r" (pfo_ret_____6): "m" (cpu_number)); (CFACreationUtils.addEdgeToCFA, INFO)

line 11638: Dead code detected:  (CFACreationUtils.addEdgeToCFA, INFO)

line 11642: Dead code detected: __asm__ ("movq %%gs:%P1,%0": "=r" (pfo_ret_____6): "m" (cpu_number)); (CFACreationUtils.addEdgeToCFA, INFO)

line 11644: Dead code detected: switch (4UL) {
      case 1:
      __asm__ ("movb %%gs:%P1,%0": "=q" (pfo_ret_____6): "m" (cpu_number));
      goto ldv_39018;
      case 2:
      __asm__ ("movw %%gs:%P1,%0": "=r" (pfo_ret_____6): "m" (cpu_number));
      goto ldv_39018;
      case 4:
      __asm__ ("movl %%gs:%P1,%0": "=r" (pfo_ret_____6): "m" (cpu_number));
      goto ldv_39018;
      case 8:
      __asm__ ("movq %%gs:%P1,%0": "=r" (pfo_ret_____6): "m" (cpu_number));
      goto ldv_39018;
      default:
      __bad_percpu_size();
      } (CFACreationUtils.addEdgeToCFA, INFO)

line 11650: Dead code detected: switch (4UL) {
      case 1: ;
      switch (4UL) {
      case 1:
      __asm__ ("movb %%gs:%P1,%0": "=q" (pfo_ret_____3): "m" (cpu_number));
      goto ldv_38990;
      case 2:
      __asm__ ("movw %%gs:%P1,%0": "=r" (pfo_ret_____3): "m" (cpu_number));
      goto ldv_38990;
      case 4:
      __asm__ ("movl %%gs:%P1,%0": "=r" (pfo_ret_____3): "m" (cpu_number));
      goto ldv_38990;
      case 8:
      __asm__ ("movq %%gs:%P1,%0": "=r" (pfo_ret_____3): "m" (cpu_number));
      goto ldv_38990;
      default:
      __bad_percpu_size();
      }
      ldv_38990:
      pscr_ret_____0 = pfo_ret_____3;
      goto ldv_38996;
      case 2: ;
      switch (4UL) {
      case 1:
      __asm__ ("movb %%gs:%P1,%0": "=q" (pfo_ret_____4): "m" (cpu_number));
      goto ldv_39000;
      case 2:
      __asm__ ("movw %%gs:%P1,%0": "=r" (pfo_ret_____4): "m" (cpu_number));
      goto ldv_39000;
      case 4:
      __asm__ ("movl %%gs:%P1,%0": "=r" (pfo_ret_____4): "m" (cpu_number));
      goto ldv_39000;
      case 8:
      __asm__ ("movq %%gs:%P1,%0": "=r" (pfo_ret_____4): "m" (cpu_number));
      goto ldv_39000;
      default:
      __bad_percpu_size();
      }
      ldv_39000:
      pscr_ret_____0 = pfo_ret_____4;
      goto ldv_38996;
      case 4: ;
      switch (4UL) {
      case 1:
      __asm__ ("movb %%gs:%P1,%0": "=q" (pfo_ret_____5): "m" (cpu_number));
      goto ldv_39009;
      case 2:
      __asm__ ("movw %%gs:%P1,%0": "=r" (pfo_ret_____5): "m" (cpu_number));
      goto ldv_39009;
      case 4:
      __asm__ ("movl %%gs:%P1,%0": "=r" (pfo_ret_____5): "m" (cpu_number));
      goto ldv_39009;
      case 8:
      __asm__ ("movq %%gs:%P1,%0": "=r" (pfo_ret_____5): "m" (cpu_number));
      goto ldv_39009;
      default:
      __bad_percpu_size();
      }
      ldv_39009:
      pscr_ret_____0 = pfo_ret_____5;
      goto ldv_38996;
      case 8: ;
      switch (4UL) {
      case 1:
      __asm__ ("movb %%gs:%P1,%0": "=q" (pfo_ret_____6): "m" (cpu_number));
      goto ldv_39018;
      case 2:
      __asm__ ("movw %%gs:%P1,%0": "=r" (pfo_ret_____6): "m" (cpu_number));
      goto ldv_39018;
      case 4:
      __asm__ ("movl %%gs:%P1,%0": "=r" (pfo_ret_____6): "m" (cpu_number));
      goto ldv_39018;
      case 8:
      __asm__ ("movq %%gs:%P1,%0": "=r" (pfo_ret_____6): "m" (cpu_number));
      goto ldv_39018;
      default:
      __bad_percpu_size();
      }
      ldv_39018:
      pscr_ret_____0 = pfo_ret_____6;
      goto ldv_38996;
      default:
      __bad_size_call_parameter();
      goto ldv_38996;
      } (CFACreationUtils.addEdgeToCFA, INFO)

line 11723: Dead code detected: switch (4UL) (CFACreationUtils.addEdgeToCFA, INFO)

line 11725: Dead code detected: __asm__ ("movb %%gs:%P1,%0": "=q" (pfo_ret_____7): "m" (cpu_number)); (CFACreationUtils.addEdgeToCFA, INFO)

line 11728: Dead code detected: __asm__ ("movw %%gs:%P1,%0": "=r" (pfo_ret_____7): "m" (cpu_number)); (CFACreationUtils.addEdgeToCFA, INFO)

line 11730: Dead code detected:  (CFACreationUtils.addEdgeToCFA, INFO)

line 11734: Dead code detected: __asm__ ("movq %%gs:%P1,%0": "=r" (pfo_ret_____7): "m" (cpu_number)); (CFACreationUtils.addEdgeToCFA, INFO)

line 11736: Dead code detected: switch (4UL) {
      case 1:
      __asm__ ("movb %%gs:%P1,%0": "=q" (pfo_ret_____7): "m" (cpu_number));
      goto ldv_39048;
      case 2:
      __asm__ ("movw %%gs:%P1,%0": "=r" (pfo_ret_____7): "m" (cpu_number));
      goto ldv_39048;
      case 4:
      __asm__ ("movl %%gs:%P1,%0": "=r" (pfo_ret_____7): "m" (cpu_number));
      goto ldv_39048;
      case 8:
      __asm__ ("movq %%gs:%P1,%0": "=r" (pfo_ret_____7): "m" (cpu_number));
      goto ldv_39048;
      default:
      __bad_percpu_size();
      } (CFACreationUtils.addEdgeToCFA, INFO)

line 11743: Dead code detected: switch (4UL) (CFACreationUtils.addEdgeToCFA, INFO)

line 11745: Dead code detected: __asm__ ("movb %%gs:%P1,%0": "=q" (pfo_ret_____8): "m" (cpu_number)); (CFACreationUtils.addEdgeToCFA, INFO)

line 11748: Dead code detected: __asm__ ("movw %%gs:%P1,%0": "=r" (pfo_ret_____8): "m" (cpu_number)); (CFACreationUtils.addEdgeToCFA, INFO)

line 11750: Dead code detected:  (CFACreationUtils.addEdgeToCFA, INFO)

line 11754: Dead code detected: __asm__ ("movq %%gs:%P1,%0": "=r" (pfo_ret_____8): "m" (cpu_number)); (CFACreationUtils.addEdgeToCFA, INFO)

line 11756: Dead code detected: switch (4UL) {
      case 1:
      __asm__ ("movb %%gs:%P1,%0": "=q" (pfo_ret_____8): "m" (cpu_number));
      goto ldv_39058;
      case 2:
      __asm__ ("movw %%gs:%P1,%0": "=r" (pfo_ret_____8): "m" (cpu_number));
      goto ldv_39058;
      case 4:
      __asm__ ("movl %%gs:%P1,%0": "=r" (pfo_ret_____8): "m" (cpu_number));
      goto ldv_39058;
      case 8:
      __asm__ ("movq %%gs:%P1,%0": "=r" (pfo_ret_____8): "m" (cpu_number));
      goto ldv_39058;
      default:
      __bad_percpu_size();
      } (CFACreationUtils.addEdgeToCFA, INFO)

line 11765: Dead code detected: __asm__ ("movb %%gs:%P1,%0": "=q" (pfo_ret_____9): "m" (cpu_number)); (CFACreationUtils.addEdgeToCFA, INFO)

line 11768: Dead code detected: __asm__ ("movw %%gs:%P1,%0": "=r" (pfo_ret_____9): "m" (cpu_number)); (CFACreationUtils.addEdgeToCFA, INFO)

line 11774: Dead code detected: __asm__ ("movq %%gs:%P1,%0": "=r" (pfo_ret_____9): "m" (cpu_number)); (CFACreationUtils.addEdgeToCFA, INFO)

line 11776: Dead code detected: switch (4UL) {
      case 1:
      __asm__ ("movb %%gs:%P1,%0": "=q" (pfo_ret_____9): "m" (cpu_number));
      goto ldv_39067;
      case 2:
      __asm__ ("movw %%gs:%P1,%0": "=r" (pfo_ret_____9): "m" (cpu_number));
      goto ldv_39067;
      case 4:
      __asm__ ("movl %%gs:%P1,%0": "=r" (pfo_ret_____9): "m" (cpu_number));
      goto ldv_39067;
      case 8:
      __asm__ ("movq %%gs:%P1,%0": "=r" (pfo_ret_____9): "m" (cpu_number));
      goto ldv_39067;
      default:
      __bad_percpu_size();
      } (CFACreationUtils.addEdgeToCFA, INFO)

line 11783: Dead code detected: switch (4UL) (CFACreationUtils.addEdgeToCFA, INFO)

line 11785: Dead code detected: __asm__ ("movb %%gs:%P1,%0": "=q" (pfo_ret_____10): "m" (cpu_number)); (CFACreationUtils.addEdgeToCFA, INFO)

line 11788: Dead code detected: __asm__ ("movw %%gs:%P1,%0": "=r" (pfo_ret_____10): "m" (cpu_number)); (CFACreationUtils.addEdgeToCFA, INFO)

line 11790: Dead code detected:  (CFACreationUtils.addEdgeToCFA, INFO)

line 11794: Dead code detected: __asm__ ("movq %%gs:%P1,%0": "=r" (pfo_ret_____10): "m" (cpu_number)); (CFACreationUtils.addEdgeToCFA, INFO)

line 11796: Dead code detected: switch (4UL) {
      case 1:
      __asm__ ("movb %%gs:%P1,%0": "=q" (pfo_ret_____10): "m" (cpu_number));
      goto ldv_39076;
      case 2:
      __asm__ ("movw %%gs:%P1,%0": "=r" (pfo_ret_____10): "m" (cpu_number));
      goto ldv_39076;
      case 4:
      __asm__ ("movl %%gs:%P1,%0": "=r" (pfo_ret_____10): "m" (cpu_number));
      goto ldv_39076;
      case 8:
      __asm__ ("movq %%gs:%P1,%0": "=r" (pfo_ret_____10): "m" (cpu_number));
      goto ldv_39076;
      default:
      __bad_percpu_size();
      } (CFACreationUtils.addEdgeToCFA, INFO)

line 11802: Dead code detected: switch (4UL) {
      case 1: ;
      switch (4UL) {
      case 1:
      __asm__ ("movb %%gs:%P1,%0": "=q" (pfo_ret_____7): "m" (cpu_number));
      goto ldv_39048;
      case 2:
      __asm__ ("movw %%gs:%P1,%0": "=r" (pfo_ret_____7): "m" (cpu_number));
      goto ldv_39048;
      case 4:
      __asm__ ("movl %%gs:%P1,%0": "=r" (pfo_ret_____7): "m" (cpu_number));
      goto ldv_39048;
      case 8:
      __asm__ ("movq %%gs:%P1,%0": "=r" (pfo_ret_____7): "m" (cpu_number));
      goto ldv_39048;
      default:
      __bad_percpu_size();
      }
      ldv_39048:
      pscr_ret_____1 = pfo_ret_____7;
      goto ldv_39054;
      case 2: ;
      switch (4UL) {
      case 1:
      __asm__ ("movb %%gs:%P1,%0": "=q" (pfo_ret_____8): "m" (cpu_number));
      goto ldv_39058;
      case 2:
      __asm__ ("movw %%gs:%P1,%0": "=r" (pfo_ret_____8): "m" (cpu_number));
      goto ldv_39058;
      case 4:
      __asm__ ("movl %%gs:%P1,%0": "=r" (pfo_ret_____8): "m" (cpu_number));
      goto ldv_39058;
      case 8:
      __asm__ ("movq %%gs:%P1,%0": "=r" (pfo_ret_____8): "m" (cpu_number));
      goto ldv_39058;
      default:
      __bad_percpu_size();
      }
      ldv_39058:
      pscr_ret_____1 = pfo_ret_____8;
      goto ldv_39054;
      case 4: ;
      switch (4UL) {
      case 1:
      __asm__ ("movb %%gs:%P1,%0": "=q" (pfo_ret_____9): "m" (cpu_number));
      goto ldv_39067;
      case 2:
      __asm__ ("movw %%gs:%P1,%0": "=r" (pfo_ret_____9): "m" (cpu_number));
      goto ldv_39067;
      case 4:
      __asm__ ("movl %%gs:%P1,%0": "=r" (pfo_ret_____9): "m" (cpu_number));
      goto ldv_39067;
      case 8:
      __asm__ ("movq %%gs:%P1,%0": "=r" (pfo_ret_____9): "m" (cpu_number));
      goto ldv_39067;
      default:
      __bad_percpu_size();
      }
      ldv_39067:
      pscr_ret_____1 = pfo_ret_____9;
      goto ldv_39054;
      case 8: ;
      switch (4UL) {
      case 1:
      __asm__ ("movb %%gs:%P1,%0": "=q" (pfo_ret_____10): "m" (cpu_number));
      goto ldv_39076;
      case 2:
      __asm__ ("movw %%gs:%P1,%0": "=r" (pfo_ret_____10): "m" (cpu_number));
      goto ldv_39076;
      case 4:
      __asm__ ("movl %%gs:%P1,%0": "=r" (pfo_ret_____10): "m" (cpu_number));
      goto ldv_39076;
      case 8:
      __asm__ ("movq %%gs:%P1,%0": "=r" (pfo_ret_____10): "m" (cpu_number));
      goto ldv_39076;
      default:
      __bad_percpu_size();
      }
      ldv_39076:
      pscr_ret_____1 = pfo_ret_____10;
      goto ldv_39054;
      default:
      __bad_size_call_parameter();
      goto ldv_39054;
      } (CFACreationUtils.addEdgeToCFA, INFO)

line 12072: Dead code detected: return (ldv_func_res); (CFACreationUtils.addEdgeToCFA, INFO)

line 12218: Dead code detected: __asm__ ("movb %%gs:%P1,%0": "=q" (pfo_ret__): "p" (& kernel_stack)); (CFACreationUtils.addEdgeToCFA, INFO)

line 12221: Dead code detected: __asm__ ("movw %%gs:%P1,%0": "=r" (pfo_ret__): "p" (& kernel_stack)); (CFACreationUtils.addEdgeToCFA, INFO)

line 12224: Dead code detected: __asm__ ("movl %%gs:%P1,%0": "=r" (pfo_ret__): "p" (& kernel_stack)); (CFACreationUtils.addEdgeToCFA, INFO)

line 12229: Dead code detected: switch (8UL) {
  case 1:
  __asm__ ("movb %%gs:%P1,%0": "=q" (pfo_ret__): "p" (& kernel_stack));
  goto ldv_6364;
  case 2:
  __asm__ ("movw %%gs:%P1,%0": "=r" (pfo_ret__): "p" (& kernel_stack));
  goto ldv_6364;
  case 4:
  __asm__ ("movl %%gs:%P1,%0": "=r" (pfo_ret__): "p" (& kernel_stack));
  goto ldv_6364;
  case 8:
  __asm__ ("movq %%gs:%P1,%0": "=r" (pfo_ret__): "p" (& kernel_stack));
  goto ldv_6364;
  default:
  __bad_percpu_size();
  } (CFACreationUtils.addEdgeToCFA, INFO)

line 13364: Dead code detected: return (ldv_func_res); (CFACreationUtils.addEdgeToCFA, INFO)

line 13813: Dead code detected: return (ldv_func_res); (CFACreationUtils.addEdgeToCFA, INFO)

line 15722: Dead code detected: return (ldv_func_res); (CFACreationUtils.addEdgeToCFA, INFO)

line 17597: Dead code detected: return (ldv_func_res); (CFACreationUtils.addEdgeToCFA, INFO)

line 18790: Dead code detected: return (ldv_func_res); (CFACreationUtils.addEdgeToCFA, INFO)

line 18945: Dead code detected: return (ldv_func_res); (CFACreationUtils.addEdgeToCFA, INFO)

line 22888: Dead code detected: return (ldv_func_res); (CFACreationUtils.addEdgeToCFA, INFO)

line 23118: Dead code detected: return (ldv_func_res); (CFACreationUtils.addEdgeToCFA, INFO)

line 23918: Dead code detected: return (ldv_func_res); (CFACreationUtils.addEdgeToCFA, INFO)

line 24345: Dead code detected: return (ldv_func_res); (CFACreationUtils.addEdgeToCFA, INFO)

line 24875: Dead code detected: return (ldv_func_res); (CFACreationUtils.addEdgeToCFA, INFO)

line 25203: Dead code detected: return (ldv_func_res); (CFACreationUtils.addEdgeToCFA, INFO)

line 25986: Dead code detected: return (ldv_func_res); (CFACreationUtils.addEdgeToCFA, INFO)

line 26565: Dead code detected: return (ldv_func_res); (CFACreationUtils.addEdgeToCFA, INFO)

line 26730: Dead code detected: switch (4UL) (CFACreationUtils.addEdgeToCFA, INFO)

line 26732: Dead code detected: __asm__ ("movb %%gs:%P1,%0": "=q" (pfo_ret__): "m" (cpu_number)); (CFACreationUtils.addEdgeToCFA, INFO)

line 26735: Dead code detected: __asm__ ("movw %%gs:%P1,%0": "=r" (pfo_ret__): "m" (cpu_number)); (CFACreationUtils.addEdgeToCFA, INFO)

line 26737: Dead code detected:  (CFACreationUtils.addEdgeToCFA, INFO)

line 26741: Dead code detected: __asm__ ("movq %%gs:%P1,%0": "=r" (pfo_ret__): "m" (cpu_number)); (CFACreationUtils.addEdgeToCFA, INFO)

line 26743: Dead code detected: switch (4UL) {
  case 1:
  __asm__ ("movb %%gs:%P1,%0": "=q" (pfo_ret__): "m" (cpu_number));
  goto ldv_38337;
  case 2:
  __asm__ ("movw %%gs:%P1,%0": "=r" (pfo_ret__): "m" (cpu_number));
  goto ldv_38337;
  case 4:
  __asm__ ("movl %%gs:%P1,%0": "=r" (pfo_ret__): "m" (cpu_number));
  goto ldv_38337;
  case 8:
  __asm__ ("movq %%gs:%P1,%0": "=r" (pfo_ret__): "m" (cpu_number));
  goto ldv_38337;
  default:
  __bad_percpu_size();
  } (CFACreationUtils.addEdgeToCFA, INFO)

line 26750: Dead code detected: switch (4UL) (CFACreationUtils.addEdgeToCFA, INFO)

line 26752: Dead code detected: __asm__ ("movb %%gs:%P1,%0": "=q" (pfo_ret_____0): "m" (cpu_number)); (CFACreationUtils.addEdgeToCFA, INFO)

line 26755: Dead code detected: __asm__ ("movw %%gs:%P1,%0": "=r" (pfo_ret_____0): "m" (cpu_number)); (CFACreationUtils.addEdgeToCFA, INFO)

line 26757: Dead code detected:  (CFACreationUtils.addEdgeToCFA, INFO)

line 26761: Dead code detected: __asm__ ("movq %%gs:%P1,%0": "=r" (pfo_ret_____0): "m" (cpu_number)); (CFACreationUtils.addEdgeToCFA, INFO)

line 26763: Dead code detected: switch (4UL) {
  case 1:
  __asm__ ("movb %%gs:%P1,%0": "=q" (pfo_ret_____0): "m" (cpu_number));
  goto ldv_38347;
  case 2:
  __asm__ ("movw %%gs:%P1,%0": "=r" (pfo_ret_____0): "m" (cpu_number));
  goto ldv_38347;
  case 4:
  __asm__ ("movl %%gs:%P1,%0": "=r" (pfo_ret_____0): "m" (cpu_number));
  goto ldv_38347;
  case 8:
  __asm__ ("movq %%gs:%P1,%0": "=r" (pfo_ret_____0): "m" (cpu_number));
  goto ldv_38347;
  default:
  __bad_percpu_size();
  } (CFACreationUtils.addEdgeToCFA, INFO)

line 26772: Dead code detected: __asm__ ("movb %%gs:%P1,%0": "=q" (pfo_ret_____1): "m" (cpu_number)); (CFACreationUtils.addEdgeToCFA, INFO)

line 26775: Dead code detected: __asm__ ("movw %%gs:%P1,%0": "=r" (pfo_ret_____1): "m" (cpu_number)); (CFACreationUtils.addEdgeToCFA, INFO)

line 26781: Dead code detected: __asm__ ("movq %%gs:%P1,%0": "=r" (pfo_ret_____1): "m" (cpu_number)); (CFACreationUtils.addEdgeToCFA, INFO)

line 26783: Dead code detected: switch (4UL) {
  case 1:
  __asm__ ("movb %%gs:%P1,%0": "=q" (pfo_ret_____1): "m" (cpu_number));
  goto ldv_38356;
  case 2:
  __asm__ ("movw %%gs:%P1,%0": "=r" (pfo_ret_____1): "m" (cpu_number));
  goto ldv_38356;
  case 4:
  __asm__ ("movl %%gs:%P1,%0": "=r" (pfo_ret_____1): "m" (cpu_number));
  goto ldv_38356;
  case 8:
  __asm__ ("movq %%gs:%P1,%0": "=r" (pfo_ret_____1): "m" (cpu_number));
  goto ldv_38356;
  default:
  __bad_percpu_size();
  } (CFACreationUtils.addEdgeToCFA, INFO)

line 26790: Dead code detected: switch (4UL) (CFACreationUtils.addEdgeToCFA, INFO)

line 26792: Dead code detected: __asm__ ("movb %%gs:%P1,%0": "=q" (pfo_ret_____2): "m" (cpu_number)); (CFACreationUtils.addEdgeToCFA, INFO)

line 26795: Dead code detected: __asm__ ("movw %%gs:%P1,%0": "=r" (pfo_ret_____2): "m" (cpu_number)); (CFACreationUtils.addEdgeToCFA, INFO)

line 26797: Dead code detected:  (CFACreationUtils.addEdgeToCFA, INFO)

line 26801: Dead code detected: __asm__ ("movq %%gs:%P1,%0": "=r" (pfo_ret_____2): "m" (cpu_number)); (CFACreationUtils.addEdgeToCFA, INFO)

line 26803: Dead code detected: switch (4UL) {
  case 1:
  __asm__ ("movb %%gs:%P1,%0": "=q" (pfo_ret_____2): "m" (cpu_number));
  goto ldv_38365;
  case 2:
  __asm__ ("movw %%gs:%P1,%0": "=r" (pfo_ret_____2): "m" (cpu_number));
  goto ldv_38365;
  case 4:
  __asm__ ("movl %%gs:%P1,%0": "=r" (pfo_ret_____2): "m" (cpu_number));
  goto ldv_38365;
  case 8:
  __asm__ ("movq %%gs:%P1,%0": "=r" (pfo_ret_____2): "m" (cpu_number));
  goto ldv_38365;
  default:
  __bad_percpu_size();
  } (CFACreationUtils.addEdgeToCFA, INFO)

line 26809: Dead code detected: switch (4UL) {
  case 1: ;
  switch (4UL) {
  case 1:
  __asm__ ("movb %%gs:%P1,%0": "=q" (pfo_ret__): "m" (cpu_number));
  goto ldv_38337;
  case 2:
  __asm__ ("movw %%gs:%P1,%0": "=r" (pfo_ret__): "m" (cpu_number));
  goto ldv_38337;
  case 4:
  __asm__ ("movl %%gs:%P1,%0": "=r" (pfo_ret__): "m" (cpu_number));
  goto ldv_38337;
  case 8:
  __asm__ ("movq %%gs:%P1,%0": "=r" (pfo_ret__): "m" (cpu_number));
  goto ldv_38337;
  default:
  __bad_percpu_size();
  }
  ldv_38337:
  pscr_ret__ = pfo_ret__;
  goto ldv_38343;
  case 2: ;
  switch (4UL) {
  case 1:
  __asm__ ("movb %%gs:%P1,%0": "=q" (pfo_ret_____0): "m" (cpu_number));
  goto ldv_38347;
  case 2:
  __asm__ ("movw %%gs:%P1,%0": "=r" (pfo_ret_____0): "m" (cpu_number));
  goto ldv_38347;
  case 4:
  __asm__ ("movl %%gs:%P1,%0": "=r" (pfo_ret_____0): "m" (cpu_number));
  goto ldv_38347;
  case 8:
  __asm__ ("movq %%gs:%P1,%0": "=r" (pfo_ret_____0): "m" (cpu_number));
  goto ldv_38347;
  default:
  __bad_percpu_size();
  }
  ldv_38347:
  pscr_ret__ = pfo_ret_____0;
  goto ldv_38343;
  case 4: ;
  switch (4UL) {
  case 1:
  __asm__ ("movb %%gs:%P1,%0": "=q" (pfo_ret_____1): "m" (cpu_number));
  goto ldv_38356;
  case 2:
  __asm__ ("movw %%gs:%P1,%0": "=r" (pfo_ret_____1): "m" (cpu_number));
  goto ldv_38356;
  case 4:
  __asm__ ("movl %%gs:%P1,%0": "=r" (pfo_ret_____1): "m" (cpu_number));
  goto ldv_38356;
  case 8:
  __asm__ ("movq %%gs:%P1,%0": "=r" (pfo_ret_____1): "m" (cpu_number));
  goto ldv_38356;
  default:
  __bad_percpu_size();
  }
  ldv_38356:
  pscr_ret__ = pfo_ret_____1;
  goto ldv_38343;
  case 8: ;
  switch (4UL) {
  case 1:
  __asm__ ("movb %%gs:%P1,%0": "=q" (pfo_ret_____2): "m" (cpu_number));
  goto ldv_38365;
  case 2:
  __asm__ ("movw %%gs:%P1,%0": "=r" (pfo_ret_____2): "m" (cpu_number));
  goto ldv_38365;
  case 4:
  __asm__ ("movl %%gs:%P1,%0": "=r" (pfo_ret_____2): "m" (cpu_number));
  goto ldv_38365;
  case 8:
  __asm__ ("movq %%gs:%P1,%0": "=r" (pfo_ret_____2): "m" (cpu_number));
  goto ldv_38365;
  default:
  __bad_percpu_size();
  }
  ldv_38365:
  pscr_ret__ = pfo_ret_____2;
  goto ldv_38343;
  default:
  __bad_size_call_parameter();
  goto ldv_38343;
  } (CFACreationUtils.addEdgeToCFA, INFO)

line 26848: Dead code detected: switch (4UL) (CFACreationUtils.addEdgeToCFA, INFO)

line 26850: Dead code detected: __asm__ ("movb %%gs:%P1,%0": "=q" (pfo_ret_____3): "m" (cpu_number)); (CFACreationUtils.addEdgeToCFA, INFO)

line 26853: Dead code detected: __asm__ ("movw %%gs:%P1,%0": "=r" (pfo_ret_____3): "m" (cpu_number)); (CFACreationUtils.addEdgeToCFA, INFO)

line 26855: Dead code detected:  (CFACreationUtils.addEdgeToCFA, INFO)

line 26859: Dead code detected: __asm__ ("movq %%gs:%P1,%0": "=r" (pfo_ret_____3): "m" (cpu_number)); (CFACreationUtils.addEdgeToCFA, INFO)

line 26861: Dead code detected: switch (4UL) {
  case 1:
  __asm__ ("movb %%gs:%P1,%0": "=q" (pfo_ret_____3): "m" (cpu_number));
  goto ldv_38391;
  case 2:
  __asm__ ("movw %%gs:%P1,%0": "=r" (pfo_ret_____3): "m" (cpu_number));
  goto ldv_38391;
  case 4:
  __asm__ ("movl %%gs:%P1,%0": "=r" (pfo_ret_____3): "m" (cpu_number));
  goto ldv_38391;
  case 8:
  __asm__ ("movq %%gs:%P1,%0": "=r" (pfo_ret_____3): "m" (cpu_number));
  goto ldv_38391;
  default:
  __bad_percpu_size();
  } (CFACreationUtils.addEdgeToCFA, INFO)

line 26868: Dead code detected: switch (4UL) (CFACreationUtils.addEdgeToCFA, INFO)

line 26870: Dead code detected: __asm__ ("movb %%gs:%P1,%0": "=q" (pfo_ret_____4): "m" (cpu_number)); (CFACreationUtils.addEdgeToCFA, INFO)

line 26873: Dead code detected: __asm__ ("movw %%gs:%P1,%0": "=r" (pfo_ret_____4): "m" (cpu_number)); (CFACreationUtils.addEdgeToCFA, INFO)

line 26875: Dead code detected:  (CFACreationUtils.addEdgeToCFA, INFO)

line 26879: Dead code detected: __asm__ ("movq %%gs:%P1,%0": "=r" (pfo_ret_____4): "m" (cpu_number)); (CFACreationUtils.addEdgeToCFA, INFO)

line 26881: Dead code detected: switch (4UL) {
  case 1:
  __asm__ ("movb %%gs:%P1,%0": "=q" (pfo_ret_____4): "m" (cpu_number));
  goto ldv_38401;
  case 2:
  __asm__ ("movw %%gs:%P1,%0": "=r" (pfo_ret_____4): "m" (cpu_number));
  goto ldv_38401;
  case 4:
  __asm__ ("movl %%gs:%P1,%0": "=r" (pfo_ret_____4): "m" (cpu_number));
  goto ldv_38401;
  case 8:
  __asm__ ("movq %%gs:%P1,%0": "=r" (pfo_ret_____4): "m" (cpu_number));
  goto ldv_38401;
  default:
  __bad_percpu_size();
  } (CFACreationUtils.addEdgeToCFA, INFO)

line 26890: Dead code detected: __asm__ ("movb %%gs:%P1,%0": "=q" (pfo_ret_____5): "m" (cpu_number)); (CFACreationUtils.addEdgeToCFA, INFO)

line 26893: Dead code detected: __asm__ ("movw %%gs:%P1,%0": "=r" (pfo_ret_____5): "m" (cpu_number)); (CFACreationUtils.addEdgeToCFA, INFO)

line 26899: Dead code detected: __asm__ ("movq %%gs:%P1,%0": "=r" (pfo_ret_____5): "m" (cpu_number)); (CFACreationUtils.addEdgeToCFA, INFO)

line 26901: Dead code detected: switch (4UL) {
  case 1:
  __asm__ ("movb %%gs:%P1,%0": "=q" (pfo_ret_____5): "m" (cpu_number));
  goto ldv_38410;
  case 2:
  __asm__ ("movw %%gs:%P1,%0": "=r" (pfo_ret_____5): "m" (cpu_number));
  goto ldv_38410;
  case 4:
  __asm__ ("movl %%gs:%P1,%0": "=r" (pfo_ret_____5): "m" (cpu_number));
  goto ldv_38410;
  case 8:
  __asm__ ("movq %%gs:%P1,%0": "=r" (pfo_ret_____5): "m" (cpu_number));
  goto ldv_38410;
  default:
  __bad_percpu_size();
  } (CFACreationUtils.addEdgeToCFA, INFO)

line 26908: Dead code detected: switch (4UL) (CFACreationUtils.addEdgeToCFA, INFO)

line 26910: Dead code detected: __asm__ ("movb %%gs:%P1,%0": "=q" (pfo_ret_____6): "m" (cpu_number)); (CFACreationUtils.addEdgeToCFA, INFO)

line 26913: Dead code detected: __asm__ ("movw %%gs:%P1,%0": "=r" (pfo_ret_____6): "m" (cpu_number)); (CFACreationUtils.addEdgeToCFA, INFO)

line 26915: Dead code detected:  (CFACreationUtils.addEdgeToCFA, INFO)

line 26919: Dead code detected: __asm__ ("movq %%gs:%P1,%0": "=r" (pfo_ret_____6): "m" (cpu_number)); (CFACreationUtils.addEdgeToCFA, INFO)

line 26921: Dead code detected: switch (4UL) {
  case 1:
  __asm__ ("movb %%gs:%P1,%0": "=q" (pfo_ret_____6): "m" (cpu_number));
  goto ldv_38419;
  case 2:
  __asm__ ("movw %%gs:%P1,%0": "=r" (pfo_ret_____6): "m" (cpu_number));
  goto ldv_38419;
  case 4:
  __asm__ ("movl %%gs:%P1,%0": "=r" (pfo_ret_____6): "m" (cpu_number));
  goto ldv_38419;
  case 8:
  __asm__ ("movq %%gs:%P1,%0": "=r" (pfo_ret_____6): "m" (cpu_number));
  goto ldv_38419;
  default:
  __bad_percpu_size();
  } (CFACreationUtils.addEdgeToCFA, INFO)

line 26927: Dead code detected: switch (4UL) {
  case 1: ;
  switch (4UL) {
  case 1:
  __asm__ ("movb %%gs:%P1,%0": "=q" (pfo_ret_____3): "m" (cpu_number));
  goto ldv_38391;
  case 2:
  __asm__ ("movw %%gs:%P1,%0": "=r" (pfo_ret_____3): "m" (cpu_number));
  goto ldv_38391;
  case 4:
  __asm__ ("movl %%gs:%P1,%0": "=r" (pfo_ret_____3): "m" (cpu_number));
  goto ldv_38391;
  case 8:
  __asm__ ("movq %%gs:%P1,%0": "=r" (pfo_ret_____3): "m" (cpu_number));
  goto ldv_38391;
  default:
  __bad_percpu_size();
  }
  ldv_38391:
  pscr_ret_____0 = pfo_ret_____3;
  goto ldv_38397;
  case 2: ;
  switch (4UL) {
  case 1:
  __asm__ ("movb %%gs:%P1,%0": "=q" (pfo_ret_____4): "m" (cpu_number));
  goto ldv_38401;
  case 2:
  __asm__ ("movw %%gs:%P1,%0": "=r" (pfo_ret_____4): "m" (cpu_number));
  goto ldv_38401;
  case 4:
  __asm__ ("movl %%gs:%P1,%0": "=r" (pfo_ret_____4): "m" (cpu_number));
  goto ldv_38401;
  case 8:
  __asm__ ("movq %%gs:%P1,%0": "=r" (pfo_ret_____4): "m" (cpu_number));
  goto ldv_38401;
  default:
  __bad_percpu_size();
  }
  ldv_38401:
  pscr_ret_____0 = pfo_ret_____4;
  goto ldv_38397;
  case 4: ;
  switch (4UL) {
  case 1:
  __asm__ ("movb %%gs:%P1,%0": "=q" (pfo_ret_____5): "m" (cpu_number));
  goto ldv_38410;
  case 2:
  __asm__ ("movw %%gs:%P1,%0": "=r" (pfo_ret_____5): "m" (cpu_number));
  goto ldv_38410;
  case 4:
  __asm__ ("movl %%gs:%P1,%0": "=r" (pfo_ret_____5): "m" (cpu_number));
  goto ldv_38410;
  case 8:
  __asm__ ("movq %%gs:%P1,%0": "=r" (pfo_ret_____5): "m" (cpu_number));
  goto ldv_38410;
  default:
  __bad_percpu_size();
  }
  ldv_38410:
  pscr_ret_____0 = pfo_ret_____5;
  goto ldv_38397;
  case 8: ;
  switch (4UL) {
  case 1:
  __asm__ ("movb %%gs:%P1,%0": "=q" (pfo_ret_____6): "m" (cpu_number));
  goto ldv_38419;
  case 2:
  __asm__ ("movw %%gs:%P1,%0": "=r" (pfo_ret_____6): "m" (cpu_number));
  goto ldv_38419;
  case 4:
  __asm__ ("movl %%gs:%P1,%0": "=r" (pfo_ret_____6): "m" (cpu_number));
  goto ldv_38419;
  case 8:
  __asm__ ("movq %%gs:%P1,%0": "=r" (pfo_ret_____6): "m" (cpu_number));
  goto ldv_38419;
  default:
  __bad_percpu_size();
  }
  ldv_38419:
  pscr_ret_____0 = pfo_ret_____6;
  goto ldv_38397;
  default:
  __bad_size_call_parameter();
  goto ldv_38397;
  } (CFACreationUtils.addEdgeToCFA, INFO)

line 27008: Dead code detected: switch (4UL) (CFACreationUtils.addEdgeToCFA, INFO)

line 27010: Dead code detected: __asm__ ("movb %%gs:%P1,%0": "=q" (pfo_ret__): "m" (cpu_number)); (CFACreationUtils.addEdgeToCFA, INFO)

line 27013: Dead code detected: __asm__ ("movw %%gs:%P1,%0": "=r" (pfo_ret__): "m" (cpu_number)); (CFACreationUtils.addEdgeToCFA, INFO)

line 27015: Dead code detected:  (CFACreationUtils.addEdgeToCFA, INFO)

line 27019: Dead code detected: __asm__ ("movq %%gs:%P1,%0": "=r" (pfo_ret__): "m" (cpu_number)); (CFACreationUtils.addEdgeToCFA, INFO)

line 27021: Dead code detected: switch (4UL) {
  case 1:
  __asm__ ("movb %%gs:%P1,%0": "=q" (pfo_ret__): "m" (cpu_number));
  goto ldv_38453;
  case 2:
  __asm__ ("movw %%gs:%P1,%0": "=r" (pfo_ret__): "m" (cpu_number));
  goto ldv_38453;
  case 4:
  __asm__ ("movl %%gs:%P1,%0": "=r" (pfo_ret__): "m" (cpu_number));
  goto ldv_38453;
  case 8:
  __asm__ ("movq %%gs:%P1,%0": "=r" (pfo_ret__): "m" (cpu_number));
  goto ldv_38453;
  default:
  __bad_percpu_size();
  } (CFACreationUtils.addEdgeToCFA, INFO)

line 27028: Dead code detected: switch (4UL) (CFACreationUtils.addEdgeToCFA, INFO)

line 27030: Dead code detected: __asm__ ("movb %%gs:%P1,%0": "=q" (pfo_ret_____0): "m" (cpu_number)); (CFACreationUtils.addEdgeToCFA, INFO)

line 27033: Dead code detected: __asm__ ("movw %%gs:%P1,%0": "=r" (pfo_ret_____0): "m" (cpu_number)); (CFACreationUtils.addEdgeToCFA, INFO)

line 27035: Dead code detected:  (CFACreationUtils.addEdgeToCFA, INFO)

line 27039: Dead code detected: __asm__ ("movq %%gs:%P1,%0": "=r" (pfo_ret_____0): "m" (cpu_number)); (CFACreationUtils.addEdgeToCFA, INFO)

line 27041: Dead code detected: switch (4UL) {
  case 1:
  __asm__ ("movb %%gs:%P1,%0": "=q" (pfo_ret_____0): "m" (cpu_number));
  goto ldv_38463;
  case 2:
  __asm__ ("movw %%gs:%P1,%0": "=r" (pfo_ret_____0): "m" (cpu_number));
  goto ldv_38463;
  case 4:
  __asm__ ("movl %%gs:%P1,%0": "=r" (pfo_ret_____0): "m" (cpu_number));
  goto ldv_38463;
  case 8:
  __asm__ ("movq %%gs:%P1,%0": "=r" (pfo_ret_____0): "m" (cpu_number));
  goto ldv_38463;
  default:
  __bad_percpu_size();
  } (CFACreationUtils.addEdgeToCFA, INFO)

line 27050: Dead code detected: __asm__ ("movb %%gs:%P1,%0": "=q" (pfo_ret_____1): "m" (cpu_number)); (CFACreationUtils.addEdgeToCFA, INFO)

line 27053: Dead code detected: __asm__ ("movw %%gs:%P1,%0": "=r" (pfo_ret_____1): "m" (cpu_number)); (CFACreationUtils.addEdgeToCFA, INFO)

line 27059: Dead code detected: __asm__ ("movq %%gs:%P1,%0": "=r" (pfo_ret_____1): "m" (cpu_number)); (CFACreationUtils.addEdgeToCFA, INFO)

line 27061: Dead code detected: switch (4UL) {
  case 1:
  __asm__ ("movb %%gs:%P1,%0": "=q" (pfo_ret_____1): "m" (cpu_number));
  goto ldv_38472;
  case 2:
  __asm__ ("movw %%gs:%P1,%0": "=r" (pfo_ret_____1): "m" (cpu_number));
  goto ldv_38472;
  case 4:
  __asm__ ("movl %%gs:%P1,%0": "=r" (pfo_ret_____1): "m" (cpu_number));
  goto ldv_38472;
  case 8:
  __asm__ ("movq %%gs:%P1,%0": "=r" (pfo_ret_____1): "m" (cpu_number));
  goto ldv_38472;
  default:
  __bad_percpu_size();
  } (CFACreationUtils.addEdgeToCFA, INFO)

line 27068: Dead code detected: switch (4UL) (CFACreationUtils.addEdgeToCFA, INFO)

line 27070: Dead code detected: __asm__ ("movb %%gs:%P1,%0": "=q" (pfo_ret_____2): "m" (cpu_number)); (CFACreationUtils.addEdgeToCFA, INFO)

line 27073: Dead code detected: __asm__ ("movw %%gs:%P1,%0": "=r" (pfo_ret_____2): "m" (cpu_number)); (CFACreationUtils.addEdgeToCFA, INFO)

line 27075: Dead code detected:  (CFACreationUtils.addEdgeToCFA, INFO)

line 27079: Dead code detected: __asm__ ("movq %%gs:%P1,%0": "=r" (pfo_ret_____2): "m" (cpu_number)); (CFACreationUtils.addEdgeToCFA, INFO)

line 27081: Dead code detected: switch (4UL) {
  case 1:
  __asm__ ("movb %%gs:%P1,%0": "=q" (pfo_ret_____2): "m" (cpu_number));
  goto ldv_38481;
  case 2:
  __asm__ ("movw %%gs:%P1,%0": "=r" (pfo_ret_____2): "m" (cpu_number));
  goto ldv_38481;
  case 4:
  __asm__ ("movl %%gs:%P1,%0": "=r" (pfo_ret_____2): "m" (cpu_number));
  goto ldv_38481;
  case 8:
  __asm__ ("movq %%gs:%P1,%0": "=r" (pfo_ret_____2): "m" (cpu_number));
  goto ldv_38481;
  default:
  __bad_percpu_size();
  } (CFACreationUtils.addEdgeToCFA, INFO)

line 27087: Dead code detected: switch (4UL) {
  case 1: ;
  switch (4UL) {
  case 1:
  __asm__ ("movb %%gs:%P1,%0": "=q" (pfo_ret__): "m" (cpu_number));
  goto ldv_38453;
  case 2:
  __asm__ ("movw %%gs:%P1,%0": "=r" (pfo_ret__): "m" (cpu_number));
  goto ldv_38453;
  case 4:
  __asm__ ("movl %%gs:%P1,%0": "=r" (pfo_ret__): "m" (cpu_number));
  goto ldv_38453;
  case 8:
  __asm__ ("movq %%gs:%P1,%0": "=r" (pfo_ret__): "m" (cpu_number));
  goto ldv_38453;
  default:
  __bad_percpu_size();
  }
  ldv_38453:
  pscr_ret__ = pfo_ret__;
  goto ldv_38459;
  case 2: ;
  switch (4UL) {
  case 1:
  __asm__ ("movb %%gs:%P1,%0": "=q" (pfo_ret_____0): "m" (cpu_number));
  goto ldv_38463;
  case 2:
  __asm__ ("movw %%gs:%P1,%0": "=r" (pfo_ret_____0): "m" (cpu_number));
  goto ldv_38463;
  case 4:
  __asm__ ("movl %%gs:%P1,%0": "=r" (pfo_ret_____0): "m" (cpu_number));
  goto ldv_38463;
  case 8:
  __asm__ ("movq %%gs:%P1,%0": "=r" (pfo_ret_____0): "m" (cpu_number));
  goto ldv_38463;
  default:
  __bad_percpu_size();
  }
  ldv_38463:
  pscr_ret__ = pfo_ret_____0;
  goto ldv_38459;
  case 4: ;
  switch (4UL) {
  case 1:
  __asm__ ("movb %%gs:%P1,%0": "=q" (pfo_ret_____1): "m" (cpu_number));
  goto ldv_38472;
  case 2:
  __asm__ ("movw %%gs:%P1,%0": "=r" (pfo_ret_____1): "m" (cpu_number));
  goto ldv_38472;
  case 4:
  __asm__ ("movl %%gs:%P1,%0": "=r" (pfo_ret_____1): "m" (cpu_number));
  goto ldv_38472;
  case 8:
  __asm__ ("movq %%gs:%P1,%0": "=r" (pfo_ret_____1): "m" (cpu_number));
  goto ldv_38472;
  default:
  __bad_percpu_size();
  }
  ldv_38472:
  pscr_ret__ = pfo_ret_____1;
  goto ldv_38459;
  case 8: ;
  switch (4UL) {
  case 1:
  __asm__ ("movb %%gs:%P1,%0": "=q" (pfo_ret_____2): "m" (cpu_number));
  goto ldv_38481;
  case 2:
  __asm__ ("movw %%gs:%P1,%0": "=r" (pfo_ret_____2): "m" (cpu_number));
  goto ldv_38481;
  case 4:
  __asm__ ("movl %%gs:%P1,%0": "=r" (pfo_ret_____2): "m" (cpu_number));
  goto ldv_38481;
  case 8:
  __asm__ ("movq %%gs:%P1,%0": "=r" (pfo_ret_____2): "m" (cpu_number));
  goto ldv_38481;
  default:
  __bad_percpu_size();
  }
  ldv_38481:
  pscr_ret__ = pfo_ret_____2;
  goto ldv_38459;
  default:
  __bad_size_call_parameter();
  goto ldv_38459;
  } (CFACreationUtils.addEdgeToCFA, INFO)

line 27127: Dead code detected: switch (4UL) (CFACreationUtils.addEdgeToCFA, INFO)

line 27129: Dead code detected: __asm__ ("movb %%gs:%P1,%0": "=q" (pfo_ret_____3): "m" (cpu_number)); (CFACreationUtils.addEdgeToCFA, INFO)

line 27132: Dead code detected: __asm__ ("movw %%gs:%P1,%0": "=r" (pfo_ret_____3): "m" (cpu_number)); (CFACreationUtils.addEdgeToCFA, INFO)

line 27134: Dead code detected:  (CFACreationUtils.addEdgeToCFA, INFO)

line 27138: Dead code detected: __asm__ ("movq %%gs:%P1,%0": "=r" (pfo_ret_____3): "m" (cpu_number)); (CFACreationUtils.addEdgeToCFA, INFO)

line 27140: Dead code detected: switch (4UL) {
  case 1:
  __asm__ ("movb %%gs:%P1,%0": "=q" (pfo_ret_____3): "m" (cpu_number));
  goto ldv_38506;
  case 2:
  __asm__ ("movw %%gs:%P1,%0": "=r" (pfo_ret_____3): "m" (cpu_number));
  goto ldv_38506;
  case 4:
  __asm__ ("movl %%gs:%P1,%0": "=r" (pfo_ret_____3): "m" (cpu_number));
  goto ldv_38506;
  case 8:
  __asm__ ("movq %%gs:%P1,%0": "=r" (pfo_ret_____3): "m" (cpu_number));
  goto ldv_38506;
  default:
  __bad_percpu_size();
  } (CFACreationUtils.addEdgeToCFA, INFO)

line 27147: Dead code detected: switch (4UL) (CFACreationUtils.addEdgeToCFA, INFO)

line 27149: Dead code detected: __asm__ ("movb %%gs:%P1,%0": "=q" (pfo_ret_____4): "m" (cpu_number)); (CFACreationUtils.addEdgeToCFA, INFO)

line 27152: Dead code detected: __asm__ ("movw %%gs:%P1,%0": "=r" (pfo_ret_____4): "m" (cpu_number)); (CFACreationUtils.addEdgeToCFA, INFO)

line 27154: Dead code detected:  (CFACreationUtils.addEdgeToCFA, INFO)

line 27158: Dead code detected: __asm__ ("movq %%gs:%P1,%0": "=r" (pfo_ret_____4): "m" (cpu_number)); (CFACreationUtils.addEdgeToCFA, INFO)

line 27160: Dead code detected: switch (4UL) {
  case 1:
  __asm__ ("movb %%gs:%P1,%0": "=q" (pfo_ret_____4): "m" (cpu_number));
  goto ldv_38516;
  case 2:
  __asm__ ("movw %%gs:%P1,%0": "=r" (pfo_ret_____4): "m" (cpu_number));
  goto ldv_38516;
  case 4:
  __asm__ ("movl %%gs:%P1,%0": "=r" (pfo_ret_____4): "m" (cpu_number));
  goto ldv_38516;
  case 8:
  __asm__ ("movq %%gs:%P1,%0": "=r" (pfo_ret_____4): "m" (cpu_number));
  goto ldv_38516;
  default:
  __bad_percpu_size();
  } (CFACreationUtils.addEdgeToCFA, INFO)

line 27169: Dead code detected: __asm__ ("movb %%gs:%P1,%0": "=q" (pfo_ret_____5): "m" (cpu_number)); (CFACreationUtils.addEdgeToCFA, INFO)

line 27172: Dead code detected: __asm__ ("movw %%gs:%P1,%0": "=r" (pfo_ret_____5): "m" (cpu_number)); (CFACreationUtils.addEdgeToCFA, INFO)

line 27178: Dead code detected: __asm__ ("movq %%gs:%P1,%0": "=r" (pfo_ret_____5): "m" (cpu_number)); (CFACreationUtils.addEdgeToCFA, INFO)

line 27180: Dead code detected: switch (4UL) {
  case 1:
  __asm__ ("movb %%gs:%P1,%0": "=q" (pfo_ret_____5): "m" (cpu_number));
  goto ldv_38525;
  case 2:
  __asm__ ("movw %%gs:%P1,%0": "=r" (pfo_ret_____5): "m" (cpu_number));
  goto ldv_38525;
  case 4:
  __asm__ ("movl %%gs:%P1,%0": "=r" (pfo_ret_____5): "m" (cpu_number));
  goto ldv_38525;
  case 8:
  __asm__ ("movq %%gs:%P1,%0": "=r" (pfo_ret_____5): "m" (cpu_number));
  goto ldv_38525;
  default:
  __bad_percpu_size();
  } (CFACreationUtils.addEdgeToCFA, INFO)

line 27187: Dead code detected: switch (4UL) (CFACreationUtils.addEdgeToCFA, INFO)

line 27189: Dead code detected: __asm__ ("movb %%gs:%P1,%0": "=q" (pfo_ret_____6): "m" (cpu_number)); (CFACreationUtils.addEdgeToCFA, INFO)

line 27192: Dead code detected: __asm__ ("movw %%gs:%P1,%0": "=r" (pfo_ret_____6): "m" (cpu_number)); (CFACreationUtils.addEdgeToCFA, INFO)

line 27194: Dead code detected:  (CFACreationUtils.addEdgeToCFA, INFO)

line 27198: Dead code detected: __asm__ ("movq %%gs:%P1,%0": "=r" (pfo_ret_____6): "m" (cpu_number)); (CFACreationUtils.addEdgeToCFA, INFO)

line 27200: Dead code detected: switch (4UL) {
  case 1:
  __asm__ ("movb %%gs:%P1,%0": "=q" (pfo_ret_____6): "m" (cpu_number));
  goto ldv_38534;
  case 2:
  __asm__ ("movw %%gs:%P1,%0": "=r" (pfo_ret_____6): "m" (cpu_number));
  goto ldv_38534;
  case 4:
  __asm__ ("movl %%gs:%P1,%0": "=r" (pfo_ret_____6): "m" (cpu_number));
  goto ldv_38534;
  case 8:
  __asm__ ("movq %%gs:%P1,%0": "=r" (pfo_ret_____6): "m" (cpu_number));
  goto ldv_38534;
  default:
  __bad_percpu_size();
  } (CFACreationUtils.addEdgeToCFA, INFO)

line 27206: Dead code detected: switch (4UL) {
  case 1: ;
  switch (4UL) {
  case 1:
  __asm__ ("movb %%gs:%P1,%0": "=q" (pfo_ret_____3): "m" (cpu_number));
  goto ldv_38506;
  case 2:
  __asm__ ("movw %%gs:%P1,%0": "=r" (pfo_ret_____3): "m" (cpu_number));
  goto ldv_38506;
  case 4:
  __asm__ ("movl %%gs:%P1,%0": "=r" (pfo_ret_____3): "m" (cpu_number));
  goto ldv_38506;
  case 8:
  __asm__ ("movq %%gs:%P1,%0": "=r" (pfo_ret_____3): "m" (cpu_number));
  goto ldv_38506;
  default:
  __bad_percpu_size();
  }
  ldv_38506:
  pscr_ret_____0 = pfo_ret_____3;
  goto ldv_38512;
  case 2: ;
  switch (4UL) {
  case 1:
  __asm__ ("movb %%gs:%P1,%0": "=q" (pfo_ret_____4): "m" (cpu_number));
  goto ldv_38516;
  case 2:
  __asm__ ("movw %%gs:%P1,%0": "=r" (pfo_ret_____4): "m" (cpu_number));
  goto ldv_38516;
  case 4:
  __asm__ ("movl %%gs:%P1,%0": "=r" (pfo_ret_____4): "m" (cpu_number));
  goto ldv_38516;
  case 8:
  __asm__ ("movq %%gs:%P1,%0": "=r" (pfo_ret_____4): "m" (cpu_number));
  goto ldv_38516;
  default:
  __bad_percpu_size();
  }
  ldv_38516:
  pscr_ret_____0 = pfo_ret_____4;
  goto ldv_38512;
  case 4: ;
  switch (4UL) {
  case 1:
  __asm__ ("movb %%gs:%P1,%0": "=q" (pfo_ret_____5): "m" (cpu_number));
  goto ldv_38525;
  case 2:
  __asm__ ("movw %%gs:%P1,%0": "=r" (pfo_ret_____5): "m" (cpu_number));
  goto ldv_38525;
  case 4:
  __asm__ ("movl %%gs:%P1,%0": "=r" (pfo_ret_____5): "m" (cpu_number));
  goto ldv_38525;
  case 8:
  __asm__ ("movq %%gs:%P1,%0": "=r" (pfo_ret_____5): "m" (cpu_number));
  goto ldv_38525;
  default:
  __bad_percpu_size();
  }
  ldv_38525:
  pscr_ret_____0 = pfo_ret_____5;
  goto ldv_38512;
  case 8: ;
  switch (4UL) {
  case 1:
  __asm__ ("movb %%gs:%P1,%0": "=q" (pfo_ret_____6): "m" (cpu_number));
  goto ldv_38534;
  case 2:
  __asm__ ("movw %%gs:%P1,%0": "=r" (pfo_ret_____6): "m" (cpu_number));
  goto ldv_38534;
  case 4:
  __asm__ ("movl %%gs:%P1,%0": "=r" (pfo_ret_____6): "m" (cpu_number));
  goto ldv_38534;
  case 8:
  __asm__ ("movq %%gs:%P1,%0": "=r" (pfo_ret_____6): "m" (cpu_number));
  goto ldv_38534;
  default:
  __bad_percpu_size();
  }
  ldv_38534:
  pscr_ret_____0 = pfo_ret_____6;
  goto ldv_38512;
  default:
  __bad_size_call_parameter();
  goto ldv_38512;
  } (CFACreationUtils.addEdgeToCFA, INFO)

line 29171: Dead code detected: return (ldv_func_res); (CFACreationUtils.addEdgeToCFA, INFO)

line 29835: Dead code detected: return (ldv_func_res); (CFACreationUtils.addEdgeToCFA, INFO)

line 30798: Dead code detected: return (ldv_func_res); (CFACreationUtils.addEdgeToCFA, INFO)

line 31032: Dead code detected: switch (4UL) (CFACreationUtils.addEdgeToCFA, INFO)

line 31034: Dead code detected: __asm__ ("movb %%gs:%P1,%0": "=q" (pfo_ret__): "m" (cpu_number)); (CFACreationUtils.addEdgeToCFA, INFO)

line 31037: Dead code detected: __asm__ ("movw %%gs:%P1,%0": "=r" (pfo_ret__): "m" (cpu_number)); (CFACreationUtils.addEdgeToCFA, INFO)

line 31039: Dead code detected:  (CFACreationUtils.addEdgeToCFA, INFO)

line 31043: Dead code detected: __asm__ ("movq %%gs:%P1,%0": "=r" (pfo_ret__): "m" (cpu_number)); (CFACreationUtils.addEdgeToCFA, INFO)

line 31045: Dead code detected: switch (4UL) {
  case 1:
  __asm__ ("movb %%gs:%P1,%0": "=q" (pfo_ret__): "m" (cpu_number));
  goto ldv_38098;
  case 2:
  __asm__ ("movw %%gs:%P1,%0": "=r" (pfo_ret__): "m" (cpu_number));
  goto ldv_38098;
  case 4:
  __asm__ ("movl %%gs:%P1,%0": "=r" (pfo_ret__): "m" (cpu_number));
  goto ldv_38098;
  case 8:
  __asm__ ("movq %%gs:%P1,%0": "=r" (pfo_ret__): "m" (cpu_number));
  goto ldv_38098;
  default:
  __bad_percpu_size();
  } (CFACreationUtils.addEdgeToCFA, INFO)

line 31052: Dead code detected: switch (4UL) (CFACreationUtils.addEdgeToCFA, INFO)

line 31054: Dead code detected: __asm__ ("movb %%gs:%P1,%0": "=q" (pfo_ret_____0): "m" (cpu_number)); (CFACreationUtils.addEdgeToCFA, INFO)

line 31057: Dead code detected: __asm__ ("movw %%gs:%P1,%0": "=r" (pfo_ret_____0): "m" (cpu_number)); (CFACreationUtils.addEdgeToCFA, INFO)

line 31059: Dead code detected:  (CFACreationUtils.addEdgeToCFA, INFO)

line 31063: Dead code detected: __asm__ ("movq %%gs:%P1,%0": "=r" (pfo_ret_____0): "m" (cpu_number)); (CFACreationUtils.addEdgeToCFA, INFO)

line 31065: Dead code detected: switch (4UL) {
  case 1:
  __asm__ ("movb %%gs:%P1,%0": "=q" (pfo_ret_____0): "m" (cpu_number));
  goto ldv_38108;
  case 2:
  __asm__ ("movw %%gs:%P1,%0": "=r" (pfo_ret_____0): "m" (cpu_number));
  goto ldv_38108;
  case 4:
  __asm__ ("movl %%gs:%P1,%0": "=r" (pfo_ret_____0): "m" (cpu_number));
  goto ldv_38108;
  case 8:
  __asm__ ("movq %%gs:%P1,%0": "=r" (pfo_ret_____0): "m" (cpu_number));
  goto ldv_38108;
  default:
  __bad_percpu_size();
  } (CFACreationUtils.addEdgeToCFA, INFO)

line 31074: Dead code detected: __asm__ ("movb %%gs:%P1,%0": "=q" (pfo_ret_____1): "m" (cpu_number)); (CFACreationUtils.addEdgeToCFA, INFO)

line 31077: Dead code detected: __asm__ ("movw %%gs:%P1,%0": "=r" (pfo_ret_____1): "m" (cpu_number)); (CFACreationUtils.addEdgeToCFA, INFO)

line 31083: Dead code detected: __asm__ ("movq %%gs:%P1,%0": "=r" (pfo_ret_____1): "m" (cpu_number)); (CFACreationUtils.addEdgeToCFA, INFO)

line 31085: Dead code detected: switch (4UL) {
  case 1:
  __asm__ ("movb %%gs:%P1,%0": "=q" (pfo_ret_____1): "m" (cpu_number));
  goto ldv_38117;
  case 2:
  __asm__ ("movw %%gs:%P1,%0": "=r" (pfo_ret_____1): "m" (cpu_number));
  goto ldv_38117;
  case 4:
  __asm__ ("movl %%gs:%P1,%0": "=r" (pfo_ret_____1): "m" (cpu_number));
  goto ldv_38117;
  case 8:
  __asm__ ("movq %%gs:%P1,%0": "=r" (pfo_ret_____1): "m" (cpu_number));
  goto ldv_38117;
  default:
  __bad_percpu_size();
  } (CFACreationUtils.addEdgeToCFA, INFO)

line 31092: Dead code detected: switch (4UL) (CFACreationUtils.addEdgeToCFA, INFO)

line 31094: Dead code detected: __asm__ ("movb %%gs:%P1,%0": "=q" (pfo_ret_____2): "m" (cpu_number)); (CFACreationUtils.addEdgeToCFA, INFO)

line 31097: Dead code detected: __asm__ ("movw %%gs:%P1,%0": "=r" (pfo_ret_____2): "m" (cpu_number)); (CFACreationUtils.addEdgeToCFA, INFO)

line 31099: Dead code detected:  (CFACreationUtils.addEdgeToCFA, INFO)

line 31103: Dead code detected: __asm__ ("movq %%gs:%P1,%0": "=r" (pfo_ret_____2): "m" (cpu_number)); (CFACreationUtils.addEdgeToCFA, INFO)

line 31105: Dead code detected: switch (4UL) {
  case 1:
  __asm__ ("movb %%gs:%P1,%0": "=q" (pfo_ret_____2): "m" (cpu_number));
  goto ldv_38126;
  case 2:
  __asm__ ("movw %%gs:%P1,%0": "=r" (pfo_ret_____2): "m" (cpu_number));
  goto ldv_38126;
  case 4:
  __asm__ ("movl %%gs:%P1,%0": "=r" (pfo_ret_____2): "m" (cpu_number));
  goto ldv_38126;
  case 8:
  __asm__ ("movq %%gs:%P1,%0": "=r" (pfo_ret_____2): "m" (cpu_number));
  goto ldv_38126;
  default:
  __bad_percpu_size();
  } (CFACreationUtils.addEdgeToCFA, INFO)

line 31111: Dead code detected: switch (4UL) {
  case 1: ;
  switch (4UL) {
  case 1:
  __asm__ ("movb %%gs:%P1,%0": "=q" (pfo_ret__): "m" (cpu_number));
  goto ldv_38098;
  case 2:
  __asm__ ("movw %%gs:%P1,%0": "=r" (pfo_ret__): "m" (cpu_number));
  goto ldv_38098;
  case 4:
  __asm__ ("movl %%gs:%P1,%0": "=r" (pfo_ret__): "m" (cpu_number));
  goto ldv_38098;
  case 8:
  __asm__ ("movq %%gs:%P1,%0": "=r" (pfo_ret__): "m" (cpu_number));
  goto ldv_38098;
  default:
  __bad_percpu_size();
  }
  ldv_38098:
  pscr_ret__ = pfo_ret__;
  goto ldv_38104;
  case 2: ;
  switch (4UL) {
  case 1:
  __asm__ ("movb %%gs:%P1,%0": "=q" (pfo_ret_____0): "m" (cpu_number));
  goto ldv_38108;
  case 2:
  __asm__ ("movw %%gs:%P1,%0": "=r" (pfo_ret_____0): "m" (cpu_number));
  goto ldv_38108;
  case 4:
  __asm__ ("movl %%gs:%P1,%0": "=r" (pfo_ret_____0): "m" (cpu_number));
  goto ldv_38108;
  case 8:
  __asm__ ("movq %%gs:%P1,%0": "=r" (pfo_ret_____0): "m" (cpu_number));
  goto ldv_38108;
  default:
  __bad_percpu_size();
  }
  ldv_38108:
  pscr_ret__ = pfo_ret_____0;
  goto ldv_38104;
  case 4: ;
  switch (4UL) {
  case 1:
  __asm__ ("movb %%gs:%P1,%0": "=q" (pfo_ret_____1): "m" (cpu_number));
  goto ldv_38117;
  case 2:
  __asm__ ("movw %%gs:%P1,%0": "=r" (pfo_ret_____1): "m" (cpu_number));
  goto ldv_38117;
  case 4:
  __asm__ ("movl %%gs:%P1,%0": "=r" (pfo_ret_____1): "m" (cpu_number));
  goto ldv_38117;
  case 8:
  __asm__ ("movq %%gs:%P1,%0": "=r" (pfo_ret_____1): "m" (cpu_number));
  goto ldv_38117;
  default:
  __bad_percpu_size();
  }
  ldv_38117:
  pscr_ret__ = pfo_ret_____1;
  goto ldv_38104;
  case 8: ;
  switch (4UL) {
  case 1:
  __asm__ ("movb %%gs:%P1,%0": "=q" (pfo_ret_____2): "m" (cpu_number));
  goto ldv_38126;
  case 2:
  __asm__ ("movw %%gs:%P1,%0": "=r" (pfo_ret_____2): "m" (cpu_number));
  goto ldv_38126;
  case 4:
  __asm__ ("movl %%gs:%P1,%0": "=r" (pfo_ret_____2): "m" (cpu_number));
  goto ldv_38126;
  case 8:
  __asm__ ("movq %%gs:%P1,%0": "=r" (pfo_ret_____2): "m" (cpu_number));
  goto ldv_38126;
  default:
  __bad_percpu_size();
  }
  ldv_38126:
  pscr_ret__ = pfo_ret_____2;
  goto ldv_38104;
  default:
  __bad_size_call_parameter();
  goto ldv_38104;
  } (CFACreationUtils.addEdgeToCFA, INFO)

line 31190: Dead code detected: switch (4UL) (CFACreationUtils.addEdgeToCFA, INFO)

line 31192: Dead code detected: __asm__ ("movb %%gs:%P1,%0": "=q" (pfo_ret__): "m" (cpu_number)); (CFACreationUtils.addEdgeToCFA, INFO)

line 31195: Dead code detected: __asm__ ("movw %%gs:%P1,%0": "=r" (pfo_ret__): "m" (cpu_number)); (CFACreationUtils.addEdgeToCFA, INFO)

line 31197: Dead code detected:  (CFACreationUtils.addEdgeToCFA, INFO)

line 31201: Dead code detected: __asm__ ("movq %%gs:%P1,%0": "=r" (pfo_ret__): "m" (cpu_number)); (CFACreationUtils.addEdgeToCFA, INFO)

line 31203: Dead code detected: switch (4UL) {
  case 1:
  __asm__ ("movb %%gs:%P1,%0": "=q" (pfo_ret__): "m" (cpu_number));
  goto ldv_38159;
  case 2:
  __asm__ ("movw %%gs:%P1,%0": "=r" (pfo_ret__): "m" (cpu_number));
  goto ldv_38159;
  case 4:
  __asm__ ("movl %%gs:%P1,%0": "=r" (pfo_ret__): "m" (cpu_number));
  goto ldv_38159;
  case 8:
  __asm__ ("movq %%gs:%P1,%0": "=r" (pfo_ret__): "m" (cpu_number));
  goto ldv_38159;
  default:
  __bad_percpu_size();
  } (CFACreationUtils.addEdgeToCFA, INFO)

line 31210: Dead code detected: switch (4UL) (CFACreationUtils.addEdgeToCFA, INFO)

line 31212: Dead code detected: __asm__ ("movb %%gs:%P1,%0": "=q" (pfo_ret_____0): "m" (cpu_number)); (CFACreationUtils.addEdgeToCFA, INFO)

line 31215: Dead code detected: __asm__ ("movw %%gs:%P1,%0": "=r" (pfo_ret_____0): "m" (cpu_number)); (CFACreationUtils.addEdgeToCFA, INFO)

line 31217: Dead code detected:  (CFACreationUtils.addEdgeToCFA, INFO)

line 31221: Dead code detected: __asm__ ("movq %%gs:%P1,%0": "=r" (pfo_ret_____0): "m" (cpu_number)); (CFACreationUtils.addEdgeToCFA, INFO)

line 31223: Dead code detected: switch (4UL) {
  case 1:
  __asm__ ("movb %%gs:%P1,%0": "=q" (pfo_ret_____0): "m" (cpu_number));
  goto ldv_38169;
  case 2:
  __asm__ ("movw %%gs:%P1,%0": "=r" (pfo_ret_____0): "m" (cpu_number));
  goto ldv_38169;
  case 4:
  __asm__ ("movl %%gs:%P1,%0": "=r" (pfo_ret_____0): "m" (cpu_number));
  goto ldv_38169;
  case 8:
  __asm__ ("movq %%gs:%P1,%0": "=r" (pfo_ret_____0): "m" (cpu_number));
  goto ldv_38169;
  default:
  __bad_percpu_size();
  } (CFACreationUtils.addEdgeToCFA, INFO)

line 31232: Dead code detected: __asm__ ("movb %%gs:%P1,%0": "=q" (pfo_ret_____1): "m" (cpu_number)); (CFACreationUtils.addEdgeToCFA, INFO)

line 31235: Dead code detected: __asm__ ("movw %%gs:%P1,%0": "=r" (pfo_ret_____1): "m" (cpu_number)); (CFACreationUtils.addEdgeToCFA, INFO)

line 31241: Dead code detected: __asm__ ("movq %%gs:%P1,%0": "=r" (pfo_ret_____1): "m" (cpu_number)); (CFACreationUtils.addEdgeToCFA, INFO)

line 31243: Dead code detected: switch (4UL) {
  case 1:
  __asm__ ("movb %%gs:%P1,%0": "=q" (pfo_ret_____1): "m" (cpu_number));
  goto ldv_38178;
  case 2:
  __asm__ ("movw %%gs:%P1,%0": "=r" (pfo_ret_____1): "m" (cpu_number));
  goto ldv_38178;
  case 4:
  __asm__ ("movl %%gs:%P1,%0": "=r" (pfo_ret_____1): "m" (cpu_number));
  goto ldv_38178;
  case 8:
  __asm__ ("movq %%gs:%P1,%0": "=r" (pfo_ret_____1): "m" (cpu_number));
  goto ldv_38178;
  default:
  __bad_percpu_size();
  } (CFACreationUtils.addEdgeToCFA, INFO)

line 31250: Dead code detected: switch (4UL) (CFACreationUtils.addEdgeToCFA, INFO)

line 31252: Dead code detected: __asm__ ("movb %%gs:%P1,%0": "=q" (pfo_ret_____2): "m" (cpu_number)); (CFACreationUtils.addEdgeToCFA, INFO)

line 31255: Dead code detected: __asm__ ("movw %%gs:%P1,%0": "=r" (pfo_ret_____2): "m" (cpu_number)); (CFACreationUtils.addEdgeToCFA, INFO)

line 31257: Dead code detected:  (CFACreationUtils.addEdgeToCFA, INFO)

line 31261: Dead code detected: __asm__ ("movq %%gs:%P1,%0": "=r" (pfo_ret_____2): "m" (cpu_number)); (CFACreationUtils.addEdgeToCFA, INFO)

line 31263: Dead code detected: switch (4UL) {
  case 1:
  __asm__ ("movb %%gs:%P1,%0": "=q" (pfo_ret_____2): "m" (cpu_number));
  goto ldv_38187;
  case 2:
  __asm__ ("movw %%gs:%P1,%0": "=r" (pfo_ret_____2): "m" (cpu_number));
  goto ldv_38187;
  case 4:
  __asm__ ("movl %%gs:%P1,%0": "=r" (pfo_ret_____2): "m" (cpu_number));
  goto ldv_38187;
  case 8:
  __asm__ ("movq %%gs:%P1,%0": "=r" (pfo_ret_____2): "m" (cpu_number));
  goto ldv_38187;
  default:
  __bad_percpu_size();
  } (CFACreationUtils.addEdgeToCFA, INFO)

line 31269: Dead code detected: switch (4UL) {
  case 1: ;
  switch (4UL) {
  case 1:
  __asm__ ("movb %%gs:%P1,%0": "=q" (pfo_ret__): "m" (cpu_number));
  goto ldv_38159;
  case 2:
  __asm__ ("movw %%gs:%P1,%0": "=r" (pfo_ret__): "m" (cpu_number));
  goto ldv_38159;
  case 4:
  __asm__ ("movl %%gs:%P1,%0": "=r" (pfo_ret__): "m" (cpu_number));
  goto ldv_38159;
  case 8:
  __asm__ ("movq %%gs:%P1,%0": "=r" (pfo_ret__): "m" (cpu_number));
  goto ldv_38159;
  default:
  __bad_percpu_size();
  }
  ldv_38159:
  pscr_ret__ = pfo_ret__;
  goto ldv_38165;
  case 2: ;
  switch (4UL) {
  case 1:
  __asm__ ("movb %%gs:%P1,%0": "=q" (pfo_ret_____0): "m" (cpu_number));
  goto ldv_38169;
  case 2:
  __asm__ ("movw %%gs:%P1,%0": "=r" (pfo_ret_____0): "m" (cpu_number));
  goto ldv_38169;
  case 4:
  __asm__ ("movl %%gs:%P1,%0": "=r" (pfo_ret_____0): "m" (cpu_number));
  goto ldv_38169;
  case 8:
  __asm__ ("movq %%gs:%P1,%0": "=r" (pfo_ret_____0): "m" (cpu_number));
  goto ldv_38169;
  default:
  __bad_percpu_size();
  }
  ldv_38169:
  pscr_ret__ = pfo_ret_____0;
  goto ldv_38165;
  case 4: ;
  switch (4UL) {
  case 1:
  __asm__ ("movb %%gs:%P1,%0": "=q" (pfo_ret_____1): "m" (cpu_number));
  goto ldv_38178;
  case 2:
  __asm__ ("movw %%gs:%P1,%0": "=r" (pfo_ret_____1): "m" (cpu_number));
  goto ldv_38178;
  case 4:
  __asm__ ("movl %%gs:%P1,%0": "=r" (pfo_ret_____1): "m" (cpu_number));
  goto ldv_38178;
  case 8:
  __asm__ ("movq %%gs:%P1,%0": "=r" (pfo_ret_____1): "m" (cpu_number));
  goto ldv_38178;
  default:
  __bad_percpu_size();
  }
  ldv_38178:
  pscr_ret__ = pfo_ret_____1;
  goto ldv_38165;
  case 8: ;
  switch (4UL) {
  case 1:
  __asm__ ("movb %%gs:%P1,%0": "=q" (pfo_ret_____2): "m" (cpu_number));
  goto ldv_38187;
  case 2:
  __asm__ ("movw %%gs:%P1,%0": "=r" (pfo_ret_____2): "m" (cpu_number));
  goto ldv_38187;
  case 4:
  __asm__ ("movl %%gs:%P1,%0": "=r" (pfo_ret_____2): "m" (cpu_number));
  goto ldv_38187;
  case 8:
  __asm__ ("movq %%gs:%P1,%0": "=r" (pfo_ret_____2): "m" (cpu_number));
  goto ldv_38187;
  default:
  __bad_percpu_size();
  }
  ldv_38187:
  pscr_ret__ = pfo_ret_____2;
  goto ldv_38165;
  default:
  __bad_size_call_parameter();
  goto ldv_38165;
  } (CFACreationUtils.addEdgeToCFA, INFO)

line 32468: Dead code detected: drm_ut_debug_printk(4U, "drm", "cdv_intel_dp_set_vswing_premph", "Test2\n"); (CFACreationUtils.addEdgeToCFA, INFO)

line 32473: Dead code detected: [!(premph == 1 && vswing == 1)] (CFACreationUtils.addEdgeToCFA, INFO)

line 32473: Dead code detected: [premph == 1 && vswing == 1] (CFACreationUtils.addEdgeToCFA, INFO)

line 32473: Dead code detected: [!(premph == 1 && vswing == 1)] (CFACreationUtils.addEdgeToCFA, INFO)

line 32474: Dead code detected: cdv_sb_write(dev, ddi_reg->VSwing2, 1433635156U); (CFACreationUtils.addEdgeToCFA, INFO)

line 32476: Dead code detected: cdv_sb_write(dev, ddi_reg->VSwing2, dp_vswing_premph_table[index]); (CFACreationUtils.addEdgeToCFA, INFO)

line 32478: Dead code detected: [vswing + premph == 3] (CFACreationUtils.addEdgeToCFA, INFO)

line 32478: Dead code detected: [!(vswing + premph == 3)] (CFACreationUtils.addEdgeToCFA, INFO)

line 32479: Dead code detected: cdv_sb_write(dev, ddi_reg->VSwing3, 1887445056U); (CFACreationUtils.addEdgeToCFA, INFO)

line 32481: Dead code detected: cdv_sb_write(dev, ddi_reg->VSwing3, 1082138688U); (CFACreationUtils.addEdgeToCFA, INFO)

line 32483: Dead code detected: cdv_sb_write(dev, ddi_reg->VSwing1, 3275776085U); (CFACreationUtils.addEdgeToCFA, INFO)

line 33436: Dead code detected: return (ldv_func_res); (CFACreationUtils.addEdgeToCFA, INFO)

line 33924: Dead code detected: return (ldv_func_res); (CFACreationUtils.addEdgeToCFA, INFO)

line 34713: Dead code detected: return (ldv_func_res); (CFACreationUtils.addEdgeToCFA, INFO)

line 35319: Dead code detected: return (ldv_func_res); (CFACreationUtils.addEdgeToCFA, INFO)

line 36449: Dead code detected: return (ldv_func_res); (CFACreationUtils.addEdgeToCFA, INFO)

line 37076: Dead code detected: return (ldv_func_res); (CFACreationUtils.addEdgeToCFA, INFO)

Inline assembler ignored, analysis is probably unsound! (CFABuilder.createCFA, WARNING)

line 7279: Function pointer *release with type void (*)(struct kref *) is called, but no possible target functions were found. (CFunctionPointerResolver.getTargets, WARNING)

Using unsound approximation of ints with unbounded integers and floats with unbounded integers for encoding program semantics. (PredicateCPA:FormulaManagerView.<init>, WARNING)

Using predicate analysis with Princess 2023-04-07. (PredicateCPA:PredicateCPA.<init>, INFO)

Using unsound approximation of ints with unbounded integers and floats with unbounded integers for encoding program semantics. (AssumptionStorageCPA:FormulaManagerView.<init>, WARNING)

Starting analysis ... (CPAchecker.runAlgorithm, INFO)

Recursion detected, aborting. To ignore recursion, add -skipRecursion to the command line. (TargetLocationProvider:CallstackCPA:CallstackTransferRelation.getAbstractSuccessorsForEdge, INFO)

Recursion detected. Defaulting to selecting all locations as potential target locations. (TargetLocationProvider:TargetLocationProviderImpl.tryGetAutomatonTargetLocations, INFO)

Creating formula for program (AbstractBMCAlgorithm.run, INFO)

Exception in thread "main" org.sosy_lab.java_smt.basicimpl.GeneratorException: Modular Congruence is not available in SMTLIB2. 
	at org.sosy_lab.java_smt.basicimpl.AbstractNumeralFormulaManager.modularCongruence(AbstractNumeralFormulaManager.java:361)
	at org.sosy_lab.java_smt.solvers.princess.PrincessIntegerFormulaManager.modularCongruence(PrincessIntegerFormulaManager.java:22)
	at org.sosy_lab.cpachecker.util.predicates.smt.IntegerFormulaManagerView.modularCongruence(IntegerFormulaManagerView.java:35)
	at org.sosy_lab.cpachecker.util.predicates.smt.FormulaManagerView.makeModularCongruence(FormulaManagerView.java:688)
	at org.sosy_lab.cpachecker.util.predicates.smt.FormulaManagerView.makeModularCongruence(FormulaManagerView.java:670)
	at org.sosy_lab.cpachecker.util.predicates.pathformula.pointeraliasing.PointerTargetSetManager.makeBaseAddressConstraints(PointerTargetSetManager.java:653)
	at org.sosy_lab.cpachecker.util.predicates.pathformula.pointeraliasing.PointerTargetSetBuilder$RealPointerTargetSetBuilder.addNextBaseAddressConstraints(PointerTargetSetBuilder.java:286)
	at org.sosy_lab.cpachecker.util.predicates.pathformula.pointeraliasing.CToFormulaConverterWithPointerAliasing.declareSharedBase(CToFormulaConverterWithPointerAliasing.java:437)
	at org.sosy_lab.cpachecker.util.predicates.pathformula.pointeraliasing.CToFormulaConverterWithPointerAliasing.makeDeclaration(CToFormulaConverterWithPointerAliasing.java:1001)
	at org.sosy_lab.cpachecker.util.predicates.pathformula.ctoformula.CtoFormulaConverter.createFormulaForEdge(CtoFormulaConverter.java:1231)
	at org.sosy_lab.cpachecker.util.predicates.pathformula.ctoformula.CtoFormulaConverter.makeAnd(CtoFormulaConverter.java:1049)
	at org.sosy_lab.cpachecker.util.predicates.pathformula.PathFormulaManagerImpl.makeAnd(PathFormulaManagerImpl.java:246)
	at org.sosy_lab.cpachecker.util.predicates.pathformula.PathFormulaManagerImpl.makeAnd(PathFormulaManagerImpl.java:300)
	at org.sosy_lab.cpachecker.cpa.predicate.PredicateTransferRelation.convertEdgeToPathFormula(PredicateTransferRelation.java:203)
	at org.sosy_lab.cpachecker.cpa.predicate.PredicateTransferRelation.getAbstractSuccessorsForEdge(PredicateTransferRelation.java:113)
	at org.sosy_lab.cpachecker.cpa.composite.CompositeTransferRelation.callTransferRelation(CompositeTransferRelation.java:297)
	at org.sosy_lab.cpachecker.cpa.composite.CompositeTransferRelation.getAbstractSuccessorForSimpleEdge(CompositeTransferRelation.java:264)
	at org.sosy_lab.cpachecker.cpa.composite.CompositeTransferRelation.getAbstractSuccessorForEdge(CompositeTransferRelation.java:196)
	at org.sosy_lab.cpachecker.cpa.composite.CompositeTransferRelation.getAbstractSuccessors(CompositeTransferRelation.java:88)
	at org.sosy_lab.cpachecker.cpa.arg.ARGTransferRelation.getAbstractSuccessors(ARGTransferRelation.java:45)
	at org.sosy_lab.cpachecker.core.algorithm.CPAAlgorithm.handleState(CPAAlgorithm.java:334)
	at org.sosy_lab.cpachecker.core.algorithm.CPAAlgorithm.run0(CPAAlgorithm.java:289)
	at org.sosy_lab.cpachecker.core.algorithm.CPAAlgorithm.run(CPAAlgorithm.java:260)
	at org.sosy_lab.cpachecker.core.algorithm.bmc.BMCHelper.unroll(BMCHelper.java:192)
	at org.sosy_lab.cpachecker.core.algorithm.bmc.AbstractBMCAlgorithm.run(AbstractBMCAlgorithm.java:427)
	at org.sosy_lab.cpachecker.core.algorithm.bmc.BMCAlgorithm.run(BMCAlgorithm.java:130)
	at org.sosy_lab.cpachecker.core.CPAchecker.runAlgorithm(CPAchecker.java:507)
	at org.sosy_lab.cpachecker.core.CPAchecker.run(CPAchecker.java:369)
	at org.sosy_lab.cpachecker.cmdline.CPAMain.main(CPAMain.java:170)
