scripts/cpa.sh -heap 13000M -stack 50M -noout -benchmark -bmc -setprop cpa.predicate.useArraysForHeap=false -setprop cpa.predicate.memoryAllocationsAlwaysSucceed=true -setprop cpa.loopbound.maxLoopIterations=10 -setprop cpa.predicate.encodeFloatAs=INTEGER -setprop cpa.predicate.encodeBitvectorAs=INTEGER -setprop solver.solver=princess -timelimit 900s -stats -spec test/programs/benchmarks/properties/unreach-call.prp -64 test/programs/benchmarks/ldv-linux-3.12-rc1/linux-3.12-rc1.tar.xz-144_2a-drivers--media--usb--tlg2300--poseidon.ko-entry_point.cil.out.i


--------------------------------------------------------------------------------


Running CPAchecker with Java heap of size 13000M.
Running CPAchecker with Java stack of size 50M.
Language C detected and set for analysis (CPAMain.detectFrontendLanguageIfNecessary, INFO)

Using the following resource limits: CPU-time limit of 900s (ResourceLimitChecker.fromConfiguration, INFO)

CPAchecker 2.3.1-svn-45350M / bmc (OpenJDK 64-Bit Server VM 17.0.8.1) started (CPAchecker.run, INFO)

Parsing CFA from file(s) "test/programs/benchmarks/ldv-linux-3.12-rc1/linux-3.12-rc1.tar.xz-144_2a-drivers--media--usb--tlg2300--poseidon.ko-entry_point.cil.out.i" (CPAchecker.parse, INFO)

line 6517: Dead code detected: __asm__ ("movb %%gs:%P1,%0": "=q" (pfo_ret__): "p" (& current_task)); (CFACreationUtils.addEdgeToCFA, INFO)

line 6520: Dead code detected: __asm__ ("movw %%gs:%P1,%0": "=r" (pfo_ret__): "p" (& current_task)); (CFACreationUtils.addEdgeToCFA, INFO)

line 6523: Dead code detected: __asm__ ("movl %%gs:%P1,%0": "=r" (pfo_ret__): "p" (& current_task)); (CFACreationUtils.addEdgeToCFA, INFO)

line 6528: Dead code detected: switch (8UL) {
  case 1UL:
  __asm__ ("movb %%gs:%P1,%0": "=q" (pfo_ret__): "p" (& current_task));
  goto ldv_3554;
  case 2UL:
  __asm__ ("movw %%gs:%P1,%0": "=r" (pfo_ret__): "p" (& current_task));
  goto ldv_3554;
  case 4UL:
  __asm__ ("movl %%gs:%P1,%0": "=r" (pfo_ret__): "p" (& current_task));
  goto ldv_3554;
  case 8UL:
  __asm__ ("movq %%gs:%P1,%0": "=r" (pfo_ret__): "p" (& current_task));
  goto ldv_3554;
  default:
  __bad_percpu_size();
  } (CFACreationUtils.addEdgeToCFA, INFO)

lines 6544-6545: Dead code detected: __asm__ volatile (".pushsection .smp_locks,\"a\"\n.balign 4\n.long 671f - .\n.popsection\n671:\n\tlock; xaddb %b0, %1\n": "+q" (__ret),
                       "+m" (v->counter): : "memory", "cc"); (CFACreationUtils.addEdgeToCFA, INFO)

lines 6548-6549: Dead code detected: __asm__ volatile (".pushsection .smp_locks,\"a\"\n.balign 4\n.long 671f - .\n.popsection\n671:\n\tlock; xaddw %w0, %1\n": "+r" (__ret),
                       "+m" (v->counter): : "memory", "cc"); (CFACreationUtils.addEdgeToCFA, INFO)

lines 6556-6557: Dead code detected: __asm__ volatile (".pushsection .smp_locks,\"a\"\n.balign 4\n.long 671f - .\n.popsection\n671:\n\tlock; xaddq %q0, %1\n": "+r" (__ret),
                       "+m" (v->counter): : "memory", "cc"); (CFACreationUtils.addEdgeToCFA, INFO)

line 6559: Dead code detected: switch (4UL) {
  case 1UL:
  __asm__ volatile (".pushsection .smp_locks,\"a\"\n.balign 4\n.long 671f - .\n.popsection\n671:\n\tlock; xaddb %b0, %1\n": "+q" (__ret),
                       "+m" (v->counter): : "memory", "cc");
  goto ldv_5884;
  case 2UL:
  __asm__ volatile (".pushsection .smp_locks,\"a\"\n.balign 4\n.long 671f - .\n.popsection\n671:\n\tlock; xaddw %w0, %1\n": "+r" (__ret),
                       "+m" (v->counter): : "memory", "cc");
  goto ldv_5884;
  case 4UL:
  __asm__ volatile (".pushsection .smp_locks,\"a\"\n.balign 4\n.long 671f - .\n.popsection\n671:\n\tlock; xaddl %0, %1\n": "+r" (__ret),
                       "+m" (v->counter): : "memory", "cc");
  goto ldv_5884;
  case 8UL:
  __asm__ volatile (".pushsection .smp_locks,\"a\"\n.balign 4\n.long 671f - .\n.popsection\n671:\n\tlock; xaddq %q0, %1\n": "+r" (__ret),
                       "+m" (v->counter): : "memory", "cc");
  goto ldv_5884;
  default:
  __xadd_wrong_size();
  } (CFACreationUtils.addEdgeToCFA, INFO)

line 8013: Dead code detected: tmp = get_current(); (CFACreationUtils.addEdgeToCFA, INFO)

line 8018: Dead code detected: tmp___0 = get_current(); (CFACreationUtils.addEdgeToCFA, INFO)

line 8023: Dead code detected: tmp___1 = get_current(); (CFACreationUtils.addEdgeToCFA, INFO)

line 8032: Dead code detected: switch (8UL) {
  case 1UL:
  tmp = get_current();
  __asm__ volatile ("xchgb %b0, %1\n": "+q" (__ret), "+m" (tmp->state): : "memory",
                       "cc");
  goto ldv_34702;
  case 2UL:
  tmp___0 = get_current();
  __asm__ volatile ("xchgw %w0, %1\n": "+r" (__ret), "+m" (tmp___0->state): : "memory",
                       "cc");
  goto ldv_34702;
  case 4UL:
  tmp___1 = get_current();
  __asm__ volatile ("xchgl %0, %1\n": "+r" (__ret), "+m" (tmp___1->state): : "memory",
                       "cc");
  goto ldv_34702;
  case 8UL:
  tmp___2 = get_current();
  __asm__ volatile ("xchgq %q0, %1\n": "+r" (__ret), "+m" (tmp___2->state): : "memory",
                       "cc");
  goto ldv_34702;
  default:
  __xchg_wrong_size();
  } (CFACreationUtils.addEdgeToCFA, INFO)

line 8099: Dead code detected: tmp = get_current(); (CFACreationUtils.addEdgeToCFA, INFO)

line 8104: Dead code detected: tmp___0 = get_current(); (CFACreationUtils.addEdgeToCFA, INFO)

line 8109: Dead code detected: tmp___1 = get_current(); (CFACreationUtils.addEdgeToCFA, INFO)

line 8118: Dead code detected: switch (8UL) {
  case 1UL:
  tmp = get_current();
  __asm__ volatile ("xchgb %b0, %1\n": "+q" (__ret), "+m" (tmp->state): : "memory",
                       "cc");
  goto ldv_34737;
  case 2UL:
  tmp___0 = get_current();
  __asm__ volatile ("xchgw %w0, %1\n": "+r" (__ret), "+m" (tmp___0->state): : "memory",
                       "cc");
  goto ldv_34737;
  case 4UL:
  tmp___1 = get_current();
  __asm__ volatile ("xchgl %0, %1\n": "+r" (__ret), "+m" (tmp___1->state): : "memory",
                       "cc");
  goto ldv_34737;
  case 8UL:
  tmp___2 = get_current();
  __asm__ volatile ("xchgq %q0, %1\n": "+r" (__ret), "+m" (tmp___2->state): : "memory",
                       "cc");
  goto ldv_34737;
  default:
  __xchg_wrong_size();
  } (CFACreationUtils.addEdgeToCFA, INFO)

line 8452: Dead code detected: tmp = get_current(); (CFACreationUtils.addEdgeToCFA, INFO)

line 8457: Dead code detected: tmp___0 = get_current(); (CFACreationUtils.addEdgeToCFA, INFO)

line 8462: Dead code detected: tmp___1 = get_current(); (CFACreationUtils.addEdgeToCFA, INFO)

line 8471: Dead code detected: switch (8UL) {
  case 1UL:
  tmp = get_current();
  __asm__ volatile ("xchgb %b0, %1\n": "+q" (__ret), "+m" (tmp->state): : "memory",
                       "cc");
  goto ldv_34860;
  case 2UL:
  tmp___0 = get_current();
  __asm__ volatile ("xchgw %w0, %1\n": "+r" (__ret), "+m" (tmp___0->state): : "memory",
                       "cc");
  goto ldv_34860;
  case 4UL:
  tmp___1 = get_current();
  __asm__ volatile ("xchgl %0, %1\n": "+r" (__ret), "+m" (tmp___1->state): : "memory",
                       "cc");
  goto ldv_34860;
  case 8UL:
  tmp___2 = get_current();
  __asm__ volatile ("xchgq %q0, %1\n": "+r" (__ret), "+m" (tmp___2->state): : "memory",
                       "cc");
  goto ldv_34860;
  default:
  __xchg_wrong_size();
  } (CFACreationUtils.addEdgeToCFA, INFO)

line 10228: Dead code detected: tmp = get_current(); (CFACreationUtils.addEdgeToCFA, INFO)

line 10233: Dead code detected: tmp___0 = get_current(); (CFACreationUtils.addEdgeToCFA, INFO)

line 10238: Dead code detected: tmp___1 = get_current(); (CFACreationUtils.addEdgeToCFA, INFO)

line 10247: Dead code detected: switch (8UL) {
  case 1UL:
  tmp = get_current();
  __asm__ volatile ("xchgb %b0, %1\n": "+q" (__ret), "+m" (tmp->state): : "memory",
                       "cc");
  goto ldv_31193;
  case 2UL:
  tmp___0 = get_current();
  __asm__ volatile ("xchgw %w0, %1\n": "+r" (__ret), "+m" (tmp___0->state): : "memory",
                       "cc");
  goto ldv_31193;
  case 4UL:
  tmp___1 = get_current();
  __asm__ volatile ("xchgl %0, %1\n": "+r" (__ret), "+m" (tmp___1->state): : "memory",
                       "cc");
  goto ldv_31193;
  case 8UL:
  tmp___2 = get_current();
  __asm__ volatile ("xchgq %q0, %1\n": "+r" (__ret), "+m" (tmp___2->state): : "memory",
                       "cc");
  goto ldv_31193;
  default:
  __xchg_wrong_size();
  } (CFACreationUtils.addEdgeToCFA, INFO)

line 10944: Dead code detected: tmp = get_current(); (CFACreationUtils.addEdgeToCFA, INFO)

line 10949: Dead code detected: tmp___0 = get_current(); (CFACreationUtils.addEdgeToCFA, INFO)

line 10954: Dead code detected: tmp___1 = get_current(); (CFACreationUtils.addEdgeToCFA, INFO)

line 10963: Dead code detected: switch (8UL) {
  case 1UL:
  tmp = get_current();
  __asm__ volatile ("xchgb %b0, %1\n": "+q" (__ret), "+m" (tmp->state): : "memory",
                       "cc");
  goto ldv_31403;
  case 2UL:
  tmp___0 = get_current();
  __asm__ volatile ("xchgw %w0, %1\n": "+r" (__ret), "+m" (tmp___0->state): : "memory",
                       "cc");
  goto ldv_31403;
  case 4UL:
  tmp___1 = get_current();
  __asm__ volatile ("xchgl %0, %1\n": "+r" (__ret), "+m" (tmp___1->state): : "memory",
                       "cc");
  goto ldv_31403;
  case 8UL:
  tmp___2 = get_current();
  __asm__ volatile ("xchgq %q0, %1\n": "+r" (__ret), "+m" (tmp___2->state): : "memory",
                       "cc");
  goto ldv_31403;
  default:
  __xchg_wrong_size();
  } (CFACreationUtils.addEdgeToCFA, INFO)

line 11355: Dead code detected: tmp = get_current(); (CFACreationUtils.addEdgeToCFA, INFO)

line 11360: Dead code detected: tmp___0 = get_current(); (CFACreationUtils.addEdgeToCFA, INFO)

line 11365: Dead code detected: tmp___1 = get_current(); (CFACreationUtils.addEdgeToCFA, INFO)

line 11374: Dead code detected: switch (8UL) {
  case 1UL:
  tmp = get_current();
  __asm__ volatile ("xchgb %b0, %1\n": "+q" (__ret), "+m" (tmp->state): : "memory",
                       "cc");
  goto ldv_34319;
  case 2UL:
  tmp___0 = get_current();
  __asm__ volatile ("xchgw %w0, %1\n": "+r" (__ret), "+m" (tmp___0->state): : "memory",
                       "cc");
  goto ldv_34319;
  case 4UL:
  tmp___1 = get_current();
  __asm__ volatile ("xchgl %0, %1\n": "+r" (__ret), "+m" (tmp___1->state): : "memory",
                       "cc");
  goto ldv_34319;
  case 8UL:
  tmp___2 = get_current();
  __asm__ volatile ("xchgq %q0, %1\n": "+r" (__ret), "+m" (tmp___2->state): : "memory",
                       "cc");
  goto ldv_34319;
  default:
  __xchg_wrong_size();
  } (CFACreationUtils.addEdgeToCFA, INFO)

line 11567: Dead code detected: tmp___0 = get_current(); (CFACreationUtils.addEdgeToCFA, INFO)

line 11572: Dead code detected: tmp___1 = get_current(); (CFACreationUtils.addEdgeToCFA, INFO)

line 11577: Dead code detected: tmp___2 = get_current(); (CFACreationUtils.addEdgeToCFA, INFO)

line 11586: Dead code detected: switch (8UL) {
  case 1UL:
  tmp___0 = get_current();
  __asm__ volatile ("xchgb %b0, %1\n": "+q" (__ret), "+m" (tmp___0->state): : "memory",
                       "cc");
  goto ldv_34366;
  case 2UL:
  tmp___1 = get_current();
  __asm__ volatile ("xchgw %w0, %1\n": "+r" (__ret), "+m" (tmp___1->state): : "memory",
                       "cc");
  goto ldv_34366;
  case 4UL:
  tmp___2 = get_current();
  __asm__ volatile ("xchgl %0, %1\n": "+r" (__ret), "+m" (tmp___2->state): : "memory",
                       "cc");
  goto ldv_34366;
  case 8UL:
  tmp___3 = get_current();
  __asm__ volatile ("xchgq %q0, %1\n": "+r" (__ret), "+m" (tmp___3->state): : "memory",
                       "cc");
  goto ldv_34366;
  default:
  __xchg_wrong_size();
  } (CFACreationUtils.addEdgeToCFA, INFO)

line 11666: Dead code detected: tmp = get_current(); (CFACreationUtils.addEdgeToCFA, INFO)

line 11671: Dead code detected: tmp___0 = get_current(); (CFACreationUtils.addEdgeToCFA, INFO)

line 11676: Dead code detected: tmp___1 = get_current(); (CFACreationUtils.addEdgeToCFA, INFO)

line 11685: Dead code detected: switch (8UL) {
  case 1UL:
  tmp = get_current();
  __asm__ volatile ("xchgb %b0, %1\n": "+q" (__ret), "+m" (tmp->state): : "memory",
                       "cc");
  goto ldv_34395;
  case 2UL:
  tmp___0 = get_current();
  __asm__ volatile ("xchgw %w0, %1\n": "+r" (__ret), "+m" (tmp___0->state): : "memory",
                       "cc");
  goto ldv_34395;
  case 4UL:
  tmp___1 = get_current();
  __asm__ volatile ("xchgl %0, %1\n": "+r" (__ret), "+m" (tmp___1->state): : "memory",
                       "cc");
  goto ldv_34395;
  case 8UL:
  tmp___2 = get_current();
  __asm__ volatile ("xchgq %q0, %1\n": "+r" (__ret), "+m" (tmp___2->state): : "memory",
                       "cc");
  goto ldv_34395;
  default:
  __xchg_wrong_size();
  } (CFACreationUtils.addEdgeToCFA, INFO)

Inline assembler ignored, analysis is probably unsound! (CFABuilder.createCFA, WARNING)

Using unsound approximation of ints with unbounded integers and floats with unbounded integers for encoding program semantics. (PredicateCPA:FormulaManagerView.<init>, WARNING)

Using predicate analysis with Princess 2023-04-07. (PredicateCPA:PredicateCPA.<init>, INFO)

Using unsound approximation of ints with unbounded integers and floats with unbounded integers for encoding program semantics. (AssumptionStorageCPA:FormulaManagerView.<init>, WARNING)

Starting analysis ... (CPAchecker.runAlgorithm, INFO)

line 13522: Ignoring call via function pointer completeFnBulk for which no suitable target was found in line: (*completeFnBulk)(usb_urb); (TargetLocationProvider:FunctionPointerCPA:FunctionPointerTransferRelation.getAbstractSuccessorsForEdge, WARNING)

Recursion detected, aborting. To ignore recursion, add -skipRecursion to the command line. (TargetLocationProvider:CallstackCPA:CallstackTransferRelation.getAbstractSuccessorsForEdge, INFO)

Recursion detected. Defaulting to selecting all locations as potential target locations. (TargetLocationProvider:TargetLocationProviderImpl.tryGetAutomatonTargetLocations, INFO)

Creating formula for program (AbstractBMCAlgorithm.run, INFO)

Exception in thread "main" org.sosy_lab.java_smt.basicimpl.GeneratorException: Modular Congruence is not available in SMTLIB2. 
	at org.sosy_lab.java_smt.basicimpl.AbstractNumeralFormulaManager.modularCongruence(AbstractNumeralFormulaManager.java:361)
	at org.sosy_lab.java_smt.solvers.princess.PrincessIntegerFormulaManager.modularCongruence(PrincessIntegerFormulaManager.java:22)
	at org.sosy_lab.cpachecker.util.predicates.smt.IntegerFormulaManagerView.modularCongruence(IntegerFormulaManagerView.java:35)
	at org.sosy_lab.cpachecker.util.predicates.smt.FormulaManagerView.makeModularCongruence(FormulaManagerView.java:688)
	at org.sosy_lab.cpachecker.util.predicates.smt.FormulaManagerView.makeModularCongruence(FormulaManagerView.java:670)
	at org.sosy_lab.cpachecker.util.predicates.pathformula.pointeraliasing.PointerTargetSetManager.makeBaseAddressConstraints(PointerTargetSetManager.java:653)
	at org.sosy_lab.cpachecker.util.predicates.pathformula.pointeraliasing.PointerTargetSetBuilder$RealPointerTargetSetBuilder.addNextBaseAddressConstraints(PointerTargetSetBuilder.java:286)
	at org.sosy_lab.cpachecker.util.predicates.pathformula.pointeraliasing.CToFormulaConverterWithPointerAliasing.declareSharedBase(CToFormulaConverterWithPointerAliasing.java:437)
	at org.sosy_lab.cpachecker.util.predicates.pathformula.pointeraliasing.CToFormulaConverterWithPointerAliasing.makeDeclaration(CToFormulaConverterWithPointerAliasing.java:1001)
	at org.sosy_lab.cpachecker.util.predicates.pathformula.ctoformula.CtoFormulaConverter.createFormulaForEdge(CtoFormulaConverter.java:1231)
	at org.sosy_lab.cpachecker.util.predicates.pathformula.ctoformula.CtoFormulaConverter.makeAnd(CtoFormulaConverter.java:1049)
	at org.sosy_lab.cpachecker.util.predicates.pathformula.PathFormulaManagerImpl.makeAnd(PathFormulaManagerImpl.java:246)
	at org.sosy_lab.cpachecker.util.predicates.pathformula.PathFormulaManagerImpl.makeAnd(PathFormulaManagerImpl.java:300)
	at org.sosy_lab.cpachecker.cpa.predicate.PredicateTransferRelation.convertEdgeToPathFormula(PredicateTransferRelation.java:203)
	at org.sosy_lab.cpachecker.cpa.predicate.PredicateTransferRelation.getAbstractSuccessorsForEdge(PredicateTransferRelation.java:113)
	at org.sosy_lab.cpachecker.cpa.composite.CompositeTransferRelation.callTransferRelation(CompositeTransferRelation.java:297)
	at org.sosy_lab.cpachecker.cpa.composite.CompositeTransferRelation.getAbstractSuccessorForSimpleEdge(CompositeTransferRelation.java:264)
	at org.sosy_lab.cpachecker.cpa.composite.CompositeTransferRelation.getAbstractSuccessorForEdge(CompositeTransferRelation.java:196)
	at org.sosy_lab.cpachecker.cpa.composite.CompositeTransferRelation.getAbstractSuccessors(CompositeTransferRelation.java:88)
	at org.sosy_lab.cpachecker.cpa.arg.ARGTransferRelation.getAbstractSuccessors(ARGTransferRelation.java:45)
	at org.sosy_lab.cpachecker.core.algorithm.CPAAlgorithm.handleState(CPAAlgorithm.java:334)
	at org.sosy_lab.cpachecker.core.algorithm.CPAAlgorithm.run0(CPAAlgorithm.java:289)
	at org.sosy_lab.cpachecker.core.algorithm.CPAAlgorithm.run(CPAAlgorithm.java:260)
	at org.sosy_lab.cpachecker.core.algorithm.bmc.BMCHelper.unroll(BMCHelper.java:192)
	at org.sosy_lab.cpachecker.core.algorithm.bmc.AbstractBMCAlgorithm.run(AbstractBMCAlgorithm.java:427)
	at org.sosy_lab.cpachecker.core.algorithm.bmc.BMCAlgorithm.run(BMCAlgorithm.java:130)
	at org.sosy_lab.cpachecker.core.CPAchecker.runAlgorithm(CPAchecker.java:507)
	at org.sosy_lab.cpachecker.core.CPAchecker.run(CPAchecker.java:369)
	at org.sosy_lab.cpachecker.cmdline.CPAMain.main(CPAMain.java:170)
