scripts/cpa.sh -heap 13000M -stack 50M -noout -benchmark -bmc -setprop cpa.predicate.useArraysForHeap=false -setprop cpa.predicate.memoryAllocationsAlwaysSucceed=true -setprop cpa.loopbound.maxLoopIterations=10 -setprop cpa.predicate.encodeFloatAs=INTEGER -setprop cpa.predicate.encodeBitvectorAs=INTEGER -setprop solver.solver=princess_binary -setprop proveroptions.option=use_binary -timelimit 900s -stats -spec test/programs/benchmarks/properties/unreach-call.prp -32 test/programs/benchmarks/nla-digbench-scaling/divbin2_unwindbound5.i


--------------------------------------------------------------------------------


Running CPAchecker with Java heap of size 13000M.
Running CPAchecker with Java stack of size 50M.
Language C detected and set for analysis (CPAMain.detectFrontendLanguageIfNecessary, INFO)

Using the following resource limits: CPU-time limit of 900s (ResourceLimitChecker.fromConfiguration, INFO)

CPAchecker 2.3.1-svn-45350M / bmc (OpenJDK 64-Bit Server VM 17.0.8.1) started (CPAchecker.run, INFO)

Parsing CFA from file(s) "test/programs/benchmarks/nla-digbench-scaling/divbin2_unwindbound5.i" (CPAchecker.parse, INFO)

Using unsound approximation of ints with unbounded integers and floats with unbounded integers for encoding program semantics. (PredicateCPA:FormulaManagerView.<init>, WARNING)

Using predicate analysis with Princess 2023-04-07. (PredicateCPA:PredicateCPA.<init>, INFO)

Using unsound approximation of ints with unbounded integers and floats with unbounded integers for encoding program semantics. (AssumptionStorageCPA:FormulaManagerView.<init>, WARNING)

The following configuration options were specified but are not used:
 proveroptions.option 
 (CPAchecker.printConfigurationWarnings, WARNING)

Starting analysis ... (CPAchecker.runAlgorithm, INFO)

Creating formula for program (AbstractBMCAlgorithm.run, INFO)

Starting satisfiability check... (AbstractBMCAlgorithm.boundedModelCheck, INFO)

Error found, creating error path (AbstractBMCAlgorithm.analyzeCounterexample0, INFO)

{main::__CPAchecker_TMP_0@4 -> 2, counter@6 -> 4, main::b@5 -> 4, counter@5 -> 3, main::__CPAchecker_TMP_0@3 -> 1, main::b@4 -> 2, __VERIFIER_assert::cond@2 -> 0, counter@4 -> 2, main::__CPAchecker_TMP_1@2 -> 3, counter@3 -> 1, main::__CPAchecker_TMP_0@2 -> 0, main::b@3 -> 1, main::r@3 -> 3, main::q@3 -> 0, main::B@3 -> 1, main::A@3 -> 3, __VERIFIER_nondet_uint!2@ -> 3, counter@2 -> 0, abbrev_18_def -> true, abbrev_18 -> true, Integer_*_(0, 4) -> 5, abbrev_22_def -> false, abbrev_22 -> false, abbrev_20_def -> false, abbrev_20 -> false, abbrev_16_def -> false, abbrev_16 -> false, abbrev_14_def -> false, abbrev_14 -> false}
{main::__CPAchecker_TMP_0@4 -> 2, main::__CPAchecker_TMP_0@3 -> 1, main::__CPAchecker_TMP_1@2 -> 3, main::A@3 -> 3, main::__CPAchecker_TMP_0@2 -> 0, main::B@3 -> 1, counter@2 -> 0, counter@3 -> 1, main::q@3 -> 0, counter@6 -> 4, main::r@3 -> 3, counter@4 -> 2, counter@5 -> 3, main::b@5 -> 4, main::b@3 -> 1, main::b@4 -> 2, __VERIFIER_nondet_uint!2@ -> 3, __VERIFIER_assert::cond@2 -> 0, Integer_*_(0, 4) -> 5}
[main::__CPAchecker_TMP_0@4: 2, main::__CPAchecker_TMP_0@3: 1, main::__CPAchecker_TMP_1@2: 3, main::A@3: 3, main::__CPAchecker_TMP_0@2: 0, main::B@3: 1, counter@2: 0, counter@3: 1, main::q@3: 0, counter@6: 4, main::r@3: 3, counter@4: 2, counter@5: 3, main::b@5: 4, main::b@3: 1, main::b@4: 2, __VERIFIER_nondet_uint!2@: 3, __VERIFIER_assert::cond@2: 0, Integer_*_(0, 4): 5]
Stopping analysis ... (CPAchecker.runAlgorithm, INFO)


PredicateCPA statistics
-----------------------
Number of abstractions:            12 (4% of all post computations)
  Times abstraction was reused:    0
  Because of function entry/exit:  0 (0%)
  Because of loop head:            0 (0%)
  Because of join nodes:           0 (0%)
  Because of threshold:            0 (0%)
  Because of target state:         12 (100%)
  Times precision was empty:       12 (100%)
  Times precision was {false}:     0 (0%)
  Times result was cached:         0 (0%)
  Times cartesian abs was used:    0 (0%)
  Times boolean abs was used:      0 (0%)
  Times result was 'false':        0 (0%)
Number of strengthen sat checks:   0
Number of coverage checks:         8
  BDD entailment checks:           0
Number of SMT sat checks:          0
  trivial:                         0
  cached:                          0

Max ABE block size:                       52
Avg ABE block size:                                35.92 (sum: 431, count: 12, min: 20, max: 52)
Number of predicates discovered:          0

Time for post operator:                                0.115s
  Time for path formula creation:                      0.111s
Time for strengthen operator:                          0.005s
Time for prec operator:                                0.004s
  Time for abstraction:                  0.002s (Max:     0.001s, Count: 12)
    Solving time:                        0.000s (Max:     0.000s)
    Model enumeration time:              0.000s
    Time for BDD construction:           0.000s (Max:     0.000s)
Time for merge operator:                               0.003s
Time for coverage checks:                              0.001s
Total time for SMT solver (w/o itp):     0.000s

Total number of created targets for pointer analysis: 0



KeyValue statistics
-------------------
Init. function predicates:                         0
Init. global predicates:                           0
Init. location predicates:                         0

Invariant Generation statistics
-------------------------------

Bounds CPA statistics
---------------------
Bound k:                                           10
Maximum loop iteration reached:                    6


ValueAnalysisCPA statistics
---------------------------
Number of variables per state:                     5.07 (sum: 1222, count: 241, min: 0, max: 7)
Number of global variables per state:              0.96 (sum: 231, count: 241, min: 0, max: 1)
Number of assumptions:                                  130
Number of deterministic assumptions:                      0
Level of Determinism:                              0%

ValueAnalysisPrecisionAdjustment statistics
-------------------------------------------
Number of abstraction computations:                     244
Total time for liveness abstraction:                   0.000s
Total time for abstraction computation:                0.006s
Total time for path thresholds:                        0.000s

ConstraintsStrengthenOperator statistics
----------------------------------------
Total time for strengthening by ConstraintsCPA:     0.000s
Replaced symbolic expressions: 0

AutomatonAnalysis (SVCOMP) statistics
-------------------------------------
Number of states:                                  1
Total time for successor computation:                  0.009s
Automaton transfers with branching:                0
Automaton transfer successors:                     0.95 (sum: 244, count: 256, min: 0, max: 1) [0 x 12, 1 x 244]
Number of states with assumption transitions:      0

CPA algorithm statistics
------------------------
Number of iterations:            241
Max size of waitlist:            3
Average size of waitlist:        1
LoopstackSortedWaitlist:                           0.96 (sum: 118, count: 123, min: 0, max: 32)
ReversePostorderSortedWaitlist:                    0.00 (sum: 0, count: 123, min: 0, max: 0)
LoopIterationSortedWaitlist:                       0.96 (sum: 118, count: 123, min: 0, max: 32)
CallstackSortedWaitlist:                           118.00 (sum: 118, count: 1, min: 118, max: 118)
Number of computed successors:   244
Max successors for one state:    2
Number of times merged:          4
Number of times stopped:         4
Number of times breaked:         0

Total time for CPA algorithm:         0.254s (Max:     0.254s)
  Time for choose from waitlist:      0.004s
  Time for precision adjustment:      0.025s
  Time for transfer relation:         0.199s
  Time for merge operator:            0.004s
  Time for stop operator:             0.006s
  Time for adding to reached set:     0.008s

BMC algorithm statistics
------------------------
Time for BMC formula creation:                       0.256s
Time for final sat check:                            1.017s
Time for error-path creation:                        0.116s
Time for error-path post-processing:                 0.193s

CPAchecker general statistics
-----------------------------
Number of program locations:                       69
Number of CFA edges (per node):                          68 (count: 69, min: 0, max: 2, avg: 0.99)
Number of relevant variables:                      10
Number of functions:                               4
Number of loops (and loop nodes):                         2 (sum: 18, min: 6, max: 12, avg: 9.00)
Size of reached set:             241
  Number of reached locations:   54 (78%)
    Avg states per location:     4
    Max states per location:     12 (at node N1)
  Number of reached functions:   3 (75%)
  Number of partitions:          241
    Avg size of partitions:      1
    Max size of partitions:      1
  Number of target states:       12

Time for analysis setup:          2.079s
  Time for loading CPAs:          1.156s
  Time for loading parser:        0.213s
  Time for CFA construction:      0.647s
    Time for parsing file(s):     0.366s
    Time for AST to CFA:          0.112s
    Time for CFA sanity check:    0.000s
    Time for post-processing:     0.118s
    Time for loop structure:      0.009s
    Time for AST structure:       0.000s
      Time for function pointers resolving:            0.005s
        Function calls via function pointers:             0 (count: 1, min: 0, max: 0, avg: 0.00)
        Instrumented function pointer calls:              0 (count: 1, min: 0, max: 0, avg: 0.00)
        Function calls with function pointer arguments:        0 (count: 1, min: 0, max: 0, avg: 0.00)
        Instrumented function pointer arguments:          0 (count: 1, min: 0, max: 0, avg: 0.00)
      Time for classifying variables:                  0.061s
        Time for collecting variables:                 0.043s
        Time for solving dependencies:                 0.001s
        Time for building hierarchy:                   0.000s
        Time for building classification:              0.017s
        Time for exporting data:                       0.000s
Time for Analysis:                1.661s
CPU time for analysis:            3.220s
Time for analyzing result:        0.000s
Total time for CPAchecker:        3.741s
Total CPU time for CPAchecker:    7.190s
Time for statistics:              0.064s

Time for Garbage Collector:       0.082s (in 8 runs)
Garbage Collector(s) used:    G1 Old Generation, G1 Young Generation

Verification result: FALSE. Property violation (unreach-call: reach_error(); called in line 21) found by chosen configuration.
More details about the verification run can be found in the directory "./output".
