scripts/cpa.sh -heap 13000M -stack 50M -noout -benchmark -bmc -setprop cpa.predicate.useArraysForHeap=false -setprop cpa.predicate.memoryAllocationsAlwaysSucceed=true -setprop cpa.loopbound.maxLoopIterations=10 -setprop cpa.predicate.encodeFloatAs=INTEGER -setprop cpa.predicate.encodeBitvectorAs=INTEGER -setprop solver.solver=princess_binary -setprop proveroptions.option=use_binary -timelimit 900s -stats -spec test/programs/benchmarks/properties/unreach-call.prp -64 test/programs/benchmarks/ldv-linux-3.14/linux-3.14_complex_emg_linux-kernel-locking-spinlock_drivers-net-ethernet-cisco-enic-enic.cil.i


--------------------------------------------------------------------------------


Running CPAchecker with Java heap of size 13000M.
Running CPAchecker with Java stack of size 50M.
Language C detected and set for analysis (CPAMain.detectFrontendLanguageIfNecessary, INFO)

Using the following resource limits: CPU-time limit of 900s (ResourceLimitChecker.fromConfiguration, INFO)

CPAchecker 2.3.1-svn-45350M / bmc (OpenJDK 64-Bit Server VM 17.0.8.1) started (CPAchecker.run, INFO)

Parsing CFA from file(s) "test/programs/benchmarks/ldv-linux-3.14/linux-3.14_complex_emg_linux-kernel-locking-spinlock_drivers-net-ethernet-cisco-enic-enic.cil.i" (CPAchecker.parse, INFO)

line 6500: Dead code detected: return (1); (CFACreationUtils.addEdgeToCFA, INFO)

line 6596: Dead code detected: goto case_1; (CFACreationUtils.addEdgeToCFA, INFO)

line 6600: Dead code detected: goto case_2; (CFACreationUtils.addEdgeToCFA, INFO)

line 6608: Dead code detected: goto case_8; (CFACreationUtils.addEdgeToCFA, INFO)

line 6611: Dead code detected: goto switch_default; (CFACreationUtils.addEdgeToCFA, INFO)

Dead code detected: Label case_8 is not reachable. (CFAFunctionBuilder.leave, INFO)

Dead code detected: Label switch_break is not reachable. (CFAFunctionBuilder.leave, INFO)

Dead code detected: Label switch_default is not reachable. (CFAFunctionBuilder.leave, INFO)

Dead code detected: Label case_1 is not reachable. (CFAFunctionBuilder.leave, INFO)

Dead code detected: Label case_2 is not reachable. (CFAFunctionBuilder.leave, INFO)

line 7640: Dead code detected: goto case_1; (CFACreationUtils.addEdgeToCFA, INFO)

line 7659: Dead code detected: goto case_1___0; (CFACreationUtils.addEdgeToCFA, INFO)

line 7663: Dead code detected: goto case_2; (CFACreationUtils.addEdgeToCFA, INFO)

line 7671: Dead code detected: goto case_8; (CFACreationUtils.addEdgeToCFA, INFO)

line 7674: Dead code detected: goto switch_default; (CFACreationUtils.addEdgeToCFA, INFO)

line 7644: Dead code detected: goto case_2___0; (CFACreationUtils.addEdgeToCFA, INFO)

line 7699: Dead code detected: goto case_1___1; (CFACreationUtils.addEdgeToCFA, INFO)

line 7703: Dead code detected: goto case_2___1; (CFACreationUtils.addEdgeToCFA, INFO)

line 7711: Dead code detected: goto case_8___0; (CFACreationUtils.addEdgeToCFA, INFO)

line 7714: Dead code detected: goto switch_default___0; (CFACreationUtils.addEdgeToCFA, INFO)

line 7739: Dead code detected: goto case_1___2; (CFACreationUtils.addEdgeToCFA, INFO)

line 7743: Dead code detected: goto case_2___2; (CFACreationUtils.addEdgeToCFA, INFO)

line 7751: Dead code detected: goto case_8___1; (CFACreationUtils.addEdgeToCFA, INFO)

line 7754: Dead code detected: goto switch_default___1; (CFACreationUtils.addEdgeToCFA, INFO)

line 7652: Dead code detected: goto case_8___2; (CFACreationUtils.addEdgeToCFA, INFO)

line 7779: Dead code detected: goto case_1___3; (CFACreationUtils.addEdgeToCFA, INFO)

line 7783: Dead code detected: goto case_2___3; (CFACreationUtils.addEdgeToCFA, INFO)

line 7791: Dead code detected: goto case_8___3; (CFACreationUtils.addEdgeToCFA, INFO)

line 7794: Dead code detected: goto switch_default___2; (CFACreationUtils.addEdgeToCFA, INFO)

line 7655: Dead code detected: goto switch_default___3; (CFACreationUtils.addEdgeToCFA, INFO)

Dead code detected: Label case_4___0 is not reachable. (CFAFunctionBuilder.leave, INFO)

Dead code detected: Label case_4___3 is not reachable. (CFAFunctionBuilder.leave, INFO)

Dead code detected: Label case_8___3 is not reachable. (CFAFunctionBuilder.leave, INFO)

Dead code detected: Label case_8___2 is not reachable. (CFAFunctionBuilder.leave, INFO)

Dead code detected: Label case_8___1 is not reachable. (CFAFunctionBuilder.leave, INFO)

Dead code detected: Label case_8 is not reachable. (CFAFunctionBuilder.leave, INFO)

Dead code detected: Label case_8___0 is not reachable. (CFAFunctionBuilder.leave, INFO)

Dead code detected: Label case_4 is not reachable. (CFAFunctionBuilder.leave, INFO)

Dead code detected: Label case_1 is not reachable. (CFAFunctionBuilder.leave, INFO)

Dead code detected: Label case_2 is not reachable. (CFAFunctionBuilder.leave, INFO)

Dead code detected: Label switch_break is not reachable. (CFAFunctionBuilder.leave, INFO)

Dead code detected: Label switch_default is not reachable. (CFAFunctionBuilder.leave, INFO)

Dead code detected: Label case_2___2 is not reachable. (CFAFunctionBuilder.leave, INFO)

Dead code detected: Label case_2___3 is not reachable. (CFAFunctionBuilder.leave, INFO)

Dead code detected: Label case_2___0 is not reachable. (CFAFunctionBuilder.leave, INFO)

Dead code detected: Label case_2___1 is not reachable. (CFAFunctionBuilder.leave, INFO)

Dead code detected: Label case_1___1 is not reachable. (CFAFunctionBuilder.leave, INFO)

Dead code detected: Label case_1___2 is not reachable. (CFAFunctionBuilder.leave, INFO)

Dead code detected: Label case_1___3 is not reachable. (CFAFunctionBuilder.leave, INFO)

Dead code detected: Label case_1___0 is not reachable. (CFAFunctionBuilder.leave, INFO)

Dead code detected: Label switch_break is not reachable. (CFAFunctionBuilder.leave, INFO)

Dead code detected: Label switch_break is not reachable. (CFAFunctionBuilder.leave, INFO)

Dead code detected: Label switch_break is not reachable. (CFAFunctionBuilder.leave, INFO)

Dead code detected: Label switch_break is not reachable. (CFAFunctionBuilder.leave, INFO)

Dead code detected: Label switch_break is not reachable. (CFAFunctionBuilder.leave, INFO)

Dead code detected: Label switch_break is not reachable. (CFAFunctionBuilder.leave, INFO)

Dead code detected: Label switch_break is not reachable. (CFAFunctionBuilder.leave, INFO)

Dead code detected: Label switch_break is not reachable. (CFAFunctionBuilder.leave, INFO)

line 12854: Dead code detected: return (arg0); (CFACreationUtils.addEdgeToCFA, INFO)

line 12873: Dead code detected: return (arg0); (CFACreationUtils.addEdgeToCFA, INFO)

line 12876: Dead code detected: return (arg0); (CFACreationUtils.addEdgeToCFA, INFO)

line 12878: Dead code detected: return (arg0); (CFACreationUtils.addEdgeToCFA, INFO)

line 12917: Dead code detected: return (arg0); (CFACreationUtils.addEdgeToCFA, INFO)

line 13352: Dead code detected: return; (CFACreationUtils.addEdgeToCFA, INFO)

line 13364: Dead code detected: return; (CFACreationUtils.addEdgeToCFA, INFO)

line 13568: Dead code detected: return (arg0); (CFACreationUtils.addEdgeToCFA, INFO)

line 14180: Dead code detected: return; (CFACreationUtils.addEdgeToCFA, INFO)

line 14221: Dead code detected: return (arg0); (CFACreationUtils.addEdgeToCFA, INFO)

line 14222: Dead code detected: return (arg0); (CFACreationUtils.addEdgeToCFA, INFO)

line 14265: Dead code detected: return (arg0); (CFACreationUtils.addEdgeToCFA, INFO)

line 14596: Dead code detected: return; (CFACreationUtils.addEdgeToCFA, INFO)

line 14720: Dead code detected: return (ldv_func_res); (CFACreationUtils.addEdgeToCFA, INFO)

line 14768: Dead code detected: return (ldv_func_res); (CFACreationUtils.addEdgeToCFA, INFO)

line 14786: Dead code detected: return (ldv_func_res); (CFACreationUtils.addEdgeToCFA, INFO)

line 14804: Dead code detected: return (ldv_func_res); (CFACreationUtils.addEdgeToCFA, INFO)

line 14819: Dead code detected: return (ldv_func_res); (CFACreationUtils.addEdgeToCFA, INFO)

line 14834: Dead code detected: return (ldv_func_res); (CFACreationUtils.addEdgeToCFA, INFO)

line 14849: Dead code detected: return (ldv_func_res); (CFACreationUtils.addEdgeToCFA, INFO)

line 14885: Dead code detected: return (ldv_func_res); (CFACreationUtils.addEdgeToCFA, INFO)

line 14900: Dead code detected: return (ldv_func_res); (CFACreationUtils.addEdgeToCFA, INFO)

line 14947: Dead code detected: return (ldv_func_res); (CFACreationUtils.addEdgeToCFA, INFO)

Dead code detected: Label switch_break is not reachable. (CFAFunctionBuilder.leave, INFO)

Dead code detected: Label switch_break is not reachable. (CFAFunctionBuilder.leave, INFO)

Dead code detected: Label switch_break is not reachable. (CFAFunctionBuilder.leave, INFO)

Dead code detected: Label switch_break is not reachable. (CFAFunctionBuilder.leave, INFO)

Dead code detected: Label switch_break is not reachable. (CFAFunctionBuilder.leave, INFO)

Dead code detected: Label switch_break is not reachable. (CFAFunctionBuilder.leave, INFO)

Dead code detected: Label switch_break is not reachable. (CFAFunctionBuilder.leave, INFO)

Dead code detected: Label switch_break is not reachable. (CFAFunctionBuilder.leave, INFO)

Inline assembler ignored, analysis is probably unsound! (CFABuilder.createCFA, WARNING)

line 7081: Function pointer *(ops->alloc) with type void *(*)(struct device *, size_t , dma_addr_t *, gfp_t , struct dma_attrs *) is called, but no possible target functions were found. (CFunctionPointerResolver.getTargets, WARNING)

line 7120: Function pointer *(ops->free) with type void (*)(struct device *, size_t , void *, dma_addr_t , struct dma_attrs *) is called, but no possible target functions were found. (CFunctionPointerResolver.getTargets, WARNING)

line 6970: Function pointer *(ops->map_page) with type dma_addr_t (*)(struct device *, struct page *, unsigned long, size_t , enum dma_data_direction , struct dma_attrs *) is called, but no possible target functions were found. (CFunctionPointerResolver.getTargets, WARNING)

line 6896: Function pointer *(ops->map_page) with type dma_addr_t (*)(struct device *, struct page *, unsigned long, size_t , enum dma_data_direction , struct dma_attrs *) is called, but no possible target functions were found. (CFunctionPointerResolver.getTargets, WARNING)

line 7003: Function pointer *(ops->unmap_page) with type void (*)(struct device *, dma_addr_t , size_t , enum dma_data_direction , struct dma_attrs *) is called, but no possible target functions were found. (CFunctionPointerResolver.getTargets, WARNING)

line 6933: Function pointer *(ops->unmap_page) with type void (*)(struct device *, dma_addr_t , size_t , enum dma_data_direction , struct dma_attrs *) is called, but no possible target functions were found. (CFunctionPointerResolver.getTargets, WARNING)

line 13902: Function pointer *arg0 with type int (*)(struct pci_dev *) is called, but no possible target functions were found. (CFunctionPointerResolver.getTargets, WARNING)

line 13911: Function pointer *arg0 with type int (*)(struct pci_dev *) is called, but no possible target functions were found. (CFunctionPointerResolver.getTargets, WARNING)

line 13931: Function pointer *arg0 with type int (*)(struct pci_dev *, struct pm_message ) is called, but no possible target functions were found. (CFunctionPointerResolver.getTargets, WARNING)

line 13942: Function pointer *arg0 with type int (*)(struct pci_dev *, struct pm_message ) is called, but no possible target functions were found. (CFunctionPointerResolver.getTargets, WARNING)

Using unsound approximation of ints with unbounded integers and floats with unbounded integers for encoding program semantics. (PredicateCPA:FormulaManagerView.<init>, WARNING)

Using predicate analysis with Princess 2023-04-07. (PredicateCPA:PredicateCPA.<init>, INFO)

Using unsound approximation of ints with unbounded integers and floats with unbounded integers for encoding program semantics. (AssumptionStorageCPA:FormulaManagerView.<init>, WARNING)

The following configuration options were specified but are not used:
 proveroptions.option 
 (CPAchecker.printConfigurationWarnings, WARNING)

Starting analysis ... (CPAchecker.runAlgorithm, INFO)

line 14541: Ignoring call via function pointer ldv_timer_instance_callback_4_2::arg0 for which no suitable target was found in line: (*arg0)(arg1); (TargetLocationProvider:FunctionPointerCPA:FunctionPointerTransferRelation.getAbstractSuccessorsForEdge, WARNING)

line 13931: Ignoring call via function pointer ldv_pci_instance_suspend_3_8::arg0 for which no suitable target was found in line: tmp = (*arg0)(arg1, arg2); (TargetLocationProvider:FunctionPointerCPA:FunctionPointerTransferRelation.getAbstractSuccessorsForEdge, WARNING)

line 13942: Ignoring call via function pointer ldv_pci_instance_suspend_late_3_7::arg0 for which no suitable target was found in line: tmp = (*arg0)(arg1, arg2); (TargetLocationProvider:FunctionPointerCPA:FunctionPointerTransferRelation.getAbstractSuccessorsForEdge, WARNING)

line 13911: Ignoring call via function pointer ldv_pci_instance_resume_early_3_6::arg0 for which no suitable target was found in line: (*arg0)(arg1); (TargetLocationProvider:FunctionPointerCPA:FunctionPointerTransferRelation.getAbstractSuccessorsForEdge, WARNING)

line 13902: Ignoring call via function pointer ldv_pci_instance_resume_3_5::arg0 for which no suitable target was found in line: (*arg0)(arg1); (TargetLocationProvider:FunctionPointerCPA:FunctionPointerTransferRelation.getAbstractSuccessorsForEdge, WARNING)

line 13920: Ignoring call via function pointer ldv_pci_instance_shutdown_3_3::arg0 for which no suitable target was found in line: (*arg0)(arg1); (TargetLocationProvider:FunctionPointerCPA:FunctionPointerTransferRelation.getAbstractSuccessorsForEdge, WARNING)

Recursion detected, aborting. To ignore recursion, add -skipRecursion to the command line. (TargetLocationProvider:CallstackCPA:CallstackTransferRelation.getAbstractSuccessorsForEdge, INFO)

Recursion detected. Defaulting to selecting all locations as potential target locations. (TargetLocationProvider:TargetLocationProviderImpl.tryGetAutomatonTargetLocations, INFO)

Creating formula for program (AbstractBMCAlgorithm.run, INFO)

Exception in thread "main" org.sosy_lab.java_smt.basicimpl.GeneratorException: Modular Congruence is not available in SMTLIB2. 
	at org.sosy_lab.java_smt.basicimpl.AbstractNumeralFormulaManager.modularCongruence(AbstractNumeralFormulaManager.java:361)
	at org.sosy_lab.java_smt.solvers.princess.PrincessIntegerFormulaManager.modularCongruence(PrincessIntegerFormulaManager.java:22)
	at org.sosy_lab.cpachecker.util.predicates.smt.IntegerFormulaManagerView.modularCongruence(IntegerFormulaManagerView.java:35)
	at org.sosy_lab.cpachecker.util.predicates.smt.FormulaManagerView.makeModularCongruence(FormulaManagerView.java:688)
	at org.sosy_lab.cpachecker.util.predicates.smt.FormulaManagerView.makeModularCongruence(FormulaManagerView.java:670)
	at org.sosy_lab.cpachecker.util.predicates.pathformula.pointeraliasing.PointerTargetSetManager.makeBaseAddressConstraints(PointerTargetSetManager.java:653)
	at org.sosy_lab.cpachecker.util.predicates.pathformula.pointeraliasing.PointerTargetSetBuilder$RealPointerTargetSetBuilder.addNextBaseAddressConstraints(PointerTargetSetBuilder.java:286)
	at org.sosy_lab.cpachecker.util.predicates.pathformula.pointeraliasing.CToFormulaConverterWithPointerAliasing.declareSharedBase(CToFormulaConverterWithPointerAliasing.java:437)
	at org.sosy_lab.cpachecker.util.predicates.pathformula.pointeraliasing.CToFormulaConverterWithPointerAliasing.makeDeclaration(CToFormulaConverterWithPointerAliasing.java:1001)
	at org.sosy_lab.cpachecker.util.predicates.pathformula.ctoformula.CtoFormulaConverter.createFormulaForEdge(CtoFormulaConverter.java:1231)
	at org.sosy_lab.cpachecker.util.predicates.pathformula.ctoformula.CtoFormulaConverter.makeAnd(CtoFormulaConverter.java:1049)
	at org.sosy_lab.cpachecker.util.predicates.pathformula.PathFormulaManagerImpl.makeAnd(PathFormulaManagerImpl.java:246)
	at org.sosy_lab.cpachecker.util.predicates.pathformula.PathFormulaManagerImpl.makeAnd(PathFormulaManagerImpl.java:300)
	at org.sosy_lab.cpachecker.cpa.predicate.PredicateTransferRelation.convertEdgeToPathFormula(PredicateTransferRelation.java:203)
	at org.sosy_lab.cpachecker.cpa.predicate.PredicateTransferRelation.getAbstractSuccessorsForEdge(PredicateTransferRelation.java:113)
	at org.sosy_lab.cpachecker.cpa.composite.CompositeTransferRelation.callTransferRelation(CompositeTransferRelation.java:297)
	at org.sosy_lab.cpachecker.cpa.composite.CompositeTransferRelation.getAbstractSuccessorForSimpleEdge(CompositeTransferRelation.java:264)
	at org.sosy_lab.cpachecker.cpa.composite.CompositeTransferRelation.getAbstractSuccessorForEdge(CompositeTransferRelation.java:196)
	at org.sosy_lab.cpachecker.cpa.composite.CompositeTransferRelation.getAbstractSuccessors(CompositeTransferRelation.java:88)
	at org.sosy_lab.cpachecker.cpa.arg.ARGTransferRelation.getAbstractSuccessors(ARGTransferRelation.java:45)
	at org.sosy_lab.cpachecker.core.algorithm.CPAAlgorithm.handleState(CPAAlgorithm.java:334)
	at org.sosy_lab.cpachecker.core.algorithm.CPAAlgorithm.run0(CPAAlgorithm.java:289)
	at org.sosy_lab.cpachecker.core.algorithm.CPAAlgorithm.run(CPAAlgorithm.java:260)
	at org.sosy_lab.cpachecker.core.algorithm.bmc.BMCHelper.unroll(BMCHelper.java:192)
	at org.sosy_lab.cpachecker.core.algorithm.bmc.AbstractBMCAlgorithm.run(AbstractBMCAlgorithm.java:427)
	at org.sosy_lab.cpachecker.core.algorithm.bmc.BMCAlgorithm.run(BMCAlgorithm.java:130)
	at org.sosy_lab.cpachecker.core.CPAchecker.runAlgorithm(CPAchecker.java:507)
	at org.sosy_lab.cpachecker.core.CPAchecker.run(CPAchecker.java:369)
	at org.sosy_lab.cpachecker.cmdline.CPAMain.main(CPAMain.java:170)
